Note: Starting true gmin stepping
Trying gmin =   1.0000E-03 Note: One successful gmin step
Trying gmin =   1.0000E-04 Note: One successful gmin step
Trying gmin =   1.0000E-05 Note: One successful gmin step
Trying gmin =   1.0000E-06 Note: One successful gmin step
Trying gmin =   1.0000E-07 Warning: Further gmin increment
Trying gmin =   5.6234E-07 Note: One successful gmin step
Trying gmin =   2.3714E-07 Note: One successful gmin step
Trying gmin =   6.4938E-08 Note: One successful gmin step
Trying gmin =   3.3982E-08 Warning: Further gmin increment
Trying gmin =   5.5232E-08 Note: One successful gmin step
Trying gmin =   4.3323E-08 Note: One successful gmin step
Trying gmin =   3.0096E-08 Warning: Further gmin increment
Trying gmin =   3.9552E-08 Warning: Further gmin increment
Trying gmin =   4.2348E-08 Note: One successful gmin step
Trying gmin =   4.0926E-08 Note: One successful gmin step
Trying gmin =   3.9552E-08 Note: One successful gmin step
Trying gmin =   3.7577E-08 Note: One successful gmin step
Trying gmin =   3.4798E-08 Note: One successful gmin step
Trying gmin =   3.1009E-08 Note: One successful gmin step
Trying gmin =   2.6086E-08 Note: One successful gmin step
Trying gmin =   2.0127E-08 Warning: Further gmin increment
Trying gmin =   2.4448E-08 Warning: Further gmin increment
Trying gmin =   2.5667E-08 Warning: Further gmin increment
Trying gmin =   2.5981E-08 Note: One successful gmin step
Trying gmin =   2.5823E-08 Note: One successful gmin step
Trying gmin =   2.5589E-08 Warning: Further gmin increment
Trying gmin =   2.5764E-08 Note: One successful gmin step
Trying gmin =   2.5676E-08 Warning: Further gmin increment
Trying gmin =   2.5742E-08 Note: One successful gmin step
Trying gmin =   2.5709E-08 Warning: Further gmin increment
Trying gmin =   2.5734E-08 Note: One successful gmin step
Trying gmin =   2.5722E-08 Note: One successful gmin step
Trying gmin =   2.5703E-08 Warning: Further gmin increment
Trying gmin =   2.5717E-08 Note: One successful gmin step
Trying gmin =   2.5710E-08 Warning: Further gmin increment
Trying gmin =   2.5715E-08 Warning: Further gmin increment
Trying gmin =   2.5717E-08 Note: One successful gmin step
Trying gmin =   2.5716E-08 Warning: Last gmin step failed
Warning: True gmin stepping failed
Note: Starting dynamic gmin stepping
Trying gmin =   1.0000E-03 Note: One successful gmin step
Trying gmin =   1.0000E-04 Note: One successful gmin step
Trying gmin =   1.0000E-05 Note: One successful gmin step
Trying gmin =   1.0000E-06 Note: One successful gmin step
Trying gmin =   3.1623E-07 Warning: Further gmin increment
Trying gmin =   7.4989E-07 Warning: Further gmin increment
Trying gmin =   9.3057E-07 Note: One successful gmin step
Trying gmin =   8.3536E-07 Note: One successful gmin step
Trying gmin =   7.1050E-07 Warning: Further gmin increment
Trying gmin =   8.0223E-07 Warning: Further gmin increment
Trying gmin =   8.2695E-07 Note: One successful gmin step
Trying gmin =   8.1450E-07 Warning: Further gmin increment
Trying gmin =   8.2382E-07 Note: One successful gmin step
Trying gmin =   8.1914E-07 Warning: Further gmin increment
Trying gmin =   8.2265E-07 Note: One successful gmin step
Trying gmin =   8.2089E-07 Note: One successful gmin step
Trying gmin =   8.1827E-07 Note: One successful gmin step
Trying gmin =   8.1435E-07 Note: One successful gmin step
Trying gmin =   8.0851E-07 Note: One successful gmin step
Trying gmin =   7.9982E-07 Note: One successful gmin step
Trying gmin =   7.8696E-07 Note: One successful gmin step
Trying gmin =   7.6805E-07 Note: One successful gmin step
Trying gmin =   7.4055E-07 Note: One successful gmin step
Trying gmin =   7.0113E-07 Note: One successful gmin step
Trying gmin =   6.4589E-07 Note: One successful gmin step
Trying gmin =   5.7109E-07 Note: One successful gmin step
Trying gmin =   4.7482E-07 Note: One successful gmin step
Trying gmin =   3.5996E-07 Note: One successful gmin step
Trying gmin =   2.3760E-07 Note: One successful gmin step
Trying gmin =   1.2742E-07 Note: One successful gmin step
Trying gmin =   5.0041E-08 Note: One successful gmin step
Trying gmin =   1.2315E-08 Note: One successful gmin step
Trying gmin =   1.5036E-09 Note: One successful gmin step
Trying gmin =   1.5036E-10 Note: One successful gmin step
Trying gmin =   1.5036E-11 Note: One successful gmin step
Trying gmin =   1.5036E-12 Note: One successful gmin step
Trying gmin =   1.0000E-12 Note: One successful gmin step
Note: Dynamic gmin stepping completed
 Reference value :  0.00000e+00
No compatibility mode selected!


Circuit: * ldo netlist 

Doing analysis at TEMP = 0.000000 and TNOM = 27.000000


No. of Data Rows : 1
bg_out = 1.094075e+00
inn = 1.172524e+00
inp = 1.172502e+00
l1#branch = 0.000000e+00
ldo_out = 1.798201e+00
m.xm1.msky130_fd_pr__nfet_g5v0d10v5#body = 1.717332e-11
m.xm1.msky130_fd_pr__nfet_g5v0d10v5#dbody = 3.637052e-11
m.xm1.msky130_fd_pr__nfet_g5v0d10v5#sbody = 1.514945e-11
m.xm2.msky130_fd_pr__pfet_g5v0d10v5#body = 2.300000e+00
m.xm2.msky130_fd_pr__pfet_g5v0d10v5#dbody = 2.300000e+00
m.xm2.msky130_fd_pr__pfet_g5v0d10v5#sbody = 2.300000e+00
m.xm3.msky130_fd_pr__pfet_g5v0d10v5#body = 2.300000e+00
m.xm3.msky130_fd_pr__pfet_g5v0d10v5#dbody = 2.300000e+00
m.xm3.msky130_fd_pr__pfet_g5v0d10v5#sbody = 2.300000e+00
m.xm4.msky130_fd_pr__pfet_g5v0d10v5#body = 2.300000e+00
m.xm4.msky130_fd_pr__pfet_g5v0d10v5#dbody = 2.300000e+00
m.xm4.msky130_fd_pr__pfet_g5v0d10v5#sbody = 2.300000e+00
m.xm5.msky130_fd_pr__pfet_g5v0d10v5#body = 2.300000e+00
m.xm5.msky130_fd_pr__pfet_g5v0d10v5#dbody = 2.300000e+00
m.xm5.msky130_fd_pr__pfet_g5v0d10v5#sbody = 2.300000e+00
m.xm6.msky130_fd_pr__nfet_g5v0d10v5#body = 1.157405e-11
m.xm6.msky130_fd_pr__nfet_g5v0d10v5#dbody = 2.893513e-11
m.xm6.msky130_fd_pr__nfet_g5v0d10v5#sbody = 5.787031e-12
m.xm7.msky130_fd_pr__pfet_g5v0d10v5#body = 2.300000e+00
m.xm7.msky130_fd_pr__pfet_g5v0d10v5#dbody = 2.300000e+00
m.xm7.msky130_fd_pr__pfet_g5v0d10v5#sbody = 2.300000e+00
m.xm8.msky130_fd_pr__pfet_g5v0d10v5#body = 2.300000e+00
m.xm8.msky130_fd_pr__pfet_g5v0d10v5#dbody = 2.300000e+00
m.xm8.msky130_fd_pr__pfet_g5v0d10v5#sbody = 2.300000e+00
m.xm9.msky130_fd_pr__nfet_g5v0d10v5#body = 1.741062e-11
m.xm9.msky130_fd_pr__nfet_g5v0d10v5#dbody = 3.865905e-11
m.xm9.msky130_fd_pr__nfet_g5v0d10v5#sbody = 1.357280e-11
m.xm10.msky130_fd_pr__nfet_g5v0d10v5#body = 1.716190e-11
m.xm10.msky130_fd_pr__nfet_g5v0d10v5#dbody = 3.803726e-11
m.xm10.msky130_fd_pr__nfet_g5v0d10v5#sbody = 1.344844e-11
m.xm11.msky130_fd_pr__pfet_g5v0d10v5#body = 2.300000e+00
m.xm11.msky130_fd_pr__pfet_g5v0d10v5#dbody = 2.300000e+00
m.xm11.msky130_fd_pr__pfet_g5v0d10v5#sbody = 2.300000e+00
m.xm12.msky130_fd_pr__pfet_g5v0d10v5#body = 2.300000e+00
m.xm12.msky130_fd_pr__pfet_g5v0d10v5#dbody = 2.300000e+00
m.xm12.msky130_fd_pr__pfet_g5v0d10v5#sbody = 2.300000e+00
m.xm13.msky130_fd_pr__nfet_g5v0d10v5#body = 2.433726e-12
m.xm13.msky130_fd_pr__nfet_g5v0d10v5#dbody = 6.084305e-12
m.xm13.msky130_fd_pr__nfet_g5v0d10v5#sbody = 1.216873e-12
m.xm14.msky130_fd_pr__pfet_g5v0d10v5#body = 2.300000e+00
m.xm14.msky130_fd_pr__pfet_g5v0d10v5#dbody = 2.300000e+00
m.xm14.msky130_fd_pr__pfet_g5v0d10v5#sbody = 2.300000e+00
m.xm15.msky130_fd_pr__nfet_g5v0d10v5#body = 4.352864e-16
m.xm15.msky130_fd_pr__nfet_g5v0d10v5#dbody = 1.088184e-15
m.xm15.msky130_fd_pr__nfet_g5v0d10v5#sbody = 2.176746e-16
m.xm16.msky130_fd_pr__nfet_g5v0d10v5#body = 4.340666e-11
m.xm16.msky130_fd_pr__nfet_g5v0d10v5#dbody = 7.920345e-11
m.xm16.msky130_fd_pr__nfet_g5v0d10v5#sbody = 5.101654e-11
m.xm17.msky130_fd_pr__pfet_g5v0d10v5#body = 2.300000e+00
m.xm17.msky130_fd_pr__pfet_g5v0d10v5#dbody = 2.300000e+00
m.xm17.msky130_fd_pr__pfet_g5v0d10v5#sbody = 2.300000e+00
m.xm18.msky130_fd_pr__nfet_g5v0d10v5#body = 1.912023e-11
m.xm18.msky130_fd_pr__nfet_g5v0d10v5#dbody = 4.775334e-11
m.xm18.msky130_fd_pr__nfet_g5v0d10v5#sbody = 9.560126e-12
m.xm19.msky130_fd_pr__nfet_g5v0d10v5#body = 1.721009e-11
m.xm19.msky130_fd_pr__nfet_g5v0d10v5#dbody = 3.646242e-11
m.xm19.msky130_fd_pr__nfet_g5v0d10v5#sbody = 1.516783e-11
m.xm20.msky130_fd_pr__nfet_g5v0d10v5#body = 1.161173e-11
m.xm20.msky130_fd_pr__nfet_g5v0d10v5#dbody = 2.902932e-11
m.xm20.msky130_fd_pr__nfet_g5v0d10v5#sbody = 5.805878e-12
m.xm22.msky130_fd_pr__nfet_g5v0d10v5#body = 3.281430e-12
m.xm22.msky130_fd_pr__nfet_g5v0d10v5#dbody = 8.203571e-12
m.xm22.msky130_fd_pr__nfet_g5v0d10v5#sbody = 1.640720e-12
m.xm24.msky130_fd_pr__pfet_g5v0d10v5#body = 2.300000e+00
m.xm24.msky130_fd_pr__pfet_g5v0d10v5#dbody = 2.300000e+00
m.xm24.msky130_fd_pr__pfet_g5v0d10v5#sbody = 2.300000e+00
m.xm26.msky130_fd_pr__pfet_g5v0d10v5#body = 2.300000e+00
m.xm26.msky130Note: Starting true gmin stepping
Trying gmin =   1.0000E-03 Note: One successful gmin step
Trying gmin =   1.0000E-04 Note: One successful gmin step
Trying gmin =   1.0000E-05 Note: One successful gmin step
Trying gmin =   1.0000E-06 Note: One successful gmin step
Trying gmin =   1.0000E-07 Warning: Further gmin increment
Trying gmin =   5.6234E-07 Note: One successful gmin step
Trying gmin =   2.3714E-07 Note: One successful gmin step
Trying gmin =   6.4938E-08 Note: One successful gmin step
Trying gmin =   3.3982E-08 Warning: Further gmin increment
Trying gmin =   5.5232E-08 Note: One successful gmin step
Trying gmin =   4.3323E-08 Note: One successful gmin step
Trying gmin =   3.0096E-08 Warning: Further gmin increment
Trying gmin =   3.9552E-08 Warning: Further gmin increment
Trying gmin =   4.2348E-08 Note: One successful gmin step
Trying gmin =   4.0926E-08 Note: One successful gmin step
Trying gmin =   3.9552E-08 Note: One successful gmin step
Trying gmin =   3.7577E-08 Note: One successful gmin step
Trying gmin =   3.4798E-08 Note: One successful gmin step
Trying gmin =   3.1009E-08 Note: One successful gmin step
Trying gmin =   2.6086E-08 Note: One successful gmin step
Trying gmin =   2.0127E-08 Warning: Further gmin increment
Trying gmin =   2.4448E-08 Warning: Further gmin increment
Trying gmin =   2.5667E-08 Warning: Further gmin increment
Trying gmin =   2.5981E-08 Note: One successful gmin step
Trying gmin =   2.5823E-08 Note: One successful gmin step
Trying gmin =   2.5589E-08 Warning: Further gmin increment
Trying gmin =   2.5764E-08 Note: One successful gmin step
Trying gmin =   2.5676E-08 Warning: Further gmin increment
Trying gmin =   2.5742E-08 Note: One successful gmin step
Trying gmin =   2.5709E-08 Warning: Further gmin increment
Trying gmin =   2.5734E-08 Note: One successful gmin step
Trying gmin =   2.5722E-08 Note: One successful gmin step
Trying gmin =   2.5703E-08 Warning: Further gmin increment
Trying gmin =   2.5717E-08 Note: One successful gmin step
Trying gmin =   2.5710E-08 Warning: Further gmin increment
Trying gmin =   2.5715E-08 Warning: Further gmin increment
Trying gmin =   2.5717E-08 Note: One successful gmin step
Trying gmin =   2.5716E-08 Warning: Last gmin step failed
Warning: True gmin stepping failed
Note: Starting dynamic gmin stepping
Trying gmin =   1.0000E-03 Note: One successful gmin step
Trying gmin =   1.0000E-04 Note: One successful gmin step
Trying gmin =   1.0000E-05 Note: One successful gmin step
Trying gmin =   1.0000E-06 Note: One successful gmin step
Trying gmin =   3.1623E-07 Warning: Further gmin increment
Trying gmin =   7.4989E-07 Warning: Further gmin increment
Trying gmin =   9.3057E-07 Note: One successful gmin step
Trying gmin =   8.3536E-07 Note: One successful gmin step
Trying gmin =   7.1050E-07 Warning: Further gmin increment
Trying gmin =   8.0223E-07 Warning: Further gmin increment
Trying gmin =   8.2695E-07 Note: One successful gmin step
Trying gmin =   8.1450E-07 Warning: Further gmin increment
Trying gmin =   8.2382E-07 Note: One successful gmin step
Trying gmin =   8.1914E-07 Warning: Further gmin increment
Trying gmin =   8.2265E-07 Note: One successful gmin step
Trying gmin =   8.2089E-07 Note: One successful gmin step
Trying gmin =   8.1827E-07 Note: One successful gmin step
Trying gmin =   8.1435E-07 Note: One successful gmin step
Trying gmin =   8.0851E-07 Note: One successful gmin step
Trying gmin =   7.9982E-07 Note: One successful gmin step
Trying gmin =   7.8696E-07 Note: One successful gmin step
Trying gmin =   7.6805E-07 Note: One successful gmin step
Trying gmin =   7.4055E-07 Note: One successful gmin step
Trying gmin =   7.0113E-07 Note: One successful gmin step
Trying gmin =   6.4589E-07 Note: One successful gmin step
Trying gmin =   5.7109E-07 Note: One successful gmin step
Trying gmin =   4.7482E-07 Note: One successful gmin step
Trying gmin =   3.5996E-07 Note: One successful gmin step
Trying gmin =   2.3760E-07 Note: One successful gmin step
Trying gmin =   1.2742E-07 Note: One successful gmin step
Trying gmin =   5.0041E-08 Note: One successful gmin step
Trying gmin =   1.2315E-08 Note: One successful gmin step
Trying gmin =   1.5036E-09 Note: One successful gmin step
Trying gmin =   1.5036E-10 Note: One successful gmin step
Trying gmin =   1.5036E-11 Note: One successful gmin step
Trying gmin =   1.5036E-12 Note: One successful gmin step
Trying gmin =   1.0000E-12 Note: One successful gmin step
Note: Dynamic gmin stepping completed
 Reference value :  1.00000e+00_fd_pr__pfet_g5v0d10v5#dbody = 2.300000e+00
m.xm26.msky130_fd_pr__pfet_g5v0d10v5#sbody = 2.300000e+00
mir = 1.111350e+00
net1 = 7.647564e-01
net2 = 3.480229e-05
net3 = 8.184893e-01
net4 = 2.625068e-01
net5 = 1.114291e+00
net6 = 9.259165e-01
net7 = 8.184666e-01
net8 = 1.178249e+00
net9 = 1.198147e+00
net10 = 1.946963e-01
net11 = 1.527728e+00
net12 = 1.527728e+00
net13 = 0.000000e+00
out = 1.527728e+00
pos = 1.094254e+00
q.xq2.qsky130_fd_pr__pnp_05v5_w0p68l0p68#collcx = 1.912897e-03
q.xq3.qsky130_fd_pr__pnp_05v5_w0p68l0p68#collcx = 2.401784e-04
q.xq4.qsky130_fd_pr__pnp_05v5_w0p68l0p68#collcx = 2.401784e-04
q.xq8.qsky130_fd_pr__pnp_05v5_w0p68l0p68#collcx = 2.401784e-04
q.xq10.qsky130_fd_pr__pnp_05v5_w0p68l0p68#collcx = 2.401784e-04
q.xq12.qsky130_fd_pr__pnp_05v5_w0p68l0p68#collcx = 2.401784e-04
q.xq14.qsky130_fd_pr__pnp_05v5_w0p68l0p68#collcx = 2.401784e-04
q.xq16.qsky130_fd_pr__pnp_05v5_w0p68l0p68#collcx = 2.401784e-04
q.xq18.qsky130_fd_pr__pnp_05v5_w0p68l0p68#collcx = 2.401784e-04
vb = 9.289367e-01
vdd = 2.300000e+00
vs#branch = -1.72485e-04
vt#branch = 0.000000e+00
xc1.a = 0.000000e+00
xc1.b1 = 0.000000e+00
xc3.a = 1.527728e+00
xc3.b1 = 1.527728e+00
xr1.xsky130_fd_pr__res_xhigh_po_0p69.ra = 8.236934e-01
xr2.xsky130_fd_pr__res_xhigh_po_0p69.ra = 8.237160e-01
xr3.xsky130_fd_pr__res_xhigh_po_0p69.ra = 3.795538e-03
xr4.xsky130_fd_pr__res_xhigh_po_0p69.ra = 7.663043e-01
xr5.xsky130_fd_pr__res_xhigh_po_0p69.ra = 3.795426e-03
xr6.xsky130_fd_pr__res_xhigh_po_0p69.ra = 5.557333e-03
xr7.xsky130_fd_pr__res_xhigh_po_0p69.ra = 1.527728e+00
xr8.xsky130_fd_pr__res_xhigh_po_0p69.ra = 1.102699e+00
xr9.xsky130_fd_pr__res_xhigh_po_0p69.ra = 8.718044e-03
Doing analysis at TEMP = 0.000000 and TNOM = 27.000000


No. of Data Rows : 91
Note: Starting true gmin stepping
Trying gmin =   1.0000E-03 Note: One successful gmin step
Trying gmin =   1.0000E-04 Note: One successful gmin step
Trying gmin =   1.0000E-05 Note: One successful gmin step
Trying gmin =   1.0000E-06 Note: One successful gmin step
Trying gmin =   1.0000E-07 Warning: Further gmin increment
Trying gmin =   5.6234E-07 Note: One successful gmin step
Trying gmin =   2.3714E-07 Note: One successful gmin step
Trying gmin =   6.4938E-08 Note: One successful gmin step
Trying gmin =   3.3982E-08 Warning: Further gmin increment
Trying gmin =   5.5232E-08 Note: One successful gmin step
Trying gmin =   4.3323E-08 Note: One successful gmin step
Trying gmin =   3.0096E-08 Warning: Further gmin increment
Trying gmin =   3.9552E-08 Warning: Further gmin increment
Trying gmin =   4.2348E-08 Note: One successful gmin step
Trying gmin =   4.0926E-08 Note: One successful gmin step
Trying gmin =   3.9552E-08 Note: One successful gmin step
Trying gmin =   3.7577E-08 Note: One successful gmin step
Trying gmin =   3.4798E-08 Note: One successful gmin step
Trying gmin =   3.1009E-08 Note: One successful gmin step
Trying gmin =   2.6086E-08 Note: One successful gmin step
Trying gmin =   2.0127E-08 Warning: Further gmin increment
Trying gmin =   2.4448E-08 Warning: Further gmin increment
Trying gmin =   2.5667E-08 Warning: Further gmin increment
Trying gmin =   2.5981E-08 Note: One successful gmin step
Trying gmin =   2.5823E-08 Note: One successful gmin step
Trying gmin =   2.5589E-08 Warning: Further gmin increment
Trying gmin =   2.5764E-08 Note: One successful gmin step
Trying gmin =   2.5676E-08 Warning: Further gmin increment
Trying gmin =   2.5742E-08 Note: One successful gmin step
Trying gmin =   2.5709E-08 Warning: Further gmin increment
Trying gmin =   2.5734E-08 Note: One successful gmin step
Trying gmin =   2.5722E-08 Note: One successful gmin step
Trying gmin =   2.5703E-08 Warning: Further gmin increment
Trying gmin =   2.5717E-08 Note: One successful gmin step
Trying gmin =   2.5710E-08 Warning: Further gmin increment
Trying gmin =   2.5715E-08 Warning: Further gmin increment
Trying gmin =   2.5717E-08 Note: One successful gmin step
Trying gmin =   2.5716E-08 Warning: Last gmin step failed
Warning: True gmin stepping failed
Note: Starting dynamic gmin stepping
Trying gmin =   1.0000E-03 Note: One successful gmin step
Trying gmin =   1.0000E-04 Note: One successful gmin step
Trying gmin =   1.0000E-05 Note: One successful gmin step
Trying gmin =   1.0000E-06 Note: One successful gmin step
Trying gmin =   3.1623E-07 Warning: Further gmin increment
Trying gmin =   7.4989E-07 Warning: Further gmin increment
Trying gmin =   9.3057E-07 Note: One successful gmin step
Trying gmin =   8.3536E-07 Note: One successful gmin step
Trying gmin =   7.1050E-07 Warning: Further gmin increment
Trying gmin =   8.0223E-07 Warning: Further gmin increment
Trying gmin =   8.2695E-07 Note: One successful gmin step
Trying gmin =   8.1450E-07 Warning: Further gmin increment
Trying gmin =   8.2382E-07 Note: One successful gmin step
Trying gmin =   8.1914E-07 Warning: Further gmin increment
Trying gmin =   8.2265E-07 Note: One successful gmin step
Trying gmin =   8.2089E-07 Note: One successful gmin step
Trying gmin =   8.1827E-07 Note: One successful gmin step
Trying gmin =   8.1435E-07 Note: One successful gmin step
Trying gmin =   8.0851E-07 Note: One successful gmin step
Trying gmin =   7.9982E-07 Note: One successful gmin step
Trying gmin =   7.8696E-07 Note: One successful gmin step
Trying gmin =   7.6805E-07 Note: One successful gmin step
Trying gmin =   7.4055E-07 Note: One successful gmin step
Trying gmin =   7.0113E-07 Note: One successful gmin step
Trying gmin =   6.4589E-07 Note: One successful gmin step
Trying gmin =   5.7109E-07 Note: One successful gmin step
Trying gmin =   4.7482E-07 Note: One successful gmin step
Trying gmin =   3.5996E-07 Note: One successful gmin step
Trying gmin =   2.3760E-07 Note: One successful gmin step
Trying gmin =   1.2742E-07 Note: One successful gmin step
Trying gmin =   5.0041E-08 Note: One successful gmin step
Trying gmin =   1.2315E-08 Note: One successful gmin step
Trying gmin =   1.5036E-09 Note: One successful gmin step
Trying gmin =   1.5036E-10 Note: One successful gmin step
Trying gmin =   1.5036E-11 Note: One successful gmin step
Trying gmin =   1.5036E-12 Note: One successful gmin step
Trying gmin =   1.0000E-12 Note: One successful gmin step
Note: Dynamic gmin stepping completed
 Reference value :  1.00000e+00Note: Starting true gmin stepping
Trying gmin =   1.0000E-03 Note: One successful gmin step
Trying gmin =   1.0000E-04 Note: One successful gmin step
Trying gmin =   1.0000E-05 Note: One successful gmin step
Trying gmin =   1.0000E-06 Note: One successful gmin step
Trying gmin =   1.0000E-07 Note: One successful gmin step
Trying gmin =   1.0000E-08 Warning: Further gmin increment
Trying gmin =   5.6234E-08 Warning: Further gmin increment
Trying gmin =   8.6596E-08 Note: One successful gmin step
Trying gmin =   6.9783E-08 Note: One successful gmin step
Trying gmin =   5.0481E-08 Warning: Further gmin increment
Trying gmin =   6.4357E-08 Warning: Further gmin increment
Trying gmin =   6.8385E-08 Note: One successful gmin step
Trying gmin =   6.6340E-08 Warning: Further gmin increment
Trying gmin =   6.7868E-08 Warning: Further gmin increment
Trying gmin =   6.8255E-08 Warning: Further gmin increment
Trying gmin =   6.8353E-08 Note: One successful gmin step
Trying gmin =   6.8304E-08 Note: One successful gmin step
Trying gmin =   6.8231E-08 Warning: Further gmin increment
Trying gmin =   6.8286E-08 Warning: Further gmin increment
Trying gmin =   6.8299E-08 Note: One successful gmin step
Trying gmin =   6.8293E-08 Note: One successful gmin step
Trying gmin =   6.8282E-08 Warning: Further gmin increment
Trying gmin =   6.8290E-08 Note: One successful gmin step
Trying gmin =   6.8286E-08 Warning: Further gmin increment
Trying gmin =   6.8289E-08 Note: One successful gmin step
Trying gmin =   6.8288E-08 Warning: Last gmin step failed
Warning: True gmin stepping failed
Note: Starting dynamic gmin stepping
Trying gmin =   1.0000E-03 Note: One successful gmin step
Trying gmin =   1.0000E-04 Note: One successful gmin step
Trying gmin =   1.0000E-05 Note: One successful gmin step
Trying gmin =   1.0000E-06 Warning: Further gmin increment
Trying gmin =   5.6234E-06 Warning: Further gmin increment
Trying gmin =   8.6596E-06 Warning: Further gmin increment
Trying gmin =   9.6466E-06 Note: One successful gmin step
Trying gmin =   9.1398E-06 Note: One successful gmin step
Trying gmin =   8.4291E-06 Warning: Further gmin increment
Trying gmin =   8.9567E-06 Note: One successful gmin step
Trying gmin =   8.6889E-06 Note: One successful gmin step
Trying gmin =   8.3021E-06 Note: One successful gmin step
Trying gmin =   7.7540E-06 Note: One successful gmin step
Trying gmin =   6.9989E-06 Warning: Further gmin increment
Trying gmin =   7.5579E-06 Note: One successful gmin step
Trying gmin =   7.2731E-06 Note: One successful gmin step
Trying gmin =   6.8658E-06 Note: One successful gmin step
Trying gmin =   6.2972E-06 Note: One successful gmin step
Trying gmin =   5.5314E-06 Note: One successful gmin step
Trying gmin =   4.5537E-06 Note: One successful gmin step
Trying gmin =   3.4014E-06 Note: One successful gmin step
Trying gmin =   2.1958E-06 Note: One successful gmin step
Trying gmin =   1.1390E-06 Note: One successful gmin step
Trying gmin =   4.2548E-07 Note: One successful gmin step
Trying gmin =   9.7148E-08 Warning: Further gmin increment
Trying gmin =   2.9412E-07 Warning: Further gmin increment
Trying gmin =   3.8796E-07 Note: One successful gmin step
Trying gmin =   3.3780E-07 Note: One successful gmin step
Trying gmin =   2.7444E-07 Warning: Further gmin increment
Trying gmin =   3.2070E-07 Note: One successful gmin step
Trying gmin =   2.9667E-07 Warning: Further gmin increment
Trying gmin =   3.1452E-07 Warning: Further gmin increment
Trying gmin =   3.1915E-07 Note: One successful gmin step
Trying gmin =   3.1682E-07 Note: One successful gmin step
Trying gmin =   3.1337E-07 Warning: Further gmin increment
Trying gmin =   3.1596E-07 Note: One successful gmin step
Trying gmin =   3.1466E-07 Warning: Further gmin increment
Trying gmin =   3.1563E-07 Note: One successful gmin step
Trying gmin =   3.1515E-07 Warning: Further gmin increment
Trying gmin =   3.1551E-07 Note: One successful gmin step
Trying gmin =   3.1533E-07 Warning: Further gmin increment
Trying gmin =   3.1547E-07 Note: One successful gmin step
Trying gmin =   3.1540E-07 Note: One successful gmin step
Trying gmin =   3.1530E-07 Warning: Further gmin increment
Trying gmin =   3.1537E-07 Warning: Further gmin increment
Trying gmin =   3.1539E-07 Warning: Last gmin step failed
Warning: Dynamic gmin stepping failed
Note: Starting source stepping
Supplies reduced to   0.0000% Note: One successful source step
Supplies reduced to   0.1000% Note: One successful source step
Supplies reduced to   0.2000% Note: One successful source step
Supplies reduced to   0.3500% Note: One successful source step
Supplies reduced to   0.5750% Note: One successful source step
Supplies reduced to   0.9125% Note: One successful source step
Supplies reduced to   1.4188% Note: One successful source step
Supplies reduced to   2.1781% Note: One successful source step
Supplies reduced to   3.3172% Note: One successful source step
Supplies reduced to   5.0258% Note: One successful source step
Supplies reduced to   7.5887% Note: One successful source step
Supplies reduced to  11.4330% Note: One successful source step
Supplies reduced to  17.1995% Note: One successful source step
Supplies reduced to  25.8493% Note: One successful source step
Supplies reduced to  38.8239% Supplies reduced to  25.8493% Note: One successful source step
Supplies reduced to  26.4980% Note: One successful source step
Supplies reduced to  27.4711% Note: One successful source step
Supplies reduced to  28.9307% Note: One successful source step
Supplies reduced to  30.3904% Note: One successful source step
Supplies reduced to  32.5799% Note: One successful source step
Supplies reduced to  35.8641% Note: One successful source step
Supplies reduced to  40.7904% Note: One successful source step
Supplies reduced to  48.1798% Note: One successful source step
Supplies reduced to  59.2640% Note: One successful source step
Supplies reduced to  75.8903% Supplies reduced to  59.2640% Note: One successful source step
Supplies reduced to  60.2640% Note: One successful source step
Supplies reduced to  61.7640% Note: One successful source step
Supplies reduced to  64.0140% Note: One successful source step
Supplies reduced to  67.3890% Note: One successful source step
Supplies reduced to  72.4515% Note: One successful source step
Supplies reduced to  80.0453% Supplies reduced to  72.4515% Note: One successful source step
Supplies reduced to  73.4515% Note: One successful source step
Supplies reduced to  74.9515% Supplies reduced to  73.4515% Note: One successful source step
Supplies reduced to  73.6765% Note: One successful source step
Supplies reduced to  74.0140% Note: One successful source step
Supplies reduced to  74.5203% Note: One successful source step
Supplies reduced to  75.2796% Supplies reduced to  74.5203% Note: One successful source step
Supplies reduced to  74.6342% Note: One successful source step
Supplies reduced to  74.8050% Note: One successful source step
Supplies reduced to  75.0613% Supplies reduced to  74.8050% Note: One successful source step
Supplies reduced to  74.8435% Supplies reduced to  74.8050% Note: One successful source step
Supplies reduced to  74.8108% Supplies reduced to  74.8050% Note: One successful source step
Supplies reduced to  74.8059% Note: One successful source step
Supplies reduced to  74.8072% Supplies reduced to  74.8059% Note: One successful source step
Supplies reduced to  74.8061% Note: One successful source step
Supplies reduced to  74.8064% Supplies reduced to  74.8061% Note: One successful source step
Supplies reduced to  74.8061% Note: One successful source step
Supplies reduced to  74.8062% Note: One successful source step
Supplies reduced to  74.8063% Supplies reduced to  74.8062% Note: One successful source step
Supplies reduced to  74.8062% Note: One successful source step
Supplies reduced to  74.8062% Note: One successful source step
Supplies reduced to  74.8063% Note: One successful source step
Supplies reduced to  74.8063% Warning: source stepping failed
doAnalyses: Too many iterations without convergence

dc simulation(s) aborted
Error(parse.c--checkvalid): vldo_sup_2_8: zero length vector.
Error: RHS "abs((vldo_sup_2_8-vldo_sup_2)/0.8)" invalid
Error(parse.c--checkvalid): line_reg: zero length vector.
Error(parse.c--checkvalid): vin: zero length vector.
Error: RHS "vin-1.764" invalid
Error(parse.c--checkvalid): dropout: zero length vector.
Error: no such vector dropout
Note: No ".plot", ".print", or ".fourier" lines; no simulations run
pm                  =  6.649831e+01
Doing analysis at TEMP = 0.000000 and TNOM = 27.000000


No. of Data Rows : 91
psrr100             =  -5.667331e+01
psrr100k            =  -2.772208e+01
Doing analysis at TEMP = 0.000000 and TNOM = 27.000000


No. of Data Rows : 86
temp_coeff = 3.016608e+01
Doing analysis at TEMP = 0.000000 and TNOM = 27.000000


Error: measure  vldo_sup_2  (AT) : out of interval
 meas dc vldo_sup_2 find ldo_out at=2 failed!


Error: measure  vldo_sup_2_8  (AT) : out of interval
 meas dc vldo_sup_2_8 find ldo_out at=2.8 failed!


Error: measure  vin  (WHEN) : out of interval
 meas dc vin when v(ldo_out)=1.764 failed!

