Note: Starting true gmin stepping
Trying gmin =   1.0000E-03 Note: One successful gmin step
Trying gmin =   1.0000E-04 Note: One successful gmin step
Trying gmin =   1.0000E-05 Note: One successful gmin step
Trying gmin =   1.0000E-06 Note: One successful gmin step
Trying gmin =   1.0000E-07 Note: One successful gmin step
Trying gmin =   1.0000E-08 Error: -4.81829e+163, 2 out of range for ^
Warning: Further gmin increment
Trying gmin =   5.6234E-08 Warning: Further gmin increment
Trying gmin =   8.6596E-08 Warning: Further gmin increment
Trying gmin =   9.6466E-08 Note: One successful gmin step
Trying gmin =   9.1398E-08 Note: One successful gmin step
Trying gmin =   8.8965E-08 Note: One successful gmin step
Trying gmin =   8.5436E-08 Note: One successful gmin step
Trying gmin =   8.0403E-08 Note: One successful gmin step
Trying gmin =   7.3404E-08 Note: One successful gmin step
Trying gmin =   6.4032E-08 Note: One successful gmin step
Trying gmin =   5.2168E-08 Warning: Further gmin increment
Trying gmin =   6.0834E-08 Note: One successful gmin step
Trying gmin =   5.6335E-08 Warning: Further gmin increment
Trying gmin =   5.9677E-08 Note: One successful gmin step
Trying gmin =   5.7982E-08 Warning: Further gmin increment
Trying gmin =   5.9249E-08 Note: One successful gmin step
Trying gmin =   5.8612E-08 Note: One successful gmin step
Trying gmin =   5.7669E-08 Warning: Further gmin increment
Trying gmin =   5.8375E-08 Note: One successful gmin step
Trying gmin =   5.8021E-08 Warning: Further gmin increment
Trying gmin =   5.8286E-08 Note: One successful gmin step
Trying gmin =   5.8153E-08 Note: One successful gmin step
Trying gmin =   5.7955E-08 Warning: Further gmin increment
Trying gmin =   5.8104E-08 Note: One successful gmin step
Trying gmin =   5.8029E-08 Warning: Further gmin increment
Trying gmin =   5.8085E-08 Warning: Further gmin increment
Trying gmin =   5.8099E-08 Warning: Further gmin increment
Trying gmin =   5.8103E-08 Warning: Last gmin step failed
Warning: True gmin stepping failed
Note: Starting dynamic gmin stepping
Trying gmin =   1.0000E-03 Note: One successful gmin step
Trying gmin =   1.0000E-04 Note: One successful gmin step
Trying gmin =   1.0000E-05 Note: One successful gmin step
Trying gmin =   1.0000E-06 Warning: Further gmin increment
Trying gmin =   5.6234E-06 Note: One successful gmin step
Trying gmin =   3.1623E-06 Note: One successful gmin step
Trying gmin =   1.3335E-06 Note: One successful gmin step
Trying gmin =   3.6517E-07 Warning: Further gmin increment
Trying gmin =   9.6466E-07 Warning: Further gmin increment
Trying gmin =   1.2298E-06 Note: One successful gmin step
Trying gmin =   1.0892E-06 Note: One successful gmin step
Trying gmin =   9.0784E-07 Warning: Further gmin increment
Trying gmin =   1.0407E-06 Note: One successful gmin step
Trying gmin =   9.7201E-07 Warning: Further gmin increment
Trying gmin =   1.0231E-06 Note: One successful gmin step
Trying gmin =   9.9723E-07 Warning: Further gmin increment
Trying gmin =   1.0166E-06 Note: One successful gmin step
Trying gmin =   1.0069E-06 Warning: Further gmin increment
Trying gmin =   1.0141E-06 Note: One successful gmin step
Trying gmin =   1.0105E-06 Warning: Further gmin increment
Trying gmin =   1.0132E-06 Note: One successful gmin step
Trying gmin =   1.0119E-06 Note: One successful gmin step
Trying gmin =   1.0098E-06 Note: One successful gmin step
Trying gmin =   1.0067E-06 Note: One successful gmin step
Trying gmin =   1.0022E-06 Note: One successful gmin step
Trying gmin =   9.9533E-07 Note: One successful gmin step
Trying gmin =   9.8517E-07 Note: One successful gmin step
Trying gmin =   9.7013E-07 Note: One successful gmin step
Trying gmin =   9.4800E-07 Note: One successful gmin step
Trying gmin =   9.1575E-07 Note: One successful gmin step
Trying gmin =   8.6941E-07 Note: One successful gmin step
Trying gmin =   8.0426E-07 Note: One successful gmin step
Trying gmin =   7.1558E-07 Note: One successful gmin step
Trying gmin =   6.0055E-07 Note: One successful gmin step
Trying gmin =   4.6173E-07 Note: One successful gmin step
Trying gmin =   3.1127E-07 Note: One successful gmin step
Trying gmin =   1.7229E-07 Note: One successful gmin step
Trying gmin =   7.0953E-08 Note: One successful gmin step
Trying gmin =   1.8751E-08 Note: One successful gmin step
Trying gmin =   2.5473E-09 Note: One successful gmin step
Trying gmin =   2.5473E-10 Note: One successful gmin step
Trying gmin =   2.5473E-11 Note: One successful gmin step
Trying gmin =   2.5473E-12 Note: One successful gmin step
Trying gmin =   1.0000E-12 Note: One successful gmin step
Note: Dynamic gmin stepping completed
 Reference value :  0.00000e+00
No compatibility mode selected!


Circuit: * ldo netlist 

Doing analysis at TEMP = 0.000000 and TNOM = 27.000000


No. of Data Rows : 1
bg_out = 1.092858e+00
inn = 1.170494e+00
inp = 1.170483e+00
l1#branch = 0.000000e+00
ldo_out = 1.795680e+00
m.xm1.msky130_fd_pr__nfet_g5v0d10v5#body = 1.975712e-11
m.xm1.msky130_fd_pr__nfet_g5v0d10v5#dbody = 4.281127e-11
m.xm1.msky130_fd_pr__nfet_g5v0d10v5#sbody = 1.646009e-11
m.xm2.msky130_fd_pr__pfet_g5v0d10v5#body = 2.500000e+00
m.xm2.msky130_fd_pr__pfet_g5v0d10v5#dbody = 2.500000e+00
m.xm2.msky130_fd_pr__pfet_g5v0d10v5#sbody = 2.500000e+00
m.xm3.msky130_fd_pr__pfet_g5v0d10v5#body = 2.500000e+00
m.xm3.msky130_fd_pr__pfet_g5v0d10v5#dbody = 2.500000e+00
m.xm3.msky130_fd_pr__pfet_g5v0d10v5#sbody = 2.500000e+00
m.xm4.msky130_fd_pr__pfet_g5v0d10v5#body = 2.500000e+00
m.xm4.msky130_fd_pr__pfet_g5v0d10v5#dbody = 2.500000e+00
m.xm4.msky130_fd_pr__pfet_g5v0d10v5#sbody = 2.500000e+00
m.xm5.msky130_fd_pr__pfet_g5v0d10v5#body = 2.500000e+00
m.xm5.msky130_fd_pr__pfet_g5v0d10v5#dbody = 2.500000e+00
m.xm5.msky130_fd_pr__pfet_g5v0d10v5#sbody = 2.500000e+00
m.xm6.msky130_fd_pr__nfet_g5v0d10v5#body = 1.153165e-11
m.xm6.msky130_fd_pr__nfet_g5v0d10v5#dbody = 2.882913e-11
m.xm6.msky130_fd_pr__nfet_g5v0d10v5#sbody = 5.765832e-12
m.xm7.msky130_fd_pr__pfet_g5v0d10v5#body = 2.500000e+00
m.xm7.msky130_fd_pr__pfet_g5v0d10v5#dbody = 2.500000e+00
m.xm7.msky130_fd_pr__pfet_g5v0d10v5#sbody = 2.500000e+00
m.xm8.msky130_fd_pr__pfet_g5v0d10v5#body = 2.500000e+00
m.xm8.msky130_fd_pr__pfet_g5v0d10v5#dbody = 2.500000e+00
m.xm8.msky130_fd_pr__pfet_g5v0d10v5#sbody = 2.500000e+00
m.xm9.msky130_fd_pr__nfet_g5v0d10v5#body = 1.996720e-11
m.xm9.msky130_fd_pr__nfet_g5v0d10v5#dbody = 4.501705e-11
m.xm9.msky130_fd_pr__nfet_g5v0d10v5#sbody = 1.488447e-11
m.xm10.msky130_fd_pr__nfet_g5v0d10v5#body = 1.971219e-11
m.xm10.msky130_fd_pr__nfet_g5v0d10v5#dbody = 4.437957e-11
m.xm10.msky130_fd_pr__nfet_g5v0d10v5#sbody = 1.475697e-11
m.xm11.msky130_fd_pr__pfet_g5v0d10v5#body = 2.500000e+00
m.xm11.msky130_fd_pr__pfet_g5v0d10v5#dbody = 2.500000e+00
m.xm11.msky130_fd_pr__pfet_g5v0d10v5#sbody = 2.500000e+00
m.xm12.msky130_fd_pr__pfet_g5v0d10v5#body = 2.500000e+00
m.xm12.msky130_fd_pr__pfet_g5v0d10v5#dbody = 2.500000e+00
m.xm12.msky130_fd_pr__pfet_g5v0d10v5#sbody = 2.500000e+00
m.xm13.msky130_fd_pr__nfet_g5v0d10v5#body = 2.450418e-12
m.xm13.msky130_fd_pr__nfet_g5v0d10v5#dbody = 6.126034e-12
m.xm13.msky130_fd_pr__nfet_g5v0d10v5#sbody = 1.225218e-12
m.xm14.msky130_fd_pr__pfet_g5v0d10v5#body = 2.500000e+00
m.xm14.msky130_fd_pr__pfet_g5v0d10v5#dbody = 2.500000e+00
m.xm14.msky130_fd_pr__pfet_g5v0d10v5#sbody = 2.500000e+00
m.xm15.msky130_fd_pr__nfet_g5v0d10v5#body = 1.181043e-15
m.xm15.msky130_fd_pr__nfet_g5v0d10v5#dbody = 2.952521e-15
m.xm15.msky130_fd_pr__nfet_g5v0d10v5#sbody = 5.906063e-16
m.xm16.msky130_fd_pr__nfet_g5v0d10v5#body = 4.588130e-11
m.xm16.msky130_fd_pr__nfet_g5v0d10v5#dbody = 8.544077e-11
m.xm16.msky130_fd_pr__nfet_g5v0d10v5#sbody = 5.220312e-11
m.xm17.msky130_fd_pr__pfet_g5v0d10v5#body = 2.500000e+00
m.xm17.msky130_fd_pr__pfet_g5v0d10v5#dbody = 2.500000e+00
m.xm17.msky130_fd_pr__pfet_g5v0d10v5#sbody = 2.500000e+00
m.xm18.msky130_fd_pr__nfet_g5v0d10v5#body = 2.236019e-11
m.xm18.msky130_fd_pr__nfet_g5v0d10v5#dbody = 5.454120e-11
m.xm18.msky130_fd_pr__nfet_g5v0d10v5#sbody = 1.118011e-11
m.xm19.msky130_fd_pr__nfet_g5v0d10v5#body = 1.977855e-11
m.xm19.msky130_fd_pr__nfet_g5v0d10v5#dbody = 4.286486e-11
m.xm19.msky130_fd_pr__nfet_g5v0d10v5#sbody = 1.647080e-11
m.xm20.msky130_fd_pr__nfet_g5v0d10v5#body = 1.156821e-11
m.xm20.msky130_fd_pr__nfet_g5v0d10v5#dbody = 2.892050e-11
m.xm20.msky130_fd_pr__nfet_g5v0d10v5#sbody = 5.784114e-12
m.xm22.msky130_fd_pr__nfet_g5v0d10v5#body = 3.290799e-12
m.xm22.msky130_fd_pr__nfet_g5v0d10v5#dbody = 8.226994e-12
m.xm22.msky130_fd_pr__nfet_g5v0d10v5#sbody = 1.645404e-12
m.xm24.msky130_fd_pr__pfet_g5v0d10v5#body = 2.500000e+00
m.xm24.msky130_fd_pr__pfet_g5v0d10v5#dbody = 2.500000e+00
m.xm24.msky130_fd_pr__pfet_g5v0d10v5#sbody = 2.500000e+00
m.xm26.msky130_fd_pr__pfet_g5v0d10v5#body = 2.500000e+00
m.xm26.msky130Note: Starting true gmin stepping
Trying gmin =   1.0000E-03 Note: One successful gmin step
Trying gmin =   1.0000E-04 Note: One successful gmin step
Trying gmin =   1.0000E-05 Note: One successful gmin step
Trying gmin =   1.0000E-06 Note: One successful gmin step
Trying gmin =   1.0000E-07 Note: One successful gmin step
Trying gmin =   1.0000E-08 Error: -4.81829e+163, 2 out of range for ^
Warning: Further gmin increment
Trying gmin =   5.6234E-08 Warning: Further gmin increment
Trying gmin =   8.6596E-08 Warning: Further gmin increment
Trying gmin =   9.6466E-08 Note: One successful gmin step
Trying gmin =   9.1398E-08 Note: One successful gmin step
Trying gmin =   8.8965E-08 Note: One successful gmin step
Trying gmin =   8.5436E-08 Note: One successful gmin step
Trying gmin =   8.0403E-08 Note: One successful gmin step
Trying gmin =   7.3404E-08 Note: One successful gmin step
Trying gmin =   6.4032E-08 Note: One successful gmin step
Trying gmin =   5.2168E-08 Warning: Further gmin increment
Trying gmin =   6.0834E-08 Note: One successful gmin step
Trying gmin =   5.6335E-08 Warning: Further gmin increment
Trying gmin =   5.9677E-08 Note: One successful gmin step
Trying gmin =   5.7982E-08 Warning: Further gmin increment
Trying gmin =   5.9249E-08 Note: One successful gmin step
Trying gmin =   5.8612E-08 Note: One successful gmin step
Trying gmin =   5.7669E-08 Warning: Further gmin increment
Trying gmin =   5.8375E-08 Note: One successful gmin step
Trying gmin =   5.8021E-08 Warning: Further gmin increment
Trying gmin =   5.8286E-08 Note: One successful gmin step
Trying gmin =   5.8153E-08 Note: One successful gmin step
Trying gmin =   5.7955E-08 Warning: Further gmin increment
Trying gmin =   5.8104E-08 Note: One successful gmin step
Trying gmin =   5.8029E-08 Warning: Further gmin increment
Trying gmin =   5.8085E-08 Warning: Further gmin increment
Trying gmin =   5.8099E-08 Warning: Further gmin increment
Trying gmin =   5.8103E-08 Warning: Last gmin step failed
Warning: True gmin stepping failed
Note: Starting dynamic gmin stepping
Trying gmin =   1.0000E-03 Note: One successful gmin step
Trying gmin =   1.0000E-04 Note: One successful gmin step
Trying gmin =   1.0000E-05 Note: One successful gmin step
Trying gmin =   1.0000E-06 Warning: Further gmin increment
Trying gmin =   5.6234E-06 Note: One successful gmin step
Trying gmin =   3.1623E-06 Note: One successful gmin step
Trying gmin =   1.3335E-06 Note: One successful gmin step
Trying gmin =   3.6517E-07 Warning: Further gmin increment
Trying gmin =   9.6466E-07 Warning: Further gmin increment
Trying gmin =   1.2298E-06 Note: One successful gmin step
Trying gmin =   1.0892E-06 Note: One successful gmin step
Trying gmin =   9.0784E-07 Warning: Further gmin increment
Trying gmin =   1.0407E-06 Note: One successful gmin step
Trying gmin =   9.7201E-07 Warning: Further gmin increment
Trying gmin =   1.0231E-06 Note: One successful gmin step
Trying gmin =   9.9723E-07 Warning: Further gmin increment
Trying gmin =   1.0166E-06 Note: One successful gmin step
Trying gmin =   1.0069E-06 Warning: Further gmin increment
Trying gmin =   1.0141E-06 Note: One successful gmin step
Trying gmin =   1.0105E-06 Warning: Further gmin increment
Trying gmin =   1.0132E-06 Note: One successful gmin step
Trying gmin =   1.0119E-06 Note: One successful gmin step
Trying gmin =   1.0098E-06 Note: One successful gmin step
Trying gmin =   1.0067E-06 Note: One successful gmin step
Trying gmin =   1.0022E-06 Note: One successful gmin step
Trying gmin =   9.9533E-07 Note: One successful gmin step
Trying gmin =   9.8517E-07 Note: One successful gmin step
Trying gmin =   9.7013E-07 Note: One successful gmin step
Trying gmin =   9.4800E-07 Note: One successful gmin step
Trying gmin =   9.1575E-07 Note: One successful gmin step
Trying gmin =   8.6941E-07 Note: One successful gmin step
Trying gmin =   8.0426E-07 Note: One successful gmin step
Trying gmin =   7.1558E-07 Note: One successful gmin step
Trying gmin =   6.0055E-07 Note: One successful gmin step
Trying gmin =   4.6173E-07 Note: One successful gmin step
Trying gmin =   3.1127E-07 Note: One successful gmin step
Trying gmin =   1.7229E-07 Note: One successful gmin step
Trying gmin =   7.0953E-08 Note: One successful gmin step
Trying gmin =   1.8751E-08 Note: One successful gmin step
Trying gmin =   2.5473E-09 Note: One successful gmin step
Trying gmin =   2.5473E-10 Note: One successful gmin step
Trying gmin =   2.5473E-11 Note: One successful gmin step
Trying gmin =   2.5473E-12 Note: One successful gmin step
Trying gmin =   1.0000E-12 Note: One successful gmin step
Note: Dynamic gmin stepping completed
 Reference value :  1.00000e+00_fd_pr__pfet_g5v0d10v5#dbody = 2.500000e+00
m.xm26.msky130_fd_pr__pfet_g5v0d10v5#sbody = 2.500000e+00
mir = 1.317304e+00
net1 = 7.637518e-01
net2 = 9.442752e-05
net3 = 8.173697e-01
net4 = 2.632563e-01
net5 = 1.319019e+00
net6 = 9.225246e-01
net7 = 8.173578e-01
net8 = 1.380936e+00
net9 = 1.401335e+00
net10 = 1.960316e-01
net11 = 1.734443e+00
net12 = 1.734443e+00
net13 = 0.000000e+00
out = 1.734443e+00
pos = 1.093026e+00
q.xq2.qsky130_fd_pr__pnp_05v5_w0p68l0p68#collcx = 1.837530e-03
q.xq3.qsky130_fd_pr__pnp_05v5_w0p68l0p68#collcx = 2.306473e-04
q.xq4.qsky130_fd_pr__pnp_05v5_w0p68l0p68#collcx = 2.306473e-04
q.xq8.qsky130_fd_pr__pnp_05v5_w0p68l0p68#collcx = 2.306473e-04
q.xq10.qsky130_fd_pr__pnp_05v5_w0p68l0p68#collcx = 2.306473e-04
q.xq12.qsky130_fd_pr__pnp_05v5_w0p68l0p68#collcx = 2.306473e-04
q.xq14.qsky130_fd_pr__pnp_05v5_w0p68l0p68#collcx = 2.306473e-04
q.xq16.qsky130_fd_pr__pnp_05v5_w0p68l0p68#collcx = 2.306473e-04
q.xq18.qsky130_fd_pr__pnp_05v5_w0p68l0p68#collcx = 2.306473e-04
vb = 9.254545e-01
vdd = 2.500000e+00
vs#branch = -1.68261e-04
vt#branch = 0.000000e+00
xc1.a = 0.000000e+00
xc1.b1 = 0.000000e+00
xc3.a = 1.734443e+00
xc3.b1 = 1.734443e+00
xr1.xsky130_fd_pr__res_xhigh_po_0p69.ra = 8.247695e-01
xr2.xsky130_fd_pr__res_xhigh_po_0p69.ra = 8.247813e-01
xr3.xsky130_fd_pr__res_xhigh_po_0p69.ra = 5.379290e-03
xr4.xsky130_fd_pr__res_xhigh_po_0p69.ra = 7.659494e-01
xr5.xsky130_fd_pr__res_xhigh_po_0p69.ra = 5.379207e-03
xr6.xsky130_fd_pr__res_xhigh_po_0p69.ra = 7.878351e-03
xr7.xsky130_fd_pr__res_xhigh_po_0p69.ra = 1.734443e+00
xr8.xsky130_fd_pr__res_xhigh_po_0p69.ra = 1.105004e+00
xr9.xsky130_fd_pr__res_xhigh_po_0p69.ra = 1.236481e-02
Doing analysis at TEMP = 0.000000 and TNOM = 27.000000


No. of Data Rows : 91
Note: Starting true gmin stepping
Trying gmin =   1.0000E-03 Note: One successful gmin step
Trying gmin =   1.0000E-04 Note: One successful gmin step
Trying gmin =   1.0000E-05 Note: One successful gmin step
Trying gmin =   1.0000E-06 Note: One successful gmin step
Trying gmin =   1.0000E-07 Note: One successful gmin step
Trying gmin =   1.0000E-08 Error: -4.81829e+163, 2 out of range for ^
Warning: Further gmin increment
Trying gmin =   5.6234E-08 Warning: Further gmin increment
Trying gmin =   8.6596E-08 Warning: Further gmin increment
Trying gmin =   9.6466E-08 Note: One successful gmin step
Trying gmin =   9.1398E-08 Note: One successful gmin step
Trying gmin =   8.8965E-08 Note: One successful gmin step
Trying gmin =   8.5436E-08 Note: One successful gmin step
Trying gmin =   8.0403E-08 Note: One successful gmin step
Trying gmin =   7.3404E-08 Note: One successful gmin step
Trying gmin =   6.4032E-08 Note: One successful gmin step
Trying gmin =   5.2168E-08 Warning: Further gmin increment
Trying gmin =   6.0834E-08 Note: One successful gmin step
Trying gmin =   5.6335E-08 Warning: Further gmin increment
Trying gmin =   5.9677E-08 Note: One successful gmin step
Trying gmin =   5.7982E-08 Warning: Further gmin increment
Trying gmin =   5.9249E-08 Note: One successful gmin step
Trying gmin =   5.8612E-08 Note: One successful gmin step
Trying gmin =   5.7669E-08 Warning: Further gmin increment
Trying gmin =   5.8375E-08 Note: One successful gmin step
Trying gmin =   5.8021E-08 Warning: Further gmin increment
Trying gmin =   5.8286E-08 Note: One successful gmin step
Trying gmin =   5.8153E-08 Note: One successful gmin step
Trying gmin =   5.7955E-08 Warning: Further gmin increment
Trying gmin =   5.8104E-08 Note: One successful gmin step
Trying gmin =   5.8029E-08 Warning: Further gmin increment
Trying gmin =   5.8085E-08 Warning: Further gmin increment
Trying gmin =   5.8099E-08 Warning: Further gmin increment
Trying gmin =   5.8103E-08 Warning: Last gmin step failed
Warning: True gmin stepping failed
Note: Starting dynamic gmin stepping
Trying gmin =   1.0000E-03 Note: One successful gmin step
Trying gmin =   1.0000E-04 Note: One successful gmin step
Trying gmin =   1.0000E-05 Note: One successful gmin step
Trying gmin =   1.0000E-06 Warning: Further gmin increment
Trying gmin =   5.6234E-06 Note: One successful gmin step
Trying gmin =   3.1623E-06 Note: One successful gmin step
Trying gmin =   1.3335E-06 Note: One successful gmin step
Trying gmin =   3.6517E-07 Warning: Further gmin increment
Trying gmin =   9.6466E-07 Warning: Further gmin increment
Trying gmin =   1.2298E-06 Note: One successful gmin step
Trying gmin =   1.0892E-06 Note: One successful gmin step
Trying gmin =   9.0784E-07 Warning: Further gmin increment
Trying gmin =   1.0407E-06 Note: One successful gmin step
Trying gmin =   9.7201E-07 Warning: Further gmin increment
Trying gmin =   1.0231E-06 Note: One successful gmin step
Trying gmin =   9.9723E-07 Warning: Further gmin increment
Trying gmin =   1.0166E-06 Note: One successful gmin step
Trying gmin =   1.0069E-06 Warning: Further gmin increment
Trying gmin =   1.0141E-06 Note: One successful gmin step
Trying gmin =   1.0105E-06 Warning: Further gmin increment
Trying gmin =   1.0132E-06 Note: One successful gmin step
Trying gmin =   1.0119E-06 Note: One successful gmin step
Trying gmin =   1.0098E-06 Note: One successful gmin step
Trying gmin =   1.0067E-06 Note: One successful gmin step
Trying gmin =   1.0022E-06 Note: One successful gmin step
Trying gmin =   9.9533E-07 Note: One successful gmin step
Trying gmin =   9.8517E-07 Note: One successful gmin step
Trying gmin =   9.7013E-07 Note: One successful gmin step
Trying gmin =   9.4800E-07 Note: One successful gmin step
Trying gmin =   9.1575E-07 Note: One successful gmin step
Trying gmin =   8.6941E-07 Note: One successful gmin step
Trying gmin =   8.0426E-07 Note: One successful gmin step
Trying gmin =   7.1558E-07 Note: One successful gmin step
Trying gmin =   6.0055E-07 Note: One successful gmin step
Trying gmin =   4.6173E-07 Note: One successful gmin step
Trying gmin =   3.1127E-07 Note: One successful gmin step
Trying gmin =   1.7229E-07 Note: One successful gmin step
Trying gmin =   7.0953E-08 Note: One successful gmin step
Trying gmin =   1.8751E-08 Note: One successful gmin step
Trying gmin =   2.5473E-09 Note: One successful gmin step
Trying gmin =   2.5473E-10 Note: One successful gmin step
Trying gmin =   2.5473E-11 Note: One successful gmin step
Trying gmin =   2.5473E-12 Note: One successful gmin step
Trying gmin =   1.0000E-12 Note: One successful gmin step
Note: Dynamic gmin stepping completed
 Reference value :  1.00000e+00Note: Starting true gmin stepping
Trying gmin =   1.0000E-03 Note: One successful gmin step
Trying gmin =   1.0000E-04 Note: One successful gmin step
Trying gmin =   1.0000E-05 Note: One successful gmin step
Trying gmin =   1.0000E-06 Note: One successful gmin step
Trying gmin =   1.0000E-07 Note: One successful gmin step
Trying gmin =   1.0000E-08 Warning: Further gmin increment
Trying gmin =   5.6234E-08 Warning: Further gmin increment
Trying gmin =   8.6596E-08 Note: One successful gmin step
Trying gmin =   6.9783E-08 Note: One successful gmin step
Trying gmin =   5.0481E-08 Warning: Further gmin increment
Trying gmin =   6.4357E-08 Note: One successful gmin step
Trying gmin =   5.6998E-08 Warning: Further gmin increment
Trying gmin =   6.2432E-08 Warning: Further gmin increment
Trying gmin =   6.3870E-08 Note: One successful gmin step
Trying gmin =   6.3147E-08 Warning: Further gmin increment
Trying gmin =   6.3689E-08 Warning: Further gmin increment
Trying gmin =   6.3825E-08 Note: One successful gmin step
Trying gmin =   6.3757E-08 Warning: Further gmin increment
Trying gmin =   6.3808E-08 Note: One successful gmin step
Trying gmin =   6.3782E-08 Warning: Further gmin increment
Trying gmin =   6.3801E-08 Note: One successful gmin step
Trying gmin =   6.3792E-08 Warning: Further gmin increment
Trying gmin =   6.3799E-08 Note: One successful gmin step
Trying gmin =   6.3795E-08 Note: One successful gmin step
Trying gmin =   6.3790E-08 Warning: Further gmin increment
Trying gmin =   6.3794E-08 Note: One successful gmin step
Trying gmin =   6.3792E-08 Warning: Last gmin step failed
Warning: True gmin stepping failed
Note: Starting dynamic gmin stepping
Trying gmin =   1.0000E-03 Note: One successful gmin step
Trying gmin =   1.0000E-04 Note: One successful gmin step
Trying gmin =   1.0000E-05 Note: One successful gmin step
Trying gmin =   1.0000E-06 Warning: Further gmin increment
Trying gmin =   5.6234E-06 Note: One successful gmin step
Trying gmin =   3.1623E-06 Note: One successful gmin step
Trying gmin =   1.3335E-06 Warning: Further gmin increment
Trying gmin =   2.5483E-06 Note: One successful gmin step
Trying gmin =   1.8434E-06 Note: One successful gmin step
Trying gmin =   1.1342E-06 Warning: Further gmin increment
Trying gmin =   1.6326E-06 Note: One successful gmin step
Trying gmin =   1.3608E-06 Note: One successful gmin step
Trying gmin =   1.0355E-06 Warning: Further gmin increment
Trying gmin =   1.2709E-06 Warning: Further gmin increment
Trying gmin =   1.3377E-06 Warning: Further gmin increment
Trying gmin =   1.3550E-06 Warning: Further gmin increment
Trying gmin =   1.3593E-06 Note: One successful gmin step
Trying gmin =   1.3572E-06 Note: One successful gmin step
Trying gmin =   1.3539E-06 Note: One successful gmin step
Trying gmin =   1.3490E-06 Note: One successful gmin step
Trying gmin =   1.3418E-06 Note: One successful gmin step
Trying gmin =   1.3309E-06 Note: One successful gmin step
Trying gmin =   1.3149E-06 Note: One successful gmin step
Trying gmin =   1.2911E-06 Note: One successful gmin step
Trying gmin =   1.2563E-06 Note: One successful gmin step
Trying gmin =   1.2058E-06 Note: One successful gmin step
Trying gmin =   1.1338E-06 Note: One successful gmin step
Trying gmin =   1.0338E-06 Note: One successful gmin step
Trying gmin =   9.0014E-07 Note: One successful gmin step
Trying gmin =   7.3132E-07 Note: One successful gmin step
Trying gmin =   5.3555E-07 Note: One successful gmin step
Trying gmin =   3.3562E-07 Note: One successful gmin step
Trying gmin =   1.6650E-07 Note: One successful gmin step
Trying gmin =   5.8177E-08 Note: One successful gmin step
Trying gmin =   1.2016E-08 Note: One successful gmin step
Trying gmin =   1.2016E-09 Note: One successful gmin step
Trying gmin =   1.2016E-10 Note: One successful gmin step
Trying gmin =   1.2016E-11 Note: One successful gmin step
Trying gmin =   1.2016E-12 Note: One successful gmin step
Trying gmin =   1.0000E-12 Note: One successful gmin step
Note: Dynamic gmin stepping completed
 Reference value :  2.80000e+00Note: Starting true gmin stepping
Trying gmin =   1.0000E-03 Note: One successful gmin step
Trying gmin =   1.0000E-04 Note: One successful gmin step
Trying gmin =   1.0000E-05 Note: One successful gmin step
Trying gmin =   1.0000E-06 Note: One successful gmin step
Trying gmin =   1.0000E-07 Note: One successful gmin step
Trying gmin =   1.0000E-08 Warning: Further gmin increment
Trying gmin =   5.6234E-08 Note: One successful gmin step
Trying gmin =   2.3714E-08 Note: One successful gmin step
Trying gmin =   1.0000E-08 Note: One successful gmin step
Trying gmin =   2.7384E-09 Note: One successful gmin step
Trying gmin =   3.9242E-10 Warning: Further gmin increment
Trying gmin =   1.6849E-09 Warning: Further gmin increment
Trying gmin =   2.4253E-09 Note: One successful gmin step
Trying gmin =   2.0215E-09 Warning: Further gmin increment
Trying gmin =   2.3173E-09 Note: One successful gmin step
Trying gmin =   2.1643E-09 Note: One successful gmin step
Trying gmin =   1.9536E-09 Note: One successful gmin step
Trying gmin =   1.7633E-09 Note: One successful gmin step
Trying gmin =   1.5122E-09 Note: One successful gmin step
Trying gmin =   1.2008E-09 Note: One successful gmin step
Trying gmin =   8.4979E-10 Note: One successful gmin step
Trying gmin =   5.0589E-10 Note: One successful gmin step
Trying gmin =   2.3237E-10 Note: One successful gmin step
Trying gmin =   7.2336E-11 Note: One successful gmin step
Trying gmin =   1.2564E-11 Note: One successful gmin step
Trying gmin =   1.2564E-12 Note: One successful gmin step
Trying gmin =   1.0000E-12 Note: One successful gmin step
Note: True gmin stepping completed
 Reference value :  1.28000e+00Note: Starting true gmin stepping
Trying gmin =   1.0000E-03 Note: One successful gmin step
Trying gmin =   1.0000E-04 Note: One successful gmin step
Trying gmin =   1.0000E-05 Note: One successful gmin step
Trying gmin =   1.0000E-06 Note: One successful gmin step
Trying gmin =   1.0000E-07 Note: One successful gmin step
Trying gmin =   1.0000E-08 Note: One successful gmin step
Trying gmin =   3.1623E-09 Note: One successful gmin step
Trying gmin =   5.6234E-10 Warning: Further gmin increment
Trying gmin =   2.0535E-09 Note: One successful gmin step
Trying gmin =   1.0746E-09 Warning: Further gmin increment
Trying gmin =   1.7466E-09 Note: One successful gmin step
Trying gmin =   1.3700E-09 Warning: Further gmin increment
Trying gmin =   1.6437E-09 Note: One successful gmin step
Trying gmin =   1.5006E-09 Note: One successful gmin step
Trying gmin =   1.3700E-09 Note: One successful gmin step
Trying gmin =   1.1951E-09 Note: One successful gmin step
Trying gmin =   9.7365E-10 Note: One successful gmin step
Trying gmin =   7.1601E-10 Note: One successful gmin step
Trying gmin =   4.5154E-10 Note: One successful gmin step
Trying gmin =   2.2613E-10 Note: One successful gmin step
Trying gmin =   8.0140E-11 Note: One successful gmin step
Trying gmin =   1.6908E-11 Note: One successful gmin step
Trying gmin =   1.6908E-12 Note: One successful gmin step
Trying gmin =   1.0000E-12 Note: One successful gmin step
Note: True gmin stepping completed
 Reference value :  5.80000e-01pm                  =  6.563451e+01
Doing analysis at TEMP = 0.000000 and TNOM = 27.000000


No. of Data Rows : 91
psrr100             =  -5.960946e+01
psrr100k            =  -2.649304e+01
Doing analysis at TEMP = 0.000000 and TNOM = 27.000000


No. of Data Rows : 86
temp_coeff = 4.357548e+01
Doing analysis at TEMP = 0.000000 and TNOM = 27.000000


No. of Data Rows : 141
vldo_sup_2          =  1.796490e+00
vldo_sup_2_8        =  1.795426e+00
line_reg = 1.330000e-03
Note: No ".plot", ".print", or ".fourier" lines; no simulations run
vin                 =  1.764095e+00
dropout = 9.500000e-05
