Note: Starting true gmin stepping
Trying gmin =   1.0000E-03 Note: One successful gmin step
Trying gmin =   1.0000E-04 Note: One successful gmin step
Trying gmin =   1.0000E-05 Note: One successful gmin step
Trying gmin =   1.0000E-06 Note: One successful gmin step
Trying gmin =   1.0000E-07 Warning: Further gmin increment
Trying gmin =   5.6234E-07 Note: One successful gmin step
Trying gmin =   2.3714E-07 Note: One successful gmin step
Trying gmin =   6.4938E-08 Warning: Further gmin increment
Trying gmin =   1.7154E-07 Note: One successful gmin step
Trying gmin =   1.0554E-07 Warning: Further gmin increment
Trying gmin =   1.5193E-07 Note: One successful gmin step
Trying gmin =   1.2663E-07 Warning: Further gmin increment
Trying gmin =   1.4517E-07 Warning: Further gmin increment
Trying gmin =   1.5021E-07 Note: One successful gmin step
Trying gmin =   1.4767E-07 Warning: Further gmin increment
Trying gmin =   1.4957E-07 Note: One successful gmin step
Trying gmin =   1.4861E-07 Warning: Further gmin increment
Trying gmin =   1.4933E-07 Warning: Further gmin increment
Trying gmin =   1.4951E-07 Note: One successful gmin step
Trying gmin =   1.4942E-07 Warning: Further gmin increment
Trying gmin =   1.4949E-07 Note: One successful gmin step
Trying gmin =   1.4945E-07 Note: One successful gmin step
Trying gmin =   1.4940E-07 Warning: Further gmin increment
Trying gmin =   1.4944E-07 Note: One successful gmin step
Trying gmin =   1.4942E-07 Warning: Further gmin increment
Trying gmin =   1.4944E-07 Note: One successful gmin step
Trying gmin =   1.4943E-07 Note: One successful gmin step
Trying gmin =   1.4942E-07 Warning: Further gmin increment
Trying gmin =   1.4943E-07 Note: One successful gmin step
Trying gmin =   1.4942E-07 Warning: Last gmin step failed
Warning: True gmin stepping failed
Note: Starting dynamic gmin stepping
Trying gmin =   1.0000E-03 Note: One successful gmin step
Trying gmin =   1.0000E-04 Note: One successful gmin step
Trying gmin =   1.0000E-05 Note: One successful gmin step
Trying gmin =   1.0000E-06 Note: One successful gmin step
Trying gmin =   1.0000E-07 Warning: Further gmin increment
Trying gmin =   5.6234E-07 Warning: Further gmin increment
Trying gmin =   8.6596E-07 Warning: Further gmin increment
Trying gmin =   9.6466E-07 Note: One successful gmin step
Trying gmin =   9.3057E-07 Note: One successful gmin step
Trying gmin =   8.8168E-07 Note: One successful gmin step
Trying gmin =   8.1312E-07 Note: One successful gmin step
Trying gmin =   7.2015E-07 Note: One successful gmin step
Trying gmin =   6.0023E-07 Note: One successful gmin step
Trying gmin =   4.5674E-07 Note: One successful gmin step
Trying gmin =   3.0317E-07 Note: One successful gmin step
Trying gmin =   1.6395E-07 Note: One successful gmin step
Trying gmin =   6.5203E-08 Note: One successful gmin step
Trying gmin =   1.6353E-08 Note: One successful gmin step
Trying gmin =   2.0539E-09 Note: One successful gmin step
Trying gmin =   2.0539E-10 Note: One successful gmin step
Trying gmin =   2.0539E-11 Note: One successful gmin step
Trying gmin =   2.0539E-12 Note: One successful gmin step
Trying gmin =   1.0000E-12 Note: One successful gmin step
Note: Dynamic gmin stepping completed
 Reference value :  0.00000e+00
No compatibility mode selected!


Circuit: * ldo netlist 

Doing analysis at TEMP = 0.000000 and TNOM = 27.000000


No. of Data Rows : 1
bg_out = 1.100560e+00
inn = 1.184259e+00
inp = 1.184213e+00
l1#branch = 0.000000e+00
ldo_out = 1.808936e+00
m.xm1.msky130_fd_pr__nfet_g5v0d10v5#body = 1.722845e-11
m.xm1.msky130_fd_pr__nfet_g5v0d10v5#dbody = 3.802607e-11
m.xm1.msky130_fd_pr__nfet_g5v0d10v5#sbody = 1.365927e-11
m.xm2.msky130_fd_pr__pfet_g5v0d10v5#body = 2.500000e+00
m.xm2.msky130_fd_pr__pfet_g5v0d10v5#dbody = 2.500000e+00
m.xm2.msky130_fd_pr__pfet_g5v0d10v5#sbody = 2.500000e+00
m.xm3.msky130_fd_pr__pfet_g5v0d10v5#body = 2.500000e+00
m.xm3.msky130_fd_pr__pfet_g5v0d10v5#dbody = 2.500000e+00
m.xm3.msky130_fd_pr__pfet_g5v0d10v5#sbody = 2.500000e+00
m.xm4.msky130_fd_pr__pfet_g5v0d10v5#body = 2.500000e+00
m.xm4.msky130_fd_pr__pfet_g5v0d10v5#dbody = 2.500000e+00
m.xm4.msky130_fd_pr__pfet_g5v0d10v5#sbody = 2.500000e+00
m.xm5.msky130_fd_pr__pfet_g5v0d10v5#body = 2.500000e+00
m.xm5.msky130_fd_pr__pfet_g5v0d10v5#dbody = 2.500000e+00
m.xm5.msky130_fd_pr__pfet_g5v0d10v5#sbody = 2.500000e+00
m.xm6.msky130_fd_pr__nfet_g5v0d10v5#body = 1.250197e-11
m.xm6.msky130_fd_pr__nfet_g5v0d10v5#dbody = 3.125493e-11
m.xm6.msky130_fd_pr__nfet_g5v0d10v5#sbody = 6.250991e-12
m.xm7.msky130_fd_pr__pfet_g5v0d10v5#body = 2.500000e+00
m.xm7.msky130_fd_pr__pfet_g5v0d10v5#dbody = 2.500000e+00
m.xm7.msky130_fd_pr__pfet_g5v0d10v5#sbody = 2.500000e+00
m.xm8.msky130_fd_pr__pfet_g5v0d10v5#body = 2.500000e+00
m.xm8.msky130_fd_pr__pfet_g5v0d10v5#dbody = 2.500000e+00
m.xm8.msky130_fd_pr__pfet_g5v0d10v5#sbody = 2.500000e+00
m.xm9.msky130_fd_pr__nfet_g5v0d10v5#body = 1.761827e-11
m.xm9.msky130_fd_pr__nfet_g5v0d10v5#dbody = 4.074674e-11
m.xm9.msky130_fd_pr__nfet_g5v0d10v5#sbody = 1.210807e-11
m.xm10.msky130_fd_pr__nfet_g5v0d10v5#body = 1.727320e-11
m.xm10.msky130_fd_pr__nfet_g5v0d10v5#dbody = 3.988407e-11
m.xm10.msky130_fd_pr__nfet_g5v0d10v5#sbody = 1.193553e-11
m.xm11.msky130_fd_pr__pfet_g5v0d10v5#body = 2.500000e+00
m.xm11.msky130_fd_pr__pfet_g5v0d10v5#dbody = 2.500000e+00
m.xm11.msky130_fd_pr__pfet_g5v0d10v5#sbody = 2.500000e+00
m.xm12.msky130_fd_pr__pfet_g5v0d10v5#body = 2.500000e+00
m.xm12.msky130_fd_pr__pfet_g5v0d10v5#dbody = 2.500000e+00
m.xm12.msky130_fd_pr__pfet_g5v0d10v5#sbody = 2.500000e+00
m.xm13.msky130_fd_pr__nfet_g5v0d10v5#body = 1.649447e-12
m.xm13.msky130_fd_pr__nfet_g5v0d10v5#dbody = 4.123609e-12
m.xm13.msky130_fd_pr__nfet_g5v0d10v5#sbody = 8.247325e-13
m.xm14.msky130_fd_pr__pfet_g5v0d10v5#body = 2.500000e+00
m.xm14.msky130_fd_pr__pfet_g5v0d10v5#dbody = 2.500000e+00
m.xm14.msky130_fd_pr__pfet_g5v0d10v5#sbody = 2.500000e+00
m.xm15.msky130_fd_pr__nfet_g5v0d10v5#body = 1.184284e-15
m.xm15.msky130_fd_pr__nfet_g5v0d10v5#dbody = 2.960675e-15
m.xm15.msky130_fd_pr__nfet_g5v0d10v5#sbody = 5.921768e-16
m.xm16.msky130_fd_pr__nfet_g5v0d10v5#body = 4.605335e-11
m.xm16.msky130_fd_pr__nfet_g5v0d10v5#dbody = 8.552679e-11
m.xm16.msky130_fd_pr__nfet_g5v0d10v5#sbody = 5.263326e-11
m.xm17.msky130_fd_pr__pfet_g5v0d10v5#body = 2.500000e+00
m.xm17.msky130_fd_pr__pfet_g5v0d10v5#dbody = 2.500000e+00
m.xm17.msky130_fd_pr__pfet_g5v0d10v5#sbody = 2.500000e+00
m.xm18.msky130_fd_pr__nfet_g5v0d10v5#body = 1.618476e-11
m.xm18.msky130_fd_pr__nfet_g5v0d10v5#dbody = 4.046173e-11
m.xm18.msky130_fd_pr__nfet_g5v0d10v5#sbody = 8.092393e-12
m.xm19.msky130_fd_pr__nfet_g5v0d10v5#body = 1.731260e-11
m.xm19.msky130_fd_pr__nfet_g5v0d10v5#dbody = 3.823645e-11
m.xm19.msky130_fd_pr__nfet_g5v0d10v5#sbody = 1.370134e-11
m.xm20.msky130_fd_pr__nfet_g5v0d10v5#body = 1.307612e-11
m.xm20.msky130_fd_pr__nfet_g5v0d10v5#dbody = 3.269028e-11
m.xm20.msky130_fd_pr__nfet_g5v0d10v5#sbody = 6.538071e-12
m.xm22.msky130_fd_pr__nfet_g5v0d10v5#body = 2.522559e-12
m.xm22.msky130_fd_pr__nfet_g5v0d10v5#dbody = 6.306392e-12
m.xm22.msky130_fd_pr__nfet_g5v0d10v5#sbody = 1.261284e-12
m.xm24.msky130_fd_pr__pfet_g5v0d10v5#body = 2.500000e+00
m.xm24.msky130_fd_pr__pfet_g5v0d10v5#dbody = 2.500000e+00
m.xm24.msky130_fd_pr__pfet_g5v0d10v5#sbody = 2.500000e+00
m.xm26.msky130_fd_pr__pfet_g5v0d10v5#body = 2.500000e+00
m.xm26.msky130Note: Starting true gmin stepping
Trying gmin =   1.0000E-03 Note: One successful gmin step
Trying gmin =   1.0000E-04 Note: One successful gmin step
Trying gmin =   1.0000E-05 Note: One successful gmin step
Trying gmin =   1.0000E-06 Note: One successful gmin step
Trying gmin =   1.0000E-07 Warning: Further gmin increment
Trying gmin =   5.6234E-07 Note: One successful gmin step
Trying gmin =   2.3714E-07 Note: One successful gmin step
Trying gmin =   6.4938E-08 Warning: Further gmin increment
Trying gmin =   1.7154E-07 Note: One successful gmin step
Trying gmin =   1.0554E-07 Warning: Further gmin increment
Trying gmin =   1.5193E-07 Note: One successful gmin step
Trying gmin =   1.2663E-07 Warning: Further gmin increment
Trying gmin =   1.4517E-07 Warning: Further gmin increment
Trying gmin =   1.5021E-07 Note: One successful gmin step
Trying gmin =   1.4767E-07 Warning: Further gmin increment
Trying gmin =   1.4957E-07 Note: One successful gmin step
Trying gmin =   1.4861E-07 Warning: Further gmin increment
Trying gmin =   1.4933E-07 Warning: Further gmin increment
Trying gmin =   1.4951E-07 Note: One successful gmin step
Trying gmin =   1.4942E-07 Warning: Further gmin increment
Trying gmin =   1.4949E-07 Note: One successful gmin step
Trying gmin =   1.4945E-07 Note: One successful gmin step
Trying gmin =   1.4940E-07 Warning: Further gmin increment
Trying gmin =   1.4944E-07 Note: One successful gmin step
Trying gmin =   1.4942E-07 Warning: Further gmin increment
Trying gmin =   1.4944E-07 Note: One successful gmin step
Trying gmin =   1.4943E-07 Note: One successful gmin step
Trying gmin =   1.4942E-07 Warning: Further gmin increment
Trying gmin =   1.4943E-07 Note: One successful gmin step
Trying gmin =   1.4942E-07 Warning: Last gmin step failed
Warning: True gmin stepping failed
Note: Starting dynamic gmin stepping
Trying gmin =   1.0000E-03 Note: One successful gmin step
Trying gmin =   1.0000E-04 Note: One successful gmin step
Trying gmin =   1.0000E-05 Note: One successful gmin step
Trying gmin =   1.0000E-06 Note: One successful gmin step
Trying gmin =   1.0000E-07 Warning: Further gmin increment
Trying gmin =   5.6234E-07 Warning: Further gmin increment
Trying gmin =   8.6596E-07 Warning: Further gmin increment
Trying gmin =   9.6466E-07 Note: One successful gmin step
Trying gmin =   9.3057E-07 Note: One successful gmin step
Trying gmin =   8.8168E-07 Note: One successful gmin step
Trying gmin =   8.1312E-07 Note: One successful gmin step
Trying gmin =   7.2015E-07 Note: One successful gmin step
Trying gmin =   6.0023E-07 Note: One successful gmin step
Trying gmin =   4.5674E-07 Note: One successful gmin step
Trying gmin =   3.0317E-07 Note: One successful gmin step
Trying gmin =   1.6395E-07 Note: One successful gmin step
Trying gmin =   6.5203E-08 Note: One successful gmin step
Trying gmin =   1.6353E-08 Note: One successful gmin step
Trying gmin =   2.0539E-09 Note: One successful gmin step
Trying gmin =   2.0539E-10 Note: One successful gmin step
Trying gmin =   2.0539E-11 Note: One successful gmin step
Trying gmin =   2.0539E-12 Note: One successful gmin step
Trying gmin =   1.0000E-12 Note: One successful gmin step
Note: Dynamic gmin stepping completed
 Reference value :  1.00000e+00_fd_pr__pfet_g5v0d10v5#dbody = 2.500000e+00
m.xm26.msky130_fd_pr__pfet_g5v0d10v5#sbody = 2.500000e+00
mir = 1.176469e+00
net1 = 7.746755e-01
net2 = 9.468650e-05
net3 = 8.280608e-01
net4 = 2.017970e-01
net5 = 1.183201e+00
net6 = 1.000150e+00
net7 = 8.280140e-01
net8 = 1.249895e+00
net9 = 1.277501e+00
net10 = 1.319540e-01
net11 = 1.294773e+00
net12 = 1.294773e+00
net13 = 0.000000e+00
out = 1.294773e+00
pos = 1.100785e+00
q.xq2.qsky130_fd_pr__pnp_05v5_w0p68l0p68#collcx = 1.708137e-03
q.xq3.qsky130_fd_pr__pnp_05v5_w0p68l0p68#collcx = 2.162591e-04
q.xq4.qsky130_fd_pr__pnp_05v5_w0p68l0p68#collcx = 2.162591e-04
q.xq8.qsky130_fd_pr__pnp_05v5_w0p68l0p68#collcx = 2.162591e-04
q.xq10.qsky130_fd_pr__pnp_05v5_w0p68l0p68#collcx = 2.162591e-04
q.xq12.qsky130_fd_pr__pnp_05v5_w0p68l0p68#collcx = 2.162591e-04
q.xq14.qsky130_fd_pr__pnp_05v5_w0p68l0p68#collcx = 2.162591e-04
q.xq16.qsky130_fd_pr__pnp_05v5_w0p68l0p68#collcx = 2.162591e-04
q.xq18.qsky130_fd_pr__pnp_05v5_w0p68l0p68#collcx = 2.162591e-04
vb = 1.046088e+00
vdd = 2.500000e+00
vs#branch = -1.01706e-02
vt#branch = 0.000000e+00
xc1.a = 0.000000e+00
xc1.b1 = 0.000000e+00
xc3.a = 1.294773e+00
xc3.b1 = 1.294773e+00
xr1.xsky130_fd_pr__res_xhigh_po_0p69.ra = 8.332734e-01
xr2.xsky130_fd_pr__res_xhigh_po_0p69.ra = 8.333202e-01
xr3.xsky130_fd_pr__res_xhigh_po_0p69.ra = 3.842990e-03
xr4.xsky130_fd_pr__res_xhigh_po_0p69.ra = 7.762127e-01
xr5.xsky130_fd_pr__res_xhigh_po_0p69.ra = 3.842758e-03
xr6.xsky130_fd_pr__res_xhigh_po_0p69.ra = 5.593097e-03
xr7.xsky130_fd_pr__res_xhigh_po_0p69.ra = 1.294773e+00
xr8.xsky130_fd_pr__res_xhigh_po_0p69.ra = 1.109284e+00
xr9.xsky130_fd_pr__res_xhigh_po_0p69.ra = 8.774533e-03
Doing analysis at TEMP = 0.000000 and TNOM = 27.000000


No. of Data Rows : 91
Error: no such vector PM
Note: Starting true gmin stepping
Trying gmin =   1.0000E-03 Note: One successful gmin step
Trying gmin =   1.0000E-04 Note: One successful gmin step
Trying gmin =   1.0000E-05 Note: One successful gmin step
Trying gmin =   1.0000E-06 Note: One successful gmin step
Trying gmin =   1.0000E-07 Warning: Further gmin increment
Trying gmin =   5.6234E-07 Note: One successful gmin step
Trying gmin =   2.3714E-07 Note: One successful gmin step
Trying gmin =   6.4938E-08 Warning: Further gmin increment
Trying gmin =   1.7154E-07 Note: One successful gmin step
Trying gmin =   1.0554E-07 Warning: Further gmin increment
Trying gmin =   1.5193E-07 Note: One successful gmin step
Trying gmin =   1.2663E-07 Warning: Further gmin increment
Trying gmin =   1.4517E-07 Warning: Further gmin increment
Trying gmin =   1.5021E-07 Note: One successful gmin step
Trying gmin =   1.4767E-07 Warning: Further gmin increment
Trying gmin =   1.4957E-07 Note: One successful gmin step
Trying gmin =   1.4861E-07 Warning: Further gmin increment
Trying gmin =   1.4933E-07 Warning: Further gmin increment
Trying gmin =   1.4951E-07 Note: One successful gmin step
Trying gmin =   1.4942E-07 Warning: Further gmin increment
Trying gmin =   1.4949E-07 Note: One successful gmin step
Trying gmin =   1.4945E-07 Note: One successful gmin step
Trying gmin =   1.4940E-07 Warning: Further gmin increment
Trying gmin =   1.4944E-07 Note: One successful gmin step
Trying gmin =   1.4942E-07 Warning: Further gmin increment
Trying gmin =   1.4944E-07 Note: One successful gmin step
Trying gmin =   1.4943E-07 Note: One successful gmin step
Trying gmin =   1.4942E-07 Warning: Further gmin increment
Trying gmin =   1.4943E-07 Note: One successful gmin step
Trying gmin =   1.4942E-07 Warning: Last gmin step failed
Warning: True gmin stepping failed
Note: Starting dynamic gmin stepping
Trying gmin =   1.0000E-03 Note: One successful gmin step
Trying gmin =   1.0000E-04 Note: One successful gmin step
Trying gmin =   1.0000E-05 Note: One successful gmin step
Trying gmin =   1.0000E-06 Note: One successful gmin step
Trying gmin =   1.0000E-07 Warning: Further gmin increment
Trying gmin =   5.6234E-07 Warning: Further gmin increment
Trying gmin =   8.6596E-07 Warning: Further gmin increment
Trying gmin =   9.6466E-07 Note: One successful gmin step
Trying gmin =   9.3057E-07 Note: One successful gmin step
Trying gmin =   8.8168E-07 Note: One successful gmin step
Trying gmin =   8.1312E-07 Note: One successful gmin step
Trying gmin =   7.2015E-07 Note: One successful gmin step
Trying gmin =   6.0023E-07 Note: One successful gmin step
Trying gmin =   4.5674E-07 Note: One successful gmin step
Trying gmin =   3.0317E-07 Note: One successful gmin step
Trying gmin =   1.6395E-07 Note: One successful gmin step
Trying gmin =   6.5203E-08 Note: One successful gmin step
Trying gmin =   1.6353E-08 Note: One successful gmin step
Trying gmin =   2.0539E-09 Note: One successful gmin step
Trying gmin =   2.0539E-10 Note: One successful gmin step
Trying gmin =   2.0539E-11 Note: One successful gmin step
Trying gmin =   2.0539E-12 Note: One successful gmin step
Trying gmin =   1.0000E-12 Note: One successful gmin step
Note: Dynamic gmin stepping completed
 Reference value :  1.00000e+00Note: Starting true gmin stepping
Trying gmin =   1.0000E-03 Note: One successful gmin step
Trying gmin =   1.0000E-04 Note: One successful gmin step
Trying gmin =   1.0000E-05 Note: One successful gmin step
Trying gmin =   1.0000E-06 Warning: Further gmin increment
Trying gmin =   5.6234E-06 Note: One successful gmin step
Trying gmin =   2.3714E-06 Note: One successful gmin step
Trying gmin =   1.0000E-06 Warning: Further gmin increment
Trying gmin =   1.9110E-06 Warning: Further gmin increment
Trying gmin =   2.2468E-06 Note: One successful gmin step
Trying gmin =   2.0721E-06 Note: One successful gmin step
Trying gmin =   1.8352E-06 Note: One successful gmin step
Trying gmin =   1.5296E-06 Note: One successful gmin step
Trying gmin =   1.1639E-06 Note: One successful gmin step
Trying gmin =   7.7257E-07 Note: One successful gmin step
Trying gmin =   4.1780E-07 Note: One successful gmin step
Trying gmin =   1.6616E-07 Note: One successful gmin step
Trying gmin =   4.1672E-08 Warning: Further gmin increment
Trying gmin =   1.1758E-07 Warning: Further gmin increment
Trying gmin =   1.5240E-07 Note: One successful gmin step
Trying gmin =   1.3386E-07 Warning: Further gmin increment
Trying gmin =   1.4754E-07 Warning: Further gmin increment
Trying gmin =   1.5117E-07 Note: One successful gmin step
Trying gmin =   1.4934E-07 Note: One successful gmin step
Trying gmin =   1.4664E-07 Warning: Further gmin increment
Trying gmin =   1.4866E-07 Warning: Further gmin increment
Trying gmin =   1.4917E-07 Note: One successful gmin step
Trying gmin =   1.4892E-07 Note: One successful gmin step
Trying gmin =   1.4853E-07 Warning: Further gmin increment
Trying gmin =   1.4882E-07 Note: One successful gmin step
Trying gmin =   1.4868E-07 Warning: Further gmin increment
Trying gmin =   1.4878E-07 Note: One successful gmin step
Trying gmin =   1.4873E-07 Note: One successful gmin step
Trying gmin =   1.4865E-07 Warning: Further gmin increment
Trying gmin =   1.4871E-07 Warning: Further gmin increment
Trying gmin =   1.4873E-07 Note: One successful gmin step
Trying gmin =   1.4872E-07 Warning: Further gmin increment
Trying gmin =   1.4872E-07 Note: One successful gmin step
Trying gmin =   1.4872E-07 Note: One successful gmin step
Trying gmin =   1.4872E-07 Warning: Last gmin step failed
Warning: True gmin stepping failed
Note: Starting dynamic gmin stepping
Trying gmin =   1.0000E-03 Note: One successful gmin step
Trying gmin =   1.0000E-04 Note: One successful gmin step
Trying gmin =   1.0000E-05 Note: One successful gmin step
Trying gmin =   1.0000E-06 Warning: Further gmin increment
Trying gmin =   5.6234E-06 Warning: Further gmin increment
Trying gmin =   8.6596E-06 Note: One successful gmin step
Trying gmin =   6.9783E-06 Note: One successful gmin step
Trying gmin =   5.0481E-06 Note: One successful gmin step
Trying gmin =   4.2935E-06 Note: One successful gmin step
Trying gmin =   3.3678E-06 Note: One successful gmin step
Trying gmin =   2.3396E-06 Note: One successful gmin step
Trying gmin =   1.3547E-06 Note: One successful gmin step
Trying gmin =   5.9687E-07 Warning: Further gmin increment
Trying gmin =   1.1037E-06 Warning: Further gmin increment
Trying gmin =   1.2870E-06 Note: One successful gmin step
Trying gmin =   1.2228E-06 Note: One successful gmin step
Trying gmin =   1.1323E-06 Note: One successful gmin step
Trying gmin =   1.0091E-06 Note: One successful gmin step
Trying gmin =   8.4885E-07 Note: One successful gmin step
Trying gmin =   6.5494E-07 Note: One successful gmin step
Trying gmin =   4.4388E-07 Note: One successful gmin step
Trying gmin =   2.4766E-07 Note: One successful gmin step
Trying gmin =   1.0321E-07 Note: One successful gmin step
Trying gmin =   2.7769E-08 Note: One successful gmin step
Trying gmin =   3.8752E-09 Note: One successful gmin step
Trying gmin =   3.8752E-10 Note: One successful gmin step
Trying gmin =   3.8752E-11 Note: One successful gmin step
Trying gmin =   3.8752E-12 Note: One successful gmin step
Trying gmin =   1.0000E-12 Note: One successful gmin step
Note: Dynamic gmin stepping completed
 Reference value :  2.80000e+00Note: Starting true gmin stepping
Trying gmin =   1.0000E-03 Note: One successful gmin step
Trying gmin =   1.0000E-04 Note: One successful gmin step
Trying gmin =   1.0000E-05 Note: One successful gmin step
Trying gmin =   1.0000E-06 Note: One successful gmin step
Trying gmin =   1.0000E-07 Note: One successful gmin step
Trying gmin =   1.0000E-08 Note: One successful gmin step
Trying gmin =   1.0000E-09 Note: One successful gmin step
Trying gmin =   1.0000E-10 Warning: Further gmin increment
Trying gmin =   5.6234E-10 Note: One successful gmin step
Trying gmin =   4.2170E-10 Note: One successful gmin step
Trying gmin =   2.7384E-10 Note: One successful gmin step
Trying gmin =   1.4330E-10 Note: One successful gmin step
Trying gmin =   5.4247E-11 Warning: Further gmin increment
Trying gmin =   1.1240E-10 Warning: Further gmin increment
Trying gmin =   1.3486E-10 Note: One successful gmin step
Trying gmin =   1.2312E-10 Warning: Further gmin increment
Trying gmin =   1.3182E-10 Note: One successful gmin step
Trying gmin =   1.2740E-10 Note: One successful gmin step
Trying gmin =   1.2104E-10 Note: One successful gmin step
Trying gmin =   1.1208E-10 Note: One successful gmin step
Trying gmin =   9.9882E-11 Note: One successful gmin step
Trying gmin =   8.4024E-11 Note: One successful gmin step
Trying gmin =   6.4830E-11 Note: One successful gmin step
Trying gmin =   4.3938E-11 Note: One successful gmin step
Trying gmin =   2.4515E-11 Note: One successful gmin step
Trying gmin =   1.0217E-11 Note: One successful gmin step
Trying gmin =   2.7487E-12 Note: One successful gmin step
Trying gmin =   1.0000E-12 Note: One successful gmin step
Note: True gmin stepping completed
 Reference value :  1.40000e+00Note: Starting true gmin stepping
Trying gmin =   1.0000E-03 Note: One successful gmin step
Trying gmin =   1.0000E-04 Note: One successful gmin step
Trying gmin =   1.0000E-05 Note: One successful gmin step
Trying gmin =   1.0000E-06 Note: One successful gmin step
Trying gmin =   1.0000E-07 Note: One successful gmin step
Trying gmin =   1.0000E-08 Note: One successful gmin step
Trying gmin =   1.0000E-09 Note: One successful gmin step
Trying gmin =   1.0000E-10 Warning: Further gmin increment
Trying gmin =   5.6234E-10 Note: One successful gmin step
Trying gmin =   2.3714E-10 Note: One successful gmin step
Trying gmin =   1.5399E-10 Note: One successful gmin step
Trying gmin =   8.0584E-11 Note: One successful gmin step
Trying gmin =   3.0505E-11 Warning: Further gmin increment
Trying gmin =   6.3209E-11 Warning: Further gmin increment
Trying gmin =   7.5837E-11 Note: One successful gmin step
Trying gmin =   6.9236E-11 Note: One successful gmin step
Trying gmin =   6.6154E-11 Note: One successful gmin step
Trying gmin =   6.1786E-11 Note: One successful gmin step
Trying gmin =   5.5770E-11 Note: One successful gmin step
Trying gmin =   4.7825E-11 Note: One successful gmin step
Trying gmin =   3.7979E-11 Note: One successful gmin step
Trying gmin =   2.6877E-11 Note: One successful gmin step
Trying gmin =   1.6000E-11 Note: One successful gmin step
Trying gmin =   7.3492E-12 Note: One successful gmin step
Trying gmin =   2.2878E-12 Note: One successful gmin step
Trying gmin =   1.0000E-12 Note: One successful gmin step
Note: True gmin stepping completed
 Reference value :  1.36000e+00Note: Starting true gmin stepping
Trying gmin =   1.0000E-03 Note: One successful gmin step
Trying gmin =   1.0000E-04 Note: One successful gmin step
Trying gmin =   1.0000E-05 Note: One successful gmin step
Trying gmin =   1.0000E-06 Note: One successful gmin step
Trying gmin =   1.0000E-07 Note: One successful gmin step
Trying gmin =   1.0000E-08 Note: One successful gmin step
Trying gmin =   1.0000E-09 Note: One successful gmin step
Trying gmin =   1.0000E-10 Warning: Further gmin increment
Trying gmin =   5.6234E-10 Note: One successful gmin step
Trying gmin =   2.3714E-10 Warning: Further gmin increment
Trying gmin =   4.5316E-10 Note: One successful gmin step
Trying gmin =   3.2781E-10 Note: One successful gmin step
Trying gmin =   2.0169E-10 Warning: Further gmin increment
Trying gmin =   2.9033E-10 Note: One successful gmin step
Trying gmin =   2.4199E-10 Note: One successful gmin step
Trying gmin =   1.8414E-10 Note: One successful gmin step
Trying gmin =   1.2222E-10 Note: One successful gmin step
Trying gmin =   6.6098E-11 Note: One successful gmin step
Trying gmin =   2.6287E-11 Warning: Further gmin increment
Trying gmin =   5.2490E-11 Note: One successful gmin step
Trying gmin =   3.7146E-11 Warning: Further gmin increment
Trying gmin =   4.8143E-11 Warning: Further gmin increment
Trying gmin =   5.1368E-11 Note: One successful gmin step
Trying gmin =   4.9729E-11 Warning: Further gmin increment
Trying gmin =   5.0953E-11 Note: One successful gmin step
Trying gmin =   5.0542E-11 Note: One successful gmin step
Trying gmin =   4.9931E-11 Note: One successful gmin step
Trying gmin =   4.9029E-11 Note: One successful gmin step
Trying gmin =   4.7706E-11 Note: One successful gmin step
Trying gmin =   4.5789E-11 Note: One successful gmin step
Trying gmin =   4.3056E-11 Note: One successful gmin step
Trying gmin =   3.9259E-11 Note: One successful gmin step
Trying gmin =   3.4183E-11 Note: One successful gmin step
Trying gmin =   2.7772E-11 Note: One successful gmin step
Trying gmin =   2.0337E-11 Note: One successful gmin step
Trying gmin =   1.2745E-11 Note: One successful gmin step
Trying gmin =   6.3227E-12 Note: One successful gmin step
Trying gmin =   2.2093E-12 Note: One successful gmin step
Trying gmin =   1.0000E-12 Note: One successful gmin step
Note: True gmin stepping completed
 Reference value :  1.34000e+00
Error: measure  pm  (AT) : out of interval
 meas ac pm find p when vdb(ldo_out)=0 failed!

Doing analysis at TEMP = 0.000000 and TNOM = 27.000000


No. of Data Rows : 91
psrr100             =  -6.076847e+01
psrr100k            =  -2.709811e+01
Doing analysis at TEMP = 0.000000 and TNOM = 27.000000


No. of Data Rows : 86
temp_coeff = 4.916436e+01
Doing analysis at TEMP = 0.000000 and TNOM = 27.000000


No. of Data Rows : 141
vldo_sup_2          =  1.809506e+00
vldo_sup_2_8        =  1.808707e+00
line_reg = 9.987500e-04
Note: No ".plot", ".print", or ".fourier" lines; no simulations run
vin                 =  1.784479e+00
dropout = 2.047900e-02
