Note: Starting true gmin stepping
Trying gmin =   1.0000E-03 Note: One successful gmin step
Trying gmin =   1.0000E-04 Note: One successful gmin step
Trying gmin =   1.0000E-05 Note: One successful gmin step
Trying gmin =   1.0000E-06 Warning: Further gmin increment
Trying gmin =   5.6234E-06 Note: One successful gmin step
Trying gmin =   2.3714E-06 Note: One successful gmin step
Trying gmin =   6.4938E-07 Note: One successful gmin step
Trying gmin =   9.3057E-08 Note: One successful gmin step
Trying gmin =   1.3335E-08 Warning: Further gmin increment
Trying gmin =   5.7255E-08 Warning: Further gmin increment
Trying gmin =   8.2417E-08 Note: One successful gmin step
Trying gmin =   6.8693E-08 Warning: Further gmin increment
Trying gmin =   7.8748E-08 Warning: Further gmin increment
Trying gmin =   8.1484E-08 Note: One successful gmin step
Trying gmin =   8.0104E-08 Warning: Further gmin increment
Trying gmin =   8.1137E-08 Note: One successful gmin step
Trying gmin =   8.0619E-08 Note: One successful gmin step
Trying gmin =   7.9848E-08 Warning: Further gmin increment
Trying gmin =   8.0426E-08 Warning: Further gmin increment
Trying gmin =   8.0571E-08 Note: One successful gmin step
Trying gmin =   8.0498E-08 Warning: Further gmin increment
Trying gmin =   8.0552E-08 Note: One successful gmin step
Trying gmin =   8.0525E-08 Note: One successful gmin step
Trying gmin =   8.0484E-08 Warning: Further gmin increment
Trying gmin =   8.0515E-08 Warning: Further gmin increment
Trying gmin =   8.0523E-08 Note: One successful gmin step
Trying gmin =   8.0519E-08 Warning: Last gmin step failed
Warning: True gmin stepping failed
Note: Starting dynamic gmin stepping
Trying gmin =   1.0000E-03 Note: One successful gmin step
Trying gmin =   1.0000E-04 Note: One successful gmin step
Trying gmin =   1.0000E-05 Warning: Further gmin increment
Trying gmin =   5.6234E-05 Note: One successful gmin step
Trying gmin =   2.3714E-05 Note: One successful gmin step
Trying gmin =   6.4938E-06 Note: One successful gmin step
Trying gmin =   9.3057E-07 Note: One successful gmin step
Trying gmin =   9.3057E-08 Warning: Further gmin increment
Trying gmin =   5.2330E-07 Note: One successful gmin step
Trying gmin =   3.9242E-07 Warning: Further gmin increment
Trying gmin =   4.8697E-07 Note: One successful gmin step
Trying gmin =   4.3714E-07 Note: One successful gmin step
Trying gmin =   3.7180E-07 Note: One successful gmin step
Trying gmin =   3.4289E-07 Note: One successful gmin step
Trying gmin =   3.0368E-07 Note: One successful gmin step
Trying gmin =   2.5312E-07 Note: One successful gmin step
Trying gmin =   1.9261E-07 Note: One successful gmin step
Trying gmin =   1.2785E-07 Note: One successful gmin step
Trying gmin =   6.9139E-08 Note: One successful gmin step
Trying gmin =   2.7496E-08 Note: One successful gmin step
Trying gmin =   6.8959E-09 Note: One successful gmin step
Trying gmin =   8.6612E-10 Note: One successful gmin step
Trying gmin =   8.6612E-11 Note: One successful gmin step
Trying gmin =   8.6612E-12 Note: One successful gmin step
Trying gmin =   1.0000E-12 Note: One successful gmin step
Note: Dynamic gmin stepping completed
 Reference value :  0.00000e+00
No compatibility mode selected!


Circuit: * ldo netlist 

Doing analysis at TEMP = 0.000000 and TNOM = 27.000000


No. of Data Rows : 1
bg_out = 1.100560e+00
inn = 1.184259e+00
inp = 1.184213e+00
l1#branch = 0.000000e+00
ldo_out = 1.808865e+00
m.xm1.msky130_fd_pr__nfet_g5v0d10v5#body = 1.722845e-11
m.xm1.msky130_fd_pr__nfet_g5v0d10v5#dbody = 3.802607e-11
m.xm1.msky130_fd_pr__nfet_g5v0d10v5#sbody = 1.365927e-11
m.xm2.msky130_fd_pr__pfet_g5v0d10v5#body = 2.500000e+00
m.xm2.msky130_fd_pr__pfet_g5v0d10v5#dbody = 2.500000e+00
m.xm2.msky130_fd_pr__pfet_g5v0d10v5#sbody = 2.500000e+00
m.xm3.msky130_fd_pr__pfet_g5v0d10v5#body = 2.500000e+00
m.xm3.msky130_fd_pr__pfet_g5v0d10v5#dbody = 2.500000e+00
m.xm3.msky130_fd_pr__pfet_g5v0d10v5#sbody = 2.500000e+00
m.xm4.msky130_fd_pr__pfet_g5v0d10v5#body = 2.500000e+00
m.xm4.msky130_fd_pr__pfet_g5v0d10v5#dbody = 2.500000e+00
m.xm4.msky130_fd_pr__pfet_g5v0d10v5#sbody = 2.500000e+00
m.xm5.msky130_fd_pr__pfet_g5v0d10v5#body = 2.500000e+00
m.xm5.msky130_fd_pr__pfet_g5v0d10v5#dbody = 2.500000e+00
m.xm5.msky130_fd_pr__pfet_g5v0d10v5#sbody = 2.500000e+00
m.xm6.msky130_fd_pr__nfet_g5v0d10v5#body = 1.250197e-11
m.xm6.msky130_fd_pr__nfet_g5v0d10v5#dbody = 3.125493e-11
m.xm6.msky130_fd_pr__nfet_g5v0d10v5#sbody = 6.250991e-12
m.xm7.msky130_fd_pr__pfet_g5v0d10v5#body = 2.500000e+00
m.xm7.msky130_fd_pr__pfet_g5v0d10v5#dbody = 2.500000e+00
m.xm7.msky130_fd_pr__pfet_g5v0d10v5#sbody = 2.500000e+00
m.xm8.msky130_fd_pr__pfet_g5v0d10v5#body = 2.500000e+00
m.xm8.msky130_fd_pr__pfet_g5v0d10v5#dbody = 2.500000e+00
m.xm8.msky130_fd_pr__pfet_g5v0d10v5#sbody = 2.500000e+00
m.xm9.msky130_fd_pr__nfet_g5v0d10v5#body = 1.761802e-11
m.xm9.msky130_fd_pr__nfet_g5v0d10v5#dbody = 4.074627e-11
m.xm9.msky130_fd_pr__nfet_g5v0d10v5#sbody = 1.210778e-11
m.xm10.msky130_fd_pr__nfet_g5v0d10v5#body = 1.733894e-11
m.xm10.msky130_fd_pr__nfet_g5v0d10v5#dbody = 4.004857e-11
m.xm10.msky130_fd_pr__nfet_g5v0d10v5#sbody = 1.196824e-11
m.xm11.msky130_fd_pr__pfet_g5v0d10v5#body = 2.500000e+00
m.xm11.msky130_fd_pr__pfet_g5v0d10v5#dbody = 2.500000e+00
m.xm11.msky130_fd_pr__pfet_g5v0d10v5#sbody = 2.500000e+00
m.xm12.msky130_fd_pr__pfet_g5v0d10v5#body = 2.500000e+00
m.xm12.msky130_fd_pr__pfet_g5v0d10v5#dbody = 2.500000e+00
m.xm12.msky130_fd_pr__pfet_g5v0d10v5#sbody = 2.500000e+00
m.xm13.msky130_fd_pr__nfet_g5v0d10v5#body = 1.649367e-12
m.xm13.msky130_fd_pr__nfet_g5v0d10v5#dbody = 4.123408e-12
m.xm13.msky130_fd_pr__nfet_g5v0d10v5#sbody = 8.246923e-13
m.xm14.msky130_fd_pr__pfet_g5v0d10v5#body = 2.500000e+00
m.xm14.msky130_fd_pr__pfet_g5v0d10v5#dbody = 2.500000e+00
m.xm14.msky130_fd_pr__pfet_g5v0d10v5#sbody = 2.500000e+00
m.xm15.msky130_fd_pr__nfet_g5v0d10v5#body = 1.184284e-15
m.xm15.msky130_fd_pr__nfet_g5v0d10v5#dbody = 2.960675e-15
m.xm15.msky130_fd_pr__nfet_g5v0d10v5#sbody = 5.921768e-16
m.xm16.msky130_fd_pr__nfet_g5v0d10v5#body = 4.605335e-11
m.xm16.msky130_fd_pr__nfet_g5v0d10v5#dbody = 8.552679e-11
m.xm16.msky130_fd_pr__nfet_g5v0d10v5#sbody = 5.263326e-11
m.xm17.msky130_fd_pr__pfet_g5v0d10v5#body = 2.500000e+00
m.xm17.msky130_fd_pr__pfet_g5v0d10v5#dbody = 2.500000e+00
m.xm17.msky130_fd_pr__pfet_g5v0d10v5#sbody = 2.500000e+00
m.xm18.msky130_fd_pr__nfet_g5v0d10v5#body = 1.110005e-11
m.xm18.msky130_fd_pr__nfet_g5v0d10v5#dbody = 2.775012e-11
m.xm18.msky130_fd_pr__nfet_g5v0d10v5#sbody = 5.550038e-12
m.xm19.msky130_fd_pr__nfet_g5v0d10v5#body = 1.731260e-11
m.xm19.msky130_fd_pr__nfet_g5v0d10v5#dbody = 3.823645e-11
m.xm19.msky130_fd_pr__nfet_g5v0d10v5#sbody = 1.370134e-11
m.xm20.msky130_fd_pr__nfet_g5v0d10v5#body = 1.307612e-11
m.xm20.msky130_fd_pr__nfet_g5v0d10v5#dbody = 3.269028e-11
m.xm20.msky130_fd_pr__nfet_g5v0d10v5#sbody = 6.538071e-12
m.xm22.msky130_fd_pr__nfet_g5v0d10v5#body = 2.522559e-12
m.xm22.msky130_fd_pr__nfet_g5v0d10v5#dbody = 6.306392e-12
m.xm22.msky130_fd_pr__nfet_g5v0d10v5#sbody = 1.261284e-12
m.xm24.msky130_fd_pr__pfet_g5v0d10v5#body = 2.500000e+00
m.xm24.msky130_fd_pr__pfet_g5v0d10v5#dbody = 2.500000e+00
m.xm24.msky130_fd_pr__pfet_g5v0d10v5#sbody = 2.500000e+00
m.xm26.msky130_fd_pr__pfet_g5v0d10v5#body = 2.500000e+00
m.xm26.msky130Note: Starting true gmin stepping
Trying gmin =   1.0000E-03 Note: One successful gmin step
Trying gmin =   1.0000E-04 Note: One successful gmin step
Trying gmin =   1.0000E-05 Note: One successful gmin step
Trying gmin =   1.0000E-06 Warning: Further gmin increment
Trying gmin =   5.6234E-06 Note: One successful gmin step
Trying gmin =   2.3714E-06 Note: One successful gmin step
Trying gmin =   6.4938E-07 Note: One successful gmin step
Trying gmin =   9.3057E-08 Note: One successful gmin step
Trying gmin =   1.3335E-08 Warning: Further gmin increment
Trying gmin =   5.7255E-08 Warning: Further gmin increment
Trying gmin =   8.2417E-08 Note: One successful gmin step
Trying gmin =   6.8693E-08 Warning: Further gmin increment
Trying gmin =   7.8748E-08 Warning: Further gmin increment
Trying gmin =   8.1484E-08 Note: One successful gmin step
Trying gmin =   8.0104E-08 Warning: Further gmin increment
Trying gmin =   8.1137E-08 Note: One successful gmin step
Trying gmin =   8.0619E-08 Note: One successful gmin step
Trying gmin =   7.9848E-08 Warning: Further gmin increment
Trying gmin =   8.0426E-08 Warning: Further gmin increment
Trying gmin =   8.0571E-08 Note: One successful gmin step
Trying gmin =   8.0498E-08 Warning: Further gmin increment
Trying gmin =   8.0552E-08 Note: One successful gmin step
Trying gmin =   8.0525E-08 Note: One successful gmin step
Trying gmin =   8.0484E-08 Warning: Further gmin increment
Trying gmin =   8.0515E-08 Warning: Further gmin increment
Trying gmin =   8.0523E-08 Note: One successful gmin step
Trying gmin =   8.0519E-08 Warning: Last gmin step failed
Warning: True gmin stepping failed
Note: Starting dynamic gmin stepping
Trying gmin =   1.0000E-03 Note: One successful gmin step
Trying gmin =   1.0000E-04 Note: One successful gmin step
Trying gmin =   1.0000E-05 Warning: Further gmin increment
Trying gmin =   5.6234E-05 Note: One successful gmin step
Trying gmin =   2.3714E-05 Note: One successful gmin step
Trying gmin =   6.4938E-06 Note: One successful gmin step
Trying gmin =   9.3057E-07 Note: One successful gmin step
Trying gmin =   9.3057E-08 Warning: Further gmin increment
Trying gmin =   5.2330E-07 Note: One successful gmin step
Trying gmin =   3.9242E-07 Warning: Further gmin increment
Trying gmin =   4.8697E-07 Note: One successful gmin step
Trying gmin =   4.3714E-07 Note: One successful gmin step
Trying gmin =   3.7180E-07 Note: One successful gmin step
Trying gmin =   3.4289E-07 Note: One successful gmin step
Trying gmin =   3.0368E-07 Note: One successful gmin step
Trying gmin =   2.5312E-07 Note: One successful gmin step
Trying gmin =   1.9261E-07 Note: One successful gmin step
Trying gmin =   1.2785E-07 Note: One successful gmin step
Trying gmin =   6.9139E-08 Note: One successful gmin step
Trying gmin =   2.7496E-08 Note: One successful gmin step
Trying gmin =   6.8959E-09 Note: One successful gmin step
Trying gmin =   8.6612E-10 Note: One successful gmin step
Trying gmin =   8.6612E-11 Note: One successful gmin step
Trying gmin =   8.6612E-12 Note: One successful gmin step
Trying gmin =   1.0000E-12 Note: One successful gmin step
Note: Dynamic gmin stepping completed
 Reference value :  1.00000e+00_fd_pr__pfet_g5v0d10v5#dbody = 2.500000e+00
m.xm26.msky130_fd_pr__pfet_g5v0d10v5#sbody = 2.500000e+00
mir = 1.176469e+00
net1 = 7.746755e-01
net2 = 9.468649e-05
net3 = 8.280608e-01
net4 = 2.017970e-01
net5 = 1.183201e+00
net6 = 1.000150e+00
net7 = 8.280140e-01
net8 = 1.255161e+00
net9 = 1.277487e+00
net10 = 1.319476e-01
net11 = 8.880023e-01
net12 = 8.880023e-01
net13 = 0.000000e+00
out = 8.880023e-01
pos = 1.100742e+00
q.xq2.qsky130_fd_pr__pnp_05v5_w0p68l0p68#collcx = 1.708137e-03
q.xq3.qsky130_fd_pr__pnp_05v5_w0p68l0p68#collcx = 2.162591e-04
q.xq4.qsky130_fd_pr__pnp_05v5_w0p68l0p68#collcx = 2.162591e-04
q.xq8.qsky130_fd_pr__pnp_05v5_w0p68l0p68#collcx = 2.162591e-04
q.xq10.qsky130_fd_pr__pnp_05v5_w0p68l0p68#collcx = 2.162591e-04
q.xq12.qsky130_fd_pr__pnp_05v5_w0p68l0p68#collcx = 2.162591e-04
q.xq14.qsky130_fd_pr__pnp_05v5_w0p68l0p68#collcx = 2.162591e-04
q.xq16.qsky130_fd_pr__pnp_05v5_w0p68l0p68#collcx = 2.162591e-04
q.xq18.qsky130_fd_pr__pnp_05v5_w0p68l0p68#collcx = 2.162591e-04
vb = 1.046088e+00
vdd = 2.500000e+00
vs#branch = -1.00613e-01
vt#branch = 0.000000e+00
xc1.a = 0.000000e+00
xc1.b1 = 0.000000e+00
xc3.a = 8.880023e-01
xc3.b1 = 8.880023e-01
xr1.xsky130_fd_pr__res_xhigh_po_0p69.ra = 8.332734e-01
xr2.xsky130_fd_pr__res_xhigh_po_0p69.ra = 8.333202e-01
xr3.xsky130_fd_pr__res_xhigh_po_0p69.ra = 3.842990e-03
xr4.xsky130_fd_pr__res_xhigh_po_0p69.ra = 7.762127e-01
xr5.xsky130_fd_pr__res_xhigh_po_0p69.ra = 3.842758e-03
xr6.xsky130_fd_pr__res_xhigh_po_0p69.ra = 5.593097e-03
xr7.xsky130_fd_pr__res_xhigh_po_0p69.ra = 8.880023e-01
xr8.xsky130_fd_pr__res_xhigh_po_0p69.ra = 1.109240e+00
xr9.xsky130_fd_pr__res_xhigh_po_0p69.ra = 8.774160e-03
Doing analysis at TEMP = 0.000000 and TNOM = 27.000000


No. of Data Rows : 91
Error: no such vector PM
Note: Starting true gmin stepping
Trying gmin =   1.0000E-03 Note: One successful gmin step
Trying gmin =   1.0000E-04 Note: One successful gmin step
Trying gmin =   1.0000E-05 Note: One successful gmin step
Trying gmin =   1.0000E-06 Warning: Further gmin increment
Trying gmin =   5.6234E-06 Note: One successful gmin step
Trying gmin =   2.3714E-06 Note: One successful gmin step
Trying gmin =   6.4938E-07 Note: One successful gmin step
Trying gmin =   9.3057E-08 Note: One successful gmin step
Trying gmin =   1.3335E-08 Warning: Further gmin increment
Trying gmin =   5.7255E-08 Warning: Further gmin increment
Trying gmin =   8.2417E-08 Note: One successful gmin step
Trying gmin =   6.8693E-08 Warning: Further gmin increment
Trying gmin =   7.8748E-08 Warning: Further gmin increment
Trying gmin =   8.1484E-08 Note: One successful gmin step
Trying gmin =   8.0104E-08 Warning: Further gmin increment
Trying gmin =   8.1137E-08 Note: One successful gmin step
Trying gmin =   8.0619E-08 Note: One successful gmin step
Trying gmin =   7.9848E-08 Warning: Further gmin increment
Trying gmin =   8.0426E-08 Warning: Further gmin increment
Trying gmin =   8.0571E-08 Note: One successful gmin step
Trying gmin =   8.0498E-08 Warning: Further gmin increment
Trying gmin =   8.0552E-08 Note: One successful gmin step
Trying gmin =   8.0525E-08 Note: One successful gmin step
Trying gmin =   8.0484E-08 Warning: Further gmin increment
Trying gmin =   8.0515E-08 Warning: Further gmin increment
Trying gmin =   8.0523E-08 Note: One successful gmin step
Trying gmin =   8.0519E-08 Warning: Last gmin step failed
Warning: True gmin stepping failed
Note: Starting dynamic gmin stepping
Trying gmin =   1.0000E-03 Note: One successful gmin step
Trying gmin =   1.0000E-04 Note: One successful gmin step
Trying gmin =   1.0000E-05 Warning: Further gmin increment
Trying gmin =   5.6234E-05 Note: One successful gmin step
Trying gmin =   2.3714E-05 Note: One successful gmin step
Trying gmin =   6.4938E-06 Note: One successful gmin step
Trying gmin =   9.3057E-07 Note: One successful gmin step
Trying gmin =   9.3057E-08 Warning: Further gmin increment
Trying gmin =   5.2330E-07 Note: One successful gmin step
Trying gmin =   3.9242E-07 Warning: Further gmin increment
Trying gmin =   4.8697E-07 Note: One successful gmin step
Trying gmin =   4.3714E-07 Note: One successful gmin step
Trying gmin =   3.7180E-07 Note: One successful gmin step
Trying gmin =   3.4289E-07 Note: One successful gmin step
Trying gmin =   3.0368E-07 Note: One successful gmin step
Trying gmin =   2.5312E-07 Note: One successful gmin step
Trying gmin =   1.9261E-07 Note: One successful gmin step
Trying gmin =   1.2785E-07 Note: One successful gmin step
Trying gmin =   6.9139E-08 Note: One successful gmin step
Trying gmin =   2.7496E-08 Note: One successful gmin step
Trying gmin =   6.8959E-09 Note: One successful gmin step
Trying gmin =   8.6612E-10 Note: One successful gmin step
Trying gmin =   8.6612E-11 Note: One successful gmin step
Trying gmin =   8.6612E-12 Note: One successful gmin step
Trying gmin =   1.0000E-12 Note: One successful gmin step
Note: Dynamic gmin stepping completed
 Reference value :  1.00000e+00Note: Starting true gmin stepping
Trying gmin =   1.0000E-03 Note: One successful gmin step
Trying gmin =   1.0000E-04 Note: One successful gmin step
Trying gmin =   1.0000E-05 Note: One successful gmin step
Trying gmin =   1.0000E-06 Note: One successful gmin step
Trying gmin =   1.0000E-07 Note: One successful gmin step
Trying gmin =   1.0000E-08 Note: One successful gmin step
Trying gmin =   1.0000E-09 Note: One successful gmin step
Trying gmin =   1.0000E-10 Note: One successful gmin step
Trying gmin =   1.0000E-11 Warning: Further gmin increment
Trying gmin =   5.6234E-11 Warning: Further gmin increment
Trying gmin =   8.6596E-11 Note: One successful gmin step
Trying gmin =   6.9783E-11 Warning: Further gmin increment
Trying gmin =   8.2047E-11 Note: One successful gmin step
Trying gmin =   7.5667E-11 Note: One successful gmin step
Trying gmin =   6.7015E-11 Warning: Further gmin increment
Trying gmin =   7.3404E-11 Note: One successful gmin step
Trying gmin =   7.0137E-11 Note: One successful gmin step
Trying gmin =   6.5506E-11 Warning: Further gmin increment
Trying gmin =   6.8950E-11 Note: One successful gmin step
Trying gmin =   6.7782E-11 Note: One successful gmin step
Trying gmin =   6.6068E-11 Note: One successful gmin step
Trying gmin =   6.3578E-11 Note: One successful gmin step
Trying gmin =   6.0018E-11 Note: One successful gmin step
Trying gmin =   5.5047E-11 Note: One successful gmin step
Trying gmin =   4.8353E-11 Note: One successful gmin step
Trying gmin =   3.9806E-11 Note: One successful gmin step
Trying gmin =   2.9734E-11 Note: One successful gmin step
Trying gmin =   1.9195E-11 Note: One successful gmin step
Trying gmin =   9.9564E-12 Note: One successful gmin step
Trying gmin =   3.7194E-12 Note: One successful gmin step
Trying gmin =   1.0000E-12 Note: One successful gmin step
Note: True gmin stepping completed
 Reference value :  1.36000e+00Note: Starting true gmin stepping
Trying gmin =   1.0000E-03 Note: One successful gmin step
Trying gmin =   1.0000E-04 Note: One successful gmin step
Trying gmin =   1.0000E-05 Note: One successful gmin step
Trying gmin =   1.0000E-06 Note: One successful gmin step
Trying gmin =   1.0000E-07 Note: One successful gmin step
Trying gmin =   1.0000E-08 Note: One successful gmin step
Trying gmin =   1.0000E-09 Note: One successful gmin step
Trying gmin =   1.0000E-10 Note: One successful gmin step
Trying gmin =   1.0000E-11 Note: One successful gmin step
Trying gmin =   3.1623E-12 Note: One successful gmin step
Trying gmin =   1.0000E-12 Note: One successful gmin step
Note: True gmin stepping completed

Error: measure  pm  (AT) : out of interval
 meas ac pm find p when vdb(ldo_out)=0 failed!

Doing analysis at TEMP = 0.000000 and TNOM = 27.000000


No. of Data Rows : 91
psrr100             =  -6.156080e+01
psrr100k            =  -2.611342e+01
Doing analysis at TEMP = 0.000000 and TNOM = 27.000000


No. of Data Rows : 86
temp_coeff = 5.172309e+01
Doing analysis at TEMP = 0.000000 and TNOM = 27.000000


No. of Data Rows : 141
vldo_sup_2          =  -2.556606e+00
vldo_sup_2_8        =  -2.556606e+00
line_reg = 0.000000e+00
Error(parse.c--checkvalid): vin: zero length vector.
Error: RHS "vin-1.764" invalid
Error(parse.c--checkvalid): dropout: zero length vector.
Error: no such vector dropout
Note: No ".plot", ".print", or ".fourier" lines; no simulations run

Error: measure  vin  (WHEN) : out of interval
 meas dc vin when v(ldo_out)=1.764 failed!

