Note: Starting true gmin stepping
Trying gmin =   1.0000E-03 Note: One successful gmin step
Trying gmin =   1.0000E-04 Note: One successful gmin step
Trying gmin =   1.0000E-05 Note: One successful gmin step
Trying gmin =   1.0000E-06 Note: One successful gmin step
Trying gmin =   1.0000E-07 Warning: Further gmin increment
Trying gmin =   5.6234E-07 Warning: Further gmin increment
Trying gmin =   8.6596E-07 Note: One successful gmin step
Trying gmin =   6.9783E-07 Warning: Further gmin increment
Trying gmin =   8.2047E-07 Note: One successful gmin step
Trying gmin =   7.5667E-07 Note: One successful gmin step
Trying gmin =   6.7015E-07 Warning: Further gmin increment
Trying gmin =   7.3404E-07 Note: One successful gmin step
Trying gmin =   7.0137E-07 Note: One successful gmin step
Trying gmin =   6.5506E-07 Warning: Further gmin increment
Trying gmin =   6.8950E-07 Warning: Further gmin increment
Trying gmin =   6.9838E-07 Note: One successful gmin step
Trying gmin =   6.9392E-07 Warning: Further gmin increment
Trying gmin =   6.9727E-07 Warning: Further gmin increment
Trying gmin =   6.9810E-07 Warning: Further gmin increment
Trying gmin =   6.9831E-07 Warning: Further gmin increment
Trying gmin =   6.9836E-07 Note: One successful gmin step
Trying gmin =   6.9834E-07 Note: One successful gmin step
Trying gmin =   6.9830E-07 Warning: Further gmin increment
Trying gmin =   6.9833E-07 Note: One successful gmin step
Trying gmin =   6.9831E-07 Warning: Last gmin step failed
Warning: True gmin stepping failed
Note: Starting dynamic gmin stepping
Trying gmin =   1.0000E-03 Note: One successful gmin step
Trying gmin =   1.0000E-04 Note: One successful gmin step
Trying gmin =   1.0000E-05 Note: One successful gmin step
Trying gmin =   1.0000E-06 Note: One successful gmin step
Trying gmin =   1.0000E-07 Warning: Further gmin increment
Trying gmin =   5.6234E-07 Warning: Further gmin increment
Trying gmin =   8.6596E-07 Note: One successful gmin step
Trying gmin =   6.9783E-07 Note: One successful gmin step
Trying gmin =   5.0481E-07 Note: One successful gmin step
Trying gmin =   3.1059E-07 Note: One successful gmin step
Trying gmin =   1.4989E-07 Note: One successful gmin step
Trying gmin =   5.0254E-08 Note: One successful gmin step
Trying gmin =   9.7557E-09 Note: One successful gmin step
Trying gmin =   9.7557E-10 Note: One successful gmin step
Trying gmin =   9.7557E-11 Note: One successful gmin step
Trying gmin =   9.7557E-12 Note: One successful gmin step
Trying gmin =   1.0000E-12 Note: One successful gmin step
Note: Dynamic gmin stepping completed
 Reference value :  0.00000e+00
No compatibility mode selected!


Circuit: * ldo netlist 

Doing analysis at TEMP = 85.000000 and TNOM = 27.000000


No. of Data Rows : 1
bg_out = 1.101338e+00
inn = 1.064349e+00
inp = 1.064186e+00
l1#branch = 0.000000e+00
ldo_out = 1.811094e+00
m.xm1.msky130_fd_pr__nfet_g5v0d10v5#body = 2.564518e-11
m.xm1.msky130_fd_pr__nfet_g5v0d10v5#dbody = 4.927175e-11
m.xm1.msky130_fd_pr__nfet_g5v0d10v5#sbody = 2.766379e-11
m.xm2.msky130_fd_pr__pfet_g5v0d10v5#body = 2.100000e+00
m.xm2.msky130_fd_pr__pfet_g5v0d10v5#dbody = 2.100000e+00
m.xm2.msky130_fd_pr__pfet_g5v0d10v5#sbody = 2.100000e+00
m.xm3.msky130_fd_pr__pfet_g5v0d10v5#body = 2.100000e+00
m.xm3.msky130_fd_pr__pfet_g5v0d10v5#dbody = 2.100000e+00
m.xm3.msky130_fd_pr__pfet_g5v0d10v5#sbody = 2.100000e+00
m.xm4.msky130_fd_pr__pfet_g5v0d10v5#body = 2.100000e+00
m.xm4.msky130_fd_pr__pfet_g5v0d10v5#dbody = 2.100000e+00
m.xm4.msky130_fd_pr__pfet_g5v0d10v5#sbody = 2.100000e+00
m.xm5.msky130_fd_pr__pfet_g5v0d10v5#body = 2.100000e+00
m.xm5.msky130_fd_pr__pfet_g5v0d10v5#dbody = 2.100000e+00
m.xm5.msky130_fd_pr__pfet_g5v0d10v5#sbody = 2.100000e+00
m.xm6.msky130_fd_pr__nfet_g5v0d10v5#body = 2.059938e-11
m.xm6.msky130_fd_pr__nfet_g5v0d10v5#dbody = 5.149833e-11
m.xm6.msky130_fd_pr__nfet_g5v0d10v5#sbody = 1.029981e-11
m.xm7.msky130_fd_pr__pfet_g5v0d10v5#body = 2.100000e+00
m.xm7.msky130_fd_pr__pfet_g5v0d10v5#dbody = 2.100000e+00
m.xm7.msky130_fd_pr__pfet_g5v0d10v5#sbody = 2.100000e+00
m.xm8.msky130_fd_pr__pfet_g5v0d10v5#body = 2.100000e+00
m.xm8.msky130_fd_pr__pfet_g5v0d10v5#dbody = 2.100000e+00
m.xm8.msky130_fd_pr__pfet_g5v0d10v5#sbody = 2.100000e+00
m.xm9.msky130_fd_pr__nfet_g5v0d10v5#body = 2.386928e-11
m.xm9.msky130_fd_pr__nfet_g5v0d10v5#dbody = 4.789856e-11
m.xm9.msky130_fd_pr__nfet_g5v0d10v5#sbody = 2.370928e-11
m.xm10.msky130_fd_pr__nfet_g5v0d10v5#body = 2.355302e-11
m.xm10.msky130_fd_pr__nfet_g5v0d10v5#dbody = 4.710791e-11
m.xm10.msky130_fd_pr__nfet_g5v0d10v5#sbody = 2.355115e-11
m.xm11.msky130_fd_pr__pfet_g5v0d10v5#body = 2.100000e+00
m.xm11.msky130_fd_pr__pfet_g5v0d10v5#dbody = 2.100000e+00
m.xm11.msky130_fd_pr__pfet_g5v0d10v5#sbody = 2.100000e+00
m.xm12.msky130_fd_pr__pfet_g5v0d10v5#body = 2.100000e+00
m.xm12.msky130_fd_pr__pfet_g5v0d10v5#dbody = 2.100000e+00
m.xm12.msky130_fd_pr__pfet_g5v0d10v5#sbody = 2.100000e+00
m.xm13.msky130_fd_pr__nfet_g5v0d10v5#body = 4.247131e-12
m.xm13.msky130_fd_pr__nfet_g5v0d10v5#dbody = 1.061776e-11
m.xm13.msky130_fd_pr__nfet_g5v0d10v5#sbody = 2.123630e-12
m.xm14.msky130_fd_pr__pfet_g5v0d10v5#body = 2.100000e+00
m.xm14.msky130_fd_pr__pfet_g5v0d10v5#dbody = 2.100000e+00
m.xm14.msky130_fd_pr__pfet_g5v0d10v5#sbody = 2.100000e+00
m.xm15.msky130_fd_pr__nfet_g5v0d10v5#body = 2.800116e-14
m.xm15.msky130_fd_pr__nfet_g5v0d10v5#dbody = 7.000211e-14
m.xm15.msky130_fd_pr__nfet_g5v0d10v5#sbody = 1.400137e-14
m.xm16.msky130_fd_pr__nfet_g5v0d10v5#body = 5.018292e-11
m.xm16.msky130_fd_pr__nfet_g5v0d10v5#dbody = 8.822002e-11
m.xm16.msky130_fd_pr__nfet_g5v0d10v5#sbody = 6.232874e-11
m.xm17.msky130_fd_pr__pfet_g5v0d10v5#body = 2.100000e+00
m.xm17.msky130_fd_pr__pfet_g5v0d10v5#dbody = 2.100000e+00
m.xm17.msky130_fd_pr__pfet_g5v0d10v5#sbody = 2.100000e+00
m.xm18.msky130_fd_pr__nfet_g5v0d10v5#body = 1.697552e-11
m.xm18.msky130_fd_pr__nfet_g5v0d10v5#dbody = 4.243871e-11
m.xm18.msky130_fd_pr__nfet_g5v0d10v5#sbody = 8.487841e-12
m.xm19.msky130_fd_pr__nfet_g5v0d10v5#body = 2.586528e-11
m.xm19.msky130_fd_pr__nfet_g5v0d10v5#dbody = 4.982199e-11
m.xm19.msky130_fd_pr__nfet_g5v0d10v5#sbody = 2.777384e-11
m.xm20.msky130_fd_pr__nfet_g5v0d10v5#body = 1.466516e-11
m.xm20.msky130_fd_pr__nfet_g5v0d10v5#dbody = 3.666280e-11
m.xm20.msky130_fd_pr__nfet_g5v0d10v5#sbody = 7.332659e-12
m.xm22.msky130_fd_pr__nfet_g5v0d10v5#body = 1.069695e-11
m.xm22.msky130_fd_pr__nfet_g5v0d10v5#dbody = 2.674227e-11
m.xm22.msky130_fd_pr__nfet_g5v0d10v5#sbody = 5.348581e-12
m.xm24.msky130_fd_pr__pfet_g5v0d10v5#body = 2.100000e+00
m.xm24.msky130_fd_pr__pfet_g5v0d10v5#dbody = 2.100000e+00
m.xm24.msky130_fd_pr__pfet_g5v0d10v5#sbody = 2.100000e+00
m.xm26.msky130_fd_pr__pfet_g5v0d10v5#body = 2.100000e+00
m.xm26.msky13Note: Starting true gmin stepping
Trying gmin =   1.0000E-03 Note: One successful gmin step
Trying gmin =   1.0000E-04 Note: One successful gmin step
Trying gmin =   1.0000E-05 Note: One successful gmin step
Trying gmin =   1.0000E-06 Note: One successful gmin step
Trying gmin =   1.0000E-07 Warning: Further gmin increment
Trying gmin =   5.6234E-07 Warning: Further gmin increment
Trying gmin =   8.6596E-07 Note: One successful gmin step
Trying gmin =   6.9783E-07 Warning: Further gmin increment
Trying gmin =   8.2047E-07 Note: One successful gmin step
Trying gmin =   7.5667E-07 Note: One successful gmin step
Trying gmin =   6.7015E-07 Warning: Further gmin increment
Trying gmin =   7.3404E-07 Note: One successful gmin step
Trying gmin =   7.0137E-07 Note: One successful gmin step
Trying gmin =   6.5506E-07 Warning: Further gmin increment
Trying gmin =   6.8950E-07 Warning: Further gmin increment
Trying gmin =   6.9838E-07 Note: One successful gmin step
Trying gmin =   6.9392E-07 Warning: Further gmin increment
Trying gmin =   6.9727E-07 Warning: Further gmin increment
Trying gmin =   6.9810E-07 Warning: Further gmin increment
Trying gmin =   6.9831E-07 Warning: Further gmin increment
Trying gmin =   6.9836E-07 Note: One successful gmin step
Trying gmin =   6.9834E-07 Note: One successful gmin step
Trying gmin =   6.9830E-07 Warning: Further gmin increment
Trying gmin =   6.9833E-07 Note: One successful gmin step
Trying gmin =   6.9831E-07 Warning: Last gmin step failed
Warning: True gmin stepping failed
Note: Starting dynamic gmin stepping
Trying gmin =   1.0000E-03 Note: One successful gmin step
Trying gmin =   1.0000E-04 Note: One successful gmin step
Trying gmin =   1.0000E-05 Note: One successful gmin step
Trying gmin =   1.0000E-06 Note: One successful gmin step
Trying gmin =   1.0000E-07 Warning: Further gmin increment
Trying gmin =   5.6234E-07 Warning: Further gmin increment
Trying gmin =   8.6596E-07 Note: One successful gmin step
Trying gmin =   6.9783E-07 Note: One successful gmin step
Trying gmin =   5.0481E-07 Note: One successful gmin step
Trying gmin =   3.1059E-07 Note: One successful gmin step
Trying gmin =   1.4989E-07 Note: One successful gmin step
Trying gmin =   5.0254E-08 Note: One successful gmin step
Trying gmin =   9.7557E-09 Note: One successful gmin step
Trying gmin =   9.7557E-10 Note: One successful gmin step
Trying gmin =   9.7557E-11 Note: One successful gmin step
Trying gmin =   9.7557E-12 Note: One successful gmin step
Trying gmin =   1.0000E-12 Note: One successful gmin step
Note: Dynamic gmin stepping completed
 Reference value :  1.00000e+000_fd_pr__pfet_g5v0d10v5#dbody = 2.100000e+00
m.xm26.msky130_fd_pr__pfet_g5v0d10v5#sbody = 2.100000e+00
mir = 1.032824e+00
net1 = 6.312713e-01
net2 = 5.396762e-05
net3 = 7.051025e-01
net4 = 1.709889e-01
net5 = 1.050432e+00
net6 = 9.591596e-01
net7 = 7.049369e-01
net8 = 1.119936e+00
net9 = 1.145237e+00
net10 = 1.790108e-01
net11 = 1.196540e+00
net12 = 1.196540e+00
net13 = 0.000000e+00
out = 1.196540e+00
pos = 1.101642e+00
q.xq2.qsky130_fd_pr__pnp_05v5_w0p68l0p68#collcx = 3.095123e-03
q.xq3.qsky130_fd_pr__pnp_05v5_w0p68l0p68#collcx = 3.909225e-04
q.xq4.qsky130_fd_pr__pnp_05v5_w0p68l0p68#collcx = 3.909225e-04
q.xq8.qsky130_fd_pr__pnp_05v5_w0p68l0p68#collcx = 3.909225e-04
q.xq10.qsky130_fd_pr__pnp_05v5_w0p68l0p68#collcx = 3.909225e-04
q.xq12.qsky130_fd_pr__pnp_05v5_w0p68l0p68#collcx = 3.909225e-04
q.xq14.qsky130_fd_pr__pnp_05v5_w0p68l0p68#collcx = 3.909225e-04
q.xq16.qsky130_fd_pr__pnp_05v5_w0p68l0p68#collcx = 3.909225e-04
q.xq18.qsky130_fd_pr__pnp_05v5_w0p68l0p68#collcx = 3.909225e-04
vb = 1.011711e+00
vdd = 2.100000e+00
vs#branch = -1.02036e-02
vt#branch = 0.000000e+00
xc1.a = 0.000000e+00
xc1.b1 = 0.000000e+00
xc3.a = 1.196540e+00
xc3.b1 = 1.196540e+00
xr1.xsky130_fd_pr__res_xhigh_po_0p69.ra = 7.081837e-01
xr2.xsky130_fd_pr__res_xhigh_po_0p69.ra = 7.083493e-01
xr3.xsky130_fd_pr__res_xhigh_po_0p69.ra = 1.987202e-03
xr4.xsky130_fd_pr__res_xhigh_po_0p69.ra = 6.325687e-01
xr5.xsky130_fd_pr__res_xhigh_po_0p69.ra = 1.986708e-03
xr6.xsky130_fd_pr__res_xhigh_po_0p69.ra = 3.434018e-03
xr7.xsky130_fd_pr__res_xhigh_po_0p69.ra = 1.196540e+00
xr8.xsky130_fd_pr__res_xhigh_po_0p69.ra = 1.106857e+00
xr9.xsky130_fd_pr__res_xhigh_po_0p69.ra = 5.383935e-03
Doing analysis at TEMP = 85.000000 and TNOM = 27.000000


No. of Data Rows : 91
Error: no such vector PM
Note: Starting true gmin stepping
Trying gmin =   1.0000E-03 Note: One successful gmin step
Trying gmin =   1.0000E-04 Note: One successful gmin step
Trying gmin =   1.0000E-05 Note: One successful gmin step
Trying gmin =   1.0000E-06 Note: One successful gmin step
Trying gmin =   1.0000E-07 Warning: Further gmin increment
Trying gmin =   5.6234E-07 Warning: Further gmin increment
Trying gmin =   8.6596E-07 Note: One successful gmin step
Trying gmin =   6.9783E-07 Warning: Further gmin increment
Trying gmin =   8.2047E-07 Note: One successful gmin step
Trying gmin =   7.5667E-07 Note: One successful gmin step
Trying gmin =   6.7015E-07 Warning: Further gmin increment
Trying gmin =   7.3404E-07 Note: One successful gmin step
Trying gmin =   7.0137E-07 Note: One successful gmin step
Trying gmin =   6.5506E-07 Warning: Further gmin increment
Trying gmin =   6.8950E-07 Warning: Further gmin increment
Trying gmin =   6.9838E-07 Note: One successful gmin step
Trying gmin =   6.9392E-07 Warning: Further gmin increment
Trying gmin =   6.9727E-07 Warning: Further gmin increment
Trying gmin =   6.9810E-07 Warning: Further gmin increment
Trying gmin =   6.9831E-07 Warning: Further gmin increment
Trying gmin =   6.9836E-07 Note: One successful gmin step
Trying gmin =   6.9834E-07 Note: One successful gmin step
Trying gmin =   6.9830E-07 Warning: Further gmin increment
Trying gmin =   6.9833E-07 Note: One successful gmin step
Trying gmin =   6.9831E-07 Warning: Last gmin step failed
Warning: True gmin stepping failed
Note: Starting dynamic gmin stepping
Trying gmin =   1.0000E-03 Note: One successful gmin step
Trying gmin =   1.0000E-04 Note: One successful gmin step
Trying gmin =   1.0000E-05 Note: One successful gmin step
Trying gmin =   1.0000E-06 Note: One successful gmin step
Trying gmin =   1.0000E-07 Warning: Further gmin increment
Trying gmin =   5.6234E-07 Warning: Further gmin increment
Trying gmin =   8.6596E-07 Note: One successful gmin step
Trying gmin =   6.9783E-07 Note: One successful gmin step
Trying gmin =   5.0481E-07 Note: One successful gmin step
Trying gmin =   3.1059E-07 Note: One successful gmin step
Trying gmin =   1.4989E-07 Note: One successful gmin step
Trying gmin =   5.0254E-08 Note: One successful gmin step
Trying gmin =   9.7557E-09 Note: One successful gmin step
Trying gmin =   9.7557E-10 Note: One successful gmin step
Trying gmin =   9.7557E-11 Note: One successful gmin step
Trying gmin =   9.7557E-12 Note: One successful gmin step
Trying gmin =   1.0000E-12 Note: One successful gmin step
Note: Dynamic gmin stepping completed
 Reference value :  1.00000e+00Note: Starting true gmin stepping
Trying gmin =   1.0000E-03 Note: One successful gmin step
Trying gmin =   1.0000E-04 Note: One successful gmin step
Trying gmin =   1.0000E-05 Note: One successful gmin step
Trying gmin =   1.0000E-06 Note: One successful gmin step
Trying gmin =   1.0000E-07 Warning: Further gmin increment
Trying gmin =   5.6234E-07 Warning: Further gmin increment
Trying gmin =   8.6596E-07 Note: One successful gmin step
Trying gmin =   6.9783E-07 Warning: Further gmin increment
Trying gmin =   8.2047E-07 Note: One successful gmin step
Trying gmin =   7.5667E-07 Note: One successful gmin step
Trying gmin =   6.7015E-07 Warning: Further gmin increment
Trying gmin =   7.3404E-07 Note: One successful gmin step
Trying gmin =   7.0137E-07 Note: One successful gmin step
Trying gmin =   6.5506E-07 Warning: Further gmin increment
Trying gmin =   6.8950E-07 Warning: Further gmin increment
Trying gmin =   6.9838E-07 Note: One successful gmin step
Trying gmin =   6.9392E-07 Warning: Further gmin increment
Trying gmin =   6.9727E-07 Warning: Further gmin increment
Trying gmin =   6.9810E-07 Warning: Further gmin increment
Trying gmin =   6.9831E-07 Warning: Further gmin increment
Trying gmin =   6.9836E-07 Note: One successful gmin step
Trying gmin =   6.9834E-07 Note: One successful gmin step
Trying gmin =   6.9830E-07 Warning: Further gmin increment
Trying gmin =   6.9833E-07 Note: One successful gmin step
Trying gmin =   6.9831E-07 Warning: Last gmin step failed
Warning: True gmin stepping failed
Note: Starting dynamic gmin stepping
Trying gmin =   1.0000E-03 Note: One successful gmin step
Trying gmin =   1.0000E-04 Note: One successful gmin step
Trying gmin =   1.0000E-05 Note: One successful gmin step
Trying gmin =   1.0000E-06 Note: One successful gmin step
Trying gmin =   1.0000E-07 Warning: Further gmin increment
Trying gmin =   5.6234E-07 Warning: Further gmin increment
Trying gmin =   8.6596E-07 Note: One successful gmin step
Trying gmin =   6.9783E-07 Note: One successful gmin step
Trying gmin =   5.0481E-07 Note: One successful gmin step
Trying gmin =   3.1059E-07 Note: One successful gmin step
Trying gmin =   1.4989E-07 Note: One successful gmin step
Trying gmin =   5.0254E-08 Note: One successful gmin step
Trying gmin =   9.7557E-09 Note: One successful gmin step
Trying gmin =   9.7557E-10 Note: One successful gmin step
Trying gmin =   9.7557E-11 Note: One successful gmin step
Trying gmin =   9.7557E-12 Note: One successful gmin step
Trying gmin =   1.0000E-12 Note: One successful gmin step
Note: Dynamic gmin stepping completed
 Reference value :  8.50000e+01Note: Starting true gmin stepping
Trying gmin =   1.0000E-03 Note: One successful gmin step
Trying gmin =   1.0000E-04 Note: One successful gmin step
Trying gmin =   1.0000E-05 Note: One successful gmin step
Trying gmin =   1.0000E-06 Warning: Further gmin increment
Trying gmin =   5.6234E-06 Note: One successful gmin step
Trying gmin =   2.3714E-06 Warning: Further gmin increment
Trying gmin =   4.5316E-06 Note: One successful gmin step
Trying gmin =   3.2781E-06 Note: One successful gmin step
Trying gmin =   2.0169E-06 Warning: Further gmin increment
Trying gmin =   2.9033E-06 Note: One successful gmin step
Trying gmin =   2.4199E-06 Warning: Further gmin increment
Trying gmin =   2.7741E-06 Note: One successful gmin step
Trying gmin =   2.5909E-06 Note: One successful gmin step
Trying gmin =   2.3386E-06 Note: One successful gmin step
Trying gmin =   2.0055E-06 Note: One successful gmin step
Trying gmin =   1.5926E-06 Note: One successful gmin step
Trying gmin =   1.1270E-06 Note: One successful gmin step
Trying gmin =   6.7093E-07 Note: One successful gmin step
Trying gmin =   3.0818E-07 Note: One successful gmin step
Trying gmin =   9.5935E-08 Note: One successful gmin step
Trying gmin =   1.6663E-08 Note: One successful gmin step
Trying gmin =   1.6663E-09 Note: One successful gmin step
Trying gmin =   1.6663E-10 Note: One successful gmin step
Trying gmin =   1.6663E-11 Note: One successful gmin step
Trying gmin =   1.6663E-12 Note: One successful gmin step
Trying gmin =   1.0000E-12 Note: One successful gmin step
Note: True gmin stepping completed
 Reference value :  2.80000e+00Note: Starting true gmin stepping
Trying gmin =   1.0000E-03 Note: One successful gmin step
Trying gmin =   1.0000E-04 Note: One successful gmin step
Trying gmin =   1.0000E-05 Note: One successful gmin step
Trying gmin =   1.0000E-06 Note: One successful gmin step
Trying gmin =   1.0000E-07 Note: One successful gmin step
Trying gmin =   1.0000E-08 Note: One successful gmin step
Trying gmin =   1.0000E-09 Note: One successful gmin step
Trying gmin =   1.0000E-10 Warning: Further gmin increment
Trying gmin =   5.6234E-10 Note: One successful gmin step
Trying gmin =   2.3714E-10 Note: One successful gmin step
Trying gmin =   6.4938E-11 Warning: Further gmin increment
Trying gmin =   1.7154E-10 Note: One successful gmin step
Trying gmin =   1.0554E-10 Note: One successful gmin step
Trying gmin =   5.0937E-11 Note: One successful gmin step
Trying gmin =   1.7077E-11 Note: One successful gmin step
Trying gmin =   3.3152E-12 Note: One successful gmin step
Trying gmin =   1.0000E-12 Note: One successful gmin step
Note: True gmin stepping completed
 Reference value :  1.04000e+00Note: Starting true gmin stepping
Trying gmin =   1.0000E-03 Note: One successful gmin step
Trying gmin =   1.0000E-04 Note: One successful gmin step
Trying gmin =   1.0000E-05 Note: One successful gmin step
Trying gmin =   1.0000E-06 Note: One successful gmin step
Trying gmin =   1.0000E-07 Note: One successful gmin step
Trying gmin =   1.0000E-08 Note: One successful gmin step
Trying gmin =   1.0000E-09 Note: One successful gmin step
Trying gmin =   1.0000E-10 Note: One successful gmin step
Trying gmin =   1.0000E-11 Note: One successful gmin step
Trying gmin =   3.1623E-12 Note: One successful gmin step
Trying gmin =   1.0000E-12 Warning: Further gmin increment
Trying gmin =   2.3714E-12 Note: One successful gmin step
Trying gmin =   1.5399E-12 Note: One successful gmin step
Trying gmin =   1.0000E-12 Warning: Further gmin increment
Trying gmin =   1.3824E-12 Note: One successful gmin step
Trying gmin =   1.1757E-12 Note: One successful gmin step
Trying gmin =   1.0000E-12 Warning: Further gmin increment
Trying gmin =   1.1291E-12 Note: One successful gmin step
Trying gmin =   1.0626E-12 Note: One successful gmin step
Trying gmin =   1.0000E-12 Warning: Further gmin increment
Trying gmin =   1.0466E-12 Note: One successful gmin step
Trying gmin =   1.0230E-12 Note: One successful gmin step
Trying gmin =   1.0000E-12 Warning: Further gmin increment
Trying gmin =   1.0172E-12 Note: One successful gmin step
Trying gmin =   1.0086E-12 Note: One successful gmin step
Trying gmin =   1.0000E-12 Warning: Further gmin increment
Trying gmin =   1.0064E-12 Note: One successful gmin step
Trying gmin =   1.0032E-12 Note: One successful gmin step
Trying gmin =   1.0000E-12 Warning: Further gmin increment
Trying gmin =   1.0024E-12 Note: One successful gmin step
Trying gmin =   1.0012E-12 Note: One successful gmin step
Trying gmin =   1.0000E-12 Warning: Further gmin increment
Trying gmin =   1.0009E-12 Note: One successful gmin step
Trying gmin =   1.0005E-12 Warning: Further gmin increment
Trying gmin =   1.0008E-12 Note: One successful gmin step
Trying gmin =   1.0007E-12 Warning: Further gmin increment
Trying gmin =   1.0008E-12 Note: One successful gmin step
Trying gmin =   1.0007E-12 Note: One successful gmin step
Trying gmin =   1.0007E-12 Note: One successful gmin step
Trying gmin =   1.0006E-12 Warning: Further gmin increment
Trying gmin =   1.0007E-12 Warning: Last gmin step failed
Warning: True gmin stepping failed
Note: Starting dynamic gmin stepping
Trying gmin =   1.0000E-03 Note: One successful gmin step
Trying gmin =   1.0000E-04 Note: One successful gmin step
Trying gmin =   1.0000E-05 Note: One successful gmin step
Trying gmin =   1.0000E-06 Note: One successful gmin step
Trying gmin =   1.0000E-07 Note: One successful gmin step
Trying gmin =   1.0000E-08 Note: One successful gmin step
Trying gmin =   1.0000E-09 Note: One successful gmin step
Trying gmin =   1.0000E-10 Note: One successful gmin step
Trying gmin =   1.0000E-11 Note: One successful gmin step
Trying gmin =   3.1623E-12 Note: One successful gmin step
Trying gmin =   1.0000E-12 Note: One successful gmin step
Trying gmin =   1.0000E-12 Note: One successful gmin step
Warning: Dynamic gmin stepping failed
Note: Starting source stepping
Supplies reduced to   0.0000% Note: One successful source step
Supplies reduced to   0.1000% Note: One successful source step
Supplies reduced to   0.2000% Note: One successful source step
Supplies reduced to   0.3500% Note: One successful source step
Supplies reduced to   0.5750% Note: One successful source step
Supplies reduced to   0.9125% Note: One successful source step
Supplies reduced to   1.4188% Note: One successful source step
Supplies reduced to   2.1781% Note: One successful source step
Supplies reduced to   3.3172% Note: One successful source step
Supplies reduced to   5.0258% Note: One successful source step
Supplies reduced to   7.5887% Note: One successful source step
Supplies reduced to  11.4330% Note: One successful source step
Supplies reduced to  17.1995% Note: One successful source step
Supplies reduced to  25.8493% Note: One successful source step
Supplies reduced to  38.8239% Note: One successful source step
Supplies reduced to  58.2859% Note: One successful source step
Supplies reduced to  87.4788% Note: One successful source step
Supplies reduced to 100.0000% Supplies reduced to  87.4788% Note: One successful source step
Supplies reduced to  88.4788% Note: One successful source step
Supplies reduced to  89.9788% Note: One successful source step
Supplies reduced to  91.4788% Note: One successful source step
Supplies reduced to  93.7288% Note: One successful source step
Supplies reduced to  95.9788% Note: One successful source step
Supplies reduced to  98.2288% Note: One successful source step
Supplies reduced to 100.0000% Supplies reduced to  98.2288% Note: One successful source step
Supplies reduced to  98.7350% Note: One successful source step
Supplies reduced to  99.4944% Note: One successful source step
Supplies reduced to 100.0000% Supplies reduced to  99.4944% Note: One successful source step
Supplies reduced to  99.6653% Note: One successful source step
Supplies reduced to  99.9216% Note: One successful source step
Supplies reduced to 100.0000% Supplies reduced to  99.9216% Note: One successful source step
Supplies reduced to  99.9600% Note: One successful source step
Supplies reduced to  99.9984% Supplies reduced to  99.9600% Warning: source stepping failed
doAnalyses: Too many iterations without convergence

dc simulation(s) aborted

Error: measure  pm  (AT) : out of interval
 meas ac pm find p when vdb(ldo_out)=0 failed!

Doing analysis at TEMP = 85.000000 and TNOM = 27.000000


No. of Data Rows : 91
psrr100             =  -4.791290e+01
psrr100k            =  -2.602994e+01
Doing analysis at TEMP = 85.000000 and TNOM = 27.000000


No. of Data Rows : 86
temp_coeff = 5.134821e+01
Doing analysis at TEMP = 85.000000 and TNOM = 27.000000

vldo_sup_2          =  1.810641e+00
vldo_sup_2_8        =  1.812735e+00
line_reg = 2.617500e-03
Note: No ".plot", ".print", or ".fourier" lines; no simulations run
vin                 =  1.779510e+00
dropout = 1.551000e-02
