 Reference value :  8.50000e+01Note: Starting true gmin stepping
Trying gmin =   1.0000E-03 Note: One successful gmin step
Trying gmin =   1.0000E-04 Note: One successful gmin step
Trying gmin =   1.0000E-05 Note: One successful gmin step
Trying gmin =   1.0000E-06 Note: One successful gmin step
Trying gmin =   1.0000E-07 Warning: Further gmin increment
Trying gmin =   5.6234E-07 Note: One successful gmin step
Trying gmin =   2.3714E-07 Note: One successful gmin step
Trying gmin =   6.4938E-08 Warning: Further gmin increment
Trying gmin =   1.7154E-07 Note: One successful gmin step
Trying gmin =   1.0554E-07 Note: One successful gmin step
Trying gmin =   5.0937E-08 Warning: Further gmin increment
Trying gmin =   8.7970E-08 Note: One successful gmin step
Trying gmin =   6.6940E-08 Warning: Further gmin increment
Trying gmin =   8.2162E-08 Note: One successful gmin step
Trying gmin =   7.4161E-08 Note: One successful gmin step
Trying gmin =   6.3597E-08 Warning: Further gmin increment
Trying gmin =   7.1366E-08 Warning: Further gmin increment
Trying gmin =   7.3453E-08 Note: One successful gmin step
Trying gmin =   7.2750E-08 Note: One successful gmin step
Trying gmin =   7.1710E-08 Note: One successful gmin step
Trying gmin =   7.0177E-08 Note: One successful gmin step
Trying gmin =   6.7938E-08 Note: One successful gmin step
Trying gmin =   6.4714E-08 Note: One successful gmin step
Trying gmin =   6.0162E-08 Note: One successful gmin step
Trying gmin =   5.3927E-08 Note: One successful gmin step
Trying gmin =   4.5765E-08 Note: One successful gmin step
Trying gmin =   3.5779E-08 Note: One successful gmin step
Trying gmin =   2.4732E-08 Note: One successful gmin step
Trying gmin =   1.4214E-08 Note: One successful gmin step
Trying gmin =   6.1931E-09 Note: One successful gmin step
Trying gmin =   1.7811E-09 Note: One successful gmin step
Trying gmin =   2.7470E-10 Note: One successful gmin step
Trying gmin =   2.7470E-11 Note: One successful gmin step
Trying gmin =   2.7470E-12 Note: One successful gmin step
Trying gmin =   1.0000E-12 Note: One successful gmin step
Note: True gmin stepping completed
 Reference value :  2.80000e+00Note: Starting true gmin stepping
Trying gmin =   1.0000E-03 Note: One successful gmin step
Trying gmin =   1.0000E-04 Note: One successful gmin step
Trying gmin =   1.0000E-05 Note: One successful gmin step
Trying gmin =   1.0000E-06 Note: One successful gmin step
Trying gmin =   1.0000E-07 Note: One successful gmin step
Trying gmin =   1.0000E-08 Note: One successful gmin step
Trying gmin =   1.0000E-09 Note: One successful gmin step
Trying gmin =   1.0000E-10 Note: One successful gmin step
Trying gmin =   1.0000E-11 Note: One successful gmin step
Trying gmin =   1.0000E-12 Warning: Further gmin increment
Trying gmin =   5.6234E-12 Note: One successful gmin step
Trying gmin =   2.3714E-12 Warning: Further gmin increment
Trying gmin =   4.5316E-12 Note: One successful gmin step
Trying gmin =   3.2781E-12 Note: One successful gmin step
Trying gmin =   2.0169E-12 Warning: Further gmin increment
Trying gmin =   2.9033E-12 Note: One successful gmin step
Trying gmin =   2.4199E-12 Note: One successful gmin step
Trying gmin =   2.0169E-12 Note: One successful gmin step
Trying gmin =   1.5347E-12 Note: One successful gmin step
Trying gmin =   1.0187E-12 Note: One successful gmin step
Trying gmin =   1.0000E-12 Note: One successful gmin step
Note: True gmin stepping completed
 Reference value :  1.20000e+00Note: Starting true gmin stepping
Trying gmin =   1.0000E-03 Note: One successful gmin step
Trying gmin =   1.0000E-04 Note: One successful gmin step
Trying gmin =   1.0000E-05 Note: One successful gmin step
Trying gmin =   1.0000E-06 Note: One successful gmin step
Trying gmin =   1.0000E-07 Note: One successful gmin step
Trying gmin =   1.0000E-08 Note: One successful gmin step
Trying gmin =   1.0000E-09 Note: One successful gmin step
Trying gmin =   1.0000E-10 Note: One successful gmin step
Trying gmin =   1.0000E-11 Note: One successful gmin step
Trying gmin =   1.0000E-12 Warning: Further gmin increment
Trying gmin =   5.6234E-12 Note: One successful gmin step
Trying gmin =   2.3714E-12 Note: One successful gmin step
Trying gmin =   1.0000E-12 Warning: Further gmin increment
Trying gmin =   1.9110E-12 Warning: Further gmin increment
Trying gmin =   2.2468E-12 Note: One successful gmin step
Trying gmin =   2.0721E-12 Warning: Further gmin increment
Trying gmin =   2.2018E-12 Warning: Further gmin increment
Trying gmin =   2.2355E-12 Note: One successful gmin step
Trying gmin =   2.2186E-12 Note: One successful gmin step
Trying gmin =   2.1934E-12 Note: One successful gmin step
Trying gmin =   2.1563E-12 Note: One successful gmin step
Trying gmin =   2.1018E-12 Warning: Further gmin increment
Trying gmin =   2.1425E-12 Note: One successful gmin step
Trying gmin =   2.1357E-12 Warning: Further gmin increment
Trying gmin =   2.1408E-12 Note: One successful gmin step
Trying gmin =   2.1400E-12 Note: One successful gmin step
Trying gmin =   2.1387E-12 Note: One successful gmin step
Trying gmin =   2.1374E-12 Warning: Further gmin increment
Trying gmin =   2.1384E-12 Note: One successful gmin step
Trying gmin =   2.1380E-12 Note: One successful gmin step
Trying gmin =   2.1376E-12 Warning: Further gmin increment
Trying gmin =   2.1379E-12 Note: One successful gmin step
Trying gmin =   2.1377E-12 Warning: Further gmin increment
Trying gmin =   2.1379E-12 Note: One successful gmin step
Trying gmin =   2.1378E-12 Note: One successful gmin step
Trying gmin =   2.1377E-12 Note: One successful gmin step
Trying gmin =   2.1375E-12 Note: One successful gmin step
Trying gmin =   2.1373E-12 Note: One successful gmin step
Trying gmin =   2.1369E-12 Note: One successful gmin step
Trying gmin =   2.1364E-12 Note: One successful gmin step
Trying gmin =   2.1356E-12 Note: One successful gmin step
Trying gmin =   2.1343E-12 Note: One successful gmin step
Trying gmin =   2.1325E-12 Note: One successful gmin step
Trying gmin =   2.1298E-12 Note: One successful gmin step
Trying gmin =   2.1257E-12 Note: One successful gmin step
Trying gmin =   2.1196E-12 Note: One successful gmin step
Trying gmin =   2.1104E-12 Note: One successful gmin step
Trying gmin =   2.0968E-12 Note: One successful gmin step
Trying gmin =   2.0765E-12 Note: One successful gmin step
Trying gmin =   2.0464E-12 Note: One successful gmin step
Trying gmin =   2.0021E-12 Note: One successful gmin step
Trying gmin =   1.9374E-12 Note: One successful gmin step
Trying gmin =   1.8443E-12 Note: One successful gmin step
Trying gmin =   1.7129E-12 Note: One successful gmin step
Trying gmin =   1.5332E-12 Note: One successful gmin step
Trying gmin =   1.2983E-12 Note: One successful gmin step
Trying gmin =   1.0118E-12 Note: One successful gmin step
Trying gmin =   1.0000E-12 Note: One successful gmin step
Note: True gmin stepping completed
 Reference value :  1.18000e+00Note: Starting true gmin stepping
Trying gmin =   1.0000E-03 Note: One successful gmin step
Trying gmin =   1.0000E-04 Note: One successful gmin step
Trying gmin =   1.0000E-05 Note: One successful gmin step
Trying gmin =   1.0000E-06 Note: One successful gmin step
Trying gmin =   1.0000E-07 Note: One successful gmin step
Trying gmin =   1.0000E-08 Note: One successful gmin step
Trying gmin =   1.0000E-09 Note: One successful gmin step
Trying gmin =   1.0000E-10 Note: One successful gmin step
Trying gmin =   1.0000E-11 Note: One successful gmin step
Trying gmin =   1.0000E-12 Note: One successful gmin step
Trying gmin =   1.0000E-12 Note: One successful gmin step
Note: True gmin stepping completed
 Reference value :  7.40000e-01
No compatibility mode selected!


Circuit: * ldo netlist 

Doing analysis at TEMP = 0.000000 and TNOM = 27.000000


No. of Data Rows : 86
temp_coeff = 2.802008e+01
Doing analysis at TEMP = 0.000000 and TNOM = 27.000000


No. of Data Rows : 141
vldo_sup_2          =  1.805631e+00
vldo_sup_2_8        =  1.804620e+00
line_reg = 1.263750e-03
Note: Starting true gmin stepping
Trying gmin =   1.0000E-03 Note: One successful gmin step
Trying gmin =   1.0000E-04 Note: One successful gmin step
Trying gmin =   1.0000E-05 Note: One successful gmin step
Trying gmin =   1.0000E-06 Note: One successful gmin step
Trying gmin =   1.0000E-07 Note: One successful gmin step
Trying gmin =   3.1623E-08 Warning: Further gmin increment
Trying gmin =   7.4989E-08 Note: One successful gmin step
Trying gmin =   5.6234E-08 Warning: Further gmin increment
Trying gmin =   6.9783E-08 Note: One successful gmin step
Trying gmin =   6.2643E-08 Note: One successful gmin step
Trying gmin =   5.3280E-08 Note: One successful gmin step
Trying gmin =   4.9137E-08 Note: One successful gmin step
Trying gmin =   4.3518E-08 Note: One successful gmin step
Trying gmin =   3.6272E-08 Note: One successful gmin step
Trying gmin =   2.7601E-08 Note: One successful gmin step
Trying gmin =   1.8321E-08 Note: One successful gmin step
Trying gmin =   9.9077E-09 Note: One successful gmin step
Trying gmin =   3.9402E-09 Note: One successful gmin step
Trying gmin =   9.8819E-10 Note: One successful gmin step
Trying gmin =   1.2412E-10 Note: One successful gmin step
Trying gmin =   1.2412E-11 Note: One successful gmin step
Trying gmin =   1.2412E-12 Note: One successful gmin step
Trying gmin =   1.0000E-12 Note: One successful gmin step
Note: True gmin stepping completed
vin                 =  1.764093e+00
dropout = 9.300000e-05
Doing analysis at TEMP = 0.000000 and TNOM = 27.000000


No. of Data Rows : 91
Note: Starting true gmin stepping
Trying gmin =   1.0000E-03 Note: One successful gmin step
Trying gmin =   1.0000E-04 Note: One successful gmin step
Trying gmin =   1.0000E-05 Note: One successful gmin step
Trying gmin =   1.0000E-06 Note: One successful gmin step
Trying gmin =   1.0000E-07 Note: One successful gmin step
Trying gmin =   3.1623E-08 Warning: Further gmin increment
Trying gmin =   7.4989E-08 Note: One successful gmin step
Trying gmin =   5.6234E-08 Warning: Further gmin increment
Trying gmin =   6.9783E-08 Note: One successful gmin step
Trying gmin =   6.2643E-08 Note: One successful gmin step
Trying gmin =   5.3280E-08 Note: One successful gmin step
Trying gmin =   4.9137E-08 Note: One successful gmin step
Trying gmin =   4.3518E-08 Note: One successful gmin step
Trying gmin =   3.6272E-08 Note: One successful gmin step
Trying gmin =   2.7601E-08 Note: One successful gmin step
Trying gmin =   1.8321E-08 Note: One successful gmin step
Trying gmin =   9.9077E-09 Note: One successful gmin step
Trying gmin =   3.9402E-09 Note: One successful gmin step
Trying gmin =   9.8819E-10 Note: One successful gmin step
Trying gmin =   1.2412E-10 Note: One successful gmin step
Trying gmin =   1.2412E-11 Note: One successful gmin step
Trying gmin =   1.2412E-12 Note: One successful gmin step
Trying gmin =   1.0000E-12 Note: One successful gmin step
Note: True gmin stepping completed
 Reference value :  1.00000e+00Note: No ".plot", ".print", or ".fourier" lines; no simulations run
pm                  =  6.832580e+01
Doing analysis at TEMP = 0.000000 and TNOM = 27.000000


No. of Data Rows : 91
psrr100             =  -5.423886e+01
psrr100k            =  -2.691059e+01
