 Reference value :  8.50000e+01Note: Starting true gmin stepping
Trying gmin =   1.0000E-03 Note: One successful gmin step
Trying gmin =   1.0000E-04 Note: One successful gmin step
Trying gmin =   1.0000E-05 Note: One successful gmin step
Trying gmin =   1.0000E-06 Note: One successful gmin step
Trying gmin =   1.0000E-07 Warning: Further gmin increment
Trying gmin =   5.6234E-07 Note: One successful gmin step
Trying gmin =   2.3714E-07 Note: One successful gmin step
Trying gmin =   1.0000E-07 Note: One successful gmin step
Trying gmin =   2.7384E-08 Warning: Further gmin increment
Trying gmin =   7.2339E-08 Note: One successful gmin step
Trying gmin =   4.4508E-08 Warning: Further gmin increment
Trying gmin =   6.4068E-08 Warning: Further gmin increment
Trying gmin =   7.0176E-08 Warning: Further gmin increment
Trying gmin =   7.1793E-08 Note: One successful gmin step
Trying gmin =   7.0980E-08 Note: One successful gmin step
Trying gmin =   6.9778E-08 Note: One successful gmin step
Trying gmin =   6.8014E-08 Note: One successful gmin step
Trying gmin =   6.5450E-08 Note: One successful gmin step
Trying gmin =   6.1785E-08 Note: One successful gmin step
Trying gmin =   5.6668E-08 Note: One successful gmin step
Trying gmin =   4.9777E-08 Note: One successful gmin step
Trying gmin =   4.0978E-08 Note: One successful gmin step
Trying gmin =   3.0609E-08 Note: One successful gmin step
Trying gmin =   1.9760E-08 Note: One successful gmin step
Trying gmin =   1.0250E-08 Note: One successful gmin step
Trying gmin =   3.8289E-09 Note: One successful gmin step
Trying gmin =   8.7424E-10 Note: One successful gmin step
Trying gmin =   9.5380E-11 Note: One successful gmin step
Trying gmin =   9.5380E-12 Note: One successful gmin step
Trying gmin =   1.0000E-12 Note: One successful gmin step
Note: True gmin stepping completed
 Reference value :  2.80000e+00Note: Starting true gmin stepping
Trying gmin =   1.0000E-03 Note: One successful gmin step
Trying gmin =   1.0000E-04 Note: One successful gmin step
Trying gmin =   1.0000E-05 Note: One successful gmin step
Trying gmin =   1.0000E-06 Note: One successful gmin step
Trying gmin =   1.0000E-07 Note: One successful gmin step
Trying gmin =   1.0000E-08 Note: One successful gmin step
Trying gmin =   3.1623E-09 Note: One successful gmin step
Trying gmin =   5.6234E-10 Note: One successful gmin step
Trying gmin =   5.6234E-11 Note: One successful gmin step
Trying gmin =   5.6234E-12 Note: One successful gmin step
Trying gmin =   1.0000E-12 Warning: Further gmin increment
Trying gmin =   3.6517E-12 Note: One successful gmin step
Trying gmin =   1.9110E-12 Warning: Further gmin increment
Trying gmin =   3.1059E-12 Note: One successful gmin step
Trying gmin =   2.4362E-12 Warning: Further gmin increment
Trying gmin =   2.9229E-12 Warning: Further gmin increment
Trying gmin =   3.0591E-12 Note: One successful gmin step
Trying gmin =   2.9903E-12 Note: One successful gmin step
Trying gmin =   2.8899E-12 Note: One successful gmin step
Trying gmin =   2.7928E-12 Note: One successful gmin step
Trying gmin =   2.6534E-12 Note: One successful gmin step
Trying gmin =   2.4571E-12 Note: One successful gmin step
Trying gmin =   2.1896E-12 Note: One successful gmin step
Trying gmin =   1.8420E-12 Note: One successful gmin step
Trying gmin =   1.4212E-12 Note: One successful gmin step
Trying gmin =   1.0000E-12 Note: One successful gmin step
Note: True gmin stepping completed
 Reference value :  1.20000e+00Note: Starting true gmin stepping
Trying gmin =   1.0000E-03 Note: One successful gmin step
Trying gmin =   1.0000E-04 Note: One successful gmin step
Trying gmin =   1.0000E-05 Note: One successful gmin step
Trying gmin =   1.0000E-06 Note: One successful gmin step
Trying gmin =   1.0000E-07 Note: One successful gmin step
Trying gmin =   1.0000E-08 Warning: Further gmin increment
Trying gmin =   5.6234E-08 Note: One successful gmin step
Trying gmin =   2.3714E-08 Note: One successful gmin step
Trying gmin =   6.4938E-09 Note: One successful gmin step
Trying gmin =   9.3057E-10 Note: One successful gmin step
Trying gmin =   9.3057E-11 Note: One successful gmin step
Trying gmin =   9.3057E-12 Note: One successful gmin step
Trying gmin =   1.0000E-12 Warning: Further gmin increment
Trying gmin =   5.3280E-12 Note: One successful gmin step
Trying gmin =   2.3082E-12 Note: One successful gmin step
Trying gmin =   1.0000E-12 Warning: Further gmin increment
Trying gmin =   1.8727E-12 Warning: Further gmin increment
Trying gmin =   2.1907E-12 Warning: Further gmin increment
Trying gmin =   2.2783E-12 Warning: Further gmin increment
Trying gmin =   2.3007E-12 Note: One successful gmin step
Trying gmin =   2.2895E-12 Note: One successful gmin step
Trying gmin =   2.2727E-12 Note: One successful gmin step
Trying gmin =   2.2478E-12 Note: One successful gmin step
Trying gmin =   2.2109E-12 Note: One successful gmin step
Trying gmin =   2.1746E-12 Note: One successful gmin step
Trying gmin =   2.1389E-12 Note: One successful gmin step
Trying gmin =   2.0865E-12 Note: One successful gmin step
Trying gmin =   2.0103E-12 Note: One successful gmin step
Trying gmin =   1.9011E-12 Note: One successful gmin step
Trying gmin =   1.7484E-12 Note: One successful gmin step
Trying gmin =   1.5420E-12 Note: One successful gmin step
Trying gmin =   1.2772E-12 Note: One successful gmin step
Trying gmin =   1.0000E-12 Note: One successful gmin step
Note: True gmin stepping completed
 Reference value :  1.18000e+00Note: Starting true gmin stepping
Trying gmin =   1.0000E-03 Note: One successful gmin step
Trying gmin =   1.0000E-04 Note: One successful gmin step
Trying gmin =   1.0000E-05 Note: One successful gmin step
Trying gmin =   1.0000E-06 Note: One successful gmin step
Trying gmin =   1.0000E-07 Note: One successful gmin step
Trying gmin =   1.0000E-08 Note: One successful gmin step
Trying gmin =   1.0000E-09 Note: One successful gmin step
Trying gmin =   1.0000E-10 Note: One successful gmin step
Trying gmin =   1.0000E-11 Note: One successful gmin step
Trying gmin =   1.0000E-12 Note: One successful gmin step
Trying gmin =   1.0000E-12 Note: One successful gmin step
Note: True gmin stepping completed

No compatibility mode selected!


Circuit: * ldo netlist 

Doing analysis at TEMP = 0.000000 and TNOM = 27.000000


No. of Data Rows : 86
temp_coeff = 4.209679e+01
Doing analysis at TEMP = 0.000000 and TNOM = 27.000000


No. of Data Rows : 141
vldo_sup_2          =  1.803405e+00
vldo_sup_2_8        =  1.802409e+00
line_reg = 1.245000e-03
Note: Starting true gmin stepping
Trying gmin =   1.0000E-03 Note: One successful gmin step
Trying gmin =   1.0000E-04 Note: One successful gmin step
Trying gmin =   1.0000E-05 Note: One successful gmin step
Trying gmin =   1.0000E-06 Note: One successful gmin step
Trying gmin =   1.0000E-07 Note: One successful gmin step
Trying gmin =   3.1623E-08 Error: -4.94064e+154, 2 out of range for ^
Warning: Further gmin increment
Trying gmin =   7.4989E-08 Note: One successful gmin step
Trying gmin =   4.8697E-08 Warning: Further gmin increment
Trying gmin =   6.7317E-08 Note: One successful gmin step
Trying gmin =   5.7255E-08 Warning: Further gmin increment
Trying gmin =   6.4647E-08 Note: One successful gmin step
Trying gmin =   6.0839E-08 Note: One successful gmin step
Trying gmin =   5.5543E-08 Warning: Further gmin increment
Trying gmin =   5.9469E-08 Note: One successful gmin step
Trying gmin =   5.7473E-08 Warning: Further gmin increment
Trying gmin =   5.8964E-08 Note: One successful gmin step
Trying gmin =   5.8213E-08 Warning: Further gmin increment
Trying gmin =   5.8775E-08 Warning: Further gmin increment
Trying gmin =   5.8916E-08 Note: One successful gmin step
Trying gmin =   5.8846E-08 Note: One successful gmin step
Trying gmin =   5.8740E-08 Warning: Further gmin increment
Trying gmin =   5.8819E-08 Note: One successful gmin step
Trying gmin =   5.8780E-08 Warning: Further gmin increment
Trying gmin =   5.8809E-08 Warning: Further gmin increment
Trying gmin =   5.8817E-08 Note: One successful gmin step
Trying gmin =   5.8813E-08 Note: One successful gmin step
Trying gmin =   5.8807E-08 Warning: Further gmin increment
Trying gmin =   5.8812E-08 Note: One successful gmin step
Trying gmin =   5.8810E-08 Note: One successful gmin step
Trying gmin =   5.8806E-08 Warning: Further gmin increment
Trying gmin =   5.8809E-08 Warning: Last gmin step failed
Warning: True gmin stepping failed
Note: Starting dynamic gmin stepping
Trying gmin =   1.0000E-03 Note: One successful gmin step
Trying gmin =   1.0000E-04 Note: One successful gmin step
Trying gmin =   1.0000E-05 Note: One successful gmin step
Trying gmin =   1.0000E-06 Note: One successful gmin step
Trying gmin =   1.0000E-07 Warning: Further gmin increment
Trying gmin =   5.6234E-07 Note: One successful gmin step
Trying gmin =   2.3714E-07 Warning: Further gmin increment
Trying gmin =   4.5316E-07 Note: One successful gmin step
Trying gmin =   3.2781E-07 Note: One successful gmin step
Trying gmin =   2.0169E-07 Warning: Further gmin increment
Trying gmin =   2.9033E-07 Note: One successful gmin step
Trying gmin =   2.4199E-07 Warning: Further gmin increment
Trying gmin =   2.7741E-07 Warning: Further gmin increment
Trying gmin =   2.8704E-07 Note: One successful gmin step
Trying gmin =   2.8218E-07 Note: One successful gmin step
Trying gmin =   2.7505E-07 Warning: Further gmin increment
Trying gmin =   2.8038E-07 Note: One successful gmin step
Trying gmin =   2.7770E-07 Warning: Further gmin increment
Trying gmin =   2.7971E-07 Warning: Further gmin increment
Trying gmin =   2.8021E-07 Note: One successful gmin step
Trying gmin =   2.7996E-07 Warning: Further gmin increment
Trying gmin =   2.8015E-07 Note: One successful gmin step
Trying gmin =   2.8006E-07 Warning: Further gmin increment
Trying gmin =   2.8013E-07 Note: One successful gmin step
Trying gmin =   2.8009E-07 Warning: Further gmin increment
Trying gmin =   2.8012E-07 Warning: Last gmin step failed
Warning: Dynamic gmin stepping failed
Note: Starting source stepping
Supplies reduced to   0.0000% Note: One successful source step
Supplies reduced to   0.1000% Note: One successful source step
Supplies reduced to   0.2000% Note: One successful source step
Supplies reduced to   0.3500% Note: One successful source step
Supplies reduced to   0.5750% Note: One successful source step
Supplies reduced to   0.9125% Note: One successful source step
Supplies reduced to   1.4188% Note: One successful source step
Supplies reduced to   2.1781% Note: One successful source step
Supplies reduced to   3.3172% Note: One successful source step
Supplies reduced to   5.0258% Note: One successful source step
Supplies reduced to   7.5887% Note: One successful source step
Supplies reduced to  11.4330% Note: One successful source step
Supplies reduced to  17.1995% Note: One successful source step
Supplies reduced to  25.8493% Note: One successful source step
Supplies reduced to  38.8239% Note: One successful source step
Supplies reduced to  58.2859% Supplies reduced to  38.8239% Note: One successful source step
Supplies reduced to  39.7970% Note: One successful source step
Supplies reduced to  40.7701% Note: One successful source step
Supplies reduced to  41.7432% Note: One successful source step
Supplies reduced to  42.7163% Note: One successful source step
Supplies reduced to  43.2028% Note: One successful source step
Supplies reduced to  43.9327% Note: One successful source step
Supplies reduced to  44.6625% Note: One successful source step
Supplies reduced to  45.7572% Note: One successful source step
Supplies reduced to  47.3993% Note: One successful source step
Supplies reduced to  49.8625% Note: One successful source step
Supplies reduced to  53.5572% Note: One successful source step
Supplies reduced to  59.0993% Note: One successful source step
Supplies reduced to  67.4124% Note: One successful source step
Supplies reduced to  71.5690% Note: One successful source step
Supplies reduced to  73.6473% Note: One successful source step
Supplies reduced to  76.7647% Note: One successful source step
Supplies reduced to  81.4409% Note: One successful source step
Supplies reduced to  88.4551% Supplies reduced to  81.4409% Note: One successful source step
Supplies reduced to  82.4409% Note: One successful source step
Supplies reduced to  83.9409% Note: One successful source step
Supplies reduced to  86.1909% Supplies reduced to  83.9409% Note: One successful source step
Supplies reduced to  84.2784% Note: One successful source step
Supplies reduced to  84.7846% Note: One successful source step
Supplies reduced to  85.5440% Note: One successful source step
Supplies reduced to  86.6831% Supplies reduced to  85.5440% Note: One successful source step
Supplies reduced to  85.7149% Note: One successful source step
Supplies reduced to  85.9711% Supplies reduced to  85.7149% Note: One successful source step
Supplies reduced to  85.7533% Note: One successful source step
Supplies reduced to  85.8110% Note: One successful source step
Supplies reduced to  85.8975% Note: One successful source step
Supplies reduced to  86.0272% Supplies reduced to  85.8975% Note: One successful source step
Supplies reduced to  85.9169% Note: One successful source step
Supplies reduced to  85.9461% Note: One successful source step
Supplies reduced to  85.9899% Note: One successful source step
Supplies reduced to  86.0556% Note: One successful source step
Supplies reduced to  86.1541% Note: One successful source step
Supplies reduced to  86.3019% Note: One successful source step
Supplies reduced to  86.5236% Note: One successful source step
Supplies reduced to  86.8561% Note: One successful source step
Supplies reduced to  87.3549% Note: One successful source step
Supplies reduced to  88.1031% Note: One successful source step
Supplies reduced to  89.2254% Note: One successful source step
Supplies reduced to  90.9088% Note: One successful source step
Supplies reduced to  93.4339% Note: One successful source step
Supplies reduced to  97.2216% Note: One successful source step
Supplies reduced to 100.0000% Note: One successful source step
Note: Source stepping completed
 Reference value :  1.00000e+00vin                 =  1.764092e+00
dropout = 9.200000e-05
Doing analysis at TEMP = 0.000000 and TNOM = 27.000000


No. of Data Rows : 91
Note: Starting true gmin stepping
Trying gmin =   1.0000E-03 Note: One successful gmin step
Trying gmin =   1.0000E-04 Note: One successful gmin step
Trying gmin =   1.0000E-05 Note: One successful gmin step
Trying gmin =   1.0000E-06 Note: One successful gmin step
Trying gmin =   1.0000E-07 Warning: Further gmin increment
Trying gmin =   5.6234E-07 Note: One successful gmin step
Trying gmin =   2.3714E-07 Note: One successful gmin step
Trying gmin =   1.0000E-07 Note: One successful gmin step
Trying gmin =   6.4938E-08 Note: One successful gmin step
Trying gmin =   3.3982E-08 Warning: Further gmin increment
Trying gmin =   5.5232E-08 Warning: Further gmin increment
Trying gmin =   6.2362E-08 Note: One successful gmin step
Trying gmin =   5.8689E-08 Warning: Further gmin increment
Trying gmin =   6.1423E-08 Note: One successful gmin step
Trying gmin =   6.0040E-08 Note: One successful gmin step
Trying gmin =   5.8024E-08 Warning: Further gmin increment
Trying gmin =   5.9530E-08 Note: One successful gmin step
Trying gmin =   5.8772E-08 Warning: Further gmin increment
Trying gmin =   5.9340E-08 Note: One successful gmin step
Trying gmin =   5.9055E-08 Note: One successful gmin step
Trying gmin =   5.8631E-08 Warning: Further gmin increment
Trying gmin =   5.8949E-08 Note: One successful gmin step
Trying gmin =   5.8790E-08 Warning: Further gmin increment
Trying gmin =   5.8909E-08 Note: One successful gmin step
Trying gmin =   5.8850E-08 Note: One successful gmin step
Trying gmin =   5.8760E-08 Warning: Further gmin increment
Trying gmin =   5.8827E-08 Note: One successful gmin step
Trying gmin =   5.8794E-08 Warning: Further gmin increment
Trying gmin =   5.8819E-08 Note: One successful gmin step
Trying gmin =   5.8806E-08 Warning: Further gmin increment
Trying gmin =   5.8816E-08 Note: One successful gmin step
Trying gmin =   5.8811E-08 Note: One successful gmin step
Trying gmin =   5.8804E-08 Warning: Further gmin increment
Trying gmin =   5.8809E-08 Warning: Last gmin step failed
Warning: True gmin stepping failed
Note: Starting dynamic gmin stepping
Trying gmin =   1.0000E-03 Note: One successful gmin step
Trying gmin =   1.0000E-04 Note: One successful gmin step
Trying gmin =   1.0000E-05 Note: One successful gmin step
Trying gmin =   1.0000E-06 Note: One successful gmin step
Trying gmin =   1.0000E-07 Warning: Further gmin increment
Trying gmin =   5.6234E-07 Note: One successful gmin step
Trying gmin =   2.3714E-07 Warning: Further gmin increment
Trying gmin =   4.5316E-07 Note: One successful gmin step
Trying gmin =   3.2781E-07 Note: One successful gmin step
Trying gmin =   2.0169E-07 Warning: Further gmin increment
Trying gmin =   2.9033E-07 Note: One successful gmin step
Trying gmin =   2.4199E-07 Warning: Further gmin increment
Trying gmin =   2.7741E-07 Warning: Further gmin increment
Trying gmin =   2.8704E-07 Note: One successful gmin step
Trying gmin =   2.8218E-07 Note: One successful gmin step
Trying gmin =   2.7505E-07 Warning: Further gmin increment
Trying gmin =   2.8038E-07 Note: One successful gmin step
Trying gmin =   2.7770E-07 Warning: Further gmin increment
Trying gmin =   2.7971E-07 Warning: Further gmin increment
Trying gmin =   2.8021E-07 Note: One successful gmin step
Trying gmin =   2.7996E-07 Warning: Further gmin increment
Trying gmin =   2.8015E-07 Note: One successful gmin step
Trying gmin =   2.8006E-07 Warning: Further gmin increment
Trying gmin =   2.8013E-07 Note: One successful gmin step
Trying gmin =   2.8009E-07 Warning: Further gmin increment
Trying gmin =   2.8012E-07 Warning: Last gmin step failed
Warning: Dynamic gmin stepping failed
Note: Starting source stepping
Supplies reduced to   0.0000% Note: One successful source step
Supplies reduced to   0.1000% Note: One successful source step
Supplies reduced to   0.2000% Note: One successful source step
Supplies reduced to   0.3500% Note: One successful source step
Supplies reduced to   0.5750% Note: One successful source step
Supplies reduced to   0.9125% Note: One successful source step
Supplies reduced to   1.4188% Note: One successful source step
Supplies reduced to   2.1781% Note: One successful source step
Supplies reduced to   3.3172% Note: One successful source step
Supplies reduced to   5.0258% Note: One successful source step
Supplies reduced to   7.5887% Note: One successful source step
Supplies reduced to  11.4330% Note: One successful source step
Supplies reduced to  17.1995% Note: One successful source step
Supplies reduced to  25.8493% Note: One successful source step
Supplies reduced to  38.8239% Note: One successful source step
Supplies reduced to  58.2859% Supplies reduced to  38.8239% Note: One successful source step
Supplies reduced to  39.7970% Note: One successful source step
Supplies reduced to  40.2835% Note: One successful source step
Supplies reduced to  40.7701% Note: One successful source step
Supplies reduced to  41.2566% Note: One successful source step
Supplies reduced to  41.9865% Note: One successful source step
Supplies reduced to  43.0812% Note: One successful source step
Supplies reduced to  44.1759% Note: One successful source step
Supplies reduced to  45.2707% Note: One successful source step
Supplies reduced to  46.9128% Note: One successful source step
Supplies reduced to  49.3759% Note: One successful source step
Supplies reduced to  53.0707% Note: One successful source step
Supplies reduced to  58.6128% Supplies reduced to  53.0707% Note: One successful source step
Supplies reduced to  53.6249% Supplies reduced to  53.0707% Note: One successful source step
Supplies reduced to  53.1538% Note: One successful source step
Supplies reduced to  53.2369% Note: One successful source step
Supplies reduced to  53.3616% Note: One successful source step
Supplies reduced to  53.5487% Note: One successful source step
Supplies reduced to  53.8292% Note: One successful source step
Supplies reduced to  54.1098% Note: One successful source step
Supplies reduced to  54.5307% Note: One successful source step
Supplies reduced to  55.1619% Note: One successful source step
Supplies reduced to  56.1089% Note: One successful source step
Supplies reduced to  57.5292% Note: One successful source step
Supplies reduced to  59.6598% Note: One successful source step
Supplies reduced to  62.8556% Note: One successful source step
Supplies reduced to  67.6494% Note: One successful source step
Supplies reduced to  74.8401% Note: One successful source step
Supplies reduced to  85.6261% Note: One successful source step
Supplies reduced to 100.0000% Supplies reduced to  85.6261% Note: One successful source step
Supplies reduced to  86.6261% Supplies reduced to  85.6261% Note: One successful source step
Supplies reduced to  85.7761% Note: One successful source step
Supplies reduced to  86.0011% Supplies reduced to  85.7761% Note: One successful source step
Supplies reduced to  85.8098% Note: One successful source step
Supplies reduced to  85.8605% Note: One successful source step
Supplies reduced to  85.9364% Note: One successful source step
Supplies reduced to  86.0503% Supplies reduced to  85.9364% Note: One successful source step
Supplies reduced to  85.9535% Note: One successful source step
Supplies reduced to  85.9791% Note: One successful source step
Supplies reduced to  86.0176% Note: One successful source step
Supplies reduced to  86.0752% Note: One successful source step
Supplies reduced to  86.1617% Note: One successful source step
Supplies reduced to  86.2915% Note: One successful source step
Supplies reduced to  86.4861% Note: One successful source step
Supplies reduced to  86.7780% Note: One successful source step
Supplies reduced to  87.2159% Note: One successful source step
Supplies reduced to  87.8727% Note: One successful source step
Supplies reduced to  88.8580% Note: One successful source step
Supplies reduced to  90.3359% Note: One successful source step
Supplies reduced to  92.5527% Note: One successful source step
Supplies reduced to  95.8780% Note: One successful source step
Supplies reduced to 100.0000% Note: One successful source step
Note: Source stepping completed
 Reference value :  1.00000e+00Note: No ".plot", ".print", or ".fourier" lines; no simulations run
pm                  =  6.833869e+01
Doing analysis at TEMP = 0.000000 and TNOM = 27.000000


No. of Data Rows : 91
psrr100             =  -5.435521e+01
psrr100k            =  -2.564045e+01
