 Reference value :  8.50000e+01Note: Starting true gmin stepping
Trying gmin =   1.0000E-03 Note: One successful gmin step
Trying gmin =   1.0000E-04 Note: One successful gmin step
Trying gmin =   1.0000E-05 Note: One successful gmin step
Trying gmin =   1.0000E-06 Note: One successful gmin step
Trying gmin =   1.0000E-07 Note: One successful gmin step
Trying gmin =   1.0000E-08 Warning: Further gmin increment
Trying gmin =   5.6234E-08 Warning: Further gmin increment
Trying gmin =   8.6596E-08 Note: One successful gmin step
Trying gmin =   6.9783E-08 Warning: Further gmin increment
Trying gmin =   8.2047E-08 Note: One successful gmin step
Trying gmin =   7.5667E-08 Note: One successful gmin step
Trying gmin =   6.7015E-08 Warning: Further gmin increment
Trying gmin =   7.3404E-08 Note: One successful gmin step
Trying gmin =   7.0137E-08 Warning: Further gmin increment
Trying gmin =   7.2574E-08 Warning: Further gmin increment
Trying gmin =   7.3196E-08 Warning: Further gmin increment
Trying gmin =   7.3352E-08 Note: One successful gmin step
Trying gmin =   7.3274E-08 Warning: Further gmin increment
Trying gmin =   7.3333E-08 Note: One successful gmin step
Trying gmin =   7.3303E-08 Note: One successful gmin step
Trying gmin =   7.3259E-08 Warning: Further gmin increment
Trying gmin =   7.3292E-08 Note: One successful gmin step
Trying gmin =   7.3276E-08 Warning: Further gmin increment
Trying gmin =   7.3288E-08 Note: One successful gmin step
Trying gmin =   7.3282E-08 Warning: Further gmin increment
Trying gmin =   7.3287E-08 Note: One successful gmin step
Trying gmin =   7.3284E-08 Note: One successful gmin step
Trying gmin =   7.3281E-08 Warning: Last gmin step failed
Warning: True gmin stepping failed
Note: Starting dynamic gmin stepping
Trying gmin =   1.0000E-03 Note: One successful gmin step
Trying gmin =   1.0000E-04 Note: One successful gmin step
Trying gmin =   1.0000E-05 Note: One successful gmin step
Trying gmin =   1.0000E-06 Warning: Further gmin increment
Trying gmin =   5.6234E-06 Note: One successful gmin step
Trying gmin =   3.1623E-06 Note: One successful gmin step
Trying gmin =   1.3335E-06 Warning: Further gmin increment
Trying gmin =   2.5483E-06 Note: One successful gmin step
Trying gmin =   1.8434E-06 Note: One successful gmin step
Trying gmin =   1.1342E-06 Warning: Further gmin increment
Trying gmin =   1.6326E-06 Note: One successful gmin step
Trying gmin =   1.3608E-06 Warning: Further gmin increment
Trying gmin =   1.5600E-06 Note: One successful gmin step
Trying gmin =   1.4570E-06 Warning: Further gmin increment
Trying gmin =   1.5336E-06 Note: One successful gmin step
Trying gmin =   1.5205E-06 Note: One successful gmin step
Trying gmin =   1.5012E-06 Note: One successful gmin step
Trying gmin =   1.4726E-06 Note: One successful gmin step
Trying gmin =   1.4308E-06 Note: One successful gmin step
Trying gmin =   1.3703E-06 Note: One successful gmin step
Trying gmin =   1.2842E-06 Note: One successful gmin step
Trying gmin =   1.1652E-06 Note: One successful gmin step
Trying gmin =   1.0071E-06 Note: One successful gmin step
Trying gmin =   8.0915E-07 Note: One successful gmin step
Trying gmin =   5.8275E-07 Note: One successful gmin step
Trying gmin =   3.5618E-07 Note: One successful gmin step
Trying gmin =   1.7019E-07 Note: One successful gmin step
Trying gmin =   5.6216E-08 Note: One successful gmin step
Trying gmin =   1.0672E-08 Note: One successful gmin step
Trying gmin =   1.0672E-09 Note: One successful gmin step
Trying gmin =   1.0672E-10 Note: One successful gmin step
Trying gmin =   1.0672E-11 Note: One successful gmin step
Trying gmin =   1.0672E-12 Note: One successful gmin step
Trying gmin =   1.0000E-12 Note: One successful gmin step
Note: Dynamic gmin stepping completed
 Reference value :  2.80000e+00Note: Starting true gmin stepping
Trying gmin =   1.0000E-03 Note: One successful gmin step
Trying gmin =   1.0000E-04 Note: One successful gmin step
Trying gmin =   1.0000E-05 Note: One successful gmin step
Trying gmin =   1.0000E-06 Note: One successful gmin step
Trying gmin =   1.0000E-07 Note: One successful gmin step
Trying gmin =   1.0000E-08 Note: One successful gmin step
Trying gmin =   1.0000E-09 Warning: Further gmin increment
Trying gmin =   5.6234E-09 Note: One successful gmin step
Trying gmin =   2.3714E-09 Note: One successful gmin step
Trying gmin =   6.4938E-10 Note: One successful gmin step
Trying gmin =   9.3057E-11 Note: One successful gmin step
Trying gmin =   9.3057E-12 Note: One successful gmin step
Trying gmin =   1.0000E-12 Note: One successful gmin step
Note: True gmin stepping completed
Note: Starting true gmin stepping
Trying gmin =   1.0000E-03 Note: One successful gmin step
Trying gmin =   1.0000E-04 Note: One successful gmin step
Trying gmin =   1.0000E-05 Note: One successful gmin step
Trying gmin =   1.0000E-06 Note: One successful gmin step
Trying gmin =   1.0000E-07 Note: One successful gmin step
Trying gmin =   1.0000E-08 Warning: Further gmin increment
Trying gmin =   5.6234E-08 Note: One successful gmin step
Trying gmin =   2.3714E-08 Note: One successful gmin step
Trying gmin =   1.0000E-08 Note: One successful gmin step
Trying gmin =   2.7384E-09 Note: One successful gmin step
Trying gmin =   3.9242E-10 Warning: Further gmin increment
Trying gmin =   1.6849E-09 Warning: Further gmin increment
Trying gmin =   2.4253E-09 Note: One successful gmin step
Trying gmin =   2.0215E-09 Note: One successful gmin step
Trying gmin =   1.5382E-09 Warning: Further gmin increment
Trying gmin =   1.8880E-09 Warning: Further gmin increment
Trying gmin =   1.9872E-09 Note: One successful gmin step
Trying gmin =   1.9370E-09 Note: One successful gmin step
Trying gmin =   1.8640E-09 Warning: Further gmin increment
Trying gmin =   1.9185E-09 Note: One successful gmin step
Trying gmin =   1.8910E-09 Warning: Further gmin increment
Trying gmin =   1.9116E-09 Warning: Further gmin increment
Trying gmin =   1.9167E-09 Note: One successful gmin step
Trying gmin =   1.9141E-09 Warning: Further gmin increment
Trying gmin =   1.9161E-09 Note: One successful gmin step
Trying gmin =   1.9151E-09 Note: One successful gmin step
Trying gmin =   1.9137E-09 Warning: Further gmin increment
Trying gmin =   1.9148E-09 Note: One successful gmin step
Trying gmin =   1.9142E-09 Note: One successful gmin step
Trying gmin =   1.9137E-09 Note: One successful gmin step
Trying gmin =   1.9128E-09 Note: One successful gmin step
Trying gmin =   1.9116E-09 Note: One successful gmin step
Trying gmin =   1.9098E-09 Note: One successful gmin step
Trying gmin =   1.9070E-09 Note: One successful gmin step
Trying gmin =   1.9029E-09 Note: One successful gmin step
Trying gmin =   1.8967E-09 Note: One successful gmin step
Trying gmin =   1.8875E-09 Note: One successful gmin step
Trying gmin =   1.8738E-09 Note: One successful gmin step
Trying gmin =   1.8534E-09 Note: One successful gmin step
Trying gmin =   1.8232E-09 Note: One successful gmin step
Trying gmin =   1.7788E-09 Note: One successful gmin step
Trying gmin =   1.7142E-09 Note: One successful gmin step
Trying gmin =   1.6218E-09 Note: One successful gmin step
Trying gmin =   1.4923E-09 Note: One successful gmin step
Trying gmin =   1.3173E-09 Note: One successful gmin step
Trying gmin =   1.0925E-09 Note: One successful gmin step
Trying gmin =   8.2509E-10 Note: One successful gmin step
Trying gmin =   5.4154E-10 Note: One successful gmin step
Trying gmin =   2.8796E-10 Note: One successful gmin step
Trying gmin =   1.1165E-10 Note: One successful gmin step
Trying gmin =   2.6959E-11 Note: One successful gmin step
Trying gmin =   3.1984E-12 Note: One successful gmin step
Trying gmin =   1.0000E-12 Note: One successful gmin step
Note: True gmin stepping completed
 Reference value :  1.28000e+00
No compatibility mode selected!


Circuit: * ldo netlist 

Doing analysis at TEMP = 0.000000 and TNOM = 27.000000


No. of Data Rows : 86
temp_coeff = 5.654416e+01
Doing analysis at TEMP = 0.000000 and TNOM = 27.000000


No. of Data Rows : 141
vldo_sup_2          =  1.801190e+00
vldo_sup_2_8        =  1.800082e+00
line_reg = 1.385000e-03
Note: Starting true gmin stepping
Trying gmin =   1.0000E-03 Note: One successful gmin step
Trying gmin =   1.0000E-04 Note: One successful gmin step
Trying gmin =   1.0000E-05 Note: One successful gmin step
Trying gmin =   1.0000E-06 Note: One successful gmin step
Trying gmin =   1.0000E-07 Note: One successful gmin step
Trying gmin =   1.0000E-08 Warning: Further gmin increment
Trying gmin =   5.6234E-08 Note: One successful gmin step
Trying gmin =   2.3714E-08 Warning: Further gmin increment
Trying gmin =   4.5316E-08 Warning: Further gmin increment
Trying gmin =   5.3280E-08 Warning: Further gmin increment
Trying gmin =   5.5481E-08 Note: One successful gmin step
Trying gmin =   5.4369E-08 Warning: Further gmin increment
Trying gmin =   5.5201E-08 Note: One successful gmin step
Trying gmin =   5.4783E-08 Note: One successful gmin step
Trying gmin =   5.4163E-08 Warning: Further gmin increment
Trying gmin =   5.4628E-08 Warning: Further gmin increment
Trying gmin =   5.4744E-08 Note: One successful gmin step
Trying gmin =   5.4686E-08 Warning: Further gmin increment
Trying gmin =   5.4730E-08 Note: One successful gmin step
Trying gmin =   5.4708E-08 Note: One successful gmin step
Trying gmin =   5.4675E-08 Warning: Further gmin increment
Trying gmin =   5.4700E-08 Note: One successful gmin step
Trying gmin =   5.4687E-08 Warning: Further gmin increment
Trying gmin =   5.4696E-08 Note: One successful gmin step
Trying gmin =   5.4692E-08 Warning: Further gmin increment
Trying gmin =   5.4695E-08 Note: One successful gmin step
Trying gmin =   5.4694E-08 Warning: Last gmin step failed
Warning: True gmin stepping failed
Note: Starting dynamic gmin stepping
Trying gmin =   1.0000E-03 Note: One successful gmin step
Trying gmin =   1.0000E-04 Note: One successful gmin step
Trying gmin =   1.0000E-05 Note: One successful gmin step
Trying gmin =   1.0000E-06 Warning: Further gmin increment
Trying gmin =   5.6234E-06 Note: One successful gmin step
Trying gmin =   4.2170E-06 Note: One successful gmin step
Trying gmin =   2.7384E-06 Note: One successful gmin step
Trying gmin =   1.4330E-06 Note: One successful gmin step
Trying gmin =   5.4247E-07 Note: One successful gmin step
Trying gmin =   1.2635E-07 Warning: Further gmin increment
Trying gmin =   3.7685E-07 Warning: Further gmin increment
Trying gmin =   4.9525E-07 Warning: Further gmin increment
Trying gmin =   5.3026E-07 Note: One successful gmin step
Trying gmin =   5.1246E-07 Note: One successful gmin step
Trying gmin =   4.8686E-07 Warning: Further gmin increment
Trying gmin =   5.0593E-07 Note: One successful gmin step
Trying gmin =   4.9631E-07 Note: One successful gmin step
Trying gmin =   4.8221E-07 Warning: Further gmin increment
Trying gmin =   4.9275E-07 Warning: Further gmin increment
Trying gmin =   4.9541E-07 Note: One successful gmin step
Trying gmin =   4.9408E-07 Warning: Further gmin increment
Trying gmin =   4.9508E-07 Warning: Further gmin increment
Trying gmin =   4.9533E-07 Warning: Further gmin increment
Trying gmin =   4.9539E-07 Note: One successful gmin step
Trying gmin =   4.9536E-07 Note: One successful gmin step
Trying gmin =   4.9532E-07 Warning: Further gmin increment
Trying gmin =   4.9535E-07 Warning: Last gmin step failed
Warning: Dynamic gmin stepping failed
Note: Starting source stepping
Supplies reduced to   0.0000% Note: One successful source step
Supplies reduced to   0.1000% Note: One successful source step
Supplies reduced to   0.2000% Note: One successful source step
Supplies reduced to   0.3500% Note: One successful source step
Supplies reduced to   0.5750% Note: One successful source step
Supplies reduced to   0.9125% Note: One successful source step
Supplies reduced to   1.4188% Note: One successful source step
Supplies reduced to   2.1781% Note: One successful source step
Supplies reduced to   3.3172% Note: One successful source step
Supplies reduced to   5.0258% Note: One successful source step
Supplies reduced to   7.5887% Note: One successful source step
Supplies reduced to  11.4330% Note: One successful source step
Supplies reduced to  17.1995% Note: One successful source step
Supplies reduced to  25.8493% Note: One successful source step
Supplies reduced to  38.8239% Supplies reduced to  25.8493% Note: One successful source step
Supplies reduced to  26.8493% Note: One successful source step
Supplies reduced to  28.3493% Note: One successful source step
Supplies reduced to  30.5993% Note: One successful source step
Supplies reduced to  33.9743% Note: One successful source step
Supplies reduced to  39.0368% Note: One successful source step
Supplies reduced to  46.6305% Supplies reduced to  39.0368% Note: One successful source step
Supplies reduced to  40.0368% Note: One successful source step
Supplies reduced to  41.5368% Note: One successful source step
Supplies reduced to  43.7868% Note: One successful source step
Supplies reduced to  47.1618% Note: One successful source step
Supplies reduced to  52.2243% Note: One successful source step
Supplies reduced to  59.8180% Note: One successful source step
Supplies reduced to  71.2086% Note: One successful source step
Supplies reduced to  88.2946% Supplies reduced to  71.2086% Note: One successful source step
Supplies reduced to  72.2086% Note: One successful source step
Supplies reduced to  73.7086% Note: One successful source step
Supplies reduced to  75.9586% Note: One successful source step
Supplies reduced to  79.3336% Note: One successful source step
Supplies reduced to  84.3961% Supplies reduced to  79.3336% Note: One successful source step
Supplies reduced to  80.0930% Note: One successful source step
Supplies reduced to  81.2321% Note: One successful source step
Supplies reduced to  82.9407% Note: One successful source step
Supplies reduced to  85.5036% Supplies reduced to  82.9407% Note: One successful source step
Supplies reduced to  83.3251% Note: One successful source step
Supplies reduced to  83.9018% Note: One successful source step
Supplies reduced to  84.7667% Supplies reduced to  83.9018% Note: One successful source step
Supplies reduced to  84.0315% Note: One successful source step
Supplies reduced to  84.2261% Supplies reduced to  84.0315% Note: One successful source step
Supplies reduced to  84.0607% Note: One successful source step
Supplies reduced to  84.1045% Note: One successful source step
Supplies reduced to  84.1702% Note: One successful source step
Supplies reduced to  84.2687% Supplies reduced to  84.1702% Note: One successful source step
Supplies reduced to  84.1849% Note: One successful source step
Supplies reduced to  84.2071% Supplies reduced to  84.1849% Note: One successful source step
Supplies reduced to  84.1883% Note: One successful source step
Supplies reduced to  84.1933% Note: One successful source step
Supplies reduced to  84.2007% Note: One successful source step
Supplies reduced to  84.2120% Supplies reduced to  84.2007% Note: One successful source step
Supplies reduced to  84.2024% Note: One successful source step
Supplies reduced to  84.2050% Supplies reduced to  84.2024% Note: One successful source step
Supplies reduced to  84.2028% Note: One successful source step
Supplies reduced to  84.2034% Note: One successful source step
Supplies reduced to  84.2042% Supplies reduced to  84.2034% Note: One successful source step
Supplies reduced to  84.2035% Note: One successful source step
Supplies reduced to  84.2037% Note: One successful source step
Supplies reduced to  84.2040% Supplies reduced to  84.2037% Warning: source stepping failed
doAnalyses: Too many iterations without convergence

ac simulation(s) aborted
Segmentation fault
