 Reference value :  8.50000e+01Note: Starting true gmin stepping
Trying gmin =   1.0000E-03 Note: One successful gmin step
Trying gmin =   1.0000E-04 Note: One successful gmin step
Trying gmin =   1.0000E-05 Note: One successful gmin step
Trying gmin =   1.0000E-06 Note: One successful gmin step
Trying gmin =   1.0000E-07 Warning: Further gmin increment
Trying gmin =   5.6234E-07 Note: One successful gmin step
Trying gmin =   2.3714E-07 Note: One successful gmin step
Trying gmin =   6.4938E-08 Warning: Further gmin increment
Trying gmin =   1.7154E-07 Note: One successful gmin step
Trying gmin =   1.0554E-07 Warning: Further gmin increment
Trying gmin =   1.5193E-07 Note: One successful gmin step
Trying gmin =   1.2663E-07 Note: One successful gmin step
Trying gmin =   9.6358E-08 Warning: Further gmin increment
Trying gmin =   1.1827E-07 Warning: Further gmin increment
Trying gmin =   1.2449E-07 Note: One successful gmin step
Trying gmin =   1.2134E-07 Note: One successful gmin step
Trying gmin =   1.1677E-07 Warning: Further gmin increment
Trying gmin =   1.2018E-07 Note: One successful gmin step
Trying gmin =   1.1846E-07 Warning: Further gmin increment
Trying gmin =   1.1975E-07 Note: One successful gmin step
Trying gmin =   1.1910E-07 Note: One successful gmin step
Trying gmin =   1.1814E-07 Warning: Further gmin increment
Trying gmin =   1.1886E-07 Note: One successful gmin step
Trying gmin =   1.1850E-07 Warning: Further gmin increment
Trying gmin =   1.1877E-07 Note: One successful gmin step
Trying gmin =   1.1863E-07 Warning: Further gmin increment
Trying gmin =   1.1874E-07 Note: One successful gmin step
Trying gmin =   1.1869E-07 Warning: Further gmin increment
Trying gmin =   1.1872E-07 Note: One successful gmin step
Trying gmin =   1.1870E-07 Warning: Further gmin increment
Trying gmin =   1.1872E-07 Note: One successful gmin step
Trying gmin =   1.1871E-07 Note: One successful gmin step
Trying gmin =   1.1870E-07 Warning: Further gmin increment
Trying gmin =   1.1871E-07 Note: One successful gmin step
Trying gmin =   1.1871E-07 Warning: Last gmin step failed
Warning: True gmin stepping failed
Note: Starting dynamic gmin stepping
Trying gmin =   1.0000E-03 Note: One successful gmin step
Trying gmin =   1.0000E-04 Note: One successful gmin step
Trying gmin =   1.0000E-05 Note: One successful gmin step
Trying gmin =   1.0000E-06 Note: One successful gmin step
Trying gmin =   3.1623E-07 Warning: Further gmin increment
Trying gmin =   7.4989E-07 Note: One successful gmin step
Trying gmin =   4.8697E-07 Warning: Further gmin increment
Trying gmin =   6.7317E-07 Note: One successful gmin step
Trying gmin =   5.7255E-07 Note: One successful gmin step
Trying gmin =   4.4910E-07 Warning: Further gmin increment
Trying gmin =   5.3882E-07 Warning: Further gmin increment
Trying gmin =   5.6392E-07 Note: One successful gmin step
Trying gmin =   5.5123E-07 Warning: Further gmin increment
Trying gmin =   5.6072E-07 Warning: Further gmin increment
Trying gmin =   5.6312E-07 Note: One successful gmin step
Trying gmin =   5.6192E-07 Warning: Further gmin increment
Trying gmin =   5.6282E-07 Note: One successful gmin step
Trying gmin =   5.6237E-07 Note: One successful gmin step
Trying gmin =   5.6170E-07 Warning: Further gmin increment
Trying gmin =   5.6220E-07 Note: One successful gmin step
Trying gmin =   5.6195E-07 Warning: Further gmin increment
Trying gmin =   5.6214E-07 Note: One successful gmin step
Trying gmin =   5.6204E-07 Warning: Further gmin increment
Trying gmin =   5.6212E-07 Note: One successful gmin step
Trying gmin =   5.6208E-07 Note: One successful gmin step
Trying gmin =   5.6203E-07 Warning: Further gmin increment
Trying gmin =   5.6207E-07 Note: One successful gmin step
Trying gmin =   5.6205E-07 Warning: Last gmin step failed
Warning: Dynamic gmin stepping failed
Note: Starting source stepping
Supplies reduced to   0.0000% Note: One successful source step
Supplies reduced to   0.1000% Note: One successful source step
Supplies reduced to   0.2000% Note: One successful source step
Supplies reduced to   0.3500% Note: One successful source step
Supplies reduced to   0.5750% Note: One successful source step
Supplies reduced to   0.9125% Note: One successful source step
Supplies reduced to   1.4188% Note: One successful source step
Supplies reduced to   2.1781% Note: One successful source step
Supplies reduced to   3.3172% Note: One successful source step
Supplies reduced to   5.0258% Note: One successful source step
Supplies reduced to   7.5887% Note: One successful source step
Supplies reduced to  11.4330% Note: One successful source step
Supplies reduced to  17.1995% Note: One successful source step
Supplies reduced to  25.8493% Note: One successful source step
Supplies reduced to  38.8239% Supplies reduced to  25.8493% Note: One successful source step
Supplies reduced to  26.8493% Note: One successful source step
Supplies reduced to  28.3493% Note: One successful source step
Supplies reduced to  30.5993% Note: One successful source step
Supplies reduced to  33.9743% Note: One successful source step
Supplies reduced to  39.0368% Note: One successful source step
Supplies reduced to  46.6305% Note: One successful source step
Supplies reduced to  50.4274% Note: One successful source step
Supplies reduced to  56.1227% Note: One successful source step
Supplies reduced to  64.6657% Note: One successful source step
Supplies reduced to  77.4801% Supplies reduced to  64.6657% Note: One successful source step
Supplies reduced to  65.6657% Supplies reduced to  64.6657% Note: One successful source step
Supplies reduced to  64.8157% Note: One successful source step
Supplies reduced to  65.0407% Note: One successful source step
Supplies reduced to  65.3782% Supplies reduced to  65.0407% Note: One successful source step
Supplies reduced to  65.0913% Note: One successful source step
Supplies reduced to  65.1672% Note: One successful source step
Supplies reduced to  65.2811% Note: One successful source step
Supplies reduced to  65.4520% Supplies reduced to  65.2811% Note: One successful source step
Supplies reduced to  65.3068% Note: One successful source step
Supplies reduced to  65.3452% Supplies reduced to  65.3068% Note: One successful source step
Supplies reduced to  65.3125% Note: One successful source step
Supplies reduced to  65.3212% Note: One successful source step
Supplies reduced to  65.3342% Supplies reduced to  65.3212% Note: One successful source step
Supplies reduced to  65.3231% Note: One successful source step
Supplies reduced to  65.3261% Note: One successful source step
Supplies reduced to  65.3304% Supplies reduced to  65.3261% Note: One successful source step
Supplies reduced to  65.3267% Supplies reduced to  65.3261% Note: One successful source step
Supplies reduced to  65.3262% Note: One successful source step
Supplies reduced to  65.3263% Note: One successful source step
Supplies reduced to  65.3265% Supplies reduced to  65.3263% Note: One successful source step
Supplies reduced to  65.3263% Warning: source stepping failed
doAnalyses: Too many iterations without convergence

dc simulation(s) aborted
Error(parse.c--checkvalid): vldo_sup_2_8: zero length vector.
Error: RHS "abs((vldo_sup_2_8-vldo_sup_2)/0.8)" invalid
Error(parse.c--checkvalid): line_reg: zero length vector.
Error(parse.c--checkvalid): vin: zero length vector.
Error: RHS "vin-1.764" invalid
Error(parse.c--checkvalid): dropout: zero length vector.
Error: no such vector dropout
Note: Starting true gmin stepping
Trying gmin =   1.0000E-03 Note: One successful gmin step
Trying gmin =   1.0000E-04 Note: One successful gmin step
Trying gmin =   1.0000E-05 Note: One successful gmin step
Trying gmin =   1.0000E-06 Note: One successful gmin step
Trying gmin =   1.0000E-07 Warning: Further gmin increment
Trying gmin =   5.6234E-07 Note: One successful gmin step
Trying gmin =   2.3714E-07 Note: One successful gmin step
Trying gmin =   6.4938E-08 Warning: Further gmin increment
Trying gmin =   1.7154E-07 Note: One successful gmin step
Trying gmin =   1.0554E-07 Warning: Further gmin increment
Trying gmin =   1.5193E-07 Note: One successful gmin step
Trying gmin =   1.2663E-07 Note: One successful gmin step
Trying gmin =   9.6358E-08 Warning: Further gmin increment
Trying gmin =   1.1827E-07 Warning: Further gmin increment
Trying gmin =   1.2449E-07 Note: One successful gmin step
Trying gmin =   1.2134E-07 Note: One successful gmin step
Trying gmin =   1.1677E-07 Warning: Further gmin increment
Trying gmin =   1.2018E-07 Note: One successful gmin step
Trying gmin =   1.1846E-07 Warning: Further gmin increment
Trying gmin =   1.1975E-07 Note: One successful gmin step
Trying gmin =   1.1910E-07 Note: One successful gmin step
Trying gmin =   1.1814E-07 Warning: Further gmin increment
Trying gmin =   1.1886E-07 Note: One successful gmin step
Trying gmin =   1.1850E-07 Warning: Further gmin increment
Trying gmin =   1.1877E-07 Note: One successful gmin step
Trying gmin =   1.1863E-07 Warning: Further gmin increment
Trying gmin =   1.1874E-07 Note: One successful gmin step
Trying gmin =   1.1869E-07 Warning: Further gmin increment
Trying gmin =   1.1872E-07 Note: One successful gmin step
Trying gmin =   1.1870E-07 Warning: Further gmin increment
Trying gmin =   1.1872E-07 Note: One successful gmin step
Trying gmin =   1.1871E-07 Note: One successful gmin step
Trying gmin =   1.1870E-07 Warning: Further gmin increment
Trying gmin =   1.1871E-07 Note: One successful gmin step
Trying gmin =   1.1871E-07 Warning: Last gmin step failed
Warning: True gmin stepping failed
Note: Starting dynamic gmin stepping
Trying gmin =   1.0000E-03 Note: One successful gmin step
Trying gmin =   1.0000E-04 Note: One successful gmin step
Trying gmin =   1.0000E-05 Note: One successful gmin step
Trying gmin =   1.0000E-06 Note: One successful gmin step
Trying gmin =   3.1623E-07 Warning: Further gmin increment
Trying gmin =   7.4989E-07 Note: One successful gmin step
Trying gmin =   4.8697E-07 Warning: Further gmin increment
Trying gmin =   6.7317E-07 Note: One successful gmin step
Trying gmin =   5.7255E-07 Note: One successful gmin step
Trying gmin =   4.4910E-07 Warning: Further gmin increment
Trying gmin =   5.3882E-07 Warning: Further gmin increment
Trying gmin =   5.6392E-07 Note: One successful gmin step
Trying gmin =   5.5123E-07 Warning: Further gmin increment
Trying gmin =   5.6072E-07 Warning: Further gmin increment
Trying gmin =   5.6312E-07 Note: One successful gmin step
Trying gmin =   5.6192E-07 Warning: Further gmin increment
Trying gmin =   5.6282E-07 Note: One successful gmin step
Trying gmin =   5.6237E-07 Note: One successful gmin step
Trying gmin =   5.6170E-07 Warning: Further gmin increment
Trying gmin =   5.6220E-07 Note: One successful gmin step
Trying gmin =   5.6195E-07 Warning: Further gmin increment
Trying gmin =   5.6214E-07 Note: One successful gmin step
Trying gmin =   5.6204E-07 Warning: Further gmin increment
Trying gmin =   5.6212E-07 Note: One successful gmin step
Trying gmin =   5.6208E-07 Note: One successful gmin step
Trying gmin =   5.6203E-07 Warning: Further gmin increment
Trying gmin =   5.6207E-07 Note: One successful gmin step
Trying gmin =   5.6205E-07 Warning: Last gmin step failed
Warning: Dynamic gmin stepping failed
Note: Starting source stepping
Supplies reduced to   0.0000% Note: One successful source step
Supplies reduced to   0.1000% Note: One successful source step
Supplies reduced to   0.2000% Note: One successful source step
Supplies reduced to   0.3500% Note: One successful source step
Supplies reduced to   0.5750% Note: One successful source step
Supplies reduced to   0.9125% Note: One successful source step
Supplies reduced to   1.4188% Note: One successful source step
Supplies reduced to   2.1781% Note: One successful source step
Supplies reduced to   3.3172% Note: One successful source step
Supplies reduced to   5.0258% Note: One successful source step
Supplies reduced to   7.5887% Note: One successful source step
Supplies reduced to  11.4330% Note: One successful source step
Supplies reduced to  17.1995% Note: One successful source step
Supplies reduced to  25.8493% Note: One successful source step
Supplies reduced to  38.8239% Supplies reduced to  25.8493% Note: One successful source step
Supplies reduced to  26.8493% Note: One successful source step
Supplies reduced to  28.3493% Note: One successful source step
Supplies reduced to  30.5993% Note: One successful source step
Supplies reduced to  33.9743% Note: One successful source step
Supplies reduced to  39.0368% Supplies reduced to  33.9743% Note: One successful source step
Supplies reduced to  34.7336% Note: One successful source step
Supplies reduced to  35.8727% Note: One successful source step
Supplies reduced to  37.5813% Note: One successful source step
Supplies reduced to  40.1442% Note: One successful source step
Supplies reduced to  43.9885% Note: One successful source step
Supplies reduced to  49.7550% Note: One successful source step
Supplies reduced to  58.4048% Note: One successful source step
Supplies reduced to  71.3794% Supplies reduced to  58.4048% Note: One successful source step
Supplies reduced to  59.4048% Note: One successful source step
Supplies reduced to  60.9048% Note: One successful source step
Supplies reduced to  63.1548% Note: One successful source step
Supplies reduced to  66.5298% Supplies reduced to  63.1548% Note: One successful source step
Supplies reduced to  63.6610% Note: One successful source step
Supplies reduced to  64.4204% Note: One successful source step
Supplies reduced to  65.5595% Supplies reduced to  64.4204% Note: One successful source step
Supplies reduced to  64.5913% Note: One successful source step
Supplies reduced to  64.8476% Note: One successful source step
Supplies reduced to  65.2320% Note: One successful source step
Supplies reduced to  65.8086% Supplies reduced to  65.2320% Note: One successful source step
Supplies reduced to  65.3185% Note: One successful source step
Supplies reduced to  65.4482% Supplies reduced to  65.3185% Note: One successful source step
Supplies reduced to  65.3380% Supplies reduced to  65.3185% Note: One successful source step
Supplies reduced to  65.3214% Note: One successful source step
Supplies reduced to  65.3258% Note: One successful source step
Supplies reduced to  65.3324% Supplies reduced to  65.3258% Note: One successful source step
Supplies reduced to  65.3268% Supplies reduced to  65.3258% Note: One successful source step
Supplies reduced to  65.3259% Note: One successful source step
Supplies reduced to  65.3262% Note: One successful source step
Supplies reduced to  65.3265% Supplies reduced to  65.3262% Note: One successful source step
Supplies reduced to  65.3262% Note: One successful source step
Supplies reduced to  65.3263% Note: One successful source step
Supplies reduced to  65.3264% Supplies reduced to  65.3263% Note: One successful source step
Supplies reduced to  65.3263% Note: One successful source step
Supplies reduced to  65.3263% Note: One successful source step
Supplies reduced to  65.3264% Warning: source stepping failed
doAnalyses: Too many iterations without convergence

ac simulation(s) aborted
Error(parse.c--checkvalid): ldo_out: zero length vector.
Error: RHS "(180/pi)*vp(ldo_out)" invalid
Error: no such vector PM
Note: Starting true gmin stepping
Trying gmin =   1.0000E-03 Note: One successful gmin step
Trying gmin =   1.0000E-04 Note: One successful gmin step
Trying gmin =   1.0000E-05 Note: One successful gmin step
Trying gmin =   1.0000E-06 Note: One successful gmin step
Trying gmin =   1.0000E-07 Warning: Further gmin increment
Trying gmin =   5.6234E-07 Note: One successful gmin step
Trying gmin =   2.3714E-07 Note: One successful gmin step
Trying gmin =   6.4938E-08 Warning: Further gmin increment
Trying gmin =   1.7154E-07 Note: One successful gmin step
Trying gmin =   1.0554E-07 Warning: Further gmin increment
Trying gmin =   1.5193E-07 Note: One successful gmin step
Trying gmin =   1.2663E-07 Note: One successful gmin step
Trying gmin =   9.6358E-08 Warning: Further gmin increment
Trying gmin =   1.1827E-07 Warning: Further gmin increment
Trying gmin =   1.2449E-07 Note: One successful gmin step
Trying gmin =   1.2134E-07 Note: One successful gmin step
Trying gmin =   1.1677E-07 Warning: Further gmin increment
Trying gmin =   1.2018E-07 Note: One successful gmin step
Trying gmin =   1.1846E-07 Warning: Further gmin increment
Trying gmin =   1.1975E-07 Note: One successful gmin step
Trying gmin =   1.1910E-07 Note: One successful gmin step
Trying gmin =   1.1814E-07 Warning: Further gmin increment
Trying gmin =   1.1886E-07 Note: One successful gmin step
Trying gmin =   1.1850E-07 Warning: Further gmin increment
Trying gmin =   1.1877E-07 Note: One successful gmin step
Trying gmin =   1.1863E-07 Warning: Further gmin increment
Trying gmin =   1.1874E-07 Note: One successful gmin step
Trying gmin =   1.1869E-07 Warning: Further gmin increment
Trying gmin =   1.1872E-07 Note: One successful gmin step
Trying gmin =   1.1870E-07 Warning: Further gmin increment
Trying gmin =   1.1872E-07 Note: One successful gmin step
Trying gmin =   1.1871E-07 Note: One successful gmin step
Trying gmin =   1.1870E-07 Warning: Further gmin increment
Trying gmin =   1.1871E-07 Note: One successful gmin step
Trying gmin =   1.1871E-07 Warning: Last gmin step failed
Warning: True gmin stepping failed
Note: Starting dynamic gmin stepping
Trying gmin =   1.0000E-03 Note: One successful gmin step
Trying gmin =   1.0000E-04 Note: One successful gmin step
Trying gmin =   1.0000E-05 Note: One successful gmin step
Trying gmin =   1.0000E-06 Note: One successful gmin step
Trying gmin =   3.1623E-07 Warning: Further gmin increment
Trying gmin =   7.4989E-07 Note: One successful gmin step
Trying gmin =   4.8697E-07 Warning: Further gmin increment
Trying gmin =   6.7317E-07 Note: One successful gmin step
Trying gmin =   5.7255E-07 Note: One successful gmin step
Trying gmin =   4.4910E-07 Warning: Further gmin increment
Trying gmin =   5.3882E-07 Warning: Further gmin increment
Trying gmin =   5.6392E-07 Note: One successful gmin step
Trying gmin =   5.5123E-07 Warning: Further gmin increment
Trying gmin =   5.6072E-07 Warning: Further gmin increment
Trying gmin =   5.6312E-07 Note: One successful gmin step
Trying gmin =   5.6192E-07 Warning: Further gmin increment
Trying gmin =   5.6282E-07 Note: One successful gmin step
Trying gmin =   5.6237E-07 Note: One successful gmin step
Trying gmin =   5.6170E-07 Warning: Further gmin increment
Trying gmin =   5.6220E-07 Note: One successful gmin step
Trying gmin =   5.6195E-07 Warning: Further gmin increment
Trying gmin =   5.6214E-07 Note: One successful gmin step
Trying gmin =   5.6204E-07 Warning: Further gmin increment
Trying gmin =   5.6212E-07 Note: One successful gmin step
Trying gmin =   5.6208E-07 Note: One successful gmin step
Trying gmin =   5.6203E-07 Warning: Further gmin increment
Trying gmin =   5.6207E-07 Note: One successful gmin step
Trying gmin =   5.6205E-07 Warning: Last gmin step failed
Warning: Dynamic gmin stepping failed
Note: Starting source stepping
Supplies reduced to   0.0000% Note: One successful source step
Supplies reduced to   0.1000% Note: One successful source step
Supplies reduced to   0.2000% Note: One successful source step
Supplies reduced to   0.3500% Note: One successful source step
Supplies reduced to   0.5750% Note: One successful source step
Supplies reduced to   0.9125% Note: One successful source step
Supplies reduced to   1.4188% Note: One successful source step
Supplies reduced to   2.1781% Note: One successful source step
Supplies reduced to   3.3172% Note: One successful source step
Supplies reduced to   5.0258% Note: One successful source step
Supplies reduced to   7.5887% Note: One successful source step
Supplies reduced to  11.4330% Note: One successful source step
Supplies reduced to  17.1995% Note: One successful source step
Supplies reduced to  25.8493% Note: One successful source step
Supplies reduced to  38.8239% Supplies reduced to  25.8493% Note: One successful source step
Supplies reduced to  26.8493% Note: One successful source step
Supplies reduced to  28.3493% Note: One successful source step
Supplies reduced to  30.5993% Note: One successful source step
Supplies reduced to  33.9743% Note: One successful source step
Supplies reduced to  39.0368% Supplies reduced to  33.9743% Note: One successful source step
Supplies reduced to  34.7336% Note: One successful source step
Supplies reduced to  35.8727% Note: One successful source step
Supplies reduced to  37.5813% Note: One successful source step
Supplies reduced to  40.1442% Note: One successful source step
Supplies reduced to  43.9885% Note: One successful source step
Supplies reduced to  49.7550% Note: One successful source step
Supplies reduced to  58.4048% Note: One successful source step
Supplies reduced to  71.3794% Supplies reduced to  58.4048% Note: One successful source step
Supplies reduced to  59.4048% Note: One successful source step
Supplies reduced to  60.9048% Note: One successful source step
Supplies reduced to  63.1548% Note: One successful source step
Supplies reduced to  66.5298% Supplies reduced to  63.1548% Note: One successful source step
Supplies reduced to  63.6610% Note: One successful source step
Supplies reduced to  64.4204% Note: One successful source step
Supplies reduced to  65.5595% Supplies reduced to  64.4204% Note: One successful source step
Supplies reduced to  64.5913% Note: One successful source step
Supplies reduced to  64.8476% Note: One successful source step
Supplies reduced to  65.2320% Note: One successful source step
Supplies reduced to  65.8086% Supplies reduced to  65.2320% Note: One successful source step
Supplies reduced to  65.3185% Note: One successful source step
Supplies reduced to  65.4482% Supplies reduced to  65.3185% Note: One successful source step
Supplies reduced to  65.3380% Supplies reduced to  65.3185% Note: One successful source step
Supplies reduced to  65.3214% Note: One successful source step
Supplies reduced to  65.3258% Note: One successful source step
Supplies reduced to  65.3324% Supplies reduced to  65.3258% Note: One successful source step
Supplies reduced to  65.3268% Supplies reduced to  65.3258% Note: One successful source step
Supplies reduced to  65.3259% Note: One successful source step
Supplies reduced to  65.3262% Note: One successful source step
Supplies reduced to  65.3265% Supplies reduced to  65.3262% Note: One successful source step
Supplies reduced to  65.3262% Note: One successful source step
Supplies reduced to  65.3263% Note: One successful source step
Supplies reduced to  65.3264% Supplies reduced to  65.3263% Note: One successful source step
Supplies reduced to  65.3263% Note: One successful source step
Supplies reduced to  65.3263% Note: One successful source step
Supplies reduced to  65.3264% Warning: source stepping failed

No compatibility mode selected!


Circuit: * ldo netlist 

Doing analysis at TEMP = 27.000000 and TNOM = 27.000000


No. of Data Rows : 86
temp_coeff = 4.916444e+01
Doing analysis at TEMP = 27.000000 and TNOM = 27.000000


Error: measure  vldo_sup_2  (AT) : out of interval
 meas dc vldo_sup_2 find ldo_out at=2 failed!


Error: measure  vldo_sup_2_8  (AT) : out of interval
 meas dc vldo_sup_2_8 find ldo_out at=2.8 failed!


Error: measure  vin  (WHEN) : out of interval
 meas dc vin when v(ldo_out)=1.764 failed!

Doing analysis at TEMP = 27.000000 and TNOM = 27.000000


AC operating point failed -

Last Node Voltages
------------------

Node                                   Last Voltage        Previous Iter
----                                   ------------        -------------
inn                                        0.766656             0.766679
mir                                        0.618093             0.618091
vdd                                         1.82914              1.82914
inp                                        0.765105             0.765128
bg_out                                     0.555419             0.555437
net3                                       0.588176             0.588193
net1                                       0.586359             0.586376
net2                                        1.36305              1.36235
net5                                       0.750759             0.750741
net4                                      0.0136334            0.0136376
net6                                       0.921343             0.921346
xc1.a                                             0                    0
xc1.b1                                            0                    0
xr1.xsky130_fd_pr__res_xhigh_po_0p69.ra             0.589352             0.589369
net7                                        0.58663             0.586648
xr2.xsky130_fd_pr__res_xhigh_po_0p69.ra             0.590897             0.590914
xr3.xsky130_fd_pr__res_xhigh_po_0p69.ra           0.00278732            0.0027874
xr4.xsky130_fd_pr__res_xhigh_po_0p69.ra             0.586367             0.586384
xr5.xsky130_fd_pr__res_xhigh_po_0p69.ra           0.00277966           0.00277974
xr6.xsky130_fd_pr__res_xhigh_po_0p69.ra           0.00281192           0.00281201
net9                                       0.973901             0.973889
net10                                   0.000376295          0.000376398
net8                                       0.681782             0.681781
pos                                        0.559772             0.559789
vb                                         0.963422             0.963425
out                                        0.727777             0.727775
ldo_out                                    0.919886             0.919915
net12                                      0.727777             0.727775
net11                                      0.727777             0.727775
xc3.a                                      0.681782             0.681781
xc3.b1                                     0.681782             0.681781
xr7.xsky130_fd_pr__res_xhigh_po_0p69.ra             0.727777             0.727775
xr8.xsky130_fd_pr__res_xhigh_po_0p69.ra             0.564157             0.564175
xr9.xsky130_fd_pr__res_xhigh_po_0p69.ra           0.00444651           0.00444665
net13                                             0                    0
l1#branch                                         0                    0
vs#branch                               -0.00516284            -0.005163
vt#branch                                         0                    0


Error: measure  pm  (AT) : out of interval
 meas ac pm find p when vdb(ldo_out)=0 failed!

Doing analysis at TEMP = 27.000000 and TNOM = 27.000000


AC operating point failed -

Last Node Voltages
------------------

Node                                   Last Voltage        Previous Iter
----                                   ------------        -------------
inn                                        0.766656             0.766679
mir          doAnalyses: Too many iterations without convergence

ac simulation(s) aborted
Error: no such vector PSRR100
Note: No ".plot", ".print", or ".fourier" lines; no simulations run
                              0.618093             0.618091
vdd                                         1.82914              1.82914
inp                                        0.765105             0.765128
bg_out                                     0.555419             0.555437
net3                                       0.588176             0.588193
net1                                       0.586359             0.586376
net2                                        1.36305              1.36235
net5                                       0.750759             0.750741
net4                                      0.0136334            0.0136376
net6                                       0.921343             0.921346
xc1.a                                             0                    0
xc1.b1                                            0                    0
xr1.xsky130_fd_pr__res_xhigh_po_0p69.ra             0.589352             0.589369
net7                                        0.58663             0.586648
xr2.xsky130_fd_pr__res_xhigh_po_0p69.ra             0.590897             0.590914
xr3.xsky130_fd_pr__res_xhigh_po_0p69.ra           0.00278732            0.0027874
xr4.xsky130_fd_pr__res_xhigh_po_0p69.ra             0.586367             0.586384
xr5.xsky130_fd_pr__res_xhigh_po_0p69.ra           0.00277966           0.00277974
xr6.xsky130_fd_pr__res_xhigh_po_0p69.ra           0.00281192           0.00281201
net9                                       0.973901             0.973889
net10                                   0.000376295          0.000376398
net8                                       0.681782             0.681781
pos                                        0.559772             0.559789
vb                                         0.963422             0.963425
out                                        0.727777             0.727775
ldo_out                                    0.919886             0.919915
net12                                      0.727777             0.727775
net11                                      0.727777             0.727775
xc3.a                                      0.681782             0.681781
xc3.b1                                     0.681782             0.681781
xr7.xsky130_fd_pr__res_xhigh_po_0p69.ra             0.727777             0.727775
xr8.xsky130_fd_pr__res_xhigh_po_0p69.ra             0.564157             0.564175
xr9.xsky130_fd_pr__res_xhigh_po_0p69.ra           0.00444651           0.00444665
net13                                             0                    0
l1#branch                                         0                    0
vs#branch                               -0.00516284            -0.005163
vt#branch                                         0                    0


Error: measure  psrr100  (AT) : out of interval
 meas ac psrr100 find vdb(ldo_out) at=100 failed!


Error: measure  psrr100k  (AT) : out of interval
 meas ac psrr100k find vdb(ldo_out) at=100k failed!

