 Reference value :  8.50000e+01Note: Starting true gmin stepping
Trying gmin =   1.0000E-03 Note: One successful gmin step
Trying gmin =   1.0000E-04 Note: One successful gmin step
Trying gmin =   1.0000E-05 Note: One successful gmin step
Trying gmin =   1.0000E-06 Warning: Further gmin increment
Trying gmin =   5.6234E-06 Note: One successful gmin step
Trying gmin =   2.3714E-06 Note: One successful gmin step
Trying gmin =   6.4938E-07 Warning: Further gmin increment
Trying gmin =   1.7154E-06 Warning: Further gmin increment
Trying gmin =   2.1870E-06 Warning: Further gmin increment
Trying gmin =   2.3239E-06 Note: One successful gmin step
Trying gmin =   2.2544E-06 Note: One successful gmin step
Trying gmin =   2.1540E-06 Note: One successful gmin step
Trying gmin =   2.0118E-06 Note: One successful gmin step
Trying gmin =   1.8159E-06 Note: One successful gmin step
Trying gmin =   1.5572E-06 Note: One successful gmin step
Trying gmin =   1.2366E-06 Note: One successful gmin step
Trying gmin =   8.7512E-07 Note: One successful gmin step
Trying gmin =   5.2097E-07 Note: One successful gmin step
Trying gmin =   2.3930E-07 Warning: Further gmin increment
Trying gmin =   4.2889E-07 Note: One successful gmin step
Trying gmin =   3.2036E-07 Note: One successful gmin step
Trying gmin =   2.0682E-07 Note: One successful gmin step
Trying gmin =   1.3351E-07 Warning: Further gmin increment
Trying gmin =   1.8538E-07 Warning: Further gmin increment
Trying gmin =   2.0124E-07 Note: One successful gmin step
Trying gmin =   1.9315E-07 Note: One successful gmin step
Trying gmin =   1.8162E-07 Warning: Further gmin increment
Trying gmin =   1.9020E-07 Note: One successful gmin step
Trying gmin =   1.8586E-07 Warning: Further gmin increment
Trying gmin =   1.8910E-07 Warning: Further gmin increment
Trying gmin =   1.8992E-07 Note: One successful gmin step
Trying gmin =   1.8951E-07 Note: One successful gmin step
Trying gmin =   1.8890E-07 Warning: Further gmin increment
Trying gmin =   1.8936E-07 Warning: Further gmin increment
Trying gmin =   1.8947E-07 Warning: Further gmin increment
Trying gmin =   1.8950E-07 Note: One successful gmin step
Trying gmin =   1.8949E-07 Warning: Further gmin increment
Trying gmin =   1.8950E-07 Note: One successful gmin step
Trying gmin =   1.8949E-07 Note: One successful gmin step
Trying gmin =   1.8949E-07 Warning: Last gmin step failed
Warning: True gmin stepping failed
Note: Starting dynamic gmin stepping
Trying gmin =   1.0000E-03 Note: One successful gmin step
Trying gmin =   1.0000E-04 Note: One successful gmin step
Trying gmin =   1.0000E-05 Note: One successful gmin step
Trying gmin =   1.0000E-06 Warning: Further gmin increment
Trying gmin =   5.6234E-06 Note: One successful gmin step
Trying gmin =   3.1623E-06 Note: One successful gmin step
Trying gmin =   1.3335E-06 Note: One successful gmin step
Trying gmin =   3.6517E-07 Warning: Further gmin increment
Trying gmin =   9.6466E-07 Note: One successful gmin step
Trying gmin =   5.9352E-07 Warning: Further gmin increment
Trying gmin =   8.5436E-07 Warning: Further gmin increment
Trying gmin =   9.3582E-07 Note: One successful gmin step
Trying gmin =   8.9416E-07 Note: One successful gmin step
Trying gmin =   8.3513E-07 Warning: Further gmin increment
Trying gmin =   8.7902E-07 Warning: Further gmin increment
Trying gmin =   8.9035E-07 Warning: Further gmin increment
Trying gmin =   8.9321E-07 Warning: Further gmin increment
Trying gmin =   8.9392E-07 Note: One successful gmin step
Trying gmin =   8.9357E-07 Warning: Further gmin increment
Trying gmin =   8.9383E-07 Note: One successful gmin step
Trying gmin =   8.9370E-07 Warning: Further gmin increment
Trying gmin =   8.9380E-07 Note: One successful gmin step
Trying gmin =   8.9375E-07 Note: One successful gmin step
Trying gmin =   8.9370E-07 Warning: Further gmin increment
Trying gmin =   8.9374E-07 Warning: Last gmin step failed
Error: -2.55372e+181, 2 out of range for ^
Warning: Dynamic gmin stepping failed
Note: Starting source stepping
Supplies reduced to   0.0000% Note: One successful source step
Supplies reduced to   0.1000% Note: One successful source step
Supplies reduced to   0.2000% Note: One successful source step
Supplies reduced to   0.3500% Note: One successful source step
Supplies reduced to   0.5750% Note: One successful source step
Supplies reduced to   0.9125% Note: One successful source step
Supplies reduced to   1.4188% Note: One successful source step
Supplies reduced to   2.1781% Note: One successful source step
Supplies reduced to   3.3172% Note: One successful source step
Supplies reduced to   5.0258% Note: One successful source step
Supplies reduced to   7.5887% Note: One successful source step
Supplies reduced to  11.4330% Note: One successful source step
Supplies reduced to  17.1995% Note: One successful source step
Supplies reduced to  25.8493% Note: One successful source step
Supplies reduced to  38.8239% Supplies reduced to  25.8493% Note: One successful source step
Supplies reduced to  26.8493% Note: One successful source step
Supplies reduced to  28.3493% Note: One successful source step
Supplies reduced to  30.5993% Note: One successful source step
Supplies reduced to  32.8493% Note: One successful source step
Supplies reduced to  36.2243% Note: One successful source step
Supplies reduced to  39.5993% Note: One successful source step
Supplies reduced to  44.6618% Note: One successful source step
Supplies reduced to  52.2555% Note: One successful source step
Supplies reduced to  56.0524% Note: One successful source step
Supplies reduced to  61.7477% Note: One successful source step
Supplies reduced to  70.2907% Supplies reduced to  61.7477% Note: One successful source step
Supplies reduced to  62.7477% Note: One successful source step
Supplies reduced to  64.2477% Note: One successful source step
Supplies reduced to  66.4977% Supplies reduced to  64.2477% Note: One successful source step
Supplies reduced to  64.5852% Note: One successful source step
Supplies reduced to  65.0915% Note: One successful source step
Supplies reduced to  65.8508% Supplies reduced to  65.0915% Note: One successful source step
Supplies reduced to  65.2054% Note: One successful source step
Supplies reduced to  65.3762% Note: One successful source step
Supplies reduced to  65.6325% Note: One successful source step
Supplies reduced to  66.0169% Note: One successful source step
Supplies reduced to  66.5936% Note: One successful source step
Supplies reduced to  67.4586% Note: One successful source step
Supplies reduced to  68.7560% Note: One successful source step
Supplies reduced to  70.7022% Note: One successful source step
Supplies reduced to  73.6215% Note: One successful source step
Supplies reduced to  78.0005% Note: One successful source step
Supplies reduced to  84.5689% Note: One successful source step
Supplies reduced to  94.4215% Note: One successful source step
Supplies reduced to 100.0000% Note: One successful source step
Note: Source stepping completed
 Reference value :  2.80000e+00Note: Starting true gmin stepping
Trying gmin =   1.0000E-03 Note: One successful gmin step
Trying gmin =   1.0000E-04 Note: One successful gmin step
Trying gmin =   1.0000E-05 Note: One successful gmin step
Trying gmin =   1.0000E-06 Note: One successful gmin step
Trying gmin =   1.0000E-07 Note: One successful gmin step
Trying gmin =   1.0000E-08 Warning: Further gmin increment
Trying gmin =   5.6234E-08 Note: One successful gmin step
Trying gmin =   2.3714E-08 Note: One successful gmin step
Trying gmin =   6.4938E-09 Note: One successful gmin step
Trying gmin =   9.3057E-10 Note: One successful gmin step
Trying gmin =   9.3057E-11 Note: One successful gmin step
Trying gmin =   9.3057E-12 Warning: Further gmin increment
Trying gmin =   5.2330E-11 Note: One successful gmin step
Trying gmin =   2.2067E-11 Warning: Further gmin increment
Trying gmin =   4.2170E-11 Note: One successful gmin step
Trying gmin =   3.0505E-11 Note: One successful gmin step
Trying gmin =   1.8769E-11 Note: One successful gmin step
Trying gmin =   9.0580E-12 Note: One successful gmin step
Trying gmin =   3.0368E-12 Note: One successful gmin step
Trying gmin =   1.0000E-12 Warning: Further gmin increment
Trying gmin =   2.3005E-12 Warning: Further gmin increment
Trying gmin =   2.8332E-12 Note: One successful gmin step
Trying gmin =   2.5530E-12 Note: One successful gmin step
Trying gmin =   2.1837E-12 Warning: Further gmin increment
Trying gmin =   2.4552E-12 Note: One successful gmin step
Trying gmin =   2.3611E-12 Note: One successful gmin step
Trying gmin =   2.2268E-12 Note: One successful gmin step
Trying gmin =   2.0395E-12 Note: One successful gmin step
Trying gmin =   1.7876E-12 Note: One successful gmin step
Trying gmin =   1.4670E-12 Note: One successful gmin step
Trying gmin =   1.0905E-12 Note: One successful gmin step
Trying gmin =   1.0000E-12 Note: One successful gmin step
Note: True gmin stepping completed
 Reference value :  1.20000e+00Note: Starting true gmin stepping
Trying gmin =   1.0000E-03 Note: One successful gmin step
Trying gmin =   1.0000E-04 Note: One successful gmin step
Trying gmin =   1.0000E-05 Note: One successful gmin step
Trying gmin =   1.0000E-06 Note: One successful gmin step
Trying gmin =   1.0000E-07 Note: One successful gmin step
Trying gmin =   1.0000E-08 Note: One successful gmin step
Trying gmin =   3.1623E-09 Note: One successful gmin step
Trying gmin =   5.6234E-10 Note: One successful gmin step
Trying gmin =   5.6234E-11 Note: One successful gmin step
Trying gmin =   5.6234E-12 Warning: Further gmin increment
Trying gmin =   3.1623E-11 Note: One successful gmin step
Trying gmin =   1.3335E-11 Note: One successful gmin step
Trying gmin =   3.6517E-12 Note: One successful gmin step
Trying gmin =   1.0000E-12 Note: One successful gmin step
Note: True gmin stepping completed
Note: Starting true gmin stepping
Trying gmin =   1.0000E-03 Note: One successful gmin step
Trying gmin =   1.0000E-04 Note: One successful gmin step
Trying gmin =   1.0000E-05 Note: One successful gmin step
Trying gmin =   1.0000E-06 Note: One successful gmin step
Trying gmin =   1.0000E-07 Note: One successful gmin step
Trying gmin =   1.0000E-08 Note: One successful gmin step
Trying gmin =   1.0000E-09 Note: One successful gmin step
Trying gmin =   1.0000E-10 Note: One successful gmin step
Trying gmin =   1.0000E-11 Note: One successful gmin step
Trying gmin =   1.0000E-12 Warning: Further gmin increment
Trying gmin =   5.6234E-12 Note: One successful gmin step
Trying gmin =   2.3714E-12 Note: One successful gmin step
Trying gmin =   1.0000E-12 Warning: Further gmin increment
Trying gmin =   1.9110E-12 Note: One successful gmin step
Trying gmin =   1.3824E-12 Note: One successful gmin step
Trying gmin =   1.0000E-12 Warning: Further gmin increment
Trying gmin =   1.2749E-12 Note: One successful gmin step
Trying gmin =   1.1291E-12 Note: One successful gmin step
Trying gmin =   1.0000E-12 Warning: Further gmin increment
Trying gmin =   1.0953E-12 Note: One successful gmin step
Trying gmin =   1.0466E-12 Note: One successful gmin step
Trying gmin =   1.0000E-12 Warning: Further gmin increment
Trying gmin =   1.0347E-12 Note: One successful gmin step
Trying gmin =   1.0172E-12 Note: One successful gmin step
Trying gmin =   1.0000E-12 Warning: Further gmin increment
Trying gmin =   1.0129E-12 Note: One successful gmin step
Trying gmin =   1.0064E-12 Note: One successful gmin step
Trying gmin =   1.0000E-12 Warning: Further gmin increment
Trying gmin =   1.0048E-12 Note: One successful gmin step
Trying gmin =   1.0024E-12 Note: One successful gmin step
Trying gmin =   1.0000E-12 Warning: Further gmin increment
Trying gmin =   1.0018E-12 Note: One successful gmin step
Trying gmin =   1.0009E-12 Note: One successful gmin step
Trying gmin =   1.0000E-12 Warning: Further gmin increment
Trying gmin =   1.0007E-12 Note: One successful gmin step
Trying gmin =   1.0003E-12 Warning: Further gmin increment
Trying gmin =   1.0006E-12 Note: One successful gmin step
Trying gmin =   1.0005E-12 Note: One successful gmin step
Trying gmin =   1.0004E-12 Note: One successful gmin step
Trying gmin =   1.0004E-12 Warning: Further gmin increment
Trying gmin =   1.0004E-12 Warning: Last gmin step failed
Warning: True gmin stepping failed
Note: Starting dynamic gmin stepping
Trying gmin =   1.0000E-03 Note: One successful gmin step
Trying gmin =   1.0000E-04 Note: One successful gmin step
Trying gmin =   1.0000E-05 Note: One successful gmin step
Trying gmin =   1.0000E-06 Note: One successful gmin step
Trying gmin =   1.0000E-07 Note: One successful gmin step
Trying gmin =   1.0000E-08 Note: One successful gmin step
Trying gmin =   1.0000E-09 Note: One successful gmin step
Trying gmin =   1.0000E-10 Note: One successful gmin step
Trying gmin =   1.0000E-11 Note: One successful gmin step
Trying gmin =   1.0000E-12 Warning: Further gmin increment
Trying gmin =   5.6234E-12 Note: One successful gmin step
Trying gmin =   2.3714E-12 Note: One successful gmin step
Trying gmin =   1.0000E-12 Warning: Further gmin increment
Trying gmin =   1.9110E-12 Note: One successful gmin step
Trying gmin =   1.3824E-12 Note: One successful gmin step
Trying gmin =   1.0000E-12 Warning: Further gmin increment
Trying gmin =   1.2749E-12 Note: One successful gmin step
Trying gmin =   1.1291E-12 Note: One successful gmin step
Trying gmin =   1.0000E-12 Note: One successful gmin step
Note: Dynamic gmin stepping completed
 Reference value :  5.20000e-01
No compatibility mode selected!


Circuit: * ldo netlist 

Doing analysis at TEMP = 0.000000 and TNOM = 27.000000


No. of Data Rows : 86
temp_coeff = 6.549238e+01
Doing analysis at TEMP = 0.000000 and TNOM = 27.000000


No. of Data Rows : 141
vldo_sup_2          =  1.807910e+00
vldo_sup_2_8        =  1.806912e+00
line_reg = 1.247500e-03
Note: Starting true gmin stepping
Trying gmin =   1.0000E-03 Note: One successful gmin step
Trying gmin =   1.0000E-04 Note: One successful gmin step
Trying gmin =   1.0000E-05 Note: One successful gmin step
Trying gmin =   1.0000E-06 Note: One successful gmin step
Trying gmin =   1.0000E-07 Warning: Further gmin increment
Trying gmin =   5.6234E-07 Note: One successful gmin step
Trying gmin =   2.3714E-07 Warning: Further gmin increment
Trying gmin =   4.5316E-07 Note: One successful gmin step
Trying gmin =   3.2781E-07 Note: One successful gmin step
Trying gmin =   2.0169E-07 Warning: Further gmin increment
Trying gmin =   2.9033E-07 Note: One successful gmin step
Trying gmin =   2.4199E-07 Warning: Further gmin increment
Trying gmin =   2.7741E-07 Note: One successful gmin step
Trying gmin =   2.5909E-07 Warning: Further gmin increment
Trying gmin =   2.7271E-07 Note: One successful gmin step
Trying gmin =   2.6581E-07 Note: One successful gmin step
Trying gmin =   2.5579E-07 Warning: Further gmin increment
Trying gmin =   2.6327E-07 Warning: Further gmin increment
Trying gmin =   2.6518E-07 Note: One successful gmin step
Trying gmin =   2.6422E-07 Note: One successful gmin step
Trying gmin =   2.6280E-07 Warning: Further gmin increment
Trying gmin =   2.6387E-07 Note: One successful gmin step
Trying gmin =   2.6333E-07 Warning: Further gmin increment
Trying gmin =   2.6373E-07 Note: One successful gmin step
Trying gmin =   2.6353E-07 Warning: Further gmin increment
Trying gmin =   2.6368E-07 Note: One successful gmin step
Trying gmin =   2.6361E-07 Note: One successful gmin step
Trying gmin =   2.6349E-07 Warning: Further gmin increment
Trying gmin =   2.6358E-07 Warning: Further gmin increment
Trying gmin =   2.6360E-07 Warning: Last gmin step failed
Warning: True gmin stepping failed
Note: Starting dynamic gmin stepping
Trying gmin =   1.0000E-03 Note: One successful gmin step
Trying gmin =   1.0000E-04 Note: One successful gmin step
Trying gmin =   1.0000E-05 Note: One successful gmin step
Trying gmin =   1.0000E-06 Warning: Further gmin increment
Trying gmin =   5.6234E-06 Warning: Further gmin increment
Trying gmin =   8.6596E-06 Note: One successful gmin step
Trying gmin =   6.9783E-06 Note: One successful gmin step
Trying gmin =   5.0481E-06 Warning: Further gmin increment
Trying gmin =   6.4357E-06 Note: One successful gmin step
Trying gmin =   5.6998E-06 Note: One successful gmin step
Trying gmin =   4.7507E-06 Note: One successful gmin step
Trying gmin =   3.6150E-06 Note: One successful gmin step
Trying gmin =   2.3995E-06 Note: One successful gmin step
Trying gmin =   1.2977E-06 Note: One successful gmin step
Trying gmin =   5.1607E-07 Warning: Further gmin increment
Trying gmin =   1.0305E-06 Warning: Further gmin increment
Trying gmin =   1.2250E-06 Warning: Further gmin increment
Trying gmin =   1.2791E-06 Warning: Further gmin increment
Trying gmin =   1.2930E-06 Note: One successful gmin step
Trying gmin =   1.2860E-06 Warning: Further gmin increment
Trying gmin =   1.2912E-06 Note: One successful gmin step
Trying gmin =   1.2886E-06 Note: One successful gmin step
Trying gmin =   1.2847E-06 Warning: Further gmin increment
Trying gmin =   1.2877E-06 Note: One successful gmin step
Trying gmin =   1.2862E-06 Warning: Further gmin increment
Trying gmin =   1.2873E-06 Note: One successful gmin step
Trying gmin =   1.2867E-06 Warning: Further gmin increment
Trying gmin =   1.2871E-06 Note: One successful gmin step
Trying gmin =   1.2869E-06 Warning: Further gmin increment
Trying gmin =   1.2871E-06 Note: One successful gmin step
Trying gmin =   1.2870E-06 Note: One successful gmin step
Trying gmin =   1.2869E-06 Warning: Further gmin increment
Trying gmin =   1.2870E-06 Note: One successful gmin step
Trying gmin =   1.2869E-06 Warning: Last gmin step failed
Warning: Dynamic gmin stepping failed
Note: Starting source stepping
Supplies reduced to   0.0000% Note: One successful source step
Supplies reduced to   0.1000% Note: One successful source step
Supplies reduced to   0.2000% Note: One successful source step
Supplies reduced to   0.3500% Note: One successful source step
Supplies reduced to   0.5750% Note: One successful source step
Supplies reduced to   0.9125% Note: One successful source step
Supplies reduced to   1.4188% Note: One successful source step
Supplies reduced to   2.1781% Note: One successful source step
Supplies reduced to   3.3172% Note: One successful source step
Supplies reduced to   5.0258% Note: One successful source step
Supplies reduced to   7.5887% Note: One successful source step
Supplies reduced to  11.4330% Note: One successful source step
Supplies reduced to  17.1995% Note: One successful source step
Supplies reduced to  25.8493% Note: One successful source step
Supplies reduced to  38.8239% Note: One successful source step
Supplies reduced to  51.7985% Note: One successful source step
Supplies reduced to  71.2605% Supplies reduced to  51.7985% Note: One successful source step
Supplies reduced to  52.7716% Note: One successful source step
Supplies reduced to  54.2313% Note: One successful source step
Supplies reduced to  56.4207% Note: One successful source step
Supplies reduced to  59.7050% Note: One successful source step
Supplies reduced to  64.6313% Note: One successful source step
Supplies reduced to  72.0207% Note: One successful source step
Supplies reduced to  83.1049% Supplies reduced to  72.0207% Note: One successful source step
Supplies reduced to  73.0207% Note: One successful source step
Supplies reduced to  74.5207% Supplies reduced to  73.0207% Note: One successful source step
Supplies reduced to  73.2457% Note: One successful source step
Supplies reduced to  73.5832% Note: One successful source step
Supplies reduced to  74.0895% Note: One successful source step
Supplies reduced to  74.8488% Note: One successful source step
Supplies reduced to  75.9879% Note: One successful source step
Supplies reduced to  77.6965% Note: One successful source step
Supplies reduced to  80.2594% Note: One successful source step
Supplies reduced to  84.1037% Note: One successful source step
Supplies reduced to  89.8702% Note: One successful source step
Supplies reduced to  98.5200% Note: One successful source step
Supplies reduced to 100.0000% Note: One successful source step
Note: Source stepping completed
 Reference value :  1.00000e+00vin                 =  1.777248e+00
dropout = 1.324800e-02
Doing analysis at TEMP = 0.000000 and TNOM = 27.000000


No. of Data Rows : 91
Error: no such vector PM
Note: Starting true gmin stepping
Trying gmin =   1.0000E-03 Note: One successful gmin step
Trying gmin =   1.0000E-04 Note: One successful gmin step
Trying gmin =   1.0000E-05 Note: One successful gmin step
Trying gmin =   1.0000E-06 Note: One successful gmin step
Trying gmin =   1.0000E-07 Warning: Further gmin increment
Trying gmin =   5.6234E-07 Note: One successful gmin step
Trying gmin =   2.3714E-07 Warning: Further gmin increment
Trying gmin =   4.5316E-07 Note: One successful gmin step
Trying gmin =   3.2781E-07 Note: One successful gmin step
Trying gmin =   2.0169E-07 Warning: Further gmin increment
Trying gmin =   2.9033E-07 Note: One successful gmin step
Trying gmin =   2.4199E-07 Warning: Further gmin increment
Trying gmin =   2.7741E-07 Note: One successful gmin step
Trying gmin =   2.5909E-07 Warning: Further gmin increment
Trying gmin =   2.7271E-07 Note: One successful gmin step
Trying gmin =   2.6581E-07 Note: One successful gmin step
Trying gmin =   2.5579E-07 Warning: Further gmin increment
Trying gmin =   2.6327E-07 Warning: Further gmin increment
Trying gmin =   2.6518E-07 Note: One successful gmin step
Trying gmin =   2.6422E-07 Note: One successful gmin step
Trying gmin =   2.6280E-07 Warning: Further gmin increment
Trying gmin =   2.6387E-07 Note: One successful gmin step
Trying gmin =   2.6333E-07 Warning: Further gmin increment
Trying gmin =   2.6373E-07 Note: One successful gmin step
Trying gmin =   2.6353E-07 Warning: Further gmin increment
Trying gmin =   2.6368E-07 Note: One successful gmin step
Trying gmin =   2.6361E-07 Note: One successful gmin step
Trying gmin =   2.6349E-07 Warning: Further gmin increment
Trying gmin =   2.6358E-07 Warning: Further gmin increment
Trying gmin =   2.6360E-07 Warning: Last gmin step failed
Warning: True gmin stepping failed
Note: Starting dynamic gmin stepping
Trying gmin =   1.0000E-03 Note: One successful gmin step
Trying gmin =   1.0000E-04 Note: One successful gmin step
Trying gmin =   1.0000E-05 Note: One successful gmin step
Trying gmin =   1.0000E-06 Warning: Further gmin increment
Trying gmin =   5.6234E-06 Warning: Further gmin increment
Trying gmin =   8.6596E-06 Note: One successful gmin step
Trying gmin =   6.9783E-06 Note: One successful gmin step
Trying gmin =   5.0481E-06 Warning: Further gmin increment
Trying gmin =   6.4357E-06 Note: One successful gmin step
Trying gmin =   5.6998E-06 Note: One successful gmin step
Trying gmin =   4.7507E-06 Note: One successful gmin step
Trying gmin =   3.6150E-06 Note: One successful gmin step
Trying gmin =   2.3995E-06 Note: One successful gmin step
Trying gmin =   1.2977E-06 Note: One successful gmin step
Trying gmin =   5.1607E-07 Warning: Further gmin increment
Trying gmin =   1.0305E-06 Warning: Further gmin increment
Trying gmin =   1.2250E-06 Warning: Further gmin increment
Trying gmin =   1.2791E-06 Warning: Further gmin increment
Trying gmin =   1.2930E-06 Note: One successful gmin step
Trying gmin =   1.2860E-06 Warning: Further gmin increment
Trying gmin =   1.2912E-06 Note: One successful gmin step
Trying gmin =   1.2886E-06 Note: One successful gmin step
Trying gmin =   1.2847E-06 Warning: Further gmin increment
Trying gmin =   1.2877E-06 Note: One successful gmin step
Trying gmin =   1.2862E-06 Warning: Further gmin increment
Trying gmin =   1.2873E-06 Note: One successful gmin step
Trying gmin =   1.2867E-06 Warning: Further gmin increment
Trying gmin =   1.2871E-06 Note: One successful gmin step
Trying gmin =   1.2869E-06 Warning: Further gmin increment
Trying gmin =   1.2871E-06 Note: One successful gmin step
Trying gmin =   1.2870E-06 Note: One successful gmin step
Trying gmin =   1.2869E-06 Warning: Further gmin increment
Trying gmin =   1.2870E-06 Note: One successful gmin step
Trying gmin =   1.2869E-06 Warning: Last gmin step failed
Warning: Dynamic gmin stepping failed
Note: Starting source stepping
Supplies reduced to   0.0000% Note: One successful source step
Supplies reduced to   0.1000% Note: One successful source step
Supplies reduced to   0.2000% Note: One successful source step
Supplies reduced to   0.3500% Note: One successful source step
Supplies reduced to   0.5750% Note: One successful source step
Supplies reduced to   0.9125% Note: One successful source step
Supplies reduced to   1.4188% Note: One successful source step
Supplies reduced to   2.1781% Note: One successful source step
Supplies reduced to   3.3172% Note: One successful source step
Supplies reduced to   5.0258% Note: One successful source step
Supplies reduced to   7.5887% Note: One successful source step
Supplies reduced to  11.4330% Note: One successful source step
Supplies reduced to  17.1995% Note: One successful source step
Supplies reduced to  25.8493% Note: One successful source step
Supplies reduced to  38.8239% Note: One successful source step
Supplies reduced to  51.7985% Note: One successful source step
Supplies reduced to  64.7732% Note: One successful source step
Supplies reduced to  77.7478% Supplies reduced to  64.7732% Note: One successful source step
Supplies reduced to  65.7732% Note: One successful source step
Supplies reduced to  67.2732% Note: One successful source step
Supplies reduced to  69.5232% Note: One successful source step
Supplies reduced to  72.8982% Note: One successful source step
Supplies reduced to  77.9607% Supplies reduced to  72.8982% Note: One successful source step
Supplies reduced to  73.6575% Supplies reduced to  72.8982% Note: One successful source step
Supplies reduced to  73.0121% Note: One successful source step
Supplies reduced to  73.1829% Note: One successful source step
Supplies reduced to  73.4392% Note: One successful source step
Supplies reduced to  73.8237% Note: One successful source step
Supplies reduced to  74.4003% Note: One successful source step
Supplies reduced to  75.2653% Note: One successful source step
Supplies reduced to  76.5627% Note: One successful source step
Supplies reduced to  78.5089% Note: One successful source step
Supplies reduced to  81.4282% Note: One successful source step
Supplies reduced to  85.8072% Note: One successful source step
Supplies reduced to  92.3756% Note: One successful source step
Supplies reduced to 100.0000% Note: One successful source step
Note: Source stepping completed
 Reference value :  1.00000e+00Note: No ".plot", ".print", or ".fourier" lines; no simulations run

Error: measure  pm  (AT) : out of interval
 meas ac pm find p when vdb(ldo_out)=0 failed!

Doing analysis at TEMP = 0.000000 and TNOM = 27.000000


No. of Data Rows : 91
psrr100             =  -6.017257e+01
psrr100k            =  -2.624573e+01
