 Reference value :  8.50000e+01Note: Starting true gmin stepping
Trying gmin =   1.0000E-03 Note: One successful gmin step
Trying gmin =   1.0000E-04 Note: One successful gmin step
Trying gmin =   1.0000E-05 Note: One successful gmin step
Trying gmin =   1.0000E-06 Note: One successful gmin step
Trying gmin =   1.0000E-07 Warning: Further gmin increment
Trying gmin =   5.6234E-07 Note: One successful gmin step
Trying gmin =   2.3714E-07 Note: One successful gmin step
Trying gmin =   1.0000E-07 Note: One successful gmin step
Trying gmin =   2.7384E-08 Warning: Further gmin increment
Trying gmin =   7.2339E-08 Warning: Further gmin increment
Trying gmin =   9.2224E-08 Note: One successful gmin step
Trying gmin =   8.1679E-08 Note: One successful gmin step
Trying gmin =   6.8078E-08 Warning: Further gmin increment
Trying gmin =   7.8043E-08 Note: One successful gmin step
Trying gmin =   7.2890E-08 Warning: Further gmin increment
Trying gmin =   7.6722E-08 Note: One successful gmin step
Trying gmin =   7.4782E-08 Note: One successful gmin step
Trying gmin =   7.2890E-08 Note: One successful gmin step
Trying gmin =   7.0143E-08 Note: One successful gmin step
Trying gmin =   6.6215E-08 Note: One successful gmin step
Trying gmin =   6.0732E-08 Note: One successful gmin step
Trying gmin =   5.3346E-08 Note: One successful gmin step
Trying gmin =   4.3917E-08 Note: One successful gmin step
Trying gmin =   3.2804E-08 Note: One successful gmin step
Trying gmin =   2.1177E-08 Note: One successful gmin step
Trying gmin =   1.0985E-08 Note: One successful gmin step
Trying gmin =   4.1035E-09 Note: One successful gmin step
Trying gmin =   9.3692E-10 Note: One successful gmin step
Trying gmin =   1.0222E-10 Note: One successful gmin step
Trying gmin =   1.0222E-11 Note: One successful gmin step
Trying gmin =   1.0222E-12 Note: One successful gmin step
Trying gmin =   1.0000E-12 Note: One successful gmin step
Note: True gmin stepping completed
 Reference value :  2.80000e+00Note: Starting true gmin stepping
Trying gmin =   1.0000E-03 Note: One successful gmin step
Trying gmin =   1.0000E-04 Note: One successful gmin step
Trying gmin =   1.0000E-05 Note: One successful gmin step
Trying gmin =   1.0000E-06 Note: One successful gmin step
Trying gmin =   1.0000E-07 Note: One successful gmin step
Trying gmin =   1.0000E-08 Warning: Further gmin increment
Trying gmin =   5.6234E-08 Note: One successful gmin step
Trying gmin =   2.3714E-08 Note: One successful gmin step
Trying gmin =   6.4938E-09 Note: One successful gmin step
Trying gmin =   9.3057E-10 Warning: Further gmin increment
Trying gmin =   3.9954E-09 Note: One successful gmin step
Trying gmin =   1.9282E-09 Note: One successful gmin step
Trying gmin =   6.4647E-10 Note: One successful gmin step
Trying gmin =   1.2550E-10 Warning: Further gmin increment
Trying gmin =   4.2911E-10 Note: One successful gmin step
Trying gmin =   2.3206E-10 Warning: Further gmin increment
Trying gmin =   3.6798E-10 Note: One successful gmin step
Trying gmin =   2.9222E-10 Note: One successful gmin step
Trying gmin =   2.0680E-10 Warning: Further gmin increment
Trying gmin =   2.6802E-10 Note: One successful gmin step
Trying gmin =   2.3543E-10 Note: One successful gmin step
Trying gmin =   1.9381E-10 Warning: Further gmin increment
Trying gmin =   2.2425E-10 Warning: Further gmin increment
Trying gmin =   2.3258E-10 Warning: Further gmin increment
Trying gmin =   2.3471E-10 Note: One successful gmin step
Trying gmin =   2.3365E-10 Warning: Further gmin increment
Trying gmin =   2.3445E-10 Note: One successful gmin step
Trying gmin =   2.3405E-10 Warning: Further gmin increment
Trying gmin =   2.3435E-10 Warning: Further gmin increment
Trying gmin =   2.3442E-10 Note: One successful gmin step
Trying gmin =   2.3438E-10 Note: One successful gmin step
Trying gmin =   2.3433E-10 Warning: Further gmin increment
Trying gmin =   2.3437E-10 Note: One successful gmin step
Trying gmin =   2.3435E-10 Warning: Further gmin increment
Trying gmin =   2.3436E-10 Note: One successful gmin step
Trying gmin =   2.3435E-10 Note: One successful gmin step
Trying gmin =   2.3433E-10 Note: One successful gmin step
Trying gmin =   2.3431E-10 Note: One successful gmin step
Trying gmin =   2.3427E-10 Note: One successful gmin step
Trying gmin =   2.3421E-10 Note: One successful gmin step
Trying gmin =   2.3412E-10 Note: One successful gmin step
Trying gmin =   2.3399E-10 Note: One successful gmin step
Trying gmin =   2.3379E-10 Note: One successful gmin step
Trying gmin =   2.3349E-10 Note: One successful gmin step
Trying gmin =   2.3304E-10 Note: One successful gmin step
Trying gmin =   2.3237E-10 Note: One successful gmin step
Trying gmin =   2.3137E-10 Note: One successful gmin step
Trying gmin =   2.2987E-10 Note: One successful gmin step
Trying gmin =   2.2764E-10 Note: One successful gmin step
Trying gmin =   2.2435E-10 Note: One successful gmin step
Trying gmin =   2.1949E-10 Note: One successful gmin step
Trying gmin =   2.1240E-10 Note: One successful gmin step
Trying gmin =   2.0219E-10 Note: One successful gmin step
Trying gmin =   1.8778E-10 Note: One successful gmin step
Trying gmin =   1.6808E-10 Note: One successful gmin step
Trying gmin =   1.4234E-10 Note: One successful gmin step
Trying gmin =   1.1092E-10 Note: One successful gmin step
Trying gmin =   7.6304E-11 Note: One successful gmin step
Trying gmin =   4.3537E-11 Note: One successful gmin step
Trying gmin =   1.8764E-11 Note: One successful gmin step
Trying gmin =   5.3090E-12 Note: One successful gmin step
Trying gmin =   1.0000E-12 Note: One successful gmin step
Note: True gmin stepping completed
 Reference value :  1.44000e+00Note: Starting true gmin stepping
Trying gmin =   1.0000E-03 Note: One successful gmin step
Trying gmin =   1.0000E-04 Note: One successful gmin step
Trying gmin =   1.0000E-05 Note: One successful gmin step
Trying gmin =   1.0000E-06 Note: One successful gmin step
Trying gmin =   1.0000E-07 Note: One successful gmin step
Trying gmin =   1.0000E-08 Warning: Further gmin increment
Trying gmin =   5.6234E-08 Note: One successful gmin step
Trying gmin =   2.3714E-08 Note: One successful gmin step
Trying gmin =   6.4938E-09 Note: One successful gmin step
Trying gmin =   9.3057E-10 Note: One successful gmin step
Trying gmin =   9.3057E-11 Warning: Further gmin increment
Trying gmin =   5.2330E-10 Note: One successful gmin step
Trying gmin =   2.2067E-10 Note: One successful gmin step
Trying gmin =   6.0430E-11 Warning: Further gmin increment
Trying gmin =   1.5963E-10 Warning: Further gmin increment
Trying gmin =   2.0351E-10 Note: One successful gmin step
Trying gmin =   1.8024E-10 Note: One successful gmin step
Trying gmin =   1.5023E-10 Warning: Further gmin increment
Trying gmin =   1.7222E-10 Note: One successful gmin step
Trying gmin =   1.6085E-10 Warning: Further gmin increment
Trying gmin =   1.6930E-10 Warning: Further gmin increment
Trying gmin =   1.7149E-10 Note: One successful gmin step
Trying gmin =   1.7039E-10 Warning: Further gmin increment
Trying gmin =   1.7121E-10 Note: One successful gmin step
Trying gmin =   1.7080E-10 Warning: Further gmin increment
Trying gmin =   1.7111E-10 Warning: Further gmin increment
Trying gmin =   1.7119E-10 Note: One successful gmin step
Trying gmin =   1.7116E-10 Note: One successful gmin step
Trying gmin =   1.7112E-10 Note: One successful gmin step
Trying gmin =   1.7106E-10 Note: One successful gmin step
Trying gmin =   1.7098E-10 Note: One successful gmin step
Trying gmin =   1.7085E-10 Note: One successful gmin step
Trying gmin =   1.7065E-10 Note: One successful gmin step
Trying gmin =   1.7036E-10 Note: One successful gmin step
Trying gmin =   1.6993E-10 Note: One successful gmin step
Trying gmin =   1.6927E-10 Note: One successful gmin step
Trying gmin =   1.6830E-10 Note: One successful gmin step
Trying gmin =   1.6685E-10 Note: One successful gmin step
Trying gmin =   1.6470E-10 Note: One successful gmin step
Trying gmin =   1.6152E-10 Note: One successful gmin step
Trying gmin =   1.5687E-10 Note: One successful gmin step
Trying gmin =   1.5015E-10 Note: One successful gmin step
Trying gmin =   1.4060E-10 Note: One successful gmin step
Trying gmin =   1.2740E-10 Note: One successful gmin step
Trying gmin =   1.0989E-10 Note: One successful gmin step
Trying gmin =   8.8029E-11 Note: One successful gmin step
Trying gmin =   6.3115E-11 Note: One successful gmin step
Trying gmin =   3.8318E-11 Note: One successful gmin step
Trying gmin =   1.8126E-11 Note: One successful gmin step
Trying gmin =   5.8973E-12 Note: One successful gmin step
Trying gmin =   1.0944E-12 Note: One successful gmin step
Trying gmin =   1.0000E-12 Note: One successful gmin step
Note: True gmin stepping completed
 Reference value :  1.42000e+00
No compatibility mode selected!


Circuit: * ldo netlist 

Doing analysis at TEMP = 0.000000 and TNOM = 27.000000


No. of Data Rows : 86
temp_coeff = 7.831949e+01
Doing analysis at TEMP = 0.000000 and TNOM = 27.000000


No. of Data Rows : 141
vldo_sup_2          =  1.811804e+00
vldo_sup_2_8        =  1.810963e+00
line_reg = 1.051250e-03
Note: Starting true gmin stepping
Trying gmin =   1.0000E-03 Note: One successful gmin step
Trying gmin =   1.0000E-04 Note: One successful gmin step
Trying gmin =   1.0000E-05 Note: One successful gmin step
Trying gmin =   1.0000E-06 Note: One successful gmin step
Trying gmin =   1.0000E-07 Note: One successful gmin step
Trying gmin =   1.0000E-08 Warning: Further gmin increment
Trying gmin =   5.6234E-08 Warning: Further gmin increment
Trying gmin =   8.6596E-08 Warning: Further gmin increment
Trying gmin =   9.6466E-08 Note: One successful gmin step
Trying gmin =   9.3057E-08 Note: One successful gmin step
Trying gmin =   8.8168E-08 Note: One successful gmin step
Trying gmin =   8.1312E-08 Note: One successful gmin step
Trying gmin =   7.2015E-08 Note: One successful gmin step
Trying gmin =   6.0023E-08 Note: One successful gmin step
Trying gmin =   4.5674E-08 Note: One successful gmin step
Trying gmin =   3.0317E-08 Note: One successful gmin step
Trying gmin =   1.6395E-08 Note: One successful gmin step
Trying gmin =   6.5203E-09 Note: One successful gmin step
Trying gmin =   1.6353E-09 Note: One successful gmin step
Trying gmin =   2.0539E-10 Note: One successful gmin step
Trying gmin =   2.0539E-11 Note: One successful gmin step
Trying gmin =   2.0539E-12 Note: One successful gmin step
Trying gmin =   1.0000E-12 Note: One successful gmin step
Note: True gmin stepping completed
 Reference value :  1.00000e+00vin                 =  1.764146e+00
dropout = 1.460000e-04
Doing analysis at TEMP = 0.000000 and TNOM = 27.000000


No. of Data Rows : 91
Note: Starting true gmin stepping
Trying gmin =   1.0000E-03 Note: One successful gmin step
Trying gmin =   1.0000E-04 Note: One successful gmin step
Trying gmin =   1.0000E-05 Note: One successful gmin step
Trying gmin =   1.0000E-06 Note: One successful gmin step
Trying gmin =   1.0000E-07 Note: One successful gmin step
Trying gmin =   1.0000E-08 Warning: Further gmin increment
Trying gmin =   5.6234E-08 Warning: Further gmin increment
Trying gmin =   8.6596E-08 Warning: Further gmin increment
Trying gmin =   9.6466E-08 Note: One successful gmin step
Trying gmin =   9.3057E-08 Note: One successful gmin step
Trying gmin =   8.8168E-08 Note: One successful gmin step
Trying gmin =   8.1312E-08 Note: One successful gmin step
Trying gmin =   7.2015E-08 Note: One successful gmin step
Trying gmin =   6.0023E-08 Note: One successful gmin step
Trying gmin =   4.5674E-08 Note: One successful gmin step
Trying gmin =   3.0317E-08 Note: One successful gmin step
Trying gmin =   1.6395E-08 Note: One successful gmin step
Trying gmin =   6.5203E-09 Note: One successful gmin step
Trying gmin =   1.6353E-09 Note: One successful gmin step
Trying gmin =   2.0539E-10 Note: One successful gmin step
Trying gmin =   2.0539E-11 Note: One successful gmin step
Trying gmin =   2.0539E-12 Note: One successful gmin step
Trying gmin =   1.0000E-12 Note: One successful gmin step
Note: True gmin stepping completed
Note: No ".plot", ".print", or ".fourier" lines; no simulations run
pm                  =  6.184171e+01
Doing analysis at TEMP = 0.000000 and TNOM = 27.000000


No. of Data Rows : 91
psrr100             =  -6.035913e+01
psrr100k            =  -2.641210e+01
