 Reference value :  8.50000e+01Note: Starting true gmin stepping
Trying gmin =   1.0000E-03 Note: One successful gmin step
Trying gmin =   1.0000E-04 Note: One successful gmin step
Trying gmin =   1.0000E-05 Note: One successful gmin step
Trying gmin =   1.0000E-06 Warning: Further gmin increment
Trying gmin =   5.6234E-06 Note: One successful gmin step
Trying gmin =   2.3714E-06 Warning: Further gmin increment
Trying gmin =   4.5316E-06 Note: One successful gmin step
Trying gmin =   3.2781E-06 Note: One successful gmin step
Trying gmin =   2.0169E-06 Warning: Further gmin increment
Trying gmin =   2.9033E-06 Note: One successful gmin step
Trying gmin =   2.4199E-06 Warning: Further gmin increment
Trying gmin =   2.7741E-06 Note: One successful gmin step
Trying gmin =   2.5909E-06 Note: One successful gmin step
Trying gmin =   2.3386E-06 Note: One successful gmin step
Trying gmin =   2.0055E-06 Note: One successful gmin step
Trying gmin =   1.5926E-06 Note: One successful gmin step
Trying gmin =   1.1270E-06 Note: One successful gmin step
Trying gmin =   6.7093E-07 Note: One successful gmin step
Trying gmin =   3.0818E-07 Note: One successful gmin step
Trying gmin =   9.5935E-08 Note: One successful gmin step
Trying gmin =   1.6663E-08 Note: One successful gmin step
Trying gmin =   1.6663E-09 Note: One successful gmin step
Trying gmin =   1.6663E-10 Note: One successful gmin step
Trying gmin =   1.6663E-11 Note: One successful gmin step
Trying gmin =   1.6663E-12 Note: One successful gmin step
Trying gmin =   1.0000E-12 Note: One successful gmin step
Note: True gmin stepping completed
 Reference value :  2.80000e+00Note: Starting true gmin stepping
Trying gmin =   1.0000E-03 Note: One successful gmin step
Trying gmin =   1.0000E-04 Note: One successful gmin step
Trying gmin =   1.0000E-05 Note: One successful gmin step
Trying gmin =   1.0000E-06 Note: One successful gmin step
Trying gmin =   1.0000E-07 Note: One successful gmin step
Trying gmin =   1.0000E-08 Note: One successful gmin step
Trying gmin =   1.0000E-09 Note: One successful gmin step
Trying gmin =   1.0000E-10 Warning: Further gmin increment
Trying gmin =   5.6234E-10 Note: One successful gmin step
Trying gmin =   2.3714E-10 Note: One successful gmin step
Trying gmin =   6.4938E-11 Warning: Further gmin increment
Trying gmin =   1.7154E-10 Note: One successful gmin step
Trying gmin =   1.0554E-10 Note: One successful gmin step
Trying gmin =   5.0937E-11 Note: One successful gmin step
Trying gmin =   1.7077E-11 Note: One successful gmin step
Trying gmin =   3.3152E-12 Note: One successful gmin step
Trying gmin =   1.0000E-12 Note: One successful gmin step
Note: True gmin stepping completed
 Reference value :  1.04000e+00Note: Starting true gmin stepping
Trying gmin =   1.0000E-03 Note: One successful gmin step
Trying gmin =   1.0000E-04 Note: One successful gmin step
Trying gmin =   1.0000E-05 Note: One successful gmin step
Trying gmin =   1.0000E-06 Note: One successful gmin step
Trying gmin =   1.0000E-07 Note: One successful gmin step
Trying gmin =   1.0000E-08 Note: One successful gmin step
Trying gmin =   1.0000E-09 Note: One successful gmin step
Trying gmin =   1.0000E-10 Note: One successful gmin step
Trying gmin =   1.0000E-11 Note: One successful gmin step
Trying gmin =   1.0000E-12 Warning: Further gmin increment
Trying gmin =   5.6234E-12 Note: One successful gmin step
Trying gmin =   2.3714E-12 Note: One successful gmin step
Trying gmin =   1.0000E-12 Warning: Further gmin increment
Trying gmin =   1.9110E-12 Note: One successful gmin step
Trying gmin =   1.3824E-12 Note: One successful gmin step
Trying gmin =   1.0000E-12 Warning: Further gmin increment
Trying gmin =   1.2749E-12 Note: One successful gmin step
Trying gmin =   1.1291E-12 Note: One successful gmin step
Trying gmin =   1.0000E-12 Warning: Further gmin increment
Trying gmin =   1.0953E-12 Note: One successful gmin step
Trying gmin =   1.0466E-12 Note: One successful gmin step
Trying gmin =   1.0000E-12 Warning: Further gmin increment
Trying gmin =   1.0347E-12 Note: One successful gmin step
Trying gmin =   1.0172E-12 Note: One successful gmin step
Trying gmin =   1.0000E-12 Warning: Further gmin increment
Trying gmin =   1.0129E-12 Note: One successful gmin step
Trying gmin =   1.0064E-12 Note: One successful gmin step
Trying gmin =   1.0000E-12 Warning: Further gmin increment
Trying gmin =   1.0048E-12 Note: One successful gmin step
Trying gmin =   1.0040E-12 Note: One successful gmin step
Trying gmin =   1.0028E-12 Note: One successful gmin step
Trying gmin =   1.0010E-12 Note: One successful gmin step
Trying gmin =   1.0000E-12 Warning: Further gmin increment
Trying gmin =   1.0008E-12 Note: One successful gmin step
Trying gmin =   1.0005E-12 Note: One successful gmin step
Trying gmin =   1.0001E-12 Warning: Further gmin increment
Trying gmin =   1.0004E-12 Warning: Further gmin increment
Trying gmin =   1.0005E-12 Note: One successful gmin step
Trying gmin =   1.0004E-12 Warning: Further gmin increment
Trying gmin =   1.0005E-12 Warning: Last gmin step failed
Warning: True gmin stepping failed
Note: Starting dynamic gmin stepping
Trying gmin =   1.0000E-03 Note: One successful gmin step
Trying gmin =   1.0000E-04 Note: One successful gmin step
Trying gmin =   1.0000E-05 Note: One successful gmin step
Trying gmin =   1.0000E-06 Note: One successful gmin step
Trying gmin =   1.0000E-07 Note: One successful gmin step
Trying gmin =   1.0000E-08 Note: One successful gmin step
Trying gmin =   1.0000E-09 Note: One successful gmin step
Trying gmin =   1.0000E-10 Note: One successful gmin step
Trying gmin =   1.0000E-11 Note: One successful gmin step
Trying gmin =   1.0000E-12 Warning: Further gmin increment
Trying gmin =   5.6234E-12 Note: One successful gmin step
Trying gmin =   2.3714E-12 Note: One successful gmin step
Trying gmin =   1.5399E-12 Note: One successful gmin step
Trying gmin =   1.0000E-12 Note: One successful gmin step
Warning: Dynamic gmin stepping failed
Note: Starting source stepping
Supplies reduced to   0.0000% Note: One successful source step
Supplies reduced to   0.1000% Note: One successful source step
Supplies reduced to   0.2000% Note: One successful source step
Supplies reduced to   0.3500% Note: One successful source step
Supplies reduced to   0.5750% Note: One successful source step
Supplies reduced to   0.9125% Note: One successful source step
Supplies reduced to   1.4188% Note: One successful source step
Supplies reduced to   2.1781% Note: One successful source step
Supplies reduced to   3.3172% Note: One successful source step
Supplies reduced to   5.0258% Note: One successful source step
Supplies reduced to   7.5887% Note: One successful source step
Supplies reduced to  11.4330% Note: One successful source step
Supplies reduced to  17.1995% Note: One successful source step
Supplies reduced to  25.8493% Note: One successful source step
Supplies reduced to  38.8239% Note: One successful source step
Supplies reduced to  58.2859% Note: One successful source step
Supplies reduced to  87.4788% Note: One successful source step
Supplies reduced to 100.0000% Supplies reduced to  87.4788% Warning: source stepping failed
doAnalyses: Too many iterations without convergence

dc simulation(s) aborted

No compatibility mode selected!


Circuit: * ldo netlist 

Doing analysis at TEMP = 85.000000 and TNOM = 27.000000


No. of Data Rows : 86
temp_coeff = 5.904344e+01
Doing analysis at TEMP = 85.000000 and TNOM = 27.000000

vldo_sup_2          =  1.810641e+00
vldo_sup_2_8        =  1.812735e+00
line_reg = 2.617500e-03
 Reference value :  1.00000e+00vin                 =  1.779510e+00
dropout = 1.551000e-02
Doing analysis at TEMP = 85.000000 and TNOM = 27.000000


No. of Data Rows : 91
Error: no such vector PM
Note: No ".plot", ".print", or ".fourier" lines; no simulations run

Error: measure  pm  (AT) : out of interval
 meas ac pm find p when vdb(ldo_out)=0 failed!

Doing analysis at TEMP = 85.000000 and TNOM = 27.000000


No. of Data Rows : 91
psrr100             =  -2.187534e+01
psrr100k            =  -3.212825e+01
