 Reference value :  8.50000e+01Note: Starting true gmin stepping
Trying gmin =   1.0000E-03 Note: One successful gmin step
Trying gmin =   1.0000E-04 Note: One successful gmin step
Trying gmin =   1.0000E-05 Note: One successful gmin step
Trying gmin =   1.0000E-06 Note: One successful gmin step
Trying gmin =   1.0000E-07 Note: One successful gmin step
Trying gmin =   1.0000E-08 Warning: Further gmin increment
Trying gmin =   5.6234E-08 Note: One successful gmin step
Trying gmin =   2.3714E-08 Warning: Further gmin increment
Trying gmin =   4.5316E-08 Note: One successful gmin step
Trying gmin =   3.2781E-08 Warning: Further gmin increment
Trying gmin =   4.1792E-08 Note: One successful gmin step
Trying gmin =   3.7013E-08 Warning: Further gmin increment
Trying gmin =   4.0542E-08 Note: One successful gmin step
Trying gmin =   3.8738E-08 Warning: Further gmin increment
Trying gmin =   4.0084E-08 Note: One successful gmin step
Trying gmin =   3.9405E-08 Warning: Further gmin increment
Trying gmin =   3.9913E-08 Warning: Further gmin increment
Trying gmin =   4.0041E-08 Note: One successful gmin step
Trying gmin =   3.9977E-08 Warning: Further gmin increment
Trying gmin =   4.0025E-08 Warning: Further gmin increment
Trying gmin =   4.0037E-08 Note: One successful gmin step
Trying gmin =   4.0031E-08 Note: One successful gmin step
Trying gmin =   4.0022E-08 Warning: Further gmin increment
Trying gmin =   4.0029E-08 Warning: Further gmin increment
Trying gmin =   4.0030E-08 Note: One successful gmin step
Trying gmin =   4.0029E-08 Warning: Last gmin step failed
Error: -4.30505e+180, 2 out of range for ^
Warning: True gmin stepping failed
Note: Starting dynamic gmin stepping
Trying gmin =   1.0000E-03 Note: One successful gmin step
Trying gmin =   1.0000E-04 Note: One successful gmin step
Trying gmin =   1.0000E-05 Note: One successful gmin step
Trying gmin =   1.0000E-06 Warning: Further gmin increment
Trying gmin =   5.6234E-06 Note: One successful gmin step
Trying gmin =   3.1623E-06 Note: One successful gmin step
Trying gmin =   1.3335E-06 Warning: Further gmin increment
Trying gmin =   2.5483E-06 Note: One successful gmin step
Trying gmin =   1.8434E-06 Note: One successful gmin step
Trying gmin =   1.1342E-06 Warning: Further gmin increment
Trying gmin =   1.6326E-06 Note: One successful gmin step
Trying gmin =   1.3608E-06 Warning: Further gmin increment
Trying gmin =   1.5600E-06 Note: One successful gmin step
Trying gmin =   1.4570E-06 Note: One successful gmin step
Trying gmin =   1.3151E-06 Warning: Further gmin increment
Trying gmin =   1.4201E-06 Note: One successful gmin step
Trying gmin =   1.3666E-06 Warning: Further gmin increment
Trying gmin =   1.4066E-06 Note: One successful gmin step
Trying gmin =   1.3864E-06 Warning: Further gmin increment
Trying gmin =   1.4015E-06 Note: One successful gmin step
Trying gmin =   1.3939E-06 Note: One successful gmin step
Trying gmin =   1.3827E-06 Warning: Further gmin increment
Trying gmin =   1.3911E-06 Note: One successful gmin step
Trying gmin =   1.3869E-06 Note: One successful gmin step
Trying gmin =   1.3806E-06 Note: One successful gmin step
Trying gmin =   1.3712E-06 Note: One successful gmin step
Trying gmin =   1.3572E-06 Note: One successful gmin step
Trying gmin =   1.3365E-06 Note: One successful gmin step
Trying gmin =   1.3060E-06 Note: One successful gmin step
Trying gmin =   1.2616E-06 Note: One successful gmin step
Trying gmin =   1.1977E-06 Note: One successful gmin step
Trying gmin =   1.1080E-06 Note: One successful gmin step
Trying gmin =   9.8580E-07 Note: One successful gmin step
Trying gmin =   8.2733E-07 Note: One successful gmin step
Trying gmin =   6.3609E-07 Note: One successful gmin step
Trying gmin =   4.2881E-07 Note: One successful gmin step
Trying gmin =   2.3736E-07 Note: One successful gmin step
Trying gmin =   9.7746E-08 Note: One successful gmin step
Trying gmin =   2.5831E-08 Note: One successful gmin step
Trying gmin =   3.5093E-09 Note: One successful gmin step
Trying gmin =   3.5093E-10 Note: One successful gmin step
Trying gmin =   3.5093E-11 Note: One successful gmin step
Trying gmin =   3.5093E-12 Note: One successful gmin step
Trying gmin =   1.0000E-12 Note: One successful gmin step
Note: Dynamic gmin stepping completed
 Reference value :  2.80000e+00Note: Starting true gmin stepping
Trying gmin =   1.0000E-03 Note: One successful gmin step
Trying gmin =   1.0000E-04 Note: One successful gmin step
Trying gmin =   1.0000E-05 Note: One successful gmin step
Trying gmin =   1.0000E-06 Note: One successful gmin step
Trying gmin =   1.0000E-07 Note: One successful gmin step
Trying gmin =   1.0000E-08 Warning: Further gmin increment
Trying gmin =   5.6234E-08 Note: One successful gmin step
Trying gmin =   2.3714E-08 Warning: Further gmin increment
Trying gmin =   4.5316E-08 Note: One successful gmin step
Trying gmin =   3.2781E-08 Note: One successful gmin step
Trying gmin =   2.0169E-08 Note: One successful gmin step
Trying gmin =   9.7338E-09 Note: One successful gmin step
Trying gmin =   3.2634E-09 Note: One successful gmin step
Trying gmin =   6.3352E-10 Note: One successful gmin step
Trying gmin =   6.3352E-11 Note: One successful gmin step
Trying gmin =   6.3352E-12 Note: One successful gmin step
Trying gmin =   1.0000E-12 Note: One successful gmin step
Note: True gmin stepping completed
Note: Starting true gmin stepping
Trying gmin =   1.0000E-03 Note: One successful gmin step
Trying gmin =   1.0000E-04 Note: One successful gmin step
Trying gmin =   1.0000E-05 Note: One successful gmin step
Trying gmin =   1.0000E-06 Note: One successful gmin step
Trying gmin =   1.0000E-07 Note: One successful gmin step
Trying gmin =   1.0000E-08 Warning: Further gmin increment
Trying gmin =   5.6234E-08 Note: One successful gmin step
Trying gmin =   3.1623E-08 Note: One successful gmin step
Trying gmin =   1.7783E-08 Note: One successful gmin step
Trying gmin =   7.4989E-09 Note: One successful gmin step
Trying gmin =   2.0535E-09 Note: One successful gmin step
Trying gmin =   2.9427E-10 Note: One successful gmin step
Trying gmin =   2.9427E-11 Note: One successful gmin step
Trying gmin =   2.9427E-12 Note: One successful gmin step
Trying gmin =   1.0000E-12 Note: One successful gmin step
Note: True gmin stepping completed
 Reference value :  1.52000e+00Note: Starting true gmin stepping
Trying gmin =   1.0000E-03 Note: One successful gmin step
Trying gmin =   1.0000E-04 Note: One successful gmin step
Trying gmin =   1.0000E-05 Note: One successful gmin step
Trying gmin =   1.0000E-06 Note: One successful gmin step
Trying gmin =   1.0000E-07 Note: One successful gmin step
Trying gmin =   1.0000E-08 Note: One successful gmin step
Trying gmin =   1.0000E-09 Note: One successful gmin step
Trying gmin =   1.0000E-10 Note: One successful gmin step
Trying gmin =   3.1623E-11 Note: One successful gmin step
Trying gmin =   5.6234E-12 Note: One successful gmin step
Trying gmin =   1.0000E-12 Note: One successful gmin step
Note: True gmin stepping completed
Note: Starting true gmin stepping
Trying gmin =   1.0000E-03 Note: One successful gmin step
Trying gmin =   1.0000E-04 Note: One successful gmin step
Trying gmin =   1.0000E-05 Note: One successful gmin step
Trying gmin =   1.0000E-06 Note: One successful gmin step
Trying gmin =   1.0000E-07 Note: One successful gmin step
Trying gmin =   1.0000E-08 Note: One successful gmin step
Trying gmin =   1.0000E-09 Note: One successful gmin step
Trying gmin =   1.0000E-10 Note: One successful gmin step
Trying gmin =   1.0000E-11 Note: One successful gmin step
Trying gmin =   1.0000E-12 Warning: Further gmin increment
Trying gmin =   5.6234E-12 Note: One successful gmin step
Trying gmin =   2.3714E-12 Note: One successful gmin step
Trying gmin =   1.0000E-12 Warning: Further gmin increment
Trying gmin =   1.9110E-12 Note: One successful gmin step
Trying gmin =   1.3824E-12 Note: One successful gmin step
Trying gmin =   1.0000E-12 Warning: Further gmin increment
Trying gmin =   1.2749E-12 Note: One successful gmin step
Trying gmin =   1.1291E-12 Note: One successful gmin step
Trying gmin =   1.0000E-12 Warning: Further gmin increment
Trying gmin =   1.0953E-12 Note: One successful gmin step
Trying gmin =   1.0466E-12 Note: One successful gmin step
Trying gmin =   1.0000E-12 Warning: Further gmin increment
Trying gmin =   1.0347E-12 Note: One successful gmin step
Trying gmin =   1.0172E-12 Note: One successful gmin step
Trying gmin =   1.0000E-12 Warning: Further gmin increment
Trying gmin =   1.0129E-12 Note: One successful gmin step
Trying gmin =   1.0064E-12 Note: One successful gmin step
Trying gmin =   1.0000E-12 Warning: Further gmin increment
Trying gmin =   1.0048E-12 Note: One successful gmin step
Trying gmin =   1.0024E-12 Note: One successful gmin step
Trying gmin =   1.0000E-12 Warning: Further gmin increment
Trying gmin =   1.0018E-12 Note: One successful gmin step
Trying gmin =   1.0009E-12 Note: One successful gmin step
Trying gmin =   1.0000E-12 Warning: Further gmin increment
Trying gmin =   1.0007E-12 Note: One successful gmin step
Trying gmin =   1.0003E-12 Warning: Further gmin increment
Trying gmin =   1.0006E-12 Note: One successful gmin step
Trying gmin =   1.0005E-12 Note: One successful gmin step
Trying gmin =   1.0003E-12 Warning: Further gmin increment
Trying gmin =   1.0004E-12 Note: One successful gmin step
Trying gmin =   1.0003E-12 Warning: Further gmin increment
Trying gmin =   1.0004E-12 Note: One successful gmin step
Trying gmin =   1.0004E-12 Warning: Last gmin step failed
Warning: True gmin stepping failed
Note: Starting dynamic gmin stepping
Trying gmin =   1.0000E-03 Note: One successful gmin step
Trying gmin =   1.0000E-04 Note: One successful gmin step
Trying gmin =   1.0000E-05 Note: One successful gmin step
Trying gmin =   1.0000E-06 Note: One successful gmin step
Trying gmin =   1.0000E-07 Note: One successful gmin step
Trying gmin =   1.0000E-08 Note: One successful gmin step
Trying gmin =   1.0000E-09 Note: One successful gmin step
Trying gmin =   1.0000E-10 Note: One successful gmin step
Trying gmin =   1.0000E-11 Note: One successful gmin step
Trying gmin =   1.0000E-12 Note: One successful gmin step
Trying gmin =   1.0000E-12 Note: One successful gmin step
Note: Dynamic gmin stepping completed
 Reference value :  4.00000e-02
No compatibility mode selected!


Circuit: * ldo netlist 

Doing analysis at TEMP = 0.000000 and TNOM = 27.000000


No. of Data Rows : 86
temp_coeff = 2.838121e+01
Doing analysis at TEMP = 0.000000 and TNOM = 27.000000


No. of Data Rows : 141
vldo_sup_2          =  1.803100e+00
vldo_sup_2_8        =  1.802218e+00
line_reg = 1.102500e-03
Note: Starting true gmin stepping
Trying gmin =   1.0000E-03 Note: One successful gmin step
Trying gmin =   1.0000E-04 Note: One successful gmin step
Trying gmin =   1.0000E-05 Note: One successful gmin step
Trying gmin =   1.0000E-06 Note: One successful gmin step
Trying gmin =   1.0000E-07 Note: One successful gmin step
Trying gmin =   1.0000E-08 Warning: Further gmin increment
Trying gmin =   5.6234E-08 Warning: Further gmin increment
Trying gmin =   8.6596E-08 Note: One successful gmin step
Trying gmin =   6.9783E-08 Note: One successful gmin step
Trying gmin =   5.0481E-08 Warning: Further gmin increment
Trying gmin =   6.4357E-08 Note: One successful gmin step
Trying gmin =   5.6998E-08 Warning: Further gmin increment
Trying gmin =   6.2432E-08 Warning: Further gmin increment
Trying gmin =   6.3870E-08 Warning: Further gmin increment
Trying gmin =   6.4235E-08 Note: One successful gmin step
Trying gmin =   6.4052E-08 Warning: Further gmin increment
Trying gmin =   6.4189E-08 Warning: Further gmin increment
Trying gmin =   6.4223E-08 Note: One successful gmin step
Trying gmin =   6.4206E-08 Note: One successful gmin step
Trying gmin =   6.4180E-08 Warning: Further gmin increment
Trying gmin =   6.4200E-08 Note: One successful gmin step
Trying gmin =   6.4190E-08 Warning: Further gmin increment
Trying gmin =   6.4197E-08 Note: One successful gmin step
Trying gmin =   6.4194E-08 Note: One successful gmin step
Trying gmin =   6.4188E-08 Warning: Further gmin increment
Trying gmin =   6.4192E-08 Note: One successful gmin step
Trying gmin =   6.4190E-08 Warning: Last gmin step failed
Warning: True gmin stepping failed
Note: Starting dynamic gmin stepping
Trying gmin =   1.0000E-03 Note: One successful gmin step
Trying gmin =   1.0000E-04 Note: One successful gmin step
Trying gmin =   1.0000E-05 Note: One successful gmin step
Trying gmin =   1.0000E-06 Warning: Further gmin increment
Trying gmin =   5.6234E-06 Note: One successful gmin step
Trying gmin =   3.1623E-06 Note: One successful gmin step
Trying gmin =   1.3335E-06 Note: One successful gmin step
Trying gmin =   3.6517E-07 Note: One successful gmin step
Trying gmin =   5.2330E-08 Warning: Further gmin increment
Trying gmin =   2.2468E-07 Warning: Further gmin increment
Trying gmin =   3.2342E-07 Note: One successful gmin step
Trying gmin =   2.6957E-07 Warning: Further gmin increment
Trying gmin =   3.0902E-07 Note: One successful gmin step
Trying gmin =   2.8862E-07 Warning: Further gmin increment
Trying gmin =   3.0379E-07 Warning: Further gmin increment
Trying gmin =   3.0771E-07 Note: One successful gmin step
Trying gmin =   3.0574E-07 Note: One successful gmin step
Trying gmin =   3.0282E-07 Warning: Further gmin increment
Trying gmin =   3.0501E-07 Note: One successful gmin step
Trying gmin =   3.0391E-07 Warning: Further gmin increment
Trying gmin =   3.0473E-07 Warning: Further gmin increment
Trying gmin =   3.0494E-07 Note: One successful gmin step
Trying gmin =   3.0484E-07 Warning: Further gmin increment
Trying gmin =   3.0491E-07 Warning: Further gmin increment
Trying gmin =   3.0493E-07 Note: One successful gmin step
Trying gmin =   3.0492E-07 Warning: Last gmin step failed
Warning: Dynamic gmin stepping failed
Note: Starting source stepping
Supplies reduced to   0.0000% Note: One successful source step
Supplies reduced to   0.1000% Note: One successful source step
Supplies reduced to   0.2000% Note: One successful source step
Supplies reduced to   0.3500% Note: One successful source step
Supplies reduced to   0.5750% Note: One successful source step
Supplies reduced to   0.9125% Note: One successful source step
Supplies reduced to   1.4188% Note: One successful source step
Supplies reduced to   2.1781% Note: One successful source step
Supplies reduced to   3.3172% Note: One successful source step
Supplies reduced to   5.0258% Note: One successful source step
Supplies reduced to   7.5887% Note: One successful source step
Supplies reduced to  11.4330% Note: One successful source step
Supplies reduced to  17.1995% Note: One successful source step
Supplies reduced to  25.8493% Note: One successful source step
Supplies reduced to  38.8239% Note: One successful source step
Supplies reduced to  58.2859% Supplies reduced to  38.8239% Note: One successful source step
Supplies reduced to  39.7970% Note: One successful source step
Supplies reduced to  41.2566% Note: One successful source step
Supplies reduced to  43.4461% Note: One successful source step
Supplies reduced to  46.7303% Note: One successful source step
Supplies reduced to  51.6566% Note: One successful source step
Supplies reduced to  59.0461% Note: One successful source step
Supplies reduced to  66.4355% Note: One successful source step
Supplies reduced to  77.5197% Note: One successful source step
Supplies reduced to  94.1460% Note: One successful source step
Supplies reduced to 100.0000% Note: One successful source step
Note: Source stepping completed
 Reference value :  1.00000e+00vin                 =  1.764150e+00
dropout = 1.500000e-04
Doing analysis at TEMP = 0.000000 and TNOM = 27.000000


No. of Data Rows : 91
Note: Starting true gmin stepping
Trying gmin =   1.0000E-03 Note: One successful gmin step
Trying gmin =   1.0000E-04 Note: One successful gmin step
Trying gmin =   1.0000E-05 Note: One successful gmin step
Trying gmin =   1.0000E-06 Note: One successful gmin step
Trying gmin =   1.0000E-07 Note: One successful gmin step
Trying gmin =   1.0000E-08 Warning: Further gmin increment
Trying gmin =   5.6234E-08 Warning: Further gmin increment
Trying gmin =   8.6596E-08 Note: One successful gmin step
Trying gmin =   6.9783E-08 Note: One successful gmin step
Trying gmin =   5.0481E-08 Warning: Further gmin increment
Trying gmin =   6.4357E-08 Note: One successful gmin step
Trying gmin =   5.6998E-08 Warning: Further gmin increment
Trying gmin =   6.2432E-08 Note: One successful gmin step
Trying gmin =   6.1492E-08 Note: One successful gmin step
Trying gmin =   6.0108E-08 Note: One successful gmin step
Trying gmin =   5.8090E-08 Note: One successful gmin step
Trying gmin =   5.5189E-08 Note: One successful gmin step
Trying gmin =   5.1107E-08 Note: One successful gmin step
Trying gmin =   4.5543E-08 Note: One successful gmin step
Trying gmin =   3.8312E-08 Note: One successful gmin step
Trying gmin =   2.9561E-08 Warning: Further gmin increment
Trying gmin =   3.5907E-08 Note: One successful gmin step
Trying gmin =   3.2580E-08 Note: One successful gmin step
Trying gmin =   2.8158E-08 Warning: Further gmin increment
Trying gmin =   3.1413E-08 Note: One successful gmin step
Trying gmin =   2.9741E-08 Note: One successful gmin step
Trying gmin =   2.7398E-08 Note: One successful gmin step
Trying gmin =   2.4225E-08 Note: One successful gmin step
Trying gmin =   2.0141E-08 Note: One successful gmin step
Trying gmin =   1.5269E-08 Note: One successful gmin step
Trying gmin =   1.0079E-08 Note: One successful gmin step
Trying gmin =   5.4050E-09 Note: One successful gmin step
Trying gmin =   2.1227E-09 Note: One successful gmin step
Trying gmin =   5.2240E-10 Note: One successful gmin step
Trying gmin =   6.3782E-11 Note: One successful gmin step
Trying gmin =   6.3782E-12 Note: One successful gmin step
Trying gmin =   1.0000E-12 Note: One successful gmin step
Note: True gmin stepping completed
 Reference value :  1.00000e+00Note: No ".plot", ".print", or ".fourier" lines; no simulations run
pm                  =  6.080397e+01
Doing analysis at TEMP = 0.000000 and TNOM = 27.000000


No. of Data Rows : 91
psrr100             =  -1.621828e+01
psrr100k            =  -1.008674e+01
