 Reference value :  8.50000e+01Note: Starting true gmin stepping
Trying gmin =   1.0000E-03 Note: One successful gmin step
Trying gmin =   1.0000E-04 Note: One successful gmin step
Trying gmin =   1.0000E-05 Note: One successful gmin step
Trying gmin =   1.0000E-06 Note: One successful gmin step
Trying gmin =   1.0000E-07 Warning: Further gmin increment
Trying gmin =   5.6234E-07 Note: One successful gmin step
Trying gmin =   2.3714E-07 Note: One successful gmin step
Trying gmin =   6.4938E-08 Warning: Further gmin increment
Trying gmin =   1.7154E-07 Note: One successful gmin step
Trying gmin =   1.0554E-07 Warning: Further gmin increment
Trying gmin =   1.5193E-07 Warning: Further gmin increment
Trying gmin =   1.6641E-07 Note: One successful gmin step
Trying gmin =   1.5901E-07 Note: One successful gmin step
Trying gmin =   1.4851E-07 Warning: Further gmin increment
Trying gmin =   1.5631E-07 Note: One successful gmin step
Trying gmin =   1.5236E-07 Warning: Further gmin increment
Trying gmin =   1.5532E-07 Note: One successful gmin step
Trying gmin =   1.5383E-07 Note: One successful gmin step
Trying gmin =   1.5163E-07 Warning: Further gmin increment
Trying gmin =   1.5328E-07 Warning: Further gmin increment
Trying gmin =   1.5369E-07 Warning: Further gmin increment
Trying gmin =   1.5380E-07 Note: One successful gmin step
Trying gmin =   1.5375E-07 Warning: Further gmin increment
Trying gmin =   1.5378E-07 Note: One successful gmin step
Trying gmin =   1.5377E-07 Note: One successful gmin step
Trying gmin =   1.5374E-07 Warning: Further gmin increment
Trying gmin =   1.5376E-07 Note: One successful gmin step
Trying gmin =   1.5375E-07 Warning: Further gmin increment
Trying gmin =   1.5376E-07 Warning: Last gmin step failed
Warning: True gmin stepping failed
Note: Starting dynamic gmin stepping
Trying gmin =   1.0000E-03 Note: One successful gmin step
Trying gmin =   1.0000E-04 Note: One successful gmin step
Trying gmin =   1.0000E-05 Note: One successful gmin step
Trying gmin =   1.0000E-06 Note: One successful gmin step
Trying gmin =   1.0000E-07 Warning: Further gmin increment
Trying gmin =   5.6234E-07 Warning: Further gmin increment
Trying gmin =   8.6596E-07 Note: One successful gmin step
Trying gmin =   6.9783E-07 Warning: Further gmin increment
Trying gmin =   8.2047E-07 Note: One successful gmin step
Trying gmin =   7.5667E-07 Note: One successful gmin step
Trying gmin =   6.7015E-07 Warning: Further gmin increment
Trying gmin =   7.3404E-07 Note: One successful gmin step
Trying gmin =   7.0137E-07 Warning: Further gmin increment
Trying gmin =   7.2574E-07 Warning: Further gmin increment
Trying gmin =   7.3196E-07 Warning: Further gmin increment
Trying gmin =   7.3352E-07 Note: One successful gmin step
Trying gmin =   7.3274E-07 Warning: Further gmin increment
Trying gmin =   7.3333E-07 Note: One successful gmin step
Trying gmin =   7.3303E-07 Warning: Further gmin increment
Trying gmin =   7.3325E-07 Warning: Further gmin increment
Trying gmin =   7.3331E-07 Note: One successful gmin step
Trying gmin =   7.3328E-07 Warning: Last gmin step failed
Warning: Dynamic gmin stepping failed
Note: Starting source stepping
Supplies reduced to   0.0000% Note: One successful source step
Supplies reduced to   0.1000% Note: One successful source step
Supplies reduced to   0.2000% Note: One successful source step
Supplies reduced to   0.3500% Note: One successful source step
Supplies reduced to   0.5750% Note: One successful source step
Supplies reduced to   0.9125% Note: One successful source step
Supplies reduced to   1.4188% Note: One successful source step
Supplies reduced to   2.1781% Note: One successful source step
Supplies reduced to   3.3172% Note: One successful source step
Supplies reduced to   5.0258% Note: One successful source step
Supplies reduced to   7.5887% Note: One successful source step
Supplies reduced to  11.4330% Note: One successful source step
Supplies reduced to  17.1995% Note: One successful source step
Supplies reduced to  25.8493% Note: One successful source step
Supplies reduced to  38.8239% Supplies reduced to  25.8493% Note: One successful source step
Supplies reduced to  26.4980% Note: One successful source step
Supplies reduced to  27.4711% Note: One successful source step
Supplies reduced to  28.9307% Note: One successful source step
Supplies reduced to  31.1202% Note: One successful source step
Supplies reduced to  34.4044% Note: One successful source step
Supplies reduced to  39.3307% Note: One successful source step
Supplies reduced to  46.7202% Note: One successful source step
Supplies reduced to  57.8044% Note: One successful source step
Supplies reduced to  68.8886% Supplies reduced to  57.8044% Note: One successful source step
Supplies reduced to  58.8044% Note: One successful source step
Supplies reduced to  60.3044% Note: One successful source step
Supplies reduced to  62.5544% Supplies reduced to  60.3044% Note: One successful source step
Supplies reduced to  60.6419% Supplies reduced to  60.3044% Note: One successful source step
Supplies reduced to  60.3550% Note: One successful source step
Supplies reduced to  60.4309% Supplies reduced to  60.3550% Note: One successful source step
Supplies reduced to  60.3664% Note: One successful source step
Supplies reduced to  60.3835% Note: One successful source step
Supplies reduced to  60.4091% Note: One successful source step
Supplies reduced to  60.4475% Supplies reduced to  60.4091% Note: One successful source step
Supplies reduced to  60.4149% Note: One successful source step
Supplies reduced to  60.4235% Note: One successful source step
Supplies reduced to  60.4365% Supplies reduced to  60.4235% Note: One successful source step
Supplies reduced to  60.4255% Note: One successful source step
Supplies reduced to  60.4284% Note: One successful source step
Supplies reduced to  60.4328% Supplies reduced to  60.4284% Note: One successful source step
Supplies reduced to  60.4290% Note: One successful source step
Supplies reduced to  60.4300% Supplies reduced to  60.4290% Note: One successful source step
Supplies reduced to  60.4292% Note: One successful source step
Supplies reduced to  60.4294% Note: One successful source step
Supplies reduced to  60.4297% Supplies reduced to  60.4294% Note: One successful source step
Supplies reduced to  60.4295% Note: One successful source step
Supplies reduced to  60.4295% Note: One successful source step
Supplies reduced to  60.4296% Supplies reduced to  60.4295% Note: One successful source step
Supplies reduced to  60.4296% Note: One successful source step
Supplies reduced to  60.4296% Note: One successful source step
Supplies reduced to  60.4296% Warning: source stepping failed
doAnalyses: Too many iterations without convergence

dc simulation(s) aborted
Error(parse.c--checkvalid): vldo_sup_2_8: zero length vector.
Error: RHS "abs((vldo_sup_2_8-vldo_sup_2)/0.8)" invalid
Error(parse.c--checkvalid): line_reg: zero length vector.
Error(parse.c--checkvalid): vin: zero length vector.
Error: RHS "vin-1.764" invalid
Error(parse.c--checkvalid): dropout: zero length vector.
Error: no such vector dropout
Note: Starting true gmin stepping
Trying gmin =   1.0000E-03 Note: One successful gmin step
Trying gmin =   1.0000E-04 Note: One successful gmin step
Trying gmin =   1.0000E-05 Note: One successful gmin step
Trying gmin =   1.0000E-06 Note: One successful gmin step
Trying gmin =   1.0000E-07 Warning: Further gmin increment
Trying gmin =   5.6234E-07 Note: One successful gmin step
Trying gmin =   2.3714E-07 Note: One successful gmin step
Trying gmin =   6.4938E-08 Warning: Further gmin increment
Trying gmin =   1.7154E-07 Note: One successful gmin step
Trying gmin =   1.0554E-07 Warning: Further gmin increment
Trying gmin =   1.5193E-07 Warning: Further gmin increment
Trying gmin =   1.6641E-07 Note: One successful gmin step
Trying gmin =   1.5901E-07 Note: One successful gmin step
Trying gmin =   1.4851E-07 Warning: Further gmin increment
Trying gmin =   1.5631E-07 Note: One successful gmin step
Trying gmin =   1.5236E-07 Warning: Further gmin increment
Trying gmin =   1.5532E-07 Note: One successful gmin step
Trying gmin =   1.5383E-07 Note: One successful gmin step
Trying gmin =   1.5163E-07 Warning: Further gmin increment
Trying gmin =   1.5328E-07 Warning: Further gmin increment
Trying gmin =   1.5369E-07 Warning: Further gmin increment
Trying gmin =   1.5380E-07 Note: One successful gmin step
Trying gmin =   1.5375E-07 Warning: Further gmin increment
Trying gmin =   1.5378E-07 Note: One successful gmin step
Trying gmin =   1.5377E-07 Note: One successful gmin step
Trying gmin =   1.5374E-07 Warning: Further gmin increment
Trying gmin =   1.5376E-07 Note: One successful gmin step
Trying gmin =   1.5375E-07 Warning: Further gmin increment
Trying gmin =   1.5376E-07 Warning: Last gmin step failed
Warning: True gmin stepping failed
Note: Starting dynamic gmin stepping
Trying gmin =   1.0000E-03 Note: One successful gmin step
Trying gmin =   1.0000E-04 Note: One successful gmin step
Trying gmin =   1.0000E-05 Note: One successful gmin step
Trying gmin =   1.0000E-06 Note: One successful gmin step
Trying gmin =   1.0000E-07 Warning: Further gmin increment
Trying gmin =   5.6234E-07 Warning: Further gmin increment
Trying gmin =   8.6596E-07 Note: One successful gmin step
Trying gmin =   6.9783E-07 Warning: Further gmin increment
Trying gmin =   8.2047E-07 Note: One successful gmin step
Trying gmin =   7.5667E-07 Note: One successful gmin step
Trying gmin =   6.7015E-07 Warning: Further gmin increment
Trying gmin =   7.3404E-07 Note: One successful gmin step
Trying gmin =   7.0137E-07 Warning: Further gmin increment
Trying gmin =   7.2574E-07 Warning: Further gmin increment
Trying gmin =   7.3196E-07 Warning: Further gmin increment
Trying gmin =   7.3352E-07 Note: One successful gmin step
Trying gmin =   7.3274E-07 Warning: Further gmin increment
Trying gmin =   7.3333E-07 Note: One successful gmin step
Trying gmin =   7.3303E-07 Warning: Further gmin increment
Trying gmin =   7.3325E-07 Warning: Further gmin increment
Trying gmin =   7.3331E-07 Note: One successful gmin step
Trying gmin =   7.3328E-07 Warning: Last gmin step failed
Error: -1.16623e+184, 2 out of range for ^
Warning: Dynamic gmin stepping failed
Note: Starting source stepping
Supplies reduced to   0.0000% Note: One successful source step
Supplies reduced to   0.1000% Note: One successful source step
Supplies reduced to   0.2000% Note: One successful source step
Supplies reduced to   0.3500% Note: One successful source step
Supplies reduced to   0.5750% Note: One successful source step
Supplies reduced to   0.9125% Note: One successful source step
Supplies reduced to   1.4188% Note: One successful source step
Supplies reduced to   2.1781% Note: One successful source step
Supplies reduced to   3.3172% Note: One successful source step
Supplies reduced to   5.0258% Note: One successful source step
Supplies reduced to   7.5887% Note: One successful source step
Supplies reduced to  11.4330% Note: One successful source step
Supplies reduced to  17.1995% Note: One successful source step
Supplies reduced to  25.8493% Note: One successful source step
Supplies reduced to  38.8239% Supplies reduced to  25.8493% Note: One successful source step
Supplies reduced to  26.4980% Note: One successful source step
Supplies reduced to  27.4711% Note: One successful source step
Supplies reduced to  28.9307% Note: One successful source step
Supplies reduced to  31.1202% Note: One successful source step
Supplies reduced to  34.4044% Note: One successful source step
Supplies reduced to  39.3307% Note: One successful source step
Supplies reduced to  46.7202% Note: One successful source step
Supplies reduced to  57.8044% Note: One successful source step
Supplies reduced to  68.8886% Supplies reduced to  57.8044% Note: One successful source step
Supplies reduced to  58.8044% Note: One successful source step
Supplies reduced to  60.3044% Note: One successful source step
Supplies reduced to  62.5544% Supplies reduced to  60.3044% Note: One successful source step
Supplies reduced to  60.6419% Supplies reduced to  60.3044% Note: One successful source step
Supplies reduced to  60.3550% Note: One successful source step
Supplies reduced to  60.4309% Supplies reduced to  60.3550% Note: One successful source step
Supplies reduced to  60.3664% Note: One successful source step
Supplies reduced to  60.3835% Note: One successful source step
Supplies reduced to  60.4091% Note: One successful source step
Supplies reduced to  60.4475% Supplies reduced to  60.4091% Note: One successful source step
Supplies reduced to  60.4149% Note: One successful source step
Supplies reduced to  60.4235% Note: One successful source step
Supplies reduced to  60.4365% Supplies reduced to  60.4235% Note: One successful source step
Supplies reduced to  60.4255% Note: One successful source step
Supplies reduced to  60.4284% Note: One successful source step
Supplies reduced to  60.4328% Supplies reduced to  60.4284% Note: One successful source step
Supplies reduced to  60.4290% Note: One successful source step
Supplies reduced to  60.4300% Supplies reduced to  60.4290% Note: One successful source step
Supplies reduced to  60.4292% Note: One successful source step
Supplies reduced to  60.4294% Note: One successful source step
Supplies reduced to  60.4297% Supplies reduced to  60.4294% Note: One successful source step
Supplies reduced to  60.4295% Note: One successful source step
Supplies reduced to  60.4295% Note: One successful source step
Supplies reduced to  60.4296% Supplies reduced to  60.4295% Note: One successful source step
Supplies reduced to  60.4296% Note: One successful source step
Supplies reduced to  60.4296% Note: One successful source step
Supplies reduced to  60.4296% Warning: source stepping failed
doAnalyses: Too many iterations without convergence

ac simulation(s) aborted
Error(parse.c--checkvalid): ldo_out: zero length vector.
Error: RHS "(180/pi)*vp(ldo_out)" invalid
Error: no such vector PM
Note: Starting true gmin stepping
Trying gmin =   1.0000E-03 Note: One successful gmin step
Trying gmin =   1.0000E-04 Note: One successful gmin step
Trying gmin =   1.0000E-05 Note: One successful gmin step
Trying gmin =   1.0000E-06 Note: One successful gmin step
Trying gmin =   1.0000E-07 Warning: Further gmin increment
Trying gmin =   5.6234E-07 Note: One successful gmin step
Trying gmin =   2.3714E-07 Note: One successful gmin step
Trying gmin =   6.4938E-08 Warning: Further gmin increment
Trying gmin =   1.7154E-07 Note: One successful gmin step
Trying gmin =   1.0554E-07 Warning: Further gmin increment
Trying gmin =   1.5193E-07 Warning: Further gmin increment
Trying gmin =   1.6641E-07 Note: One successful gmin step
Trying gmin =   1.5901E-07 Note: One successful gmin step
Trying gmin =   1.4851E-07 Warning: Further gmin increment
Trying gmin =   1.5631E-07 Note: One successful gmin step
Trying gmin =   1.5236E-07 Warning: Further gmin increment
Trying gmin =   1.5532E-07 Note: One successful gmin step
Trying gmin =   1.5383E-07 Note: One successful gmin step
Trying gmin =   1.5163E-07 Warning: Further gmin increment
Trying gmin =   1.5328E-07 Warning: Further gmin increment
Trying gmin =   1.5369E-07 Warning: Further gmin increment
Trying gmin =   1.5380E-07 Note: One successful gmin step
Trying gmin =   1.5375E-07 Warning: Further gmin increment
Trying gmin =   1.5378E-07 Note: One successful gmin step
Trying gmin =   1.5377E-07 Note: One successful gmin step
Trying gmin =   1.5374E-07 Warning: Further gmin increment
Trying gmin =   1.5376E-07 Note: One successful gmin step
Trying gmin =   1.5375E-07 Warning: Further gmin increment
Trying gmin =   1.5376E-07 Warning: Last gmin step failed
Warning: True gmin stepping failed
Note: Starting dynamic gmin stepping
Trying gmin =   1.0000E-03 Note: One successful gmin step
Trying gmin =   1.0000E-04 Note: One successful gmin step
Trying gmin =   1.0000E-05 Note: One successful gmin step
Trying gmin =   1.0000E-06 Note: One successful gmin step
Trying gmin =   1.0000E-07 Warning: Further gmin increment
Trying gmin =   5.6234E-07 Warning: Further gmin increment
Trying gmin =   8.6596E-07 Note: One successful gmin step
Trying gmin =   6.9783E-07 Warning: Further gmin increment
Trying gmin =   8.2047E-07 Note: One successful gmin step
Trying gmin =   7.5667E-07 Note: One successful gmin step
Trying gmin =   6.7015E-07 Warning: Further gmin increment
Trying gmin =   7.3404E-07 Note: One successful gmin step
Trying gmin =   7.0137E-07 Warning: Further gmin increment
Trying gmin =   7.2574E-07 Warning: Further gmin increment
Trying gmin =   7.3196E-07 Warning: Further gmin increment
Trying gmin =   7.3352E-07 Note: One successful gmin step
Trying gmin =   7.3274E-07 Warning: Further gmin increment
Trying gmin =   7.3333E-07 Note: One successful gmin step
Trying gmin =   7.3303E-07 Warning: Further gmin increment
Trying gmin =   7.3325E-07 Warning: Further gmin increment
Trying gmin =   7.3331E-07 Note: One successful gmin step
Trying gmin =   7.3328E-07 Warning: Last gmin step failed
Error: -1.16623e+184, 2 out of range for ^
Warning: Dynamic gmin stepping failed
Note: Starting source stepping
Supplies reduced to   0.0000% Note: One successful source step
Supplies reduced to   0.1000% Note: One successful source step
Supplies reduced to   0.2000% Note: One successful source step
Supplies reduced to   0.3500% Note: One successful source step
Supplies reduced to   0.5750% Note: One successful source step
Supplies reduced to   0.9125% Note: One successful source step
Supplies reduced to   1.4188% Note: One successful source step
Supplies reduced to   2.1781% Note: One successful source step
Supplies reduced to   3.3172% Note: One successful source step
Supplies reduced to   5.0258% Note: One successful source step
Supplies reduced to   7.5887% Note: One successful source step
Supplies reduced to  11.4330% Note: One successful source step
Supplies reduced to  17.1995% Note: One successful source step
Supplies reduced to  25.8493% Note: One successful source step
Supplies reduced to  38.8239% Supplies reduced to  25.8493% Note: One successful source step
Supplies reduced to  26.4980% Note: One successful source step
Supplies reduced to  27.4711% Note: One successful source step
Supplies reduced to  28.9307% Note: One successful source step
Supplies reduced to  31.1202% Note: One successful source step
Supplies reduced to  34.4044% Note: One successful source step
Supplies reduced to  39.3307% Note: One successful source step
Supplies reduced to  46.7202% Note: One successful source step
Supplies reduced to  57.8044% Note: One successful source step
Supplies reduced to  68.8886% Supplies reduced to  57.8044% Note: One successful source step
Supplies reduced to  58.8044% Note: One successful source step
Supplies reduced to  60.3044% Note: One successful source step
Supplies reduced to  62.5544% Supplies reduced to  60.3044% Note: One successful source step
Supplies reduced to  60.6419% Supplies reduced to  60.3044% Note: One successful source step
Supplies reduced to  60.3550% Note: One successful source step
Supplies reduced to  60.4309% Supplies reduced to  60.3550% Note: One successful source step
Supplies reduced to  60.3664% Note: One successful source step
Supplies reduced to  60.3835% Note: One successful source step
Supplies reduced to  60.4091% Note: One successful source step
Supplies reduced to  60.4475% Supplies reduced to  60.4091% Note: One successful source step
Supplies reduced to  60.4149% Note: One successful source step
Supplies reduced to  60.4235% Note: One successful source step
Supplies reduced to  60.4365% Supplies reduced to  60.4235% Note: One successful source step
Supplies reduced to  60.4255% Note: One successful source step
Supplies reduced to  60.4284% Note: One successful source step
Supplies reduced to  60.4328% Supplies reduced to  60.4284% Note: One successful source step
Supplies reduced to  60.4290% Note: One successful source step
Supplies reduced to  60.4300% Supplies reduced to  60.4290% Note: One successful source step
Supplies reduced to  60.4292% Note: One successful source step
Supplies reduced to  60.4294% Note: One successful source step
Supplies reduced to  60.4297% Supplies reduced to  60.4294% Note: One successful source step
Supplies reduced to  60.4295% Note: One successful source step
Supplies reduced to  60.4295% Note: One successful source step
Supplies reduced to  60.4296% Supplies reduced to  60.4295% Note: One successful source step
Supplies reduced to  60.4296% Note: One successful source step
Supplies reduced to  60.4296% Note: One successful source step
Supplies reduced to  60.4296% Warning: source stepping failed

No compatibility mode selected!


Circuit: * ldo netlist 

Doing analysis at TEMP = 85.000000 and TNOM = 27.000000


No. of Data Rows : 86
temp_coeff = 4.916444e+01
Doing analysis at TEMP = 85.000000 and TNOM = 27.000000


Error: measure  vldo_sup_2  (AT) : out of interval
 meas dc vldo_sup_2 find ldo_out at=2 failed!


Error: measure  vldo_sup_2_8  (AT) : out of interval
 meas dc vldo_sup_2_8 find ldo_out at=2.8 failed!


Error: measure  vin  (WHEN) : out of interval
 meas dc vin when v(ldo_out)=1.764 failed!

Doing analysis at TEMP = 85.000000 and TNOM = 27.000000


AC operating point failed -

Last Node Voltages
------------------

Node                                   Last Voltage        Previous Iter
----                                   ------------        -------------
inn                                        0.619252             0.619297
mir                                        0.583582             0.583574
vdd                                         1.69203              1.69203
inp                                        0.616738             0.616783
bg_out                                     0.447573             0.447609
net3                                       0.474952             0.474987
net1                                       0.472022             0.472056
net2                                        1.06403               1.0629 *
net5                                       0.758822             0.758786
net4                                     0.00840775            0.0084123
net6                                       0.849416             0.849423
xc1.a                                             0                    0
xc1.b1                                            0                    0
xr1.xsky130_fd_pr__res_xhigh_po_0p69.ra             0.474833             0.474868
net7                                       0.472457             0.472492
xr2.xsky130_fd_pr__res_xhigh_po_0p69.ra             0.477329             0.477363
xr3.xsky130_fd_pr__res_xhigh_po_0p69.ra           0.00241456           0.00241475
xr4.xsky130_fd_pr__res_xhigh_po_0p69.ra             0.472036             0.472071
xr5.xsky130_fd_pr__res_xhigh_po_0p69.ra           0.00240145           0.00240163
xr6.xsky130_fd_pr__res_xhigh_po_0p69.ra           0.00243229           0.00243249
net9                                       0.954958             0.954931
net10                                   0.000653292          0.000653582
net8                                       0.649014             0.649008
pos                                        0.452725              0.45276
vb                                         0.891107             0.891114
out                                        0.703463             0.703457
ldo_out                                    0.744069             0.744127
net12                                      0.703463             0.703457
net11                                      0.703463             0.703457
xc3.a                                      0.649014             0.649008
xc3.b1                                     0.649014             0.649008
xr7.xsky130_fd_pr__res_xhigh_po_0p69.ra             0.703463             0.703457
xr8.xsky130_fd_pr__res_xhigh_po_0p69.ra             0.456547             0.456582
xr9.xsky130_fd_pr__res_xhigh_po_0p69.ra           0.00385949            0.0038598
net13                                             0                    0
l1#branch                                         0         -1.35525e-20
vs#branch                               -0.00417908           -0.0041794
vt#branch                                         0                    0


Error: measure  pm  (AT) : out of interval
 meas ac pm find p when vdb(ldo_out)=0 failed!

Doing analysis at TEMP = 85.000000 and TNOM = 27.000000


AC operating point failed -

Last Node Voltages
------------------

Node                                   Last Voltage        Previous Iter
----                                   ------------        -------------
inn                                        0.619252             0.619297
mir        doAnalyses: Too many iterations without convergence

ac simulation(s) aborted
Error: no such vector PSRR100
Note: No ".plot", ".print", or ".fourier" lines; no simulations run
                                0.583582             0.583574
vdd                                         1.69203              1.69203
inp                                        0.616738             0.616783
bg_out                                     0.447573             0.447609
net3                                       0.474952             0.474987
net1                                       0.472022             0.472056
net2                                        1.06403               1.0629 *
net5                                       0.758822             0.758786
net4                                     0.00840775            0.0084123
net6                                       0.849416             0.849423
xc1.a                                             0                    0
xc1.b1                                            0                    0
xr1.xsky130_fd_pr__res_xhigh_po_0p69.ra             0.474833             0.474868
net7                                       0.472457             0.472492
xr2.xsky130_fd_pr__res_xhigh_po_0p69.ra             0.477329             0.477363
xr3.xsky130_fd_pr__res_xhigh_po_0p69.ra           0.00241456           0.00241475
xr4.xsky130_fd_pr__res_xhigh_po_0p69.ra             0.472036             0.472071
xr5.xsky130_fd_pr__res_xhigh_po_0p69.ra           0.00240145           0.00240163
xr6.xsky130_fd_pr__res_xhigh_po_0p69.ra           0.00243229           0.00243249
net9                                       0.954958             0.954931
net10                                   0.000653292          0.000653582
net8                                       0.649014             0.649008
pos                                        0.452725              0.45276
vb                                         0.891107             0.891114
out                                        0.703463             0.703457
ldo_out                                    0.744069             0.744127
net12                                      0.703463             0.703457
net11                                      0.703463             0.703457
xc3.a                                      0.649014             0.649008
xc3.b1                                     0.649014             0.649008
xr7.xsky130_fd_pr__res_xhigh_po_0p69.ra             0.703463             0.703457
xr8.xsky130_fd_pr__res_xhigh_po_0p69.ra             0.456547             0.456582
xr9.xsky130_fd_pr__res_xhigh_po_0p69.ra           0.00385949            0.0038598
net13                                             0                    0
l1#branch                                         0         -1.35525e-20
vs#branch                               -0.00417908           -0.0041794
vt#branch                                         0                    0


Error: measure  psrr100  (AT) : out of interval
 meas ac psrr100 find vdb(ldo_out) at=100 failed!


Error: measure  psrr100k  (AT) : out of interval
 meas ac psrr100k find vdb(ldo_out) at=100k failed!

