 Reference value :  8.50000e+01Note: Starting true gmin stepping
Trying gmin =   1.0000E-03 Note: One successful gmin step
Trying gmin =   1.0000E-04 Note: One successful gmin step
Trying gmin =   1.0000E-05 Note: One successful gmin step
Trying gmin =   1.0000E-06 Warning: Further gmin increment
Trying gmin =   5.6234E-06 Note: One successful gmin step
Trying gmin =   2.3714E-06 Note: One successful gmin step
Trying gmin =   6.4938E-07 Warning: Further gmin increment
Trying gmin =   1.7154E-06 Warning: Further gmin increment
Trying gmin =   2.1870E-06 Note: One successful gmin step
Trying gmin =   1.9369E-06 Note: One successful gmin step
Trying gmin =   1.6144E-06 Note: One successful gmin step
Trying gmin =   1.2284E-06 Note: One successful gmin step
Trying gmin =   8.1541E-07 Note: One successful gmin step
Trying gmin =   4.4097E-07 Note: One successful gmin step
Trying gmin =   1.7537E-07 Note: One successful gmin step
Trying gmin =   1.1059E-07 Note: One successful gmin step
Trying gmin =   5.5385E-08 Warning: Further gmin increment
Trying gmin =   9.3035E-08 Note: One successful gmin step
Trying gmin =   7.1783E-08 Warning: Further gmin increment
Trying gmin =   8.7195E-08 Note: One successful gmin step
Trying gmin =   7.9114E-08 Warning: Further gmin increment
Trying gmin =   8.5100E-08 Warning: Further gmin increment
Trying gmin =   8.6666E-08 Note: One successful gmin step
Trying gmin =   8.5880E-08 Warning: Further gmin increment
Trying gmin =   8.6469E-08 Note: One successful gmin step
Trying gmin =   8.6174E-08 Note: One successful gmin step
Trying gmin =   8.5733E-08 Warning: Further gmin increment
Trying gmin =   8.6064E-08 Note: One successful gmin step
Trying gmin =   8.5898E-08 Warning: Further gmin increment
Trying gmin =   8.6022E-08 Note: One successful gmin step
Trying gmin =   8.5960E-08 Warning: Further gmin increment
Trying gmin =   8.6007E-08 Note: One successful gmin step
Trying gmin =   8.5983E-08 Warning: Further gmin increment
Trying gmin =   8.6001E-08 Warning: Further gmin increment
Trying gmin =   8.6005E-08 Warning: Last gmin step failed
Warning: True gmin stepping failed
Note: Starting dynamic gmin stepping
Trying gmin =   1.0000E-03 Note: One successful gmin step
Trying gmin =   1.0000E-04 Note: One successful gmin step
Trying gmin =   1.0000E-05 Note: One successful gmin step
Trying gmin =   1.0000E-06 Warning: Further gmin increment
Trying gmin =   5.6234E-06 Warning: Further gmin increment
Trying gmin =   8.6596E-06 Note: One successful gmin step
Trying gmin =   6.9783E-06 Note: One successful gmin step
Trying gmin =   5.0481E-06 Warning: Further gmin increment
Trying gmin =   6.4357E-06 Note: One successful gmin step
Trying gmin =   5.6998E-06 Warning: Further gmin increment
Trying gmin =   6.2432E-06 Note: One successful gmin step
Trying gmin =   5.9653E-06 Note: One successful gmin step
Trying gmin =   5.5715E-06 Note: One successful gmin step
Trying gmin =   5.0289E-06 Note: One successful gmin step
Trying gmin =   4.3126E-06 Note: One successful gmin step
Trying gmin =   3.4247E-06 Note: One successful gmin step
Trying gmin =   2.4236E-06 Note: One successful gmin step
Trying gmin =   1.4428E-06 Note: One successful gmin step
Trying gmin =   6.6270E-07 Warning: Further gmin increment
Trying gmin =   1.1878E-06 Warning: Further gmin increment
Trying gmin =   1.3743E-06 Warning: Further gmin increment
Trying gmin =   1.4253E-06 Note: One successful gmin step
Trying gmin =   1.3996E-06 Note: One successful gmin step
Trying gmin =   1.3618E-06 Note: One successful gmin step
Trying gmin =   1.3071E-06 Note: One successful gmin step
Trying gmin =   1.2291E-06 Note: One successful gmin step
Trying gmin =   1.1207E-06 Note: One successful gmin step
Trying gmin =   9.7578E-07 Note: One successful gmin step
Trying gmin =   7.9277E-07 Note: One successful gmin step
Trying gmin =   5.8055E-07 Note: One successful gmin step
Trying gmin =   3.6382E-07 Note: One successful gmin step
Trying gmin =   1.8049E-07 Note: One successful gmin step
Trying gmin =   6.3066E-08 Note: One successful gmin step
Trying gmin =   1.3026E-08 Note: One successful gmin step
Trying gmin =   1.3026E-09 Note: One successful gmin step
Trying gmin =   1.3026E-10 Note: One successful gmin step
Trying gmin =   1.3026E-11 Note: One successful gmin step
Trying gmin =   1.3026E-12 Note: One successful gmin step
Trying gmin =   1.0000E-12 Note: One successful gmin step
Note: Dynamic gmin stepping completed
 Reference value :  2.80000e+00Note: Starting true gmin stepping
Trying gmin =   1.0000E-03 Note: One successful gmin step
Trying gmin =   1.0000E-04 Note: One successful gmin step
Trying gmin =   1.0000E-05 Note: One successful gmin step
Trying gmin =   1.0000E-06 Note: One successful gmin step
Trying gmin =   1.0000E-07 Note: One successful gmin step
Trying gmin =   1.0000E-08 Note: One successful gmin step
Trying gmin =   3.1623E-09 Note: One successful gmin step
Trying gmin =   5.6234E-10 Note: One successful gmin step
Trying gmin =   5.6234E-11 Note: One successful gmin step
Trying gmin =   5.6234E-12 Note: One successful gmin step
Trying gmin =   1.0000E-12 Note: One successful gmin step
Note: True gmin stepping completed
Note: Starting true gmin stepping
Trying gmin =   1.0000E-03 Note: One successful gmin step
Trying gmin =   1.0000E-04 Note: One successful gmin step
Trying gmin =   1.0000E-05 Note: One successful gmin step
Trying gmin =   1.0000E-06 Note: One successful gmin step
Trying gmin =   1.0000E-07 Note: One successful gmin step
Trying gmin =   1.0000E-08 Note: One successful gmin step
Trying gmin =   3.1623E-09 Note: One successful gmin step
Trying gmin =   5.6234E-10 Warning: Further gmin increment
Trying gmin =   2.0535E-09 Note: One successful gmin step
Trying gmin =   1.0746E-09 Note: One successful gmin step
Trying gmin =   5.6234E-10 Note: One successful gmin step
Trying gmin =   2.1288E-10 Warning: Further gmin increment
Trying gmin =   4.4109E-10 Note: One successful gmin step
Trying gmin =   3.0643E-10 Warning: Further gmin increment
Trying gmin =   4.0270E-10 Note: One successful gmin step
Trying gmin =   3.5128E-10 Warning: Further gmin increment
Trying gmin =   3.8918E-10 Note: One successful gmin step
Trying gmin =   3.6974E-10 Note: One successful gmin step
Trying gmin =   3.5128E-10 Note: One successful gmin step
Trying gmin =   3.2530E-10 Note: One successful gmin step
Trying gmin =   2.8989E-10 Note: One successful gmin step
Trying gmin =   2.4386E-10 Note: One successful gmin step
Trying gmin =   1.8815E-10 Note: One successful gmin step
Trying gmin =   1.2752E-10 Note: One successful gmin step
Trying gmin =   7.1148E-11 Note: One successful gmin step
Trying gmin =   2.9652E-11 Note: One successful gmin step
Trying gmin =   7.9776E-12 Note: One successful gmin step
Trying gmin =   1.1133E-12 Note: One successful gmin step
Trying gmin =   1.0000E-12 Note: One successful gmin step
Note: True gmin stepping completed
 Reference value :  1.32000e+00Note: Starting true gmin stepping
Trying gmin =   1.0000E-03 Note: One successful gmin step
Trying gmin =   1.0000E-04 Note: One successful gmin step
Trying gmin =   1.0000E-05 Note: One successful gmin step
Trying gmin =   1.0000E-06 Note: One successful gmin step
Trying gmin =   1.0000E-07 Note: One successful gmin step
Trying gmin =   1.0000E-08 Note: One successful gmin step
Trying gmin =   3.1623E-09 Note: One successful gmin step
Trying gmin =   5.6234E-10 Warning: Further gmin increment
Trying gmin =   2.0535E-09 Note: One successful gmin step
Trying gmin =   1.0746E-09 Note: One successful gmin step
Trying gmin =   4.0679E-10 Note: One successful gmin step
Trying gmin =   9.4746E-11 Warning: Further gmin increment
Trying gmin =   2.8260E-10 Note: One successful gmin step
Trying gmin =   1.6363E-10 Warning: Further gmin increment
Trying gmin =   2.4652E-10 Warning: Further gmin increment
Trying gmin =   2.7311E-10 Note: One successful gmin step
Trying gmin =   2.5947E-10 Note: One successful gmin step
Trying gmin =   2.4652E-10 Note: One successful gmin step
Trying gmin =   2.2828E-10 Note: One successful gmin step
Trying gmin =   2.0343E-10 Note: One successful gmin step
Trying gmin =   1.7113E-10 Note: One successful gmin step
Trying gmin =   1.3204E-10 Note: One successful gmin step
Trying gmin =   8.9488E-11 Note: One successful gmin step
Trying gmin =   4.9929E-11 Note: One successful gmin step
Trying gmin =   2.0808E-11 Note: One successful gmin step
Trying gmin =   5.5984E-12 Note: One successful gmin step
Trying gmin =   1.0000E-12 Note: One successful gmin step
Note: True gmin stepping completed
 Reference value :  1.30000e+00
No compatibility mode selected!


Circuit: * ldo netlist 

Doing analysis at TEMP = 0.000000 and TNOM = 27.000000


No. of Data Rows : 86
temp_coeff = 3.837666e+01
Doing analysis at TEMP = 0.000000 and TNOM = 27.000000


No. of Data Rows : 141
vldo_sup_2          =  1.805509e+00
vldo_sup_2_8        =  1.804528e+00
line_reg = 1.226250e-03
Note: Starting true gmin stepping
Trying gmin =   1.0000E-03 Note: One successful gmin step
Trying gmin =   1.0000E-04 Note: One successful gmin step
Trying gmin =   1.0000E-05 Note: One successful gmin step
Trying gmin =   1.0000E-06 Note: One successful gmin step
Trying gmin =   1.0000E-07 Warning: Further gmin increment
Trying gmin =   5.6234E-07 Note: One successful gmin step
Trying gmin =   2.3714E-07 Note: One successful gmin step
Trying gmin =   6.4938E-08 Warning: Further gmin increment
Trying gmin =   1.7154E-07 Note: One successful gmin step
Trying gmin =   1.0554E-07 Warning: Further gmin increment
Trying gmin =   1.5193E-07 Warning: Further gmin increment
Trying gmin =   1.6641E-07 Note: One successful gmin step
Trying gmin =   1.5901E-07 Note: One successful gmin step
Trying gmin =   1.4851E-07 Warning: Further gmin increment
Trying gmin =   1.5631E-07 Warning: Further gmin increment
Trying gmin =   1.5833E-07 Note: One successful gmin step
Trying gmin =   1.5732E-07 Warning: Further gmin increment
Trying gmin =   1.5808E-07 Note: One successful gmin step
Trying gmin =   1.5770E-07 Warning: Further gmin increment
Trying gmin =   1.5798E-07 Warning: Further gmin increment
Trying gmin =   1.5805E-07 Note: One successful gmin step
Trying gmin =   1.5802E-07 Note: One successful gmin step
Trying gmin =   1.5796E-07 Warning: Further gmin increment
Trying gmin =   1.5800E-07 Note: One successful gmin step
Trying gmin =   1.5798E-07 Warning: Further gmin increment
Trying gmin =   1.5800E-07 Warning: Last gmin step failed
Warning: True gmin stepping failed
Note: Starting dynamic gmin stepping
Trying gmin =   1.0000E-03 Note: One successful gmin step
Trying gmin =   1.0000E-04 Note: One successful gmin step
Trying gmin =   1.0000E-05 Note: One successful gmin step
Trying gmin =   1.0000E-06 Note: One successful gmin step
Trying gmin =   1.0000E-07 Warning: Further gmin increment
Trying gmin =   5.6234E-07 Note: One successful gmin step
Trying gmin =   2.3714E-07 Warning: Further gmin increment
Trying gmin =   4.5316E-07 Note: One successful gmin step
Trying gmin =   3.2781E-07 Warning: Further gmin increment
Trying gmin =   4.1792E-07 Note: One successful gmin step
Trying gmin =   3.7013E-07 Warning: Further gmin increment
Trying gmin =   4.0542E-07 Warning: Further gmin increment
Trying gmin =   4.1476E-07 Note: One successful gmin step
Trying gmin =   4.1007E-07 Note: One successful gmin step
Trying gmin =   4.0312E-07 Warning: Further gmin increment
Trying gmin =   4.0832E-07 Note: One successful gmin step
Trying gmin =   4.0571E-07 Warning: Further gmin increment
Trying gmin =   4.0767E-07 Warning: Further gmin increment
Trying gmin =   4.0816E-07 Warning: Further gmin increment
Trying gmin =   4.0828E-07 Note: One successful gmin step
Trying gmin =   4.0822E-07 Note: One successful gmin step
Trying gmin =   4.0813E-07 Warning: Further gmin increment
Trying gmin =   4.0819E-07 Warning: Further gmin increment
Trying gmin =   4.0821E-07 Note: One successful gmin step
Trying gmin =   4.0820E-07 Note: One successful gmin step
Trying gmin =   4.0819E-07 Warning: Last gmin step failed
Warning: Dynamic gmin stepping failed
Note: Starting source stepping
Supplies reduced to   0.0000% Note: One successful source step
Supplies reduced to   0.1000% Note: One successful source step
Supplies reduced to   0.2000% Note: One successful source step
Supplies reduced to   0.3500% Note: One successful source step
Supplies reduced to   0.5750% Note: One successful source step
Supplies reduced to   0.9125% Note: One successful source step
Supplies reduced to   1.4188% Note: One successful source step
Supplies reduced to   2.1781% Note: One successful source step
Supplies reduced to   3.3172% Note: One successful source step
Supplies reduced to   5.0258% Note: One successful source step
Supplies reduced to   7.5887% Note: One successful source step
Supplies reduced to  11.4330% Note: One successful source step
Supplies reduced to  17.1995% Note: One successful source step
Supplies reduced to  25.8493% Note: One successful source step
Supplies reduced to  38.8239% Note: One successful source step
Supplies reduced to  58.2859% Supplies reduced to  38.8239% Note: One successful source step
Supplies reduced to  39.8239% Note: One successful source step
Supplies reduced to  41.3239% Note: One successful source step
Supplies reduced to  43.5739% Note: One successful source step
Supplies reduced to  46.9489% Note: One successful source step
Supplies reduced to  48.6364% Note: One successful source step
Supplies reduced to  51.1677% Note: One successful source step
Supplies reduced to  54.9645% Note: One successful source step
Supplies reduced to  60.6598% Note: One successful source step
Supplies reduced to  69.2028% Note: One successful source step
Supplies reduced to  82.0173% Note: One successful source step
Supplies reduced to 100.0000% Note: One successful source step
Note: Source stepping completed
 Reference value :  1.00000e+00vin                 =  1.780538e+00
dropout = 1.653800e-02
Doing analysis at TEMP = 0.000000 and TNOM = 27.000000


No. of Data Rows : 91
Error: no such vector PM
Note: Starting true gmin stepping
Trying gmin =   1.0000E-03 Note: One successful gmin step
Trying gmin =   1.0000E-04 Note: One successful gmin step
Trying gmin =   1.0000E-05 Note: One successful gmin step
Trying gmin =   1.0000E-06 Note: One successful gmin step
Trying gmin =   1.0000E-07 Warning: Further gmin increment
Trying gmin =   5.6234E-07 Note: One successful gmin step
Trying gmin =   2.3714E-07 Note: One successful gmin step
Trying gmin =   6.4938E-08 Warning: Further gmin increment
Trying gmin =   1.7154E-07 Note: One successful gmin step
Trying gmin =   1.0554E-07 Warning: Further gmin increment
Trying gmin =   1.5193E-07 Warning: Further gmin increment
Trying gmin =   1.6641E-07 Note: One successful gmin step
Trying gmin =   1.5901E-07 Note: One successful gmin step
Trying gmin =   1.4851E-07 Warning: Further gmin increment
Trying gmin =   1.5631E-07 Warning: Further gmin increment
Trying gmin =   1.5833E-07 Note: One successful gmin step
Trying gmin =   1.5732E-07 Warning: Further gmin increment
Trying gmin =   1.5808E-07 Note: One successful gmin step
Trying gmin =   1.5770E-07 Warning: Further gmin increment
Trying gmin =   1.5798E-07 Warning: Further gmin increment
Trying gmin =   1.5805E-07 Note: One successful gmin step
Trying gmin =   1.5802E-07 Note: One successful gmin step
Trying gmin =   1.5796E-07 Warning: Further gmin increment
Trying gmin =   1.5800E-07 Note: One successful gmin step
Trying gmin =   1.5798E-07 Warning: Further gmin increment
Trying gmin =   1.5800E-07 Warning: Last gmin step failed
Warning: True gmin stepping failed
Note: Starting dynamic gmin stepping
Trying gmin =   1.0000E-03 Note: One successful gmin step
Trying gmin =   1.0000E-04 Note: One successful gmin step
Trying gmin =   1.0000E-05 Note: One successful gmin step
Trying gmin =   1.0000E-06 Note: One successful gmin step
Trying gmin =   1.0000E-07 Warning: Further gmin increment
Trying gmin =   5.6234E-07 Note: One successful gmin step
Trying gmin =   2.3714E-07 Warning: Further gmin increment
Trying gmin =   4.5316E-07 Note: One successful gmin step
Trying gmin =   3.2781E-07 Warning: Further gmin increment
Trying gmin =   4.1792E-07 Note: One successful gmin step
Trying gmin =   3.7013E-07 Warning: Further gmin increment
Trying gmin =   4.0542E-07 Warning: Further gmin increment
Trying gmin =   4.1476E-07 Note: One successful gmin step
Trying gmin =   4.1007E-07 Note: One successful gmin step
Trying gmin =   4.0312E-07 Warning: Further gmin increment
Trying gmin =   4.0832E-07 Note: One successful gmin step
Trying gmin =   4.0571E-07 Warning: Further gmin increment
Trying gmin =   4.0767E-07 Warning: Further gmin increment
Trying gmin =   4.0816E-07 Warning: Further gmin increment
Trying gmin =   4.0828E-07 Note: One successful gmin step
Trying gmin =   4.0822E-07 Note: One successful gmin step
Trying gmin =   4.0813E-07 Warning: Further gmin increment
Trying gmin =   4.0819E-07 Warning: Further gmin increment
Trying gmin =   4.0821E-07 Note: One successful gmin step
Trying gmin =   4.0820E-07 Note: One successful gmin step
Trying gmin =   4.0819E-07 Warning: Last gmin step failed
Warning: Dynamic gmin stepping failed
Note: Starting source stepping
Supplies reduced to   0.0000% Note: One successful source step
Supplies reduced to   0.1000% Note: One successful source step
Supplies reduced to   0.2000% Note: One successful source step
Supplies reduced to   0.3500% Note: One successful source step
Supplies reduced to   0.5750% Note: One successful source step
Supplies reduced to   0.9125% Note: One successful source step
Supplies reduced to   1.4188% Note: One successful source step
Supplies reduced to   2.1781% Note: One successful source step
Supplies reduced to   3.3172% Note: One successful source step
Supplies reduced to   5.0258% Note: One successful source step
Supplies reduced to   7.5887% Note: One successful source step
Supplies reduced to  11.4330% Note: One successful source step
Supplies reduced to  17.1995% Note: One successful source step
Supplies reduced to  25.8493% Note: One successful source step
Supplies reduced to  38.8239% Note: One successful source step
Supplies reduced to  58.2859% Supplies reduced to  38.8239% Note: One successful source step
Supplies reduced to  39.8239% Note: One successful source step
Supplies reduced to  41.3239% Note: One successful source step
Supplies reduced to  43.5739% Note: One successful source step
Supplies reduced to  46.9489% Note: One successful source step
Supplies reduced to  48.6364% Note: One successful source step
Supplies reduced to  51.1677% Note: One successful source step
Supplies reduced to  54.9645% Note: One successful source step
Supplies reduced to  60.6598% Note: One successful source step
Supplies reduced to  69.2028% Note: One successful source step
Supplies reduced to  82.0173% Note: One successful source step
Supplies reduced to 100.0000% Note: One successful source step
Note: Source stepping completed
 Reference value :  1.00000e+00Note: No ".plot", ".print", or ".fourier" lines; no simulations run

Error: measure  pm  (AT) : out of interval
 meas ac pm find p when vdb(ldo_out)=0 failed!

Doing analysis at TEMP = 0.000000 and TNOM = 27.000000


No. of Data Rows : 91
psrr100             =  -5.740134e+01
psrr100k            =  -2.733584e+01
