 Reference value :  8.50000e+01Note: Starting true gmin stepping
Trying gmin =   1.0000E-03 Note: One successful gmin step
Trying gmin =   1.0000E-04 Note: One successful gmin step
Trying gmin =   1.0000E-05 Note: One successful gmin step
Trying gmin =   3.1623E-06 Note: One successful gmin step
Trying gmin =   5.6234E-07 Note: One successful gmin step
Trying gmin =   5.6234E-08 Warning: Further gmin increment
Trying gmin =   3.1623E-07 Note: One successful gmin step
Trying gmin =   1.3335E-07 Note: One successful gmin step
Trying gmin =   3.6517E-08 Warning: Further gmin increment
Trying gmin =   9.6466E-08 Warning: Further gmin increment
Trying gmin =   1.2298E-07 Warning: Further gmin increment
Trying gmin =   1.3068E-07 Note: One successful gmin step
Trying gmin =   1.2677E-07 Warning: Further gmin increment
Trying gmin =   1.2969E-07 Note: One successful gmin step
Trying gmin =   1.2822E-07 Note: One successful gmin step
Trying gmin =   1.2605E-07 Warning: Further gmin increment
Trying gmin =   1.2768E-07 Note: One successful gmin step
Trying gmin =   1.2686E-07 Warning: Further gmin increment
Trying gmin =   1.2747E-07 Note: One successful gmin step
Trying gmin =   1.2717E-07 Note: One successful gmin step
Trying gmin =   1.2671E-07 Warning: Further gmin increment
Trying gmin =   1.2705E-07 Note: One successful gmin step
Trying gmin =   1.2688E-07 Warning: Further gmin increment
Trying gmin =   1.2701E-07 Note: One successful gmin step
Trying gmin =   1.2695E-07 Warning: Further gmin increment
Trying gmin =   1.2699E-07 Note: One successful gmin step
Trying gmin =   1.2697E-07 Warning: Further gmin increment
Trying gmin =   1.2699E-07 Note: One successful gmin step
Trying gmin =   1.2698E-07 Warning: Further gmin increment
Trying gmin =   1.2699E-07 Note: One successful gmin step
Trying gmin =   1.2698E-07 Note: One successful gmin step
Trying gmin =   1.2698E-07 Warning: Last gmin step failed
Warning: True gmin stepping failed
Note: Starting dynamic gmin stepping
Trying gmin =   1.0000E-03 Note: One successful gmin step
Trying gmin =   1.0000E-04 Note: One successful gmin step
Trying gmin =   1.0000E-05 Note: One successful gmin step
Trying gmin =   1.0000E-06 Note: One successful gmin step
Trying gmin =   1.0000E-07 Warning: Further gmin increment
Trying gmin =   5.6234E-07 Warning: Further gmin increment
Trying gmin =   8.6596E-07 Note: One successful gmin step
Trying gmin =   6.9783E-07 Note: One successful gmin step
Trying gmin =   5.0481E-07 Warning: Further gmin increment
Trying gmin =   6.4357E-07 Note: One successful gmin step
Trying gmin =   5.6998E-07 Warning: Further gmin increment
Trying gmin =   6.2432E-07 Note: One successful gmin step
Trying gmin =   5.9653E-07 Note: One successful gmin step
Trying gmin =   5.5715E-07 Warning: Further gmin increment
Trying gmin =   5.8643E-07 Warning: Further gmin increment
Trying gmin =   5.9399E-07 Warning: Further gmin increment
Trying gmin =   5.9590E-07 Note: One successful gmin step
Trying gmin =   5.9494E-07 Warning: Further gmin increment
Trying gmin =   5.9566E-07 Warning: Further gmin increment
Trying gmin =   5.9584E-07 Note: One successful gmin step
Trying gmin =   5.9575E-07 Note: One successful gmin step
Trying gmin =   5.9566E-07 Warning: Further gmin increment
Trying gmin =   5.9573E-07 Warning: Last gmin step failed
Warning: Dynamic gmin stepping failed
Note: Starting source stepping
Supplies reduced to   0.0000% Note: One successful source step
Supplies reduced to   0.1000% Note: One successful source step
Supplies reduced to   0.2000% Note: One successful source step
Supplies reduced to   0.3500% Note: One successful source step
Supplies reduced to   0.5750% Note: One successful source step
Supplies reduced to   0.9125% Note: One successful source step
Supplies reduced to   1.4188% Note: One successful source step
Supplies reduced to   2.1781% Note: One successful source step
Supplies reduced to   3.3172% Note: One successful source step
Supplies reduced to   5.0258% Note: One successful source step
Supplies reduced to   7.5887% Note: One successful source step
Supplies reduced to  11.4330% Note: One successful source step
Supplies reduced to  17.1995% Note: One successful source step
Supplies reduced to  25.8493% Supplies reduced to  17.1995% Note: One successful source step
Supplies reduced to  18.1995% Note: One successful source step
Supplies reduced to  19.6995% Note: One successful source step
Supplies reduced to  21.9495% Note: One successful source step
Supplies reduced to  25.3245% Note: One successful source step
Supplies reduced to  30.3870% Note: One successful source step
Supplies reduced to  32.9183% Note: One successful source step
Supplies reduced to  36.7151% Note: One successful source step
Supplies reduced to  42.4104% Note: One successful source step
Supplies reduced to  50.9534% Note: One successful source step
Supplies reduced to  63.7679% Supplies reduced to  50.9534% Note: One successful source step
Supplies reduced to  51.9534% Note: One successful source step
Supplies reduced to  53.4534% Note: One successful source step
Supplies reduced to  55.7034% Note: One successful source step
Supplies reduced to  59.0784% Note: One successful source step
Supplies reduced to  64.1409% Supplies reduced to  59.0784% Note: One successful source step
Supplies reduced to  59.8378% Note: One successful source step
Supplies reduced to  60.9769% Note: One successful source step
Supplies reduced to  62.6854% Supplies reduced to  60.9769% Note: One successful source step
Supplies reduced to  61.2331% Note: One successful source step
Supplies reduced to  61.6176% Supplies reduced to  61.2331% Note: One successful source step
Supplies reduced to  61.2908% Note: One successful source step
Supplies reduced to  61.3773% Supplies reduced to  61.2908% Note: One successful source step
Supplies reduced to  61.3038% Note: One successful source step
Supplies reduced to  61.3232% Supplies reduced to  61.3038% Note: One successful source step
Supplies reduced to  61.3067% Note: One successful source step
Supplies reduced to  61.3111% Note: One successful source step
Supplies reduced to  61.3177% Supplies reduced to  61.3111% Note: One successful source step
Supplies reduced to  61.3121% Note: One successful source step
Supplies reduced to  61.3135% Note: One successful source step
Supplies reduced to  61.3158% Supplies reduced to  61.3135% Note: One successful source step
Supplies reduced to  61.3139% Note: One successful source step
Supplies reduced to  61.3144% Supplies reduced to  61.3139% Note: One successful source step
Supplies reduced to  61.3140% Note: One successful source step
Supplies reduced to  61.3141% Note: One successful source step
Supplies reduced to  61.3142% Supplies reduced to  61.3141% Note: One successful source step
Supplies reduced to  61.3141% Note: One successful source step
Supplies reduced to  61.3141% Note: One successful source step
Supplies reduced to  61.3142% Warning: source stepping failed
doAnalyses: Too many iterations without convergence

dc simulation(s) aborted
Error(parse.c--checkvalid): vldo_sup_2_8: zero length vector.
Error: RHS "abs((vldo_sup_2_8-vldo_sup_2)/0.8)" invalid
Error(parse.c--checkvalid): line_reg: zero length vector.
Error(parse.c--checkvalid): vin: zero length vector.
Error: RHS "vin-1.764" invalid
Error(parse.c--checkvalid): dropout: zero length vector.
Error: no such vector dropout
Note: Starting true gmin stepping
Trying gmin =   1.0000E-03 Note: One successful gmin step
Trying gmin =   1.0000E-04 Note: One successful gmin step
Trying gmin =   1.0000E-05 Note: One successful gmin step
Trying gmin =   3.1623E-06 Note: One successful gmin step
Trying gmin =   5.6234E-07 Note: One successful gmin step
Trying gmin =   5.6234E-08 Warning: Further gmin increment
Trying gmin =   3.1623E-07 Note: One successful gmin step
Trying gmin =   1.3335E-07 Note: One successful gmin step
Trying gmin =   3.6517E-08 Warning: Further gmin increment
Trying gmin =   9.6466E-08 Warning: Further gmin increment
Trying gmin =   1.2298E-07 Warning: Further gmin increment
Trying gmin =   1.3068E-07 Note: One successful gmin step
Trying gmin =   1.2677E-07 Warning: Further gmin increment
Trying gmin =   1.2969E-07 Note: One successful gmin step
Trying gmin =   1.2822E-07 Note: One successful gmin step
Trying gmin =   1.2605E-07 Warning: Further gmin increment
Trying gmin =   1.2768E-07 Note: One successful gmin step
Trying gmin =   1.2686E-07 Warning: Further gmin increment
Trying gmin =   1.2747E-07 Note: One successful gmin step
Trying gmin =   1.2717E-07 Note: One successful gmin step
Trying gmin =   1.2671E-07 Warning: Further gmin increment
Trying gmin =   1.2705E-07 Note: One successful gmin step
Trying gmin =   1.2688E-07 Warning: Further gmin increment
Trying gmin =   1.2701E-07 Note: One successful gmin step
Trying gmin =   1.2695E-07 Warning: Further gmin increment
Trying gmin =   1.2699E-07 Note: One successful gmin step
Trying gmin =   1.2697E-07 Warning: Further gmin increment
Trying gmin =   1.2699E-07 Note: One successful gmin step
Trying gmin =   1.2698E-07 Warning: Further gmin increment
Trying gmin =   1.2699E-07 Note: One successful gmin step
Trying gmin =   1.2698E-07 Note: One successful gmin step
Trying gmin =   1.2698E-07 Warning: Last gmin step failed
Warning: True gmin stepping failed
Note: Starting dynamic gmin stepping
Trying gmin =   1.0000E-03 Note: One successful gmin step
Trying gmin =   1.0000E-04 Note: One successful gmin step
Trying gmin =   1.0000E-05 Note: One successful gmin step
Trying gmin =   1.0000E-06 Note: One successful gmin step
Trying gmin =   1.0000E-07 Warning: Further gmin increment
Trying gmin =   5.6234E-07 Warning: Further gmin increment
Trying gmin =   8.6596E-07 Note: One successful gmin step
Trying gmin =   6.9783E-07 Note: One successful gmin step
Trying gmin =   5.0481E-07 Warning: Further gmin increment
Trying gmin =   6.4357E-07 Note: One successful gmin step
Trying gmin =   5.6998E-07 Warning: Further gmin increment
Trying gmin =   6.2432E-07 Note: One successful gmin step
Trying gmin =   5.9653E-07 Note: One successful gmin step
Trying gmin =   5.5715E-07 Warning: Further gmin increment
Trying gmin =   5.8643E-07 Warning: Further gmin increment
Trying gmin =   5.9399E-07 Warning: Further gmin increment
Trying gmin =   5.9590E-07 Note: One successful gmin step
Trying gmin =   5.9494E-07 Warning: Further gmin increment
Trying gmin =   5.9566E-07 Warning: Further gmin increment
Trying gmin =   5.9584E-07 Note: One successful gmin step
Trying gmin =   5.9575E-07 Note: One successful gmin step
Trying gmin =   5.9566E-07 Warning: Further gmin increment
Trying gmin =   5.9573E-07 Warning: Last gmin step failed
Warning: Dynamic gmin stepping failed
Note: Starting source stepping
Supplies reduced to   0.0000% Note: One successful source step
Supplies reduced to   0.1000% Note: One successful source step
Supplies reduced to   0.2000% Note: One successful source step
Supplies reduced to   0.3500% Note: One successful source step
Supplies reduced to   0.5750% Note: One successful source step
Supplies reduced to   0.9125% Note: One successful source step
Supplies reduced to   1.4188% Note: One successful source step
Supplies reduced to   2.1781% Note: One successful source step
Supplies reduced to   3.3172% Note: One successful source step
Supplies reduced to   5.0258% Note: One successful source step
Supplies reduced to   7.5887% Note: One successful source step
Supplies reduced to  11.4330% Note: One successful source step
Supplies reduced to  17.1995% Note: One successful source step
Supplies reduced to  25.8493% Supplies reduced to  17.1995% Note: One successful source step
Supplies reduced to  18.1995% Note: One successful source step
Supplies reduced to  19.6995% Note: One successful source step
Supplies reduced to  21.9495% Note: One successful source step
Supplies reduced to  25.3245% Supplies reduced to  21.9495% Note: One successful source step
Supplies reduced to  22.2870% Note: One successful source step
Supplies reduced to  22.6245% Note: One successful source step
Supplies reduced to  23.1308% Note: One successful source step
Supplies reduced to  23.8901% Note: One successful source step
Supplies reduced to  25.0292% Note: One successful source step
Supplies reduced to  26.7378% Note: One successful source step
Supplies reduced to  29.3007% Note: One successful source step
Supplies reduced to  33.1450% Note: One successful source step
Supplies reduced to  38.9115% Note: One successful source step
Supplies reduced to  47.5613% Note: One successful source step
Supplies reduced to  56.2110% Note: One successful source step
Supplies reduced to  69.1857% Supplies reduced to  56.2110% Note: One successful source step
Supplies reduced to  57.2110% Note: One successful source step
Supplies reduced to  58.7110% Note: One successful source step
Supplies reduced to  60.9610% Note: One successful source step
Supplies reduced to  64.3360% Supplies reduced to  60.9610% Note: One successful source step
Supplies reduced to  61.4673% Supplies reduced to  60.9610% Note: One successful source step
Supplies reduced to  61.0370% Note: One successful source step
Supplies reduced to  61.1509% Note: One successful source step
Supplies reduced to  61.3217% Supplies reduced to  61.1509% Note: One successful source step
Supplies reduced to  61.1765% Note: One successful source step
Supplies reduced to  61.2150% Note: One successful source step
Supplies reduced to  61.2726% Note: One successful source step
Supplies reduced to  61.3591% Supplies reduced to  61.2726% Note: One successful source step
Supplies reduced to  61.2856% Note: One successful source step
Supplies reduced to  61.3051% Note: One successful source step
Supplies reduced to  61.3342% Supplies reduced to  61.3051% Note: One successful source step
Supplies reduced to  61.3094% Note: One successful source step
Supplies reduced to  61.3160% Supplies reduced to  61.3094% Note: One successful source step
Supplies reduced to  61.3104% Note: One successful source step
Supplies reduced to  61.3119% Note: One successful source step
Supplies reduced to  61.3141% Note: One successful source step
Supplies reduced to  61.3174% Supplies reduced to  61.3141% Note: One successful source step
Supplies reduced to  61.3146% Supplies reduced to  61.3141% Note: One successful source step
Supplies reduced to  61.3142% Supplies reduced to  61.3141% Note: One successful source step
Supplies reduced to  61.3141% Note: One successful source step
Supplies reduced to  61.3141% Note: One successful source step
Supplies reduced to  61.3142% Warning: source stepping failed
doAnalyses: Too many iterations without convergence

ac simulation(s) aborted
Error(parse.c--checkvalid): ldo_out: zero length vector.
Error: RHS "(180/pi)*vp(ldo_out)" invalid
Error: no such vector PM
Note: Starting true gmin stepping
Trying gmin =   1.0000E-03 Note: One successful gmin step
Trying gmin =   1.0000E-04 Note: One successful gmin step
Trying gmin =   1.0000E-05 Note: One successful gmin step
Trying gmin =   3.1623E-06 Note: One successful gmin step
Trying gmin =   5.6234E-07 Note: One successful gmin step
Trying gmin =   5.6234E-08 Warning: Further gmin increment
Trying gmin =   3.1623E-07 Note: One successful gmin step
Trying gmin =   1.3335E-07 Note: One successful gmin step
Trying gmin =   3.6517E-08 Warning: Further gmin increment
Trying gmin =   9.6466E-08 Warning: Further gmin increment
Trying gmin =   1.2298E-07 Warning: Further gmin increment
Trying gmin =   1.3068E-07 Note: One successful gmin step
Trying gmin =   1.2677E-07 Warning: Further gmin increment
Trying gmin =   1.2969E-07 Note: One successful gmin step
Trying gmin =   1.2822E-07 Note: One successful gmin step
Trying gmin =   1.2605E-07 Warning: Further gmin increment
Trying gmin =   1.2768E-07 Note: One successful gmin step
Trying gmin =   1.2686E-07 Warning: Further gmin increment
Trying gmin =   1.2747E-07 Note: One successful gmin step
Trying gmin =   1.2717E-07 Note: One successful gmin step
Trying gmin =   1.2671E-07 Warning: Further gmin increment
Trying gmin =   1.2705E-07 Note: One successful gmin step
Trying gmin =   1.2688E-07 Warning: Further gmin increment
Trying gmin =   1.2701E-07 Note: One successful gmin step
Trying gmin =   1.2695E-07 Warning: Further gmin increment
Trying gmin =   1.2699E-07 Note: One successful gmin step
Trying gmin =   1.2697E-07 Warning: Further gmin increment
Trying gmin =   1.2699E-07 Note: One successful gmin step
Trying gmin =   1.2698E-07 Warning: Further gmin increment
Trying gmin =   1.2699E-07 Note: One successful gmin step
Trying gmin =   1.2698E-07 Note: One successful gmin step
Trying gmin =   1.2698E-07 Warning: Last gmin step failed
Warning: True gmin stepping failed
Note: Starting dynamic gmin stepping
Trying gmin =   1.0000E-03 Note: One successful gmin step
Trying gmin =   1.0000E-04 Note: One successful gmin step
Trying gmin =   1.0000E-05 Note: One successful gmin step
Trying gmin =   1.0000E-06 Note: One successful gmin step
Trying gmin =   1.0000E-07 Warning: Further gmin increment
Trying gmin =   5.6234E-07 Warning: Further gmin increment
Trying gmin =   8.6596E-07 Note: One successful gmin step
Trying gmin =   6.9783E-07 Note: One successful gmin step
Trying gmin =   5.0481E-07 Warning: Further gmin increment
Trying gmin =   6.4357E-07 Note: One successful gmin step
Trying gmin =   5.6998E-07 Warning: Further gmin increment
Trying gmin =   6.2432E-07 Note: One successful gmin step
Trying gmin =   5.9653E-07 Note: One successful gmin step
Trying gmin =   5.5715E-07 Warning: Further gmin increment
Trying gmin =   5.8643E-07 Warning: Further gmin increment
Trying gmin =   5.9399E-07 Warning: Further gmin increment
Trying gmin =   5.9590E-07 Note: One successful gmin step
Trying gmin =   5.9494E-07 Warning: Further gmin increment
Trying gmin =   5.9566E-07 Warning: Further gmin increment
Trying gmin =   5.9584E-07 Note: One successful gmin step
Trying gmin =   5.9575E-07 Note: One successful gmin step
Trying gmin =   5.9566E-07 Warning: Further gmin increment
Trying gmin =   5.9573E-07 Warning: Last gmin step failed
Warning: Dynamic gmin stepping failed
Note: Starting source stepping
Supplies reduced to   0.0000% Note: One successful source step
Supplies reduced to   0.1000% Note: One successful source step
Supplies reduced to   0.2000% Note: One successful source step
Supplies reduced to   0.3500% Note: One successful source step
Supplies reduced to   0.5750% Note: One successful source step
Supplies reduced to   0.9125% Note: One successful source step
Supplies reduced to   1.4188% Note: One successful source step
Supplies reduced to   2.1781% Note: One successful source step
Supplies reduced to   3.3172% Note: One successful source step
Supplies reduced to   5.0258% Note: One successful source step
Supplies reduced to   7.5887% Note: One successful source step
Supplies reduced to  11.4330% Note: One successful source step
Supplies reduced to  17.1995% Note: One successful source step
Supplies reduced to  25.8493% Supplies reduced to  17.1995% Note: One successful source step
Supplies reduced to  18.1995% Note: One successful source step
Supplies reduced to  19.6995% Note: One successful source step
Supplies reduced to  21.9495% Note: One successful source step
Supplies reduced to  25.3245% Supplies reduced to  21.9495% Note: One successful source step
Supplies reduced to  22.2870% Note: One successful source step
Supplies reduced to  22.6245% Note: One successful source step
Supplies reduced to  23.1308% Note: One successful source step
Supplies reduced to  23.8901% Note: One successful source step
Supplies reduced to  25.0292% Note: One successful source step
Supplies reduced to  26.7378% Note: One successful source step
Supplies reduced to  29.3007% Note: One successful source step
Supplies reduced to  33.1450% Note: One successful source step
Supplies reduced to  38.9115% Note: One successful source step
Supplies reduced to  47.5613% Note: One successful source step
Supplies reduced to  56.2110% Note: One successful source step
Supplies reduced to  69.1857% Supplies reduced to  56.2110% Note: One successful source step
Supplies reduced to  57.2110% Note: One successful source step
Supplies reduced to  58.7110% Note: One successful source step
Supplies reduced to  60.9610% Note: One successful source step
Supplies reduced to  64.3360% Supplies reduced to  60.9610% Note: One successful source step
Supplies reduced to  61.4673% Supplies reduced to  60.9610% Note: One successful source step
Supplies reduced to  61.0370% Note: One successful source step
Supplies reduced to  61.1509% Note: One successful source step
Supplies reduced to  61.3217% Supplies reduced to  61.1509% Note: One successful source step
Supplies reduced to  61.1765% Note: One successful source step
Supplies reduced to  61.2150% Note: One successful source step
Supplies reduced to  61.2726% Note: One successful source step
Supplies reduced to  61.3591% Supplies reduced to  61.2726% Note: One successful source step
Supplies reduced to  61.2856% Note: One successful source step
Supplies reduced to  61.3051% Note: One successful source step
Supplies reduced to  61.3342% Supplies reduced to  61.3051% Note: One successful source step
Supplies reduced to  61.3094% Note: One successful source step
Supplies reduced to  61.3160% Supplies reduced to  61.3094% Note: One successful source step
Supplies reduced to  61.3104% Note: One successful source step
Supplies reduced to  61.3119% Note: One successful source step
Supplies reduced to  61.3141% Note: One successful source step
Supplies reduced to  61.3174% Supplies reduced to  61.3141% Note: One successful source step
Supplies reduced to  61.3146% Supplies reduced to  61.3141% Note: One successful source step
Supplies reduced to  61.3142% Supplies reduced to  61.3141% Note: One successful source step
Supplies reduced to  61.3141% Note: One successful source step
Supplies reduced to  61.3141% Note: One successful source step
Supplies reduced to  61.3142% Warning: source stepping failed

No compatibility mode selected!


Circuit: * ldo netlist 

Doing analysis at TEMP = 85.000000 and TNOM = 27.000000


No. of Data Rows : 86
temp_coeff = 3.837666e+01
Doing analysis at TEMP = 85.000000 and TNOM = 27.000000


Error: measure  vldo_sup_2  (AT) : out of interval
 meas dc vldo_sup_2 find ldo_out at=2 failed!


Error: measure  vldo_sup_2_8  (AT) : out of interval
 meas dc vldo_sup_2_8 find ldo_out at=2.8 failed!


Error: measure  vin  (WHEN) : out of interval
 meas dc vin when v(ldo_out)=1.764 failed!

Doing analysis at TEMP = 85.000000 and TNOM = 27.000000


AC operating point failed -

Last Node Voltages
------------------

Node                                   Last Voltage        Previous Iter
----                                   ------------        -------------
inn                                        0.597942             0.597923
mir                                        0.681955             0.681959
vdd                                          1.7168               1.7168
inp                                        0.595973             0.595954
bg_out                                     0.432082             0.432068
net3                                       0.458627             0.458613
net1                                       0.456345             0.456331
net2                                       0.917148             0.917553
net5                                        0.82937             0.829386
net4                                      0.0114056            0.0114031
net6                                       0.810039             0.810036
xc1.a                                             0                    0
xc1.b1                                            0                    0
xr1.xsky130_fd_pr__res_xhigh_po_0p69.ra             0.458973             0.458959
net7                                        0.45668             0.456665
xr2.xsky130_fd_pr__res_xhigh_po_0p69.ra             0.460921             0.460907
xr3.xsky130_fd_pr__res_xhigh_po_0p69.ra           0.00232886           0.00232878
xr4.xsky130_fd_pr__res_xhigh_po_0p69.ra             0.456355             0.456341
xr5.xsky130_fd_pr__res_xhigh_po_0p69.ra           0.00231865           0.00231857
xr6.xsky130_fd_pr__res_xhigh_po_0p69.ra            0.0023456           0.00234552
net9                                        1.01596              1.01597
net10                                   0.000997027          0.000996849
net8                                       0.741806             0.741809
pos                                          0.4366             0.436586
vb                                         0.828373              0.82837
out                                        0.811446              0.81145
ldo_out                                    0.717567             0.717543
net12                                      0.811446              0.81145
net11                                      0.811446              0.81145
xc3.a                                      0.741806             0.741809
xc3.b1                                     0.741806             0.741809
xr7.xsky130_fd_pr__res_xhigh_po_0p69.ra             0.811446              0.81145
xr8.xsky130_fd_pr__res_xhigh_po_0p69.ra             0.440284              0.44027
xr9.xsky130_fd_pr__res_xhigh_po_0p69.ra           0.00371788           0.00371775
net13                                             0                    0
l1#branch                                         0                    0
vs#branch                               -0.00403095          -0.00403082
vt#branch                                         0                    0


Error: measure  pm  (AT) : out of interval
 meas ac pm find p when vdb(ldo_out)=0 failed!

Doing analysis at TEMP = 85.000000 and TNOM = 27.000000


AC operating point failed -

Last Node Voltages
------------------

Node                                   Last Voltage        Previous Iter
----                                   ------------        -------------
inn                                        0.597942             0.597923
mir          doAnalyses: Too many iterations without convergence

ac simulation(s) aborted
Error: no such vector PSRR100
Note: No ".plot", ".print", or ".fourier" lines; no simulations run
                              0.681955             0.681959
vdd                                          1.7168               1.7168
inp                                        0.595973             0.595954
bg_out                                     0.432082             0.432068
net3                                       0.458627             0.458613
net1                                       0.456345             0.456331
net2                                       0.917148             0.917553
net5                                        0.82937             0.829386
net4                                      0.0114056            0.0114031
net6                                       0.810039             0.810036
xc1.a                                             0                    0
xc1.b1                                            0                    0
xr1.xsky130_fd_pr__res_xhigh_po_0p69.ra             0.458973             0.458959
net7                                        0.45668             0.456665
xr2.xsky130_fd_pr__res_xhigh_po_0p69.ra             0.460921             0.460907
xr3.xsky130_fd_pr__res_xhigh_po_0p69.ra           0.00232886           0.00232878
xr4.xsky130_fd_pr__res_xhigh_po_0p69.ra             0.456355             0.456341
xr5.xsky130_fd_pr__res_xhigh_po_0p69.ra           0.00231865           0.00231857
xr6.xsky130_fd_pr__res_xhigh_po_0p69.ra            0.0023456           0.00234552
net9                                        1.01596              1.01597
net10                                   0.000997027          0.000996849
net8                                       0.741806             0.741809
pos                                          0.4366             0.436586
vb                                         0.828373              0.82837
out                                        0.811446              0.81145
ldo_out                                    0.717567             0.717543
net12                                      0.811446              0.81145
net11                                      0.811446              0.81145
xc3.a                                      0.741806             0.741809
xc3.b1                                     0.741806             0.741809
xr7.xsky130_fd_pr__res_xhigh_po_0p69.ra             0.811446              0.81145
xr8.xsky130_fd_pr__res_xhigh_po_0p69.ra             0.440284              0.44027
xr9.xsky130_fd_pr__res_xhigh_po_0p69.ra           0.00371788           0.00371775
net13                                             0                    0
l1#branch                                         0                    0
vs#branch                               -0.00403095          -0.00403082
vt#branch                                         0                    0


Error: measure  psrr100  (AT) : out of interval
 meas ac psrr100 find vdb(ldo_out) at=100 failed!


Error: measure  psrr100k  (AT) : out of interval
 meas ac psrr100k find vdb(ldo_out) at=100k failed!

