 Reference value :  8.50000e+01Note: Starting true gmin stepping
Trying gmin =   1.0000E-03 Note: One successful gmin step
Trying gmin =   1.0000E-04 Note: One successful gmin step
Trying gmin =   1.0000E-05 Note: One successful gmin step
Trying gmin =   3.1623E-06 Note: One successful gmin step
Trying gmin =   5.6234E-07 Note: One successful gmin step
Trying gmin =   5.6234E-08 Warning: Further gmin increment
Trying gmin =   3.1623E-07 Note: One successful gmin step
Trying gmin =   1.3335E-07 Warning: Further gmin increment
Trying gmin =   2.5483E-07 Note: One successful gmin step
Trying gmin =   1.8434E-07 Note: One successful gmin step
Trying gmin =   1.1342E-07 Warning: Further gmin increment
Trying gmin =   1.6326E-07 Note: One successful gmin step
Trying gmin =   1.3608E-07 Warning: Further gmin increment
Trying gmin =   1.5600E-07 Note: One successful gmin step
Trying gmin =   1.4570E-07 Note: One successful gmin step
Trying gmin =   1.3151E-07 Warning: Further gmin increment
Trying gmin =   1.4201E-07 Note: One successful gmin step
Trying gmin =   1.3666E-07 Note: One successful gmin step
Trying gmin =   1.2901E-07 Warning: Further gmin increment
Trying gmin =   1.3471E-07 Warning: Further gmin increment
Trying gmin =   1.3617E-07 Warning: Further gmin increment
Trying gmin =   1.3654E-07 Note: One successful gmin step
Trying gmin =   1.3635E-07 Warning: Further gmin increment
Trying gmin =   1.3649E-07 Note: One successful gmin step
Trying gmin =   1.3642E-07 Warning: Further gmin increment
Trying gmin =   1.3647E-07 Note: One successful gmin step
Trying gmin =   1.3645E-07 Warning: Further gmin increment
Trying gmin =   1.3647E-07 Warning: Last gmin step failed
Warning: True gmin stepping failed
Note: Starting dynamic gmin stepping
Trying gmin =   1.0000E-03 Note: One successful gmin step
Trying gmin =   1.0000E-04 Note: One successful gmin step
Trying gmin =   1.0000E-05 Note: One successful gmin step
Trying gmin =   1.0000E-06 Note: One successful gmin step
Trying gmin =   1.0000E-07 Warning: Further gmin increment
Trying gmin =   5.6234E-07 Warning: Further gmin increment
Trying gmin =   8.6596E-07 Note: One successful gmin step
Trying gmin =   6.9783E-07 Note: One successful gmin step
Trying gmin =   5.0481E-07 Warning: Further gmin increment
Trying gmin =   6.4357E-07 Note: One successful gmin step
Trying gmin =   5.6998E-07 Warning: Further gmin increment
Trying gmin =   6.2432E-07 Warning: Further gmin increment
Trying gmin =   6.3870E-07 Warning: Further gmin increment
Trying gmin =   6.4235E-07 Note: One successful gmin step
Trying gmin =   6.4052E-07 Warning: Further gmin increment
Trying gmin =   6.4189E-07 Note: One successful gmin step
Trying gmin =   6.4121E-07 Warning: Further gmin increment
Trying gmin =   6.4172E-07 Warning: Further gmin increment
Trying gmin =   6.4185E-07 Warning: Further gmin increment
Trying gmin =   6.4188E-07 Note: One successful gmin step
Trying gmin =   6.4186E-07 Note: One successful gmin step
Trying gmin =   6.4184E-07 Warning: Last gmin step failed
Warning: Dynamic gmin stepping failed
Note: Starting source stepping
Supplies reduced to   0.0000% Note: One successful source step
Supplies reduced to   0.1000% Note: One successful source step
Supplies reduced to   0.2000% Note: One successful source step
Supplies reduced to   0.3500% Note: One successful source step
Supplies reduced to   0.5750% Note: One successful source step
Supplies reduced to   0.9125% Note: One successful source step
Supplies reduced to   1.4188% Note: One successful source step
Supplies reduced to   2.1781% Note: One successful source step
Supplies reduced to   3.3172% Note: One successful source step
Supplies reduced to   5.0258% Note: One successful source step
Supplies reduced to   7.5887% Note: One successful source step
Supplies reduced to  11.4330% Note: One successful source step
Supplies reduced to  17.1995% Note: One successful source step
Supplies reduced to  25.8493% Note: One successful source step
Supplies reduced to  38.8239% Supplies reduced to  25.8493% Note: One successful source step
Supplies reduced to  26.4980% Note: One successful source step
Supplies reduced to  27.4711% Note: One successful source step
Supplies reduced to  28.9307% Note: One successful source step
Supplies reduced to  31.1202% Note: One successful source step
Supplies reduced to  34.4044% Note: One successful source step
Supplies reduced to  39.3307% Note: One successful source step
Supplies reduced to  46.7202% Note: One successful source step
Supplies reduced to  54.1096% Note: One successful source step
Supplies reduced to  65.1938% Supplies reduced to  54.1096% Note: One successful source step
Supplies reduced to  55.1096% Note: One successful source step
Supplies reduced to  56.6096% Note: One successful source step
Supplies reduced to  58.8596% Note: One successful source step
Supplies reduced to  62.2346% Supplies reduced to  58.8596% Note: One successful source step
Supplies reduced to  59.3659% Note: One successful source step
Supplies reduced to  60.1253% Note: One successful source step
Supplies reduced to  61.2643% Note: One successful source step
Supplies reduced to  62.9729% Note: One successful source step
Supplies reduced to  65.5358% Note: One successful source step
Supplies reduced to  66.8173% Supplies reduced to  65.5358% Note: One successful source step
Supplies reduced to  65.7280% Note: One successful source step
Supplies reduced to  66.0164% Note: One successful source step
Supplies reduced to  66.4488% Note: One successful source step
Supplies reduced to  67.0976% Note: One successful source step
Supplies reduced to  68.0707% Note: One successful source step
Supplies reduced to  69.5303% Note: One successful source step
Supplies reduced to  71.7198% Note: One successful source step
Supplies reduced to  75.0040% Note: One successful source step
Supplies reduced to  79.9303% Note: One successful source step
Supplies reduced to  87.3198% Note: One successful source step
Supplies reduced to  98.4039% Note: One successful source step
Supplies reduced to 100.0000% Note: One successful source step
Note: Source stepping completed
 Reference value :  2.80000e+00Note: Starting true gmin stepping
Trying gmin =   1.0000E-03 Note: One successful gmin step
Trying gmin =   1.0000E-04 Note: One successful gmin step
Trying gmin =   1.0000E-05 Note: One successful gmin step
Trying gmin =   1.0000E-06 Note: One successful gmin step
Trying gmin =   1.0000E-07 Note: One successful gmin step
Trying gmin =   1.0000E-08 Warning: Further gmin increment
Trying gmin =   5.6234E-08 Note: One successful gmin step
Trying gmin =   2.3714E-08 Note: One successful gmin step
Trying gmin =   6.4938E-09 Warning: Further gmin increment
Trying gmin =   1.7154E-08 Note: One successful gmin step
Trying gmin =   1.0554E-08 Warning: Further gmin increment
Trying gmin =   1.5193E-08 Note: One successful gmin step
Trying gmin =   1.2663E-08 Note: One successful gmin step
Trying gmin =   9.6358E-09 Note: One successful gmin step
Trying gmin =   6.3960E-09 Note: One successful gmin step
Trying gmin =   3.4589E-09 Note: One successful gmin step
Trying gmin =   1.3756E-09 Note: One successful gmin step
Trying gmin =   3.4499E-10 Note: One successful gmin step
Trying gmin =   4.3331E-11 Note: One successful gmin step
Trying gmin =   4.3331E-12 Note: One successful gmin step
Trying gmin =   1.0000E-12 Note: One successful gmin step
Note: True gmin stepping completed
 Reference value :  1.20000e+00Note: Starting true gmin stepping
Trying gmin =   1.0000E-03 Note: One successful gmin step
Trying gmin =   1.0000E-04 Note: One successful gmin step
Trying gmin =   1.0000E-05 Note: One successful gmin step
Trying gmin =   1.0000E-06 Note: One successful gmin step
Trying gmin =   1.0000E-07 Note: One successful gmin step
Trying gmin =   1.0000E-08 Warning: Further gmin increment
Trying gmin =   5.6234E-08 Note: One successful gmin step
Trying gmin =   2.3714E-08 Note: One successful gmin step
Trying gmin =   6.4938E-09 Warning: Further gmin increment
Trying gmin =   1.7154E-08 Note: One successful gmin step
Trying gmin =   1.0554E-08 Note: One successful gmin step
Trying gmin =   5.0937E-09 Warning: Further gmin increment
Trying gmin =   8.7970E-09 Note: One successful gmin step
Trying gmin =   6.6940E-09 Note: One successful gmin step
Trying gmin =   4.4433E-09 Note: One successful gmin step
Trying gmin =   2.4029E-09 Note: One successful gmin step
Trying gmin =   9.5562E-10 Note: One successful gmin step
Trying gmin =   2.3967E-10 Note: One successful gmin step
Trying gmin =   3.0102E-11 Note: One successful gmin step
Trying gmin =   3.0102E-12 Note: One successful gmin step
Trying gmin =   1.0000E-12 Note: One successful gmin step
Note: True gmin stepping completed
Note: Starting true gmin stepping
Trying gmin =   1.0000E-03 Note: One successful gmin step
Trying gmin =   1.0000E-04 Note: One successful gmin step
Trying gmin =   1.0000E-05 Note: One successful gmin step
Trying gmin =   1.0000E-06 Note: One successful gmin step
Trying gmin =   1.0000E-07 Note: One successful gmin step
Trying gmin =   1.0000E-08 Note: One successful gmin step
Trying gmin =   1.0000E-09 Note: One successful gmin step
Trying gmin =   1.0000E-10 Note: One successful gmin step
Trying gmin =   1.0000E-11 Note: One successful gmin step
Trying gmin =   1.0000E-12 Warning: Further gmin increment
Trying gmin =   5.6234E-12 Note: One successful gmin step
Trying gmin =   2.3714E-12 Note: One successful gmin step
Trying gmin =   1.0000E-12 Note: One successful gmin step
Note: True gmin stepping completed
 Reference value :  6.20000e-01Note: Starting true gmin stepping
Trying gmin =   1.0000E-03 Note: One successful gmin step
Trying gmin =   1.0000E-04 Note: One successful gmin step
Trying gmin =   1.0000E-05 Note: One successful gmin step
Trying gmin =   1.0000E-06 Note: One successful gmin step
Trying gmin =   1.0000E-07 Note: One successful gmin step
Trying gmin =   1.0000E-08 Note: One successful gmin step
Trying gmin =   1.0000E-09 Note: One successful gmin step
Trying gmin =   1.0000E-10 Note: One successful gmin step
Trying gmin =   1.0000E-11 Note: One successful gmin step
Trying gmin =   1.0000E-12 Note: One successful gmin step
Trying gmin =   1.0000E-12 Note: One successful gmin step
Note: True gmin stepping completed

No compatibility mode selected!


Circuit: * ldo netlist 

Doing analysis at TEMP = 85.000000 and TNOM = 27.000000


No. of Data Rows : 86
temp_coeff = 6.409940e+01
Doing analysis at TEMP = 85.000000 and TNOM = 27.000000


No. of Data Rows : 141
vldo_sup_2          =  1.811427e+00
vldo_sup_2_8        =  1.813395e+00
line_reg = 2.460000e-03
vin                 =  1.783005e+00
dropout = 1.900500e-02
Doing analysis at TEMP = 85.000000 and TNOM = 27.000000


No. of Data Rows : 91
Error: no such vector PM
Note: No ".plot", ".print", or ".fourier" lines; no simulations run

Error: measure  pm  (AT) : out of interval
 meas ac pm find p when vdb(ldo_out)=0 failed!

Doing analysis at TEMP = 85.000000 and TNOM = 27.000000


No. of Data Rows : 91
psrr100             =  -5.187978e+01
psrr100k            =  -2.475867e+01
