 Reference value :  8.50000e+01Note: Starting true gmin stepping
Trying gmin =   1.0000E-03 Note: One successful gmin step
Trying gmin =   1.0000E-04 Note: One successful gmin step
Trying gmin =   1.0000E-05 Note: One successful gmin step
Trying gmin =   1.0000E-06 Note: One successful gmin step
Trying gmin =   1.0000E-07 Note: One successful gmin step
Trying gmin =   1.0000E-08 Warning: Further gmin increment
Trying gmin =   5.6234E-08 Note: One successful gmin step
Trying gmin =   2.3714E-08 Warning: Further gmin increment
Trying gmin =   4.5316E-08 Note: One successful gmin step
Trying gmin =   3.2781E-08 Warning: Further gmin increment
Trying gmin =   4.1792E-08 Note: One successful gmin step
Trying gmin =   3.7013E-08 Warning: Further gmin increment
Trying gmin =   4.0542E-08 Note: One successful gmin step
Trying gmin =   3.8738E-08 Warning: Further gmin increment
Trying gmin =   4.0084E-08 Note: One successful gmin step
Trying gmin =   3.9405E-08 Warning: Further gmin increment
Trying gmin =   3.9913E-08 Warning: Further gmin increment
Trying gmin =   4.0041E-08 Note: One successful gmin step
Trying gmin =   3.9977E-08 Warning: Further gmin increment
Trying gmin =   4.0025E-08 Warning: Further gmin increment
Trying gmin =   4.0037E-08 Note: One successful gmin step
Trying gmin =   4.0031E-08 Note: One successful gmin step
Trying gmin =   4.0022E-08 Warning: Further gmin increment
Trying gmin =   4.0029E-08 Warning: Further gmin increment
Trying gmin =   4.0030E-08 Note: One successful gmin step
Trying gmin =   4.0029E-08 Warning: Last gmin step failed
Error: -3.27968e+167, 2 out of range for ^
Warning: True gmin stepping failed
Note: Starting dynamic gmin stepping
Trying gmin =   1.0000E-03 Note: One successful gmin step
Trying gmin =   1.0000E-04 Note: One successful gmin step
Trying gmin =   1.0000E-05 Note: One successful gmin step
Trying gmin =   1.0000E-06 Warning: Further gmin increment
Trying gmin =   5.6234E-06 Note: One successful gmin step
Trying gmin =   3.1623E-06 Note: One successful gmin step
Trying gmin =   1.3335E-06 Warning: Further gmin increment
Trying gmin =   2.5483E-06 Note: One successful gmin step
Trying gmin =   1.8434E-06 Note: One successful gmin step
Trying gmin =   1.1342E-06 Warning: Further gmin increment
Trying gmin =   1.6326E-06 Note: One successful gmin step
Trying gmin =   1.3608E-06 Warning: Further gmin increment
Trying gmin =   1.5600E-06 Note: One successful gmin step
Trying gmin =   1.4570E-06 Note: One successful gmin step
Trying gmin =   1.3151E-06 Warning: Further gmin increment
Trying gmin =   1.4201E-06 Note: One successful gmin step
Trying gmin =   1.3666E-06 Warning: Further gmin increment
Trying gmin =   1.4066E-06 Note: One successful gmin step
Trying gmin =   1.3864E-06 Warning: Further gmin increment
Trying gmin =   1.4015E-06 Note: One successful gmin step
Trying gmin =   1.3939E-06 Note: One successful gmin step
Trying gmin =   1.3827E-06 Warning: Further gmin increment
Trying gmin =   1.3911E-06 Note: One successful gmin step
Trying gmin =   1.3869E-06 Note: One successful gmin step
Trying gmin =   1.3806E-06 Note: One successful gmin step
Trying gmin =   1.3712E-06 Note: One successful gmin step
Trying gmin =   1.3572E-06 Note: One successful gmin step
Trying gmin =   1.3365E-06 Note: One successful gmin step
Trying gmin =   1.3060E-06 Note: One successful gmin step
Trying gmin =   1.2616E-06 Note: One successful gmin step
Trying gmin =   1.1977E-06 Note: One successful gmin step
Trying gmin =   1.1080E-06 Note: One successful gmin step
Trying gmin =   9.8580E-07 Note: One successful gmin step
Trying gmin =   8.2733E-07 Note: One successful gmin step
Trying gmin =   6.3609E-07 Note: One successful gmin step
Trying gmin =   4.2881E-07 Note: One successful gmin step
Trying gmin =   2.3736E-07 Note: One successful gmin step
Trying gmin =   9.7746E-08 Note: One successful gmin step
Trying gmin =   2.5831E-08 Note: One successful gmin step
Trying gmin =   3.5093E-09 Note: One successful gmin step
Trying gmin =   3.5093E-10 Note: One successful gmin step
Trying gmin =   3.5093E-11 Note: One successful gmin step
Trying gmin =   3.5093E-12 Note: One successful gmin step
Trying gmin =   1.0000E-12 Note: One successful gmin step
Note: Dynamic gmin stepping completed
 Reference value :  2.80000e+00Note: Starting true gmin stepping
Trying gmin =   1.0000E-03 Note: One successful gmin step
Trying gmin =   1.0000E-04 Note: One successful gmin step
Trying gmin =   1.0000E-05 Note: One successful gmin step
Trying gmin =   1.0000E-06 Note: One successful gmin step
Trying gmin =   1.0000E-07 Note: One successful gmin step
Trying gmin =   1.0000E-08 Warning: Further gmin increment
Trying gmin =   5.6234E-08 Note: One successful gmin step
Trying gmin =   2.3714E-08 Warning: Further gmin increment
Trying gmin =   4.5316E-08 Note: One successful gmin step
Trying gmin =   3.2781E-08 Note: One successful gmin step
Trying gmin =   2.0169E-08 Note: One successful gmin step
Trying gmin =   9.7338E-09 Note: One successful gmin step
Trying gmin =   3.2634E-09 Note: One successful gmin step
Trying gmin =   6.3352E-10 Note: One successful gmin step
Trying gmin =   6.3352E-11 Note: One successful gmin step
Trying gmin =   6.3352E-12 Note: One successful gmin step
Trying gmin =   1.0000E-12 Note: One successful gmin step
Note: True gmin stepping completed
Note: Starting true gmin stepping
Trying gmin =   1.0000E-03 Note: One successful gmin step
Trying gmin =   1.0000E-04 Note: One successful gmin step
Trying gmin =   1.0000E-05 Note: One successful gmin step
Trying gmin =   1.0000E-06 Note: One successful gmin step
Trying gmin =   1.0000E-07 Note: One successful gmin step
Trying gmin =   1.0000E-08 Warning: Further gmin increment
Trying gmin =   5.6234E-08 Note: One successful gmin step
Trying gmin =   3.1623E-08 Note: One successful gmin step
Trying gmin =   1.7783E-08 Note: One successful gmin step
Trying gmin =   7.4989E-09 Note: One successful gmin step
Trying gmin =   2.0535E-09 Note: One successful gmin step
Trying gmin =   2.9427E-10 Note: One successful gmin step
Trying gmin =   2.9427E-11 Note: One successful gmin step
Trying gmin =   2.9427E-12 Note: One successful gmin step
Trying gmin =   1.0000E-12 Note: One successful gmin step
Note: True gmin stepping completed
 Reference value :  1.52000e+00Note: Starting true gmin stepping
Trying gmin =   1.0000E-03 Note: One successful gmin step
Trying gmin =   1.0000E-04 Note: One successful gmin step
Trying gmin =   1.0000E-05 Note: One successful gmin step
Trying gmin =   1.0000E-06 Note: One successful gmin step
Trying gmin =   1.0000E-07 Note: One successful gmin step
Trying gmin =   1.0000E-08 Note: One successful gmin step
Trying gmin =   1.0000E-09 Note: One successful gmin step
Trying gmin =   1.0000E-10 Warning: Further gmin increment
Trying gmin =   5.6234E-10 Warning: Further gmin increment
Trying gmin =   8.6596E-10 Note: One successful gmin step
Trying gmin =   6.9783E-10 Note: One successful gmin step
Trying gmin =   5.0481E-10 Note: One successful gmin step
Trying gmin =   3.1059E-10 Note: One successful gmin step
Trying gmin =   1.4989E-10 Note: One successful gmin step
Trying gmin =   5.0254E-11 Note: One successful gmin step
Trying gmin =   9.7557E-12 Note: One successful gmin step
Trying gmin =   1.0000E-12 Note: One successful gmin step
Note: True gmin stepping completed
Note: Starting true gmin stepping
Trying gmin =   1.0000E-03 Note: One successful gmin step
Trying gmin =   1.0000E-04 Note: One successful gmin step
Trying gmin =   1.0000E-05 Note: One successful gmin step
Trying gmin =   1.0000E-06 Note: One successful gmin step
Trying gmin =   1.0000E-07 Note: One successful gmin step
Trying gmin =   1.0000E-08 Note: One successful gmin step
Trying gmin =   1.0000E-09 Note: One successful gmin step
Trying gmin =   1.0000E-10 Note: One successful gmin step
Trying gmin =   1.0000E-11 Note: One successful gmin step
Trying gmin =   1.0000E-12 Warning: Further gmin increment
Trying gmin =   5.6234E-12 Note: One successful gmin step
Trying gmin =   2.3714E-12 Note: One successful gmin step
Trying gmin =   1.0000E-12 Warning: Further gmin increment
Trying gmin =   1.9110E-12 Note: One successful gmin step
Trying gmin =   1.3824E-12 Note: One successful gmin step
Trying gmin =   1.0000E-12 Warning: Further gmin increment
Trying gmin =   1.2749E-12 Note: One successful gmin step
Trying gmin =   1.1291E-12 Note: One successful gmin step
Trying gmin =   1.0000E-12 Warning: Further gmin increment
Trying gmin =   1.0953E-12 Note: One successful gmin step
Trying gmin =   1.0466E-12 Note: One successful gmin step
Trying gmin =   1.0000E-12 Warning: Further gmin increment
Trying gmin =   1.0347E-12 Note: One successful gmin step
Trying gmin =   1.0172E-12 Note: One successful gmin step
Trying gmin =   1.0000E-12 Warning: Further gmin increment
Trying gmin =   1.0129E-12 Note: One successful gmin step
Trying gmin =   1.0064E-12 Note: One successful gmin step
Trying gmin =   1.0000E-12 Warning: Further gmin increment
Trying gmin =   1.0048E-12 Note: One successful gmin step
Trying gmin =   1.0024E-12 Note: One successful gmin step
Trying gmin =   1.0000E-12 Warning: Further gmin increment
Trying gmin =   1.0018E-12 Note: One successful gmin step
Trying gmin =   1.0009E-12 Note: One successful gmin step
Trying gmin =   1.0000E-12 Warning: Further gmin increment
Trying gmin =   1.0007E-12 Note: One successful gmin step
Trying gmin =   1.0003E-12 Warning: Further gmin increment
Trying gmin =   1.0006E-12 Note: One successful gmin step
Trying gmin =   1.0005E-12 Note: One successful gmin step
Trying gmin =   1.0003E-12 Warning: Further gmin increment
Trying gmin =   1.0004E-12 Note: One successful gmin step
Trying gmin =   1.0003E-12 Warning: Further gmin increment
Trying gmin =   1.0004E-12 Note: One successful gmin step
Trying gmin =   1.0004E-12 Warning: Last gmin step failed
Warning: True gmin stepping failed
Note: Starting dynamic gmin stepping
Trying gmin =   1.0000E-03 Note: One successful gmin step
Trying gmin =   1.0000E-04 Note: One successful gmin step
Trying gmin =   1.0000E-05 Note: One successful gmin step
Trying gmin =   1.0000E-06 Note: One successful gmin step
Trying gmin =   1.0000E-07 Note: One successful gmin step
Trying gmin =   1.0000E-08 Note: One successful gmin step
Trying gmin =   1.0000E-09 Note: One successful gmin step
Trying gmin =   1.0000E-10 Note: One successful gmin step
Trying gmin =   1.0000E-11 Note: One successful gmin step
Trying gmin =   1.0000E-12 Note: One successful gmin step
Trying gmin =   1.0000E-12 Note: One successful gmin step
Note: Dynamic gmin stepping completed
 Reference value :  4.00000e-02
No compatibility mode selected!


Circuit: * ldo netlist 

Doing analysis at TEMP = 0.000000 and TNOM = 27.000000


No. of Data Rows : 86
temp_coeff = 3.279251e+01
Doing analysis at TEMP = 0.000000 and TNOM = 27.000000


No. of Data Rows : 141
vldo_sup_2          =  1.803100e+00
vldo_sup_2_8        =  1.802218e+00
line_reg = 1.102500e-03
Note: Starting true gmin stepping
Trying gmin =   1.0000E-03 Note: One successful gmin step
Trying gmin =   1.0000E-04 Note: One successful gmin step
Trying gmin =   1.0000E-05 Note: One successful gmin step
Trying gmin =   1.0000E-06 Note: One successful gmin step
Trying gmin =   1.0000E-07 Note: One successful gmin step
Trying gmin =   1.0000E-08 Warning: Further gmin increment
Trying gmin =   5.6234E-08 Note: One successful gmin step
Trying gmin =   2.3714E-08 Warning: Further gmin increment
Trying gmin =   4.5316E-08 Note: One successful gmin step
Trying gmin =   3.2781E-08 Warning: Further gmin increment
Trying gmin =   4.1792E-08 Note: One successful gmin step
Trying gmin =   3.8542E-08 Note: One successful gmin step
Trying gmin =   3.4135E-08 Note: One successful gmin step
Trying gmin =   2.8451E-08 Note: One successful gmin step
Trying gmin =   2.1650E-08 Note: One successful gmin step
Trying gmin =   1.4370E-08 Note: One successful gmin step
Trying gmin =   7.7715E-09 Note: One successful gmin step
Trying gmin =   3.0907E-09 Note: One successful gmin step
Trying gmin =   7.7513E-10 Note: One successful gmin step
Trying gmin =   9.7355E-11 Note: One successful gmin step
Trying gmin =   9.7355E-12 Note: One successful gmin step
Trying gmin =   1.0000E-12 Note: One successful gmin step
Note: True gmin stepping completed
vin                 =  1.764150e+00
dropout = 1.500000e-04
Doing analysis at TEMP = 0.000000 and TNOM = 27.000000


No. of Data Rows : 91
Note: Starting true gmin stepping
Trying gmin =   1.0000E-03 Note: One successful gmin step
Trying gmin =   1.0000E-04 Note: One successful gmin step
Trying gmin =   1.0000E-05 Note: One successful gmin step
Trying gmin =   1.0000E-06 Note: One successful gmin step
Trying gmin =   1.0000E-07 Note: One successful gmin step
Trying gmin =   1.0000E-08 Warning: Further gmin increment
Trying gmin =   5.6234E-08 Note: One successful gmin step
Trying gmin =   2.3714E-08 Warning: Further gmin increment
Trying gmin =   4.5316E-08 Note: One successful gmin step
Trying gmin =   3.2781E-08 Warning: Further gmin increment
Trying gmin =   4.1792E-08 Note: One successful gmin step
Trying gmin =   3.8542E-08 Note: One successful gmin step
Trying gmin =   3.4135E-08 Note: One successful gmin step
Trying gmin =   2.8451E-08 Note: One successful gmin step
Trying gmin =   2.1650E-08 Note: One successful gmin step
Trying gmin =   1.4370E-08 Note: One successful gmin step
Trying gmin =   7.7715E-09 Note: One successful gmin step
Trying gmin =   3.0907E-09 Note: One successful gmin step
Trying gmin =   7.7513E-10 Note: One successful gmin step
Trying gmin =   9.7355E-11 Note: One successful gmin step
Trying gmin =   9.7355E-12 Note: One successful gmin step
Trying gmin =   1.0000E-12 Note: One successful gmin step
Note: True gmin stepping completed
 Reference value :  1.00000e+00Note: No ".plot", ".print", or ".fourier" lines; no simulations run
pm                  =  6.197620e+01
Doing analysis at TEMP = 0.000000 and TNOM = 27.000000


No. of Data Rows : 91
psrr100             =  -1.310064e+01
psrr100k            =  -4.572833e+00
