 Reference value :  8.50000e+01Note: Starting true gmin stepping
Trying gmin =   1.0000E-03 Note: One successful gmin step
Trying gmin =   1.0000E-04 Note: One successful gmin step
Trying gmin =   1.0000E-05 Note: One successful gmin step
Trying gmin =   1.0000E-06 Note: One successful gmin step
Trying gmin =   1.0000E-07 Warning: Further gmin increment
Trying gmin =   5.6234E-07 Note: One successful gmin step
Trying gmin =   2.3714E-07 Note: One successful gmin step
Trying gmin =   1.0000E-07 Note: One successful gmin step
Trying gmin =   2.7384E-08 Warning: Further gmin increment
Trying gmin =   7.2339E-08 Warning: Further gmin increment
Trying gmin =   9.2224E-08 Note: One successful gmin step
Trying gmin =   8.1679E-08 Note: One successful gmin step
Trying gmin =   6.8078E-08 Warning: Further gmin increment
Trying gmin =   7.8043E-08 Note: One successful gmin step
Trying gmin =   7.2890E-08 Warning: Further gmin increment
Trying gmin =   7.6722E-08 Note: One successful gmin step
Trying gmin =   7.4782E-08 Note: One successful gmin step
Trying gmin =   7.2890E-08 Note: One successful gmin step
Trying gmin =   7.0143E-08 Note: One successful gmin step
Trying gmin =   6.6215E-08 Note: One successful gmin step
Trying gmin =   6.0732E-08 Note: One successful gmin step
Trying gmin =   5.3346E-08 Note: One successful gmin step
Trying gmin =   4.3917E-08 Note: One successful gmin step
Trying gmin =   3.2804E-08 Note: One successful gmin step
Trying gmin =   2.1177E-08 Note: One successful gmin step
Trying gmin =   1.0985E-08 Note: One successful gmin step
Trying gmin =   4.1035E-09 Note: One successful gmin step
Trying gmin =   9.3692E-10 Note: One successful gmin step
Trying gmin =   1.0222E-10 Note: One successful gmin step
Trying gmin =   1.0222E-11 Note: One successful gmin step
Trying gmin =   1.0222E-12 Note: One successful gmin step
Trying gmin =   1.0000E-12 Note: One successful gmin step
Note: True gmin stepping completed
 Reference value :  2.80000e+00Note: Starting true gmin stepping
Trying gmin =   1.0000E-03 Note: One successful gmin step
Trying gmin =   1.0000E-04 Note: One successful gmin step
Trying gmin =   1.0000E-05 Note: One successful gmin step
Trying gmin =   1.0000E-06 Note: One successful gmin step
Trying gmin =   1.0000E-07 Note: One successful gmin step
Trying gmin =   1.0000E-08 Warning: Further gmin increment
Trying gmin =   5.6234E-08 Note: One successful gmin step
Trying gmin =   2.3714E-08 Note: One successful gmin step
Trying gmin =   6.4938E-09 Note: One successful gmin step
Trying gmin =   9.3057E-10 Warning: Further gmin increment
Trying gmin =   3.9954E-09 Note: One successful gmin step
Trying gmin =   1.9282E-09 Note: One successful gmin step
Trying gmin =   6.4647E-10 Note: One successful gmin step
Trying gmin =   1.2550E-10 Warning: Further gmin increment
Trying gmin =   4.2911E-10 Note: One successful gmin step
Trying gmin =   2.3206E-10 Warning: Further gmin increment
Trying gmin =   3.6798E-10 Note: One successful gmin step
Trying gmin =   2.9222E-10 Note: One successful gmin step
Trying gmin =   2.0680E-10 Warning: Further gmin increment
Trying gmin =   2.6802E-10 Note: One successful gmin step
Trying gmin =   2.3543E-10 Note: One successful gmin step
Trying gmin =   1.9381E-10 Warning: Further gmin increment
Trying gmin =   2.2425E-10 Warning: Further gmin increment
Trying gmin =   2.3258E-10 Warning: Further gmin increment
Trying gmin =   2.3471E-10 Note: One successful gmin step
Trying gmin =   2.3365E-10 Warning: Further gmin increment
Trying gmin =   2.3445E-10 Note: One successful gmin step
Trying gmin =   2.3405E-10 Warning: Further gmin increment
Trying gmin =   2.3435E-10 Warning: Further gmin increment
Trying gmin =   2.3442E-10 Note: One successful gmin step
Trying gmin =   2.3438E-10 Note: One successful gmin step
Trying gmin =   2.3433E-10 Warning: Further gmin increment
Trying gmin =   2.3437E-10 Note: One successful gmin step
Trying gmin =   2.3435E-10 Warning: Further gmin increment
Trying gmin =   2.3436E-10 Note: One successful gmin step
Trying gmin =   2.3435E-10 Note: One successful gmin step
Trying gmin =   2.3433E-10 Note: One successful gmin step
Trying gmin =   2.3431E-10 Note: One successful gmin step
Trying gmin =   2.3427E-10 Note: One successful gmin step
Trying gmin =   2.3421E-10 Note: One successful gmin step
Trying gmin =   2.3412E-10 Note: One successful gmin step
Trying gmin =   2.3399E-10 Note: One successful gmin step
Trying gmin =   2.3379E-10 Note: One successful gmin step
Trying gmin =   2.3349E-10 Note: One successful gmin step
Trying gmin =   2.3304E-10 Note: One successful gmin step
Trying gmin =   2.3237E-10 Note: One successful gmin step
Trying gmin =   2.3137E-10 Note: One successful gmin step
Trying gmin =   2.2987E-10 Note: One successful gmin step
Trying gmin =   2.2764E-10 Note: One successful gmin step
Trying gmin =   2.2435E-10 Note: One successful gmin step
Trying gmin =   2.1949E-10 Note: One successful gmin step
Trying gmin =   2.1240E-10 Note: One successful gmin step
Trying gmin =   2.0219E-10 Note: One successful gmin step
Trying gmin =   1.8778E-10 Note: One successful gmin step
Trying gmin =   1.6808E-10 Note: One successful gmin step
Trying gmin =   1.4234E-10 Note: One successful gmin step
Trying gmin =   1.1092E-10 Note: One successful gmin step
Trying gmin =   7.6304E-11 Note: One successful gmin step
Trying gmin =   4.3537E-11 Note: One successful gmin step
Trying gmin =   1.8764E-11 Note: One successful gmin step
Trying gmin =   5.3090E-12 Note: One successful gmin step
Trying gmin =   1.0000E-12 Note: One successful gmin step
Note: True gmin stepping completed
 Reference value :  1.44000e+00Note: Starting true gmin stepping
Trying gmin =   1.0000E-03 Note: One successful gmin step
Trying gmin =   1.0000E-04 Note: One successful gmin step
Trying gmin =   1.0000E-05 Note: One successful gmin step
Trying gmin =   1.0000E-06 Note: One successful gmin step
Trying gmin =   1.0000E-07 Note: One successful gmin step
Trying gmin =   1.0000E-08 Warning: Further gmin increment
Trying gmin =   5.6234E-08 Note: One successful gmin step
Trying gmin =   2.3714E-08 Note: One successful gmin step
Trying gmin =   6.4938E-09 Note: One successful gmin step
Trying gmin =   9.3057E-10 Note: One successful gmin step
Trying gmin =   9.3057E-11 Warning: Further gmin increment
Trying gmin =   5.2330E-10 Note: One successful gmin step
Trying gmin =   2.2067E-10 Note: One successful gmin step
Trying gmin =   6.0430E-11 Warning: Further gmin increment
Trying gmin =   1.5963E-10 Warning: Further gmin increment
Trying gmin =   2.0351E-10 Note: One successful gmin step
Trying gmin =   1.8024E-10 Note: One successful gmin step
Trying gmin =   1.5023E-10 Warning: Further gmin increment
Trying gmin =   1.7222E-10 Note: One successful gmin step
Trying gmin =   1.6085E-10 Warning: Further gmin increment
Trying gmin =   1.6930E-10 Warning: Further gmin increment
Trying gmin =   1.7149E-10 Note: One successful gmin step
Trying gmin =   1.7039E-10 Warning: Further gmin increment
Trying gmin =   1.7121E-10 Note: One successful gmin step
Trying gmin =   1.7080E-10 Warning: Further gmin increment
Trying gmin =   1.7111E-10 Warning: Further gmin increment
Trying gmin =   1.7119E-10 Note: One successful gmin step
Trying gmin =   1.7116E-10 Note: One successful gmin step
Trying gmin =   1.7112E-10 Note: One successful gmin step
Trying gmin =   1.7106E-10 Note: One successful gmin step
Trying gmin =   1.7098E-10 Note: One successful gmin step
Trying gmin =   1.7085E-10 Note: One successful gmin step
Trying gmin =   1.7065E-10 Note: One successful gmin step
Trying gmin =   1.7036E-10 Note: One successful gmin step
Trying gmin =   1.6993E-10 Note: One successful gmin step
Trying gmin =   1.6927E-10 Note: One successful gmin step
Trying gmin =   1.6830E-10 Note: One successful gmin step
Trying gmin =   1.6685E-10 Note: One successful gmin step
Trying gmin =   1.6470E-10 Note: One successful gmin step
Trying gmin =   1.6152E-10 Note: One successful gmin step
Trying gmin =   1.5687E-10 Note: One successful gmin step
Trying gmin =   1.5015E-10 Note: One successful gmin step
Trying gmin =   1.4060E-10 Note: One successful gmin step
Trying gmin =   1.2740E-10 Note: One successful gmin step
Trying gmin =   1.0989E-10 Note: One successful gmin step
Trying gmin =   8.8029E-11 Note: One successful gmin step
Trying gmin =   6.3115E-11 Note: One successful gmin step
Trying gmin =   3.8318E-11 Note: One successful gmin step
Trying gmin =   1.8126E-11 Note: One successful gmin step
Trying gmin =   5.8973E-12 Note: One successful gmin step
Trying gmin =   1.0944E-12 Note: One successful gmin step
Trying gmin =   1.0000E-12 Note: One successful gmin step
Note: True gmin stepping completed
 Reference value :  1.42000e+00
No compatibility mode selected!


Circuit: * ldo netlist 

Doing analysis at TEMP = 0.000000 and TNOM = 27.000000


No. of Data Rows : 86
temp_coeff = 6.103188e+01
Doing analysis at TEMP = 0.000000 and TNOM = 27.000000


No. of Data Rows : 141
vldo_sup_2          =  1.811804e+00
vldo_sup_2_8        =  1.810963e+00
line_reg = 1.051250e-03
Note: Starting true gmin stepping
Trying gmin =   1.0000E-03 Note: One successful gmin step
Trying gmin =   1.0000E-04 Note: One successful gmin step
Trying gmin =   1.0000E-05 Note: One successful gmin step
Trying gmin =   1.0000E-06 Note: One successful gmin step
Trying gmin =   1.0000E-07 Note: One successful gmin step
Trying gmin =   3.1623E-08 Warning: Further gmin increment
Trying gmin =   7.4989E-08 Note: One successful gmin step
Trying gmin =   4.8697E-08 Warning: Further gmin increment
Trying gmin =   6.7317E-08 Note: One successful gmin step
Trying gmin =   6.0430E-08 Note: One successful gmin step
Trying gmin =   5.1397E-08 Note: One successful gmin step
Trying gmin =   4.0315E-08 Note: One successful gmin step
Trying gmin =   2.8007E-08 Note: One successful gmin step
Trying gmin =   1.6217E-08 Warning: Further gmin increment
Trying gmin =   2.4431E-08 Note: One successful gmin step
Trying gmin =   1.9904E-08 Warning: Further gmin increment
Trying gmin =   2.3211E-08 Note: One successful gmin step
Trying gmin =   2.1494E-08 Note: One successful gmin step
Trying gmin =   1.9154E-08 Warning: Further gmin increment
Trying gmin =   2.0884E-08 Note: One successful gmin step
Trying gmin =   2.0000E-08 Note: One successful gmin step
Trying gmin =   1.8745E-08 Warning: Further gmin increment
Trying gmin =   1.9679E-08 Warning: Further gmin increment
Trying gmin =   1.9919E-08 Warning: Further gmin increment
Trying gmin =   1.9980E-08 Note: One successful gmin step
Trying gmin =   1.9950E-08 Note: One successful gmin step
Trying gmin =   1.9904E-08 Warning: Further gmin increment
Trying gmin =   1.9938E-08 Warning: Further gmin increment
Trying gmin =   1.9947E-08 Note: One successful gmin step
Trying gmin =   1.9943E-08 Note: One successful gmin step
Trying gmin =   1.9936E-08 Warning: Further gmin increment
Trying gmin =   1.9941E-08 Note: One successful gmin step
Trying gmin =   1.9939E-08 Warning: Further gmin increment
Trying gmin =   1.9940E-08 Note: One successful gmin step
Trying gmin =   1.9939E-08 Note: One successful gmin step
Trying gmin =   1.9938E-08 Warning: Further gmin increment
Trying gmin =   1.9939E-08 Warning: Last gmin step failed
Warning: True gmin stepping failed
Note: Starting dynamic gmin stepping
Trying gmin =   1.0000E-03 Note: One successful gmin step
Trying gmin =   1.0000E-04 Note: One successful gmin step
Trying gmin =   1.0000E-05 Note: One successful gmin step
Trying gmin =   1.0000E-06 Note: One successful gmin step
Trying gmin =   1.0000E-07 Warning: Further gmin increment
Trying gmin =   5.6234E-07 Note: One successful gmin step
Trying gmin =   2.3714E-07 Note: One successful gmin step
Trying gmin =   6.4938E-08 Warning: Further gmin increment
Trying gmin =   1.7154E-07 Note: One successful gmin step
Trying gmin =   1.0554E-07 Warning: Further gmin increment
Trying gmin =   1.5193E-07 Note: One successful gmin step
Trying gmin =   1.2663E-07 Warning: Further gmin increment
Trying gmin =   1.4517E-07 Warning: Further gmin increment
Trying gmin =   1.5021E-07 Note: One successful gmin step
Trying gmin =   1.4767E-07 Note: One successful gmin step
Trying gmin =   1.4393E-07 Warning: Further gmin increment
Trying gmin =   1.4672E-07 Note: One successful gmin step
Trying gmin =   1.4532E-07 Warning: Further gmin increment
Trying gmin =   1.4637E-07 Note: One successful gmin step
Trying gmin =   1.4585E-07 Warning: Further gmin increment
Trying gmin =   1.4624E-07 Note: One successful gmin step
Trying gmin =   1.4604E-07 Note: One successful gmin step
Trying gmin =   1.4575E-07 Warning: Further gmin increment
Trying gmin =   1.4597E-07 Warning: Further gmin increment
Trying gmin =   1.4602E-07 Warning: Further gmin increment
Trying gmin =   1.4604E-07 Warning: Last gmin step failed
Warning: Dynamic gmin stepping failed
Note: Starting source stepping
Supplies reduced to   0.0000% Note: One successful source step
Supplies reduced to   0.1000% Note: One successful source step
Supplies reduced to   0.2000% Note: One successful source step
Supplies reduced to   0.3500% Note: One successful source step
Supplies reduced to   0.5750% Note: One successful source step
Supplies reduced to   0.9125% Note: One successful source step
Supplies reduced to   1.4188% Note: One successful source step
Supplies reduced to   2.1781% Note: One successful source step
Supplies reduced to   3.3172% Supplies reduced to   2.1781% Note: One successful source step
Supplies reduced to   2.3490% Note: One successful source step
Supplies reduced to   2.6053% Note: One successful source step
Supplies reduced to   2.9897% Note: One successful source step
Supplies reduced to   3.5664% Note: One successful source step
Supplies reduced to   4.4313% Note: One successful source step
Supplies reduced to   5.7288% Note: One successful source step
Supplies reduced to   7.6750% Note: One successful source step
Supplies reduced to  10.5943% Note: One successful source step
Supplies reduced to  14.9732% Note: One successful source step
Supplies reduced to  21.5416% Note: One successful source step
Supplies reduced to  31.3942% Note: One successful source step
Supplies reduced to  46.1732% Supplies reduced to  31.3942% Note: One successful source step
Supplies reduced to  32.3942% Note: One successful source step
Supplies reduced to  33.8942% Note: One successful source step
Supplies reduced to  36.1442% Note: One successful source step
Supplies reduced to  39.5192% Note: One successful source step
Supplies reduced to  44.5817% Note: One successful source step
Supplies reduced to  49.6442% Note: One successful source step
Supplies reduced to  54.7067% Note: One successful source step
Supplies reduced to  62.3005% Note: One successful source step
Supplies reduced to  73.6911% Note: One successful source step
Supplies reduced to  85.0817% Note: One successful source step
Supplies reduced to 100.0000% Supplies reduced to  85.0817% Note: One successful source step
Supplies reduced to  86.0817% Note: One successful source step
Supplies reduced to  87.5817% Note: One successful source step
Supplies reduced to  89.8317% Note: One successful source step
Supplies reduced to  93.2067% Supplies reduced to  89.8317% Note: One successful source step
Supplies reduced to  90.3380% Supplies reduced to  89.8317% Note: One successful source step
Supplies reduced to  89.9077% Note: One successful source step
Supplies reduced to  90.0216% Supplies reduced to  89.9077% Note: One successful source step
Supplies reduced to  89.9248% Note: One successful source step
Supplies reduced to  89.9504% Note: One successful source step
Supplies reduced to  89.9888% Supplies reduced to  89.9504% Note: One successful source step
Supplies reduced to  89.9562% Note: One successful source step
Supplies reduced to  89.9648% Note: One successful source step
Supplies reduced to  89.9778% Supplies reduced to  89.9648% Note: One successful source step
Supplies reduced to  89.9668% Note: One successful source step
Supplies reduced to  89.9697% Note: One successful source step
Supplies reduced to  89.9741% Note: One successful source step
Supplies reduced to  89.9806% Supplies reduced to  89.9741% Note: One successful source step
Supplies reduced to  89.9750% Note: One successful source step
Supplies reduced to  89.9765% Supplies reduced to  89.9750% Note: One successful source step
Supplies reduced to  89.9753% Note: One successful source step
Supplies reduced to  89.9756% Note: One successful source step
Supplies reduced to  89.9761% Supplies reduced to  89.9756% Warning: source stepping failed
doAnalyses: Too many iterations without convergence

ac simulation(s) aborted
Segmentation fault
