Note: Starting true gmin stepping
Trying gmin =   1.0000E-03 Note: One successful gmin step
Trying gmin =   1.0000E-04 Note: One successful gmin step
Trying gmin =   1.0000E-05 Note: One successful gmin step
Trying gmin =   1.0000E-06 Note: One successful gmin step
Trying gmin =   1.0000E-07 Warning: Further gmin increment
Trying gmin =   5.6234E-07 Warning: Further gmin increment
Trying gmin =   8.6596E-07 Note: One successful gmin step
Trying gmin =   6.9783E-07 Note: One successful gmin step
Trying gmin =   5.0481E-07 Warning: Further gmin increment
Trying gmin =   6.4357E-07 Note: One successful gmin step
Trying gmin =   5.6998E-07 Warning: Further gmin increment
Trying gmin =   6.2432E-07 Note: One successful gmin step
Trying gmin =   5.9653E-07 Warning: Further gmin increment
Trying gmin =   6.1726E-07 Note: One successful gmin step
Trying gmin =   6.0681E-07 Note: One successful gmin step
Trying gmin =   5.9146E-07 Warning: Further gmin increment
Trying gmin =   6.0293E-07 Note: One successful gmin step
Trying gmin =   5.9717E-07 Warning: Further gmin increment
Trying gmin =   6.0149E-07 Note: One successful gmin step
Trying gmin =   5.9933E-07 Note: One successful gmin step
Trying gmin =   5.9610E-07 Warning: Further gmin increment
Trying gmin =   5.9852E-07 Warning: Further gmin increment
Trying gmin =   5.9912E-07 Note: One successful gmin step
Trying gmin =   5.9882E-07 Note: One successful gmin step
Trying gmin =   5.9836E-07 Warning: Further gmin increment
Trying gmin =   5.9871E-07 Note: One successful gmin step
Trying gmin =   5.9854E-07 Warning: Further gmin increment
Trying gmin =   5.9866E-07 Note: One successful gmin step
Trying gmin =   5.9860E-07 Warning: Further gmin increment
Trying gmin =   5.9865E-07 Warning: Last gmin step failed
Warning: True gmin stepping failed
Note: Starting dynamic gmin stepping
Trying gmin =   1.0000E-03 Note: One successful gmin step
Trying gmin =   1.0000E-04 Note: One successful gmin step
Trying gmin =   1.0000E-05 Note: One successful gmin step
Trying gmin =   1.0000E-06 Note: One successful gmin step
Trying gmin =   1.0000E-07 Warning: Further gmin increment
Trying gmin =   5.6234E-07 Warning: Further gmin increment
Trying gmin =   8.6596E-07 Note: One successful gmin step
Trying gmin =   6.9783E-07 Note: One successful gmin step
Trying gmin =   5.0481E-07 Note: One successful gmin step
Trying gmin =   3.1059E-07 Note: One successful gmin step
Trying gmin =   1.4989E-07 Note: One successful gmin step
Trying gmin =   5.0254E-08 Note: One successful gmin step
Trying gmin =   9.7557E-09 Note: One successful gmin step
Trying gmin =   9.7557E-10 Note: One successful gmin step
Trying gmin =   9.7557E-11 Note: One successful gmin step
Trying gmin =   9.7557E-12 Note: One successful gmin step
Trying gmin =   1.0000E-12 Note: One successful gmin step
Note: Dynamic gmin stepping completed
 Reference value :  8.50000e+01Note: Starting true gmin stepping
Trying gmin =   1.0000E-03 Note: One successful gmin step
Trying gmin =   1.0000E-04 Note: One successful gmin step
Trying gmin =   1.0000E-05 Note: One successful gmin step
Trying gmin =   1.0000E-06 Warning: Further gmin increment
Trying gmin =   5.6234E-06 Note: One successful gmin step
Trying gmin =   2.3714E-06 Warning: Further gmin increment
Trying gmin =   4.5316E-06 Note: One successful gmin step
Trying gmin =   3.2781E-06 Note: One successful gmin step
Trying gmin =   2.0169E-06 Warning: Further gmin increment
Trying gmin =   2.9033E-06 Note: One successful gmin step
Trying gmin =   2.4199E-06 Warning: Further gmin increment
Trying gmin =   2.7741E-06 Note: One successful gmin step
Trying gmin =   2.5909E-06 Note: One successful gmin step
Trying gmin =   2.3386E-06 Warning: Further gmin increment
Trying gmin =   2.5254E-06 Note: One successful gmin step
Trying gmin =   2.4302E-06 Note: One successful gmin step
Trying gmin =   2.2941E-06 Note: One successful gmin step
Trying gmin =   2.1041E-06 Note: One successful gmin step
Trying gmin =   1.8482E-06 Note: One successful gmin step
Trying gmin =   1.5216E-06 Note: One successful gmin step
Trying gmin =   1.1365E-06 Note: One successful gmin step
Trying gmin =   7.3371E-07 Note: One successful gmin step
Trying gmin =   3.8057E-07 Note: One successful gmin step
Trying gmin =   1.4217E-07 Note: One successful gmin step
Trying gmin =   3.2461E-08 Note: One successful gmin step
Trying gmin =   3.5415E-09 Note: One successful gmin step
Trying gmin =   3.5415E-10 Note: One successful gmin step
Trying gmin =   3.5415E-11 Note: One successful gmin step
Trying gmin =   3.5415E-12 Note: One successful gmin step
Trying gmin =   1.0000E-12 Note: One successful gmin step
Note: True gmin stepping completed
 Reference value :  2.80000e+00Note: Starting true gmin stepping
Trying gmin =   1.0000E-03 Note: One successful gmin step
Trying gmin =   1.0000E-04 Note: One successful gmin step
Trying gmin =   1.0000E-05 Note: One successful gmin step
Trying gmin =   1.0000E-06 Note: One successful gmin step
Trying gmin =   1.0000E-07 Note: One successful gmin step
Trying gmin =   1.0000E-08 Note: One successful gmin step
Trying gmin =   1.0000E-09 Note: One successful gmin step
Trying gmin =   1.0000E-10 Warning: Further gmin increment
Trying gmin =   5.6234E-10 Note: One successful gmin step
Trying gmin =   2.3714E-10 Note: One successful gmin step
Trying gmin =   6.4938E-11 Warning: Further gmin increment
Trying gmin =   1.7154E-10 Note: One successful gmin step
Trying gmin =   1.0554E-10 Note: One successful gmin step
Trying gmin =   5.0937E-11 Note: One successful gmin step
Trying gmin =   1.7077E-11 Note: One successful gmin step
Trying gmin =   3.3152E-12 Note: One successful gmin step
Trying gmin =   1.0000E-12 Note: One successful gmin step
Note: True gmin stepping completed
 Reference value :  1.04000e+00Note: Starting true gmin stepping
Trying gmin =   1.0000E-03 Note: One successful gmin step
Trying gmin =   1.0000E-04 Note: One successful gmin step
Trying gmin =   1.0000E-05 Note: One successful gmin step
Trying gmin =   1.0000E-06 Note: One successful gmin step
Trying gmin =   1.0000E-07 Note: One successful gmin step
Trying gmin =   1.0000E-08 Note: One successful gmin step
Trying gmin =   1.0000E-09 Note: One successful gmin step
Trying gmin =   3.1623E-10 Note: One successful gmin step
Trying gmin =   5.6234E-11 Warning: Further gmin increment
Trying gmin =   2.0535E-10 Note: One successful gmin step
Trying gmin =   1.0746E-10 Note: One successful gmin step
Trying gmin =   4.0679E-11 Note: One successful gmin step
Trying gmin =   9.4746E-12 Note: One successful gmin step
Trying gmin =   1.0650E-12 Note: One successful gmin step
Trying gmin =   1.0000E-12 Note: One successful gmin step
Note: True gmin stepping completed

No compatibility mode selected!


Circuit: * ldo netlist 

Doing analysis at TEMP = 85.000000 and TNOM = 27.000000


No. of Data Rows : 86
temp_coeff = 4.248308e+01
Doing analysis at TEMP = 85.000000 and TNOM = 27.000000


No. of Data Rows : 141
vldo_sup_2          =  1.800364e+00
vldo_sup_2_8        =  1.802316e+00
line_reg = 2.440000e-03
Note: Starting true gmin stepping
Trying gmin =   1.0000E-03 Note: One successful gmin step
Trying gmin =   1.0000E-04 Note: One successful gmin step
Trying gmin =   1.0000E-05 Note: One successful gmin step
Trying gmin =   1.0000E-06 Note: One successful gmin step
Trying gmin =   1.0000E-07 Warning: Further gmin increment
Trying gmin =   5.6234E-07 Warning: Further gmin increment
Trying gmin =   8.6596E-07 Note: One successful gmin step
Trying gmin =   6.9783E-07 Note: One successful gmin step
Trying gmin =   5.0481E-07 Warning: Further gmin increment
Trying gmin =   6.4357E-07 Note: One successful gmin step
Trying gmin =   5.6998E-07 Warning: Further gmin increment
Trying gmin =   6.2432E-07 Note: One successful gmin step
Trying gmin =   5.9653E-07 Warning: Further gmin increment
Trying gmin =   6.1726E-07 Note: One successful gmin step
Trying gmin =   6.0681E-07 Note: One successful gmin step
Trying gmin =   5.9146E-07 Warning: Further gmin increment
Trying gmin =   6.0293E-07 Note: One successful gmin step
Trying gmin =   5.9717E-07 Warning: Further gmin increment
Trying gmin =   6.0149E-07 Note: One successful gmin step
Trying gmin =   5.9933E-07 Note: One successful gmin step
Trying gmin =   5.9610E-07 Warning: Further gmin increment
Trying gmin =   5.9852E-07 Warning: Further gmin increment
Trying gmin =   5.9912E-07 Note: One successful gmin step
Trying gmin =   5.9882E-07 Note: One successful gmin step
Trying gmin =   5.9836E-07 Warning: Further gmin increment
Trying gmin =   5.9871E-07 Note: One successful gmin step
Trying gmin =   5.9854E-07 Warning: Further gmin increment
Trying gmin =   5.9866E-07 Note: One successful gmin step
Trying gmin =   5.9860E-07 Warning: Further gmin increment
Trying gmin =   5.9865E-07 Warning: Last gmin step failed
Warning: True gmin stepping failed
Note: Starting dynamic gmin stepping
Trying gmin =   1.0000E-03 Note: One successful gmin step
Trying gmin =   1.0000E-04 Note: One successful gmin step
Trying gmin =   1.0000E-05 Note: One successful gmin step
Trying gmin =   1.0000E-06 Note: One successful gmin step
Trying gmin =   1.0000E-07 Warning: Further gmin increment
Trying gmin =   5.6234E-07 Warning: Further gmin increment
Trying gmin =   8.6596E-07 Note: One successful gmin step
Trying gmin =   6.9783E-07 Note: One successful gmin step
Trying gmin =   5.0481E-07 Note: One successful gmin step
Trying gmin =   3.1059E-07 Note: One successful gmin step
Trying gmin =   1.4989E-07 Note: One successful gmin step
Trying gmin =   5.0254E-08 Note: One successful gmin step
Trying gmin =   9.7557E-09 Note: One successful gmin step
Trying gmin =   9.7557E-10 Note: One successful gmin step
Trying gmin =   9.7557E-11 Note: One successful gmin step
Trying gmin =   9.7557E-12 Note: One successful gmin step
Trying gmin =   1.0000E-12 Note: One successful gmin step
Note: Dynamic gmin stepping completed
 Reference value :  1.00000e+00vin                 =  1.779507e+00
dropout = 1.550700e-02
Doing analysis at TEMP = 85.000000 and TNOM = 27.000000


No. of Data Rows : 91
Error: no such vector PM
Note: Starting true gmin stepping
Trying gmin =   1.0000E-03 Note: One successful gmin step
Trying gmin =   1.0000E-04 Note: One successful gmin step
Trying gmin =   1.0000E-05 Note: One successful gmin step
Trying gmin =   1.0000E-06 Note: One successful gmin step
Trying gmin =   1.0000E-07 Warning: Further gmin increment
Trying gmin =   5.6234E-07 Warning: Further gmin increment
Trying gmin =   8.6596E-07 Note: One successful gmin step
Trying gmin =   6.9783E-07 Note: One successful gmin step
Trying gmin =   5.0481E-07 Warning: Further gmin increment
Trying gmin =   6.4357E-07 Note: One successful gmin step
Trying gmin =   5.6998E-07 Warning: Further gmin increment
Trying gmin =   6.2432E-07 Note: One successful gmin step
Trying gmin =   5.9653E-07 Warning: Further gmin increment
Trying gmin =   6.1726E-07 Note: One successful gmin step
Trying gmin =   6.0681E-07 Note: One successful gmin step
Trying gmin =   5.9146E-07 Warning: Further gmin increment
Trying gmin =   6.0293E-07 Note: One successful gmin step
Trying gmin =   5.9717E-07 Warning: Further gmin increment
Trying gmin =   6.0149E-07 Note: One successful gmin step
Trying gmin =   5.9933E-07 Note: One successful gmin step
Trying gmin =   5.9610E-07 Warning: Further gmin increment
Trying gmin =   5.9852E-07 Warning: Further gmin increment
Trying gmin =   5.9912E-07 Note: One successful gmin step
Trying gmin =   5.9882E-07 Note: One successful gmin step
Trying gmin =   5.9836E-07 Warning: Further gmin increment
Trying gmin =   5.9871E-07 Note: One successful gmin step
Trying gmin =   5.9854E-07 Warning: Further gmin increment
Trying gmin =   5.9866E-07 Note: One successful gmin step
Trying gmin =   5.9860E-07 Warning: Further gmin increment
Trying gmin =   5.9865E-07 Warning: Last gmin step failed
Warning: True gmin stepping failed
Note: Starting dynamic gmin stepping
Trying gmin =   1.0000E-03 Note: One successful gmin step
Trying gmin =   1.0000E-04 Note: One successful gmin step
Trying gmin =   1.0000E-05 Note: One successful gmin step
Trying gmin =   1.0000E-06 Note: One successful gmin step
Trying gmin =   1.0000E-07 Warning: Further gmin increment
Trying gmin =   5.6234E-07 Warning: Further gmin increment
Trying gmin =   8.6596E-07 Note: One successful gmin step
Trying gmin =   6.9783E-07 Note: One successful gmin step
Trying gmin =   5.0481E-07 Note: One successful gmin step
Trying gmin =   3.1059E-07 Note: One successful gmin step
Trying gmin =   1.4989E-07 Note: One successful gmin step
Trying gmin =   5.0254E-08 Note: One successful gmin step
Trying gmin =   9.7557E-09 Note: One successful gmin step
Trying gmin =   9.7557E-10 Note: One successful gmin step
Trying gmin =   9.7557E-11 Note: One successful gmin step
Trying gmin =   9.7557E-12 Note: One successful gmin step
Trying gmin =   1.0000E-12 Note: One successful gmin step
Note: Dynamic gmin stepping completed
 Reference value :  1.00000e+00Note: No ".plot", ".print", or ".fourier" lines; no simulations run

Error: measure  pm  (AT) : out of interval
 meas ac pm find p when vdb(ldo_out)=0 failed!

Doing analysis at TEMP = 85.000000 and TNOM = 27.000000


No. of Data Rows : 91
psrr100             =  -4.860663e+01
psrr100k            =  -2.561113e+01
