 Reference value :  8.50000e+01 Reference value :  2.80000e+00Note: Starting true gmin stepping
Trying gmin =   1.0000E-03 Note: One successful gmin step
Trying gmin =   1.0000E-04 Note: One successful gmin step
Trying gmin =   1.0000E-05 Note: One successful gmin step
Trying gmin =   1.0000E-06 Note: One successful gmin step
Trying gmin =   1.0000E-07 Note: One successful gmin step
Trying gmin =   1.0000E-08 Warning: Further gmin increment
Trying gmin =   5.6234E-08 Note: One successful gmin step
Trying gmin =   2.3714E-08 Warning: Further gmin increment
Trying gmin =   4.5316E-08 Note: One successful gmin step
Trying gmin =   3.2781E-08 Note: One successful gmin step
Trying gmin =   2.0169E-08 Note: One successful gmin step
Trying gmin =   9.7338E-09 Note: One successful gmin step
Trying gmin =   3.2634E-09 Note: One successful gmin step
Trying gmin =   6.3352E-10 Note: One successful gmin step
Trying gmin =   6.3352E-11 Note: One successful gmin step
Trying gmin =   6.3352E-12 Note: One successful gmin step
Trying gmin =   1.0000E-12 Note: One successful gmin step
Note: True gmin stepping completed
 Reference value :  1.46000e+00Note: Starting true gmin stepping
Trying gmin =   1.0000E-03 Note: One successful gmin step
Trying gmin =   1.0000E-04 Note: One successful gmin step
Trying gmin =   1.0000E-05 Note: One successful gmin step
Trying gmin =   1.0000E-06 Note: One successful gmin step
Trying gmin =   1.0000E-07 Note: One successful gmin step
Trying gmin =   1.0000E-08 Warning: Further gmin increment
Trying gmin =   5.6234E-08 Note: One successful gmin step
Trying gmin =   2.3714E-08 Warning: Further gmin increment
Trying gmin =   4.5316E-08 Note: One successful gmin step
Trying gmin =   3.2781E-08 Note: One successful gmin step
Trying gmin =   2.0169E-08 Warning: Further gmin increment
Trying gmin =   2.9033E-08 Note: One successful gmin step
Trying gmin =   2.4199E-08 Note: One successful gmin step
Trying gmin =   1.8414E-08 Note: One successful gmin step
Trying gmin =   1.2222E-08 Note: One successful gmin step
Trying gmin =   6.6098E-09 Note: One successful gmin step
Trying gmin =   2.6287E-09 Note: One successful gmin step
Trying gmin =   6.5927E-10 Note: One successful gmin step
Trying gmin =   8.2803E-11 Note: One successful gmin step
Trying gmin =   8.2803E-12 Note: One successful gmin step
Trying gmin =   1.0000E-12 Note: One successful gmin step
Note: True gmin stepping completed
 Reference value :  7.00000e-01
No compatibility mode selected!


Circuit: * ldo netlist 

Doing analysis at TEMP = 27.000000 and TNOM = 27.000000


No. of Data Rows : 86
temp_coeff = 3.315536e+01
Doing analysis at TEMP = 27.000000 and TNOM = 27.000000


No. of Data Rows : 141
vldo_sup_2          =  1.800826e+00
vldo_sup_2_8        =  1.800835e+00
line_reg = 1.125000e-05
vin                 =  1.786367e+00
dropout = 2.236700e-02
Doing analysis at TEMP = 27.000000 and TNOM = 27.000000


No. of Data Rows : 91
Error: no such vector PM
Note: No ".plot", ".print", or ".fourier" lines; no simulations run

Error: measure  pm  (AT) : out of interval
 meas ac pm find p when vdb(ldo_out)=0 failed!

Doing analysis at TEMP = 27.000000 and TNOM = 27.000000


No. of Data Rows : 91
psrr100             =  -7.034400e+01
psrr100k            =  -2.543438e+01
