 Reference value :  8.50000e+01Note: Starting true gmin stepping
Trying gmin =   1.0000E-03 Note: One successful gmin step
Trying gmin =   1.0000E-04 Note: One successful gmin step
Trying gmin =   1.0000E-05 Note: One successful gmin step
Trying gmin =   1.0000E-06 Warning: Further gmin increment
Trying gmin =   5.6234E-06 Note: One successful gmin step
Trying gmin =   2.3714E-06 Warning: Further gmin increment
Trying gmin =   4.5316E-06 Note: One successful gmin step
Trying gmin =   3.2781E-06 Note: One successful gmin step
Trying gmin =   2.0169E-06 Warning: Further gmin increment
Trying gmin =   2.9033E-06 Note: One successful gmin step
Trying gmin =   2.4199E-06 Warning: Further gmin increment
Trying gmin =   2.7741E-06 Note: One successful gmin step
Trying gmin =   2.5909E-06 Note: One successful gmin step
Trying gmin =   2.3386E-06 Warning: Further gmin increment
Trying gmin =   2.5254E-06 Note: One successful gmin step
Trying gmin =   2.4302E-06 Note: One successful gmin step
Trying gmin =   2.2941E-06 Note: One successful gmin step
Trying gmin =   2.1041E-06 Note: One successful gmin step
Trying gmin =   1.8482E-06 Note: One successful gmin step
Trying gmin =   1.5216E-06 Note: One successful gmin step
Trying gmin =   1.1365E-06 Note: One successful gmin step
Trying gmin =   7.3371E-07 Note: One successful gmin step
Trying gmin =   3.8057E-07 Note: One successful gmin step
Trying gmin =   1.4217E-07 Note: One successful gmin step
Trying gmin =   3.2461E-08 Note: One successful gmin step
Trying gmin =   3.5415E-09 Note: One successful gmin step
Trying gmin =   3.5415E-10 Note: One successful gmin step
Trying gmin =   3.5415E-11 Note: One successful gmin step
Trying gmin =   3.5415E-12 Note: One successful gmin step
Trying gmin =   1.0000E-12 Note: One successful gmin step
Note: True gmin stepping completed
 Reference value :  2.80000e+00Note: Starting true gmin stepping
Trying gmin =   1.0000E-03 Note: One successful gmin step
Trying gmin =   1.0000E-04 Note: One successful gmin step
Trying gmin =   1.0000E-05 Note: One successful gmin step
Trying gmin =   1.0000E-06 Note: One successful gmin step
Trying gmin =   1.0000E-07 Note: One successful gmin step
Trying gmin =   1.0000E-08 Note: One successful gmin step
Trying gmin =   1.0000E-09 Note: One successful gmin step
Trying gmin =   1.0000E-10 Warning: Further gmin increment
Trying gmin =   5.6234E-10 Note: One successful gmin step
Trying gmin =   2.3714E-10 Note: One successful gmin step
Trying gmin =   6.4938E-11 Warning: Further gmin increment
Trying gmin =   1.7154E-10 Note: One successful gmin step
Trying gmin =   1.0554E-10 Note: One successful gmin step
Trying gmin =   5.0937E-11 Note: One successful gmin step
Trying gmin =   1.7077E-11 Note: One successful gmin step
Trying gmin =   3.3152E-12 Error: -6.94529e+201, 2 out of range for ^
Warning: Further gmin increment
Trying gmin =   1.1336E-11 Warning: Further gmin increment
Trying gmin =   1.5414E-11 Note: One successful gmin step
Trying gmin =   1.3913E-11 Note: One successful gmin step
Trying gmin =   1.1931E-11 Note: One successful gmin step
Trying gmin =   9.4750E-12 Note: One successful gmin step
Trying gmin =   6.7051E-12 Note: One successful gmin step
Trying gmin =   3.9917E-12 Note: One successful gmin step
Trying gmin =   1.8335E-12 Note: One successful gmin step
Trying gmin =   1.0000E-12 Note: One successful gmin step
Note: True gmin stepping completed
 Reference value :  1.16000e+00Note: Starting true gmin stepping
Trying gmin =   1.0000E-03 Note: One successful gmin step
Trying gmin =   1.0000E-04 Note: One successful gmin step
Trying gmin =   1.0000E-05 Note: One successful gmin step
Trying gmin =   1.0000E-06 Note: One successful gmin step
Trying gmin =   1.0000E-07 Note: One successful gmin step
Trying gmin =   1.0000E-08 Note: One successful gmin step
Trying gmin =   3.1623E-09 Note: One successful gmin step
Trying gmin =   5.6234E-10 Note: One successful gmin step
Trying gmin =   5.6234E-11 Warning: Further gmin increment
Trying gmin =   3.1623E-10 Note: One successful gmin step
Trying gmin =   1.3335E-10 Note: One successful gmin step
Trying gmin =   3.6517E-11 Note: One successful gmin step
Trying gmin =   5.2330E-12 Warning: Further gmin increment
Trying gmin =   2.2468E-11 Note: One successful gmin step
Trying gmin =   1.0843E-11 Note: One successful gmin step
Trying gmin =   3.6354E-12 Note: One successful gmin step
Trying gmin =   1.0000E-12 Note: One successful gmin step
Note: True gmin stepping completed
 Reference value :  6.00000e-01
No compatibility mode selected!


Circuit: * ldo netlist 

Doing analysis at TEMP = 27.000000 and TNOM = 27.000000


No. of Data Rows : 86
temp_coeff = 5.904344e+01
Doing analysis at TEMP = 27.000000 and TNOM = 27.000000


No. of Data Rows : 141
vldo_sup_2          =  1.806770e+00
vldo_sup_2_8        =  1.806705e+00
line_reg = 8.125000e-05
vin                 =  1.778019e+00
dropout = 1.401900e-02
Doing analysis at TEMP = 27.000000 and TNOM = 27.000000


No. of Data Rows : 91
Error: no such vector PM
Note: No ".plot", ".print", or ".fourier" lines; no simulations run

Error: measure  pm  (AT) : out of interval
 meas ac pm find p when vdb(ldo_out)=0 failed!

Doing analysis at TEMP = 27.000000 and TNOM = 27.000000


No. of Data Rows : 91
psrr100             =  -7.799652e+01
psrr100k            =  -2.549352e+01
