 Reference value :  8.50000e+01Note: Starting true gmin stepping
Trying gmin =   1.0000E-03 Note: One successful gmin step
Trying gmin =   1.0000E-04 Note: One successful gmin step
Trying gmin =   1.0000E-05 Note: One successful gmin step
Trying gmin =   1.0000E-06 Note: One successful gmin step
Trying gmin =   1.0000E-07 Note: One successful gmin step
Trying gmin =   1.0000E-08 Warning: Further gmin increment
Trying gmin =   5.6234E-08 Note: One successful gmin step
Trying gmin =   2.3714E-08 Warning: Further gmin increment
Trying gmin =   4.5316E-08 Warning: Further gmin increment
Trying gmin =   5.3280E-08 Note: One successful gmin step
Trying gmin =   4.9137E-08 Note: One successful gmin step
Trying gmin =   4.3518E-08 Warning: Further gmin increment
Trying gmin =   4.7668E-08 Note: One successful gmin step
Trying gmin =   4.5546E-08 Warning: Further gmin increment
Trying gmin =   4.7128E-08 Note: One successful gmin step
Trying gmin =   4.6860E-08 Note: One successful gmin step
Trying gmin =   4.6462E-08 Note: One successful gmin step
Trying gmin =   4.5871E-08 Note: One successful gmin step
Trying gmin =   4.4998E-08 Note: One successful gmin step
Trying gmin =   4.3720E-08 Note: One successful gmin step
Trying gmin =   4.1871E-08 Note: One successful gmin step
Trying gmin =   3.9242E-08 Note: One successful gmin step
Trying gmin =   3.5606E-08 Note: One successful gmin step
Trying gmin =   3.0773E-08 Note: One successful gmin step
Trying gmin =   2.4725E-08 Warning: Further gmin increment
Trying gmin =   2.9134E-08 Note: One successful gmin step
Trying gmin =   2.6839E-08 Warning: Further gmin increment
Trying gmin =   2.8543E-08 Note: One successful gmin step
Trying gmin =   2.7678E-08 Note: One successful gmin step
Trying gmin =   2.6839E-08 Note: One successful gmin step
Trying gmin =   2.5629E-08 Note: One successful gmin step
Trying gmin =   2.3914E-08 Note: One successful gmin step
Trying gmin =   2.1555E-08 Note: One successful gmin step
Trying gmin =   1.8446E-08 Note: One successful gmin step
Trying gmin =   1.4602E-08 Warning: Further gmin increment
Trying gmin =   1.7399E-08 Warning: Further gmin increment
Trying gmin =   1.8179E-08 Note: One successful gmin step
Trying gmin =   1.7785E-08 Note: One successful gmin step
Trying gmin =   1.7210E-08 Warning: Further gmin increment
Trying gmin =   1.7639E-08 Note: One successful gmin step
Trying gmin =   1.7423E-08 Warning: Further gmin increment
Trying gmin =   1.7585E-08 Note: One successful gmin step
Trying gmin =   1.7504E-08 Warning: Further gmin increment
Trying gmin =   1.7565E-08 Note: One successful gmin step
Trying gmin =   1.7534E-08 Warning: Further gmin increment
Trying gmin =   1.7557E-08 Note: One successful gmin step
Trying gmin =   1.7546E-08 Warning: Further gmin increment
Trying gmin =   1.7554E-08 Note: One successful gmin step
Trying gmin =   1.7550E-08 Warning: Further gmin increment
Trying gmin =   1.7553E-08 Note: One successful gmin step
Trying gmin =   1.7552E-08 Warning: Further gmin increment
Trying gmin =   1.7553E-08 Warning: Last gmin step failed
Warning: True gmin stepping failed
Note: Starting dynamic gmin stepping
Trying gmin =   1.0000E-03 Note: One successful gmin step
Trying gmin =   1.0000E-04 Note: One successful gmin step
Trying gmin =   1.0000E-05 Note: One successful gmin step
Trying gmin =   1.0000E-06 Warning: Further gmin increment
Trying gmin =   5.6234E-06 Note: One successful gmin step
Trying gmin =   3.1623E-06 Note: One successful gmin step
Trying gmin =   1.3335E-06 Note: One successful gmin step
Trying gmin =   3.6517E-07 Note: One successful gmin step
Trying gmin =   5.2330E-08 Warning: Further gmin increment
Trying gmin =   2.2468E-07 Note: One successful gmin step
Trying gmin =   1.0843E-07 Warning: Further gmin increment
Trying gmin =   1.8727E-07 Warning: Further gmin increment
Trying gmin =   2.1468E-07 Warning: Further gmin increment
Trying gmin =   2.2214E-07 Note: One successful gmin step
Trying gmin =   2.1837E-07 Warning: Further gmin increment
Trying gmin =   2.2119E-07 Note: One successful gmin step
Trying gmin =   2.1978E-07 Warning: Further gmin increment
Trying gmin =   2.2084E-07 Warning: Further gmin increment
Trying gmin =   2.2110E-07 Note: One successful gmin step
Trying gmin =   2.2097E-07 Warning: Further gmin increment
Trying gmin =   2.2107E-07 Note: One successful gmin step
Trying gmin =   2.2102E-07 Note: One successful gmin step
Trying gmin =   2.2094E-07 Warning: Further gmin increment
Trying gmin =   2.2100E-07 Warning: Further gmin increment
Trying gmin =   2.2101E-07 Note: One successful gmin step
Trying gmin =   2.2101E-07 Warning: Last gmin step failed
Warning: Dynamic gmin stepping failed
Note: Starting source stepping
Supplies reduced to   0.0000% Note: One successful source step
Supplies reduced to   0.1000% Note: One successful source step
Supplies reduced to   0.2000% Note: One successful source step
Supplies reduced to   0.3500% Note: One successful source step
Supplies reduced to   0.5750% Note: One successful source step
Supplies reduced to   0.9125% Note: One successful source step
Supplies reduced to   1.4188% Note: One successful source step
Supplies reduced to   2.1781% Note: One successful source step
Supplies reduced to   3.3172% Note: One successful source step
Supplies reduced to   5.0258% Note: One successful source step
Supplies reduced to   7.5887% Note: One successful source step
Supplies reduced to  11.4330% Note: One successful source step
Supplies reduced to  17.1995% Note: One successful source step
Supplies reduced to  25.8493% Note: One successful source step
Supplies reduced to  38.8239% Supplies reduced to  25.8493% Note: One successful source step
Supplies reduced to  26.8493% Note: One successful source step
Supplies reduced to  28.3493% Note: One successful source step
Supplies reduced to  30.5993% Note: One successful source step
Supplies reduced to  33.9743% Note: One successful source step
Supplies reduced to  39.0368% Note: One successful source step
Supplies reduced to  46.6305% Supplies reduced to  39.0368% Note: One successful source step
Supplies reduced to  40.0368% Note: One successful source step
Supplies reduced to  41.5368% Note: One successful source step
Supplies reduced to  43.7868% Note: One successful source step
Supplies reduced to  47.1618% Note: One successful source step
Supplies reduced to  52.2243% Note: One successful source step
Supplies reduced to  57.2868% Note: One successful source step
Supplies reduced to  64.8805% Note: One successful source step
Supplies reduced to  76.2711% Note: One successful source step
Supplies reduced to  93.3571% Note: One successful source step
Supplies reduced to 100.0000% Supplies reduced to  93.3571% Note: One successful source step
Supplies reduced to  94.3571% Supplies reduced to  93.3571% Note: One successful source step
Supplies reduced to  93.5071% Note: One successful source step
Supplies reduced to  93.7321% Note: One successful source step
Supplies reduced to  94.0696% Supplies reduced to  93.7321% Note: One successful source step
Supplies reduced to  93.7827% Note: One successful source step
Supplies reduced to  93.8586% Supplies reduced to  93.7827% Note: One successful source step
Supplies reduced to  93.7941% Note: One successful source step
Supplies reduced to  93.8112% Note: One successful source step
Supplies reduced to  93.8368% Note: One successful source step
Supplies reduced to  93.8753% Supplies reduced to  93.8368% Note: One successful source step
Supplies reduced to  93.8426% Supplies reduced to  93.8368% Note: One successful source step
Supplies reduced to  93.8377% Note: One successful source step
Supplies reduced to  93.8390% Note: One successful source step
Supplies reduced to  93.8409% Supplies reduced to  93.8390% Note: One successful source step
Supplies reduced to  93.8393% Supplies reduced to  93.8390% Note: One successful source step
Supplies reduced to  93.8390% Note: One successful source step
Supplies reduced to  93.8391% Note: One successful source step
Supplies reduced to  93.8392% Warning: source stepping failed
doAnalyses: Too many iterations without convergence

dc simulation(s) aborted
Error(parse.c--checkvalid): vldo_sup_2_8: zero length vector.
Error: RHS "abs((vldo_sup_2_8-vldo_sup_2)/0.8)" invalid
Error(parse.c--checkvalid): line_reg: zero length vector.
Error(parse.c--checkvalid): vin: zero length vector.
Error: RHS "vin-1.764" invalid
Error(parse.c--checkvalid): dropout: zero length vector.
Error: no such vector dropout
Note: Starting true gmin stepping
Trying gmin =   1.0000E-03 Note: One successful gmin step
Trying gmin =   1.0000E-04 Note: One successful gmin step
Trying gmin =   1.0000E-05 Note: One successful gmin step
Trying gmin =   1.0000E-06 Note: One successful gmin step
Trying gmin =   1.0000E-07 Note: One successful gmin step
Trying gmin =   1.0000E-08 Warning: Further gmin increment
Trying gmin =   5.6234E-08 Note: One successful gmin step
Trying gmin =   2.3714E-08 Warning: Further gmin increment
Trying gmin =   4.5316E-08 Warning: Further gmin increment
Trying gmin =   5.3280E-08 Note: One successful gmin step
Trying gmin =   4.9137E-08 Note: One successful gmin step
Trying gmin =   4.3518E-08 Note: One successful gmin step
Trying gmin =   4.0955E-08 Note: One successful gmin step
Trying gmin =   3.7390E-08 Note: One successful gmin step
Trying gmin =   3.2616E-08 Note: One successful gmin step
Trying gmin =   2.6573E-08 Warning: Further gmin increment
Trying gmin =   3.0987E-08 Note: One successful gmin step
Trying gmin =   2.8695E-08 Note: One successful gmin step
Trying gmin =   2.5571E-08 Warning: Further gmin increment
Trying gmin =   2.7880E-08 Note: One successful gmin step
Trying gmin =   2.6701E-08 Note: One successful gmin step
Trying gmin =   2.5571E-08 Note: One successful gmin step
Trying gmin =   2.3966E-08 Note: One successful gmin step
Trying gmin =   2.1745E-08 Note: One successful gmin step
Trying gmin =   1.8794E-08 Note: One successful gmin step
Trying gmin =   1.5100E-08 Warning: Further gmin increment
Trying gmin =   1.7793E-08 Note: One successful gmin step
Trying gmin =   1.6391E-08 Warning: Further gmin increment
Trying gmin =   1.7432E-08 Warning: Further gmin increment
Trying gmin =   1.7702E-08 Note: One successful gmin step
Trying gmin =   1.7566E-08 Warning: Further gmin increment
Trying gmin =   1.7668E-08 Note: One successful gmin step
Trying gmin =   1.7617E-08 Note: One successful gmin step
Trying gmin =   1.7541E-08 Warning: Further gmin increment
Trying gmin =   1.7598E-08 Note: One successful gmin step
Trying gmin =   1.7570E-08 Warning: Further gmin increment
Trying gmin =   1.7591E-08 Note: One successful gmin step
Trying gmin =   1.7580E-08 Note: One successful gmin step
Trying gmin =   1.7564E-08 Warning: Further gmin increment
Trying gmin =   1.7576E-08 Note: One successful gmin step
Trying gmin =   1.7570E-08 Warning: Further gmin increment
Trying gmin =   1.7575E-08 Note: One successful gmin step
Trying gmin =   1.7573E-08 Note: One successful gmin step
Trying gmin =   1.7569E-08 Warning: Further gmin increment
Trying gmin =   1.7572E-08 Warning: Last gmin step failed
Warning: True gmin stepping failed
Note: Starting dynamic gmin stepping
Trying gmin =   1.0000E-03 Note: One successful gmin step
Trying gmin =   1.0000E-04 Note: One successful gmin step
Trying gmin =   1.0000E-05 Note: One successful gmin step
Trying gmin =   1.0000E-06 Warning: Further gmin increment
Trying gmin =   5.6234E-06 Note: One successful gmin step
Trying gmin =   3.1623E-06 Note: One successful gmin step
Trying gmin =   1.3335E-06 Note: One successful gmin step
Trying gmin =   3.6517E-07 Note: One successful gmin step
Trying gmin =   5.2330E-08 Warning: Further gmin increment
Trying gmin =   2.2468E-07 Note: One successful gmin step
Trying gmin =   1.0843E-07 Warning: Further gmin increment
Trying gmin =   1.8727E-07 Warning: Further gmin increment
Trying gmin =   2.1468E-07 Warning: Further gmin increment
Trying gmin =   2.2214E-07 Note: One successful gmin step
Trying gmin =   2.1837E-07 Warning: Further gmin increment
Trying gmin =   2.2119E-07 Note: One successful gmin step
Trying gmin =   2.1978E-07 Warning: Further gmin increment
Trying gmin =   2.2084E-07 Warning: Further gmin increment
Trying gmin =   2.2110E-07 Note: One successful gmin step
Trying gmin =   2.2097E-07 Warning: Further gmin increment
Trying gmin =   2.2107E-07 Note: One successful gmin step
Trying gmin =   2.2102E-07 Note: One successful gmin step
Trying gmin =   2.2094E-07 Warning: Further gmin increment
Trying gmin =   2.2100E-07 Warning: Further gmin increment
Trying gmin =   2.2101E-07 Note: One successful gmin step
Trying gmin =   2.2101E-07 Warning: Last gmin step failed
Warning: Dynamic gmin stepping failed
Note: Starting source stepping
Supplies reduced to   0.0000% Note: One successful source step
Supplies reduced to   0.1000% Note: One successful source step
Supplies reduced to   0.2000% Note: One successful source step
Supplies reduced to   0.3500% Note: One successful source step
Supplies reduced to   0.5750% Note: One successful source step
Supplies reduced to   0.9125% Note: One successful source step
Supplies reduced to   1.4188% Note: One successful source step
Supplies reduced to   2.1781% Note: One successful source step
Supplies reduced to   3.3172% Note: One successful source step
Supplies reduced to   5.0258% Note: One successful source step
Supplies reduced to   7.5887% Note: One successful source step
Supplies reduced to  11.4330% Note: One successful source step
Supplies reduced to  17.1995% Note: One successful source step
Supplies reduced to  25.8493% Note: One successful source step
Supplies reduced to  38.8239% Supplies reduced to  25.8493% Note: One successful source step
Supplies reduced to  26.8493% Note: One successful source step
Supplies reduced to  28.3493% Note: One successful source step
Supplies reduced to  30.5993% Note: One successful source step
Supplies reduced to  33.9743% Note: One successful source step
Supplies reduced to  39.0368% Note: One successful source step
Supplies reduced to  46.6305% Supplies reduced to  39.0368% Note: One successful source step
Supplies reduced to  40.0368% Note: One successful source step
Supplies reduced to  41.5368% Note: One successful source step
Supplies reduced to  43.7868% Note: One successful source step
Supplies reduced to  47.1618% Note: One successful source step
Supplies reduced to  52.2243% Note: One successful source step
Supplies reduced to  57.2868% Note: One successful source step
Supplies reduced to  64.8805% Note: One successful source step
Supplies reduced to  76.2711% Note: One successful source step
Supplies reduced to  93.3571% Note: One successful source step
Supplies reduced to 100.0000% Supplies reduced to  93.3571% Note: One successful source step
Supplies reduced to  94.3571% Supplies reduced to  93.3571% Note: One successful source step
Supplies reduced to  93.5071% Note: One successful source step
Supplies reduced to  93.7321% Note: One successful source step
Supplies reduced to  94.0696% Supplies reduced to  93.7321% Note: One successful source step
Supplies reduced to  93.7827% Note: One successful source step
Supplies reduced to  93.8586% Supplies reduced to  93.7827% Note: One successful source step
Supplies reduced to  93.7941% Note: One successful source step
Supplies reduced to  93.8112% Note: One successful source step
Supplies reduced to  93.8368% Note: One successful source step
Supplies reduced to  93.8753% Supplies reduced to  93.8368% Note: One successful source step
Supplies reduced to  93.8426% Supplies reduced to  93.8368% Note: One successful source step
Supplies reduced to  93.8377% Note: One successful source step
Supplies reduced to  93.8390% Note: One successful source step
Supplies reduced to  93.8409% Supplies reduced to  93.8390% Note: One successful source step
Supplies reduced to  93.8393% Supplies reduced to  93.8390% Note: One successful source step
Supplies reduced to  93.8390% Note: One successful source step
Supplies reduced to  93.8391% Note: One successful source step
Supplies reduced to  93.8392% Warning: source stepping failed
doAnalyses: Too many iterations without convergence

ac simulation(s) aborted
Error(parse.c--checkvalid): ldo_out: zero length vector.
Error: RHS "(180/pi)*vp(ldo_out)" invalid
Error: no such vector PM
Note: Starting true gmin stepping
Trying gmin =   1.0000E-03 Note: One successful gmin step
Trying gmin =   1.0000E-04 Note: One successful gmin step
Trying gmin =   1.0000E-05 Note: One successful gmin step
Trying gmin =   1.0000E-06 Note: One successful gmin step
Trying gmin =   1.0000E-07 Note: One successful gmin step
Trying gmin =   1.0000E-08 Warning: Further gmin increment
Trying gmin =   5.6234E-08 Note: One successful gmin step
Trying gmin =   2.3714E-08 Warning: Further gmin increment
Trying gmin =   4.5316E-08 Warning: Further gmin increment
Trying gmin =   5.3280E-08 Note: One successful gmin step
Trying gmin =   4.9137E-08 Note: One successful gmin step
Trying gmin =   4.3518E-08 Note: One successful gmin step
Trying gmin =   4.0955E-08 Note: One successful gmin step
Trying gmin =   3.7390E-08 Note: One successful gmin step
Trying gmin =   3.2616E-08 Note: One successful gmin step
Trying gmin =   2.6573E-08 Warning: Further gmin increment
Trying gmin =   3.0987E-08 Note: One successful gmin step
Trying gmin =   2.8695E-08 Note: One successful gmin step
Trying gmin =   2.5571E-08 Warning: Further gmin increment
Trying gmin =   2.7880E-08 Note: One successful gmin step
Trying gmin =   2.6701E-08 Note: One successful gmin step
Trying gmin =   2.5571E-08 Note: One successful gmin step
Trying gmin =   2.3966E-08 Note: One successful gmin step
Trying gmin =   2.1745E-08 Note: One successful gmin step
Trying gmin =   1.8794E-08 Note: One successful gmin step
Trying gmin =   1.5100E-08 Warning: Further gmin increment
Trying gmin =   1.7793E-08 Note: One successful gmin step
Trying gmin =   1.6391E-08 Warning: Further gmin increment
Trying gmin =   1.7432E-08 Warning: Further gmin increment
Trying gmin =   1.7702E-08 Note: One successful gmin step
Trying gmin =   1.7566E-08 Warning: Further gmin increment
Trying gmin =   1.7668E-08 Note: One successful gmin step
Trying gmin =   1.7617E-08 Note: One successful gmin step
Trying gmin =   1.7541E-08 Warning: Further gmin increment
Trying gmin =   1.7598E-08 Note: One successful gmin step
Trying gmin =   1.7570E-08 Warning: Further gmin increment
Trying gmin =   1.7591E-08 Note: One successful gmin step
Trying gmin =   1.7580E-08 Note: One successful gmin step
Trying gmin =   1.7564E-08 Warning: Further gmin increment
Trying gmin =   1.7576E-08 Note: One successful gmin step
Trying gmin =   1.7570E-08 Warning: Further gmin increment
Trying gmin =   1.7575E-08 Note: One successful gmin step
Trying gmin =   1.7573E-08 Note: One successful gmin step
Trying gmin =   1.7569E-08 Warning: Further gmin increment
Trying gmin =   1.7572E-08 Warning: Last gmin step failed
Warning: True gmin stepping failed
Note: Starting dynamic gmin stepping
Trying gmin =   1.0000E-03 Note: One successful gmin step
Trying gmin =   1.0000E-04 Note: One successful gmin step
Trying gmin =   1.0000E-05 Note: One successful gmin step
Trying gmin =   1.0000E-06 Warning: Further gmin increment
Trying gmin =   5.6234E-06 Note: One successful gmin step
Trying gmin =   3.1623E-06 Note: One successful gmin step
Trying gmin =   1.3335E-06 Note: One successful gmin step
Trying gmin =   3.6517E-07 Note: One successful gmin step
Trying gmin =   5.2330E-08 Warning: Further gmin increment
Trying gmin =   2.2468E-07 Note: One successful gmin step
Trying gmin =   1.0843E-07 Warning: Further gmin increment
Trying gmin =   1.8727E-07 Warning: Further gmin increment
Trying gmin =   2.1468E-07 Warning: Further gmin increment
Trying gmin =   2.2214E-07 Note: One successful gmin step
Trying gmin =   2.1837E-07 Warning: Further gmin increment
Trying gmin =   2.2119E-07 Note: One successful gmin step
Trying gmin =   2.1978E-07 Warning: Further gmin increment
Trying gmin =   2.2084E-07 Warning: Further gmin increment
Trying gmin =   2.2110E-07 Note: One successful gmin step
Trying gmin =   2.2097E-07 Warning: Further gmin increment
Trying gmin =   2.2107E-07 Note: One successful gmin step
Trying gmin =   2.2102E-07 Note: One successful gmin step
Trying gmin =   2.2094E-07 Warning: Further gmin increment
Trying gmin =   2.2100E-07 Warning: Further gmin increment
Trying gmin =   2.2101E-07 Note: One successful gmin step
Trying gmin =   2.2101E-07 Warning: Last gmin step failed
Warning: Dynamic gmin stepping failed
Note: Starting source stepping
Supplies reduced to   0.0000% Note: One successful source step
Supplies reduced to   0.1000% Note: One successful source step
Supplies reduced to   0.2000% Note: One successful source step
Supplies reduced to   0.3500% Note: One successful source step
Supplies reduced to   0.5750% Note: One successful source step
Supplies reduced to   0.9125% Note: One successful source step
Supplies reduced to   1.4188% Note: One successful source step
Supplies reduced to   2.1781% Note: One successful source step
Supplies reduced to   3.3172% Note: One successful source step
Supplies reduced to   5.0258% Note: One successful source step
Supplies reduced to   7.5887% Note: One successful source step
Supplies reduced to  11.4330% Note: One successful source step
Supplies reduced to  17.1995% Note: One successful source step
Supplies reduced to  25.8493% Note: One successful source step
Supplies reduced to  38.8239% Supplies reduced to  25.8493% Note: One successful source step
Supplies reduced to  26.8493% Note: One successful source step
Supplies reduced to  28.3493% Note: One successful source step
Supplies reduced to  30.5993% Note: One successful source step
Supplies reduced to  33.9743% Note: One successful source step
Supplies reduced to  39.0368% Note: One successful source step
Supplies reduced to  46.6305% Supplies reduced to  39.0368% Note: One successful source step
Supplies reduced to  40.0368% Note: One successful source step
Supplies reduced to  41.5368% Note: One successful source step
Supplies reduced to  43.7868% Note: One successful source step
Supplies reduced to  47.1618% Note: One successful source step
Supplies reduced to  52.2243% Note: One successful source step
Supplies reduced to  57.2868% Note: One successful source step
Supplies reduced to  64.8805% Note: One successful source step
Supplies reduced to  76.2711% Note: One successful source step
Supplies reduced to  93.3571% Note: One successful source step
Supplies reduced to 100.0000% Supplies reduced to  93.3571% Note: One successful source step
Supplies reduced to  94.3571% Supplies reduced to  93.3571% Note: One successful source step
Supplies reduced to  93.5071% Note: One successful source step
Supplies reduced to  93.7321% Note: One successful source step
Supplies reduced to  94.0696% Supplies reduced to  93.7321% Note: One successful source step
Supplies reduced to  93.7827% Note: One successful source step
Supplies reduced to  93.8586% Supplies reduced to  93.7827% Note: One successful source step
Supplies reduced to  93.7941% Note: One successful source step
Supplies reduced to  93.8112% Note: One successful source step
Supplies reduced to  93.8368% Note: One successful source step
Supplies reduced to  93.8753% Supplies reduced to  93.8368% Note: One successful source step
Supplies reduced to  93.8426% Supplies reduced to  93.8368% Note: One successful source step
Supplies reduced to  93.8377% Note: One successful source step
Supplies reduced to  93.8390% Note: One successful source step
Supplies reduced to  93.8409% Supplies reduced to  93.8390% Note: One successful source step
Supplies reduced to  93.8393% Supplies reduced to  93.8390% Note: One successful source step
Supplies reduced to  93.8390% Note: One successful source step
Supplies reduced to  93.8391% Note: One successful source step
Supplies reduced to  93.8392% Warning: source stepping failed

No compatibility mode selected!


Circuit: * ldo netlist 

Doing analysis at TEMP = 0.000000 and TNOM = 27.000000


No. of Data Rows : 86
temp_coeff = 7.117645e+01
Doing analysis at TEMP = 0.000000 and TNOM = 27.000000


Error: measure  vldo_sup_2  (AT) : out of interval
 meas dc vldo_sup_2 find ldo_out at=2 failed!


Error: measure  vldo_sup_2_8  (AT) : out of interval
 meas dc vldo_sup_2_8 find ldo_out at=2.8 failed!


Error: measure  vin  (WHEN) : out of interval
 meas dc vin when v(ldo_out)=1.764 failed!

Doing analysis at TEMP = 0.000000 and TNOM = 27.000000


AC operating point failed -

Last Node Voltages
------------------

Node                                   Last Voltage        Previous Iter
----                                   ------------        -------------
inn                                        0.791236             0.791258
mir                                         1.35093              1.35093
vdd                                         2.62749               2.6275
inp                                        0.790845             0.790868
bg_out                                     0.572467             0.572484
net3                                       0.606874             0.606891
net1                                        0.60642             0.606438
net2                                        1.11674              1.11621
net5                                        1.40732               1.4073
net4                                      0.0406367            0.0406462
net6                                       0.866082             0.866084
xc1.a                                             0                    0
xc1.b1                                            0                    0
xr1.xsky130_fd_pr__res_xhigh_po_0p69.ra             0.607954             0.607971
net7                                       0.606487             0.606504
xr2.xsky130_fd_pr__res_xhigh_po_0p69.ra             0.608341             0.608358
xr3.xsky130_fd_pr__res_xhigh_po_0p69.ra           0.00150524           0.00150528
xr4.xsky130_fd_pr__res_xhigh_po_0p69.ra             0.606421             0.606439
xr5.xsky130_fd_pr__res_xhigh_po_0p69.ra           0.00150423           0.00150428
xr6.xsky130_fd_pr__res_xhigh_po_0p69.ra           0.00151657           0.00151662
net9                                        1.62699              1.62698
net10                                    0.00121265           0.00121299
net8                                        1.39996              1.39996
pos                                        0.575032             0.575049
vb                                         0.862083             0.862085
out                                          1.7179               1.7179
ldo_out                                    0.945185             0.945212
net12                                        1.7179               1.7179
net11                                        1.7179               1.7179
xc3.a                                       1.39996              1.39996
xc3.b1                                      1.39996              1.39996
xr7.xsky130_fd_pr__res_xhigh_po_0p69.ra               1.7179               1.7179
xr8.xsky130_fd_pr__res_xhigh_po_0p69.ra             0.577387             0.577403
xr9.xsky130_fd_pr__res_xhigh_po_0p69.ra           0.00238877           0.00238885
net13                                             0                    0
l1#branch                              -2.77556e-17         -2.77556e-17
vs#branch                              -8.57631e-05         -8.57661e-05
vt#branch                                         0                    0


Error: measure  pm  (AT) : out of interval
 meas ac pm find p when vdb(ldo_out)=0 failed!

Doing analysis at TEMP = 0.000000 and TNOM = 27.000000


AC operating point failed -

Last Node Voltages
------------------

Node                                   Last Voltage        Previous Iter
----                                   ------------        -------------
inn                                        0.791236             0.791258
mir              doAnalyses: Too many iterations without convergence

ac simulation(s) aborted
Error: no such vector PSRR100
Note: No ".plot", ".print", or ".fourier" lines; no simulations run
                           1.35093              1.35093
vdd                                         2.62749               2.6275
inp                                        0.790845             0.790868
bg_out                                     0.572467             0.572484
net3                                       0.606874             0.606891
net1                                        0.60642             0.606438
net2                                        1.11674              1.11621
net5                                        1.40732               1.4073
net4                                      0.0406367            0.0406462
net6                                       0.866082             0.866084
xc1.a                                             0                    0
xc1.b1                                            0                    0
xr1.xsky130_fd_pr__res_xhigh_po_0p69.ra             0.607954             0.607971
net7                                       0.606487             0.606504
xr2.xsky130_fd_pr__res_xhigh_po_0p69.ra             0.608341             0.608358
xr3.xsky130_fd_pr__res_xhigh_po_0p69.ra           0.00150524           0.00150528
xr4.xsky130_fd_pr__res_xhigh_po_0p69.ra             0.606421             0.606439
xr5.xsky130_fd_pr__res_xhigh_po_0p69.ra           0.00150423           0.00150428
xr6.xsky130_fd_pr__res_xhigh_po_0p69.ra           0.00151657           0.00151662
net9                                        1.62699              1.62698
net10                                    0.00121265           0.00121299
net8                                        1.39996              1.39996
pos                                        0.575032             0.575049
vb                                         0.862083             0.862085
out                                          1.7179               1.7179
ldo_out                                    0.945185             0.945212
net12                                        1.7179               1.7179
net11                                        1.7179               1.7179
xc3.a                                       1.39996              1.39996
xc3.b1                                      1.39996              1.39996
xr7.xsky130_fd_pr__res_xhigh_po_0p69.ra               1.7179               1.7179
xr8.xsky130_fd_pr__res_xhigh_po_0p69.ra             0.577387             0.577403
xr9.xsky130_fd_pr__res_xhigh_po_0p69.ra           0.00238877           0.00238885
net13                                             0                    0
l1#branch                              -2.77556e-17         -2.77556e-17
vs#branch                              -8.57631e-05         -8.57661e-05
vt#branch                                         0                    0


Error: measure  psrr100  (AT) : out of interval
 meas ac psrr100 find vdb(ldo_out) at=100 failed!


Error: measure  psrr100k  (AT) : out of interval
 meas ac psrr100k find vdb(ldo_out) at=100k failed!

