 Reference value :  8.50000e+01Note: Starting true gmin stepping
Trying gmin =   1.0000E-03 Note: One successful gmin step
Trying gmin =   1.0000E-04 Note: One successful gmin step
Trying gmin =   1.0000E-05 Note: One successful gmin step
Trying gmin =   1.0000E-06 Warning: Further gmin increment
Trying gmin =   5.6234E-06 Note: One successful gmin step
Trying gmin =   2.3714E-06 Note: One successful gmin step
Trying gmin =   1.0000E-06 Warning: Further gmin increment
Trying gmin =   1.9110E-06 Warning: Further gmin increment
Trying gmin =   2.2468E-06 Note: One successful gmin step
Trying gmin =   2.0721E-06 Note: One successful gmin step
Trying gmin =   1.8352E-06 Note: One successful gmin step
Trying gmin =   1.5296E-06 Note: One successful gmin step
Trying gmin =   1.1639E-06 Note: One successful gmin step
Trying gmin =   7.7257E-07 Note: One successful gmin step
Trying gmin =   4.1780E-07 Note: One successful gmin step
Trying gmin =   1.6616E-07 Note: One successful gmin step
Trying gmin =   4.1672E-08 Warning: Further gmin increment
Trying gmin =   1.1758E-07 Warning: Further gmin increment
Trying gmin =   1.5240E-07 Note: One successful gmin step
Trying gmin =   1.3386E-07 Warning: Further gmin increment
Trying gmin =   1.4754E-07 Warning: Further gmin increment
Trying gmin =   1.5117E-07 Note: One successful gmin step
Trying gmin =   1.4934E-07 Note: One successful gmin step
Trying gmin =   1.4664E-07 Warning: Further gmin increment
Trying gmin =   1.4866E-07 Warning: Further gmin increment
Trying gmin =   1.4917E-07 Note: One successful gmin step
Trying gmin =   1.4892E-07 Note: One successful gmin step
Trying gmin =   1.4853E-07 Warning: Further gmin increment
Trying gmin =   1.4882E-07 Note: One successful gmin step
Trying gmin =   1.4868E-07 Warning: Further gmin increment
Trying gmin =   1.4878E-07 Note: One successful gmin step
Trying gmin =   1.4873E-07 Note: One successful gmin step
Trying gmin =   1.4865E-07 Warning: Further gmin increment
Trying gmin =   1.4871E-07 Warning: Further gmin increment
Trying gmin =   1.4873E-07 Note: One successful gmin step
Trying gmin =   1.4872E-07 Warning: Further gmin increment
Trying gmin =   1.4872E-07 Note: One successful gmin step
Trying gmin =   1.4872E-07 Note: One successful gmin step
Trying gmin =   1.4872E-07 Warning: Last gmin step failed
Warning: True gmin stepping failed
Note: Starting dynamic gmin stepping
Trying gmin =   1.0000E-03 Note: One successful gmin step
Trying gmin =   1.0000E-04 Note: One successful gmin step
Trying gmin =   1.0000E-05 Note: One successful gmin step
Trying gmin =   1.0000E-06 Warning: Further gmin increment
Trying gmin =   5.6234E-06 Warning: Further gmin increment
Trying gmin =   8.6596E-06 Note: One successful gmin step
Trying gmin =   6.9783E-06 Note: One successful gmin step
Trying gmin =   5.0481E-06 Warning: Further gmin increment
Trying gmin =   6.4357E-06 Note: One successful gmin step
Trying gmin =   5.6998E-06 Warning: Further gmin increment
Trying gmin =   6.2432E-06 Note: One successful gmin step
Trying gmin =   5.9653E-06 Warning: Further gmin increment
Trying gmin =   6.1726E-06 Note: One successful gmin step
Trying gmin =   6.1027E-06 Warning: Further gmin increment
Trying gmin =   6.1550E-06 Warning: Further gmin increment
Trying gmin =   6.1682E-06 Note: One successful gmin step
Trying gmin =   6.1616E-06 Note: One successful gmin step
Trying gmin =   6.1517E-06 Note: One successful gmin step
Trying gmin =   6.1370E-06 Note: One successful gmin step
Trying gmin =   6.1149E-06 Note: One successful gmin step
Trying gmin =   6.0820E-06 Note: One successful gmin step
Trying gmin =   6.0329E-06 Note: One successful gmin step
Trying gmin =   5.9600E-06 Note: One successful gmin step
Trying gmin =   5.8523E-06 Note: One successful gmin step
Trying gmin =   5.6944E-06 Note: One successful gmin step
Trying gmin =   5.4655E-06 Note: One successful gmin step
Trying gmin =   5.1393E-06 Note: One successful gmin step
Trying gmin =   4.6861E-06 Note: One successful gmin step
Trying gmin =   4.0802E-06 Note: One successful gmin step
Trying gmin =   3.3149E-06 Note: One successful gmin step
Trying gmin =   2.4276E-06 Note: One successful gmin step
Trying gmin =   1.5213E-06 Note: One successful gmin step
Trying gmin =   7.5470E-07 Warning: Further gmin increment
Trying gmin =   1.2767E-06 Warning: Further gmin increment
Trying gmin =   1.4561E-06 Note: One successful gmin step
Trying gmin =   1.3635E-06 Note: One successful gmin step
Trying gmin =   1.2355E-06 Warning: Further gmin increment
Trying gmin =   1.3303E-06 Note: One successful gmin step
Trying gmin =   1.2820E-06 Note: One successful gmin step
Trying gmin =   1.2128E-06 Note: One successful gmin step
Trying gmin =   1.1160E-06 Note: One successful gmin step
Trying gmin =   9.8514E-07 Note: One successful gmin step
Trying gmin =   8.1701E-07 Note: One successful gmin step
Trying gmin =   6.1704E-07 Note: One successful gmin step
Trying gmin =   4.0499E-07 Note: One successful gmin step
Trying gmin =   2.1535E-07 Note: One successful gmin step
Trying gmin =   8.3501E-08 Note: One successful gmin step
Trying gmin =   2.0161E-08 Note: One successful gmin step
Trying gmin =   2.3919E-09 Note: One successful gmin step
Trying gmin =   2.3919E-10 Note: One successful gmin step
Trying gmin =   2.3919E-11 Note: One successful gmin step
Trying gmin =   2.3919E-12 Note: One successful gmin step
Trying gmin =   1.0000E-12 Note: One successful gmin step
Note: Dynamic gmin stepping completed
 Reference value :  2.80000e+00Note: Starting true gmin stepping
Trying gmin =   1.0000E-03 Note: One successful gmin step
Trying gmin =   1.0000E-04 Note: One successful gmin step
Trying gmin =   1.0000E-05 Note: One successful gmin step
Trying gmin =   1.0000E-06 Note: One successful gmin step
Trying gmin =   1.0000E-07 Note: One successful gmin step
Trying gmin =   1.0000E-08 Note: One successful gmin step
Trying gmin =   1.0000E-09 Note: One successful gmin step
Trying gmin =   1.0000E-10 Warning: Further gmin increment
Trying gmin =   5.6234E-10 Warning: Further gmin increment
Trying gmin =   8.6596E-10 Note: One successful gmin step
Trying gmin =   6.9783E-10 Note: One successful gmin step
Trying gmin =   5.0481E-10 Note: One successful gmin step
Trying gmin =   3.1059E-10 Note: One successful gmin step
Trying gmin =   1.4989E-10 Note: One successful gmin step
Trying gmin =   5.0254E-11 Warning: Further gmin increment
Trying gmin =   1.1406E-10 Note: One successful gmin step
Trying gmin =   7.5710E-11 Note: One successful gmin step
Trying gmin =   4.0943E-11 Note: One successful gmin step
Trying gmin =   1.6283E-11 Note: One successful gmin step
Trying gmin =   4.0837E-12 Note: One successful gmin step
Trying gmin =   1.0000E-12 Note: One successful gmin step
Note: True gmin stepping completed
 Reference value :  1.40000e+00Note: Starting true gmin stepping
Trying gmin =   1.0000E-03 Note: One successful gmin step
Trying gmin =   1.0000E-04 Note: One successful gmin step
Trying gmin =   1.0000E-05 Note: One successful gmin step
Trying gmin =   1.0000E-06 Note: One successful gmin step
Trying gmin =   1.0000E-07 Note: One successful gmin step
Trying gmin =   1.0000E-08 Note: One successful gmin step
Trying gmin =   1.0000E-09 Note: One successful gmin step
Trying gmin =   1.0000E-10 Warning: Further gmin increment
Trying gmin =   5.6234E-10 Note: One successful gmin step
Trying gmin =   2.3714E-10 Warning: Further gmin increment
Trying gmin =   4.5316E-10 Note: One successful gmin step
Trying gmin =   3.2781E-10 Note: One successful gmin step
Trying gmin =   2.0169E-10 Note: One successful gmin step
Trying gmin =   9.7338E-11 Note: One successful gmin step
Trying gmin =   3.2634E-11 Warning: Further gmin increment
Trying gmin =   7.4068E-11 Note: One successful gmin step
Trying gmin =   4.9164E-11 Note: One successful gmin step
Trying gmin =   2.6588E-11 Note: One successful gmin step
Trying gmin =   1.0574E-11 Note: One successful gmin step
Trying gmin =   2.6519E-12 Note: One successful gmin step
Trying gmin =   1.0000E-12 Note: One successful gmin step
Note: True gmin stepping completed
 Reference value :  9.20000e-01
No compatibility mode selected!


Circuit: * ldo netlist 

Doing analysis at TEMP = 0.000000 and TNOM = 27.000000


No. of Data Rows : 86
temp_coeff = 4.647313e+01
Doing analysis at TEMP = 0.000000 and TNOM = 27.000000


No. of Data Rows : 141
vldo_sup_2          =  1.809506e+00
vldo_sup_2_8        =  1.808707e+00
line_reg = 9.987500e-04
Note: Starting true gmin stepping
Trying gmin =   1.0000E-03 Note: One successful gmin step
Trying gmin =   1.0000E-04 Note: One successful gmin step
Trying gmin =   1.0000E-05 Note: One successful gmin step
Trying gmin =   1.0000E-06 Note: One successful gmin step
Trying gmin =   1.0000E-07 Warning: Further gmin increment
Trying gmin =   5.6234E-07 Note: One successful gmin step
Trying gmin =   2.3714E-07 Note: One successful gmin step
Trying gmin =   6.4938E-08 Note: One successful gmin step
Trying gmin =   3.3982E-08 Note: One successful gmin step
Trying gmin =   2.4582E-08 Note: One successful gmin step
Trying gmin =   1.5125E-08 Note: One successful gmin step
Trying gmin =   7.2993E-09 Note: One successful gmin step
Trying gmin =   2.4472E-09 Note: One successful gmin step
Trying gmin =   4.7507E-10 Note: One successful gmin step
Trying gmin =   4.7507E-11 Note: One successful gmin step
Trying gmin =   4.7507E-12 Note: One successful gmin step
Trying gmin =   1.0000E-12 Note: One successful gmin step
Note: True gmin stepping completed
vin                 =  1.784479e+00
dropout = 2.047900e-02
Doing analysis at TEMP = 0.000000 and TNOM = 27.000000


No. of Data Rows : 91
Error: no such vector PM
Note: Starting true gmin stepping
Trying gmin =   1.0000E-03 Note: One successful gmin step
Trying gmin =   1.0000E-04 Note: One successful gmin step
Trying gmin =   1.0000E-05 Note: One successful gmin step
Trying gmin =   1.0000E-06 Note: One successful gmin step
Trying gmin =   1.0000E-07 Warning: Further gmin increment
Trying gmin =   5.6234E-07 Note: One successful gmin step
Trying gmin =   2.3714E-07 Note: One successful gmin step
Trying gmin =   6.4938E-08 Note: One successful gmin step
Trying gmin =   3.3982E-08 Note: One successful gmin step
Trying gmin =   2.4582E-08 Note: One successful gmin step
Trying gmin =   1.5125E-08 Note: One successful gmin step
Trying gmin =   7.2993E-09 Note: One successful gmin step
Trying gmin =   2.4472E-09 Note: One successful gmin step
Trying gmin =   4.7507E-10 Note: One successful gmin step
Trying gmin =   4.7507E-11 Note: One successful gmin step
Trying gmin =   4.7507E-12 Note: One successful gmin step
Trying gmin =   1.0000E-12 Note: One successful gmin step
Note: True gmin stepping completed
 Reference value :  1.00000e+00Note: No ".plot", ".print", or ".fourier" lines; no simulations run

Error: measure  pm  (AT) : out of interval
 meas ac pm find p when vdb(ldo_out)=0 failed!

Doing analysis at TEMP = 0.000000 and TNOM = 27.000000


No. of Data Rows : 91
psrr100             =  -5.878146e+01
psrr100k            =  -2.696101e+01
