 Reference value :  8.50000e+01Note: Starting true gmin stepping
Trying gmin =   1.0000E-03 Note: One successful gmin step
Trying gmin =   1.0000E-04 Note: One successful gmin step
Trying gmin =   1.0000E-05 Note: One successful gmin step
Trying gmin =   1.0000E-06 Note: One successful gmin step
Trying gmin =   1.0000E-07 Warning: Further gmin increment
Trying gmin =   5.6234E-07 Note: One successful gmin step
Trying gmin =   2.3714E-07 Note: One successful gmin step
Trying gmin =   6.4938E-08 Warning: Further gmin increment
Trying gmin =   1.7154E-07 Note: One successful gmin step
Trying gmin =   1.0554E-07 Note: One successful gmin step
Trying gmin =   5.0937E-08 Warning: Further gmin increment
Trying gmin =   8.7970E-08 Warning: Further gmin increment
Trying gmin =   1.0085E-07 Warning: Further gmin increment
Trying gmin =   1.0435E-07 Note: One successful gmin step
Trying gmin =   1.0258E-07 Warning: Further gmin increment
Trying gmin =   1.0391E-07 Note: One successful gmin step
Trying gmin =   1.0324E-07 Note: One successful gmin step
Trying gmin =   1.0226E-07 Warning: Further gmin increment
Trying gmin =   1.0299E-07 Note: One successful gmin step
Trying gmin =   1.0262E-07 Warning: Further gmin increment
Trying gmin =   1.0290E-07 Warning: Further gmin increment
Trying gmin =   1.0297E-07 Warning: Further gmin increment
Trying gmin =   1.0299E-07 Note: One successful gmin step
Trying gmin =   1.0298E-07 Warning: Further gmin increment
Trying gmin =   1.0299E-07 Note: One successful gmin step
Trying gmin =   1.0298E-07 Note: One successful gmin step
Trying gmin =   1.0298E-07 Warning: Last gmin step failed
Warning: True gmin stepping failed
Note: Starting dynamic gmin stepping
Trying gmin =   1.0000E-03 Note: One successful gmin step
Trying gmin =   1.0000E-04 Note: One successful gmin step
Trying gmin =   1.0000E-05 Note: One successful gmin step
Trying gmin =   1.0000E-06 Note: One successful gmin step
Trying gmin =   1.0000E-07 Warning: Further gmin increment
Trying gmin =   5.6234E-07 Note: One successful gmin step
Trying gmin =   2.3714E-07 Warning: Further gmin increment
Trying gmin =   4.5316E-07 Warning: Further gmin increment
Trying gmin =   5.3280E-07 Note: One successful gmin step
Trying gmin =   4.9137E-07 Note: One successful gmin step
Trying gmin =   4.3518E-07 Warning: Further gmin increment
Trying gmin =   4.7668E-07 Warning: Further gmin increment
Trying gmin =   4.8765E-07 Note: One successful gmin step
Trying gmin =   4.8213E-07 Note: One successful gmin step
Trying gmin =   4.7397E-07 Warning: Further gmin increment
Trying gmin =   4.8008E-07 Note: One successful gmin step
Trying gmin =   4.7701E-07 Warning: Further gmin increment
Trying gmin =   4.7931E-07 Note: One successful gmin step
Trying gmin =   4.7816E-07 Note: One successful gmin step
Trying gmin =   4.7644E-07 Warning: Further gmin increment
Trying gmin =   4.7773E-07 Warning: Further gmin increment
Trying gmin =   4.7805E-07 Note: One successful gmin step
Trying gmin =   4.7789E-07 Note: One successful gmin step
Trying gmin =   4.7765E-07 Warning: Further gmin increment
Trying gmin =   4.7783E-07 Note: One successful gmin step
Trying gmin =   4.7774E-07 Note: One successful gmin step
Trying gmin =   4.7765E-07 Warning: Further gmin increment
Trying gmin =   4.7772E-07 Warning: Last gmin step failed
Warning: Dynamic gmin stepping failed
Note: Starting source stepping
Supplies reduced to   0.0000% Note: One successful source step
Supplies reduced to   0.1000% Note: One successful source step
Supplies reduced to   0.2000% Note: One successful source step
Supplies reduced to   0.3500% Note: One successful source step
Supplies reduced to   0.5750% Note: One successful source step
Supplies reduced to   0.9125% Note: One successful source step
Supplies reduced to   1.4188% Note: One successful source step
Supplies reduced to   2.1781% Note: One successful source step
Supplies reduced to   3.3172% Note: One successful source step
Supplies reduced to   5.0258% Note: One successful source step
Supplies reduced to   7.5887% Note: One successful source step
Supplies reduced to  11.4330% Note: One successful source step
Supplies reduced to  17.1995% Note: One successful source step
Supplies reduced to  25.8493% Supplies reduced to  17.1995% Note: One successful source step
Supplies reduced to  18.1995% Note: One successful source step
Supplies reduced to  19.6995% Note: One successful source step
Supplies reduced to  21.9495% Note: One successful source step
Supplies reduced to  25.3245% Supplies reduced to  21.9495% Note: One successful source step
Supplies reduced to  22.2870% Note: One successful source step
Supplies reduced to  22.7933% Note: One successful source step
Supplies reduced to  23.5526% Note: One successful source step
Supplies reduced to  24.6917% Note: One successful source step
Supplies reduced to  26.4003% Note: One successful source step
Supplies reduced to  28.9632% Note: One successful source step
Supplies reduced to  32.8075% Note: One successful source step
Supplies reduced to  38.5740% Note: One successful source step
Supplies reduced to  47.2238% Note: One successful source step
Supplies reduced to  60.1984% Note: One successful source step
Supplies reduced to  79.6604% Supplies reduced to  60.1984% Note: One successful source step
Supplies reduced to  61.1984% Note: One successful source step
Supplies reduced to  62.6984% Note: One successful source step
Supplies reduced to  64.9484% Supplies reduced to  62.6984% Note: One successful source step
Supplies reduced to  63.0359% Note: One successful source step
Supplies reduced to  63.5422% Note: One successful source step
Supplies reduced to  64.3015% Supplies reduced to  63.5422% Note: One successful source step
Supplies reduced to  63.6561% Note: One successful source step
Supplies reduced to  63.8269% Note: One successful source step
Supplies reduced to  64.0832% Note: One successful source step
Supplies reduced to  64.4677% Supplies reduced to  64.0832% Note: One successful source step
Supplies reduced to  64.1409% Supplies reduced to  64.0832% Note: One successful source step
Supplies reduced to  64.0919% Note: One successful source step
Supplies reduced to  64.1048% Note: One successful source step
Supplies reduced to  64.1243% Note: One successful source step
Supplies reduced to  64.1535% Supplies reduced to  64.1243% Note: One successful source step
Supplies reduced to  64.1287% Note: One successful source step
Supplies reduced to  64.1353% Note: One successful source step
Supplies reduced to  64.1451% Supplies reduced to  64.1353% Note: One successful source step
Supplies reduced to  64.1367% Note: One successful source step
Supplies reduced to  64.1389% Note: One successful source step
Supplies reduced to  64.1423% Supplies reduced to  64.1389% Note: One successful source step
Supplies reduced to  64.1394% Supplies reduced to  64.1389% Note: One successful source step
Supplies reduced to  64.1390% Note: One successful source step
Supplies reduced to  64.1391% Supplies reduced to  64.1390% Note: One successful source step
Supplies reduced to  64.1390% Note: One successful source step
Supplies reduced to  64.1391% Note: One successful source step
Supplies reduced to  64.1391% Note: One successful source step
Supplies reduced to  64.1392% Warning: source stepping failed
doAnalyses: Too many iterations without convergence

dc simulation(s) aborted
Error(parse.c--checkvalid): vldo_sup_2_8: zero length vector.
Error: RHS "abs((vldo_sup_2_8-vldo_sup_2)/0.8)" invalid
Error(parse.c--checkvalid): line_reg: zero length vector.
Error(parse.c--checkvalid): vin: zero length vector.
Error: RHS "vin-1.764" invalid
Error(parse.c--checkvalid): dropout: zero length vector.
Error: no such vector dropout
Note: Starting true gmin stepping
Trying gmin =   1.0000E-03 Note: One successful gmin step
Trying gmin =   1.0000E-04 Note: One successful gmin step
Trying gmin =   1.0000E-05 Note: One successful gmin step
Trying gmin =   1.0000E-06 Note: One successful gmin step
Trying gmin =   1.0000E-07 Warning: Further gmin increment
Trying gmin =   5.6234E-07 Note: One successful gmin step
Trying gmin =   2.3714E-07 Note: One successful gmin step
Trying gmin =   6.4938E-08 Warning: Further gmin increment
Trying gmin =   1.7154E-07 Note: One successful gmin step
Trying gmin =   1.0554E-07 Note: One successful gmin step
Trying gmin =   5.0937E-08 Warning: Further gmin increment
Trying gmin =   8.7970E-08 Warning: Further gmin increment
Trying gmin =   1.0085E-07 Warning: Further gmin increment
Trying gmin =   1.0435E-07 Note: One successful gmin step
Trying gmin =   1.0258E-07 Warning: Further gmin increment
Trying gmin =   1.0391E-07 Note: One successful gmin step
Trying gmin =   1.0324E-07 Note: One successful gmin step
Trying gmin =   1.0226E-07 Warning: Further gmin increment
Trying gmin =   1.0299E-07 Note: One successful gmin step
Trying gmin =   1.0262E-07 Warning: Further gmin increment
Trying gmin =   1.0290E-07 Warning: Further gmin increment
Trying gmin =   1.0297E-07 Warning: Further gmin increment
Trying gmin =   1.0299E-07 Note: One successful gmin step
Trying gmin =   1.0298E-07 Warning: Further gmin increment
Trying gmin =   1.0299E-07 Note: One successful gmin step
Trying gmin =   1.0298E-07 Note: One successful gmin step
Trying gmin =   1.0298E-07 Warning: Last gmin step failed
Warning: True gmin stepping failed
Note: Starting dynamic gmin stepping
Trying gmin =   1.0000E-03 Note: One successful gmin step
Trying gmin =   1.0000E-04 Note: One successful gmin step
Trying gmin =   1.0000E-05 Note: One successful gmin step
Trying gmin =   1.0000E-06 Note: One successful gmin step
Trying gmin =   1.0000E-07 Warning: Further gmin increment
Trying gmin =   5.6234E-07 Note: One successful gmin step
Trying gmin =   2.3714E-07 Warning: Further gmin increment
Trying gmin =   4.5316E-07 Warning: Further gmin increment
Trying gmin =   5.3280E-07 Note: One successful gmin step
Trying gmin =   4.9137E-07 Note: One successful gmin step
Trying gmin =   4.3518E-07 Warning: Further gmin increment
Trying gmin =   4.7668E-07 Warning: Further gmin increment
Trying gmin =   4.8765E-07 Note: One successful gmin step
Trying gmin =   4.8213E-07 Note: One successful gmin step
Trying gmin =   4.7397E-07 Warning: Further gmin increment
Trying gmin =   4.8008E-07 Note: One successful gmin step
Trying gmin =   4.7701E-07 Warning: Further gmin increment
Trying gmin =   4.7931E-07 Note: One successful gmin step
Trying gmin =   4.7816E-07 Note: One successful gmin step
Trying gmin =   4.7644E-07 Warning: Further gmin increment
Trying gmin =   4.7773E-07 Warning: Further gmin increment
Trying gmin =   4.7805E-07 Note: One successful gmin step
Trying gmin =   4.7789E-07 Note: One successful gmin step
Trying gmin =   4.7765E-07 Warning: Further gmin increment
Trying gmin =   4.7783E-07 Note: One successful gmin step
Trying gmin =   4.7774E-07 Note: One successful gmin step
Trying gmin =   4.7765E-07 Warning: Further gmin increment
Trying gmin =   4.7772E-07 Warning: Last gmin step failed
Warning: Dynamic gmin stepping failed
Note: Starting source stepping
Supplies reduced to   0.0000% Note: One successful source step
Supplies reduced to   0.1000% Note: One successful source step
Supplies reduced to   0.2000% Note: One successful source step
Supplies reduced to   0.3500% Note: One successful source step
Supplies reduced to   0.5750% Note: One successful source step
Supplies reduced to   0.9125% Note: One successful source step
Supplies reduced to   1.4188% Note: One successful source step
Supplies reduced to   2.1781% Note: One successful source step
Supplies reduced to   3.3172% Note: One successful source step
Supplies reduced to   5.0258% Note: One successful source step
Supplies reduced to   7.5887% Note: One successful source step
Supplies reduced to  11.4330% Note: One successful source step
Supplies reduced to  17.1995% Note: One successful source step
Supplies reduced to  25.8493% Supplies reduced to  17.1995% Note: One successful source step
Supplies reduced to  18.1995% Note: One successful source step
Supplies reduced to  19.6995% Note: One successful source step
Supplies reduced to  21.9495% Note: One successful source step
Supplies reduced to  25.3245% Note: One successful source step
Supplies reduced to  28.6995% Note: One successful source step
Supplies reduced to  30.3870% Note: One successful source step
Supplies reduced to  32.9183% Note: One successful source step
Supplies reduced to  36.7151% Note: One successful source step
Supplies reduced to  42.4104% Note: One successful source step
Supplies reduced to  50.9534% Note: One successful source step
Supplies reduced to  63.7679% Note: One successful source step
Supplies reduced to  82.9896% Note: One successful source step
Supplies reduced to 100.0000% Note: One successful source step
Note: Source stepping completed
 Reference value :  1.00000e+00
No compatibility mode selected!


Circuit: * ldo netlist 

Doing analysis at TEMP = 85.000000 and TNOM = 27.000000


No. of Data Rows : 86
temp_coeff = 3.322234e+01
Doing analysis at TEMP = 85.000000 and TNOM = 27.000000


Error: measure  vldo_sup_2  (AT) : out of interval
 meas dc vldo_sup_2 find ldo_out at=2 failed!


Error: measure  vldo_sup_2_8  (AT) : out of interval
 meas dc vldo_sup_2_8 find ldo_out at=2.8 failed!


Error: measure  vin  (WHEN) : out of interval
 meas dc vin when v(ldo_out)=1.764 failed!

Doing analysis at TEMP = 85.000000 and TNOM = 27.000000


No. of Data Rows : 91
Error: no such vector PM
Note: Starting true gmin stepping
Trying gmin =   1.0000E-03 Note: One successful gmin step
Trying gmin =   1.0000E-04 Note: One successful gmin step
Trying gmin =   1.0000E-05 Note: One successful gmin step
Trying gmin =   1.0000E-06 Note: One successful gmin step
Trying gmin =   1.0000E-07 Warning: Further gmin increment
Trying gmin =   5.6234E-07 Note: One successful gmin step
Trying gmin =   2.3714E-07 Note: One successful gmin step
Trying gmin =   6.4938E-08 Warning: Further gmin increment
Trying gmin =   1.7154E-07 Note: One successful gmin step
Trying gmin =   1.0554E-07 Note: One successful gmin step
Trying gmin =   5.0937E-08 Warning: Further gmin increment
Trying gmin =   8.7970E-08 Warning: Further gmin increment
Trying gmin =   1.0085E-07 Warning: Further gmin increment
Trying gmin =   1.0435E-07 Note: One successful gmin step
Trying gmin =   1.0258E-07 Warning: Further gmin increment
Trying gmin =   1.0391E-07 Note: One successful gmin step
Trying gmin =   1.0324E-07 Note: One successful gmin step
Trying gmin =   1.0226E-07 Warning: Further gmin increment
Trying gmin =   1.0299E-07 Note: One successful gmin step
Trying gmin =   1.0262E-07 Warning: Further gmin increment
Trying gmin =   1.0290E-07 Warning: Further gmin increment
Trying gmin =   1.0297E-07 Warning: Further gmin increment
Trying gmin =   1.0299E-07 Note: One successful gmin step
Trying gmin =   1.0298E-07 Warning: Further gmin increment
Trying gmin =   1.0299E-07 Note: One successful gmin step
Trying gmin =   1.0298E-07 Note: One successful gmin step
Trying gmin =   1.0298E-07 Warning: Last gmin step failed
Warning: True gmin stepping failed
Note: Starting dynamic gmin stepping
Trying gmin =   1.0000E-03 Note: One successful gmin step
Trying gmin =   1.0000E-04 Note: One successful gmin step
Trying gmin =   1.0000E-05 Note: One successful gmin step
Trying gmin =   1.0000E-06 Note: One successful gmin step
Trying gmin =   1.0000E-07 Warning: Further gmin increment
Trying gmin =   5.6234E-07 Note: One successful gmin step
Trying gmin =   2.3714E-07 Warning: Further gmin increment
Trying gmin =   4.5316E-07 Warning: Further gmin increment
Trying gmin =   5.3280E-07 Note: One successful gmin step
Trying gmin =   4.9137E-07 Note: One successful gmin step
Trying gmin =   4.3518E-07 Warning: Further gmin increment
Trying gmin =   4.7668E-07 Warning: Further gmin increment
Trying gmin =   4.8765E-07 Note: One successful gmin step
Trying gmin =   4.8213E-07 Note: One successful gmin step
Trying gmin =   4.7397E-07 Warning: Further gmin increment
Trying gmin =   4.8008E-07 Note: One successful gmin step
Trying gmin =   4.7701E-07 Warning: Further gmin increment
Trying gmin =   4.7931E-07 Note: One successful gmin step
Trying gmin =   4.7816E-07 Note: One successful gmin step
Trying gmin =   4.7644E-07 Warning: Further gmin increment
Trying gmin =   4.7773E-07 Warning: Further gmin increment
Trying gmin =   4.7805E-07 Note: One successful gmin step
Trying gmin =   4.7789E-07 Note: One successful gmin step
Trying gmin =   4.7765E-07 Warning: Further gmin increment
Trying gmin =   4.7783E-07 Note: One successful gmin step
Trying gmin =   4.7774E-07 Note: One successful gmin step
Trying gmin =   4.7765E-07 Warning: Further gmin increment
Trying gmin =   4.7772E-07 Warning: Last gmin step failed
Warning: Dynamic gmin stepping failed
Note: Starting source stepping
Supplies reduced to   0.0000% Note: One successful source step
Supplies reduced to   0.1000% Note: One successful source step
Supplies reduced to   0.2000% Note: One successful source step
Supplies reduced to   0.3500% Note: One successful source step
Supplies reduced to   0.5750% Note: One successful source step
Supplies reduced to   0.9125% Note: One successful source step
Supplies reduced to   1.4188% Note: One successful source step
Supplies reduced to   2.1781% Note: One successful source step
Supplies reduced to   3.3172% Note: One successful source step
Supplies reduced to   5.0258% Note: One successful source step
Supplies reduced to   7.5887% Note: One successful source step
Supplies reduced to  11.4330% Note: One successful source step
Supplies reduced to  17.1995% Note: One successful source step
Supplies reduced to  25.8493% Supplies reduced to  17.1995% Note: One successful source step
Supplies reduced to  18.1995% Note: One successful source step
Supplies reduced to  19.6995% Note: One successful source step
Supplies reduced to  21.9495% Note: One successful source step
Supplies reduced to  25.3245% Note: One successful source step
Supplies reduced to  28.6995% Note: One successful source step
Supplies reduced to  30.3870% Note: One successful source step
Supplies reduced to  32.9183% Note: One successful source step
Supplies reduced to  36.7151% Note: One successful source step
Supplies reduced to  42.4104% Note: One successful source step
Supplies reduced to  50.9534% Note: One successful source step
Supplies reduced to  63.7679% Note: One successful source step
Supplies reduced to  82.9896% Note: One successful source step
Supplies reduced to 100.0000% Note: One successful source step
Note: Source stepping completed
 Reference value :  1.00000e+00Note: No ".plot", ".print", or ".fourier" lines; no simulations run

Error: measure  pm  (AT) : out of interval
 meas ac pm find p when vdb(ldo_out)=0 failed!

Doing analysis at TEMP = 85.000000 and TNOM = 27.000000


No. of Data Rows : 91
psrr100             =  -5.876455e+01
psrr100k            =  -2.609317e+01
