 Reference value :  8.50000e+01Note: Starting true gmin stepping
Trying gmin =   1.0000E-03 Note: One successful gmin step
Trying gmin =   1.0000E-04 Note: One successful gmin step
Trying gmin =   1.0000E-05 Note: One successful gmin step
Trying gmin =   1.0000E-06 Note: One successful gmin step
Trying gmin =   1.0000E-07 Note: One successful gmin step
Trying gmin =   1.0000E-08 Warning: Further gmin increment
Trying gmin =   5.6234E-08 Warning: Further gmin increment
Trying gmin =   8.6596E-08 Note: One successful gmin step
Trying gmin =   6.9783E-08 Note: One successful gmin step
Trying gmin =   5.0481E-08 Warning: Further gmin increment
Trying gmin =   6.4357E-08 Note: One successful gmin step
Trying gmin =   5.6998E-08 Warning: Further gmin increment
Trying gmin =   6.2432E-08 Warning: Further gmin increment
Trying gmin =   6.3870E-08 Note: One successful gmin step
Trying gmin =   6.3147E-08 Warning: Further gmin increment
Trying gmin =   6.3689E-08 Warning: Further gmin increment
Trying gmin =   6.3825E-08 Note: One successful gmin step
Trying gmin =   6.3757E-08 Warning: Further gmin increment
Trying gmin =   6.3808E-08 Note: One successful gmin step
Trying gmin =   6.3782E-08 Warning: Further gmin increment
Trying gmin =   6.3801E-08 Note: One successful gmin step
Trying gmin =   6.3792E-08 Warning: Further gmin increment
Trying gmin =   6.3799E-08 Note: One successful gmin step
Trying gmin =   6.3795E-08 Note: One successful gmin step
Trying gmin =   6.3790E-08 Warning: Further gmin increment
Trying gmin =   6.3794E-08 Note: One successful gmin step
Trying gmin =   6.3792E-08 Warning: Last gmin step failed
Warning: True gmin stepping failed
Note: Starting dynamic gmin stepping
Trying gmin =   1.0000E-03 Note: One successful gmin step
Trying gmin =   1.0000E-04 Note: One successful gmin step
Trying gmin =   1.0000E-05 Note: One successful gmin step
Trying gmin =   1.0000E-06 Warning: Further gmin increment
Trying gmin =   5.6234E-06 Warning: Further gmin increment
Trying gmin =   8.6596E-06 Note: One successful gmin step
Trying gmin =   6.9783E-06 Note: One successful gmin step
Trying gmin =   5.0481E-06 Warning: Further gmin increment
Trying gmin =   6.4357E-06 Note: One successful gmin step
Trying gmin =   5.6998E-06 Note: One successful gmin step
Trying gmin =   4.7507E-06 Note: One successful gmin step
Trying gmin =   3.6150E-06 Note: One successful gmin step
Trying gmin =   2.3995E-06 Note: One successful gmin step
Trying gmin =   1.2977E-06 Note: One successful gmin step
Trying gmin =   5.1607E-07 Note: One successful gmin step
Trying gmin =   1.2943E-07 Warning: Further gmin increment
Trying gmin =   3.6521E-07 Note: One successful gmin step
Trying gmin =   2.1741E-07 Warning: Further gmin increment
Trying gmin =   3.2079E-07 Note: One successful gmin step
Trying gmin =   2.6409E-07 Warning: Further gmin increment
Trying gmin =   3.0557E-07 Note: One successful gmin step
Trying gmin =   2.8407E-07 Warning: Further gmin increment
Trying gmin =   3.0005E-07 Note: One successful gmin step
Trying gmin =   2.9195E-07 Warning: Further gmin increment
Trying gmin =   2.9800E-07 Note: One successful gmin step
Trying gmin =   2.9496E-07 Note: One successful gmin step
Trying gmin =   2.9046E-07 Warning: Further gmin increment
Trying gmin =   2.9383E-07 Warning: Further gmin increment
Trying gmin =   2.9468E-07 Note: One successful gmin step
Trying gmin =   2.9425E-07 Warning: Further gmin increment
Trying gmin =   2.9457E-07 Note: One successful gmin step
Trying gmin =   2.9441E-07 Note: One successful gmin step
Trying gmin =   2.9417E-07 Warning: Further gmin increment
Trying gmin =   2.9435E-07 Note: One successful gmin step
Trying gmin =   2.9426E-07 Warning: Further gmin increment
Trying gmin =   2.9433E-07 Note: One successful gmin step
Trying gmin =   2.9430E-07 Note: One successful gmin step
Trying gmin =   2.9425E-07 Warning: Further gmin increment
Trying gmin =   2.9428E-07 Warning: Last gmin step failed
Warning: Dynamic gmin stepping failed
Note: Starting source stepping
Supplies reduced to   0.0000% Note: One successful source step
Supplies reduced to   0.1000% Note: One successful source step
Supplies reduced to   0.2000% Note: One successful source step
Supplies reduced to   0.3500% Note: One successful source step
Supplies reduced to   0.5750% Note: One successful source step
Supplies reduced to   0.9125% Note: One successful source step
Supplies reduced to   1.4188% Note: One successful source step
Supplies reduced to   2.1781% Note: One successful source step
Supplies reduced to   3.3172% Note: One successful source step
Supplies reduced to   5.0258% Note: One successful source step
Supplies reduced to   7.5887% Note: One successful source step
Supplies reduced to  11.4330% Note: One successful source step
Supplies reduced to  17.1995% Note: One successful source step
Supplies reduced to  25.8493% Supplies reduced to  17.1995% Note: One successful source step
Supplies reduced to  18.1995% Note: One successful source step
Supplies reduced to  19.6995% Note: One successful source step
Supplies reduced to  21.9495% Note: One successful source step
Supplies reduced to  25.3245% Supplies reduced to  21.9495% Note: One successful source step
Supplies reduced to  22.4558% Note: One successful source step
Supplies reduced to  23.2151% Note: One successful source step
Supplies reduced to  24.3542% Note: One successful source step
Supplies reduced to  26.0628% Note: One successful source step
Supplies reduced to  28.6257% Note: One successful source step
Supplies reduced to  32.4700% Note: One successful source step
Supplies reduced to  38.2365% Note: One successful source step
Supplies reduced to  46.8863% Note: One successful source step
Supplies reduced to  59.8609% Supplies reduced to  46.8863% Note: One successful source step
Supplies reduced to  47.8863% Note: One successful source step
Supplies reduced to  49.3863% Note: One successful source step
Supplies reduced to  51.6363% Note: One successful source step
Supplies reduced to  55.0113% Note: One successful source step
Supplies reduced to  60.0738% Note: One successful source step
Supplies reduced to  67.6675% Supplies reduced to  60.0738% Note: One successful source step
Supplies reduced to  61.0738% Note: One successful source step
Supplies reduced to  62.5738% Note: One successful source step
Supplies reduced to  64.8238% Supplies reduced to  62.5738% Note: One successful source step
Supplies reduced to  62.9113% Note: One successful source step
Supplies reduced to  63.4175% Note: One successful source step
Supplies reduced to  64.1769% Note: One successful source step
Supplies reduced to  65.3160% Supplies reduced to  64.1769% Note: One successful source step
Supplies reduced to  64.3478% Supplies reduced to  64.1769% Note: One successful source step
Supplies reduced to  64.2025% Supplies reduced to  64.1769% Note: One successful source step
Supplies reduced to  64.1807% Note: One successful source step
Supplies reduced to  64.1865% Note: One successful source step
Supplies reduced to  64.1952% Note: One successful source step
Supplies reduced to  64.2081% Note: One successful source step
Supplies reduced to  64.2276% Note: One successful source step
Supplies reduced to  64.2568% Note: One successful source step
Supplies reduced to  64.3006% Note: One successful source step
Supplies reduced to  64.3663% Note: One successful source step
Supplies reduced to  64.4648% Note: One successful source step
Supplies reduced to  64.6126% Note: One successful source step
Supplies reduced to  64.8343% Note: One successful source step
Supplies reduced to  65.1668% Note: One successful source step
Supplies reduced to  65.6656% Note: One successful source step
Supplies reduced to  66.4138% Note: One successful source step
Supplies reduced to  67.5360% Note: One successful source step
Supplies reduced to  69.2194% Note: One successful source step
Supplies reduced to  71.7446% Note: One successful source step
Supplies reduced to  75.5322% Note: One successful source step
Supplies reduced to  81.2138% Note: One successful source step
Supplies reduced to  89.7360% Note: One successful source step
Supplies reduced to 100.0000% Note: One successful source step
Note: Source stepping completed
 Reference value :  2.80000e+00Note: Starting true gmin stepping
Trying gmin =   1.0000E-03 Note: One successful gmin step
Trying gmin =   1.0000E-04 Note: One successful gmin step
Trying gmin =   1.0000E-05 Note: One successful gmin step
Trying gmin =   1.0000E-06 Note: One successful gmin step
Trying gmin =   1.0000E-07 Note: One successful gmin step
Trying gmin =   1.0000E-08 Warning: Further gmin increment
Trying gmin =   5.6234E-08 Note: One successful gmin step
Trying gmin =   2.3714E-08 Note: One successful gmin step
Trying gmin =   1.0000E-08 Note: One successful gmin step
Trying gmin =   2.7384E-09 Note: One successful gmin step
Trying gmin =   3.9242E-10 Warning: Further gmin increment
Trying gmin =   1.6849E-09 Warning: Further gmin increment
Trying gmin =   2.4253E-09 Note: One successful gmin step
Trying gmin =   2.0215E-09 Warning: Further gmin increment
Trying gmin =   2.3173E-09 Note: One successful gmin step
Trying gmin =   2.1643E-09 Note: One successful gmin step
Trying gmin =   1.9536E-09 Warning: Further gmin increment
Trying gmin =   2.1096E-09 Note: One successful gmin step
Trying gmin =   2.0301E-09 Note: One successful gmin step
Trying gmin =   1.9536E-09 Note: One successful gmin step
Trying gmin =   1.8442E-09 Note: One successful gmin step
Trying gmin =   1.6915E-09 Note: One successful gmin step
Trying gmin =   1.4858E-09 Note: One successful gmin step
Trying gmin =   1.2231E-09 Note: One successful gmin step
Trying gmin =   9.1364E-10 Note: One successful gmin step
Trying gmin =   5.8981E-10 Note: One successful gmin step
Trying gmin =   3.0593E-10 Note: One successful gmin step
Trying gmin =   1.1429E-10 Note: One successful gmin step
Trying gmin =   2.6095E-11 Note: One successful gmin step
Trying gmin =   2.8470E-12 Note: One successful gmin step
Trying gmin =   1.0000E-12 Note: One successful gmin step
Note: True gmin stepping completed
 Reference value :  1.28000e+00Note: Starting true gmin stepping
Trying gmin =   1.0000E-03 Note: One successful gmin step
Trying gmin =   1.0000E-04 Note: One successful gmin step
Trying gmin =   1.0000E-05 Note: One successful gmin step
Trying gmin =   1.0000E-06 Note: One successful gmin step
Trying gmin =   1.0000E-07 Note: One successful gmin step
Trying gmin =   1.0000E-08 Warning: Further gmin increment
Trying gmin =   5.6234E-08 Note: One successful gmin step
Trying gmin =   2.3714E-08 Note: One successful gmin step
Trying gmin =   6.4938E-09 Note: One successful gmin step
Trying gmin =   9.3057E-10 Warning: Further gmin increment
Trying gmin =   3.9954E-09 Note: One successful gmin step
Trying gmin =   1.9282E-09 Note: One successful gmin step
Trying gmin =   6.4647E-10 Warning: Further gmin increment
Trying gmin =   1.4672E-09 Warning: Further gmin increment
Trying gmin =   1.8009E-09 Note: One successful gmin step
Trying gmin =   1.6255E-09 Note: One successful gmin step
Trying gmin =   1.3940E-09 Warning: Further gmin increment
Trying gmin =   1.5643E-09 Note: One successful gmin step
Trying gmin =   1.4767E-09 Warning: Further gmin increment
Trying gmin =   1.5419E-09 Note: One successful gmin step
Trying gmin =   1.5089E-09 Note: One successful gmin step
Trying gmin =   1.4608E-09 Warning: Further gmin increment
Trying gmin =   1.4968E-09 Warning: Further gmin increment
Trying gmin =   1.5059E-09 Warning: Further gmin increment
Trying gmin =   1.5082E-09 Note: One successful gmin step
Trying gmin =   1.5070E-09 Note: One successful gmin step
Trying gmin =   1.5053E-09 Warning: Further gmin increment
Trying gmin =   1.5066E-09 Note: One successful gmin step
Trying gmin =   1.5060E-09 Warning: Further gmin increment
Trying gmin =   1.5064E-09 Warning: Further gmin increment
Trying gmin =   1.5066E-09 Note: One successful gmin step
Trying gmin =   1.5065E-09 Note: One successful gmin step
Trying gmin =   1.5064E-09 Warning: Further gmin increment
Trying gmin =   1.5065E-09 Note: One successful gmin step
Trying gmin =   1.5064E-09 Warning: Last gmin step failed
Warning: True gmin stepping failed
Note: Starting dynamic gmin stepping
Trying gmin =   1.0000E-03 Note: One successful gmin step
Trying gmin =   1.0000E-04 Note: One successful gmin step
Trying gmin =   1.0000E-05 Note: One successful gmin step
Trying gmin =   1.0000E-06 Note: One successful gmin step
Trying gmin =   1.0000E-07 Note: One successful gmin step
Trying gmin =   1.0000E-08 Note: One successful gmin step
Trying gmin =   1.0000E-09 Warning: Further gmin increment
Trying gmin =   5.6234E-09 Warning: Further gmin increment
Trying gmin =   8.6596E-09 Note: One successful gmin step
Trying gmin =   6.9783E-09 Warning: Further gmin increment
Trying gmin =   8.2047E-09 Note: One successful gmin step
Trying gmin =   7.5667E-09 Note: One successful gmin step
Trying gmin =   6.7015E-09 Warning: Further gmin increment
Trying gmin =   7.3404E-09 Note: One successful gmin step
Trying gmin =   7.0137E-09 Note: One successful gmin step
Trying gmin =   6.5506E-09 Warning: Further gmin increment
Trying gmin =   6.8950E-09 Warning: Further gmin increment
Trying gmin =   6.9838E-09 Note: One successful gmin step
Trying gmin =   6.9392E-09 Note: One successful gmin step
Trying gmin =   6.8729E-09 Note: One successful gmin step
Trying gmin =   6.7746E-09 Note: One successful gmin step
Trying gmin =   6.6298E-09 Note: One successful gmin step
Trying gmin =   6.4183E-09 Note: One successful gmin step
Trying gmin =   6.1137E-09 Note: One successful gmin step
Trying gmin =   5.6836E-09 Note: One successful gmin step
Trying gmin =   5.0946E-09 Note: One successful gmin step
Trying gmin =   4.3235E-09 Note: One successful gmin step
Trying gmin =   3.3801E-09 Note: One successful gmin step
Trying gmin =   2.3365E-09 Note: One successful gmin step
Trying gmin =   1.3429E-09 Note: One successful gmin step
Trying gmin =   5.8508E-10 Note: One successful gmin step
Trying gmin =   1.6827E-10 Note: One successful gmin step
Trying gmin =   2.5952E-11 Note: One successful gmin step
Trying gmin =   2.5952E-12 Note: One successful gmin step
Trying gmin =   1.0000E-12 Note: One successful gmin step
Note: Dynamic gmin stepping completed
 Reference value :  1.26000e+00
No compatibility mode selected!


Circuit: * ldo netlist 

Doing analysis at TEMP = 0.000000 and TNOM = 27.000000


No. of Data Rows : 86
temp_coeff = 5.531082e+01
Doing analysis at TEMP = 0.000000 and TNOM = 27.000000


No. of Data Rows : 141
vldo_sup_2          =  1.796490e+00
vldo_sup_2_8        =  1.795426e+00
line_reg = 1.330000e-03
Note: Starting true gmin stepping
Trying gmin =   1.0000E-03 Note: One successful gmin step
Trying gmin =   1.0000E-04 Note: One successful gmin step
Trying gmin =   1.0000E-05 Note: One successful gmin step
Trying gmin =   1.0000E-06 Note: One successful gmin step
Trying gmin =   1.0000E-07 Warning: Further gmin increment
Trying gmin =   5.6234E-07 Note: One successful gmin step
Trying gmin =   2.3714E-07 Note: One successful gmin step
Trying gmin =   6.4938E-08 Note: One successful gmin step
Trying gmin =   3.3982E-08 Warning: Further gmin increment
Trying gmin =   5.5232E-08 Note: One successful gmin step
Trying gmin =   4.3323E-08 Warning: Further gmin increment
Trying gmin =   5.1978E-08 Note: One successful gmin step
Trying gmin =   4.7454E-08 Warning: Further gmin increment
Trying gmin =   5.0808E-08 Note: One successful gmin step
Trying gmin =   4.9102E-08 Note: One successful gmin step
Trying gmin =   4.7454E-08 Note: One successful gmin step
Trying gmin =   4.5084E-08 Note: One successful gmin step
Trying gmin =   4.1749E-08 Note: One successful gmin step
Trying gmin =   3.7204E-08 Note: One successful gmin step
Trying gmin =   3.1298E-08 Note: One successful gmin step
Trying gmin =   2.4148E-08 Note: One successful gmin step
Trying gmin =   1.6366E-08 Note: One successful gmin step
Trying gmin =   9.1313E-09 Note: One successful gmin step
Trying gmin =   3.8055E-09 Note: One successful gmin step
Trying gmin =   1.0239E-09 Warning: Further gmin increment
Trying gmin =   2.7408E-09 Note: One successful gmin step
Trying gmin =   1.6752E-09 Warning: Further gmin increment
Trying gmin =   2.4234E-09 Note: One successful gmin step
Trying gmin =   2.0148E-09 Note: One successful gmin step
Trying gmin =   1.5274E-09 Warning: Further gmin increment
Trying gmin =   1.8801E-09 Note: One successful gmin step
Trying gmin =   1.6946E-09 Warning: Further gmin increment
Trying gmin =   1.8319E-09 Note: One successful gmin step
Trying gmin =   1.7619E-09 Note: One successful gmin step
Trying gmin =   1.6619E-09 Warning: Further gmin increment
Trying gmin =   1.7364E-09 Note: One successful gmin step
Trying gmin =   1.6987E-09 Warning: Further gmin increment
Trying gmin =   1.7269E-09 Note: One successful gmin step
Trying gmin =   1.7127E-09 Note: One successful gmin step
Trying gmin =   1.6918E-09 Warning: Further gmin increment
Trying gmin =   1.7075E-09 Warning: Further gmin increment
Trying gmin =   1.7114E-09 Note: One successful gmin step
Trying gmin =   1.7094E-09 Warning: Further gmin increment
Trying gmin =   1.7109E-09 Note: One successful gmin step
Trying gmin =   1.7102E-09 Note: One successful gmin step
Trying gmin =   1.7091E-09 Warning: Further gmin increment
Trying gmin =   1.7099E-09 Note: One successful gmin step
Trying gmin =   1.7095E-09 Note: One successful gmin step
Trying gmin =   1.7091E-09 Warning: Further gmin increment
Trying gmin =   1.7094E-09 Warning: Further gmin increment
Trying gmin =   1.7095E-09 Warning: Last gmin step failed
Warning: True gmin stepping failed
Note: Starting dynamic gmin stepping
Trying gmin =   1.0000E-03 Note: One successful gmin step
Trying gmin =   1.0000E-04 Note: One successful gmin step
Trying gmin =   1.0000E-05 Note: One successful gmin step
Trying gmin =   1.0000E-06 Note: One successful gmin step
Trying gmin =   1.0000E-07 Warning: Further gmin increment
Trying gmin =   5.6234E-07 Note: One successful gmin step
Trying gmin =   2.3714E-07 Warning: Further gmin increment
Trying gmin =   4.5316E-07 Note: One successful gmin step
Trying gmin =   3.2781E-07 Warning: Further gmin increment
Trying gmin =   4.1792E-07 Note: One successful gmin step
Trying gmin =   3.7013E-07 Warning: Further gmin increment
Trying gmin =   4.0542E-07 Note: One successful gmin step
Trying gmin =   3.8738E-07 Note: One successful gmin step
Trying gmin =   3.6180E-07 Warning: Further gmin increment
Trying gmin =   3.8082E-07 Note: One successful gmin step
Trying gmin =   3.7119E-07 Warning: Further gmin increment
Trying gmin =   3.7839E-07 Note: One successful gmin step
Trying gmin =   3.7477E-07 Warning: Further gmin increment
Trying gmin =   3.7748E-07 Warning: Further gmin increment
Trying gmin =   3.7816E-07 Note: One successful gmin step
Trying gmin =   3.7782E-07 Warning: Further gmin increment
Trying gmin =   3.7808E-07 Warning: Further gmin increment
Trying gmin =   3.7814E-07 Warning: Further gmin increment
Trying gmin =   3.7816E-07 Note: One successful gmin step
Trying gmin =   3.7815E-07 Note: One successful gmin step
Trying gmin =   3.7814E-07 Warning: Last gmin step failed
Warning: Dynamic gmin stepping failed
Note: Starting source stepping
Supplies reduced to   0.0000% Note: One successful source step
Supplies reduced to   0.1000% Note: One successful source step
Supplies reduced to   0.2000% Note: One successful source step
Supplies reduced to   0.3500% Note: One successful source step
Supplies reduced to   0.5750% Note: One successful source step
Supplies reduced to   0.9125% Note: One successful source step
Supplies reduced to   1.4188% Note: One successful source step
Supplies reduced to   2.1781% Note: One successful source step
Supplies reduced to   3.3172% Note: One successful source step
Supplies reduced to   5.0258% Note: One successful source step
Supplies reduced to   7.5887% Note: One successful source step
Supplies reduced to  11.4330% Note: One successful source step
Supplies reduced to  17.1995% Note: One successful source step
Supplies reduced to  25.8493% Note: One successful source step
Supplies reduced to  38.8239% Supplies reduced to  25.8493% Note: One successful source step
Supplies reduced to  26.8493% Note: One successful source step
Supplies reduced to  28.3493% Note: One successful source step
Supplies reduced to  30.5993% Note: One successful source step
Supplies reduced to  33.9743% Note: One successful source step
Supplies reduced to  39.0368% Note: One successful source step
Supplies reduced to  44.0993% Note: One successful source step
Supplies reduced to  51.6930% Note: One successful source step
Supplies reduced to  63.0836% Note: One successful source step
Supplies reduced to  80.1696% Supplies reduced to  63.0836% Note: One successful source step
Supplies reduced to  63.9379% Note: One successful source step
Supplies reduced to  65.2194% Note: One successful source step
Supplies reduced to  67.1416% Note: One successful source step
Supplies reduced to  70.0248% Note: One successful source step
Supplies reduced to  74.3497% Note: One successful source step
Supplies reduced to  80.8370% Note: One successful source step
Supplies reduced to  90.5680% Supplies reduced to  80.8370% Note: One successful source step
Supplies reduced to  81.8370% Note: One successful source step
Supplies reduced to  83.3370% Note: One successful source step
Supplies reduced to  85.5870% Note: One successful source step
Supplies reduced to  88.9620% Supplies reduced to  85.5870% Note: One successful source step
Supplies reduced to  86.0932% Supplies reduced to  85.5870% Note: One successful source step
Supplies reduced to  85.6629% Supplies reduced to  85.5870% Note: One successful source step
Supplies reduced to  85.5984% Note: One successful source step
Supplies reduced to  85.6155% Note: One successful source step
Supplies reduced to  85.6411% Note: One successful source step
Supplies reduced to  85.6795% Note: One successful source step
Supplies reduced to  85.7372% Note: One successful source step
Supplies reduced to  85.8237% Note: One successful source step
Supplies reduced to  85.9535% Note: One successful source step
Supplies reduced to  86.1481% Note: One successful source step
Supplies reduced to  86.4400% Note: One successful source step
Supplies reduced to  86.8779% Note: One successful source step
Supplies reduced to  87.5347% Note: One successful source step
Supplies reduced to  88.5200% Note: One successful source step
Supplies reduced to  89.9979% Note: One successful source step
Supplies reduced to  92.2147% Note: One successful source step
Supplies reduced to  95.5400% Note: One successful source step
Supplies reduced to 100.0000% Note: One successful source step
Note: Source stepping completed
 Reference value :  1.00000e+00vin                 =  1.764095e+00
dropout = 9.500000e-05
Doing analysis at TEMP = 0.000000 and TNOM = 27.000000


No. of Data Rows : 91
Note: Starting true gmin stepping
Trying gmin =   1.0000E-03 Note: One successful gmin step
Trying gmin =   1.0000E-04 Note: One successful gmin step
Trying gmin =   1.0000E-05 Note: One successful gmin step
Trying gmin =   1.0000E-06 Note: One successful gmin step
Trying gmin =   1.0000E-07 Warning: Further gmin increment
Trying gmin =   5.6234E-07 Note: One successful gmin step
Trying gmin =   2.3714E-07 Note: One successful gmin step
Trying gmin =   6.4938E-08 Note: One successful gmin step
Trying gmin =   3.3982E-08 Warning: Further gmin increment
Trying gmin =   5.5232E-08 Note: One successful gmin step
Trying gmin =   4.3323E-08 Warning: Further gmin increment
Trying gmin =   5.1978E-08 Note: One successful gmin step
Trying gmin =   4.7454E-08 Warning: Further gmin increment
Trying gmin =   5.0808E-08 Note: One successful gmin step
Trying gmin =   4.9102E-08 Note: One successful gmin step
Trying gmin =   4.7454E-08 Note: One successful gmin step
Trying gmin =   4.5084E-08 Note: One successful gmin step
Trying gmin =   4.1749E-08 Note: One successful gmin step
Trying gmin =   3.7204E-08 Note: One successful gmin step
Trying gmin =   3.1298E-08 Note: One successful gmin step
Trying gmin =   2.4148E-08 Note: One successful gmin step
Trying gmin =   1.6366E-08 Note: One successful gmin step
Trying gmin =   9.1313E-09 Note: One successful gmin step
Trying gmin =   3.8055E-09 Note: One successful gmin step
Trying gmin =   1.0239E-09 Warning: Further gmin increment
Trying gmin =   2.7408E-09 Note: One successful gmin step
Trying gmin =   1.6752E-09 Warning: Further gmin increment
Trying gmin =   2.4234E-09 Note: One successful gmin step
Trying gmin =   2.0148E-09 Note: One successful gmin step
Trying gmin =   1.5274E-09 Warning: Further gmin increment
Trying gmin =   1.8801E-09 Note: One successful gmin step
Trying gmin =   1.6946E-09 Warning: Further gmin increment
Trying gmin =   1.8319E-09 Note: One successful gmin step
Trying gmin =   1.7619E-09 Note: One successful gmin step
Trying gmin =   1.6619E-09 Warning: Further gmin increment
Trying gmin =   1.7364E-09 Note: One successful gmin step
Trying gmin =   1.6987E-09 Warning: Further gmin increment
Trying gmin =   1.7269E-09 Note: One successful gmin step
Trying gmin =   1.7127E-09 Warning: Further gmin increment
Trying gmin =   1.7233E-09 Note: One successful gmin step
Trying gmin =   1.7180E-09 Warning: Further gmin increment
Trying gmin =   1.7220E-09 Note: One successful gmin step
Trying gmin =   1.7200E-09 Warning: Further gmin increment
Trying gmin =   1.7215E-09 Note: One successful gmin step
Trying gmin =   1.7208E-09 Note: One successful gmin step
Trying gmin =   1.7196E-09 Warning: Further gmin increment
Trying gmin =   1.7205E-09 Note: One successful gmin step
Trying gmin =   1.7201E-09 Warning: Further gmin increment
Trying gmin =   1.7204E-09 Note: One successful gmin step
Trying gmin =   1.7203E-09 Warning: Further gmin increment
Trying gmin =   1.7204E-09 Note: One successful gmin step
Trying gmin =   1.7203E-09 Warning: Further gmin increment
Trying gmin =   1.7203E-09 Warning: Last gmin step failed
Warning: True gmin stepping failed
Note: Starting dynamic gmin stepping
Trying gmin =   1.0000E-03 Note: One successful gmin step
Trying gmin =   1.0000E-04 Note: One successful gmin step
Trying gmin =   1.0000E-05 Note: One successful gmin step
Trying gmin =   1.0000E-06 Note: One successful gmin step
Trying gmin =   1.0000E-07 Warning: Further gmin increment
Trying gmin =   5.6234E-07 Note: One successful gmin step
Trying gmin =   2.3714E-07 Warning: Further gmin increment
Trying gmin =   4.5316E-07 Note: One successful gmin step
Trying gmin =   3.2781E-07 Warning: Further gmin increment
Trying gmin =   4.1792E-07 Note: One successful gmin step
Trying gmin =   3.7013E-07 Warning: Further gmin increment
Trying gmin =   4.0542E-07 Note: One successful gmin step
Trying gmin =   3.8738E-07 Note: One successful gmin step
Trying gmin =   3.6180E-07 Warning: Further gmin increment
Trying gmin =   3.8082E-07 Note: One successful gmin step
Trying gmin =   3.7119E-07 Warning: Further gmin increment
Trying gmin =   3.7839E-07 Note: One successful gmin step
Trying gmin =   3.7477E-07 Warning: Further gmin increment
Trying gmin =   3.7748E-07 Warning: Further gmin increment
Trying gmin =   3.7816E-07 Note: One successful gmin step
Trying gmin =   3.7782E-07 Warning: Further gmin increment
Trying gmin =   3.7808E-07 Warning: Further gmin increment
Trying gmin =   3.7814E-07 Warning: Further gmin increment
Trying gmin =   3.7816E-07 Note: One successful gmin step
Trying gmin =   3.7815E-07 Note: One successful gmin step
Trying gmin =   3.7814E-07 Warning: Last gmin step failed
Warning: Dynamic gmin stepping failed
Note: Starting source stepping
Supplies reduced to   0.0000% Note: One successful source step
Supplies reduced to   0.1000% Note: One successful source step
Supplies reduced to   0.2000% Note: One successful source step
Supplies reduced to   0.3500% Note: One successful source step
Supplies reduced to   0.5750% Note: One successful source step
Supplies reduced to   0.9125% Note: One successful source step
Supplies reduced to   1.4188% Note: One successful source step
Supplies reduced to   2.1781% Note: One successful source step
Supplies reduced to   3.3172% Note: One successful source step
Supplies reduced to   5.0258% Note: One successful source step
Supplies reduced to   7.5887% Note: One successful source step
Supplies reduced to  11.4330% Note: One successful source step
Supplies reduced to  17.1995% Note: One successful source step
Supplies reduced to  25.8493% Note: One successful source step
Supplies reduced to  38.8239% Supplies reduced to  25.8493% Note: One successful source step
Supplies reduced to  26.8493% Note: One successful source step
Supplies reduced to  28.3493% Note: One successful source step
Supplies reduced to  30.5993% Note: One successful source step
Supplies reduced to  33.9743% Note: One successful source step
Supplies reduced to  39.0368% Note: One successful source step
Supplies reduced to  44.0993% Note: One successful source step
Supplies reduced to  51.6930% Note: One successful source step
Supplies reduced to  63.0836% Note: One successful source step
Supplies reduced to  80.1696% Supplies reduced to  63.0836% Note: One successful source step
Supplies reduced to  63.9379% Note: One successful source step
Supplies reduced to  65.2194% Note: One successful source step
Supplies reduced to  67.1416% Note: One successful source step
Supplies reduced to  70.0248% Note: One successful source step
Supplies reduced to  74.3497% Note: One successful source step
Supplies reduced to  80.8370% Note: One successful source step
Supplies reduced to  90.5680% Supplies reduced to  80.8370% Note: One successful source step
Supplies reduced to  81.8370% Note: One successful source step
Supplies reduced to  83.3370% Note: One successful source step
Supplies reduced to  85.5870% Note: One successful source step
Supplies reduced to  88.9620% Supplies reduced to  85.5870% Note: One successful source step
Supplies reduced to  86.0932% Supplies reduced to  85.5870% Note: One successful source step
Supplies reduced to  85.6629% Supplies reduced to  85.5870% Note: One successful source step
Supplies reduced to  85.5984% Note: One successful source step
Supplies reduced to  85.6155% Note: One successful source step
Supplies reduced to  85.6411% Note: One successful source step
Supplies reduced to  85.6795% Note: One successful source step
Supplies reduced to  85.7372% Note: One successful source step
Supplies reduced to  85.8237% Note: One successful source step
Supplies reduced to  85.9535% Note: One successful source step
Supplies reduced to  86.1481% Note: One successful source step
Supplies reduced to  86.4400% Note: One successful source step
Supplies reduced to  86.8779% Note: One successful source step
Supplies reduced to  87.5347% Note: One successful source step
Supplies reduced to  88.5200% Note: One successful source step
Supplies reduced to  89.9979% Note: One successful source step
Supplies reduced to  92.2147% Note: One successful source step
Supplies reduced to  95.5400% Note: One successful source step
Supplies reduced to 100.0000% Note: One successful source step
Note: Source stepping completed
 Reference value :  1.00000e+00Note: No ".plot", ".print", or ".fourier" lines; no simulations run
pm                  =  6.768485e+01
Doing analysis at TEMP = 0.000000 and TNOM = 27.000000


No. of Data Rows : 91
psrr100             =  -5.384453e+01
psrr100k            =  -2.634535e+01
