 Reference value :  8.00000e+01Note: Starting true gmin stepping
Trying gmin =   1.0000E-03 Note: One successful gmin step
Trying gmin =   1.0000E-04 Note: One successful gmin step
Trying gmin =   1.0000E-05 Note: One successful gmin step
Trying gmin =   1.0000E-06 Note: One successful gmin step
Trying gmin =   1.0000E-07 Warning: Further gmin increment
Trying gmin =   5.6234E-07 Note: One successful gmin step
Trying gmin =   2.3714E-07 Note: One successful gmin step
Trying gmin =   6.4938E-08 Warning: Further gmin increment
Trying gmin =   1.7154E-07 Warning: Further gmin increment
Trying gmin =   2.1870E-07 Note: One successful gmin step
Trying gmin =   1.9369E-07 Note: One successful gmin step
Trying gmin =   1.6144E-07 Warning: Further gmin increment
Trying gmin =   1.8507E-07 Warning: Further gmin increment
Trying gmin =   1.9150E-07 Note: One successful gmin step
Trying gmin =   1.8826E-07 Warning: Further gmin increment
Trying gmin =   1.9068E-07 Warning: Further gmin increment
Trying gmin =   1.9129E-07 Note: One successful gmin step
Trying gmin =   1.9099E-07 Warning: Further gmin increment
Trying gmin =   1.9122E-07 Warning: Further gmin increment
Trying gmin =   1.9128E-07 Warning: Further gmin increment
Trying gmin =   1.9129E-07 Note: One successful gmin step
Trying gmin =   1.9128E-07 Note: One successful gmin step
Trying gmin =   1.9127E-07 Warning: Further gmin increment
Trying gmin =   1.9128E-07 Warning: Last gmin step failed
Warning: True gmin stepping failed
Note: Starting dynamic gmin stepping
Trying gmin =   1.0000E-03 Note: One successful gmin step
Trying gmin =   1.0000E-04 Note: One successful gmin step
Trying gmin =   1.0000E-05 Note: One successful gmin step
Trying gmin =   1.0000E-06 Note: One successful gmin step
Trying gmin =   1.0000E-07 Warning: Further gmin increment
Trying gmin =   5.6234E-07 Warning: Further gmin increment
Trying gmin =   8.6596E-07 Warning: Further gmin increment
Trying gmin =   9.6466E-07 Note: One successful gmin step
Trying gmin =   9.1398E-07 Warning: Further gmin increment
Trying gmin =   9.5173E-07 Warning: Further gmin increment
Trying gmin =   9.6141E-07 Warning: Further gmin increment
Trying gmin =   9.6385E-07 Note: One successful gmin step
Trying gmin =   9.6263E-07 Warning: Further gmin increment
Trying gmin =   9.6354E-07 Warning: Further gmin increment
Trying gmin =   9.6377E-07 Note: One successful gmin step
Trying gmin =   9.6366E-07 Warning: Further gmin increment
Trying gmin =   9.6374E-07 Note: One successful gmin step
Trying gmin =   9.6370E-07 Warning: Last gmin step failed
Warning: Dynamic gmin stepping failed
Note: Starting source stepping
Supplies reduced to   0.0000% Note: One successful source step
Supplies reduced to   0.1000% Note: One successful source step
Supplies reduced to   0.2000% Note: One successful source step
Supplies reduced to   0.3500% Note: One successful source step
Supplies reduced to   0.5750% Note: One successful source step
Supplies reduced to   0.9125% Note: One successful source step
Supplies reduced to   1.4188% Note: One successful source step
Supplies reduced to   2.1781% Note: One successful source step
Supplies reduced to   3.3172% Note: One successful source step
Supplies reduced to   5.0258% Note: One successful source step
Supplies reduced to   7.5887% Note: One successful source step
Supplies reduced to  11.4330% Note: One successful source step
Supplies reduced to  17.1995% Note: One successful source step
Supplies reduced to  25.8493% Note: One successful source step
Supplies reduced to  38.8239% Supplies reduced to  25.8493% Note: One successful source step
Supplies reduced to  26.8493% Note: One successful source step
Supplies reduced to  28.3493% Note: One successful source step
Supplies reduced to  30.5993% Note: One successful source step
Supplies reduced to  33.9743% Note: One successful source step
Supplies reduced to  39.0368% Note: One successful source step
Supplies reduced to  46.6305% Note: One successful source step
Supplies reduced to  54.2243% Note: One successful source step
Supplies reduced to  58.0211% Note: One successful source step
Supplies reduced to  61.8180% Note: One successful source step
Supplies reduced to  67.5133% Note: One successful source step
Supplies reduced to  76.0563% Note: One successful source step
Supplies reduced to  84.5993% Note: One successful source step
Supplies reduced to  97.4137% Note: One successful source step
Supplies reduced to 100.0000% Note: One successful source step
Note: Source stepping completed
 Reference value :  3.00000e+00Note: Starting true gmin stepping
Trying gmin =   1.0000E-03 Note: One successful gmin step
Trying gmin =   1.0000E-04 Note: One successful gmin step
Trying gmin =   1.0000E-05 Note: One successful gmin step
Trying gmin =   1.0000E-06 Note: One successful gmin step
Trying gmin =   1.0000E-07 Note: One successful gmin step
Trying gmin =   1.0000E-08 Note: One successful gmin step
Trying gmin =   1.0000E-09 Note: One successful gmin step
Trying gmin =   1.0000E-10 Warning: Further gmin increment
Trying gmin =   5.6234E-10 Note: One successful gmin step
Trying gmin =   2.3714E-10 Warning: Further gmin increment
Trying gmin =   4.5316E-10 Warning: Further gmin increment
Trying gmin =   5.3280E-10 Note: One successful gmin step
Trying gmin =   4.9137E-10 Note: One successful gmin step
Trying gmin =   4.3518E-10 Warning: Further gmin increment
Trying gmin =   4.7668E-10 Note: One successful gmin step
Trying gmin =   4.5546E-10 Warning: Further gmin increment
Trying gmin =   4.7128E-10 Warning: Further gmin increment
Trying gmin =   4.7532E-10 Note: One successful gmin step
Trying gmin =   4.7330E-10 Warning: Further gmin increment
Trying gmin =   4.7481E-10 Note: One successful gmin step
Trying gmin =   4.7405E-10 Note: One successful gmin step
Trying gmin =   4.7292E-10 Warning: Further gmin increment
Trying gmin =   4.7377E-10 Note: One successful gmin step
Trying gmin =   4.7334E-10 Warning: Further gmin increment
Trying gmin =   4.7366E-10 Note: One successful gmin step
Trying gmin =   4.7350E-10 Warning: Further gmin increment
Trying gmin =   4.7362E-10 Note: One successful gmin step
Trying gmin =   4.7356E-10 Note: One successful gmin step
Trying gmin =   4.7347E-10 Warning: Further gmin increment
Trying gmin =   4.7354E-10 Note: One successful gmin step
Trying gmin =   4.7351E-10 Note: One successful gmin step
Trying gmin =   4.7348E-10 Warning: Further gmin increment
Trying gmin =   4.7350E-10 Warning: Last gmin step failed
Warning: True gmin stepping failed
Note: Starting dynamic gmin stepping
Trying gmin =   1.0000E-03 Note: One successful gmin step
Trying gmin =   1.0000E-04 Note: One successful gmin step
Trying gmin =   1.0000E-05 Note: One successful gmin step
Trying gmin =   1.0000E-06 Note: One successful gmin step
Trying gmin =   1.0000E-07 Note: One successful gmin step
Trying gmin =   1.0000E-08 Warning: Further gmin increment
Trying gmin =   5.6234E-08 Note: One successful gmin step
Trying gmin =   2.3714E-08 Note: One successful gmin step
Trying gmin =   6.4938E-09 Note: One successful gmin step
Trying gmin =   1.7783E-09 Warning: Further gmin increment
Trying gmin =   4.6976E-09 Note: One successful gmin step
Trying gmin =   2.8903E-09 Warning: Further gmin increment
Trying gmin =   4.1605E-09 Note: One successful gmin step
Trying gmin =   3.4677E-09 Note: One successful gmin step
Trying gmin =   3.1658E-09 Note: One successful gmin step
Trying gmin =   2.7616E-09 Note: One successful gmin step
Trying gmin =   2.2499E-09 Note: One successful gmin step
Trying gmin =   1.6546E-09 Note: One successful gmin step
Trying gmin =   1.0434E-09 Note: One successful gmin step
Trying gmin =   5.2255E-10 Note: One successful gmin step
Trying gmin =   1.8519E-10 Note: One successful gmin step
Trying gmin =   3.9071E-11 Note: One successful gmin step
Trying gmin =   3.9071E-12 Note: One successful gmin step
Trying gmin =   1.0000E-12 Note: One successful gmin step
Note: Dynamic gmin stepping completed
 Reference value :  1.38000e+00Note: Starting true gmin stepping
Trying gmin =   1.0000E-03 Note: One successful gmin step
Trying gmin =   1.0000E-04 Note: One successful gmin step
Trying gmin =   1.0000E-05 Note: One successful gmin step
Trying gmin =   1.0000E-06 Note: One successful gmin step
Trying gmin =   1.0000E-07 Note: One successful gmin step
Trying gmin =   1.0000E-08 Note: One successful gmin step
Trying gmin =   1.0000E-09 Note: One successful gmin step
Trying gmin =   1.0000E-10 Note: One successful gmin step
Trying gmin =   3.1623E-11 Note: One successful gmin step
Trying gmin =   5.6234E-12 Note: One successful gmin step
Trying gmin =   1.0000E-12 Note: One successful gmin step
Note: True gmin stepping completed

No compatibility mode selected!


Circuit: * ldo netlist 

Doing analysis at TEMP = 0.000000 and TNOM = 27.000000


No. of Data Rows : 81
temp_coeff = 2.789144e+01
Doing analysis at TEMP = 0.000000 and TNOM = 27.000000


No. of Data Rows : 151
vldo_sup_2          =  1.800292e+00
vldo_sup_3          =  1.798899e+00
line_reg = -1.39300e-03
Note: Starting true gmin stepping
Trying gmin =   1.0000E-03 Note: One successful gmin step
Trying gmin =   1.0000E-04 Note: One successful gmin step
Trying gmin =   1.0000E-05 Note: One successful gmin step
Trying gmin =   1.0000E-06 Note: One successful gmin step
Trying gmin =   1.0000E-07 Warning: Further gmin increment
Trying gmin =   5.6234E-07 Note: One successful gmin step
Trying gmin =   3.1623E-07 Note: One successful gmin step
Trying gmin =   1.3335E-07 Warning: Further gmin increment
Trying gmin =   2.5483E-07 Note: One successful gmin step
Trying gmin =   1.8434E-07 Warning: Further gmin increment
Trying gmin =   2.3501E-07 Note: One successful gmin step
Trying gmin =   2.0814E-07 Note: One successful gmin step
Trying gmin =   1.7348E-07 Note: One successful gmin step
Trying gmin =   1.3201E-07 Note: One successful gmin step
Trying gmin =   8.7625E-08 Note: One successful gmin step
Trying gmin =   4.7387E-08 Note: One successful gmin step
Trying gmin =   1.8845E-08 Warning: Further gmin increment
Trying gmin =   3.7631E-08 Note: One successful gmin step
Trying gmin =   2.6630E-08 Warning: Further gmin increment
Trying gmin =   3.4515E-08 Warning: Further gmin increment
Trying gmin =   3.6827E-08 Note: One successful gmin step
Trying gmin =   3.5652E-08 Warning: Further gmin increment
Trying gmin =   3.6529E-08 Note: One successful gmin step
Trying gmin =   3.6088E-08 Note: One successful gmin step
Trying gmin =   3.5436E-08 Warning: Further gmin increment
Trying gmin =   3.5924E-08 Warning: Further gmin increment
Trying gmin =   3.6047E-08 Note: One successful gmin step
Trying gmin =   3.5985E-08 Warning: Further gmin increment
Trying gmin =   3.6031E-08 Warning: Further gmin increment
Trying gmin =   3.6043E-08 Note: One successful gmin step
Trying gmin =   3.6037E-08 Note: One successful gmin step
Trying gmin =   3.6029E-08 Warning: Further gmin increment
Trying gmin =   3.6035E-08 Warning: Further gmin increment
Trying gmin =   3.6037E-08 Note: One successful gmin step
Trying gmin =   3.6036E-08 Warning: Last gmin step failed
Warning: True gmin stepping failed
Note: Starting dynamic gmin stepping
Trying gmin =   1.0000E-03 Note: One successful gmin step
Trying gmin =   1.0000E-04 Note: One successful gmin step
Trying gmin =   1.0000E-05 Note: One successful gmin step
Trying gmin =   1.0000E-06 Note: One successful gmin step
Trying gmin =   1.0000E-07 Warning: Further gmin increment
Trying gmin =   5.6234E-07 Warning: Further gmin increment
Trying gmin =   8.6596E-07 Note: One successful gmin step
Trying gmin =   6.9783E-07 Note: One successful gmin step
Trying gmin =   5.0481E-07 Warning: Further gmin increment
Trying gmin =   6.4357E-07 Note: One successful gmin step
Trying gmin =   5.6998E-07 Note: One successful gmin step
Trying gmin =   5.0481E-07 Note: One successful gmin step
Trying gmin =   4.2075E-07 Warning: Further gmin increment
Trying gmin =   4.8234E-07 Note: One successful gmin step
Trying gmin =   4.5049E-07 Note: One successful gmin step
Trying gmin =   4.0662E-07 Note: One successful gmin step
Trying gmin =   3.4870E-07 Note: One successful gmin step
Trying gmin =   2.7691E-07 Note: One successful gmin step
Trying gmin =   1.9596E-07 Note: One successful gmin step
Trying gmin =   1.1666E-07 Note: One successful gmin step
Trying gmin =   5.3584E-08 Note: One successful gmin step
Trying gmin =   1.6681E-08 Note: One successful gmin step
Trying gmin =   2.8972E-09 Note: One successful gmin step
Trying gmin =   2.8972E-10 Note: One successful gmin step
Trying gmin =   2.8972E-11 Note: One successful gmin step
Trying gmin =   2.8972E-12 Note: One successful gmin step
Trying gmin =   1.0000E-12 Note: One successful gmin step
Note: Dynamic gmin stepping completed
 Reference value :  1.00000e+00Note: No ".plot", ".print", or ".fourier" lines; no simulations run
vin                 =  1.924319e+00
dropout = 1.603190e-01
Doing analysis at TEMP = 0.000000 and TNOM = 27.000000


No. of Data Rows : 91
psrr100             =  -5.495166e+01
psrr100k            =  -3.036051e+01
