Note: Starting true gmin stepping
Trying gmin =   1.0000E-03 Note: One successful gmin step
Trying gmin =   1.0000E-04 Note: One successful gmin step
Trying gmin =   1.0000E-05 Note: One successful gmin step
Trying gmin =   1.0000E-06 Note: One successful gmin step
Trying gmin =   1.0000E-07 Note: One successful gmin step
Trying gmin =   3.1623E-08 Warning: Further gmin increment
Trying gmin =   7.4989E-08 Note: One successful gmin step
Trying gmin =   4.8697E-08 Warning: Further gmin increment
Trying gmin =   6.7317E-08 Note: One successful gmin step
Trying gmin =   6.0430E-08 Note: One successful gmin step
Trying gmin =   5.1397E-08 Note: One successful gmin step
Trying gmin =   4.0315E-08 Note: One successful gmin step
Trying gmin =   2.8007E-08 Note: One successful gmin step
Trying gmin =   1.6217E-08 Warning: Further gmin increment
Trying gmin =   2.4431E-08 Note: One successful gmin step
Trying gmin =   1.9904E-08 Warning: Further gmin increment
Trying gmin =   2.3211E-08 Note: One successful gmin step
Trying gmin =   2.1494E-08 Note: One successful gmin step
Trying gmin =   1.9154E-08 Warning: Further gmin increment
Trying gmin =   2.0884E-08 Note: One successful gmin step
Trying gmin =   2.0000E-08 Note: One successful gmin step
Trying gmin =   1.8745E-08 Warning: Further gmin increment
Trying gmin =   1.9679E-08 Warning: Further gmin increment
Trying gmin =   1.9919E-08 Warning: Further gmin increment
Trying gmin =   1.9980E-08 Note: One successful gmin step
Trying gmin =   1.9950E-08 Note: One successful gmin step
Trying gmin =   1.9904E-08 Warning: Further gmin increment
Trying gmin =   1.9938E-08 Warning: Further gmin increment
Trying gmin =   1.9947E-08 Note: One successful gmin step
Trying gmin =   1.9943E-08 Note: One successful gmin step
Trying gmin =   1.9936E-08 Warning: Further gmin increment
Trying gmin =   1.9941E-08 Note: One successful gmin step
Trying gmin =   1.9939E-08 Warning: Further gmin increment
Trying gmin =   1.9940E-08 Note: One successful gmin step
Trying gmin =   1.9939E-08 Note: One successful gmin step
Trying gmin =   1.9938E-08 Warning: Further gmin increment
Trying gmin =   1.9939E-08 Warning: Last gmin step failed
Warning: True gmin stepping failed
Note: Starting dynamic gmin stepping
Trying gmin =   1.0000E-03 Note: One successful gmin step
Trying gmin =   1.0000E-04 Note: One successful gmin step
Trying gmin =   1.0000E-05 Note: One successful gmin step
Trying gmin =   1.0000E-06 Warning: Further gmin increment
Trying gmin =   5.6234E-06 Warning: Further gmin increment
Trying gmin =   8.6596E-06 Note: One successful gmin step
Trying gmin =   6.9783E-06 Note: One successful gmin step
Trying gmin =   5.0481E-06 Warning: Further gmin increment
Trying gmin =   6.4357E-06 Note: One successful gmin step
Trying gmin =   5.6998E-06 Warning: Further gmin increment
Trying gmin =   6.2432E-06 Note: One successful gmin step
Trying gmin =   5.9653E-06 Note: One successful gmin step
Trying gmin =   5.5715E-06 Note: One successful gmin step
Trying gmin =   5.0289E-06 Note: One successful gmin step
Trying gmin =   4.3126E-06 Note: One successful gmin step
Trying gmin =   3.4247E-06 Note: One successful gmin step
Trying gmin =   2.4236E-06 Note: One successful gmin step
Trying gmin =   1.4428E-06 Note: One successful gmin step
Trying gmin =   6.6270E-07 Note: One successful gmin step
Trying gmin =   2.0630E-07 Warning: Further gmin increment
Trying gmin =   4.9501E-07 Note: One successful gmin step
Trying gmin =   3.1956E-07 Note: One successful gmin step
Trying gmin =   2.0630E-07 Note: One successful gmin step
Trying gmin =   1.0701E-07 Warning: Further gmin increment
Trying gmin =   1.7508E-07 Note: One successful gmin step
Trying gmin =   1.3687E-07 Note: One successful gmin step
Trying gmin =   1.2102E-07 Note: One successful gmin step
Trying gmin =   1.0062E-07 Note: One successful gmin step
Trying gmin =   7.6280E-08 Note: One successful gmin step
Trying gmin =   5.0351E-08 Note: One successful gmin step
Trying gmin =   2.7002E-08 Note: One successful gmin step
Trying gmin =   1.0604E-08 Note: One successful gmin step
Trying gmin =   2.6098E-09 Note: One successful gmin step
Trying gmin =   3.1864E-10 Note: One successful gmin step
Trying gmin =   3.1864E-11 Note: One successful gmin step
Trying gmin =   3.1864E-12 Note: One successful gmin step
Trying gmin =   1.0000E-12 Note: One successful gmin step
Note: Dynamic gmin stepping completed
 Reference value :  0.00000e+00
No compatibility mode selected!


Circuit: * ldo netlist 

Doing analysis at TEMP = 0.000000 and TNOM = 27.000000


No. of Data Rows : 1
bg_out = 1.101810e+00
inn = 1.186230e+00
inp = 1.186138e+00
l1#branch = 0.000000e+00
ldo_out = 1.811680e+00
m.xm1.msky130_fd_pr__nfet_g5v0d10v5#body = 1.210452e-11
m.xm1.msky130_fd_pr__nfet_g5v0d10v5#dbody = 2.526223e-11
m.xm1.msky130_fd_pr__nfet_g5v0d10v5#sbody = 1.105134e-11
m.xm2.msky130_fd_pr__pfet_g5v0d10v5#body = 2.100000e+00
m.xm2.msky130_fd_pr__pfet_g5v0d10v5#dbody = 2.100000e+00
m.xm2.msky130_fd_pr__pfet_g5v0d10v5#sbody = 2.100000e+00
m.xm3.msky130_fd_pr__pfet_g5v0d10v5#body = 2.100000e+00
m.xm3.msky130_fd_pr__pfet_g5v0d10v5#dbody = 2.100000e+00
m.xm3.msky130_fd_pr__pfet_g5v0d10v5#sbody = 2.100000e+00
m.xm4.msky130_fd_pr__pfet_g5v0d10v5#body = 2.100000e+00
m.xm4.msky130_fd_pr__pfet_g5v0d10v5#dbody = 2.100000e+00
m.xm4.msky130_fd_pr__pfet_g5v0d10v5#sbody = 2.100000e+00
m.xm5.msky130_fd_pr__pfet_g5v0d10v5#body = 2.100000e+00
m.xm5.msky130_fd_pr__pfet_g5v0d10v5#dbody = 2.100000e+00
m.xm5.msky130_fd_pr__pfet_g5v0d10v5#sbody = 2.100000e+00
m.xm6.msky130_fd_pr__nfet_g5v0d10v5#body = 1.254987e-11
m.xm6.msky130_fd_pr__nfet_g5v0d10v5#dbody = 3.137467e-11
m.xm6.msky130_fd_pr__nfet_g5v0d10v5#sbody = 6.274940e-12
m.xm7.msky130_fd_pr__pfet_g5v0d10v5#body = 2.100000e+00
m.xm7.msky130_fd_pr__pfet_g5v0d10v5#dbody = 2.100000e+00
m.xm7.msky130_fd_pr__pfet_g5v0d10v5#sbody = 2.100000e+00
m.xm8.msky130_fd_pr__pfet_g5v0d10v5#body = 2.100000e+00
m.xm8.msky130_fd_pr__pfet_g5v0d10v5#dbody = 2.100000e+00
m.xm8.msky130_fd_pr__pfet_g5v0d10v5#sbody = 2.100000e+00
m.xm9.msky130_fd_pr__nfet_g5v0d10v5#body = 1.255879e-11
m.xm9.msky130_fd_pr__nfet_g5v0d10v5#dbody = 2.814619e-11
m.xm9.msky130_fd_pr__nfet_g5v0d10v5#sbody = 9.530180e-12
m.xm10.msky130_fd_pr__nfet_g5v0d10v5#body = 1.218290e-11
m.xm10.msky130_fd_pr__nfet_g5v0d10v5#dbody = 2.720648e-11
m.xm10.msky130_fd_pr__nfet_g5v0d10v5#sbody = 9.342237e-12
m.xm11.msky130_fd_pr__pfet_g5v0d10v5#body = 2.100000e+00
m.xm11.msky130_fd_pr__pfet_g5v0d10v5#dbody = 2.100000e+00
m.xm11.msky130_fd_pr__pfet_g5v0d10v5#sbody = 2.100000e+00
m.xm12.msky130_fd_pr__pfet_g5v0d10v5#body = 2.100000e+00
m.xm12.msky130_fd_pr__pfet_g5v0d10v5#dbody = 2.100000e+00
m.xm12.msky130_fd_pr__pfet_g5v0d10v5#sbody = 2.100000e+00
m.xm13.msky130_fd_pr__nfet_g5v0d10v5#body = 1.625373e-12
m.xm13.msky130_fd_pr__nfet_g5v0d10v5#dbody = 4.063423e-12
m.xm13.msky130_fd_pr__nfet_g5v0d10v5#sbody = 8.126956e-13
m.xm14.msky130_fd_pr__pfet_g5v0d10v5#body = 2.100000e+00
m.xm14.msky130_fd_pr__pfet_g5v0d10v5#dbody = 2.100000e+00
m.xm14.msky130_fd_pr__pfet_g5v0d10v5#sbody = 2.100000e+00
m.xm15.msky130_fd_pr__nfet_g5v0d10v5#body = 2.153955e-17
m.xm15.msky130_fd_pr__nfet_g5v0d10v5#dbody = 5.384823e-17
m.xm15.msky130_fd_pr__nfet_g5v0d10v5#sbody = 1.077041e-17
m.xm16.msky130_fd_pr__nfet_g5v0d10v5#body = 4.107800e-11
m.xm16.msky130_fd_pr__nfet_g5v0d10v5#dbody = 7.303912e-11
m.xm16.msky130_fd_pr__nfet_g5v0d10v5#sbody = 5.019488e-11
m.xm17.msky130_fd_pr__pfet_g5v0d10v5#body = 2.100000e+00
m.xm17.msky130_fd_pr__pfet_g5v0d10v5#dbody = 2.100000e+00
m.xm17.msky130_fd_pr__pfet_g5v0d10v5#sbody = 2.100000e+00
m.xm18.msky130_fd_pr__nfet_g5v0d10v5#body = 1.453482e-11
m.xm18.msky130_fd_pr__nfet_g5v0d10v5#dbody = 3.633703e-11
m.xm18.msky130_fd_pr__nfet_g5v0d10v5#sbody = 7.267423e-12
m.xm19.msky130_fd_pr__nfet_g5v0d10v5#body = 1.222413e-11
m.xm19.msky130_fd_pr__nfet_g5v0d10v5#dbody = 2.556125e-11
m.xm19.msky130_fd_pr__nfet_g5v0d10v5#sbody = 1.111114e-11
m.xm20.msky130_fd_pr__nfet_g5v0d10v5#body = 1.312791e-11
m.xm20.msky130_fd_pr__nfet_g5v0d10v5#dbody = 3.281977e-11
m.xm20.msky130_fd_pr__nfet_g5v0d10v5#sbody = 6.563970e-12
m.xm22.msky130_fd_pr__nfet_g5v0d10v5#body = 2.499574e-12
m.xm22.msky130_fd_pr__nfet_g5v0d10v5#dbody = 6.248931e-12
m.xm22.msky130_fd_pr__nfet_g5v0d10v5#sbody = 1.249792e-12
m.xm24.msky130_fd_pr__pfet_g5v0d10v5#body = 2.100000e+00
m.xm24.msky130_fd_pr__pfet_g5v0d10v5#dbody = 2.100000e+00
m.xm24.msky130_fd_pr__pfet_g5v0d10v5#sbody = 2.100000e+00
m.xm26.msky130_fd_pr__pfet_g5v0d10v5#body = 2.100000e+00
m.xm26.msky130Note: Starting true gmin stepping
Trying gmin =   1.0000E-03 Note: One successful gmin step
Trying gmin =   1.0000E-04 Note: One successful gmin step
Trying gmin =   1.0000E-05 Note: One successful gmin step
Trying gmin =   1.0000E-06 Note: One successful gmin step
Trying gmin =   1.0000E-07 Note: One successful gmin step
Trying gmin =   3.1623E-08 Warning: Further gmin increment
Trying gmin =   7.4989E-08 Note: One successful gmin step
Trying gmin =   4.8697E-08 Warning: Further gmin increment
Trying gmin =   6.7317E-08 Note: One successful gmin step
Trying gmin =   6.0430E-08 Note: One successful gmin step
Trying gmin =   5.1397E-08 Note: One successful gmin step
Trying gmin =   4.0315E-08 Note: One successful gmin step
Trying gmin =   2.8007E-08 Note: One successful gmin step
Trying gmin =   1.6217E-08 Warning: Further gmin increment
Trying gmin =   2.4431E-08 Note: One successful gmin step
Trying gmin =   1.9904E-08 Warning: Further gmin increment
Trying gmin =   2.3211E-08 Note: One successful gmin step
Trying gmin =   2.1494E-08 Note: One successful gmin step
Trying gmin =   1.9154E-08 Warning: Further gmin increment
Trying gmin =   2.0884E-08 Note: One successful gmin step
Trying gmin =   2.0000E-08 Note: One successful gmin step
Trying gmin =   1.8745E-08 Warning: Further gmin increment
Trying gmin =   1.9679E-08 Warning: Further gmin increment
Trying gmin =   1.9919E-08 Warning: Further gmin increment
Trying gmin =   1.9980E-08 Note: One successful gmin step
Trying gmin =   1.9950E-08 Note: One successful gmin step
Trying gmin =   1.9904E-08 Warning: Further gmin increment
Trying gmin =   1.9938E-08 Warning: Further gmin increment
Trying gmin =   1.9947E-08 Note: One successful gmin step
Trying gmin =   1.9943E-08 Note: One successful gmin step
Trying gmin =   1.9936E-08 Warning: Further gmin increment
Trying gmin =   1.9941E-08 Note: One successful gmin step
Trying gmin =   1.9939E-08 Warning: Further gmin increment
Trying gmin =   1.9940E-08 Note: One successful gmin step
Trying gmin =   1.9939E-08 Note: One successful gmin step
Trying gmin =   1.9938E-08 Warning: Further gmin increment
Trying gmin =   1.9939E-08 Warning: Last gmin step failed
Warning: True gmin stepping failed
Note: Starting dynamic gmin stepping
Trying gmin =   1.0000E-03 Note: One successful gmin step
Trying gmin =   1.0000E-04 Note: One successful gmin step
Trying gmin =   1.0000E-05 Note: One successful gmin step
Trying gmin =   1.0000E-06 Warning: Further gmin increment
Trying gmin =   5.6234E-06 Warning: Further gmin increment
Trying gmin =   8.6596E-06 Note: One successful gmin step
Trying gmin =   6.9783E-06 Note: One successful gmin step
Trying gmin =   5.0481E-06 Warning: Further gmin increment
Trying gmin =   6.4357E-06 Note: One successful gmin step
Trying gmin =   5.6998E-06 Warning: Further gmin increment
Trying gmin =   6.2432E-06 Note: One successful gmin step
Trying gmin =   5.9653E-06 Note: One successful gmin step
Trying gmin =   5.5715E-06 Note: One successful gmin step
Trying gmin =   5.0289E-06 Note: One successful gmin step
Trying gmin =   4.3126E-06 Note: One successful gmin step
Trying gmin =   3.4247E-06 Note: One successful gmin step
Trying gmin =   2.4236E-06 Note: One successful gmin step
Trying gmin =   1.4428E-06 Note: One successful gmin step
Trying gmin =   6.6270E-07 Note: One successful gmin step
Trying gmin =   2.0630E-07 Warning: Further gmin increment
Trying gmin =   4.9501E-07 Note: One successful gmin step
Trying gmin =   3.1956E-07 Note: One successful gmin step
Trying gmin =   2.0630E-07 Note: One successful gmin step
Trying gmin =   1.0701E-07 Warning: Further gmin increment
Trying gmin =   1.7508E-07 Note: One successful gmin step
Trying gmin =   1.3687E-07 Note: One successful gmin step
Trying gmin =   1.2102E-07 Note: One successful gmin step
Trying gmin =   1.0062E-07 Note: One successful gmin step
Trying gmin =   7.6280E-08 Note: One successful gmin step
Trying gmin =   5.0351E-08 Note: One successful gmin step
Trying gmin =   2.7002E-08 Note: One successful gmin step
Trying gmin =   1.0604E-08 Note: One successful gmin step
Trying gmin =   2.6098E-09 Note: One successful gmin step
Trying gmin =   3.1864E-10 Note: One successful gmin step
Trying gmin =   3.1864E-11 Note: One successful gmin step
Trying gmin =   3.1864E-12 Note: One successful gmin step
Trying gmin =   1.0000E-12 Note: One successful gmin step
Note: Dynamic gmin stepping completed
 Reference value :  1.00000e+00_fd_pr__pfet_g5v0d10v5#dbody = 2.100000e+00
m.xm26.msky130_fd_pr__pfet_g5v0d10v5#sbody = 2.100000e+00
mir = 7.683942e-01
net1 = 7.756955e-01
net2 = 1.722140e-06
net3 = 8.291858e-01
net4 = 1.999582e-01
net5 = 7.779626e-01
net6 = 1.003982e+00
net7 = 8.290917e-01
net8 = 8.445978e-01
net9 = 8.746687e-01
net10 = 1.300280e-01
net11 = 1.162784e+00
net12 = 1.162784e+00
net13 = 0.000000e+00
out = 1.162784e+00
pos = 1.102119e+00
q.xq2.qsky130_fd_pr__pnp_05v5_w0p68l0p68#collcx = 1.778517e-03
q.xq3.qsky130_fd_pr__pnp_05v5_w0p68l0p68#collcx = 2.253372e-04
q.xq4.qsky130_fd_pr__pnp_05v5_w0p68l0p68#collcx = 2.253372e-04
q.xq8.qsky130_fd_pr__pnp_05v5_w0p68l0p68#collcx = 2.253372e-04
q.xq10.qsky130_fd_pr__pnp_05v5_w0p68l0p68#collcx = 2.253372e-04
q.xq12.qsky130_fd_pr__pnp_05v5_w0p68l0p68#collcx = 2.253372e-04
q.xq14.qsky130_fd_pr__pnp_05v5_w0p68l0p68#collcx = 2.253372e-04
q.xq16.qsky130_fd_pr__pnp_05v5_w0p68l0p68#collcx = 2.253372e-04
q.xq18.qsky130_fd_pr__pnp_05v5_w0p68l0p68#collcx = 2.253372e-04
vb = 1.050231e+00
vdd = 2.100000e+00
vs#branch = -1.75889e-04
vt#branch = 0.000000e+00
xc1.a = 0.000000e+00
xc1.b1 = 0.000000e+00
xc3.a = 1.162784e+00
xc3.b1 = 1.162784e+00
xr1.xsky130_fd_pr__res_xhigh_po_0p69.ra = 8.319561e-01
xr2.xsky130_fd_pr__res_xhigh_po_0p69.ra = 8.320502e-01
xr3.xsky130_fd_pr__res_xhigh_po_0p69.ra = 2.094792e-03
xr4.xsky130_fd_pr__res_xhigh_po_0p69.ra = 7.765312e-01
xr5.xsky130_fd_pr__res_xhigh_po_0p69.ra = 2.094538e-03
xr6.xsky130_fd_pr__res_xhigh_po_0p69.ra = 3.048044e-03
xr7.xsky130_fd_pr__res_xhigh_po_0p69.ra = 1.162784e+00
xr8.xsky130_fd_pr__res_xhigh_po_0p69.ra = 1.106748e+00
xr9.xsky130_fd_pr__res_xhigh_po_0p69.ra = 4.779774e-03
Doing analysis at TEMP = 0.000000 and TNOM = 27.000000


No. of Data Rows : 91
Note: Starting true gmin stepping
Trying gmin =   1.0000E-03 Note: One successful gmin step
Trying gmin =   1.0000E-04 Note: One successful gmin step
Trying gmin =   1.0000E-05 Note: One successful gmin step
Trying gmin =   1.0000E-06 Note: One successful gmin step
Trying gmin =   1.0000E-07 Note: One successful gmin step
Trying gmin =   3.1623E-08 Warning: Further gmin increment
Trying gmin =   7.4989E-08 Note: One successful gmin step
Trying gmin =   4.8697E-08 Warning: Further gmin increment
Trying gmin =   6.7317E-08 Note: One successful gmin step
Trying gmin =   6.0430E-08 Note: One successful gmin step
Trying gmin =   5.1397E-08 Note: One successful gmin step
Trying gmin =   4.0315E-08 Note: One successful gmin step
Trying gmin =   2.8007E-08 Note: One successful gmin step
Trying gmin =   1.6217E-08 Warning: Further gmin increment
Trying gmin =   2.4431E-08 Note: One successful gmin step
Trying gmin =   1.9904E-08 Warning: Further gmin increment
Trying gmin =   2.3211E-08 Note: One successful gmin step
Trying gmin =   2.1494E-08 Note: One successful gmin step
Trying gmin =   1.9154E-08 Warning: Further gmin increment
Trying gmin =   2.0884E-08 Note: One successful gmin step
Trying gmin =   2.0000E-08 Note: One successful gmin step
Trying gmin =   1.8745E-08 Warning: Further gmin increment
Trying gmin =   1.9679E-08 Warning: Further gmin increment
Trying gmin =   1.9919E-08 Warning: Further gmin increment
Trying gmin =   1.9980E-08 Note: One successful gmin step
Trying gmin =   1.9950E-08 Note: One successful gmin step
Trying gmin =   1.9904E-08 Warning: Further gmin increment
Trying gmin =   1.9938E-08 Warning: Further gmin increment
Trying gmin =   1.9947E-08 Note: One successful gmin step
Trying gmin =   1.9943E-08 Note: One successful gmin step
Trying gmin =   1.9936E-08 Warning: Further gmin increment
Trying gmin =   1.9941E-08 Note: One successful gmin step
Trying gmin =   1.9939E-08 Warning: Further gmin increment
Trying gmin =   1.9940E-08 Note: One successful gmin step
Trying gmin =   1.9939E-08 Note: One successful gmin step
Trying gmin =   1.9938E-08 Warning: Further gmin increment
Trying gmin =   1.9939E-08 Warning: Last gmin step failed
Warning: True gmin stepping failed
Note: Starting dynamic gmin stepping
Trying gmin =   1.0000E-03 Note: One successful gmin step
Trying gmin =   1.0000E-04 Note: One successful gmin step
Trying gmin =   1.0000E-05 Note: One successful gmin step
Trying gmin =   1.0000E-06 Warning: Further gmin increment
Trying gmin =   5.6234E-06 Warning: Further gmin increment
Trying gmin =   8.6596E-06 Note: One successful gmin step
Trying gmin =   6.9783E-06 Note: One successful gmin step
Trying gmin =   5.0481E-06 Warning: Further gmin increment
Trying gmin =   6.4357E-06 Note: One successful gmin step
Trying gmin =   5.6998E-06 Warning: Further gmin increment
Trying gmin =   6.2432E-06 Note: One successful gmin step
Trying gmin =   5.9653E-06 Note: One successful gmin step
Trying gmin =   5.5715E-06 Note: One successful gmin step
Trying gmin =   5.0289E-06 Note: One successful gmin step
Trying gmin =   4.3126E-06 Note: One successful gmin step
Trying gmin =   3.4247E-06 Note: One successful gmin step
Trying gmin =   2.4236E-06 Note: One successful gmin step
Trying gmin =   1.4428E-06 Note: One successful gmin step
Trying gmin =   6.6270E-07 Note: One successful gmin step
Trying gmin =   2.0630E-07 Warning: Further gmin increment
Trying gmin =   4.9501E-07 Note: One successful gmin step
Trying gmin =   3.1956E-07 Note: One successful gmin step
Trying gmin =   2.0630E-07 Note: One successful gmin step
Trying gmin =   1.0701E-07 Warning: Further gmin increment
Trying gmin =   1.7508E-07 Note: One successful gmin step
Trying gmin =   1.3687E-07 Note: One successful gmin step
Trying gmin =   1.2102E-07 Note: One successful gmin step
Trying gmin =   1.0062E-07 Note: One successful gmin step
Trying gmin =   7.6280E-08 Note: One successful gmin step
Trying gmin =   5.0351E-08 Note: One successful gmin step
Trying gmin =   2.7002E-08 Note: One successful gmin step
Trying gmin =   1.0604E-08 Note: One successful gmin step
Trying gmin =   2.6098E-09 Note: One successful gmin step
Trying gmin =   3.1864E-10 Note: One successful gmin step
Trying gmin =   3.1864E-11 Note: One successful gmin step
Trying gmin =   3.1864E-12 Note: One successful gmin step
Trying gmin =   1.0000E-12 Note: One successful gmin step
Note: Dynamic gmin stepping completed
 Reference value :  1.00000e+00Note: Starting true gmin stepping
Trying gmin =   1.0000E-03 Note: One successful gmin step
Trying gmin =   1.0000E-04 Note: One successful gmin step
Trying gmin =   1.0000E-05 Note: One successful gmin step
Trying gmin =   1.0000E-06 Note: One successful gmin step
Trying gmin =   1.0000E-07 Warning: Further gmin increment
Trying gmin =   5.6234E-07 Note: One successful gmin step
Trying gmin =   2.3714E-07 Note: One successful gmin step
Trying gmin =   1.0000E-07 Note: One successful gmin step
Trying gmin =   2.7384E-08 Warning: Further gmin increment
Trying gmin =   7.2339E-08 Warning: Further gmin increment
Trying gmin =   9.2224E-08 Note: One successful gmin step
Trying gmin =   8.1679E-08 Note: One successful gmin step
Trying gmin =   6.8078E-08 Warning: Further gmin increment
Trying gmin =   7.8043E-08 Note: One successful gmin step
Trying gmin =   7.2890E-08 Warning: Further gmin increment
Trying gmin =   7.6722E-08 Note: One successful gmin step
Trying gmin =   7.4782E-08 Note: One successful gmin step
Trying gmin =   7.2890E-08 Note: One successful gmin step
Trying gmin =   7.0143E-08 Note: One successful gmin step
Trying gmin =   6.6215E-08 Note: One successful gmin step
Trying gmin =   6.0732E-08 Note: One successful gmin step
Trying gmin =   5.3346E-08 Note: One successful gmin step
Trying gmin =   4.3917E-08 Note: One successful gmin step
Trying gmin =   3.2804E-08 Note: One successful gmin step
Trying gmin =   2.1177E-08 Note: One successful gmin step
Trying gmin =   1.0985E-08 Note: One successful gmin step
Trying gmin =   4.1035E-09 Note: One successful gmin step
Trying gmin =   9.3692E-10 Note: One successful gmin step
Trying gmin =   1.0222E-10 Note: One successful gmin step
Trying gmin =   1.0222E-11 Note: One successful gmin step
Trying gmin =   1.0222E-12 Note: One successful gmin step
Trying gmin =   1.0000E-12 Note: One successful gmin step
Note: True gmin stepping completed
 Reference value :  2.80000e+00Note: Starting true gmin stepping
Trying gmin =   1.0000E-03 Note: One successful gmin step
Trying gmin =   1.0000E-04 Note: One successful gmin step
Trying gmin =   1.0000E-05 Note: One successful gmin step
Trying gmin =   1.0000E-06 Note: One successful gmin step
Trying gmin =   1.0000E-07 Note: One successful gmin step
Trying gmin =   1.0000E-08 Warning: Further gmin increment
Trying gmin =   5.6234E-08 Note: One successful gmin step
Trying gmin =   2.3714E-08 Note: One successful gmin step
Trying gmin =   6.4938E-09 Note: One successful gmin step
Trying gmin =   9.3057E-10 Warning: Further gmin increment
Trying gmin =   3.9954E-09 Note: One successful gmin step
Trying gmin =   1.9282E-09 Note: One successful gmin step
Trying gmin =   6.4647E-10 Note: One successful gmin step
Trying gmin =   1.2550E-10 Warning: Further gmin increment
Trying gmin =   4.2911E-10 Note: One successful gmin step
Trying gmin =   2.3206E-10 Warning: Further gmin increment
Trying gmin =   3.6798E-10 Note: One successful gmin step
Trying gmin =   2.9222E-10 Note: One successful gmin step
Trying gmin =   2.0680E-10 Warning: Further gmin increment
Trying gmin =   2.6802E-10 Note: One successful gmin step
Trying gmin =   2.3543E-10 Note: One successful gmin step
Trying gmin =   1.9381E-10 Warning: Further gmin increment
Trying gmin =   2.2425E-10 Warning: Further gmin increment
Trying gmin =   2.3258E-10 Warning: Further gmin increment
Trying gmin =   2.3471E-10 Note: One successful gmin step
Trying gmin =   2.3365E-10 Warning: Further gmin increment
Trying gmin =   2.3445E-10 Note: One successful gmin step
Trying gmin =   2.3405E-10 Warning: Further gmin increment
Trying gmin =   2.3435E-10 Warning: Further gmin increment
Trying gmin =   2.3442E-10 Note: One successful gmin step
Trying gmin =   2.3438E-10 Note: One successful gmin step
Trying gmin =   2.3433E-10 Warning: Further gmin increment
Trying gmin =   2.3437E-10 Note: One successful gmin step
Trying gmin =   2.3435E-10 Warning: Further gmin increment
Trying gmin =   2.3436E-10 Note: One successful gmin step
Trying gmin =   2.3435E-10 Note: One successful gmin step
Trying gmin =   2.3433E-10 Note: One successful gmin step
Trying gmin =   2.3431E-10 Note: One successful gmin step
Trying gmin =   2.3427E-10 Note: One successful gmin step
Trying gmin =   2.3421E-10 Note: One successful gmin step
Trying gmin =   2.3412E-10 Note: One successful gmin step
Trying gmin =   2.3399E-10 Note: One successful gmin step
Trying gmin =   2.3379E-10 Note: One successful gmin step
Trying gmin =   2.3349E-10 Note: One successful gmin step
Trying gmin =   2.3304E-10 Note: One successful gmin step
Trying gmin =   2.3237E-10 Note: One successful gmin step
Trying gmin =   2.3137E-10 Note: One successful gmin step
Trying gmin =   2.2987E-10 Note: One successful gmin step
Trying gmin =   2.2764E-10 Note: One successful gmin step
Trying gmin =   2.2435E-10 Note: One successful gmin step
Trying gmin =   2.1949E-10 Note: One successful gmin step
Trying gmin =   2.1240E-10 Note: One successful gmin step
Trying gmin =   2.0219E-10 Note: One successful gmin step
Trying gmin =   1.8778E-10 Note: One successful gmin step
Trying gmin =   1.6808E-10 Note: One successful gmin step
Trying gmin =   1.4234E-10 Note: One successful gmin step
Trying gmin =   1.1092E-10 Note: One successful gmin step
Trying gmin =   7.6304E-11 Note: One successful gmin step
Trying gmin =   4.3537E-11 Note: One successful gmin step
Trying gmin =   1.8764E-11 Note: One successful gmin step
Trying gmin =   5.3090E-12 Note: One successful gmin step
Trying gmin =   1.0000E-12 Note: One successful gmin step
Note: True gmin stepping completed
 Reference value :  1.44000e+00Note: Starting true gmin stepping
Trying gmin =   1.0000E-03 Note: One successful gmin step
Trying gmin =   1.0000E-04 Note: One successful gmin step
Trying gmin =   1.0000E-05 Note: One successful gmin step
Trying gmin =   1.0000E-06 Note: One successful gmin step
Trying gmin =   1.0000E-07 Note: One successful gmin step
Trying gmin =   1.0000E-08 Warning: Further gmin increment
Trying gmin =   5.6234E-08 Note: One successful gmin step
Trying gmin =   2.3714E-08 Note: One successful gmin step
Trying gmin =   6.4938E-09 Note: One successful gmin step
Trying gmin =   9.3057E-10 Note: One successful gmin step
Trying gmin =   9.3057E-11 Warning: Further gmin increment
Trying gmin =   5.2330E-10 Note: One successful gmin step
Trying gmin =   2.2067E-10 Note: One successful gmin step
Trying gmin =   6.0430E-11 Warning: Further gmin increment
Trying gmin =   1.5963E-10 Warning: Further gmin increment
Trying gmin =   2.0351E-10 Note: One successful gmin step
Trying gmin =   1.8024E-10 Note: One successful gmin step
Trying gmin =   1.5023E-10 Warning: Further gmin increment
Trying gmin =   1.7222E-10 Note: One successful gmin step
Trying gmin =   1.6085E-10 Warning: Further gmin increment
Trying gmin =   1.6930E-10 Warning: Further gmin increment
Trying gmin =   1.7149E-10 Note: One successful gmin step
Trying gmin =   1.7039E-10 Warning: Further gmin increment
Trying gmin =   1.7121E-10 Note: One successful gmin step
Trying gmin =   1.7080E-10 Warning: Further gmin increment
Trying gmin =   1.7111E-10 Warning: Further gmin increment
Trying gmin =   1.7119E-10 Note: One successful gmin step
Trying gmin =   1.7116E-10 Note: One successful gmin step
Trying gmin =   1.7112E-10 Note: One successful gmin step
Trying gmin =   1.7106E-10 Note: One successful gmin step
Trying gmin =   1.7098E-10 Note: One successful gmin step
Trying gmin =   1.7085E-10 Note: One successful gmin step
Trying gmin =   1.7065E-10 Note: One successful gmin step
Trying gmin =   1.7036E-10 Note: One successful gmin step
Trying gmin =   1.6993E-10 Note: One successful gmin step
Trying gmin =   1.6927E-10 Note: One successful gmin step
Trying gmin =   1.6830E-10 Note: One successful gmin step
Trying gmin =   1.6685E-10 Note: One successful gmin step
Trying gmin =   1.6470E-10 Note: One successful gmin step
Trying gmin =   1.6152E-10 Note: One successful gmin step
Trying gmin =   1.5687E-10 Note: One successful gmin step
Trying gmin =   1.5015E-10 Note: One successful gmin step
Trying gmin =   1.4060E-10 Note: One successful gmin step
Trying gmin =   1.2740E-10 Note: One successful gmin step
Trying gmin =   1.0989E-10 Note: One successful gmin step
Trying gmin =   8.8029E-11 Note: One successful gmin step
Trying gmin =   6.3115E-11 Note: One successful gmin step
Trying gmin =   3.8318E-11 Note: One successful gmin step
Trying gmin =   1.8126E-11 Note: One successful gmin step
Trying gmin =   5.8973E-12 Note: One successful gmin step
Trying gmin =   1.0944E-12 Note: One successful gmin step
Trying gmin =   1.0000E-12 Note: One successful gmin step
Note: True gmin stepping completed
 Reference value :  1.42000e+00pm                  =  6.413133e+01
Doing analysis at TEMP = 0.000000 and TNOM = 27.000000


No. of Data Rows : 91
psrr100             =  -5.745903e+01
psrr100k            =  -2.621207e+01
Doing analysis at TEMP = 0.000000 and TNOM = 27.000000


No. of Data Rows : 86
temp_coeff = 6.103246e+01
Doing analysis at TEMP = 0.000000 and TNOM = 27.000000


No. of Data Rows : 141
vldo_sup_2          =  1.811804e+00
vldo_sup_2_8        =  1.810963e+00
line_reg = 1.051250e-03
Note: No ".plot", ".print", or ".fourier" lines; no simulations run
vin                 =  1.764146e+00
dropout = 1.460000e-04
