Note: Starting true gmin stepping
Trying gmin =   1.0000E-03 Note: One successful gmin step
Trying gmin =   1.0000E-04 Note: One successful gmin step
Trying gmin =   1.0000E-05 Note: One successful gmin step
Trying gmin =   1.0000E-06 Note: One successful gmin step
Trying gmin =   1.0000E-07 Note: One successful gmin step
Trying gmin =   1.0000E-08 Warning: Further gmin increment
Trying gmin =   5.6234E-08 Warning: Further gmin increment
Trying gmin =   8.6596E-08 Note: One successful gmin step
Trying gmin =   6.9783E-08 Warning: Further gmin increment
Trying gmin =   8.2047E-08 Note: One successful gmin step
Trying gmin =   7.5667E-08 Note: One successful gmin step
Trying gmin =   6.7015E-08 Warning: Further gmin increment
Trying gmin =   7.3404E-08 Warning: Further gmin increment
Trying gmin =   7.5095E-08 Note: One successful gmin step
Trying gmin =   7.4245E-08 Warning: Further gmin increment
Trying gmin =   7.4881E-08 Note: One successful gmin step
Trying gmin =   7.4562E-08 Note: One successful gmin step
Trying gmin =   7.4087E-08 Warning: Further gmin increment
Trying gmin =   7.4443E-08 Note: One successful gmin step
Trying gmin =   7.4265E-08 Warning: Further gmin increment
Trying gmin =   7.4399E-08 Note: One successful gmin step
Trying gmin =   7.4332E-08 Warning: Further gmin increment
Trying gmin =   7.4382E-08 Note: One successful gmin step
Trying gmin =   7.4357E-08 Note: One successful gmin step
Trying gmin =   7.4319E-08 Warning: Further gmin increment
Trying gmin =   7.4347E-08 Warning: Further gmin increment
Trying gmin =   7.4354E-08 Note: One successful gmin step
Trying gmin =   7.4351E-08 Note: One successful gmin step
Trying gmin =   7.4346E-08 Warning: Further gmin increment
Trying gmin =   7.4349E-08 Note: One successful gmin step
Trying gmin =   7.4348E-08 Warning: Last gmin step failed
Warning: True gmin stepping failed
Note: Starting dynamic gmin stepping
Trying gmin =   1.0000E-03 Note: One successful gmin step
Trying gmin =   1.0000E-04 Note: One successful gmin step
Trying gmin =   1.0000E-05 Warning: Further gmin increment
Trying gmin =   5.6234E-05 Note: One successful gmin step
Trying gmin =   2.3714E-05 Note: One successful gmin step
Trying gmin =   6.4938E-06 Note: One successful gmin step
Trying gmin =   9.3057E-07 Note: One successful gmin step
Trying gmin =   9.3057E-08 Warning: Further gmin increment
Trying gmin =   5.2330E-07 Warning: Further gmin increment
Trying gmin =   8.0584E-07 Note: One successful gmin step
Trying gmin =   6.4938E-07 Note: One successful gmin step
Trying gmin =   4.6976E-07 Note: One successful gmin step
Trying gmin =   2.8903E-07 Note: One successful gmin step
Trying gmin =   1.3949E-07 Note: One successful gmin step
Trying gmin =   4.6765E-08 Note: One successful gmin step
Trying gmin =   9.0784E-09 Note: One successful gmin step
Trying gmin =   9.0784E-10 Note: One successful gmin step
Trying gmin =   9.0784E-11 Note: One successful gmin step
Trying gmin =   9.0784E-12 Note: One successful gmin step
Trying gmin =   1.0000E-12 Note: One successful gmin step
Note: Dynamic gmin stepping completed
 Reference value :  0.00000e+00
No compatibility mode selected!


Circuit: * ldo netlist 

Doing analysis at TEMP = 0.000000 and TNOM = 27.000000


No. of Data Rows : 1
bg_out = 1.193016e+00
inn = 1.261280e+00
inp = 1.261268e+00
l1#branch = 0.000000e+00
ldo_out = 1.794302e+00
m.xm1.msky130_fd_pr__nfet_g5v0d10v5#body = 1.932338e-11
m.xm1.msky130_fd_pr__nfet_g5v0d10v5#dbody = 4.095256e-11
m.xm1.msky130_fd_pr__nfet_g5v0d10v5#sbody = 1.701758e-11
m.xm2.msky130_fd_pr__pfet_g5v0d10v5#body = 2.500000e+00
m.xm2.msky130_fd_pr__pfet_g5v0d10v5#dbody = 2.500000e+00
m.xm2.msky130_fd_pr__pfet_g5v0d10v5#sbody = 2.500000e+00
m.xm3.msky130_fd_pr__pfet_g5v0d10v5#body = 2.500000e+00
m.xm3.msky130_fd_pr__pfet_g5v0d10v5#dbody = 2.500000e+00
m.xm3.msky130_fd_pr__pfet_g5v0d10v5#sbody = 2.500000e+00
m.xm4.msky130_fd_pr__pfet_g5v0d10v5#body = 2.500000e+00
m.xm4.msky130_fd_pr__pfet_g5v0d10v5#dbody = 2.500000e+00
m.xm4.msky130_fd_pr__pfet_g5v0d10v5#sbody = 2.500000e+00
m.xm5.msky130_fd_pr__pfet_g5v0d10v5#body = 2.500000e+00
m.xm5.msky130_fd_pr__pfet_g5v0d10v5#dbody = 2.500000e+00
m.xm5.msky130_fd_pr__pfet_g5v0d10v5#sbody = 2.500000e+00
m.xm6.msky130_fd_pr__nfet_g5v0d10v5#body = 1.200489e-11
m.xm6.msky130_fd_pr__nfet_g5v0d10v5#dbody = 3.001221e-11
m.xm6.msky130_fd_pr__nfet_g5v0d10v5#sbody = 6.002447e-12
m.xm7.msky130_fd_pr__pfet_g5v0d10v5#body = 2.500000e+00
m.xm7.msky130_fd_pr__pfet_g5v0d10v5#dbody = 2.500000e+00
m.xm7.msky130_fd_pr__pfet_g5v0d10v5#sbody = 2.500000e+00
m.xm8.msky130_fd_pr__pfet_g5v0d10v5#body = 2.500000e+00
m.xm8.msky130_fd_pr__pfet_g5v0d10v5#dbody = 2.500000e+00
m.xm8.msky130_fd_pr__pfet_g5v0d10v5#sbody = 2.500000e+00
m.xm9.msky130_fd_pr__nfet_g5v0d10v5#body = 1.958132e-11
m.xm9.msky130_fd_pr__nfet_g5v0d10v5#dbody = 4.316106e-11
m.xm9.msky130_fd_pr__nfet_g5v0d10v5#sbody = 1.558291e-11
m.xm10.msky130_fd_pr__nfet_g5v0d10v5#body = 1.945062e-11
m.xm10.msky130_fd_pr__nfet_g5v0d10v5#dbody = 4.283430e-11
m.xm10.msky130_fd_pr__nfet_g5v0d10v5#sbody = 1.551755e-11
m.xm11.msky130_fd_pr__pfet_g5v0d10v5#body = 2.500000e+00
m.xm11.msky130_fd_pr__pfet_g5v0d10v5#dbody = 2.500000e+00
m.xm11.msky130_fd_pr__pfet_g5v0d10v5#sbody = 2.500000e+00
m.xm12.msky130_fd_pr__pfet_g5v0d10v5#body = 2.500000e+00
m.xm12.msky130_fd_pr__pfet_g5v0d10v5#dbody = 2.500000e+00
m.xm12.msky130_fd_pr__pfet_g5v0d10v5#sbody = 2.500000e+00
m.xm13.msky130_fd_pr__nfet_g5v0d10v5#body = 2.896103e-12
m.xm13.msky130_fd_pr__nfet_g5v0d10v5#dbody = 7.240247e-12
m.xm13.msky130_fd_pr__nfet_g5v0d10v5#sbody = 1.448061e-12
m.xm14.msky130_fd_pr__pfet_g5v0d10v5#body = 2.500000e+00
m.xm14.msky130_fd_pr__pfet_g5v0d10v5#dbody = 2.500000e+00
m.xm14.msky130_fd_pr__pfet_g5v0d10v5#sbody = 2.500000e+00
m.xm15.msky130_fd_pr__nfet_g5v0d10v5#body = 5.090604e-16
m.xm15.msky130_fd_pr__nfet_g5v0d10v5#dbody = 1.272616e-15
m.xm15.msky130_fd_pr__nfet_g5v0d10v5#sbody = 2.545656e-16
m.xm16.msky130_fd_pr__nfet_g5v0d10v5#body = 4.701612e-11
m.xm16.msky130_fd_pr__nfet_g5v0d10v5#dbody = 8.600818e-11
m.xm16.msky130_fd_pr__nfet_g5v0d10v5#sbody = 5.504018e-11
m.xm17.msky130_fd_pr__pfet_g5v0d10v5#body = 2.500000e+00
m.xm17.msky130_fd_pr__pfet_g5v0d10v5#dbody = 2.500000e+00
m.xm17.msky130_fd_pr__pfet_g5v0d10v5#sbody = 2.500000e+00
m.xm18.msky130_fd_pr__nfet_g5v0d10v5#body = 1.259230e-11
m.xm18.msky130_fd_pr__nfet_g5v0d10v5#dbody = 3.148073e-11
m.xm18.msky130_fd_pr__nfet_g5v0d10v5#sbody = 6.296160e-12
m.xm19.msky130_fd_pr__nfet_g5v0d10v5#body = 1.934594e-11
m.xm19.msky130_fd_pr__nfet_g5v0d10v5#dbody = 4.100896e-11
m.xm19.msky130_fd_pr__nfet_g5v0d10v5#sbody = 1.702886e-11
m.xm20.msky130_fd_pr__nfet_g5v0d10v5#body = 1.228540e-11
m.xm20.msky130_fd_pr__nfet_g5v0d10v5#dbody = 3.071349e-11
m.xm20.msky130_fd_pr__nfet_g5v0d10v5#sbody = 6.142712e-12
m.xm22.msky130_fd_pr__nfet_g5v0d10v5#body = 3.677979e-12
m.xm22.msky130_fd_pr__nfet_g5v0d10v5#dbody = 9.194943e-12
m.xm22.msky130_fd_pr__nfet_g5v0d10v5#sbody = 1.838994e-12
m.xm24.msky130_fd_pr__pfet_g5v0d10v5#body = 2.500000e+00
m.xm24.msky130_fd_pr__pfet_g5v0d10v5#dbody = 2.500000e+00
m.xm24.msky130_fd_pr__pfet_g5v0d10v5#sbody = 2.500000e+00
m.xm26.msky130_fd_pr__pfet_g5v0d10v5#body = 2.500000e+00
m.xm26.msky130Note: Starting true gmin stepping
Trying gmin =   1.0000E-03 Note: One successful gmin step
Trying gmin =   1.0000E-04 Note: One successful gmin step
Trying gmin =   1.0000E-05 Note: One successful gmin step
Trying gmin =   1.0000E-06 Note: One successful gmin step
Trying gmin =   1.0000E-07 Note: One successful gmin step
Trying gmin =   1.0000E-08 Warning: Further gmin increment
Trying gmin =   5.6234E-08 Warning: Further gmin increment
Trying gmin =   8.6596E-08 Note: One successful gmin step
Trying gmin =   6.9783E-08 Warning: Further gmin increment
Trying gmin =   8.2047E-08 Note: One successful gmin step
Trying gmin =   7.5667E-08 Note: One successful gmin step
Trying gmin =   6.7015E-08 Warning: Further gmin increment
Trying gmin =   7.3404E-08 Warning: Further gmin increment
Trying gmin =   7.5095E-08 Note: One successful gmin step
Trying gmin =   7.4245E-08 Warning: Further gmin increment
Trying gmin =   7.4881E-08 Note: One successful gmin step
Trying gmin =   7.4562E-08 Note: One successful gmin step
Trying gmin =   7.4087E-08 Warning: Further gmin increment
Trying gmin =   7.4443E-08 Note: One successful gmin step
Trying gmin =   7.4265E-08 Warning: Further gmin increment
Trying gmin =   7.4399E-08 Note: One successful gmin step
Trying gmin =   7.4332E-08 Warning: Further gmin increment
Trying gmin =   7.4382E-08 Note: One successful gmin step
Trying gmin =   7.4357E-08 Note: One successful gmin step
Trying gmin =   7.4319E-08 Warning: Further gmin increment
Trying gmin =   7.4347E-08 Warning: Further gmin increment
Trying gmin =   7.4354E-08 Note: One successful gmin step
Trying gmin =   7.4351E-08 Note: One successful gmin step
Trying gmin =   7.4346E-08 Warning: Further gmin increment
Trying gmin =   7.4349E-08 Note: One successful gmin step
Trying gmin =   7.4348E-08 Warning: Last gmin step failed
Warning: True gmin stepping failed
Note: Starting dynamic gmin stepping
Trying gmin =   1.0000E-03 Note: One successful gmin step
Trying gmin =   1.0000E-04 Note: One successful gmin step
Trying gmin =   1.0000E-05 Warning: Further gmin increment
Trying gmin =   5.6234E-05 Note: One successful gmin step
Trying gmin =   2.3714E-05 Note: One successful gmin step
Trying gmin =   6.4938E-06 Note: One successful gmin step
Trying gmin =   9.3057E-07 Note: One successful gmin step
Trying gmin =   9.3057E-08 Warning: Further gmin increment
Trying gmin =   5.2330E-07 Warning: Further gmin increment
Trying gmin =   8.0584E-07 Note: One successful gmin step
Trying gmin =   6.4938E-07 Note: One successful gmin step
Trying gmin =   4.6976E-07 Note: One successful gmin step
Trying gmin =   2.8903E-07 Note: One successful gmin step
Trying gmin =   1.3949E-07 Note: One successful gmin step
Trying gmin =   4.6765E-08 Note: One successful gmin step
Trying gmin =   9.0784E-09 Note: One successful gmin step
Trying gmin =   9.0784E-10 Note: One successful gmin step
Trying gmin =   9.0784E-11 Note: One successful gmin step
Trying gmin =   9.0784E-12 Note: One successful gmin step
Trying gmin =   1.0000E-12 Note: One successful gmin step
Note: Dynamic gmin stepping completed
 Reference value :  1.00000e+00_fd_pr__pfet_g5v0d10v5#dbody = 2.500000e+00
m.xm26.msky130_fd_pr__pfet_g5v0d10v5#sbody = 2.500000e+00
mir = 1.251630e+00
net1 = 7.700190e-01
net2 = 4.070068e-05
net3 = 8.236571e-01
net4 = 2.942306e-01
net5 = 1.253435e+00
net6 = 9.603831e-01
net7 = 8.236442e-01
net8 = 1.324356e+00
net9 = 1.334813e+00
net10 = 2.316864e-01
net11 = 1.007382e+00
net12 = 1.007382e+00
net13 = 0.000000e+00
out = 1.007382e+00
pos = 1.193104e+00
q.xq2.qsky130_fd_pr__pnp_05v5_w0p68l0p68#collcx = 1.855361e-03
q.xq3.qsky130_fd_pr__pnp_05v5_w0p68l0p68#collcx = 2.334994e-04
q.xq4.qsky130_fd_pr__pnp_05v5_w0p68l0p68#collcx = 2.334994e-04
q.xq8.qsky130_fd_pr__pnp_05v5_w0p68l0p68#collcx = 2.334994e-04
q.xq10.qsky130_fd_pr__pnp_05v5_w0p68l0p68#collcx = 2.334994e-04
q.xq12.qsky130_fd_pr__pnp_05v5_w0p68l0p68#collcx = 2.334994e-04
q.xq14.qsky130_fd_pr__pnp_05v5_w0p68l0p68#collcx = 2.334994e-04
q.xq16.qsky130_fd_pr__pnp_05v5_w0p68l0p68#collcx = 2.334994e-04
q.xq18.qsky130_fd_pr__pnp_05v5_w0p68l0p68#collcx = 2.334994e-04
vb = 9.828301e-01
vdd = 2.500000e+00
vs#branch = -9.98043e-02
vt#branch = 0.000000e+00
xc1.a = 0.000000e+00
xc1.b1 = 0.000000e+00
xc3.a = 1.007382e+00
xc3.b1 = 1.007382e+00
xr1.xsky130_fd_pr__res_xhigh_po_0p69.ra = 8.287439e-01
xr2.xsky130_fd_pr__res_xhigh_po_0p69.ra = 8.287569e-01
xr3.xsky130_fd_pr__res_xhigh_po_0p69.ra = 3.639994e-03
xr4.xsky130_fd_pr__res_xhigh_po_0p69.ra = 7.715645e-01
xr5.xsky130_fd_pr__res_xhigh_po_0p69.ra = 3.639933e-03
xr6.xsky130_fd_pr__res_xhigh_po_0p69.ra = 5.430539e-03
xr7.xsky130_fd_pr__res_xhigh_po_0p69.ra = 1.007382e+00
xr8.xsky130_fd_pr__res_xhigh_po_0p69.ra = 1.202136e+00
xr9.xsky130_fd_pr__res_xhigh_po_0p69.ra = 9.471871e-03
Doing analysis at TEMP = 0.000000 and TNOM = 27.000000


No. of Data Rows : 91
Note: Starting true gmin stepping
Trying gmin =   1.0000E-03 Note: One successful gmin step
Trying gmin =   1.0000E-04 Note: One successful gmin step
Trying gmin =   1.0000E-05 Note: One successful gmin step
Trying gmin =   1.0000E-06 Note: One successful gmin step
Trying gmin =   1.0000E-07 Note: One successful gmin step
Trying gmin =   1.0000E-08 Warning: Further gmin increment
Trying gmin =   5.6234E-08 Warning: Further gmin increment
Trying gmin =   8.6596E-08 Note: One successful gmin step
Trying gmin =   6.9783E-08 Warning: Further gmin increment
Trying gmin =   8.2047E-08 Note: One successful gmin step
Trying gmin =   7.5667E-08 Note: One successful gmin step
Trying gmin =   6.7015E-08 Warning: Further gmin increment
Trying gmin =   7.3404E-08 Warning: Further gmin increment
Trying gmin =   7.5095E-08 Note: One successful gmin step
Trying gmin =   7.4245E-08 Warning: Further gmin increment
Trying gmin =   7.4881E-08 Note: One successful gmin step
Trying gmin =   7.4562E-08 Note: One successful gmin step
Trying gmin =   7.4087E-08 Warning: Further gmin increment
Trying gmin =   7.4443E-08 Note: One successful gmin step
Trying gmin =   7.4265E-08 Warning: Further gmin increment
Trying gmin =   7.4399E-08 Note: One successful gmin step
Trying gmin =   7.4332E-08 Warning: Further gmin increment
Trying gmin =   7.4382E-08 Note: One successful gmin step
Trying gmin =   7.4357E-08 Note: One successful gmin step
Trying gmin =   7.4319E-08 Warning: Further gmin increment
Trying gmin =   7.4347E-08 Warning: Further gmin increment
Trying gmin =   7.4354E-08 Note: One successful gmin step
Trying gmin =   7.4351E-08 Note: One successful gmin step
Trying gmin =   7.4346E-08 Warning: Further gmin increment
Trying gmin =   7.4349E-08 Note: One successful gmin step
Trying gmin =   7.4348E-08 Warning: Last gmin step failed
Warning: True gmin stepping failed
Note: Starting dynamic gmin stepping
Trying gmin =   1.0000E-03 Note: One successful gmin step
Trying gmin =   1.0000E-04 Note: One successful gmin step
Trying gmin =   1.0000E-05 Warning: Further gmin increment
Trying gmin =   5.6234E-05 Note: One successful gmin step
Trying gmin =   2.3714E-05 Note: One successful gmin step
Trying gmin =   6.4938E-06 Note: One successful gmin step
Trying gmin =   9.3057E-07 Note: One successful gmin step
Trying gmin =   9.3057E-08 Warning: Further gmin increment
Trying gmin =   5.2330E-07 Warning: Further gmin increment
Trying gmin =   8.0584E-07 Note: One successful gmin step
Trying gmin =   6.4938E-07 Note: One successful gmin step
Trying gmin =   4.6976E-07 Note: One successful gmin step
Trying gmin =   2.8903E-07 Note: One successful gmin step
Trying gmin =   1.3949E-07 Note: One successful gmin step
Trying gmin =   4.6765E-08 Note: One successful gmin step
Trying gmin =   9.0784E-09 Note: One successful gmin step
Trying gmin =   9.0784E-10 Note: One successful gmin step
Trying gmin =   9.0784E-11 Note: One successful gmin step
Trying gmin =   9.0784E-12 Note: One successful gmin step
Trying gmin =   1.0000E-12 Note: One successful gmin step
Note: Dynamic gmin stepping completed
 Reference value :  1.00000e+00Note: Starting true gmin stepping
Trying gmin =   1.0000E-03 Note: One successful gmin step
Trying gmin =   1.0000E-04 Note: One successful gmin step
Trying gmin =   1.0000E-05 Note: One successful gmin step
Trying gmin =   1.0000E-06 Warning: Further gmin increment
Trying gmin =   5.6234E-06 Note: One successful gmin step
Trying gmin =   2.3714E-06 Note: One successful gmin step
Trying gmin =   1.0000E-06 Warning: Further gmin increment
Trying gmin =   1.9110E-06 Note: One successful gmin step
Trying gmin =   1.3824E-06 Note: One successful gmin step
Trying gmin =   8.5053E-07 Note: One successful gmin step
Trying gmin =   4.1047E-07 Note: One successful gmin step
Trying gmin =   1.3762E-07 Note: One successful gmin step
Trying gmin =   4.6138E-08 Note: One successful gmin step
Trying gmin =   8.9567E-09 Warning: Further gmin increment
Trying gmin =   3.0626E-08 Warning: Further gmin increment
Trying gmin =   4.1645E-08 Warning: Further gmin increment
Trying gmin =   4.4972E-08 Note: One successful gmin step
Trying gmin =   4.3277E-08 Warning: Further gmin increment
Trying gmin =   4.4542E-08 Note: One successful gmin step
Trying gmin =   4.3905E-08 Warning: Further gmin increment
Trying gmin =   4.4382E-08 Warning: Further gmin increment
Trying gmin =   4.4502E-08 Warning: Further gmin increment
Trying gmin =   4.4532E-08 Note: One successful gmin step
Trying gmin =   4.4517E-08 Warning: Further gmin increment
Trying gmin =   4.4528E-08 Warning: Further gmin increment
Trying gmin =   4.4531E-08 Note: One successful gmin step
Trying gmin =   4.4529E-08 Note: One successful gmin step
Trying gmin =   4.4527E-08 Warning: Last gmin step failed
Note: True gmin stepping completed
 Reference value :  2.80000e+00Note: Starting true gmin stepping
Trying gmin =   1.0000E-03 Note: One successful gmin step
Trying gmin =   1.0000E-04 Note: One successful gmin step
Trying gmin =   1.0000E-05 Note: One successful gmin step
Trying gmin =   1.0000E-06 Note: One successful gmin step
Trying gmin =   1.0000E-07 Note: One successful gmin step
Trying gmin =   1.0000E-08 Note: One successful gmin step
Trying gmin =   3.1623E-09 Note: One successful gmin step
Trying gmin =   5.6234E-10 Note: One successful gmin step
Trying gmin =   2.3714E-10 Warning: Further gmin increment
Trying gmin =   4.5316E-10 Note: One successful gmin step
Trying gmin =   3.2781E-10 Warning: Further gmin increment
Trying gmin =   4.1792E-10 Note: One successful gmin step
Trying gmin =   3.7013E-10 Note: One successful gmin step
Trying gmin =   3.4833E-10 Note: One successful gmin step
Trying gmin =   3.1801E-10 Note: One successful gmin step
Trying gmin =   2.7741E-10 Note: One successful gmin step
Trying gmin =   2.2601E-10 Note: One successful gmin step
Trying gmin =   1.6620E-10 Note: One successful gmin step
Trying gmin =   1.0481E-10 Note: One successful gmin step
Trying gmin =   5.2490E-11 Note: One successful gmin step
Trying gmin =   1.8602E-11 Note: One successful gmin step
Trying gmin =   3.9247E-12 Note: One successful gmin step
Trying gmin =   1.0000E-12 Note: One successful gmin step
Note: True gmin stepping completed
 Reference value :  1.32000e+00Note: Starting true gmin stepping
Trying gmin =   1.0000E-03 Note: One successful gmin step
Trying gmin =   1.0000E-04 Note: One successful gmin step
Trying gmin =   1.0000E-05 Note: One successful gmin step
Trying gmin =   1.0000E-06 Note: One successful gmin step
Trying gmin =   1.0000E-07 Note: One successful gmin step
Trying gmin =   1.0000E-08 Note: One successful gmin step
Trying gmin =   3.1623E-09 Note: One successful gmin step
Trying gmin =   5.6234E-10 Note: One successful gmin step
Trying gmin =   1.0000E-10 Warning: Further gmin increment
Trying gmin =   3.6517E-10 Note: One successful gmin step
Trying gmin =   1.9110E-10 Warning: Further gmin increment
Trying gmin =   3.1059E-10 Note: One successful gmin step
Trying gmin =   2.4362E-10 Note: One successful gmin step
Trying gmin =   1.9110E-10 Note: One successful gmin step
Trying gmin =   1.3275E-10 Note: One successful gmin step
Trying gmin =   7.6867E-11 Note: One successful gmin step
Trying gmin =   3.3868E-11 Note: One successful gmin step
Trying gmin =   9.9049E-12 Note: One successful gmin step
Trying gmin =   1.5666E-12 Note: One successful gmin step
Trying gmin =   1.0000E-12 Note: One successful gmin step
Note: True gmin stepping completed
 Reference value :  1.80000e-01pm                  =  9.126065e+00
Doing analysis at TEMP = 0.000000 and TNOM = 27.000000


No. of Data Rows : 91
psrr100             =  -6.077135e+01
psrr100k            =  -2.661200e+01
Doing analysis at TEMP = 0.000000 and TNOM = 27.000000


No. of Data Rows : 86
temp_coeff = 1.419556e+02
Doing analysis at TEMP = 0.000000 and TNOM = 27.000000


No. of Data Rows : 141
vldo_sup_2          =  1.794857e+00
vldo_sup_2_8        =  1.794081e+00
line_reg = 9.700000e-04
Note: No ".plot", ".print", or ".fourier" lines; no simulations run
vin                 =  1.924319e+00
dropout = 1.603190e-01
