Note: Starting true gmin stepping
Trying gmin =   1.0000E-03 Note: One successful gmin step
Trying gmin =   1.0000E-04 Note: One successful gmin step
Trying gmin =   1.0000E-05 Note: One successful gmin step
Trying gmin =   1.0000E-06 Note: One successful gmin step
Trying gmin =   1.0000E-07 Note: One successful gmin step
Trying gmin =   1.0000E-08 Warning: Further gmin increment
Trying gmin =   5.6234E-08 Warning: Further gmin increment
Trying gmin =   8.6596E-08 Note: One successful gmin step
Trying gmin =   6.9783E-08 Note: One successful gmin step
Trying gmin =   5.0481E-08 Warning: Further gmin increment
Trying gmin =   6.4357E-08 Note: One successful gmin step
Trying gmin =   5.6998E-08 Note: One successful gmin step
Trying gmin =   4.7507E-08 Warning: Further gmin increment
Trying gmin =   5.4461E-08 Warning: Further gmin increment
Trying gmin =   5.6353E-08 Note: One successful gmin step
Trying gmin =   5.5399E-08 Warning: Further gmin increment
Trying gmin =   5.6113E-08 Warning: Further gmin increment
Trying gmin =   5.6293E-08 Note: One successful gmin step
Trying gmin =   5.6203E-08 Note: One successful gmin step
Trying gmin =   5.6068E-08 Warning: Further gmin increment
Trying gmin =   5.6169E-08 Note: One successful gmin step
Trying gmin =   5.6118E-08 Warning: Further gmin increment
Trying gmin =   5.6156E-08 Note: One successful gmin step
Trying gmin =   5.6137E-08 Warning: Further gmin increment
Trying gmin =   5.6152E-08 Note: One successful gmin step
Trying gmin =   5.6144E-08 Note: One successful gmin step
Trying gmin =   5.6134E-08 Warning: Further gmin increment
Trying gmin =   5.6142E-08 Warning: Last gmin step failed
Warning: True gmin stepping failed
Note: Starting dynamic gmin stepping
Trying gmin =   1.0000E-03 Note: One successful gmin step
Trying gmin =   1.0000E-04 Note: One successful gmin step
Trying gmin =   1.0000E-05 Note: One successful gmin step
Trying gmin =   1.0000E-06 Note: One successful gmin step
Trying gmin =   1.0000E-07 Warning: Further gmin increment
Trying gmin =   5.6234E-07 Note: One successful gmin step
Trying gmin =   2.3714E-07 Warning: Further gmin increment
Trying gmin =   4.5316E-07 Note: One successful gmin step
Trying gmin =   3.6517E-07 Note: One successful gmin step
Trying gmin =   2.6416E-07 Warning: Further gmin increment
Trying gmin =   3.3678E-07 Note: One successful gmin step
Trying gmin =   2.9827E-07 Note: One successful gmin step
Trying gmin =   2.6416E-07 Note: One successful gmin step
Trying gmin =   2.2018E-07 Note: One successful gmin step
Trying gmin =   1.6754E-07 Note: One successful gmin step
Trying gmin =   1.1121E-07 Note: One successful gmin step
Trying gmin =   6.0142E-08 Note: One successful gmin step
Trying gmin =   2.3918E-08 Note: One successful gmin step
Trying gmin =   5.9985E-09 Note: One successful gmin step
Trying gmin =   7.5341E-10 Note: One successful gmin step
Trying gmin =   7.5341E-11 Note: One successful gmin step
Trying gmin =   7.5341E-12 Note: One successful gmin step
Trying gmin =   1.0000E-12 Note: One successful gmin step
Note: Dynamic gmin stepping completed
 Reference value :  8.00000e+01Note: Starting true gmin stepping
Trying gmin =   1.0000E-03 Note: One successful gmin step
Trying gmin =   1.0000E-04 Note: One successful gmin step
Trying gmin =   1.0000E-05 Note: One successful gmin step
Trying gmin =   1.0000E-06 Note: One successful gmin step
Trying gmin =   1.0000E-07 Warning: Further gmin increment
Trying gmin =   5.6234E-07 Note: One successful gmin step
Trying gmin =   2.3714E-07 Note: One successful gmin step
Trying gmin =   1.0000E-07 Warning: Further gmin increment
Trying gmin =   1.9110E-07 Note: One successful gmin step
Trying gmin =   1.3824E-07 Warning: Further gmin increment
Trying gmin =   1.7624E-07 Warning: Further gmin increment
Trying gmin =   1.8727E-07 Note: One successful gmin step
Trying gmin =   1.8167E-07 Note: One successful gmin step
Trying gmin =   1.7358E-07 Warning: Further gmin increment
Trying gmin =   1.7961E-07 Note: One successful gmin step
Trying gmin =   1.7657E-07 Note: One successful gmin step
Trying gmin =   1.7507E-07 Note: One successful gmin step
Trying gmin =   1.7284E-07 Note: One successful gmin step
Trying gmin =   1.6955E-07 Note: One successful gmin step
Trying gmin =   1.6474E-07 Note: One successful gmin step
Trying gmin =   1.5777E-07 Note: One successful gmin step
Trying gmin =   1.4786E-07 Note: One successful gmin step
Trying gmin =   1.3416E-07 Note: One successful gmin step
Trying gmin =   1.1595E-07 Note: One successful gmin step
Trying gmin =   9.3164E-08 Warning: Further gmin increment
Trying gmin =   1.0978E-07 Note: One successful gmin step
Trying gmin =   1.0113E-07 Note: One successful gmin step
Trying gmin =   8.9419E-08 Warning: Further gmin increment
Trying gmin =   9.8066E-08 Warning: Further gmin increment
Trying gmin =   1.0036E-07 Note: One successful gmin step
Trying gmin =   9.9204E-08 Note: One successful gmin step
Trying gmin =   9.8066E-08 Note: One successful gmin step
Trying gmin =   9.6383E-08 Note: One successful gmin step
Trying gmin =   9.3913E-08 Note: One successful gmin step
Trying gmin =   9.0326E-08 Note: One successful gmin step
Trying gmin =   8.5201E-08 Note: One successful gmin step
Trying gmin =   7.8053E-08 Note: One successful gmin step
Trying gmin =   6.8440E-08 Note: One successful gmin step
Trying gmin =   5.6193E-08 Note: One successful gmin step
Trying gmin =   4.1807E-08 Note: One successful gmin step
Trying gmin =   2.6829E-08 Note: One successful gmin step
Trying gmin =   1.3792E-08 Note: One successful gmin step
Trying gmin =   5.0834E-09 Note: One successful gmin step
Trying gmin =   1.1375E-09 Note: One successful gmin step
Trying gmin =   1.2041E-10 Note: One successful gmin step
Trying gmin =   1.2041E-11 Note: One successful gmin step
Trying gmin =   1.2041E-12 Note: One successful gmin step
Trying gmin =   1.0000E-12 Note: One successful gmin step
Note: True gmin stepping completed
 Reference value :  3.00000e+00Note: Starting true gmin stepping
Trying gmin =   1.0000E-03 Note: One successful gmin step
Trying gmin =   1.0000E-04 Note: One successful gmin step
Trying gmin =   1.0000E-05 Note: One successful gmin step
Trying gmin =   1.0000E-06 Note: One successful gmin step
Trying gmin =   1.0000E-07 Note: One successful gmin step
Trying gmin =   1.0000E-08 Note: One successful gmin step
Trying gmin =   3.1623E-09 Note: One successful gmin step
Trying gmin =   5.6234E-10 Note: One successful gmin step
Trying gmin =   5.6234E-11 Note: One successful gmin step
Trying gmin =   5.6234E-12 Note: One successful gmin step
Trying gmin =   1.0000E-12 Note: One successful gmin step
Note: True gmin stepping completed
Note: Starting true gmin stepping
Trying gmin =   1.0000E-03 Note: One successful gmin step
Trying gmin =   1.0000E-04 Note: One successful gmin step
Trying gmin =   1.0000E-05 Note: One successful gmin step
Trying gmin =   1.0000E-06 Note: One successful gmin step
Trying gmin =   1.0000E-07 Note: One successful gmin step
Trying gmin =   1.0000E-08 Warning: Further gmin increment
Trying gmin =   5.6234E-08 Note: One successful gmin step
Trying gmin =   2.3714E-08 Note: One successful gmin step
Trying gmin =   6.4938E-09 Note: One successful gmin step
Trying gmin =   9.3057E-10 Note: One successful gmin step
Trying gmin =   9.3057E-11 Note: One successful gmin step
Trying gmin =   9.3057E-12 Warning: Further gmin increment
Trying gmin =   5.2330E-11 Note: One successful gmin step
Trying gmin =   2.2067E-11 Note: One successful gmin step
Trying gmin =   6.0430E-12 Note: One successful gmin step
Trying gmin =   1.0000E-12 Warning: Further gmin increment
Trying gmin =   3.8542E-12 Warning: Further gmin increment
Trying gmin =   5.4003E-12 Warning: Further gmin increment
Trying gmin =   5.8755E-12 Note: One successful gmin step
Trying gmin =   5.6329E-12 Note: One successful gmin step
Trying gmin =   5.2877E-12 Warning: Further gmin increment
Trying gmin =   5.5445E-12 Warning: Further gmin increment
Trying gmin =   5.6107E-12 Note: One successful gmin step
Trying gmin =   5.5775E-12 Note: One successful gmin step
Trying gmin =   5.5445E-12 Warning: Further gmin increment
Trying gmin =   5.5693E-12 Warning: Further gmin increment
Trying gmin =   5.5755E-12 Warning: Further gmin increment
Trying gmin =   5.5770E-12 Note: One successful gmin step
Trying gmin =   5.5762E-12 Note: One successful gmin step
Trying gmin =   5.5755E-12 Warning: Further gmin increment
Trying gmin =   5.5760E-12 Note: One successful gmin step
Trying gmin =   5.5758E-12 Note: One successful gmin step
Trying gmin =   5.5755E-12 Warning: Further gmin increment
Trying gmin =   5.5757E-12 Note: One successful gmin step
Trying gmin =   5.5756E-12 Note: One successful gmin step
Trying gmin =   5.5753E-12 Note: One successful gmin step
Trying gmin =   5.5751E-12 Note: One successful gmin step
Trying gmin =   5.5748E-12 Note: One successful gmin step
Trying gmin =   5.5745E-12 Note: One successful gmin step
Trying gmin =   5.5741E-12 Note: One successful gmin step
Trying gmin =   5.5737E-12 Note: One successful gmin step
Trying gmin =   5.5732E-12 Note: One successful gmin step
Trying gmin =   5.5730E-12 Note: One successful gmin step
Trying gmin =   5.5727E-12 Note: One successful gmin step
Trying gmin =   5.5723E-12 Note: One successful gmin step
Trying gmin =   5.5719E-12 Note: One successful gmin step
Trying gmin =   5.5712E-12 Warning: Further gmin increment
Trying gmin =   5.5717E-12 Note: One successful gmin step
Trying gmin =   5.5715E-12 Warning: Last gmin step failed
Warning: True gmin stepping failed
Note: Starting dynamic gmin stepping
Trying gmin =   1.0000E-03 Note: One successful gmin step
Trying gmin =   1.0000E-04 Note: One successful gmin step
Trying gmin =   1.0000E-05 Note: One successful gmin step
Trying gmin =   1.0000E-06 Note: One successful gmin step
Trying gmin =   1.0000E-07 Note: One successful gmin step
Trying gmin =   1.0000E-08 Note: One successful gmin step
Trying gmin =   1.0000E-09 Note: One successful gmin step
Trying gmin =   1.0000E-10 Warning: Further gmin increment
Trying gmin =   5.6234E-10 Note: One successful gmin step
Trying gmin =   2.3714E-10 Note: One successful gmin step
Trying gmin =   1.0000E-10 Note: One successful gmin step
Trying gmin =   2.7384E-11 Warning: Further gmin increment
Trying gmin =   7.2339E-11 Note: One successful gmin step
Trying gmin =   4.4508E-11 Note: One successful gmin step
Trying gmin =   2.1480E-11 Note: One successful gmin step
Trying gmin =   1.0366E-11 Note: One successful gmin step
Trying gmin =   3.4755E-12 Note: One successful gmin step
Trying gmin =   1.0000E-12 Note: One successful gmin step
Note: Dynamic gmin stepping completed
 Reference value :  1.28000e+00Note: Starting true gmin stepping
Trying gmin =   1.0000E-03 Note: One successful gmin step
Trying gmin =   1.0000E-04 Note: One successful gmin step
Trying gmin =   1.0000E-05 Note: One successful gmin step
Trying gmin =   1.0000E-06 Note: One successful gmin step
Trying gmin =   1.0000E-07 Note: One successful gmin step
Trying gmin =   1.0000E-08 Warning: Further gmin increment
Trying gmin =   5.6234E-08 Note: One successful gmin step
Trying gmin =   2.3714E-08 Note: One successful gmin step
Trying gmin =   6.4938E-09 Note: One successful gmin step
Trying gmin =   9.3057E-10 Note: One successful gmin step
Trying gmin =   9.3057E-11 Note: One successful gmin step
Trying gmin =   9.3057E-12 Note: One successful gmin step
Trying gmin =   2.9427E-12 Warning: Further gmin increment
Trying gmin =   6.9783E-12 Note: One successful gmin step
Trying gmin =   4.5316E-12 Note: One successful gmin step
Trying gmin =   2.3714E-12 Warning: Further gmin increment
Trying gmin =   3.8542E-12 Warning: Further gmin increment
Trying gmin =   4.3518E-12 Note: One successful gmin step
Trying gmin =   4.0955E-12 Warning: Further gmin increment
Trying gmin =   4.2863E-12 Note: One successful gmin step
Trying gmin =   4.1898E-12 Note: One successful gmin step
Trying gmin =   4.0491E-12 Warning: Further gmin increment
Trying gmin =   4.1542E-12 Warning: Further gmin increment
Trying gmin =   4.1809E-12 Note: One successful gmin step
Trying gmin =   4.1719E-12 Note: One successful gmin step
Trying gmin =   4.1630E-12 Note: One successful gmin step
Trying gmin =   4.1586E-12 Note: One successful gmin step
Trying gmin =   4.1520E-12 Note: One successful gmin step
Trying gmin =   4.1420E-12 Note: One successful gmin step
Trying gmin =   4.1271E-12 Note: One successful gmin step
Trying gmin =   4.1049E-12 Note: One successful gmin step
Trying gmin =   4.0717E-12 Note: One successful gmin step
Trying gmin =   4.0225E-12 Note: One successful gmin step
Trying gmin =   3.9499E-12 Note: One successful gmin step
Trying gmin =   3.8433E-12 Note: One successful gmin step
Trying gmin =   3.6888E-12 Note: One successful gmin step
Trying gmin =   3.4686E-12 Note: One successful gmin step
Trying gmin =   3.1628E-12 Note: One successful gmin step
Trying gmin =   2.7538E-12 Note: One successful gmin step
Trying gmin =   2.2373E-12 Note: One successful gmin step
Trying gmin =   1.6384E-12 Note: One successful gmin step
Trying gmin =   1.0268E-12 Note: One successful gmin step
Trying gmin =   1.0000E-12 Note: One successful gmin step
Note: True gmin stepping completed
 Reference value :  1.26000e+00Note: Starting true gmin stepping
Trying gmin =   1.0000E-03 Note: One successful gmin step
Trying gmin =   1.0000E-04 Note: One successful gmin step
Trying gmin =   1.0000E-05 Note: One successful gmin step
Trying gmin =   1.0000E-06 Note: One successful gmin step
Trying gmin =   1.0000E-07 Note: One successful gmin step
Trying gmin =   1.0000E-08 Note: One successful gmin step
Trying gmin =   1.0000E-09 Note: One successful gmin step
Trying gmin =   1.0000E-10 Note: One successful gmin step
Trying gmin =   1.0000E-11 Note: One successful gmin step
Trying gmin =   1.0000E-12 Warning: Further gmin increment
Trying gmin =   5.6234E-12 Note: One successful gmin step
Trying gmin =   2.3714E-12 Note: One successful gmin step
Trying gmin =   1.0000E-12 Note: One successful gmin step
Note: True gmin stepping completed

No compatibility mode selected!


Circuit: * ldo netlist 

Doing analysis at TEMP = 0.000000 and TNOM = 27.000000


No. of Data Rows : 81
temp_coeff = 4.042397e+01
Doing analysis at TEMP = 0.000000 and TNOM = 27.000000


No. of Data Rows : 151
vldo_sup_2          =  1.800559e+00
vldo_sup_3          =  1.798815e+00
line_reg = -1.74400e-03
Note: Starting true gmin stepping
Trying gmin =   1.0000E-03 Note: One successful gmin step
Trying gmin =   1.0000E-04 Note: One successful gmin step
Trying gmin =   1.0000E-05 Note: One successful gmin step
Trying gmin =   1.0000E-06 Note: One successful gmin step
Trying gmin =   1.0000E-07 Note: One successful gmin step
Trying gmin =   1.0000E-08 Warning: Further gmin increment
Trying gmin =   5.6234E-08 Warning: Further gmin increment
Trying gmin =   8.6596E-08 Note: One successful gmin step
Trying gmin =   6.9783E-08 Note: One successful gmin step
Trying gmin =   5.0481E-08 Note: One successful gmin step
Trying gmin =   3.1059E-08 Note: One successful gmin step
Trying gmin =   1.4989E-08 Warning: Further gmin increment
Trying gmin =   2.5887E-08 Warning: Further gmin increment
Trying gmin =   2.9676E-08 Warning: Further gmin increment
Trying gmin =   3.0707E-08 Note: One successful gmin step
Trying gmin =   3.0188E-08 Note: One successful gmin step
Trying gmin =   2.9424E-08 Warning: Further gmin increment
Trying gmin =   2.9995E-08 Warning: Further gmin increment
Trying gmin =   3.0139E-08 Note: One successful gmin step
Trying gmin =   3.0067E-08 Note: One successful gmin step
Trying gmin =   2.9959E-08 Warning: Further gmin increment
Trying gmin =   3.0040E-08 Note: One successful gmin step
Trying gmin =   2.9999E-08 Warning: Further gmin increment
Trying gmin =   3.0030E-08 Warning: Further gmin increment
Trying gmin =   3.0037E-08 Note: One successful gmin step
Trying gmin =   3.0034E-08 Warning: Further gmin increment
Trying gmin =   3.0036E-08 Note: One successful gmin step
Trying gmin =   3.0035E-08 Warning: Last gmin step failed
Note: True gmin stepping completed
 Reference value :  1.00000e+00Note: No ".plot", ".print", or ".fourier" lines; no simulations run
vin                 =  1.764162e+00
dropout = 1.620000e-04
Doing analysis at TEMP = 0.000000 and TNOM = 27.000000


No. of Data Rows : 91
psrr100             =  -5.082395e+01
psrr100k            =  -3.021084e+01
