Note: Starting true gmin stepping
Trying gmin =   1.0000E-03 Note: One successful gmin step
Trying gmin =   1.0000E-04 Note: One successful gmin step
Trying gmin =   1.0000E-05 Note: One successful gmin step
Trying gmin =   1.0000E-06 Note: One successful gmin step
Trying gmin =   1.0000E-07 Warning: Further gmin increment
Trying gmin =   5.6234E-07 Note: One successful gmin step
Trying gmin =   2.3714E-07 Note: One successful gmin step
Trying gmin =   6.4938E-08 Warning: Further gmin increment
Trying gmin =   1.7154E-07 Warning: Further gmin increment
Trying gmin =   2.1870E-07 Note: One successful gmin step
Trying gmin =   1.9369E-07 Note: One successful gmin step
Trying gmin =   1.6144E-07 Warning: Further gmin increment
Trying gmin =   1.8507E-07 Note: One successful gmin step
Trying gmin =   1.7285E-07 Note: One successful gmin step
Trying gmin =   1.5602E-07 Warning: Further gmin increment
Trying gmin =   1.6848E-07 Warning: Further gmin increment
Trying gmin =   1.7175E-07 Warning: Further gmin increment
Trying gmin =   1.7257E-07 Note: One successful gmin step
Trying gmin =   1.7216E-07 Warning: Further gmin increment
Trying gmin =   1.7247E-07 Note: One successful gmin step
Trying gmin =   1.7232E-07 Warning: Further gmin increment
Trying gmin =   1.7243E-07 Note: One successful gmin step
Trying gmin =   1.7237E-07 Warning: Further gmin increment
Trying gmin =   1.7242E-07 Warning: Further gmin increment
Trying gmin =   1.7243E-07 Note: One successful gmin step
Trying gmin =   1.7242E-07 Warning: Last gmin step failed
Warning: True gmin stepping failed
Note: Starting dynamic gmin stepping
Trying gmin =   1.0000E-03 Note: One successful gmin step
Trying gmin =   1.0000E-04 Note: One successful gmin step
Trying gmin =   1.0000E-05 Note: One successful gmin step
Trying gmin =   1.0000E-06 Note: One successful gmin step
Trying gmin =   3.1623E-07 Warning: Further gmin increment
Trying gmin =   7.4989E-07 Warning: Further gmin increment
Trying gmin =   9.3057E-07 Note: One successful gmin step
Trying gmin =   8.3536E-07 Note: One successful gmin step
Trying gmin =   7.1050E-07 Warning: Further gmin increment
Trying gmin =   8.0223E-07 Warning: Further gmin increment
Trying gmin =   8.2695E-07 Note: One successful gmin step
Trying gmin =   8.1450E-07 Warning: Further gmin increment
Trying gmin =   8.2382E-07 Warning: Further gmin increment
Trying gmin =   8.2617E-07 Note: One successful gmin step
Trying gmin =   8.2499E-07 Warning: Further gmin increment
Trying gmin =   8.2587E-07 Note: One successful gmin step
Trying gmin =   8.2543E-07 Note: One successful gmin step
Trying gmin =   8.2477E-07 Warning: Further gmin increment
Trying gmin =   8.2527E-07 Note: One successful gmin step
Trying gmin =   8.2502E-07 Warning: Further gmin increment
Trying gmin =   8.2521E-07 Warning: Further gmin increment
Trying gmin =   8.2525E-07 Warning: Last gmin step failed
Warning: Dynamic gmin stepping failed
Note: Starting source stepping
Supplies reduced to   0.0000% Note: One successful source step
Supplies reduced to   0.1000% Note: One successful source step
Supplies reduced to   0.2000% Note: One successful source step
Supplies reduced to   0.3500% Note: One successful source step
Supplies reduced to   0.5750% Note: One successful source step
Supplies reduced to   0.9125% Note: One successful source step
Supplies reduced to   1.4188% Note: One successful source step
Supplies reduced to   2.1781% Note: One successful source step
Supplies reduced to   3.3172% Note: One successful source step
Supplies reduced to   5.0258% Note: One successful source step
Supplies reduced to   7.5887% Supplies reduced to   5.0258% Note: One successful source step
Supplies reduced to   5.4102% Note: One successful source step
Supplies reduced to   5.9869% Note: One successful source step
Supplies reduced to   6.8518% Note: One successful source step
Supplies reduced to   8.1493% Note: One successful source step
Supplies reduced to  10.0955% Note: One successful source step
Supplies reduced to  13.0148% Note: One successful source step
Supplies reduced to  17.3937% Note: One successful source step
Supplies reduced to  23.9621% Note: One successful source step
Supplies reduced to  33.8148% Supplies reduced to  23.9621% Note: One successful source step
Supplies reduced to  24.9474% Note: One successful source step
Supplies reduced to  26.4253% Note: One successful source step
Supplies reduced to  28.6421% Note: One successful source step
Supplies reduced to  31.9674% Note: One successful source step
Supplies reduced to  36.9553% Note: One successful source step
Supplies reduced to  41.9432% Note: One successful source step
Supplies reduced to  46.9310% Supplies reduced to  41.9432% Note: One successful source step
Supplies reduced to  42.6913% Note: One successful source step
Supplies reduced to  43.8136% Note: One successful source step
Supplies reduced to  45.4970% Supplies reduced to  43.8136% Note: One successful source step
Supplies reduced to  44.0661% Note: One successful source step
Supplies reduced to  44.4449% Note: One successful source step
Supplies reduced to  45.0130% Supplies reduced to  44.4449% Note: One successful source step
Supplies reduced to  44.5017% Note: One successful source step
Supplies reduced to  44.5869% Note: One successful source step
Supplies reduced to  44.7148% Note: One successful source step
Supplies reduced to  44.9065% Note: One successful source step
Supplies reduced to  45.0983% Note: One successful source step
Supplies reduced to  45.2900% Note: One successful source step
Supplies reduced to  45.5776% Note: One successful source step
Supplies reduced to  46.0091% Note: One successful source step
Supplies reduced to  46.6562% Note: One successful source step
Supplies reduced to  47.6270% Note: One successful source step
Supplies reduced to  49.0831% Note: One successful source step
Supplies reduced to  51.2673% Note: One successful source step
Supplies reduced to  54.5435% Note: One successful source step
Supplies reduced to  59.4579% Note: One successful source step
Supplies reduced to  66.8294% Note: One successful source step
Supplies reduced to  77.8868% Note: One successful source step
Supplies reduced to  94.4728% Note: One successful source step
Supplies reduced to 100.0000% Note: One successful source step
Note: Source stepping completed
 Reference value :  0.00000e+00
No compatibility mode selected!


Circuit: * ldo netlist 

Doing analysis at TEMP = 0.000000 and TNOM = 27.000000


No. of Data Rows : 1
bg_out = 1.194107e+00
inn = 1.263469e+00
inp = 1.263448e+00
l1#branch = -5.55112e-17
ldo_out = 1.796791e+00
m.xm1.msky130_fd_pr__nfet_g5v0d10v5#body = 1.975700e-11
m.xm1.msky130_fd_pr__nfet_g5v0d10v5#dbody = 4.327013e-11
m.xm1.msky130_fd_pr__nfet_g5v0d10v5#sbody = 1.600086e-11
m.xm2.msky130_fd_pr__pfet_g5v0d10v5#body = 2.500000e+00
m.xm2.msky130_fd_pr__pfet_g5v0d10v5#dbody = 2.500000e+00
m.xm2.msky130_fd_pr__pfet_g5v0d10v5#sbody = 2.500000e+00
m.xm3.msky130_fd_pr__pfet_g5v0d10v5#body = 2.500000e+00
m.xm3.msky130_fd_pr__pfet_g5v0d10v5#dbody = 2.500000e+00
m.xm3.msky130_fd_pr__pfet_g5v0d10v5#sbody = 2.500000e+00
m.xm4.msky130_fd_pr__pfet_g5v0d10v5#body = 2.500000e+00
m.xm4.msky130_fd_pr__pfet_g5v0d10v5#dbody = 2.500000e+00
m.xm4.msky130_fd_pr__pfet_g5v0d10v5#sbody = 2.500000e+00
m.xm5.msky130_fd_pr__pfet_g5v0d10v5#body = 2.500000e+00
m.xm5.msky130_fd_pr__pfet_g5v0d10v5#dbody = 2.500000e+00
m.xm5.msky130_fd_pr__pfet_g5v0d10v5#sbody = 2.500000e+00
m.xm6.msky130_fd_pr__nfet_g5v0d10v5#body = 1.269322e-11
m.xm6.msky130_fd_pr__nfet_g5v0d10v5#dbody = 3.173303e-11
m.xm6.msky130_fd_pr__nfet_g5v0d10v5#sbody = 6.346613e-12
m.xm7.msky130_fd_pr__pfet_g5v0d10v5#body = 2.500000e+00
m.xm7.msky130_fd_pr__pfet_g5v0d10v5#dbody = 2.500000e+00
m.xm7.msky130_fd_pr__pfet_g5v0d10v5#sbody = 2.500000e+00
m.xm8.msky130_fd_pr__pfet_g5v0d10v5#body = 2.500000e+00
m.xm8.msky130_fd_pr__pfet_g5v0d10v5#dbody = 2.500000e+00
m.xm8.msky130_fd_pr__pfet_g5v0d10v5#sbody = 2.500000e+00
m.xm9.msky130_fd_pr__nfet_g5v0d10v5#body = 2.008687e-11
m.xm9.msky130_fd_pr__nfet_g5v0d10v5#dbody = 4.567423e-11
m.xm9.msky130_fd_pr__nfet_g5v0d10v5#sbody = 1.458625e-11
m.xm10.msky130_fd_pr__nfet_g5v0d10v5#body = 1.984789e-11
m.xm10.msky130_fd_pr__nfet_g5v0d10v5#dbody = 4.507683e-11
m.xm10.msky130_fd_pr__nfet_g5v0d10v5#sbody = 1.446676e-11
m.xm11.msky130_fd_pr__pfet_g5v0d10v5#body = 2.500000e+00
m.xm11.msky130_fd_pr__pfet_g5v0d10v5#dbody = 2.500000e+00
m.xm11.msky130_fd_pr__pfet_g5v0d10v5#sbody = 2.500000e+00
m.xm12.msky130_fd_pr__pfet_g5v0d10v5#body = 2.500000e+00
m.xm12.msky130_fd_pr__pfet_g5v0d10v5#dbody = 2.500000e+00
m.xm12.msky130_fd_pr__pfet_g5v0d10v5#sbody = 2.500000e+00
m.xm13.msky130_fd_pr__nfet_g5v0d10v5#body = 2.271387e-12
m.xm13.msky130_fd_pr__nfet_g5v0d10v5#dbody = 5.678458e-12
m.xm13.msky130_fd_pr__nfet_g5v0d10v5#sbody = 1.135703e-12
m.xm14.msky130_fd_pr__pfet_g5v0d10v5#body = 2.500000e+00
m.xm14.msky130_fd_pr__pfet_g5v0d10v5#dbody = 2.500000e+00
m.xm14.msky130_fd_pr__pfet_g5v0d10v5#sbody = 2.500000e+00
m.xm15.msky130_fd_pr__nfet_g5v0d10v5#body = 1.514182e-15
m.xm15.msky130_fd_pr__nfet_g5v0d10v5#dbody = 3.785393e-15
m.xm15.msky130_fd_pr__nfet_g5v0d10v5#sbody = 7.571525e-16
m.xm16.msky130_fd_pr__nfet_g5v0d10v5#body = 4.704348e-11
m.xm16.msky130_fd_pr__nfet_g5v0d10v5#dbody = 8.602186e-11
m.xm16.msky130_fd_pr__nfet_g5v0d10v5#sbody = 5.510857e-11
m.xm17.msky130_fd_pr__pfet_g5v0d10v5#body = 2.500000e+00
m.xm17.msky130_fd_pr__pfet_g5v0d10v5#dbody = 2.500000e+00
m.xm17.msky130_fd_pr__pfet_g5v0d10v5#sbody = 2.500000e+00
m.xm18.msky130_fd_pr__nfet_g5v0d10v5#body = 1.862857e-11
m.xm18.msky130_fd_pr__nfet_g5v0d10v5#dbody = 4.655597e-11
m.xm18.msky130_fd_pr__nfet_g5v0d10v5#sbody = 9.314296e-12
m.xm19.msky130_fd_pr__nfet_g5v0d10v5#body = 1.979585e-11
m.xm19.msky130_fd_pr__nfet_g5v0d10v5#dbody = 4.336725e-11
m.xm19.msky130_fd_pr__nfet_g5v0d10v5#sbody = 1.602029e-11
m.xm20.msky130_fd_pr__nfet_g5v0d10v5#body = 1.332475e-11
m.xm20.msky130_fd_pr__nfet_g5v0d10v5#dbody = 3.331185e-11
m.xm20.msky130_fd_pr__nfet_g5v0d10v5#sbody = 6.662385e-12
m.xm22.msky130_fd_pr__nfet_g5v0d10v5#body = 3.061218e-12
m.xm22.msky130_fd_pr__nfet_g5v0d10v5#dbody = 7.653040e-12
m.xm22.msky130_fd_pr__nfet_g5v0d10v5#sbody = 1.530614e-12
m.xm24.msky130_fd_pr__pfet_g5v0d10v5#body = 2.500000e+00
m.xm24.msky130_fd_pr__pfet_g5v0d10v5#dbody = 2.500000e+00
m.xm24.msky130_fd_pr__pfet_g5v0d10v5#sbody = 2.500000e+00
m.xm26.msky130_fd_pr__pfet_g5v0d10v5#body = 2.500000e+00
m.xm26.msky130Note: Starting true gmin stepping
Trying gmin =   1.0000E-03 Note: One successful gmin step
Trying gmin =   1.0000E-04 Note: One successful gmin step
Trying gmin =   1.0000E-05 Note: One successful gmin step
Trying gmin =   1.0000E-06 Note: One successful gmin step
Trying gmin =   1.0000E-07 Warning: Further gmin increment
Trying gmin =   5.6234E-07 Note: One successful gmin step
Trying gmin =   2.3714E-07 Note: One successful gmin step
Trying gmin =   6.4938E-08 Warning: Further gmin increment
Trying gmin =   1.7154E-07 Warning: Further gmin increment
Trying gmin =   2.1870E-07 Note: One successful gmin step
Trying gmin =   1.9369E-07 Note: One successful gmin step
Trying gmin =   1.6144E-07 Warning: Further gmin increment
Trying gmin =   1.8507E-07 Note: One successful gmin step
Trying gmin =   1.7285E-07 Note: One successful gmin step
Trying gmin =   1.5602E-07 Warning: Further gmin increment
Trying gmin =   1.6848E-07 Warning: Further gmin increment
Trying gmin =   1.7175E-07 Warning: Further gmin increment
Trying gmin =   1.7257E-07 Note: One successful gmin step
Trying gmin =   1.7216E-07 Warning: Further gmin increment
Trying gmin =   1.7247E-07 Note: One successful gmin step
Trying gmin =   1.7232E-07 Warning: Further gmin increment
Trying gmin =   1.7243E-07 Note: One successful gmin step
Trying gmin =   1.7237E-07 Warning: Further gmin increment
Trying gmin =   1.7242E-07 Warning: Further gmin increment
Trying gmin =   1.7243E-07 Note: One successful gmin step
Trying gmin =   1.7242E-07 Warning: Last gmin step failed
Warning: True gmin stepping failed
Note: Starting dynamic gmin stepping
Trying gmin =   1.0000E-03 Note: One successful gmin step
Trying gmin =   1.0000E-04 Note: One successful gmin step
Trying gmin =   1.0000E-05 Note: One successful gmin step
Trying gmin =   1.0000E-06 Note: One successful gmin step
Trying gmin =   3.1623E-07 Warning: Further gmin increment
Trying gmin =   7.4989E-07 Warning: Further gmin increment
Trying gmin =   9.3057E-07 Note: One successful gmin step
Trying gmin =   8.3536E-07 Note: One successful gmin step
Trying gmin =   7.1050E-07 Warning: Further gmin increment
Trying gmin =   8.0223E-07 Warning: Further gmin increment
Trying gmin =   8.2695E-07 Note: One successful gmin step
Trying gmin =   8.1450E-07 Warning: Further gmin increment
Trying gmin =   8.2382E-07 Warning: Further gmin increment
Trying gmin =   8.2617E-07 Note: One successful gmin step
Trying gmin =   8.2499E-07 Warning: Further gmin increment
Trying gmin =   8.2587E-07 Note: One successful gmin step
Trying gmin =   8.2543E-07 Note: One successful gmin step
Trying gmin =   8.2477E-07 Warning: Further gmin increment
Trying gmin =   8.2527E-07 Note: One successful gmin step
Trying gmin =   8.2502E-07 Warning: Further gmin increment
Trying gmin =   8.2521E-07 Warning: Further gmin increment
Trying gmin =   8.2525E-07 Warning: Last gmin step failed
Warning: Dynamic gmin stepping failed
Note: Starting source stepping
Supplies reduced to   0.0000% Note: One successful source step
Supplies reduced to   0.1000% Note: One successful source step
Supplies reduced to   0.2000% Note: One successful source step
Supplies reduced to   0.3500% Note: One successful source step
Supplies reduced to   0.5750% Note: One successful source step
Supplies reduced to   0.9125% Note: One successful source step
Supplies reduced to   1.4188% Note: One successful source step
Supplies reduced to   2.1781% Note: One successful source step
Supplies reduced to   3.3172% Note: One successful source step
Supplies reduced to   5.0258% Note: One successful source step
Supplies reduced to   7.5887% Supplies reduced to   5.0258% Note: One successful source step
Supplies reduced to   5.4102% Note: One successful source step
Supplies reduced to   5.9869% Note: One successful source step
Supplies reduced to   6.8518% Note: One successful source step
Supplies reduced to   8.1493% Note: One successful source step
Supplies reduced to  10.0955% Note: One successful source step
Supplies reduced to  13.0148% Note: One successful source step
Supplies reduced to  17.3937% Note: One successful source step
Supplies reduced to  23.9621% Note: One successful source step
Supplies reduced to  33.8148% Supplies reduced to  23.9621% Note: One successful source step
Supplies reduced to  24.9474% Note: One successful source step
Supplies reduced to  26.4253% Note: One successful source step
Supplies reduced to  28.6421% Note: One successful source step
Supplies reduced to  31.9674% Note: One successful source step
Supplies reduced to  36.9553% Note: One successful source step
Supplies reduced to  41.9432% Note: One successful source step
Supplies reduced to  46.9310% Supplies reduced to  41.9432% Note: One successful source step
Supplies reduced to  42.6913% Note: One successful source step
Supplies reduced to  43.8136% Note: One successful source step
Supplies reduced to  45.4970% Supplies reduced to  43.8136% Note: One successful source step
Supplies reduced to  44.0661% Note: One successful source step
Supplies reduced to  44.4449% Note: One successful source step
Supplies reduced to  45.0130% Supplies reduced to  44.4449% Note: One successful source step
Supplies reduced to  44.5017% Note: One successful source step
Supplies reduced to  44.5869% Note: One successful source step
Supplies reduced to  44.7148% Note: One successful source step
Supplies reduced to  44.9065% Note: One successful source step
Supplies reduced to  45.0983% Note: One successful source step
Supplies reduced to  45.2900% Note: One successful source step
Supplies reduced to  45.5776% Note: One successful source step
Supplies reduced to  46.0091% Note: One successful source step
Supplies reduced to  46.6562% Note: One successful source step
Supplies reduced to  47.6270% Note: One successful source step
Supplies reduced to  49.0831% Note: One successful source step
Supplies reduced to  51.2673% Note: One successful source step
Supplies reduced to  54.5435% Note: One successful source step
Supplies reduced to  59.4579% Note: One successful source step
Supplies reduced to  66.8294% Note: One successful source step
Supplies reduced to  77.8868% Note: One successful source step
Supplies reduced to  94.4728% Note: One successful source step
Supplies reduced to 100.0000% Note: One successful source step
Note: Source stepping completed
 Reference value :  1.00000e+00_fd_pr__pfet_g5v0d10v5#dbody = 2.500000e+00
m.xm26.msky130_fd_pr__pfet_g5v0d10v5#sbody = 2.500000e+00
mir = 1.335660e+00
net1 = 7.710659e-01
net2 = 1.210627e-04
net3 = 8.248248e-01
net4 = 2.448897e-01
net5 = 1.338768e+00
net6 = 1.015449e+00
net7 = 8.248036e-01
net8 = 1.406112e+00
net9 = 1.425229e+00
net10 = 1.817091e-01
net11 = 1.489666e+00
net12 = 1.489666e+00
net13 = 0.000000e+00
out = 1.489666e+00
pos = 1.194266e+00
q.xq2.qsky130_fd_pr__pnp_05v5_w0p68l0p68#collcx = 1.934487e-03
q.xq3.qsky130_fd_pr__pnp_05v5_w0p68l0p68#collcx = 2.435579e-04
q.xq4.qsky130_fd_pr__pnp_05v5_w0p68l0p68#collcx = 2.435579e-04
q.xq8.qsky130_fd_pr__pnp_05v5_w0p68l0p68#collcx = 2.435579e-04
q.xq10.qsky130_fd_pr__pnp_05v5_w0p68l0p68#collcx = 2.435579e-04
q.xq12.qsky130_fd_pr__pnp_05v5_w0p68l0p68#collcx = 2.435579e-04
q.xq14.qsky130_fd_pr__pnp_05v5_w0p68l0p68#collcx = 2.435579e-04
q.xq16.qsky130_fd_pr__pnp_05v5_w0p68l0p68#collcx = 2.435579e-04
q.xq18.qsky130_fd_pr__pnp_05v5_w0p68l0p68#collcx = 2.435579e-04
vb = 1.065978e+00
vdd = 2.500000e+00
vs#branch = -1.01081e-02
vt#branch = 0.000000e+00
xc1.a = 0.000000e+00
xc1.b1 = 0.000000e+00
xc3.a = 1.489666e+00
xc3.b1 = 1.489666e+00
xr1.xsky130_fd_pr__res_xhigh_po_0p69.ra = 8.275821e-01
xr2.xsky130_fd_pr__res_xhigh_po_0p69.ra = 8.276034e-01
xr3.xsky130_fd_pr__res_xhigh_po_0p69.ra = 1.984355e-03
xr4.xsky130_fd_pr__res_xhigh_po_0p69.ra = 7.719069e-01
xr5.xsky130_fd_pr__res_xhigh_po_0p69.ra = 1.984301e-03
xr6.xsky130_fd_pr__res_xhigh_po_0p69.ra = 2.959122e-03
xr7.xsky130_fd_pr__res_xhigh_po_0p69.ra = 1.489666e+00
xr8.xsky130_fd_pr__res_xhigh_po_0p69.ra = 1.199185e+00
xr9.xsky130_fd_pr__res_xhigh_po_0p69.ra = 5.158530e-03
Doing analysis at TEMP = 0.000000 and TNOM = 27.000000


No. of Data Rows : 91
Note: Starting true gmin stepping
Trying gmin =   1.0000E-03 Note: One successful gmin step
Trying gmin =   1.0000E-04 Note: One successful gmin step
Trying gmin =   1.0000E-05 Note: One successful gmin step
Trying gmin =   1.0000E-06 Note: One successful gmin step
Trying gmin =   1.0000E-07 Warning: Further gmin increment
Trying gmin =   5.6234E-07 Note: One successful gmin step
Trying gmin =   2.3714E-07 Note: One successful gmin step
Trying gmin =   6.4938E-08 Warning: Further gmin increment
Trying gmin =   1.7154E-07 Warning: Further gmin increment
Trying gmin =   2.1870E-07 Note: One successful gmin step
Trying gmin =   1.9369E-07 Note: One successful gmin step
Trying gmin =   1.6144E-07 Warning: Further gmin increment
Trying gmin =   1.8507E-07 Note: One successful gmin step
Trying gmin =   1.7285E-07 Note: One successful gmin step
Trying gmin =   1.5602E-07 Warning: Further gmin increment
Trying gmin =   1.6848E-07 Warning: Further gmin increment
Trying gmin =   1.7175E-07 Warning: Further gmin increment
Trying gmin =   1.7257E-07 Note: One successful gmin step
Trying gmin =   1.7216E-07 Warning: Further gmin increment
Trying gmin =   1.7247E-07 Note: One successful gmin step
Trying gmin =   1.7232E-07 Warning: Further gmin increment
Trying gmin =   1.7243E-07 Note: One successful gmin step
Trying gmin =   1.7237E-07 Warning: Further gmin increment
Trying gmin =   1.7242E-07 Warning: Further gmin increment
Trying gmin =   1.7243E-07 Note: One successful gmin step
Trying gmin =   1.7242E-07 Warning: Last gmin step failed
Warning: True gmin stepping failed
Note: Starting dynamic gmin stepping
Trying gmin =   1.0000E-03 Note: One successful gmin step
Trying gmin =   1.0000E-04 Note: One successful gmin step
Trying gmin =   1.0000E-05 Note: One successful gmin step
Trying gmin =   1.0000E-06 Note: One successful gmin step
Trying gmin =   3.1623E-07 Warning: Further gmin increment
Trying gmin =   7.4989E-07 Warning: Further gmin increment
Trying gmin =   9.3057E-07 Note: One successful gmin step
Trying gmin =   8.3536E-07 Note: One successful gmin step
Trying gmin =   7.1050E-07 Warning: Further gmin increment
Trying gmin =   8.0223E-07 Warning: Further gmin increment
Trying gmin =   8.2695E-07 Note: One successful gmin step
Trying gmin =   8.1450E-07 Warning: Further gmin increment
Trying gmin =   8.2382E-07 Warning: Further gmin increment
Trying gmin =   8.2617E-07 Note: One successful gmin step
Trying gmin =   8.2499E-07 Warning: Further gmin increment
Trying gmin =   8.2587E-07 Note: One successful gmin step
Trying gmin =   8.2543E-07 Note: One successful gmin step
Trying gmin =   8.2477E-07 Warning: Further gmin increment
Trying gmin =   8.2527E-07 Note: One successful gmin step
Trying gmin =   8.2502E-07 Warning: Further gmin increment
Trying gmin =   8.2521E-07 Warning: Further gmin increment
Trying gmin =   8.2525E-07 Warning: Last gmin step failed
Warning: Dynamic gmin stepping failed
Note: Starting source stepping
Supplies reduced to   0.0000% Note: One successful source step
Supplies reduced to   0.1000% Note: One successful source step
Supplies reduced to   0.2000% Note: One successful source step
Supplies reduced to   0.3500% Note: One successful source step
Supplies reduced to   0.5750% Note: One successful source step
Supplies reduced to   0.9125% Note: One successful source step
Supplies reduced to   1.4188% Note: One successful source step
Supplies reduced to   2.1781% Note: One successful source step
Supplies reduced to   3.3172% Note: One successful source step
Supplies reduced to   5.0258% Note: One successful source step
Supplies reduced to   7.5887% Supplies reduced to   5.0258% Note: One successful source step
Supplies reduced to   5.4102% Note: One successful source step
Supplies reduced to   5.9869% Note: One successful source step
Supplies reduced to   6.8518% Note: One successful source step
Supplies reduced to   8.1493% Note: One successful source step
Supplies reduced to  10.0955% Note: One successful source step
Supplies reduced to  13.0148% Note: One successful source step
Supplies reduced to  17.3937% Note: One successful source step
Supplies reduced to  23.9621% Note: One successful source step
Supplies reduced to  33.8148% Supplies reduced to  23.9621% Note: One successful source step
Supplies reduced to  24.9474% Note: One successful source step
Supplies reduced to  26.4253% Note: One successful source step
Supplies reduced to  28.6421% Note: One successful source step
Supplies reduced to  31.9674% Note: One successful source step
Supplies reduced to  36.9553% Note: One successful source step
Supplies reduced to  41.9432% Note: One successful source step
Supplies reduced to  46.9310% Supplies reduced to  41.9432% Note: One successful source step
Supplies reduced to  42.6913% Note: One successful source step
Supplies reduced to  43.8136% Note: One successful source step
Supplies reduced to  45.4970% Supplies reduced to  43.8136% Note: One successful source step
Supplies reduced to  44.0661% Note: One successful source step
Supplies reduced to  44.4449% Note: One successful source step
Supplies reduced to  45.0130% Supplies reduced to  44.4449% Note: One successful source step
Supplies reduced to  44.5017% Note: One successful source step
Supplies reduced to  44.5869% Note: One successful source step
Supplies reduced to  44.7148% Note: One successful source step
Supplies reduced to  44.9065% Note: One successful source step
Supplies reduced to  45.0983% Note: One successful source step
Supplies reduced to  45.2900% Note: One successful source step
Supplies reduced to  45.5776% Note: One successful source step
Supplies reduced to  46.0091% Note: One successful source step
Supplies reduced to  46.6562% Note: One successful source step
Supplies reduced to  47.6270% Note: One successful source step
Supplies reduced to  49.0831% Note: One successful source step
Supplies reduced to  51.2673% Note: One successful source step
Supplies reduced to  54.5435% Note: One successful source step
Supplies reduced to  59.4579% Note: One successful source step
Supplies reduced to  66.8294% Note: One successful source step
Supplies reduced to  77.8868% Note: One successful source step
Supplies reduced to  94.4728% Note: One successful source step
Supplies reduced to 100.0000% Note: One successful source step
Note: Source stepping completed
 Reference value :  1.00000e+00Note: Starting true gmin stepping
Trying gmin =   1.0000E-03 Note: One successful gmin step
Trying gmin =   1.0000E-04 Note: One successful gmin step
Trying gmin =   1.0000E-05 Note: One successful gmin step
Trying gmin =   1.0000E-06 Note: One successful gmin step
Trying gmin =   1.0000E-07 Warning: Further gmin increment
Trying gmin =   5.6234E-07 Note: One successful gmin step
Trying gmin =   2.3714E-07 Note: One successful gmin step
Trying gmin =   6.4938E-08 Warning: Further gmin increment
Trying gmin =   1.7154E-07 Warning: Further gmin increment
Trying gmin =   2.1870E-07 Warning: Further gmin increment
Trying gmin =   2.3239E-07 Note: One successful gmin step
Trying gmin =   2.2544E-07 Note: One successful gmin step
Trying gmin =   2.1540E-07 Warning: Further gmin increment
Trying gmin =   2.2289E-07 Warning: Further gmin increment
Trying gmin =   2.2480E-07 Warning: Further gmin increment
Trying gmin =   2.2528E-07 Note: One successful gmin step
Trying gmin =   2.2504E-07 Note: One successful gmin step
Trying gmin =   2.2468E-07 Warning: Further gmin increment
Trying gmin =   2.2495E-07 Note: One successful gmin step
Trying gmin =   2.2481E-07 Warning: Further gmin increment
Trying gmin =   2.2491E-07 Note: One successful gmin step
Trying gmin =   2.2486E-07 Note: One successful gmin step
Trying gmin =   2.2479E-07 Warning: Further gmin increment
Trying gmin =   2.2484E-07 Warning: Further gmin increment
Trying gmin =   2.2486E-07 Note: One successful gmin step
Trying gmin =   2.2485E-07 Note: One successful gmin step
Trying gmin =   2.2484E-07 Warning: Last gmin step failed
Warning: True gmin stepping failed
Note: Starting dynamic gmin stepping
Trying gmin =   1.0000E-03 Note: One successful gmin step
Trying gmin =   1.0000E-04 Note: One successful gmin step
Trying gmin =   1.0000E-05 Note: One successful gmin step
Trying gmin =   1.0000E-06 Warning: Further gmin increment
Trying gmin =   5.6234E-06 Note: One successful gmin step
Trying gmin =   2.3714E-06 Note: One successful gmin step
Trying gmin =   6.4938E-07 Warning: Further gmin increment
Trying gmin =   1.7154E-06 Note: One successful gmin step
Trying gmin =   1.0554E-06 Warning: Further gmin increment
Trying gmin =   1.5193E-06 Note: One successful gmin step
Trying gmin =   1.2663E-06 Note: One successful gmin step
Trying gmin =   9.6358E-07 Warning: Further gmin increment
Trying gmin =   1.1827E-06 Note: One successful gmin step
Trying gmin =   1.0675E-06 Warning: Further gmin increment
Trying gmin =   1.1528E-06 Note: One successful gmin step
Trying gmin =   1.1093E-06 Note: One successful gmin step
Trying gmin =   1.0472E-06 Warning: Further gmin increment
Trying gmin =   1.0935E-06 Note: One successful gmin step
Trying gmin =   1.0701E-06 Warning: Further gmin increment
Trying gmin =   1.0876E-06 Note: One successful gmin step
Trying gmin =   1.0788E-06 Warning: Further gmin increment
Trying gmin =   1.0854E-06 Warning: Further gmin increment
Trying gmin =   1.0870E-06 Note: One successful gmin step
Trying gmin =   1.0862E-06 Note: One successful gmin step
Trying gmin =   1.0850E-06 Warning: Further gmin increment
Trying gmin =   1.0859E-06 Note: One successful gmin step
Trying gmin =   1.0854E-06 Warning: Further gmin increment
Trying gmin =   1.0858E-06 Note: One successful gmin step
Trying gmin =   1.0856E-06 Warning: Further gmin increment
Trying gmin =   1.0857E-06 Warning: Last gmin step failed
Warning: Dynamic gmin stepping failed
Note: Starting source stepping
Supplies reduced to   0.0000% Note: One successful source step
Supplies reduced to   0.1000% Note: One successful source step
Supplies reduced to   0.2000% Note: One successful source step
Supplies reduced to   0.3500% Note: One successful source step
Supplies reduced to   0.5750% Note: One successful source step
Supplies reduced to   0.9125% Note: One successful source step
Supplies reduced to   1.4188% Note: One successful source step
Supplies reduced to   2.1781% Note: One successful source step
Supplies reduced to   3.3172% Note: One successful source step
Supplies reduced to   5.0258% Note: One successful source step
Supplies reduced to   7.5887% Note: One successful source step
Supplies reduced to  11.4330% Note: One successful source step
Supplies reduced to  17.1995% Note: One successful source step
Supplies reduced to  25.8493% Supplies reduced to  17.1995% Note: One successful source step
Supplies reduced to  18.1995% Note: One successful source step
Supplies reduced to  19.6995% Note: One successful source step
Supplies reduced to  21.9495% Note: One successful source step
Supplies reduced to  25.3245% Note: One successful source step
Supplies reduced to  30.3870% Note: One successful source step
Supplies reduced to  37.9808% Note: One successful source step
Supplies reduced to  49.3714% Note: One successful source step
Supplies reduced to  66.4573% Supplies reduced to  49.3714% Note: One successful source step
Supplies reduced to  50.3714% Note: One successful source step
Supplies reduced to  51.8714% Note: One successful source step
Supplies reduced to  54.1214% Note: One successful source step
Supplies reduced to  57.4964% Note: One successful source step
Supplies reduced to  62.5589% Supplies reduced to  57.4964% Note: One successful source step
Supplies reduced to  58.2558% Note: One successful source step
Supplies reduced to  59.3948% Note: One successful source step
Supplies reduced to  61.1034% Supplies reduced to  59.3948% Note: One successful source step
Supplies reduced to  59.6511% Note: One successful source step
Supplies reduced to  60.0355% Note: One successful source step
Supplies reduced to  60.6122% Supplies reduced to  60.0355% Note: One successful source step
Supplies reduced to  60.1220% Note: One successful source step
Supplies reduced to  60.2518% Note: One successful source step
Supplies reduced to  60.4464% Note: One successful source step
Supplies reduced to  60.7383% Supplies reduced to  60.4464% Note: One successful source step
Supplies reduced to  60.4902% Note: One successful source step
Supplies reduced to  60.5559% Note: One successful source step
Supplies reduced to  60.6544% Supplies reduced to  60.5559% Note: One successful source step
Supplies reduced to  60.5707% Note: One successful source step
Supplies reduced to  60.5928% Supplies reduced to  60.5707% Note: One successful source step
Supplies reduced to  60.5740% Note: One successful source step
Supplies reduced to  60.5790% Note: One successful source step
Supplies reduced to  60.5865% Supplies reduced to  60.5790% Note: One successful source step
Supplies reduced to  60.5801% Note: One successful source step
Supplies reduced to  60.5818% Note: One successful source step
Supplies reduced to  60.5843% Note: One successful source step
Supplies reduced to  60.5881% Supplies reduced to  60.5843% Note: One successful source step
Supplies reduced to  60.5849% Note: One successful source step
Supplies reduced to  60.5857% Note: One successful source step
Supplies reduced to  60.5870% Supplies reduced to  60.5857% Note: One successful source step
Supplies reduced to  60.5859% Note: One successful source step
Supplies reduced to  60.5862% Note: One successful source step
Supplies reduced to  60.5866% Supplies reduced to  60.5862% Note: One successful source step
Supplies reduced to  60.5863% Note: One successful source step
Supplies reduced to  60.5864% Supplies reduced to  60.5863% Note: One successful source step
Supplies reduced to  60.5863% Note: One successful source step
Supplies reduced to  60.5863% Note: One successful source step
Supplies reduced to  60.5863% Warning: source stepping failed
doAnalyses: Too many iterations without convergence

dc simulation(s) aborted
Error(parse.c--checkvalid): ldo_out: zero length vector.
Error: RHS "1000000*(max(ldo_out)-min(ldo_out))/85" invalid
Error(parse.c--checkvalid): temp_coeff: zero length vector.
Error: no such vector temp_coeff
Note: Starting true gmin stepping
Trying gmin =   1.0000E-03 Note: One successful gmin step
Trying gmin =   1.0000E-04 Note: One successful gmin step
Trying gmin =   1.0000E-05 Note: One successful gmin step
Trying gmin =   1.0000E-06 Warning: Further gmin increment
Trying gmin =   5.6234E-06 Note: One successful gmin step
Trying gmin =   2.3714E-06 Warning: Further gmin increment
Trying gmin =   4.5316E-06 Note: One successful gmin step
Trying gmin =   3.2781E-06 Note: One successful gmin step
Trying gmin =   2.0169E-06 Warning: Further gmin increment
Trying gmin =   2.9033E-06 Note: One successful gmin step
Trying gmin =   2.4199E-06 Note: One successful gmin step
Trying gmin =   1.8414E-06 Note: One successful gmin step
Trying gmin =   1.2222E-06 Note: One successful gmin step
Trying gmin =   6.6098E-07 Warning: Further gmin increment
Trying gmin =   1.0481E-06 Note: One successful gmin step
Trying gmin =   8.3234E-07 Note: One successful gmin step
Trying gmin =   5.8903E-07 Note: One successful gmin step
Trying gmin =   3.5065E-07 Note: One successful gmin step
Trying gmin =   1.6106E-07 Note: One successful gmin step
Trying gmin =   5.0139E-08 Warning: Further gmin increment
Trying gmin =   1.2031E-07 Warning: Further gmin increment
Trying gmin =   1.4973E-07 Note: One successful gmin step
Trying gmin =   1.3422E-07 Note: One successful gmin step
Trying gmin =   1.1390E-07 Warning: Further gmin increment
Trying gmin =   1.2882E-07 Note: One successful gmin step
Trying gmin =   1.2113E-07 Note: One successful gmin step
Trying gmin =   1.1045E-07 Warning: Further gmin increment
Trying gmin =   1.1837E-07 Warning: Further gmin increment
Trying gmin =   1.2044E-07 Warning: Further gmin increment
Trying gmin =   1.2096E-07 Note: One successful gmin step
Trying gmin =   1.2070E-07 Note: One successful gmin step
Trying gmin =   1.2031E-07 Warning: Further gmin increment
Trying gmin =   1.2060E-07 Note: One successful gmin step
Trying gmin =   1.2045E-07 Warning: Further gmin increment
Trying gmin =   1.2056E-07 Note: One successful gmin step
Trying gmin =   1.2051E-07 Warning: Further gmin increment
Trying gmin =   1.2055E-07 Note: One successful gmin step
Trying gmin =   1.2053E-07 Warning: Further gmin increment
Trying gmin =   1.2054E-07 Warning: Last gmin step failed
Note: True gmin stepping completed
 Reference value :  2.80000e+00Note: Starting true gmin stepping
Trying gmin =   1.0000E-03 Note: One successful gmin step
Trying gmin =   1.0000E-04 Note: One successful gmin step
Trying gmin =   1.0000E-05 Note: One successful gmin step
Trying gmin =   1.0000E-06 Note: One successful gmin step
Trying gmin =   1.0000E-07 Note: One successful gmin step
Trying gmin =   1.0000E-08 Note: One successful gmin step
Trying gmin =   1.0000E-09 Note: One successful gmin step
Trying gmin =   1.0000E-10 Note: One successful gmin step
Trying gmin =   1.0000E-11 Warning: Further gmin increment
Trying gmin =   5.6234E-11 Note: One successful gmin step
Trying gmin =   2.3714E-11 Note: One successful gmin step
Trying gmin =   6.4938E-12 Note: One successful gmin step
Trying gmin =   1.0000E-12 Warning: Further gmin increment
Trying gmin =   4.0679E-12 Note: One successful gmin step
Trying gmin =   2.0169E-12 Warning: Further gmin increment
Trying gmin =   3.4135E-12 Warning: Further gmin increment
Trying gmin =   3.8934E-12 Note: One successful gmin step
Trying gmin =   3.6456E-12 Warning: Further gmin increment
Trying gmin =   3.8299E-12 Note: One successful gmin step
Trying gmin =   3.7366E-12 Warning: Further gmin increment
Trying gmin =   3.8064E-12 Note: One successful gmin step
Trying gmin =   3.7713E-12 Note: One successful gmin step
Trying gmin =   3.7194E-12 Warning: Further gmin increment
Trying gmin =   3.7583E-12 Note: One successful gmin step
Trying gmin =   3.7388E-12 Note: One successful gmin step
Trying gmin =   3.7291E-12 Note: One successful gmin step
Trying gmin =   3.7145E-12 Note: One successful gmin step
Trying gmin =   3.6929E-12 Note: One successful gmin step
Trying gmin =   3.6606E-12 Note: One successful gmin step
Trying gmin =   3.6127E-12 Note: One successful gmin step
Trying gmin =   3.5420E-12 Note: One successful gmin step
Trying gmin =   3.4386E-12 Note: One successful gmin step
Trying gmin =   3.2891E-12 Note: One successful gmin step
Trying gmin =   3.0770E-12 Note: One successful gmin step
Trying gmin =   2.7842E-12 Note: One successful gmin step
Trying gmin =   2.3963E-12 Note: One successful gmin step
Trying gmin =   1.9135E-12 Note: One successful gmin step
Trying gmin =   1.3654E-12 Note: One successful gmin step
Trying gmin =   1.0000E-12 Note: One successful gmin step
Note: True gmin stepping completed
 Reference value :  1.22000e+00Note: Starting true gmin stepping
Trying gmin =   1.0000E-03 Note: One successful gmin step
Trying gmin =   1.0000E-04 Note: One successful gmin step
Trying gmin =   1.0000E-05 Note: One successful gmin step
Trying gmin =   1.0000E-06 Note: One successful gmin step
Trying gmin =   1.0000E-07 Note: One successful gmin step
Trying gmin =   1.0000E-08 Note: One successful gmin step
Trying gmin =   3.1623E-09 Note: One successful gmin step
Trying gmin =   5.6234E-10 Note: One successful gmin step
Trying gmin =   5.6234E-11 Note: One successful gmin step
Trying gmin =   5.6234E-12 Warning: Further gmin increment
Trying gmin =   3.1623E-11 Note: One successful gmin step
Trying gmin =   1.3335E-11 Note: One successful gmin step
Trying gmin =   3.6517E-12 Note: One successful gmin step
Trying gmin =   1.0000E-12 Warning: Further gmin increment
Trying gmin =   2.6416E-12 Warning: Further gmin increment
Trying gmin =   3.3678E-12 Note: One successful gmin step
Trying gmin =   2.9827E-12 Note: One successful gmin step
Trying gmin =   2.4860E-12 Note: One successful gmin step
Trying gmin =   2.0721E-12 Note: One successful gmin step
Trying gmin =   1.5767E-12 Note: One successful gmin step
Trying gmin =   1.0466E-12 Note: One successful gmin step
Trying gmin =   1.0000E-12 Note: One successful gmin step
Note: True gmin stepping completed
Note: Starting true gmin stepping
Trying gmin =   1.0000E-03 Note: One successful gmin step
Trying gmin =   1.0000E-04 Note: One successful gmin step
Trying gmin =   1.0000E-05 Note: One successful gmin step
Trying gmin =   1.0000E-06 Note: One successful gmin step
Trying gmin =   1.0000E-07 Note: One successful gmin step
Trying gmin =   1.0000E-08 Note: One successful gmin step
Trying gmin =   1.0000E-09 Note: One successful gmin step
Trying gmin =   1.0000E-10 Note: One successful gmin step
Trying gmin =   1.0000E-11 Note: One successful gmin step
Trying gmin =   1.0000E-12 Note: One successful gmin step
Trying gmin =   1.0000E-12 Note: One successful gmin step
Note: True gmin stepping completed
 Reference value :  1.12000e+00pm                  =  -1.184360e+02
Doing analysis at TEMP = 0.000000 and TNOM = 27.000000


No. of Data Rows : 91
psrr100             =  -6.009273e+01
psrr100k            =  -2.842257e+01
Doing analysis at TEMP = 0.000000 and TNOM = 27.000000

Doing analysis at TEMP = 0.000000 and TNOM = 27.000000


No. of Data Rows : 141
vldo_sup_2          =  1.797619e+00
vldo_sup_2_8        =  1.796556e+00
line_reg = 1.328750e-03
Note: No ".plot", ".print", or ".fourier" lines; no simulations run
vin                 =  1.777250e+00
dropout = 1.325000e-02
