 Reference value :  8.00000e+01Note: Starting true gmin stepping
Trying gmin =   1.0000E-03 Note: One successful gmin step
Trying gmin =   1.0000E-04 Note: One successful gmin step
Trying gmin =   1.0000E-05 Note: One successful gmin step
Trying gmin =   1.0000E-06 Note: One successful gmin step
Trying gmin =   1.0000E-07 Note: One successful gmin step
Trying gmin =   1.0000E-08 Warning: Further gmin increment
Trying gmin =   5.6234E-08 Warning: Further gmin increment
Trying gmin =   8.6596E-08 Warning: Further gmin increment
Trying gmin =   9.6466E-08 Note: One successful gmin step
Trying gmin =   9.1398E-08 Warning: Further gmin increment
Trying gmin =   9.5173E-08 Note: One successful gmin step
Trying gmin =   9.3898E-08 Note: One successful gmin step
Trying gmin =   9.2017E-08 Note: One successful gmin step
Trying gmin =   8.9265E-08 Note: One successful gmin step
Trying gmin =   8.5292E-08 Note: One successful gmin step
Trying gmin =   7.9661E-08 Note: One successful gmin step
Trying gmin =   7.1904E-08 Note: One successful gmin step
Trying gmin =   6.1661E-08 Note: One successful gmin step
Trying gmin =   4.8966E-08 Note: One successful gmin step
Trying gmin =   3.4652E-08 Note: One successful gmin step
Trying gmin =   2.0629E-08 Note: One successful gmin step
Trying gmin =   9.4753E-09 Note: One successful gmin step
Trying gmin =   2.9496E-09 Note: One successful gmin step
Trying gmin =   5.1231E-10 Note: One successful gmin step
Trying gmin =   5.1231E-11 Note: One successful gmin step
Trying gmin =   5.1231E-12 Note: One successful gmin step
Trying gmin =   1.0000E-12 Note: One successful gmin step
Note: True gmin stepping completed
 Reference value :  3.00000e+00Note: Starting true gmin stepping
Trying gmin =   1.0000E-03 Note: One successful gmin step
Trying gmin =   1.0000E-04 Note: One successful gmin step
Trying gmin =   1.0000E-05 Note: One successful gmin step
Trying gmin =   1.0000E-06 Note: One successful gmin step
Trying gmin =   1.0000E-07 Note: One successful gmin step
Trying gmin =   1.0000E-08 Warning: Further gmin increment
Trying gmin =   5.6234E-08 Note: One successful gmin step
Trying gmin =   2.3714E-08 Note: One successful gmin step
Trying gmin =   6.4938E-09 Note: One successful gmin step
Trying gmin =   9.3057E-10 Warning: Further gmin increment
Trying gmin =   3.9954E-09 Note: One successful gmin step
Trying gmin =   1.9282E-09 Warning: Further gmin increment
Trying gmin =   3.3301E-09 Note: One successful gmin step
Trying gmin =   2.5340E-09 Note: One successful gmin step
Trying gmin =   1.6820E-09 Note: One successful gmin step
Trying gmin =   9.0962E-10 Warning: Further gmin increment
Trying gmin =   1.4424E-09 Note: One successful gmin step
Trying gmin =   1.1454E-09 Warning: Further gmin increment
Trying gmin =   1.3616E-09 Note: One successful gmin step
Trying gmin =   1.2489E-09 Warning: Further gmin increment
Trying gmin =   1.3325E-09 Warning: Further gmin increment
Trying gmin =   1.3543E-09 Note: One successful gmin step
Trying gmin =   1.3434E-09 Warning: Further gmin increment
Trying gmin =   1.3516E-09 Warning: Further gmin increment
Trying gmin =   1.3536E-09 Note: One successful gmin step
Trying gmin =   1.3526E-09 Note: One successful gmin step
Trying gmin =   1.3510E-09 Warning: Further gmin increment
Trying gmin =   1.3522E-09 Note: One successful gmin step
Trying gmin =   1.3516E-09 Warning: Further gmin increment
Trying gmin =   1.3521E-09 Note: One successful gmin step
Trying gmin =   1.3518E-09 Warning: Further gmin increment
Trying gmin =   1.3520E-09 Note: One successful gmin step
Trying gmin =   1.3519E-09 Warning: Further gmin increment
Trying gmin =   1.3520E-09 Warning: Last gmin step failed
Warning: True gmin stepping failed
Note: Starting dynamic gmin stepping
Trying gmin =   1.0000E-03 Note: One successful gmin step
Trying gmin =   1.0000E-04 Note: One successful gmin step
Trying gmin =   1.0000E-05 Note: One successful gmin step
Trying gmin =   1.0000E-06 Note: One successful gmin step
Trying gmin =   1.0000E-07 Note: One successful gmin step
Trying gmin =   1.0000E-08 Warning: Further gmin increment
Trying gmin =   5.6234E-08 Note: One successful gmin step
Trying gmin =   2.3714E-08 Note: One successful gmin step
Trying gmin =   1.0000E-08 Warning: Further gmin increment
Trying gmin =   1.9110E-08 Note: One successful gmin step
Trying gmin =   1.3824E-08 Note: One successful gmin step
Trying gmin =   8.5053E-09 Note: One successful gmin step
Trying gmin =   4.1047E-09 Note: One successful gmin step
Trying gmin =   1.3762E-09 Note: One successful gmin step
Trying gmin =   2.6715E-10 Note: One successful gmin step
Trying gmin =   2.6715E-11 Note: One successful gmin step
Trying gmin =   2.6715E-12 Note: One successful gmin step
Trying gmin =   1.0000E-12 Note: One successful gmin step
Note: Dynamic gmin stepping completed
 Reference value :  1.44000e+00Note: Starting true gmin stepping
Trying gmin =   1.0000E-03 Note: One successful gmin step
Trying gmin =   1.0000E-04 Note: One successful gmin step
Trying gmin =   1.0000E-05 Note: One successful gmin step
Trying gmin =   1.0000E-06 Note: One successful gmin step
Trying gmin =   1.0000E-07 Note: One successful gmin step
Trying gmin =   1.0000E-08 Note: One successful gmin step
Trying gmin =   1.0000E-09 Warning: Further gmin increment
Trying gmin =   5.6234E-09 Note: One successful gmin step
Trying gmin =   2.3714E-09 Note: One successful gmin step
Trying gmin =   6.4938E-10 Warning: Further gmin increment
Trying gmin =   1.7154E-09 Note: One successful gmin step
Trying gmin =   1.0554E-09 Note: One successful gmin step
Trying gmin =   5.0937E-10 Warning: Further gmin increment
Trying gmin =   8.7970E-10 Warning: Further gmin increment
Trying gmin =   1.0085E-09 Note: One successful gmin step
Trying gmin =   9.4189E-10 Warning: Further gmin increment
Trying gmin =   9.9139E-10 Warning: Further gmin increment
Trying gmin =   1.0042E-09 Note: One successful gmin step
Trying gmin =   9.9776E-10 Note: One successful gmin step
Trying gmin =   9.8823E-10 Warning: Further gmin increment
Trying gmin =   9.9537E-10 Warning: Further gmin increment
Trying gmin =   9.9716E-10 Warning: Further gmin increment
Trying gmin =   9.9761E-10 Note: One successful gmin step
Trying gmin =   9.9739E-10 Warning: Further gmin increment
Trying gmin =   9.9756E-10 Note: One successful gmin step
Trying gmin =   9.9747E-10 Note: One successful gmin step
Trying gmin =   9.9735E-10 Warning: Further gmin increment
Trying gmin =   9.9744E-10 Note: One successful gmin step
Trying gmin =   9.9739E-10 Warning: Last gmin step failed
Warning: True gmin stepping failed
Note: Starting dynamic gmin stepping
Trying gmin =   1.0000E-03 Note: One successful gmin step
Trying gmin =   1.0000E-04 Note: One successful gmin step
Trying gmin =   1.0000E-05 Note: One successful gmin step
Trying gmin =   1.0000E-06 Note: One successful gmin step
Trying gmin =   1.0000E-07 Note: One successful gmin step
Trying gmin =   1.0000E-08 Warning: Further gmin increment
Trying gmin =   5.6234E-08 Note: One successful gmin step
Trying gmin =   2.3714E-08 Note: One successful gmin step
Trying gmin =   6.4938E-09 Warning: Further gmin increment
Trying gmin =   1.7154E-08 Warning: Further gmin increment
Trying gmin =   2.1870E-08 Note: One successful gmin step
Trying gmin =   1.9369E-08 Warning: Further gmin increment
Trying gmin =   2.1216E-08 Note: One successful gmin step
Trying gmin =   2.0271E-08 Note: One successful gmin step
Trying gmin =   1.8933E-08 Note: One successful gmin step
Trying gmin =   1.7089E-08 Note: One successful gmin step
Trying gmin =   1.4655E-08 Note: One successful gmin step
Trying gmin =   1.1638E-08 Note: One successful gmin step
Trying gmin =   8.2357E-09 Note: One successful gmin step
Trying gmin =   4.9029E-09 Warning: Further gmin increment
Trying gmin =   7.2342E-09 Note: One successful gmin step
Trying gmin =   5.9555E-09 Note: One successful gmin step
Trying gmin =   4.4485E-09 Note: One successful gmin step
Trying gmin =   2.8718E-09 Note: One successful gmin step
Trying gmin =   1.4896E-09 Note: One successful gmin step
Trying gmin =   5.5646E-10 Note: One successful gmin step
Trying gmin =   1.2705E-10 Note: One successful gmin step
Trying gmin =   1.3862E-11 Note: One successful gmin step
Trying gmin =   1.3862E-12 Note: One successful gmin step
Trying gmin =   1.0000E-12 Note: One successful gmin step
Note: Dynamic gmin stepping completed
 Reference value :  1.42000e+00
No compatibility mode selected!


Circuit: * ldo netlist 

Doing analysis at TEMP = 0.000000 and TNOM = 27.000000


No. of Data Rows : 81
temp_coeff = 4.778210e+01
Doing analysis at TEMP = 0.000000 and TNOM = 27.000000


No. of Data Rows : 151
vldo_sup_2          =  1.800392e+00
vldo_sup_3          =  1.798946e+00
line_reg = -1.44600e-03
Note: Starting true gmin stepping
Trying gmin =   1.0000E-03 Note: One successful gmin step
Trying gmin =   1.0000E-04 Note: One successful gmin step
Trying gmin =   1.0000E-05 Note: One successful gmin step
Trying gmin =   1.0000E-06 Note: One successful gmin step
Trying gmin =   1.0000E-07 Note: One successful gmin step
Trying gmin =   1.0000E-08 Warning: Further gmin increment
Trying gmin =   5.6234E-08 Warning: Further gmin increment
Trying gmin =   8.6596E-08 Note: One successful gmin step
Trying gmin =   6.9783E-08 Note: One successful gmin step
Trying gmin =   5.6234E-08 Note: One successful gmin step
Trying gmin =   4.0679E-08 Note: One successful gmin step
Trying gmin =   2.5029E-08 Note: One successful gmin step
Trying gmin =   1.2079E-08 Warning: Further gmin increment
Trying gmin =   2.0861E-08 Note: One successful gmin step
Trying gmin =   1.5874E-08 Warning: Further gmin increment
Trying gmin =   1.9484E-08 Note: One successful gmin step
Trying gmin =   1.7586E-08 Warning: Further gmin increment
Trying gmin =   1.8991E-08 Note: One successful gmin step
Trying gmin =   1.8275E-08 Note: One successful gmin step
Trying gmin =   1.7252E-08 Warning: Further gmin increment
Trying gmin =   1.8014E-08 Warning: Further gmin increment
Trying gmin =   1.8210E-08 Note: One successful gmin step
Trying gmin =   1.8111E-08 Note: One successful gmin step
Trying gmin =   1.7965E-08 Warning: Further gmin increment
Trying gmin =   1.8075E-08 Note: One successful gmin step
Trying gmin =   1.8020E-08 Warning: Further gmin increment
Trying gmin =   1.8061E-08 Warning: Further gmin increment
Trying gmin =   1.8071E-08 Warning: Further gmin increment
Trying gmin =   1.8074E-08 Note: One successful gmin step
Trying gmin =   1.8073E-08 Warning: Further gmin increment
Trying gmin =   1.8074E-08 Warning: Last gmin step failed
Warning: True gmin stepping failed
Note: Starting dynamic gmin stepping
Trying gmin =   1.0000E-03 Note: One successful gmin step
Trying gmin =   1.0000E-04 Note: One successful gmin step
Trying gmin =   1.0000E-05 Note: One successful gmin step
Trying gmin =   1.0000E-06 Note: One successful gmin step
Trying gmin =   1.0000E-07 Warning: Further gmin increment
Trying gmin =   5.6234E-07 Note: One successful gmin step
Trying gmin =   2.3714E-07 Warning: Further gmin increment
Trying gmin =   4.5316E-07 Warning: Further gmin increment
Trying gmin =   5.3280E-07 Note: One successful gmin step
Trying gmin =   4.9137E-07 Note: One successful gmin step
Trying gmin =   4.3518E-07 Warning: Further gmin increment
Trying gmin =   4.7668E-07 Note: One successful gmin step
Trying gmin =   4.5546E-07 Note: One successful gmin step
Trying gmin =   4.2539E-07 Note: One successful gmin step
Trying gmin =   3.8396E-07 Note: One successful gmin step
Trying gmin =   3.2927E-07 Note: One successful gmin step
Trying gmin =   2.6148E-07 Warning: Further gmin increment
Trying gmin =   3.1083E-07 Note: One successful gmin step
Trying gmin =   2.8509E-07 Warning: Further gmin increment
Trying gmin =   3.0418E-07 Note: One successful gmin step
Trying gmin =   2.9448E-07 Note: One successful gmin step
Trying gmin =   2.8050E-07 Note: One successful gmin step
Trying gmin =   2.7377E-07 Note: One successful gmin step
Trying gmin =   2.6396E-07 Note: One successful gmin step
Trying gmin =   2.4991E-07 Note: One successful gmin step
Trying gmin =   2.3022E-07 Note: One successful gmin step
Trying gmin =   2.0356E-07 Note: One successful gmin step
Trying gmin =   1.6924E-07 Note: One successful gmin step
Trying gmin =   1.2830E-07 Note: One successful gmin step
Trying gmin =   8.4691E-08 Note: One successful gmin step
Trying gmin =   4.5418E-08 Note: One successful gmin step
Trying gmin =   1.7837E-08 Note: One successful gmin step
Trying gmin =   4.3897E-09 Note: One successful gmin step
Trying gmin =   5.3595E-10 Note: One successful gmin step
Trying gmin =   5.3595E-11 Note: One successful gmin step
Trying gmin =   5.3595E-12 Note: One successful gmin step
Trying gmin =   1.0000E-12 Note: One successful gmin step
Note: Dynamic gmin stepping completed
 Reference value :  1.00000e+00Note: No ".plot", ".print", or ".fourier" lines; no simulations run
vin                 =  1.764197e+00
dropout = 1.970000e-04
Doing analysis at TEMP = 0.000000 and TNOM = 27.000000


No. of Data Rows : 91
psrr100             =  -5.442892e+01
psrr100k            =  -3.221558e+01
