Note: Starting true gmin stepping
Trying gmin =   1.0000E-03 Note: One successful gmin step
Trying gmin =   1.0000E-04 Note: One successful gmin step
Trying gmin =   1.0000E-05 Note: One successful gmin step
Trying gmin =   1.0000E-06 Note: One successful gmin step
Trying gmin =   1.0000E-07 Note: One successful gmin step
Trying gmin =   1.0000E-08 Warning: Further gmin increment
Trying gmin =   5.6234E-08 Warning: Further gmin increment
Trying gmin =   8.6596E-08 Note: One successful gmin step
Trying gmin =   6.9783E-08 Warning: Further gmin increment
Trying gmin =   8.2047E-08 Warning: Further gmin increment
Trying gmin =   8.5436E-08 Note: One successful gmin step
Trying gmin =   8.3724E-08 Note: One successful gmin step
Trying gmin =   8.1221E-08 Warning: Further gmin increment
Trying gmin =   8.3091E-08 Note: One successful gmin step
Trying gmin =   8.2151E-08 Warning: Further gmin increment
Trying gmin =   8.2855E-08 Note: One successful gmin step
Trying gmin =   8.2502E-08 Note: One successful gmin step
Trying gmin =   8.1976E-08 Warning: Further gmin increment
Trying gmin =   8.2370E-08 Warning: Further gmin increment
Trying gmin =   8.2469E-08 Warning: Further gmin increment
Trying gmin =   8.2494E-08 Note: One successful gmin step
Trying gmin =   8.2482E-08 Warning: Further gmin increment
Trying gmin =   8.2491E-08 Warning: Last gmin step failed
Warning: True gmin stepping failed
Note: Starting dynamic gmin stepping
Trying gmin =   1.0000E-03 Note: One successful gmin step
Trying gmin =   1.0000E-04 Note: One successful gmin step
Trying gmin =   1.0000E-05 Warning: Further gmin increment
Trying gmin =   5.6234E-05 Note: One successful gmin step
Trying gmin =   2.3714E-05 Note: One successful gmin step
Trying gmin =   6.4938E-06 Note: One successful gmin step
Trying gmin =   9.3057E-07 Note: One successful gmin step
Trying gmin =   9.3057E-08 Warning: Further gmin increment
Trying gmin =   5.2330E-07 Warning: Further gmin increment
Trying gmin =   8.0584E-07 Note: One successful gmin step
Trying gmin =   6.4938E-07 Note: One successful gmin step
Trying gmin =   5.2330E-07 Note: One successful gmin step
Trying gmin =   3.7855E-07 Note: One successful gmin step
Trying gmin =   2.3291E-07 Note: One successful gmin step
Trying gmin =   1.1240E-07 Note: One successful gmin step
Trying gmin =   3.7685E-08 Note: One successful gmin step
Trying gmin =   7.3157E-09 Note: One successful gmin step
Trying gmin =   7.3157E-10 Note: One successful gmin step
Trying gmin =   7.3157E-11 Note: One successful gmin step
Trying gmin =   7.3157E-12 Note: One successful gmin step
Trying gmin =   1.0000E-12 Note: One successful gmin step
Note: Dynamic gmin stepping completed
 Reference value :  0.00000e+00
No compatibility mode selected!


Circuit: * ldo netlist 

Doing analysis at TEMP = 0.000000 and TNOM = 27.000000


No. of Data Rows : 1
bg_out = 1.189810e+00
inn = 1.256697e+00
inp = 1.256684e+00
l1#branch = 0.000000e+00
ldo_out = 1.790197e+00
m.xm1.msky130_fd_pr__nfet_g5v0d10v5#body = 1.793412e-11
m.xm1.msky130_fd_pr__nfet_g5v0d10v5#dbody = 3.670991e-11
m.xm1.msky130_fd_pr__nfet_g5v0d10v5#sbody = 1.709244e-11
m.xm2.msky130_fd_pr__pfet_g5v0d10v5#body = 2.300000e+00
m.xm2.msky130_fd_pr__pfet_g5v0d10v5#dbody = 2.300000e+00
m.xm2.msky130_fd_pr__pfet_g5v0d10v5#sbody = 2.300000e+00
m.xm3.msky130_fd_pr__pfet_g5v0d10v5#body = 2.300000e+00
m.xm3.msky130_fd_pr__pfet_g5v0d10v5#dbody = 2.300000e+00
m.xm3.msky130_fd_pr__pfet_g5v0d10v5#sbody = 2.300000e+00
m.xm4.msky130_fd_pr__pfet_g5v0d10v5#body = 2.300000e+00
m.xm4.msky130_fd_pr__pfet_g5v0d10v5#dbody = 2.300000e+00
m.xm4.msky130_fd_pr__pfet_g5v0d10v5#sbody = 2.300000e+00
m.xm5.msky130_fd_pr__pfet_g5v0d10v5#body = 2.300000e+00
m.xm5.msky130_fd_pr__pfet_g5v0d10v5#dbody = 2.300000e+00
m.xm5.msky130_fd_pr__pfet_g5v0d10v5#sbody = 2.300000e+00
m.xm6.msky130_fd_pr__nfet_g5v0d10v5#body = 1.158817e-11
m.xm6.msky130_fd_pr__nfet_g5v0d10v5#dbody = 2.897043e-11
m.xm6.msky130_fd_pr__nfet_g5v0d10v5#sbody = 5.794091e-12
m.xm7.msky130_fd_pr__pfet_g5v0d10v5#body = 2.300000e+00
m.xm7.msky130_fd_pr__pfet_g5v0d10v5#dbody = 2.300000e+00
m.xm7.msky130_fd_pr__pfet_g5v0d10v5#sbody = 2.300000e+00
m.xm8.msky130_fd_pr__pfet_g5v0d10v5#body = 2.300000e+00
m.xm8.msky130_fd_pr__pfet_g5v0d10v5#dbody = 2.300000e+00
m.xm8.msky130_fd_pr__pfet_g5v0d10v5#sbody = 2.300000e+00
m.xm9.msky130_fd_pr__nfet_g5v0d10v5#body = 1.821572e-11
m.xm9.msky130_fd_pr__nfet_g5v0d10v5#dbody = 3.893909e-11
m.xm9.msky130_fd_pr__nfet_g5v0d10v5#sbody = 1.570807e-11
m.xm10.msky130_fd_pr__nfet_g5v0d10v5#body = 1.811616e-11
m.xm10.msky130_fd_pr__nfet_g5v0d10v5#dbody = 3.869018e-11
m.xm10.msky130_fd_pr__nfet_g5v0d10v5#sbody = 1.565829e-11
m.xm11.msky130_fd_pr__pfet_g5v0d10v5#body = 2.300000e+00
m.xm11.msky130_fd_pr__pfet_g5v0d10v5#dbody = 2.300000e+00
m.xm11.msky130_fd_pr__pfet_g5v0d10v5#sbody = 2.300000e+00
m.xm12.msky130_fd_pr__pfet_g5v0d10v5#body = 2.300000e+00
m.xm12.msky130_fd_pr__pfet_g5v0d10v5#dbody = 2.300000e+00
m.xm12.msky130_fd_pr__pfet_g5v0d10v5#sbody = 2.300000e+00
m.xm13.msky130_fd_pr__nfet_g5v0d10v5#body = 3.300084e-12
m.xm13.msky130_fd_pr__nfet_g5v0d10v5#dbody = 8.250198e-12
m.xm13.msky130_fd_pr__nfet_g5v0d10v5#sbody = 1.650053e-12
m.xm14.msky130_fd_pr__pfet_g5v0d10v5#body = 2.300000e+00
m.xm14.msky130_fd_pr__pfet_g5v0d10v5#dbody = 2.300000e+00
m.xm14.msky130_fd_pr__pfet_g5v0d10v5#sbody = 2.300000e+00
m.xm15.msky130_fd_pr__nfet_g5v0d10v5#body = 1.626258e-16
m.xm15.msky130_fd_pr__nfet_g5v0d10v5#dbody = 4.065493e-16
m.xm15.msky130_fd_pr__nfet_g5v0d10v5#sbody = 8.132819e-17
m.xm16.msky130_fd_pr__nfet_g5v0d10v5#body = 4.445884e-11
m.xm16.msky130_fd_pr__nfet_g5v0d10v5#dbody = 7.972954e-11
m.xm16.msky130_fd_pr__nfet_g5v0d10v5#sbody = 5.364697e-11
m.xm17.msky130_fd_pr__pfet_g5v0d10v5#body = 2.300000e+00
m.xm17.msky130_fd_pr__pfet_g5v0d10v5#dbody = 2.300000e+00
m.xm17.msky130_fd_pr__pfet_g5v0d10v5#sbody = 2.300000e+00
m.xm18.msky130_fd_pr__nfet_g5v0d10v5#body = 1.113206e-11
m.xm18.msky130_fd_pr__nfet_g5v0d10v5#dbody = 2.783013e-11
m.xm18.msky130_fd_pr__nfet_g5v0d10v5#sbody = 5.566041e-12
m.xm19.msky130_fd_pr__nfet_g5v0d10v5#body = 1.795531e-11
m.xm19.msky130_fd_pr__nfet_g5v0d10v5#dbody = 3.676289e-11
m.xm19.msky130_fd_pr__nfet_g5v0d10v5#sbody = 1.710304e-11
m.xm20.msky130_fd_pr__nfet_g5v0d10v5#body = 1.162623e-11
m.xm20.msky130_fd_pr__nfet_g5v0d10v5#dbody = 2.906556e-11
m.xm20.msky130_fd_pr__nfet_g5v0d10v5#sbody = 5.813127e-12
m.xm22.msky130_fd_pr__nfet_g5v0d10v5#body = 4.062728e-12
m.xm22.msky130_fd_pr__nfet_g5v0d10v5#dbody = 1.015681e-11
m.xm22.msky130_fd_pr__nfet_g5v0d10v5#sbody = 2.031368e-12
m.xm24.msky130_fd_pr__pfet_g5v0d10v5#body = 2.300000e+00
m.xm24.msky130_fd_pr__pfet_g5v0d10v5#dbody = 2.300000e+00
m.xm24.msky130_fd_pr__pfet_g5v0d10v5#sbody = 2.300000e+00
m.xm26.msky130_fd_pr__pfet_g5v0d10v5#body = 2.300000e+00
m.xm26.msky130Note: Starting true gmin stepping
Trying gmin =   1.0000E-03 Note: One successful gmin step
Trying gmin =   1.0000E-04 Note: One successful gmin step
Trying gmin =   1.0000E-05 Note: One successful gmin step
Trying gmin =   1.0000E-06 Note: One successful gmin step
Trying gmin =   1.0000E-07 Note: One successful gmin step
Trying gmin =   1.0000E-08 Warning: Further gmin increment
Trying gmin =   5.6234E-08 Warning: Further gmin increment
Trying gmin =   8.6596E-08 Note: One successful gmin step
Trying gmin =   6.9783E-08 Warning: Further gmin increment
Trying gmin =   8.2047E-08 Warning: Further gmin increment
Trying gmin =   8.5436E-08 Note: One successful gmin step
Trying gmin =   8.3724E-08 Note: One successful gmin step
Trying gmin =   8.1221E-08 Warning: Further gmin increment
Trying gmin =   8.3091E-08 Note: One successful gmin step
Trying gmin =   8.2151E-08 Warning: Further gmin increment
Trying gmin =   8.2855E-08 Note: One successful gmin step
Trying gmin =   8.2502E-08 Note: One successful gmin step
Trying gmin =   8.1976E-08 Warning: Further gmin increment
Trying gmin =   8.2370E-08 Warning: Further gmin increment
Trying gmin =   8.2469E-08 Warning: Further gmin increment
Trying gmin =   8.2494E-08 Note: One successful gmin step
Trying gmin =   8.2482E-08 Warning: Further gmin increment
Trying gmin =   8.2491E-08 Warning: Last gmin step failed
Warning: True gmin stepping failed
Note: Starting dynamic gmin stepping
Trying gmin =   1.0000E-03 Note: One successful gmin step
Trying gmin =   1.0000E-04 Note: One successful gmin step
Trying gmin =   1.0000E-05 Warning: Further gmin increment
Trying gmin =   5.6234E-05 Note: One successful gmin step
Trying gmin =   2.3714E-05 Note: One successful gmin step
Trying gmin =   6.4938E-06 Note: One successful gmin step
Trying gmin =   9.3057E-07 Note: One successful gmin step
Trying gmin =   9.3057E-08 Warning: Further gmin increment
Trying gmin =   5.2330E-07 Warning: Further gmin increment
Trying gmin =   8.0584E-07 Note: One successful gmin step
Trying gmin =   6.4938E-07 Note: One successful gmin step
Trying gmin =   5.2330E-07 Note: One successful gmin step
Trying gmin =   3.7855E-07 Note: One successful gmin step
Trying gmin =   2.3291E-07 Note: One successful gmin step
Trying gmin =   1.1240E-07 Note: One successful gmin step
Trying gmin =   3.7685E-08 Note: One successful gmin step
Trying gmin =   7.3157E-09 Note: One successful gmin step
Trying gmin =   7.3157E-10 Note: One successful gmin step
Trying gmin =   7.3157E-11 Note: One successful gmin step
Trying gmin =   7.3157E-12 Note: One successful gmin step
Trying gmin =   1.0000E-12 Note: One successful gmin step
Note: Dynamic gmin stepping completed
 Reference value :  1.00000e+00_fd_pr__pfet_g5v0d10v5#dbody = 2.300000e+00
m.xm26.msky130_fd_pr__pfet_g5v0d10v5#sbody = 2.300000e+00
mir = 1.109709e+00
net1 = 7.658148e-01
net2 = 1.300236e-05
net3 = 8.196753e-01
net4 = 3.250105e-01
net5 = 1.111405e+00
net6 = 9.270461e-01
net7 = 8.196615e-01
net8 = 1.185281e+00
net9 = 1.193246e+00
net10 = 2.640049e-01
net11 = 8.905628e-01
net12 = 8.905627e-01
net13 = 0.000000e+00
out = 8.905627e-01
pos = 1.189884e+00
q.xq2.qsky130_fd_pr__pnp_05v5_w0p68l0p68#collcx = 1.995690e-03
q.xq3.qsky130_fd_pr__pnp_05v5_w0p68l0p68#collcx = 2.506385e-04
q.xq4.qsky130_fd_pr__pnp_05v5_w0p68l0p68#collcx = 2.506385e-04
q.xq8.qsky130_fd_pr__pnp_05v5_w0p68l0p68#collcx = 2.506385e-04
q.xq10.qsky130_fd_pr__pnp_05v5_w0p68l0p68#collcx = 2.506385e-04
q.xq12.qsky130_fd_pr__pnp_05v5_w0p68l0p68#collcx = 2.506385e-04
q.xq14.qsky130_fd_pr__pnp_05v5_w0p68l0p68#collcx = 2.506385e-04
q.xq16.qsky130_fd_pr__pnp_05v5_w0p68l0p68#collcx = 2.506385e-04
q.xq18.qsky130_fd_pr__pnp_05v5_w0p68l0p68#collcx = 2.506385e-04
vb = 9.300965e-01
vdd = 2.300000e+00
vs#branch = -9.95812e-02
vt#branch = 0.000000e+00
xc1.a = 0.000000e+00
xc1.b1 = 0.000000e+00
xc3.a = 8.905628e-01
xc3.b1 = 8.905628e-01
xr1.xsky130_fd_pr__res_xhigh_po_0p69.ra = 8.224296e-01
xr2.xsky130_fd_pr__res_xhigh_po_0p69.ra = 8.224433e-01
xr3.xsky130_fd_pr__res_xhigh_po_0p69.ra = 1.971118e-03
xr4.xsky130_fd_pr__res_xhigh_po_0p69.ra = 7.666575e-01
xr5.xsky130_fd_pr__res_xhigh_po_0p69.ra = 1.971082e-03
xr6.xsky130_fd_pr__res_xhigh_po_0p69.ra = 2.947526e-03
xr7.xsky130_fd_pr__res_xhigh_po_0p69.ra = 8.905627e-01
xr8.xsky130_fd_pr__res_xhigh_po_0p69.ra = 1.194784e+00
xr9.xsky130_fd_pr__res_xhigh_po_0p69.ra = 5.137919e-03
Doing analysis at TEMP = 0.000000 and TNOM = 27.000000


No. of Data Rows : 91
Note: Starting true gmin stepping
Trying gmin =   1.0000E-03 Note: One successful gmin step
Trying gmin =   1.0000E-04 Note: One successful gmin step
Trying gmin =   1.0000E-05 Note: One successful gmin step
Trying gmin =   1.0000E-06 Note: One successful gmin step
Trying gmin =   1.0000E-07 Note: One successful gmin step
Trying gmin =   1.0000E-08 Warning: Further gmin increment
Trying gmin =   5.6234E-08 Warning: Further gmin increment
Trying gmin =   8.6596E-08 Note: One successful gmin step
Trying gmin =   6.9783E-08 Warning: Further gmin increment
Trying gmin =   8.2047E-08 Warning: Further gmin increment
Trying gmin =   8.5436E-08 Note: One successful gmin step
Trying gmin =   8.3724E-08 Note: One successful gmin step
Trying gmin =   8.1221E-08 Warning: Further gmin increment
Trying gmin =   8.3091E-08 Note: One successful gmin step
Trying gmin =   8.2151E-08 Warning: Further gmin increment
Trying gmin =   8.2855E-08 Note: One successful gmin step
Trying gmin =   8.2502E-08 Note: One successful gmin step
Trying gmin =   8.1976E-08 Warning: Further gmin increment
Trying gmin =   8.2370E-08 Warning: Further gmin increment
Trying gmin =   8.2469E-08 Warning: Further gmin increment
Trying gmin =   8.2494E-08 Note: One successful gmin step
Trying gmin =   8.2482E-08 Warning: Further gmin increment
Trying gmin =   8.2491E-08 Warning: Last gmin step failed
Warning: True gmin stepping failed
Note: Starting dynamic gmin stepping
Trying gmin =   1.0000E-03 Note: One successful gmin step
Trying gmin =   1.0000E-04 Note: One successful gmin step
Trying gmin =   1.0000E-05 Warning: Further gmin increment
Trying gmin =   5.6234E-05 Note: One successful gmin step
Trying gmin =   2.3714E-05 Note: One successful gmin step
Trying gmin =   6.4938E-06 Note: One successful gmin step
Trying gmin =   9.3057E-07 Note: One successful gmin step
Trying gmin =   9.3057E-08 Warning: Further gmin increment
Trying gmin =   5.2330E-07 Warning: Further gmin increment
Trying gmin =   8.0584E-07 Note: One successful gmin step
Trying gmin =   6.4938E-07 Note: One successful gmin step
Trying gmin =   5.2330E-07 Note: One successful gmin step
Trying gmin =   3.7855E-07 Note: One successful gmin step
Trying gmin =   2.3291E-07 Note: One successful gmin step
Trying gmin =   1.1240E-07 Note: One successful gmin step
Trying gmin =   3.7685E-08 Note: One successful gmin step
Trying gmin =   7.3157E-09 Note: One successful gmin step
Trying gmin =   7.3157E-10 Note: One successful gmin step
Trying gmin =   7.3157E-11 Note: One successful gmin step
Trying gmin =   7.3157E-12 Note: One successful gmin step
Trying gmin =   1.0000E-12 Note: One successful gmin step
Note: Dynamic gmin stepping completed
 Reference value :  1.00000e+00Note: Starting true gmin stepping
Trying gmin =   1.0000E-03 Note: One successful gmin step
Trying gmin =   1.0000E-04 Note: One successful gmin step
Trying gmin =   1.0000E-05 Note: One successful gmin step
Trying gmin =   1.0000E-06 Note: One successful gmin step
Trying gmin =   1.0000E-07 Note: One successful gmin step
Trying gmin =   1.0000E-08 Warning: Further gmin increment
Trying gmin =   5.6234E-08 Note: One successful gmin step
Trying gmin =   2.3714E-08 Error: -1.77919e+177, 2 out of range for ^
Warning: Further gmin increment
Trying gmin =   4.5316E-08 Note: One successful gmin step
Trying gmin =   3.2781E-08 Warning: Further gmin increment
Trying gmin =   4.1792E-08 Note: One successful gmin step
Trying gmin =   3.7013E-08 Warning: Further gmin increment
Trying gmin =   4.0542E-08 Note: One successful gmin step
Trying gmin =   3.8738E-08 Warning: Further gmin increment
Trying gmin =   4.0084E-08 Warning: Further gmin increment
Trying gmin =   4.0427E-08 Note: One successful gmin step
Trying gmin =   4.0255E-08 Warning: Further gmin increment
Trying gmin =   4.0384E-08 Note: One successful gmin step
Trying gmin =   4.0320E-08 Note: One successful gmin step
Trying gmin =   4.0223E-08 Warning: Further gmin increment
Trying gmin =   4.0295E-08 Note: One successful gmin step
Trying gmin =   4.0259E-08 Warning: Further gmin increment
Trying gmin =   4.0286E-08 Warning: Further gmin increment
Trying gmin =   4.0293E-08 Note: One successful gmin step
Trying gmin =   4.0290E-08 Note: One successful gmin step
Trying gmin =   4.0285E-08 Warning: Further gmin increment
Trying gmin =   4.0288E-08 Note: One successful gmin step
Trying gmin =   4.0286E-08 Warning: Last gmin step failed
Warning: True gmin stepping failed
Note: Starting dynamic gmin stepping
Trying gmin =   1.0000E-03 Note: One successful gmin step
Trying gmin =   1.0000E-04 Note: One successful gmin step
Trying gmin =   1.0000E-05 Warning: Further gmin increment
Trying gmin =   5.6234E-05 Note: One successful gmin step
Trying gmin =   2.3714E-05 Note: One successful gmin step
Trying gmin =   6.4938E-06 Warning: Further gmin increment
Trying gmin =   1.7154E-05 Note: One successful gmin step
Trying gmin =   1.0554E-05 Note: One successful gmin step
Trying gmin =   5.0937E-06 Note: One successful gmin step
Trying gmin =   2.4582E-06 Note: One successful gmin step
Trying gmin =   1.1864E-06 Note: One successful gmin step
Trying gmin =   3.9775E-07 Note: One successful gmin step
Trying gmin =   7.7214E-08 Warning: Further gmin increment
Trying gmin =   2.6402E-07 Note: One successful gmin step
Trying gmin =   1.4278E-07 Warning: Further gmin increment
Trying gmin =   2.2641E-07 Note: One successful gmin step
Trying gmin =   1.7979E-07 Warning: Further gmin increment
Trying gmin =   2.1373E-07 Note: One successful gmin step
Trying gmin =   1.9603E-07 Note: One successful gmin step
Trying gmin =   1.7219E-07 Warning: Further gmin increment
Trying gmin =   1.8978E-07 Note: One successful gmin step
Trying gmin =   1.8077E-07 Warning: Further gmin increment
Trying gmin =   1.8748E-07 Note: One successful gmin step
Trying gmin =   1.8409E-07 Warning: Further gmin increment
Trying gmin =   1.8663E-07 Note: One successful gmin step
Trying gmin =   1.8536E-07 Note: One successful gmin step
Trying gmin =   1.8347E-07 Warning: Further gmin increment
Trying gmin =   1.8488E-07 Warning: Further gmin increment
Trying gmin =   1.8524E-07 Note: One successful gmin step
Trying gmin =   1.8506E-07 Warning: Further gmin increment
Trying gmin =   1.8519E-07 Note: One successful gmin step
Trying gmin =   1.8513E-07 Note: One successful gmin step
Trying gmin =   1.8503E-07 Warning: Further gmin increment
Trying gmin =   1.8510E-07 Note: One successful gmin step
Trying gmin =   1.8507E-07 Warning: Further gmin increment
Trying gmin =   1.8509E-07 Warning: Further gmin increment
Trying gmin =   1.8510E-07 Note: One successful gmin step
Trying gmin =   1.8510E-07 Note: One successful gmin step
Trying gmin =   1.8509E-07 Warning: Last gmin step failed
Warning: Dynamic gmin stepping failed
Note: Starting source stepping
Supplies reduced to   0.0000% Note: One successful source step
Supplies reduced to   0.1000% Note: One successful source step
Supplies reduced to   0.2000% Note: One successful source step
Supplies reduced to   0.3500% Note: One successful source step
Supplies reduced to   0.5750% Note: One successful source step
Supplies reduced to   0.9125% Note: One successful source step
Supplies reduced to   1.4188% Note: One successful source step
Supplies reduced to   2.1781% Note: One successful source step
Supplies reduced to   3.3172% Note: One successful source step
Supplies reduced to   5.0258% Note: One successful source step
Supplies reduced to   7.5887% Note: One successful source step
Supplies reduced to  11.4330% Note: One successful source step
Supplies reduced to  17.1995% Note: One successful source step
Supplies reduced to  25.8493% Supplies reduced to  17.1995% Note: One successful source step
Supplies reduced to  18.1995% Note: One successful source step
Supplies reduced to  19.6995% Note: One successful source step
Supplies reduced to  21.9495% Note: One successful source step
Supplies reduced to  25.3245% Note: One successful source step
Supplies reduced to  30.3870% Note: One successful source step
Supplies reduced to  32.9183% Note: One successful source step
Supplies reduced to  36.7151% Note: One successful source step
Supplies reduced to  42.4104% Supplies reduced to  36.7151% Note: One successful source step
Supplies reduced to  37.5694% Note: One successful source step
Supplies reduced to  38.8509% Note: One successful source step
Supplies reduced to  40.7730% Supplies reduced to  38.8509% Note: One successful source step
Supplies reduced to  39.1392% Note: One successful source step
Supplies reduced to  39.5717% Note: One successful source step
Supplies reduced to  40.2204% Note: One successful source step
Supplies reduced to  41.1935% Note: One successful source step
Supplies reduced to  42.6532% Note: One successful source step
Supplies reduced to  44.1128% Note: One successful source step
Supplies reduced to  46.3023% Note: One successful source step
Supplies reduced to  49.5865% Note: One successful source step
Supplies reduced to  54.5128% Note: One successful source step
Supplies reduced to  61.9023% Note: One successful source step
Supplies reduced to  72.9864% Note: One successful source step
Supplies reduced to  89.6127% Supplies reduced to  72.9864% Note: One successful source step
Supplies reduced to  73.9864% Note: One successful source step
Supplies reduced to  75.4864% Note: One successful source step
Supplies reduced to  77.7364% Note: One successful source step
Supplies reduced to  81.1114% Note: One successful source step
Supplies reduced to  86.1739% Supplies reduced to  81.1114% Note: One successful source step
Supplies reduced to  81.8708% Note: One successful source step
Supplies reduced to  83.0099% Note: One successful source step
Supplies reduced to  84.7185% Supplies reduced to  83.0099% Note: One successful source step
Supplies reduced to  83.2662% Note: One successful source step
Supplies reduced to  83.6506% Note: One successful source step
Supplies reduced to  84.2273% Supplies reduced to  83.6506% Note: One successful source step
Supplies reduced to  83.7371% Note: One successful source step
Supplies reduced to  83.8668% Note: One successful source step
Supplies reduced to  84.0615% Supplies reduced to  83.8668% Note: One successful source step
Supplies reduced to  83.8960% Note: One successful source step
Supplies reduced to  83.9398% Note: One successful source step
Supplies reduced to  84.0055% Supplies reduced to  83.9398% Note: One successful source step
Supplies reduced to  83.9497% Note: One successful source step
Supplies reduced to  83.9645% Note: One successful source step
Supplies reduced to  83.9866% Supplies reduced to  83.9645% Note: One successful source step
Supplies reduced to  83.9678% Note: One successful source step
Supplies reduced to  83.9728% Note: One successful source step
Supplies reduced to  83.9803% Note: One successful source step
Supplies reduced to  83.9915% Supplies reduced to  83.9803% Note: One successful source step
Supplies reduced to  83.9819% Note: One successful source step
Supplies reduced to  83.9845% Note: One successful source step
Supplies reduced to  83.9883% Supplies reduced to  83.9845% Note: One successful source step
Supplies reduced to  83.9850% Note: One successful source step
Supplies reduced to  83.9859% Supplies reduced to  83.9850% Note: One successful source step
Supplies reduced to  83.9852% Supplies reduced to  83.9850% Note: One successful source step
Supplies reduced to  83.9851% Note: One successful source step
Supplies reduced to  83.9851% Note: One successful source step
Supplies reduced to  83.9851% Warning: source stepping failed
doAnalyses: Too many iterations without convergence

dc simulation(s) aborted
Error(parse.c--checkvalid): vldo_sup_2_8: zero length vector.
Error: RHS "abs((vldo_sup_2_8-vldo_sup_2)/0.8)" invalid
Error(parse.c--checkvalid): line_reg: zero length vector.
Error(parse.c--checkvalid): vin: zero length vector.
Error: RHS "vin-1.764" invalid
Error(parse.c--checkvalid): dropout: zero length vector.
Error: no such vector dropout
Note: No ".plot", ".print", or ".fourier" lines; no simulations run
pm                  =  3.462956e+01
Doing analysis at TEMP = 0.000000 and TNOM = 27.000000


No. of Data Rows : 91
psrr100             =  -5.746093e+01
psrr100k            =  -2.554390e+01
Doing analysis at TEMP = 0.000000 and TNOM = 27.000000


No. of Data Rows : 86
temp_coeff = 1.445083e+02
Doing analysis at TEMP = 0.000000 and TNOM = 27.000000


Error: measure  vldo_sup_2  (AT) : out of interval
 meas dc vldo_sup_2 find ldo_out at=2 failed!


Error: measure  vldo_sup_2_8  (AT) : out of interval
 meas dc vldo_sup_2_8 find ldo_out at=2.8 failed!


Error: measure  vin  (WHEN) : out of interval
 meas dc vin when v(ldo_out)=1.764 failed!

