 Reference value :  8.00000e+01Note: Starting true gmin stepping
Trying gmin =   1.0000E-03 Note: One successful gmin step
Trying gmin =   1.0000E-04 Note: One successful gmin step
Trying gmin =   1.0000E-05 Note: One successful gmin step
Trying gmin =   1.0000E-06 Note: One successful gmin step
Trying gmin =   1.0000E-07 Warning: Further gmin increment
Trying gmin =   5.6234E-07 Note: One successful gmin step
Trying gmin =   2.3714E-07 Warning: Further gmin increment
Trying gmin =   4.5316E-07 Note: One successful gmin step
Trying gmin =   3.2781E-07 Note: One successful gmin step
Trying gmin =   2.0169E-07 Note: One successful gmin step
Trying gmin =   1.5820E-07 Note: One successful gmin step
Trying gmin =   1.0990E-07 Warning: Further gmin increment
Trying gmin =   1.4443E-07 Note: One successful gmin step
Trying gmin =   1.2599E-07 Note: One successful gmin step
Trying gmin =   1.0265E-07 Note: One successful gmin step
Trying gmin =   9.2653E-08 Warning: Further gmin increment
Trying gmin =   1.0005E-07 Note: One successful gmin step
Trying gmin =   9.6282E-08 Note: One successful gmin step
Trying gmin =   9.0890E-08 Note: One successful gmin step
Trying gmin =   8.3363E-08 Note: One successful gmin step
Trying gmin =   7.3225E-08 Note: One successful gmin step
Trying gmin =   6.0282E-08 Note: One successful gmin step
Trying gmin =   4.5028E-08 Note: One successful gmin step
Trying gmin =   2.9069E-08 Note: One successful gmin step
Trying gmin =   1.5078E-08 Note: One successful gmin step
Trying gmin =   5.6326E-09 Note: One successful gmin step
Trying gmin =   1.2861E-09 Note: One successful gmin step
Trying gmin =   1.4031E-10 Note: One successful gmin step
Trying gmin =   1.4031E-11 Note: One successful gmin step
Trying gmin =   1.4031E-12 Note: One successful gmin step
Trying gmin =   1.0000E-12 Note: One successful gmin step
Note: True gmin stepping completed
 Reference value :  3.00000e+00Note: Starting true gmin stepping
Trying gmin =   1.0000E-03 Note: One successful gmin step
Trying gmin =   1.0000E-04 Note: One successful gmin step
Trying gmin =   1.0000E-05 Note: One successful gmin step
Trying gmin =   1.0000E-06 Note: One successful gmin step
Trying gmin =   1.0000E-07 Note: One successful gmin step
Trying gmin =   1.0000E-08 Warning: Further gmin increment
Trying gmin =   5.6234E-08 Note: One successful gmin step
Trying gmin =   2.3714E-08 Note: One successful gmin step
Trying gmin =   6.4938E-09 Note: One successful gmin step
Trying gmin =   9.3057E-10 Warning: Further gmin increment
Trying gmin =   3.9954E-09 Note: One successful gmin step
Trying gmin =   1.9282E-09 Warning: Further gmin increment
Trying gmin =   3.3301E-09 Note: One successful gmin step
Trying gmin =   2.5340E-09 Note: One successful gmin step
Trying gmin =   1.6820E-09 Note: One successful gmin step
Trying gmin =   9.0962E-10 Warning: Further gmin increment
Trying gmin =   1.4424E-09 Note: One successful gmin step
Trying gmin =   1.1454E-09 Warning: Further gmin increment
Trying gmin =   1.3616E-09 Warning: Further gmin increment
Trying gmin =   1.4218E-09 Note: One successful gmin step
Trying gmin =   1.3914E-09 Warning: Further gmin increment
Trying gmin =   1.4141E-09 Note: One successful gmin step
Trying gmin =   1.4027E-09 Note: One successful gmin step
Trying gmin =   1.3858E-09 Warning: Further gmin increment
Trying gmin =   1.3984E-09 Note: One successful gmin step
Trying gmin =   1.3921E-09 Warning: Further gmin increment
Trying gmin =   1.3969E-09 Note: One successful gmin step
Trying gmin =   1.3945E-09 Note: One successful gmin step
Trying gmin =   1.3933E-09 Note: One successful gmin step
Trying gmin =   1.3915E-09 Note: One successful gmin step
Trying gmin =   1.3888E-09 Note: One successful gmin step
Trying gmin =   1.3848E-09 Note: One successful gmin step
Trying gmin =   1.3788E-09 Note: One successful gmin step
Trying gmin =   1.3699E-09 Note: One successful gmin step
Trying gmin =   1.3566E-09 Note: One successful gmin step
Trying gmin =   1.3370E-09 Note: One successful gmin step
Trying gmin =   1.3080E-09 Note: One successful gmin step
Trying gmin =   1.2657E-09 Note: One successful gmin step
Trying gmin =   1.2049E-09 Note: One successful gmin step
Trying gmin =   1.1190E-09 Note: One successful gmin step
Trying gmin =   1.0015E-09 Note: One successful gmin step
Trying gmin =   8.4804E-10 Note: One successful gmin step
Trying gmin =   6.6077E-10 Note: One successful gmin step
Trying gmin =   4.5447E-10 Note: One successful gmin step
Trying gmin =   2.5923E-10 Note: One successful gmin step
Trying gmin =   1.1167E-10 Note: One successful gmin step
Trying gmin =   3.1575E-11 Note: One successful gmin step
Trying gmin =   4.7471E-12 Note: One successful gmin step
Trying gmin =   1.0000E-12 Note: One successful gmin step
Note: True gmin stepping completed
 Reference value :  1.60000e+00Note: Starting true gmin stepping
Trying gmin =   1.0000E-03 Note: One successful gmin step
Trying gmin =   1.0000E-04 Note: One successful gmin step
Trying gmin =   1.0000E-05 Note: One successful gmin step
Trying gmin =   1.0000E-06 Note: One successful gmin step
Trying gmin =   1.0000E-07 Note: One successful gmin step
Trying gmin =   1.0000E-08 Note: One successful gmin step
Trying gmin =   1.0000E-09 Warning: Further gmin increment
Trying gmin =   5.6234E-09 Note: One successful gmin step
Trying gmin =   2.3714E-09 Note: One successful gmin step
Trying gmin =   6.4938E-10 Warning: Further gmin increment
Trying gmin =   1.7154E-09 Warning: Further gmin increment
Trying gmin =   2.1870E-09 Note: One successful gmin step
Trying gmin =   1.9369E-09 Note: One successful gmin step
Trying gmin =   1.6144E-09 Note: One successful gmin step
Trying gmin =   1.2284E-09 Note: One successful gmin step
Trying gmin =   8.1541E-10 Note: One successful gmin step
Trying gmin =   6.6434E-10 Note: One successful gmin step
Trying gmin =   4.8854E-10 Note: One successful gmin step
Trying gmin =   3.0809E-10 Note: One successful gmin step
Trying gmin =   1.5429E-10 Note: One successful gmin step
Trying gmin =   5.4680E-11 Note: One successful gmin step
Trying gmin =   1.1536E-11 Note: One successful gmin step
Trying gmin =   1.1536E-12 Note: One successful gmin step
Trying gmin =   1.0000E-12 Note: One successful gmin step
Note: True gmin stepping completed
 Reference value :  2.20000e-01
No compatibility mode selected!


Circuit: * ldo netlist 

Doing analysis at TEMP = 0.000000 and TNOM = 27.000000


No. of Data Rows : 81
temp_coeff = 1.886089e+01
Doing analysis at TEMP = 0.000000 and TNOM = 27.000000


No. of Data Rows : 151
vldo_sup_2          =  1.803975e+00
vldo_sup_3          =  1.803103e+00
line_reg = -8.72000e-04
Note: Starting true gmin stepping
Trying gmin =   1.0000E-03 Note: One successful gmin step
Trying gmin =   1.0000E-04 Note: One successful gmin step
Trying gmin =   1.0000E-05 Note: One successful gmin step
Trying gmin =   1.0000E-06 Note: One successful gmin step
Trying gmin =   1.0000E-07 Note: One successful gmin step
Trying gmin =   1.0000E-08 Warning: Further gmin increment
Trying gmin =   5.6234E-08 Warning: Further gmin increment
Trying gmin =   8.6596E-08 Note: One successful gmin step
Trying gmin =   7.4989E-08 Note: One successful gmin step
Trying gmin =   6.0430E-08 Note: One successful gmin step
Trying gmin =   4.3714E-08 Note: One successful gmin step
Trying gmin =   2.6896E-08 Note: One successful gmin step
Trying gmin =   1.2980E-08 Warning: Further gmin increment
Trying gmin =   2.2417E-08 Warning: Further gmin increment
Trying gmin =   2.5699E-08 Note: One successful gmin step
Trying gmin =   2.4002E-08 Note: One successful gmin step
Trying gmin =   2.1665E-08 Warning: Further gmin increment
Trying gmin =   2.3395E-08 Note: One successful gmin step
Trying gmin =   2.2513E-08 Warning: Further gmin increment
Trying gmin =   2.3171E-08 Note: One successful gmin step
Trying gmin =   2.2840E-08 Warning: Further gmin increment
Trying gmin =   2.3088E-08 Note: One successful gmin step
Trying gmin =   2.2964E-08 Note: One successful gmin step
Trying gmin =   2.2778E-08 Warning: Further gmin increment
Trying gmin =   2.2917E-08 Warning: Further gmin increment
Trying gmin =   2.2952E-08 Note: One successful gmin step
Trying gmin =   2.2935E-08 Note: One successful gmin step
Trying gmin =   2.2909E-08 Warning: Further gmin increment
Trying gmin =   2.2928E-08 Note: One successful gmin step
Trying gmin =   2.2918E-08 Warning: Further gmin increment
Trying gmin =   2.2926E-08 Note: One successful gmin step
Trying gmin =   2.2922E-08 Warning: Further gmin increment
Trying gmin =   2.2925E-08 Note: One successful gmin step
Trying gmin =   2.2923E-08 Note: One successful gmin step
Trying gmin =   2.2921E-08 Warning: Further gmin increment
Trying gmin =   2.2923E-08 Note: One successful gmin step
Trying gmin =   2.2922E-08 Warning: Last gmin step failed
Warning: True gmin stepping failed
Note: Starting dynamic gmin stepping
Trying gmin =   1.0000E-03 Note: One successful gmin step
Trying gmin =   1.0000E-04 Note: One successful gmin step
Trying gmin =   1.0000E-05 Note: One successful gmin step
Trying gmin =   1.0000E-06 Note: One successful gmin step
Trying gmin =   1.0000E-07 Warning: Further gmin increment
Trying gmin =   5.6234E-07 Note: One successful gmin step
Trying gmin =   2.3714E-07 Warning: Further gmin increment
Trying gmin =   4.5316E-07 Note: One successful gmin step
Trying gmin =   3.2781E-07 Warning: Further gmin increment
Trying gmin =   4.1792E-07 Note: One successful gmin step
Trying gmin =   3.7013E-07 Note: One successful gmin step
Trying gmin =   3.0850E-07 Warning: Further gmin increment
Trying gmin =   3.5366E-07 Note: One successful gmin step
Trying gmin =   3.3031E-07 Warning: Further gmin increment
Trying gmin =   3.4767E-07 Note: One successful gmin step
Trying gmin =   3.3888E-07 Note: One successful gmin step
Trying gmin =   3.3031E-07 Note: One successful gmin step
Trying gmin =   3.1786E-07 Note: One successful gmin step
Trying gmin =   3.0006E-07 Note: One successful gmin step
Trying gmin =   2.7521E-07 Note: One successful gmin step
Trying gmin =   2.4174E-07 Note: One successful gmin step
Trying gmin =   1.9901E-07 Note: One successful gmin step
Trying gmin =   1.4865E-07 Warning: Further gmin increment
Trying gmin =   1.8501E-07 Note: One successful gmin step
Trying gmin =   1.6584E-07 Note: One successful gmin step
Trying gmin =   1.4074E-07 Note: One successful gmin step
Trying gmin =   1.1003E-07 Note: One successful gmin step
Trying gmin =   7.6059E-08 Note: One successful gmin step
Trying gmin =   4.3713E-08 Note: One successful gmin step
Trying gmin =   1.9046E-08 Note: One successful gmin step
Trying gmin =   5.4774E-09 Note: One successful gmin step
Trying gmin =   8.4478E-10 Note: One successful gmin step
Trying gmin =   8.4478E-11 Note: One successful gmin step
Trying gmin =   8.4478E-12 Note: One successful gmin step
Trying gmin =   1.0000E-12 Note: One successful gmin step
Note: Dynamic gmin stepping completed
 Reference value :  1.00000e+00Note: No ".plot", ".print", or ".fourier" lines; no simulations run
vin                 =  1.764251e+00
dropout = 2.510000e-04
Doing analysis at TEMP = 0.000000 and TNOM = 27.000000


No. of Data Rows : 91
psrr100             =  -6.036311e+01
psrr100k            =  -3.277163e+01
