 Reference value :  8.00000e+01Note: Starting true gmin stepping
Trying gmin =   1.0000E-03 Note: One successful gmin step
Trying gmin =   1.0000E-04 Note: One successful gmin step
Trying gmin =   1.0000E-05 Note: One successful gmin step
Trying gmin =   1.0000E-06 Note: One successful gmin step
Trying gmin =   1.0000E-07 Note: One successful gmin step
Trying gmin =   1.0000E-08 Note: One successful gmin step
Trying gmin =   1.0000E-09 Warning: Further gmin increment
Trying gmin =   5.6234E-09 Note: One successful gmin step
Trying gmin =   2.3714E-09 Note: One successful gmin step
Trying gmin =   1.5399E-09 Warning: Further gmin increment
Trying gmin =   2.1288E-09 Note: One successful gmin step
Trying gmin =   1.8106E-09 Note: One successful gmin step
Trying gmin =   1.4202E-09 Note: One successful gmin step
Trying gmin =   9.8660E-10 Note: One successful gmin step
Trying gmin =   5.7126E-10 Note: One successful gmin step
Trying gmin =   2.5170E-10 Note: One successful gmin step
Trying gmin =   7.3611E-11 Note: One successful gmin step
Trying gmin =   1.1642E-11 Note: One successful gmin step
Trying gmin =   1.1642E-12 Note: One successful gmin step
Trying gmin =   1.0000E-12 Note: One successful gmin step
Note: True gmin stepping completed
 Reference value :  1.28000e+00Note: Starting true gmin stepping
Trying gmin =   1.0000E-03 Note: One successful gmin step
Trying gmin =   1.0000E-04 Note: One successful gmin step
Trying gmin =   1.0000E-05 Note: One successful gmin step
Trying gmin =   1.0000E-06 Note: One successful gmin step
Trying gmin =   1.0000E-07 Note: One successful gmin step
Trying gmin =   1.0000E-08 Note: One successful gmin step
Trying gmin =   1.0000E-09 Warning: Further gmin increment
Trying gmin =   5.6234E-09 Note: One successful gmin step
Trying gmin =   2.3714E-09 Note: One successful gmin step
Trying gmin =   1.0000E-09 Warning: Further gmin increment
Trying gmin =   1.9110E-09 Note: One successful gmin step
Trying gmin =   1.3824E-09 Warning: Further gmin increment
Trying gmin =   1.7624E-09 Note: One successful gmin step
Trying gmin =   1.6253E-09 Note: One successful gmin step
Trying gmin =   1.4395E-09 Note: One successful gmin step
Trying gmin =   1.1998E-09 Note: One successful gmin step
Trying gmin =   9.1295E-10 Note: One successful gmin step
Trying gmin =   6.0600E-10 Note: One successful gmin step
Trying gmin =   3.2772E-10 Note: One successful gmin step
Trying gmin =   1.3033E-10 Note: One successful gmin step
Trying gmin =   3.2687E-11 Note: One successful gmin step
Trying gmin =   4.1054E-12 Note: One successful gmin step
Trying gmin =   1.0000E-12 Note: One successful gmin step
Note: True gmin stepping completed
 Reference value :  6.40000e-01
No compatibility mode selected!


Circuit: * ldo netlist 

Doing analysis at TEMP = 85.000000 and TNOM = 27.000000


No. of Data Rows : 81
temp_coeff = 2.442923e+02
Doing analysis at TEMP = 85.000000 and TNOM = 27.000000


No. of Data Rows : 151
vldo_sup_2          =  1.779836e+00
vldo_sup_3          =  1.806817e+00
line_reg = 2.698100e-02
Note: No ".plot", ".print", or ".fourier" lines; no simulations run
vin                 =  1.985231e+00
dropout = 2.212310e-01
Doing analysis at TEMP = 85.000000 and TNOM = 27.000000


No. of Data Rows : 91
psrr100             =  5.900972e-01
psrr100k            =  8.622044e-01
