 Reference value :  8.50000e+01Note: Starting true gmin stepping
Trying gmin =   1.0000E-03 Note: One successful gmin step
Trying gmin =   1.0000E-04 Note: One successful gmin step
Trying gmin =   1.0000E-05 Note: One successful gmin step
Trying gmin =   1.0000E-06 Note: One successful gmin step
Trying gmin =   1.0000E-07 Note: One successful gmin step
Trying gmin =   1.0000E-08 Warning: Further gmin increment
Trying gmin =   5.6234E-08 Warning: Further gmin increment
Trying gmin =   8.6596E-08 Note: One successful gmin step
Trying gmin =   6.9783E-08 Warning: Further gmin increment
Trying gmin =   8.2047E-08 Note: One successful gmin step
Trying gmin =   7.5667E-08 Warning: Further gmin increment
Trying gmin =   8.0403E-08 Warning: Further gmin increment
Trying gmin =   8.1633E-08 Note: One successful gmin step
Trying gmin =   8.1016E-08 Note: One successful gmin step
Trying gmin =   8.0099E-08 Warning: Further gmin increment
Trying gmin =   8.0785E-08 Note: One successful gmin step
Trying gmin =   8.0441E-08 Warning: Further gmin increment
Trying gmin =   8.0699E-08 Note: One successful gmin step
Trying gmin =   8.0570E-08 Warning: Further gmin increment
Trying gmin =   8.0667E-08 Note: One successful gmin step
Trying gmin =   8.0619E-08 Warning: Further gmin increment
Trying gmin =   8.0655E-08 Note: One successful gmin step
Trying gmin =   8.0637E-08 Warning: Further gmin increment
Trying gmin =   8.0650E-08 Note: One successful gmin step
Trying gmin =   8.0644E-08 Note: One successful gmin step
Trying gmin =   8.0633E-08 Warning: Further gmin increment
Trying gmin =   8.0641E-08 Note: One successful gmin step
Trying gmin =   8.0637E-08 Note: One successful gmin step
Trying gmin =   8.0631E-08 Warning: Further gmin increment
Trying gmin =   8.0636E-08 Warning: Last gmin step failed
Warning: True gmin stepping failed
Note: Starting dynamic gmin stepping
Trying gmin =   1.0000E-03 Note: One successful gmin step
Trying gmin =   1.0000E-04 Note: One successful gmin step
Trying gmin =   1.0000E-05 Note: One successful gmin step
Trying gmin =   1.0000E-06 Warning: Further gmin increment
Trying gmin =   5.6234E-06 Warning: Further gmin increment
Trying gmin =   8.6596E-06 Note: One successful gmin step
Trying gmin =   6.9783E-06 Note: One successful gmin step
Trying gmin =   5.0481E-06 Note: One successful gmin step
Trying gmin =   3.6517E-06 Note: One successful gmin step
Trying gmin =   2.2468E-06 Note: One successful gmin step
Trying gmin =   1.0843E-06 Note: One successful gmin step
Trying gmin =   3.6354E-07 Warning: Further gmin increment
Trying gmin =   8.2509E-07 Note: One successful gmin step
Trying gmin =   5.4768E-07 Note: One successful gmin step
Trying gmin =   2.9618E-07 Warning: Further gmin increment
Trying gmin =   4.6966E-07 Note: One successful gmin step
Trying gmin =   3.7297E-07 Warning: Further gmin increment
Trying gmin =   4.4336E-07 Note: One successful gmin step
Trying gmin =   4.0664E-07 Note: One successful gmin step
Trying gmin =   3.5719E-07 Warning: Further gmin increment
Trying gmin =   3.9367E-07 Note: One successful gmin step
Trying gmin =   3.7499E-07 Warning: Further gmin increment
Trying gmin =   3.8892E-07 Note: One successful gmin step
Trying gmin =   3.8189E-07 Note: One successful gmin step
Trying gmin =   3.7158E-07 Warning: Further gmin increment
Trying gmin =   3.7929E-07 Note: One successful gmin step
Trying gmin =   3.7542E-07 Note: One successful gmin step
Trying gmin =   3.6968E-07 Warning: Further gmin increment
Trying gmin =   3.7397E-07 Warning: Further gmin increment
Trying gmin =   3.7505E-07 Warning: Further gmin increment
Trying gmin =   3.7532E-07 Note: One successful gmin step
Trying gmin =   3.7519E-07 Warning: Further gmin increment
Trying gmin =   3.7529E-07 Note: One successful gmin step
Trying gmin =   3.7524E-07 Warning: Further gmin increment
Trying gmin =   3.7528E-07 Note: One successful gmin step
Trying gmin =   3.7526E-07 Warning: Further gmin increment
Trying gmin =   3.7527E-07 Warning: Last gmin step failed
Warning: Dynamic gmin stepping failed
Note: Starting source stepping
Supplies reduced to   0.0000% Note: One successful source step
Supplies reduced to   0.1000% Note: One successful source step
Supplies reduced to   0.2000% Note: One successful source step
Supplies reduced to   0.3500% Note: One successful source step
Supplies reduced to   0.5750% Note: One successful source step
Supplies reduced to   0.9125% Note: One successful source step
Supplies reduced to   1.4188% Note: One successful source step
Supplies reduced to   2.1781% Note: One successful source step
Supplies reduced to   3.3172% Note: One successful source step
Supplies reduced to   5.0258% Note: One successful source step
Supplies reduced to   7.5887% Note: One successful source step
Supplies reduced to  11.4330% Note: One successful source step
Supplies reduced to  17.1995% Note: One successful source step
Supplies reduced to  25.8493% Note: One successful source step
Supplies reduced to  38.8239% Supplies reduced to  25.8493% Note: One successful source step
Supplies reduced to  26.8493% Note: One successful source step
Supplies reduced to  28.3493% Note: One successful source step
Supplies reduced to  30.5993% Note: One successful source step
Supplies reduced to  33.9743% Note: One successful source step
Supplies reduced to  39.0368% Note: One successful source step
Supplies reduced to  46.6305% Supplies reduced to  39.0368% Note: One successful source step
Supplies reduced to  40.0368% Note: One successful source step
Supplies reduced to  41.5368% Note: One successful source step
Supplies reduced to  43.7868% Note: One successful source step
Supplies reduced to  47.1618% Note: One successful source step
Supplies reduced to  52.2243% Note: One successful source step
Supplies reduced to  59.8180% Note: One successful source step
Supplies reduced to  71.2086% Supplies reduced to  59.8180% Note: One successful source step
Supplies reduced to  60.8180% Note: One successful source step
Supplies reduced to  62.3180% Note: One successful source step
Supplies reduced to  64.5680% Note: One successful source step
Supplies reduced to  67.9430% Note: One successful source step
Supplies reduced to  73.0055% Supplies reduced to  67.9430% Note: One successful source step
Supplies reduced to  68.7024% Note: One successful source step
Supplies reduced to  69.8415% Supplies reduced to  68.7024% Note: One successful source step
Supplies reduced to  68.8733% Note: One successful source step
Supplies reduced to  69.1295% Note: One successful source step
Supplies reduced to  69.5140% Supplies reduced to  69.1295% Note: One successful source step
Supplies reduced to  69.1872% Supplies reduced to  69.1295% Note: One successful source step
Supplies reduced to  69.1382% Note: One successful source step
Supplies reduced to  69.1512% Note: One successful source step
Supplies reduced to  69.1706% Note: One successful source step
Supplies reduced to  69.1998% Supplies reduced to  69.1706% Note: One successful source step
Supplies reduced to  69.1750% Note: One successful source step
Supplies reduced to  69.1816% Note: One successful source step
Supplies reduced to  69.1914% Supplies reduced to  69.1816% Note: One successful source step
Supplies reduced to  69.1831% Note: One successful source step
Supplies reduced to  69.1853% Note: One successful source step
Supplies reduced to  69.1886% Supplies reduced to  69.1853% Note: One successful source step
Supplies reduced to  69.1858% Note: One successful source step
Supplies reduced to  69.1865% Note: One successful source step
Supplies reduced to  69.1876% Supplies reduced to  69.1865% Note: One successful source step
Supplies reduced to  69.1867% Supplies reduced to  69.1865% Note: One successful source step
Supplies reduced to  69.1865% Note: One successful source step
Supplies reduced to  69.1866% Note: One successful source step
Supplies reduced to  69.1866% Note: One successful source step
Supplies reduced to  69.1867% Supplies reduced to  69.1866% Note: One successful source step
Supplies reduced to  69.1866% Note: One successful source step
Supplies reduced to  69.1867% Note: One successful source step
Supplies reduced to  69.1867% Warning: source stepping failed
doAnalyses: Too many iterations without convergence

dc simulation(s) aborted
Error(parse.c--checkvalid): vldo_sup_2_8: zero length vector.
Error: RHS "abs((vldo_sup_2_8-vldo_sup_2)/0.8)" invalid
Error(parse.c--checkvalid): line_reg: zero length vector.
Error(parse.c--checkvalid): vin: zero length vector.
Error: RHS "vin-1.764" invalid
Error(parse.c--checkvalid): dropout: zero length vector.
Error: no such vector dropout
Note: Starting true gmin stepping
Trying gmin =   1.0000E-03 Note: One successful gmin step
Trying gmin =   1.0000E-04 Note: One successful gmin step
Trying gmin =   1.0000E-05 Note: One successful gmin step
Trying gmin =   1.0000E-06 Note: One successful gmin step
Trying gmin =   1.0000E-07 Note: One successful gmin step
Trying gmin =   3.1623E-08 Warning: Further gmin increment
Trying gmin =   7.4989E-08 Note: One successful gmin step
Trying gmin =   4.8697E-08 Warning: Further gmin increment
Trying gmin =   6.7317E-08 Warning: Further gmin increment
Trying gmin =   7.2993E-08 Note: One successful gmin step
Trying gmin =   7.0098E-08 Warning: Further gmin increment
Trying gmin =   7.2258E-08 Note: One successful gmin step
Trying gmin =   7.1170E-08 Note: One successful gmin step
Trying gmin =   7.0098E-08 Note: One successful gmin step
Trying gmin =   6.8520E-08 Note: One successful gmin step
Trying gmin =   6.6219E-08 Note: One successful gmin step
Trying gmin =   6.2912E-08 Note: One successful gmin step
Trying gmin =   5.8259E-08 Note: One successful gmin step
Trying gmin =   5.1917E-08 Note: One successful gmin step
Trying gmin =   4.3674E-08 Note: One successful gmin step
Trying gmin =   3.3697E-08 Note: One successful gmin step
Trying gmin =   2.2838E-08 Note: One successful gmin step
Trying gmin =   1.2742E-08 Note: One successful gmin step
Trying gmin =   5.3104E-09 Note: One successful gmin step
Trying gmin =   1.4287E-09 Note: One successful gmin step
Trying gmin =   1.9939E-10 Note: One successful gmin step
Trying gmin =   1.9939E-11 Note: One successful gmin step
Trying gmin =   1.9939E-12 Note: One successful gmin step
Trying gmin =   1.0000E-12 Note: One successful gmin step
Note: True gmin stepping completed
 Reference value :  1.00000e+00
No compatibility mode selected!


Circuit: * ldo netlist 

Doing analysis at TEMP = 0.000000 and TNOM = 27.000000


No. of Data Rows : 86
temp_coeff = 3.668272e+01
Doing analysis at TEMP = 0.000000 and TNOM = 27.000000


Error: measure  vldo_sup_2  (AT) : out of interval
 meas dc vldo_sup_2 find ldo_out at=2 failed!


Error: measure  vldo_sup_2_8  (AT) : out of interval
 meas dc vldo_sup_2_8 find ldo_out at=2.8 failed!


Error: measure  vin  (WHEN) : out of interval
 meas dc vin when v(ldo_out)=1.764 failed!

Doing analysis at TEMP = 0.000000 and TNOM = 27.000000


No. of Data Rows : 91
Note: Starting true gmin stepping
Trying gmin =   1.0000E-03 Note: One successful gmin step
Trying gmin =   1.0000E-04 Note: One successful gmin step
Trying gmin =   1.0000E-05 Note: One successful gmin step
Trying gmin =   1.0000E-06 Note: One successful gmin step
Trying gmin =   1.0000E-07 Note: One successful gmin step
Trying gmin =   3.1623E-08 Warning: Further gmin increment
Trying gmin =   7.4989E-08 Note: One successful gmin step
Trying gmin =   4.8697E-08 Warning: Further gmin increment
Trying gmin =   6.7317E-08 Warning: Further gmin increment
Trying gmin =   7.2993E-08 Note: One successful gmin step
Trying gmin =   7.0098E-08 Warning: Further gmin increment
Trying gmin =   7.2258E-08 Note: One successful gmin step
Trying gmin =   7.1170E-08 Note: One successful gmin step
Trying gmin =   7.0098E-08 Note: One successful gmin step
Trying gmin =   6.8520E-08 Note: One successful gmin step
Trying gmin =   6.6219E-08 Note: One successful gmin step
Trying gmin =   6.2912E-08 Note: One successful gmin step
Trying gmin =   5.8259E-08 Note: One successful gmin step
Trying gmin =   5.1917E-08 Note: One successful gmin step
Trying gmin =   4.3674E-08 Note: One successful gmin step
Trying gmin =   3.3697E-08 Note: One successful gmin step
Trying gmin =   2.2838E-08 Note: One successful gmin step
Trying gmin =   1.2742E-08 Note: One successful gmin step
Trying gmin =   5.3104E-09 Note: One successful gmin step
Trying gmin =   1.4287E-09 Note: One successful gmin step
Trying gmin =   1.9939E-10 Note: One successful gmin step
Trying gmin =   1.9939E-11 Note: One successful gmin step
Trying gmin =   1.9939E-12 Note: One successful gmin step
Trying gmin =   1.0000E-12 Note: One successful gmin step
Note: True gmin stepping completed
 Reference value :  1.00000e+00Note: No ".plot", ".print", or ".fourier" lines; no simulations run
pm                  =  6.251190e+01
Doing analysis at TEMP = 0.000000 and TNOM = 27.000000


No. of Data Rows : 91
psrr100             =  -6.339976e+01
psrr100k            =  -2.845622e+01
