 Reference value :  8.50000e+01Note: Starting true gmin stepping
Trying gmin =   1.0000E-03 Note: One successful gmin step
Trying gmin =   1.0000E-04 Note: One successful gmin step
Trying gmin =   1.0000E-05 Note: One successful gmin step
Trying gmin =   1.0000E-06 Note: One successful gmin step
Trying gmin =   1.0000E-07 Warning: Further gmin increment
Trying gmin =   5.6234E-07 Note: One successful gmin step
Trying gmin =   2.3714E-07 Note: One successful gmin step
Trying gmin =   6.4938E-08 Warning: Further gmin increment
Trying gmin =   1.7154E-07 Note: One successful gmin step
Trying gmin =   1.0554E-07 Warning: Further gmin increment
Trying gmin =   1.5193E-07 Note: One successful gmin step
Trying gmin =   1.2663E-07 Warning: Further gmin increment
Trying gmin =   1.4517E-07 Note: One successful gmin step
Trying gmin =   1.3558E-07 Warning: Further gmin increment
Trying gmin =   1.4271E-07 Warning: Further gmin increment
Trying gmin =   1.4455E-07 Note: One successful gmin step
Trying gmin =   1.4363E-07 Note: One successful gmin step
Trying gmin =   1.4225E-07 Warning: Further gmin increment
Trying gmin =   1.4328E-07 Warning: Further gmin increment
Trying gmin =   1.4354E-07 Note: One successful gmin step
Trying gmin =   1.4341E-07 Warning: Further gmin increment
Trying gmin =   1.4351E-07 Note: One successful gmin step
Trying gmin =   1.4346E-07 Note: One successful gmin step
Trying gmin =   1.4339E-07 Warning: Further gmin increment
Trying gmin =   1.4344E-07 Note: One successful gmin step
Trying gmin =   1.4341E-07 Warning: Further gmin increment
Trying gmin =   1.4343E-07 Note: One successful gmin step
Trying gmin =   1.4342E-07 Note: One successful gmin step
Trying gmin =   1.4341E-07 Warning: Further gmin increment
Trying gmin =   1.4342E-07 Warning: Last gmin step failed
Warning: True gmin stepping failed
Note: Starting dynamic gmin stepping
Trying gmin =   1.0000E-03 Note: One successful gmin step
Trying gmin =   1.0000E-04 Note: One successful gmin step
Trying gmin =   1.0000E-05 Note: One successful gmin step
Trying gmin =   1.0000E-06 Warning: Further gmin increment
Trying gmin =   5.6234E-06 Note: One successful gmin step
Trying gmin =   3.1623E-06 Note: One successful gmin step
Trying gmin =   1.3335E-06 Warning: Further gmin increment
Trying gmin =   2.5483E-06 Note: One successful gmin step
Trying gmin =   1.8434E-06 Warning: Further gmin increment
Trying gmin =   2.3501E-06 Note: One successful gmin step
Trying gmin =   2.0814E-06 Note: One successful gmin step
Trying gmin =   1.9588E-06 Note: One successful gmin step
Trying gmin =   1.7883E-06 Note: One successful gmin step
Trying gmin =   1.5600E-06 Note: One successful gmin step
Trying gmin =   1.2709E-06 Note: One successful gmin step
Trying gmin =   9.3464E-07 Note: One successful gmin step
Trying gmin =   5.8941E-07 Note: One successful gmin step
Trying gmin =   2.9517E-07 Note: One successful gmin step
Trying gmin =   1.0461E-07 Note: One successful gmin step
Trying gmin =   2.2070E-08 Note: One successful gmin step
Trying gmin =   2.2070E-09 Note: One successful gmin step
Trying gmin =   2.2070E-10 Note: One successful gmin step
Trying gmin =   2.2070E-11 Note: One successful gmin step
Trying gmin =   2.2070E-12 Note: One successful gmin step
Trying gmin =   1.0000E-12 Note: One successful gmin step
Note: Dynamic gmin stepping completed
 Reference value :  2.80000e+00Note: Starting true gmin stepping
Trying gmin =   1.0000E-03 Note: One successful gmin step
Trying gmin =   1.0000E-04 Note: One successful gmin step
Trying gmin =   1.0000E-05 Note: One successful gmin step
Trying gmin =   1.0000E-06 Note: One successful gmin step
Trying gmin =   1.0000E-07 Note: One successful gmin step
Trying gmin =   1.0000E-08 Note: One successful gmin step
Trying gmin =   3.1623E-09 Note: One successful gmin step
Trying gmin =   5.6234E-10 Note: One successful gmin step
Trying gmin =   5.6234E-11 Note: One successful gmin step
Trying gmin =   5.6234E-12 Note: One successful gmin step
Trying gmin =   1.0000E-12 Note: One successful gmin step
Note: True gmin stepping completed
Note: Starting true gmin stepping
Trying gmin =   1.0000E-03 Note: One successful gmin step
Trying gmin =   1.0000E-04 Note: One successful gmin step
Trying gmin =   1.0000E-05 Note: One successful gmin step
Trying gmin =   1.0000E-06 Note: One successful gmin step
Trying gmin =   1.0000E-07 Note: One successful gmin step
Trying gmin =   1.0000E-08 Note: One successful gmin step
Trying gmin =   1.0000E-09 Warning: Further gmin increment
Trying gmin =   5.6234E-09 Warning: Further gmin increment
Trying gmin =   8.6596E-09 Note: One successful gmin step
Trying gmin =   6.9783E-09 Note: One successful gmin step
Trying gmin =   5.0481E-09 Note: One successful gmin step
Trying gmin =   3.1059E-09 Note: One successful gmin step
Trying gmin =   1.4989E-09 Warning: Further gmin increment
Trying gmin =   2.5887E-09 Note: One successful gmin step
Trying gmin =   1.9699E-09 Note: One successful gmin step
Trying gmin =   1.3075E-09 Note: One successful gmin step
Trying gmin =   7.0711E-10 Note: One successful gmin step
Trying gmin =   2.8121E-10 Note: One successful gmin step
Trying gmin =   7.0527E-11 Note: One successful gmin step
Trying gmin =   8.8581E-12 Note: One successful gmin step
Trying gmin =   1.0000E-12 Note: One successful gmin step
Note: True gmin stepping completed
 Reference value :  1.26000e+00Note: Starting true gmin stepping
Trying gmin =   1.0000E-03 Note: One successful gmin step
Trying gmin =   1.0000E-04 Note: One successful gmin step
Trying gmin =   1.0000E-05 Note: One successful gmin step
Trying gmin =   1.0000E-06 Note: One successful gmin step
Trying gmin =   1.0000E-07 Note: One successful gmin step
Trying gmin =   1.0000E-08 Note: One successful gmin step
Trying gmin =   1.0000E-09 Warning: Further gmin increment
Trying gmin =   5.6234E-09 Warning: Further gmin increment
Trying gmin =   8.6596E-09 Note: One successful gmin step
Trying gmin =   6.9783E-09 Note: One successful gmin step
Trying gmin =   5.0481E-09 Note: One successful gmin step
Trying gmin =   3.1059E-09 Note: One successful gmin step
Trying gmin =   1.4989E-09 Warning: Further gmin increment
Trying gmin =   2.5887E-09 Note: One successful gmin step
Trying gmin =   1.9699E-09 Note: One successful gmin step
Trying gmin =   1.3075E-09 Note: One successful gmin step
Trying gmin =   7.0711E-10 Note: One successful gmin step
Trying gmin =   2.8121E-10 Note: One successful gmin step
Trying gmin =   7.0527E-11 Note: One successful gmin step
Trying gmin =   8.8581E-12 Note: One successful gmin step
Trying gmin =   1.0000E-12 Note: One successful gmin step
Note: True gmin stepping completed
 Reference value :  6.40000e-01
No compatibility mode selected!


Circuit: * ldo netlist 

Doing analysis at TEMP = 85.000000 and TNOM = 27.000000


No. of Data Rows : 86
temp_coeff = 2.772299e+01
Doing analysis at TEMP = 85.000000 and TNOM = 27.000000


No. of Data Rows : 141
vldo_sup_2          =  1.806148e+00
vldo_sup_2_8        =  1.808354e+00
line_reg = 2.757500e-03
vin                 =  1.787155e+00
dropout = 2.315500e-02
Doing analysis at TEMP = 85.000000 and TNOM = 27.000000


No. of Data Rows : 91
Error: no such vector PM
Note: No ".plot", ".print", or ".fourier" lines; no simulations run

Error: measure  pm  (AT) : out of interval
 meas ac pm find p when vdb(ldo_out)=0 failed!

Doing analysis at TEMP = 85.000000 and TNOM = 27.000000


No. of Data Rows : 91
psrr100             =  -5.092431e+01
psrr100k            =  -2.385180e+01
