Note: Starting true gmin stepping
Trying gmin =   1.0000E-03 Note: One successful gmin step
Trying gmin =   1.0000E-04 Note: One successful gmin step
Trying gmin =   1.0000E-05 Note: One successful gmin step
Trying gmin =   1.0000E-06 Note: One successful gmin step
Trying gmin =   1.0000E-07 Warning: Further gmin increment
Trying gmin =   5.6234E-07 Note: One successful gmin step
Trying gmin =   2.3714E-07 Warning: Further gmin increment
Trying gmin =   4.5316E-07 Note: One successful gmin step
Trying gmin =   3.2781E-07 Note: One successful gmin step
Trying gmin =   2.0169E-07 Note: One successful gmin step
Trying gmin =   1.5820E-07 Note: One successful gmin step
Trying gmin =   1.0990E-07 Note: One successful gmin step
Trying gmin =   6.3637E-08 Note: One successful gmin step
Trying gmin =   2.8038E-08 Warning: Further gmin increment
Trying gmin =   5.1847E-08 Note: One successful gmin step
Trying gmin =   3.8127E-08 Note: One successful gmin step
Trying gmin =   2.4044E-08 Warning: Further gmin increment
Trying gmin =   3.3977E-08 Warning: Further gmin increment
Trying gmin =   3.7044E-08 Note: One successful gmin step
Trying gmin =   3.5477E-08 Note: One successful gmin step
Trying gmin =   3.3250E-08 Warning: Further gmin increment
Trying gmin =   3.4907E-08 Note: One successful gmin step
Trying gmin =   3.4069E-08 Warning: Further gmin increment
Trying gmin =   3.4696E-08 Note: One successful gmin step
Trying gmin =   3.4485E-08 Note: One successful gmin step
Trying gmin =   3.4172E-08 Note: One successful gmin step
Trying gmin =   3.3708E-08 Note: One successful gmin step
Trying gmin =   3.3024E-08 Note: One successful gmin step
Trying gmin =   3.2023E-08 Note: One successful gmin step
Trying gmin =   3.0579E-08 Note: One successful gmin step
Trying gmin =   2.8533E-08 Note: One successful gmin step
Trying gmin =   2.5719E-08 Note: One successful gmin step
Trying gmin =   2.2009E-08 Note: One successful gmin step
Trying gmin =   1.7423E-08 Note: One successful gmin step
Trying gmin =   1.2272E-08 Note: One successful gmin step
Trying gmin =   7.2539E-09 Note: One successful gmin step
Trying gmin =   3.2967E-09 Note: One successful gmin step
Trying gmin =   1.0101E-09 Note: One successful gmin step
Trying gmin =   1.7129E-10 Note: One successful gmin step
Trying gmin =   1.7129E-11 Note: One successful gmin step
Trying gmin =   1.7129E-12 Note: One successful gmin step
Trying gmin =   1.0000E-12 Note: One successful gmin step
Note: True gmin stepping completed
 Reference value :  0.00000e+00
No compatibility mode selected!


Circuit: * ldo netlist 

Doing analysis at TEMP = 0.000000 and TNOM = 27.000000


No. of Data Rows : 1
bg_out = 1.192382e+00
inn = 1.259051e+00
inp = 1.259008e+00
l1#branch = 0.000000e+00
ldo_out = 1.792685e+00
m.xm1.msky130_fd_pr__nfet_g5v0d10v5#body = 1.483175e-11
m.xm1.msky130_fd_pr__nfet_g5v0d10v5#dbody = 3.099458e-11
m.xm1.msky130_fd_pr__nfet_g5v0d10v5#sbody = 1.350066e-11
m.xm2.msky130_fd_pr__pfet_g5v0d10v5#body = 2.100000e+00
m.xm2.msky130_fd_pr__pfet_g5v0d10v5#dbody = 2.100000e+00
m.xm2.msky130_fd_pr__pfet_g5v0d10v5#sbody = 2.100000e+00
m.xm3.msky130_fd_pr__pfet_g5v0d10v5#body = 2.100000e+00
m.xm3.msky130_fd_pr__pfet_g5v0d10v5#dbody = 2.100000e+00
m.xm3.msky130_fd_pr__pfet_g5v0d10v5#sbody = 2.100000e+00
m.xm4.msky130_fd_pr__pfet_g5v0d10v5#body = 2.100000e+00
m.xm4.msky130_fd_pr__pfet_g5v0d10v5#dbody = 2.100000e+00
m.xm4.msky130_fd_pr__pfet_g5v0d10v5#sbody = 2.100000e+00
m.xm5.msky130_fd_pr__pfet_g5v0d10v5#body = 2.100000e+00
m.xm5.msky130_fd_pr__pfet_g5v0d10v5#dbody = 2.100000e+00
m.xm5.msky130_fd_pr__pfet_g5v0d10v5#sbody = 2.100000e+00
m.xm6.msky130_fd_pr__nfet_g5v0d10v5#body = 1.260411e-11
m.xm6.msky130_fd_pr__nfet_g5v0d10v5#dbody = 3.151025e-11
m.xm6.msky130_fd_pr__nfet_g5v0d10v5#sbody = 6.302057e-12
m.xm7.msky130_fd_pr__pfet_g5v0d10v5#body = 2.100000e+00
m.xm7.msky130_fd_pr__pfet_g5v0d10v5#dbody = 2.100000e+00
m.xm7.msky130_fd_pr__pfet_g5v0d10v5#sbody = 2.100000e+00
m.xm8.msky130_fd_pr__pfet_g5v0d10v5#body = 2.100000e+00
m.xm8.msky130_fd_pr__pfet_g5v0d10v5#dbody = 2.100000e+00
m.xm8.msky130_fd_pr__pfet_g5v0d10v5#sbody = 2.100000e+00
m.xm9.msky130_fd_pr__nfet_g5v0d10v5#body = 1.517066e-11
m.xm9.msky130_fd_pr__nfet_g5v0d10v5#dbody = 3.337143e-11
m.xm9.msky130_fd_pr__nfet_g5v0d10v5#sbody = 1.214054e-11
m.xm10.msky130_fd_pr__nfet_g5v0d10v5#body = 1.504534e-11
m.xm10.msky130_fd_pr__nfet_g5v0d10v5#dbody = 3.305814e-11
m.xm10.msky130_fd_pr__nfet_g5v0d10v5#sbody = 1.207789e-11
m.xm11.msky130_fd_pr__pfet_g5v0d10v5#body = 2.100000e+00
m.xm11.msky130_fd_pr__pfet_g5v0d10v5#dbody = 2.100000e+00
m.xm11.msky130_fd_pr__pfet_g5v0d10v5#sbody = 2.100000e+00
m.xm12.msky130_fd_pr__pfet_g5v0d10v5#body = 2.100000e+00
m.xm12.msky130_fd_pr__pfet_g5v0d10v5#dbody = 2.100000e+00
m.xm12.msky130_fd_pr__pfet_g5v0d10v5#sbody = 2.100000e+00
m.xm13.msky130_fd_pr__nfet_g5v0d10v5#body = 2.277588e-12
m.xm13.msky130_fd_pr__nfet_g5v0d10v5#dbody = 5.693961e-12
m.xm13.msky130_fd_pr__nfet_g5v0d10v5#sbody = 1.138803e-12
m.xm14.msky130_fd_pr__pfet_g5v0d10v5#body = 2.100000e+00
m.xm14.msky130_fd_pr__pfet_g5v0d10v5#dbody = 2.100000e+00
m.xm14.msky130_fd_pr__pfet_g5v0d10v5#sbody = 2.100000e+00
m.xm15.msky130_fd_pr__nfet_g5v0d10v5#body = 3.921206e-17
m.xm15.msky130_fd_pr__nfet_g5v0d10v5#dbody = 9.802857e-17
m.xm15.msky130_fd_pr__nfet_g5v0d10v5#sbody = 1.960761e-17
m.xm16.msky130_fd_pr__nfet_g5v0d10v5#body = 4.198825e-11
m.xm16.msky130_fd_pr__nfet_g5v0d10v5#dbody = 7.349424e-11
m.xm16.msky130_fd_pr__nfet_g5v0d10v5#sbody = 5.247051e-11
m.xm17.msky130_fd_pr__pfet_g5v0d10v5#body = 2.100000e+00
m.xm17.msky130_fd_pr__pfet_g5v0d10v5#dbody = 2.100000e+00
m.xm17.msky130_fd_pr__pfet_g5v0d10v5#sbody = 2.100000e+00
m.xm18.msky130_fd_pr__nfet_g5v0d10v5#body = 8.218975e-12
m.xm18.msky130_fd_pr__nfet_g5v0d10v5#dbody = 2.054743e-11
m.xm18.msky130_fd_pr__nfet_g5v0d10v5#sbody = 4.109498e-12
m.xm19.msky130_fd_pr__nfet_g5v0d10v5#body = 1.489366e-11
m.xm19.msky130_fd_pr__nfet_g5v0d10v5#dbody = 3.114936e-11
m.xm19.msky130_fd_pr__nfet_g5v0d10v5#sbody = 1.353162e-11
m.xm20.msky130_fd_pr__nfet_g5v0d10v5#body = 1.322776e-11
m.xm20.msky130_fd_pr__nfet_g5v0d10v5#dbody = 3.306939e-11
m.xm20.msky130_fd_pr__nfet_g5v0d10v5#sbody = 6.613891e-12
m.xm22.msky130_fd_pr__nfet_g5v0d10v5#body = 3.042430e-12
m.xm22.msky130_fd_pr__nfet_g5v0d10v5#dbody = 7.606071e-12
m.xm22.msky130_fd_pr__nfet_g5v0d10v5#sbody = 1.521219e-12
m.xm24.msky130_fd_pr__pfet_g5v0d10v5#body = 2.100000e+00
m.xm24.msky130_fd_pr__pfet_g5v0d10v5#dbody = 2.100000e+00
m.xm24.msky130_fd_pr__pfet_g5v0d10v5#sbody = 2.100000e+00
m.xm26.msky130_fd_pr__pfet_g5v0d10v5#body = 2.100000e+00
m.xm26.msky130Note: Starting true gmin stepping
Trying gmin =   1.0000E-03 Note: One successful gmin step
Trying gmin =   1.0000E-04 Note: One successful gmin step
Trying gmin =   1.0000E-05 Note: One successful gmin step
Trying gmin =   1.0000E-06 Note: One successful gmin step
Trying gmin =   1.0000E-07 Warning: Further gmin increment
Trying gmin =   5.6234E-07 Note: One successful gmin step
Trying gmin =   2.3714E-07 Warning: Further gmin increment
Trying gmin =   4.5316E-07 Note: One successful gmin step
Trying gmin =   3.2781E-07 Note: One successful gmin step
Trying gmin =   2.0169E-07 Note: One successful gmin step
Trying gmin =   1.5820E-07 Note: One successful gmin step
Trying gmin =   1.0990E-07 Note: One successful gmin step
Trying gmin =   6.3637E-08 Note: One successful gmin step
Trying gmin =   2.8038E-08 Warning: Further gmin increment
Trying gmin =   5.1847E-08 Note: One successful gmin step
Trying gmin =   3.8127E-08 Note: One successful gmin step
Trying gmin =   2.4044E-08 Warning: Further gmin increment
Trying gmin =   3.3977E-08 Warning: Further gmin increment
Trying gmin =   3.7044E-08 Note: One successful gmin step
Trying gmin =   3.5477E-08 Note: One successful gmin step
Trying gmin =   3.3250E-08 Warning: Further gmin increment
Trying gmin =   3.4907E-08 Note: One successful gmin step
Trying gmin =   3.4069E-08 Warning: Further gmin increment
Trying gmin =   3.4696E-08 Note: One successful gmin step
Trying gmin =   3.4485E-08 Note: One successful gmin step
Trying gmin =   3.4172E-08 Note: One successful gmin step
Trying gmin =   3.3708E-08 Note: One successful gmin step
Trying gmin =   3.3024E-08 Note: One successful gmin step
Trying gmin =   3.2023E-08 Note: One successful gmin step
Trying gmin =   3.0579E-08 Note: One successful gmin step
Trying gmin =   2.8533E-08 Note: One successful gmin step
Trying gmin =   2.5719E-08 Note: One successful gmin step
Trying gmin =   2.2009E-08 Note: One successful gmin step
Trying gmin =   1.7423E-08 Note: One successful gmin step
Trying gmin =   1.2272E-08 Note: One successful gmin step
Trying gmin =   7.2539E-09 Note: One successful gmin step
Trying gmin =   3.2967E-09 Note: One successful gmin step
Trying gmin =   1.0101E-09 Note: One successful gmin step
Trying gmin =   1.7129E-10 Note: One successful gmin step
Trying gmin =   1.7129E-11 Note: One successful gmin step
Trying gmin =   1.7129E-12 Note: One successful gmin step
Trying gmin =   1.0000E-12 Note: One successful gmin step
Note: True gmin stepping completed
 Reference value :  1.00000e+00_fd_pr__pfet_g5v0d10v5#dbody = 2.100000e+00
m.xm26.msky130_fd_pr__pfet_g5v0d10v5#sbody = 2.100000e+00
mir = 9.431436e-01
net1 = 7.689948e-01
net2 = 3.135099e-06
net3 = 8.225160e-01
net4 = 2.433867e-01
net5 = 9.480966e-01
net6 = 1.008321e+00
net7 = 8.224724e-01
net8 = 1.021416e+00
net9 = 1.031441e+00
net10 = 1.822052e-01
net11 = 6.575161e-01
net12 = 6.575161e-01
net13 = 0.000000e+00
out = 6.575161e-01
pos = 1.192481e+00
q.xq2.qsky130_fd_pr__pnp_05v5_w0p68l0p68#collcx = 1.780801e-03
q.xq3.qsky130_fd_pr__pnp_05v5_w0p68l0p68#collcx = 2.240536e-04
q.xq4.qsky130_fd_pr__pnp_05v5_w0p68l0p68#collcx = 2.240536e-04
q.xq8.qsky130_fd_pr__pnp_05v5_w0p68l0p68#collcx = 2.240536e-04
q.xq10.qsky130_fd_pr__pnp_05v5_w0p68l0p68#collcx = 2.240536e-04
q.xq12.qsky130_fd_pr__pnp_05v5_w0p68l0p68#collcx = 2.240536e-04
q.xq14.qsky130_fd_pr__pnp_05v5_w0p68l0p68#collcx = 2.240536e-04
q.xq16.qsky130_fd_pr__pnp_05v5_w0p68l0p68#collcx = 2.240536e-04
q.xq18.qsky130_fd_pr__pnp_05v5_w0p68l0p68#collcx = 2.240536e-04
vb = 1.058219e+00
vdd = 2.100000e+00
vs#branch = -9.97077e-02
vt#branch = 0.000000e+00
xc1.a = 0.000000e+00
xc1.b1 = 0.000000e+00
xc3.a = 6.575161e-01
xc3.b1 = 6.575161e-01
xr1.xsky130_fd_pr__res_xhigh_po_0p69.ra = 8.297015e-01
xr2.xsky130_fd_pr__res_xhigh_po_0p69.ra = 8.297451e-01
xr3.xsky130_fd_pr__res_xhigh_po_0p69.ra = 5.158518e-03
xr4.xsky130_fd_pr__res_xhigh_po_0p69.ra = 7.711870e-01
xr5.xsky130_fd_pr__res_xhigh_po_0p69.ra = 5.158225e-03
xr6.xsky130_fd_pr__res_xhigh_po_0p69.ra = 7.702561e-03
xr7.xsky130_fd_pr__res_xhigh_po_0p69.ra = 6.575161e-01
xr8.xsky130_fd_pr__res_xhigh_po_0p69.ra = 1.205299e+00
xr9.xsky130_fd_pr__res_xhigh_po_0p69.ra = 1.344219e-02
Doing analysis at TEMP = 0.000000 and TNOM = 27.000000


No. of Data Rows : 91
Note: Starting true gmin stepping
Trying gmin =   1.0000E-03 Note: One successful gmin step
Trying gmin =   1.0000E-04 Note: One successful gmin step
Trying gmin =   1.0000E-05 Note: One successful gmin step
Trying gmin =   1.0000E-06 Note: One successful gmin step
Trying gmin =   1.0000E-07 Warning: Further gmin increment
Trying gmin =   5.6234E-07 Note: One successful gmin step
Trying gmin =   2.3714E-07 Warning: Further gmin increment
Trying gmin =   4.5316E-07 Note: One successful gmin step
Trying gmin =   3.2781E-07 Note: One successful gmin step
Trying gmin =   2.0169E-07 Note: One successful gmin step
Trying gmin =   1.5820E-07 Note: One successful gmin step
Trying gmin =   1.0990E-07 Note: One successful gmin step
Trying gmin =   6.3637E-08 Note: One successful gmin step
Trying gmin =   2.8038E-08 Warning: Further gmin increment
Trying gmin =   5.1847E-08 Note: One successful gmin step
Trying gmin =   3.8127E-08 Note: One successful gmin step
Trying gmin =   2.4044E-08 Warning: Further gmin increment
Trying gmin =   3.3977E-08 Warning: Further gmin increment
Trying gmin =   3.7044E-08 Note: One successful gmin step
Trying gmin =   3.5477E-08 Note: One successful gmin step
Trying gmin =   3.3250E-08 Warning: Further gmin increment
Trying gmin =   3.4907E-08 Note: One successful gmin step
Trying gmin =   3.4069E-08 Warning: Further gmin increment
Trying gmin =   3.4696E-08 Note: One successful gmin step
Trying gmin =   3.4485E-08 Note: One successful gmin step
Trying gmin =   3.4172E-08 Note: One successful gmin step
Trying gmin =   3.3708E-08 Note: One successful gmin step
Trying gmin =   3.3024E-08 Note: One successful gmin step
Trying gmin =   3.2023E-08 Note: One successful gmin step
Trying gmin =   3.0579E-08 Note: One successful gmin step
Trying gmin =   2.8533E-08 Note: One successful gmin step
Trying gmin =   2.5719E-08 Note: One successful gmin step
Trying gmin =   2.2009E-08 Note: One successful gmin step
Trying gmin =   1.7423E-08 Note: One successful gmin step
Trying gmin =   1.2272E-08 Note: One successful gmin step
Trying gmin =   7.2539E-09 Note: One successful gmin step
Trying gmin =   3.2967E-09 Note: One successful gmin step
Trying gmin =   1.0101E-09 Note: One successful gmin step
Trying gmin =   1.7129E-10 Note: One successful gmin step
Trying gmin =   1.7129E-11 Note: One successful gmin step
Trying gmin =   1.7129E-12 Note: One successful gmin step
Trying gmin =   1.0000E-12 Note: One successful gmin step
Note: True gmin stepping completed
 Reference value :  1.00000e+00Note: Starting true gmin stepping
Trying gmin =   1.0000E-03 Note: One successful gmin step
Trying gmin =   1.0000E-04 Note: One successful gmin step
Trying gmin =   1.0000E-05 Note: One successful gmin step
Trying gmin =   1.0000E-06 Warning: Further gmin increment
Trying gmin =   5.6234E-06 Note: One successful gmin step
Trying gmin =   2.3714E-06 Note: One successful gmin step
Trying gmin =   6.4938E-07 Warning: Further gmin increment
Trying gmin =   1.7154E-06 Note: One successful gmin step
Trying gmin =   1.0554E-06 Note: One successful gmin step
Trying gmin =   5.0937E-07 Note: One successful gmin step
Trying gmin =   1.7077E-07 Warning: Further gmin increment
Trying gmin =   3.8760E-07 Note: One successful gmin step
Trying gmin =   2.5728E-07 Note: One successful gmin step
Trying gmin =   1.3913E-07 Note: One successful gmin step
Trying gmin =   5.5333E-08 Warning: Further gmin increment
Trying gmin =   1.1049E-07 Warning: Further gmin increment
Trying gmin =   1.3134E-07 Note: One successful gmin step
Trying gmin =   1.2047E-07 Note: One successful gmin step
Trying gmin =   1.0582E-07 Warning: Further gmin increment
Trying gmin =   1.1662E-07 Note: One successful gmin step
Trying gmin =   1.1109E-07 Warning: Further gmin increment
Trying gmin =   1.1521E-07 Note: One successful gmin step
Trying gmin =   1.1313E-07 Warning: Further gmin increment
Trying gmin =   1.1469E-07 Warning: Further gmin increment
Trying gmin =   1.1508E-07 Note: One successful gmin step
Trying gmin =   1.1489E-07 Note: One successful gmin step
Trying gmin =   1.1459E-07 Warning: Further gmin increment
Trying gmin =   1.1481E-07 Note: One successful gmin step
Trying gmin =   1.1470E-07 Warning: Further gmin increment
Trying gmin =   1.1478E-07 Warning: Further gmin increment
Trying gmin =   1.1481E-07 Note: One successful gmin step
Trying gmin =   1.1480E-07 Warning: Further gmin increment
Trying gmin =   1.1480E-07 Note: One successful gmin step
Trying gmin =   1.1480E-07 Warning: Last gmin step failed
Note: True gmin stepping completed
 Reference value :  2.80000e+00Note: Starting true gmin stepping
Trying gmin =   1.0000E-03 Note: One successful gmin step
Trying gmin =   1.0000E-04 Note: One successful gmin step
Trying gmin =   1.0000E-05 Note: One successful gmin step
Trying gmin =   1.0000E-06 Note: One successful gmin step
Trying gmin =   1.0000E-07 Note: One successful gmin step
Trying gmin =   1.0000E-08 Note: One successful gmin step
Trying gmin =   1.0000E-09 Note: One successful gmin step
Trying gmin =   1.0000E-10 Note: One successful gmin step
Trying gmin =   1.0000E-11 Warning: Further gmin increment
Trying gmin =   5.6234E-11 Note: One successful gmin step
Trying gmin =   2.3714E-11 Note: One successful gmin step
Trying gmin =   1.0000E-11 Note: One successful gmin step
Trying gmin =   2.7384E-12 Warning: Further gmin increment
Trying gmin =   7.2339E-12 Note: One successful gmin step
Trying gmin =   4.4508E-12 Note: One successful gmin step
Trying gmin =   2.1480E-12 Warning: Further gmin increment
Trying gmin =   3.7097E-12 Note: One successful gmin step
Trying gmin =   2.8228E-12 Note: One successful gmin step
Trying gmin =   1.8737E-12 Note: One successful gmin step
Trying gmin =   1.0133E-12 Note: One successful gmin step
Trying gmin =   1.0000E-12 Note: One successful gmin step
Note: True gmin stepping completed
 Reference value :  1.20000e+00pm                  =  1.248713e+02
Doing analysis at TEMP = 0.000000 and TNOM = 27.000000


No. of Data Rows : 91
psrr100             =  -5.504040e+01
psrr100k            =  -2.282498e+01
Doing analysis at TEMP = 0.000000 and TNOM = 27.000000


No. of Data Rows : 86
temp_coeff = 8.296179e+01
Doing analysis at TEMP = 0.000000 and TNOM = 27.000000


No. of Data Rows : 141
vldo_sup_2          =  1.792860e+00
vldo_sup_2_8        =  1.791673e+00
line_reg = 1.483750e-03
Note: No ".plot", ".print", or ".fourier" lines; no simulations run
vin                 =  1.894198e+00
dropout = 1.301980e-01
