 Reference value :  8.50000e+01Note: Starting true gmin stepping
Trying gmin =   1.0000E-03 Note: One successful gmin step
Trying gmin =   1.0000E-04 Note: One successful gmin step
Trying gmin =   1.0000E-05 Note: One successful gmin step
Trying gmin =   1.0000E-06 Warning: Further gmin increment
Trying gmin =   5.6234E-06 Note: One successful gmin step
Trying gmin =   2.3714E-06 Note: One successful gmin step
Trying gmin =   6.4938E-07 Note: One successful gmin step
Trying gmin =   9.3057E-08 Warning: Further gmin increment
Trying gmin =   3.9954E-07 Note: One successful gmin step
Trying gmin =   1.9282E-07 Note: One successful gmin step
Trying gmin =   6.4647E-08 Warning: Further gmin increment
Trying gmin =   1.4672E-07 Warning: Further gmin increment
Trying gmin =   1.8009E-07 Note: One successful gmin step
Trying gmin =   1.6255E-07 Warning: Further gmin increment
Trying gmin =   1.7554E-07 Warning: Further gmin increment
Trying gmin =   1.7894E-07 Warning: Further gmin increment
Trying gmin =   1.7980E-07 Note: One successful gmin step
Trying gmin =   1.7937E-07 Warning: Further gmin increment
Trying gmin =   1.7970E-07 Note: One successful gmin step
Trying gmin =   1.7953E-07 Note: One successful gmin step
Trying gmin =   1.7929E-07 Warning: Further gmin increment
Trying gmin =   1.7947E-07 Warning: Further gmin increment
Trying gmin =   1.7952E-07 Note: One successful gmin step
Trying gmin =   1.7950E-07 Warning: Further gmin increment
Trying gmin =   1.7951E-07 Warning: Last gmin step failed
Warning: True gmin stepping failed
Note: Starting dynamic gmin stepping
Trying gmin =   1.0000E-03 Note: One successful gmin step
Trying gmin =   1.0000E-04 Note: One successful gmin step
Trying gmin =   1.0000E-05 Note: One successful gmin step
Trying gmin =   1.0000E-06 Note: One successful gmin step
Trying gmin =   1.0000E-07 Warning: Further gmin increment
Trying gmin =   5.6234E-07 Note: One successful gmin step
Trying gmin =   2.3714E-07 Note: One successful gmin step
Trying gmin =   6.4938E-08 Note: One successful gmin step
Trying gmin =   9.3057E-09 Note: One successful gmin step
Trying gmin =   9.3057E-10 Note: One successful gmin step
Trying gmin =   9.3057E-11 Note: One successful gmin step
Trying gmin =   9.3057E-12 Note: One successful gmin step
Trying gmin =   1.0000E-12 Note: One successful gmin step
Note: Dynamic gmin stepping completed
 Reference value :  2.80000e+00Note: Starting true gmin stepping
Trying gmin =   1.0000E-03 Note: One successful gmin step
Trying gmin =   1.0000E-04 Note: One successful gmin step
Trying gmin =   1.0000E-05 Note: One successful gmin step
Trying gmin =   1.0000E-06 Note: One successful gmin step
Trying gmin =   1.0000E-07 Note: One successful gmin step
Trying gmin =   1.0000E-08 Note: One successful gmin step
Trying gmin =   1.0000E-09 Note: One successful gmin step
Trying gmin =   1.0000E-10 Note: One successful gmin step
Trying gmin =   1.0000E-11 Warning: Further gmin increment
Trying gmin =   5.6234E-11 Note: One successful gmin step
Trying gmin =   2.3714E-11 Note: One successful gmin step
Trying gmin =   1.0000E-11 Note: One successful gmin step
Trying gmin =   2.7384E-12 Warning: Further gmin increment
Trying gmin =   7.2339E-12 Note: One successful gmin step
Trying gmin =   4.4508E-12 Note: One successful gmin step
Trying gmin =   2.1480E-12 Note: One successful gmin step
Trying gmin =   1.0366E-12 Note: One successful gmin step
Trying gmin =   1.0000E-12 Note: One successful gmin step
Note: True gmin stepping completed
 Reference value :  1.20000e+00Note: Starting true gmin stepping
Trying gmin =   1.0000E-03 Note: One successful gmin step
Trying gmin =   1.0000E-04 Note: One successful gmin step
Trying gmin =   1.0000E-05 Note: One successful gmin step
Trying gmin =   1.0000E-06 Note: One successful gmin step
Trying gmin =   1.0000E-07 Note: One successful gmin step
Trying gmin =   1.0000E-08 Note: One successful gmin step
Trying gmin =   1.0000E-09 Note: One successful gmin step
Trying gmin =   1.0000E-10 Note: One successful gmin step
Trying gmin =   1.0000E-11 Warning: Further gmin increment
Trying gmin =   5.6234E-11 Note: One successful gmin step
Trying gmin =   2.3714E-11 Note: One successful gmin step
Trying gmin =   6.4938E-12 Note: One successful gmin step
Trying gmin =   3.3982E-12 Note: One successful gmin step
Trying gmin =   1.2864E-12 Warning: Further gmin increment
Trying gmin =   2.6655E-12 Note: One successful gmin step
Trying gmin =   1.8517E-12 Warning: Further gmin increment
Trying gmin =   2.4335E-12 Note: One successful gmin step
Trying gmin =   2.1228E-12 Note: One successful gmin step
Trying gmin =   1.9826E-12 Note: One successful gmin step
Trying gmin =   1.7896E-12 Note: One successful gmin step
Trying gmin =   1.5346E-12 Note: One successful gmin step
Trying gmin =   1.2187E-12 Note: One successful gmin step
Trying gmin =   1.0000E-12 Note: One successful gmin step
Note: True gmin stepping completed
 Reference value :  1.18000e+00Note: Starting true gmin stepping
Trying gmin =   1.0000E-03 Note: One successful gmin step
Trying gmin =   1.0000E-04 Note: One successful gmin step
Trying gmin =   1.0000E-05 Note: One successful gmin step
Trying gmin =   1.0000E-06 Note: One successful gmin step
Trying gmin =   1.0000E-07 Note: One successful gmin step
Trying gmin =   1.0000E-08 Note: One successful gmin step
Trying gmin =   1.0000E-09 Note: One successful gmin step
Trying gmin =   1.0000E-10 Note: One successful gmin step
Trying gmin =   1.0000E-11 Note: One successful gmin step
Trying gmin =   1.0000E-12 Note: One successful gmin step
Trying gmin =   1.0000E-12 Note: One successful gmin step
Note: True gmin stepping completed
Note: Starting true gmin stepping
Trying gmin =   1.0000E-03 Note: One successful gmin step
Trying gmin =   1.0000E-04 Note: One successful gmin step
Trying gmin =   1.0000E-05 Note: One successful gmin step
Trying gmin =   1.0000E-06 Note: One successful gmin step
Trying gmin =   1.0000E-07 Note: One successful gmin step
Trying gmin =   1.0000E-08 Note: One successful gmin step
Trying gmin =   1.0000E-09 Note: One successful gmin step
Trying gmin =   1.0000E-10 Note: One successful gmin step
Trying gmin =   1.0000E-11 Note: One successful gmin step
Trying gmin =   1.0000E-12 Note: One successful gmin step
Trying gmin =   1.0000E-12 Note: One successful gmin step
Note: True gmin stepping completed
 Reference value :  8.60000e-01
No compatibility mode selected!


Circuit: * ldo netlist 

Doing analysis at TEMP = 0.000000 and TNOM = 27.000000


No. of Data Rows : 86
temp_coeff = 3.308647e+01
Doing analysis at TEMP = 0.000000 and TNOM = 27.000000


No. of Data Rows : 141
vldo_sup_2          =  1.805400e+00
vldo_sup_2_8        =  1.804537e+00
line_reg = 1.078750e-03
Note: Starting true gmin stepping
Trying gmin =   1.0000E-03 Note: One successful gmin step
Trying gmin =   1.0000E-04 Note: One successful gmin step
Trying gmin =   1.0000E-05 Note: One successful gmin step
Trying gmin =   1.0000E-06 Note: One successful gmin step
Trying gmin =   1.0000E-07 Warning: Further gmin increment
Trying gmin =   5.6234E-07 Note: One successful gmin step
Trying gmin =   2.3714E-07 Warning: Further gmin increment
Trying gmin =   4.5316E-07 Note: One successful gmin step
Trying gmin =   3.2781E-07 Note: One successful gmin step
Trying gmin =   2.0169E-07 Warning: Further gmin increment
Trying gmin =   2.9033E-07 Note: One successful gmin step
Trying gmin =   2.7323E-07 Note: One successful gmin step
Trying gmin =   2.4944E-07 Note: One successful gmin step
Trying gmin =   2.1759E-07 Note: One successful gmin step
Trying gmin =   1.7728E-07 Note: One successful gmin step
Trying gmin =   1.3037E-07 Note: One successful gmin step
Trying gmin =   8.2214E-08 Warning: Further gmin increment
Trying gmin =   1.1618E-07 Note: One successful gmin step
Trying gmin =   9.7731E-08 Warning: Further gmin increment
Trying gmin =   1.1126E-07 Note: One successful gmin step
Trying gmin =   1.0428E-07 Note: One successful gmin step
Trying gmin =   9.4614E-08 Warning: Further gmin increment
Trying gmin =   1.0177E-07 Warning: Further gmin increment
Trying gmin =   1.0365E-07 Note: One successful gmin step
Trying gmin =   1.0270E-07 Warning: Further gmin increment
Trying gmin =   1.0341E-07 Note: One successful gmin step
Trying gmin =   1.0306E-07 Note: One successful gmin step
Trying gmin =   1.0253E-07 Warning: Further gmin increment
Trying gmin =   1.0292E-07 Note: One successful gmin step
Trying gmin =   1.0273E-07 Warning: Further gmin increment
Trying gmin =   1.0287E-07 Note: One successful gmin step
Trying gmin =   1.0280E-07 Warning: Further gmin increment
Trying gmin =   1.0286E-07 Warning: Further gmin increment
Trying gmin =   1.0287E-07 Note: One successful gmin step
Trying gmin =   1.0286E-07 Note: One successful gmin step
Trying gmin =   1.0285E-07 Warning: Further gmin increment
Trying gmin =   1.0286E-07 Warning: Last gmin step failed
Note: True gmin stepping completed
 Reference value :  1.00000e+00vin                 =  1.894197e+00
dropout = 1.301970e-01
Doing analysis at TEMP = 0.000000 and TNOM = 27.000000


No. of Data Rows : 91
Error: no such vector PM
Note: Starting true gmin stepping
Trying gmin =   1.0000E-03 Note: One successful gmin step
Trying gmin =   1.0000E-04 Note: One successful gmin step
Trying gmin =   1.0000E-05 Note: One successful gmin step
Trying gmin =   1.0000E-06 Note: One successful gmin step
Trying gmin =   1.0000E-07 Warning: Further gmin increment
Trying gmin =   5.6234E-07 Note: One successful gmin step
Trying gmin =   2.3714E-07 Warning: Further gmin increment
Trying gmin =   4.5316E-07 Note: One successful gmin step
Trying gmin =   3.2781E-07 Note: One successful gmin step
Trying gmin =   2.0169E-07 Warning: Further gmin increment
Trying gmin =   2.9033E-07 Note: One successful gmin step
Trying gmin =   2.7323E-07 Note: One successful gmin step
Trying gmin =   2.4944E-07 Note: One successful gmin step
Trying gmin =   2.1759E-07 Note: One successful gmin step
Trying gmin =   1.7728E-07 Note: One successful gmin step
Trying gmin =   1.3037E-07 Note: One successful gmin step
Trying gmin =   8.2214E-08 Warning: Further gmin increment
Trying gmin =   1.1618E-07 Note: One successful gmin step
Trying gmin =   9.7731E-08 Warning: Further gmin increment
Trying gmin =   1.1126E-07 Note: One successful gmin step
Trying gmin =   1.0428E-07 Note: One successful gmin step
Trying gmin =   9.4614E-08 Warning: Further gmin increment
Trying gmin =   1.0177E-07 Warning: Further gmin increment
Trying gmin =   1.0365E-07 Note: One successful gmin step
Trying gmin =   1.0270E-07 Warning: Further gmin increment
Trying gmin =   1.0341E-07 Note: One successful gmin step
Trying gmin =   1.0306E-07 Note: One successful gmin step
Trying gmin =   1.0253E-07 Warning: Further gmin increment
Trying gmin =   1.0292E-07 Note: One successful gmin step
Trying gmin =   1.0273E-07 Warning: Further gmin increment
Trying gmin =   1.0287E-07 Note: One successful gmin step
Trying gmin =   1.0280E-07 Warning: Further gmin increment
Trying gmin =   1.0286E-07 Warning: Further gmin increment
Trying gmin =   1.0287E-07 Note: One successful gmin step
Trying gmin =   1.0286E-07 Note: One successful gmin step
Trying gmin =   1.0285E-07 Warning: Further gmin increment
Trying gmin =   1.0286E-07 Warning: Last gmin step failed
Note: True gmin stepping completed
 Reference value :  1.00000e+00Note: No ".plot", ".print", or ".fourier" lines; no simulations run

Error: measure  pm  (AT) : out of interval
 meas ac pm find p when vdb(ldo_out)=0 failed!

Doing analysis at TEMP = 0.000000 and TNOM = 27.000000


No. of Data Rows : 91
psrr100             =  -5.804884e+01
psrr100k            =  -2.539809e+01
