 Reference value :  8.00000e+01Note: Starting true gmin stepping
Trying gmin =   1.0000E-03 Note: One successful gmin step
Trying gmin =   1.0000E-04 Note: One successful gmin step
Trying gmin =   1.0000E-05 Note: One successful gmin step
Trying gmin =   1.0000E-06 Note: One successful gmin step
Trying gmin =   1.0000E-07 Note: One successful gmin step
Trying gmin =   1.0000E-08 Warning: Further gmin increment
Trying gmin =   5.6234E-08 Note: One successful gmin step
Trying gmin =   2.3714E-08 Note: One successful gmin step
Trying gmin =   6.4938E-09 Warning: Further gmin increment
Trying gmin =   1.7154E-08 Note: One successful gmin step
Trying gmin =   1.0554E-08 Note: One successful gmin step
Trying gmin =   5.0937E-09 Warning: Further gmin increment
Trying gmin =   8.7970E-09 Note: One successful gmin step
Trying gmin =   6.6940E-09 Note: One successful gmin step
Trying gmin =   4.4433E-09 Note: One successful gmin step
Trying gmin =   2.4029E-09 Note: One successful gmin step
Trying gmin =   9.5562E-10 Note: One successful gmin step
Trying gmin =   2.3967E-10 Note: One successful gmin step
Trying gmin =   3.0102E-11 Note: One successful gmin step
Trying gmin =   3.0102E-12 Note: One successful gmin step
Trying gmin =   1.0000E-12 Note: One successful gmin step
Note: True gmin stepping completed
 Reference value :  1.42000e+00Note: Starting true gmin stepping
Trying gmin =   1.0000E-03 Note: One successful gmin step
Trying gmin =   1.0000E-04 Note: One successful gmin step
Trying gmin =   1.0000E-05 Note: One successful gmin step
Trying gmin =   1.0000E-06 Note: One successful gmin step
Trying gmin =   1.0000E-07 Note: One successful gmin step
Trying gmin =   1.0000E-08 Warning: Further gmin increment
Trying gmin =   5.6234E-08 Note: One successful gmin step
Trying gmin =   2.3714E-08 Note: One successful gmin step
Trying gmin =   6.4938E-09 Warning: Further gmin increment
Trying gmin =   1.7154E-08 Note: One successful gmin step
Trying gmin =   1.0554E-08 Note: One successful gmin step
Trying gmin =   5.0937E-09 Note: One successful gmin step
Trying gmin =   2.4582E-09 Note: One successful gmin step
Trying gmin =   8.2417E-10 Note: One successful gmin step
Trying gmin =   1.5999E-10 Note: One successful gmin step
Trying gmin =   1.5999E-11 Note: One successful gmin step
Trying gmin =   1.5999E-12 Note: One successful gmin step
Trying gmin =   1.0000E-12 Note: One successful gmin step
Note: True gmin stepping completed
 Reference value :  2.00000e-02
No compatibility mode selected!


Circuit: * ldo netlist 

Doing analysis at TEMP = 85.000000 and TNOM = 27.000000


No. of Data Rows : 81
temp_coeff = 3.011760e+01
Doing analysis at TEMP = 85.000000 and TNOM = 27.000000


No. of Data Rows : 151
vldo_sup_2          =  1.799540e+00
vldo_sup_3          =  1.803386e+00
line_reg = 3.846000e-03
Note: No ".plot", ".print", or ".fourier" lines; no simulations run
vin                 =  1.764282e+00
dropout = 2.820000e-04
Doing analysis at TEMP = 85.000000 and TNOM = 27.000000


No. of Data Rows : 91
psrr100             =  -4.913023e+01
psrr100k            =  -2.820303e+01
