Note: Starting true gmin stepping
Trying gmin =   1.0000E-03 Note: One successful gmin step
Trying gmin =   1.0000E-04 Note: One successful gmin step
Trying gmin =   1.0000E-05 Note: One successful gmin step
Trying gmin =   1.0000E-06 Note: One successful gmin step
Trying gmin =   1.0000E-07 Warning: Further gmin increment
Trying gmin =   5.6234E-07 Note: One successful gmin step
Trying gmin =   2.3714E-07 Note: One successful gmin step
Trying gmin =   6.4938E-08 Warning: Further gmin increment
Trying gmin =   1.7154E-07 Note: One successful gmin step
Trying gmin =   1.0554E-07 Warning: Further gmin increment
Trying gmin =   1.5193E-07 Warning: Further gmin increment
Trying gmin =   1.6641E-07 Warning: Further gmin increment
Trying gmin =   1.7025E-07 Note: One successful gmin step
Trying gmin =   1.6832E-07 Note: One successful gmin step
Trying gmin =   1.6547E-07 Warning: Further gmin increment
Trying gmin =   1.6760E-07 Note: One successful gmin step
Trying gmin =   1.6653E-07 Warning: Further gmin increment
Trying gmin =   1.6733E-07 Note: One successful gmin step
Trying gmin =   1.6693E-07 Note: One successful gmin step
Trying gmin =   1.6633E-07 Warning: Further gmin increment
Trying gmin =   1.6678E-07 Note: One successful gmin step
Trying gmin =   1.6671E-07 Note: One successful gmin step
Trying gmin =   1.6660E-07 Note: One successful gmin step
Trying gmin =   1.6643E-07 Note: One successful gmin step
Trying gmin =   1.6617E-07 Note: One successful gmin step
Trying gmin =   1.6580E-07 Note: One successful gmin step
Trying gmin =   1.6523E-07 Note: One successful gmin step
Trying gmin =   1.6438E-07 Note: One successful gmin step
Trying gmin =   1.6313E-07 Note: One successful gmin step
Trying gmin =   1.6125E-07 Note: One successful gmin step
Trying gmin =   1.5849E-07 Note: One successful gmin step
Trying gmin =   1.5442E-07 Note: One successful gmin step
Trying gmin =   1.4853E-07 Note: One successful gmin step
Trying gmin =   1.4010E-07 Note: One successful gmin step
Trying gmin =   1.2835E-07 Note: One successful gmin step
Trying gmin =   1.1254E-07 Note: One successful gmin step
Trying gmin =   9.2401E-08 Note: One successful gmin step
Trying gmin =   6.8745E-08 Note: One successful gmin step
Trying gmin =   4.4115E-08 Note: One successful gmin step
Trying gmin =   2.2678E-08 Note: One successful gmin step
Trying gmin =   8.3589E-09 Note: One successful gmin step
Trying gmin =   1.8705E-09 Warning: Further gmin increment
Trying gmin =   5.7491E-09 Warning: Further gmin increment
Trying gmin =   7.6122E-09 Note: One successful gmin step
Trying gmin =   6.6154E-09 Note: One successful gmin step
Trying gmin =   5.3595E-09 Warning: Further gmin increment
Trying gmin =   6.2762E-09 Note: One successful gmin step
Trying gmin =   5.7997E-09 Warning: Further gmin increment
Trying gmin =   6.1535E-09 Note: One successful gmin step
Trying gmin =   5.9740E-09 Warning: Further gmin increment
Trying gmin =   6.1082E-09 Warning: Further gmin increment
Trying gmin =   6.1422E-09 Note: One successful gmin step
Trying gmin =   6.1251E-09 Warning: Further gmin increment
Trying gmin =   6.1379E-09 Warning: Further gmin increment
Trying gmin =   6.1411E-09 Warning: Further gmin increment
Trying gmin =   6.1419E-09 Note: One successful gmin step
Trying gmin =   6.1415E-09 Note: One successful gmin step
Trying gmin =   6.1409E-09 Warning: Further gmin increment
Trying gmin =   6.1413E-09 Warning: Last gmin step failed
Warning: True gmin stepping failed
Note: Starting dynamic gmin stepping
Trying gmin =   1.0000E-03 Note: One successful gmin step
Trying gmin =   1.0000E-04 Note: One successful gmin step
Trying gmin =   1.0000E-05 Note: One successful gmin step
Trying gmin =   1.0000E-06 Warning: Further gmin increment
Trying gmin =   5.6234E-06 Warning: Further gmin increment
Trying gmin =   8.6596E-06 Note: One successful gmin step
Trying gmin =   6.9783E-06 Note: One successful gmin step
Trying gmin =   5.0481E-06 Note: One successful gmin step
Trying gmin =   3.1059E-06 Warning: Further gmin increment
Trying gmin =   4.4709E-06 Note: One successful gmin step
Trying gmin =   3.7264E-06 Warning: Further gmin increment
Trying gmin =   4.2718E-06 Note: One successful gmin step
Trying gmin =   4.1757E-06 Note: One successful gmin step
Trying gmin =   4.0355E-06 Note: One successful gmin step
Trying gmin =   3.8340E-06 Note: One successful gmin step
Trying gmin =   3.5504E-06 Note: One successful gmin step
Trying gmin =   3.1639E-06 Note: One successful gmin step
Trying gmin =   2.6616E-06 Note: One successful gmin step
Trying gmin =   2.0536E-06 Note: One successful gmin step
Trying gmin =   1.3918E-06 Note: One successful gmin step
Trying gmin =   7.7653E-07 Warning: Further gmin increment
Trying gmin =   1.2029E-06 Note: One successful gmin step
Trying gmin =   9.6647E-07 Note: One successful gmin step
Trying gmin =   6.9606E-07 Warning: Further gmin increment
Trying gmin =   8.9033E-07 Note: One successful gmin step
Trying gmin =   8.5454E-07 Note: One successful gmin step
Trying gmin =   8.0354E-07 Note: One successful gmin step
Trying gmin =   7.3268E-07 Note: One successful gmin step
Trying gmin =   6.3794E-07 Note: One successful gmin step
Trying gmin =   5.1830E-07 Note: One successful gmin step
Trying gmin =   3.7955E-07 Note: One successful gmin step
Trying gmin =   2.3786E-07 Warning: Further gmin increment
Trying gmin =   3.3770E-07 Note: One successful gmin step
Trying gmin =   2.8342E-07 Note: One successful gmin step
Trying gmin =   2.1790E-07 Note: One successful gmin step
Trying gmin =   1.4690E-07 Note: One successful gmin step
Trying gmin =   8.1310E-08 Note: One successful gmin step
Trying gmin =   3.3485E-08 Note: One successful gmin step
Trying gmin =   8.8489E-09 Note: One successful gmin step
Trying gmin =   1.2022E-09 Note: One successful gmin step
Trying gmin =   1.2022E-10 Note: One successful gmin step
Trying gmin =   1.2022E-11 Note: One successful gmin step
Trying gmin =   1.2022E-12 Note: One successful gmin step
Trying gmin =   1.0000E-12 Note: One successful gmin step
Note: Dynamic gmin stepping completed
 Reference value :  0.00000e+00
No compatibility mode selected!


Circuit: * ldo netlist 

Doing analysis at TEMP = 0.000000 and TNOM = 27.000000


No. of Data Rows : 1
bg_out = 1.195041e+00
inn = 1.264461e+00
inp = 1.264403e+00
l1#branch = 0.000000e+00
ldo_out = 1.796762e+00
m.xm1.msky130_fd_pr__nfet_g5v0d10v5#body = 1.304504e-11
m.xm1.msky130_fd_pr__nfet_g5v0d10v5#dbody = 2.610072e-11
m.xm1.msky130_fd_pr__nfet_g5v0d10v5#sbody = 1.303442e-11
m.xm2.msky130_fd_pr__pfet_g5v0d10v5#body = 2.100000e+00
m.xm2.msky130_fd_pr__pfet_g5v0d10v5#dbody = 2.100000e+00
m.xm2.msky130_fd_pr__pfet_g5v0d10v5#sbody = 2.100000e+00
m.xm3.msky130_fd_pr__pfet_g5v0d10v5#body = 2.100000e+00
m.xm3.msky130_fd_pr__pfet_g5v0d10v5#dbody = 2.100000e+00
m.xm3.msky130_fd_pr__pfet_g5v0d10v5#sbody = 2.100000e+00
m.xm4.msky130_fd_pr__pfet_g5v0d10v5#body = 2.100000e+00
m.xm4.msky130_fd_pr__pfet_g5v0d10v5#dbody = 2.100000e+00
m.xm4.msky130_fd_pr__pfet_g5v0d10v5#sbody = 2.100000e+00
m.xm5.msky130_fd_pr__pfet_g5v0d10v5#body = 2.100000e+00
m.xm5.msky130_fd_pr__pfet_g5v0d10v5#dbody = 2.100000e+00
m.xm5.msky130_fd_pr__pfet_g5v0d10v5#sbody = 2.100000e+00
m.xm6.msky130_fd_pr__nfet_g5v0d10v5#body = 1.242764e-11
m.xm6.msky130_fd_pr__nfet_g5v0d10v5#dbody = 3.106908e-11
m.xm6.msky130_fd_pr__nfet_g5v0d10v5#sbody = 6.213823e-12
m.xm7.msky130_fd_pr__pfet_g5v0d10v5#body = 2.100000e+00
m.xm7.msky130_fd_pr__pfet_g5v0d10v5#dbody = 2.100000e+00
m.xm7.msky130_fd_pr__pfet_g5v0d10v5#sbody = 2.100000e+00
m.xm8.msky130_fd_pr__pfet_g5v0d10v5#body = 2.100000e+00
m.xm8.msky130_fd_pr__pfet_g5v0d10v5#dbody = 2.100000e+00
m.xm8.msky130_fd_pr__pfet_g5v0d10v5#sbody = 2.100000e+00
m.xm9.msky130_fd_pr__nfet_g5v0d10v5#body = 1.338356e-11
m.xm9.msky130_fd_pr__nfet_g5v0d10v5#dbody = 2.853200e-11
m.xm9.msky130_fd_pr__nfet_g5v0d10v5#sbody = 1.161869e-11
m.xm10.msky130_fd_pr__nfet_g5v0d10v5#body = 1.320715e-11
m.xm10.msky130_fd_pr__nfet_g5v0d10v5#dbody = 2.809097e-11
m.xm10.msky130_fd_pr__nfet_g5v0d10v5#sbody = 1.153048e-11
m.xm11.msky130_fd_pr__pfet_g5v0d10v5#body = 2.100000e+00
m.xm11.msky130_fd_pr__pfet_g5v0d10v5#dbody = 2.100000e+00
m.xm11.msky130_fd_pr__pfet_g5v0d10v5#sbody = 2.100000e+00
m.xm12.msky130_fd_pr__pfet_g5v0d10v5#body = 2.100000e+00
m.xm12.msky130_fd_pr__pfet_g5v0d10v5#dbody = 2.100000e+00
m.xm12.msky130_fd_pr__pfet_g5v0d10v5#sbody = 2.100000e+00
m.xm13.msky130_fd_pr__nfet_g5v0d10v5#body = 2.463434e-12
m.xm13.msky130_fd_pr__nfet_g5v0d10v5#dbody = 6.158575e-12
m.xm13.msky130_fd_pr__nfet_g5v0d10v5#sbody = 1.231726e-12
m.xm14.msky130_fd_pr__pfet_g5v0d10v5#body = 2.100000e+00
m.xm14.msky130_fd_pr__pfet_g5v0d10v5#dbody = 2.100000e+00
m.xm14.msky130_fd_pr__pfet_g5v0d10v5#sbody = 2.100000e+00
m.xm15.msky130_fd_pr__nfet_g5v0d10v5#body = 2.385387e-18
m.xm15.msky130_fd_pr__nfet_g5v0d10v5#dbody = 5.963352e-18
m.xm15.msky130_fd_pr__nfet_g5v0d10v5#sbody = 1.192807e-18
m.xm16.msky130_fd_pr__nfet_g5v0d10v5#body = 4.205588e-11
m.xm16.msky130_fd_pr__nfet_g5v0d10v5#dbody = 7.352806e-11
m.xm16.msky130_fd_pr__nfet_g5v0d10v5#sbody = 5.263957e-11
m.xm17.msky130_fd_pr__pfet_g5v0d10v5#body = 2.100000e+00
m.xm17.msky130_fd_pr__pfet_g5v0d10v5#dbody = 2.100000e+00
m.xm17.msky130_fd_pr__pfet_g5v0d10v5#sbody = 2.100000e+00
m.xm18.msky130_fd_pr__nfet_g5v0d10v5#body = 1.098838e-11
m.xm18.msky130_fd_pr__nfet_g5v0d10v5#dbody = 2.747093e-11
m.xm18.msky130_fd_pr__nfet_g5v0d10v5#sbody = 5.494199e-12
m.xm19.msky130_fd_pr__nfet_g5v0d10v5#body = 1.311555e-11
m.xm19.msky130_fd_pr__nfet_g5v0d10v5#dbody = 2.627699e-11
m.xm19.msky130_fd_pr__nfet_g5v0d10v5#sbody = 1.306967e-11
m.xm20.msky130_fd_pr__nfet_g5v0d10v5#body = 1.299508e-11
m.xm20.msky130_fd_pr__nfet_g5v0d10v5#dbody = 3.248768e-11
m.xm20.msky130_fd_pr__nfet_g5v0d10v5#sbody = 6.497550e-12
m.xm22.msky130_fd_pr__nfet_g5v0d10v5#body = 3.255984e-12
m.xm22.msky130_fd_pr__nfet_g5v0d10v5#dbody = 8.139955e-12
m.xm22.msky130_fd_pr__nfet_g5v0d10v5#sbody = 1.627996e-12
m.xm24.msky130_fd_pr__pfet_g5v0d10v5#body = 2.100000e+00
m.xm24.msky130_fd_pr__pfet_g5v0d10v5#dbody = 2.100000e+00
m.xm24.msky130_fd_pr__pfet_g5v0d10v5#sbody = 2.100000e+00
m.xm26.msky130_fd_pr__pfet_g5v0d10v5#body = 2.100000e+00
m.xm26.msky130Note: Starting true gmin stepping
Trying gmin =   1.0000E-03 Note: One successful gmin step
Trying gmin =   1.0000E-04 Note: One successful gmin step
Trying gmin =   1.0000E-05 Note: One successful gmin step
Trying gmin =   1.0000E-06 Note: One successful gmin step
Trying gmin =   1.0000E-07 Warning: Further gmin increment
Trying gmin =   5.6234E-07 Note: One successful gmin step
Trying gmin =   2.3714E-07 Note: One successful gmin step
Trying gmin =   6.4938E-08 Warning: Further gmin increment
Trying gmin =   1.7154E-07 Note: One successful gmin step
Trying gmin =   1.0554E-07 Warning: Further gmin increment
Trying gmin =   1.5193E-07 Warning: Further gmin increment
Trying gmin =   1.6641E-07 Warning: Further gmin increment
Trying gmin =   1.7025E-07 Note: One successful gmin step
Trying gmin =   1.6832E-07 Note: One successful gmin step
Trying gmin =   1.6547E-07 Warning: Further gmin increment
Trying gmin =   1.6760E-07 Note: One successful gmin step
Trying gmin =   1.6653E-07 Warning: Further gmin increment
Trying gmin =   1.6733E-07 Note: One successful gmin step
Trying gmin =   1.6693E-07 Note: One successful gmin step
Trying gmin =   1.6633E-07 Warning: Further gmin increment
Trying gmin =   1.6678E-07 Note: One successful gmin step
Trying gmin =   1.6671E-07 Note: One successful gmin step
Trying gmin =   1.6660E-07 Note: One successful gmin step
Trying gmin =   1.6643E-07 Note: One successful gmin step
Trying gmin =   1.6617E-07 Note: One successful gmin step
Trying gmin =   1.6580E-07 Note: One successful gmin step
Trying gmin =   1.6523E-07 Note: One successful gmin step
Trying gmin =   1.6438E-07 Note: One successful gmin step
Trying gmin =   1.6313E-07 Note: One successful gmin step
Trying gmin =   1.6125E-07 Note: One successful gmin step
Trying gmin =   1.5849E-07 Note: One successful gmin step
Trying gmin =   1.5442E-07 Note: One successful gmin step
Trying gmin =   1.4853E-07 Note: One successful gmin step
Trying gmin =   1.4010E-07 Note: One successful gmin step
Trying gmin =   1.2835E-07 Note: One successful gmin step
Trying gmin =   1.1254E-07 Note: One successful gmin step
Trying gmin =   9.2401E-08 Note: One successful gmin step
Trying gmin =   6.8745E-08 Note: One successful gmin step
Trying gmin =   4.4115E-08 Note: One successful gmin step
Trying gmin =   2.2678E-08 Note: One successful gmin step
Trying gmin =   8.3589E-09 Note: One successful gmin step
Trying gmin =   1.8705E-09 Warning: Further gmin increment
Trying gmin =   5.7491E-09 Warning: Further gmin increment
Trying gmin =   7.6122E-09 Note: One successful gmin step
Trying gmin =   6.6154E-09 Note: One successful gmin step
Trying gmin =   5.3595E-09 Warning: Further gmin increment
Trying gmin =   6.2762E-09 Note: One successful gmin step
Trying gmin =   5.7997E-09 Warning: Further gmin increment
Trying gmin =   6.1535E-09 Note: One successful gmin step
Trying gmin =   5.9740E-09 Warning: Further gmin increment
Trying gmin =   6.1082E-09 Warning: Further gmin increment
Trying gmin =   6.1422E-09 Note: One successful gmin step
Trying gmin =   6.1251E-09 Warning: Further gmin increment
Trying gmin =   6.1379E-09 Warning: Further gmin increment
Trying gmin =   6.1411E-09 Warning: Further gmin increment
Trying gmin =   6.1419E-09 Note: One successful gmin step
Trying gmin =   6.1415E-09 Note: One successful gmin step
Trying gmin =   6.1409E-09 Warning: Further gmin increment
Trying gmin =   6.1413E-09 Warning: Last gmin step failed
Warning: True gmin stepping failed
Note: Starting dynamic gmin stepping
Trying gmin =   1.0000E-03 Note: One successful gmin step
Trying gmin =   1.0000E-04 Note: One successful gmin step
Trying gmin =   1.0000E-05 Note: One successful gmin step
Trying gmin =   1.0000E-06 Warning: Further gmin increment
Trying gmin =   5.6234E-06 Warning: Further gmin increment
Trying gmin =   8.6596E-06 Note: One successful gmin step
Trying gmin =   6.9783E-06 Note: One successful gmin step
Trying gmin =   5.0481E-06 Note: One successful gmin step
Trying gmin =   3.1059E-06 Warning: Further gmin increment
Trying gmin =   4.4709E-06 Note: One successful gmin step
Trying gmin =   3.7264E-06 Warning: Further gmin increment
Trying gmin =   4.2718E-06 Note: One successful gmin step
Trying gmin =   4.1757E-06 Note: One successful gmin step
Trying gmin =   4.0355E-06 Note: One successful gmin step
Trying gmin =   3.8340E-06 Note: One successful gmin step
Trying gmin =   3.5504E-06 Note: One successful gmin step
Trying gmin =   3.1639E-06 Note: One successful gmin step
Trying gmin =   2.6616E-06 Note: One successful gmin step
Trying gmin =   2.0536E-06 Note: One successful gmin step
Trying gmin =   1.3918E-06 Note: One successful gmin step
Trying gmin =   7.7653E-07 Warning: Further gmin increment
Trying gmin =   1.2029E-06 Note: One successful gmin step
Trying gmin =   9.6647E-07 Note: One successful gmin step
Trying gmin =   6.9606E-07 Warning: Further gmin increment
Trying gmin =   8.9033E-07 Note: One successful gmin step
Trying gmin =   8.5454E-07 Note: One successful gmin step
Trying gmin =   8.0354E-07 Note: One successful gmin step
Trying gmin =   7.3268E-07 Note: One successful gmin step
Trying gmin =   6.3794E-07 Note: One successful gmin step
Trying gmin =   5.1830E-07 Note: One successful gmin step
Trying gmin =   3.7955E-07 Note: One successful gmin step
Trying gmin =   2.3786E-07 Warning: Further gmin increment
Trying gmin =   3.3770E-07 Note: One successful gmin step
Trying gmin =   2.8342E-07 Note: One successful gmin step
Trying gmin =   2.1790E-07 Note: One successful gmin step
Trying gmin =   1.4690E-07 Note: One successful gmin step
Trying gmin =   8.1310E-08 Note: One successful gmin step
Trying gmin =   3.3485E-08 Note: One successful gmin step
Trying gmin =   8.8489E-09 Note: One successful gmin step
Trying gmin =   1.2022E-09 Note: One successful gmin step
Trying gmin =   1.2022E-10 Note: One successful gmin step
Trying gmin =   1.2022E-11 Note: One successful gmin step
Trying gmin =   1.2022E-12 Note: One successful gmin step
Trying gmin =   1.0000E-12 Note: One successful gmin step
Note: Dynamic gmin stepping completed
 Reference value :  1.00000e+00_fd_pr__pfet_g5v0d10v5#dbody = 2.100000e+00
m.xm26.msky130_fd_pr__pfet_g5v0d10v5#sbody = 2.100000e+00
mir = 7.831230e-01
net1 = 7.736667e-01
net2 = 1.907175e-07
net3 = 8.269472e-01
net4 = 2.604710e-01
net5 = 7.887639e-01
net6 = 9.942031e-01
net7 = 8.268881e-01
net8 = 8.594926e-01
net9 = 8.736057e-01
net10 = 1.970729e-01
net11 = 8.790682e-01
net12 = 8.790682e-01
net13 = 0.000000e+00
out = 8.790682e-01
pos = 1.195193e+00
q.xq2.qsky130_fd_pr__pnp_05v5_w0p68l0p68#collcx = 1.640907e-03
q.xq3.qsky130_fd_pr__pnp_05v5_w0p68l0p68#collcx = 2.076346e-04
q.xq4.qsky130_fd_pr__pnp_05v5_w0p68l0p68#collcx = 2.076346e-04
q.xq8.qsky130_fd_pr__pnp_05v5_w0p68l0p68#collcx = 2.076346e-04
q.xq10.qsky130_fd_pr__pnp_05v5_w0p68l0p68#collcx = 2.076346e-04
q.xq12.qsky130_fd_pr__pnp_05v5_w0p68l0p68#collcx = 2.076346e-04
q.xq14.qsky130_fd_pr__pnp_05v5_w0p68l0p68#collcx = 2.076346e-04
q.xq16.qsky130_fd_pr__pnp_05v5_w0p68l0p68#collcx = 2.076346e-04
q.xq18.qsky130_fd_pr__pnp_05v5_w0p68l0p68#collcx = 2.076346e-04
vb = 1.039604e+00
vdd = 2.100000e+00
vs#branch = -1.00970e-02
vt#branch = 0.000000e+00
xc1.a = 0.000000e+00
xc1.b1 = 0.000000e+00
xc3.a = 8.790682e-01
xc3.b1 = 8.790682e-01
xr1.xsky130_fd_pr__res_xhigh_po_0p69.ra = 8.341339e-01
xr2.xsky130_fd_pr__res_xhigh_po_0p69.ra = 8.341931e-01
xr3.xsky130_fd_pr__res_xhigh_po_0p69.ra = 5.188223e-03
xr4.xsky130_fd_pr__res_xhigh_po_0p69.ra = 7.758485e-01
xr5.xsky130_fd_pr__res_xhigh_po_0p69.ra = 5.187826e-03
xr6.xsky130_fd_pr__res_xhigh_po_0p69.ra = 7.721263e-03
xr7.xsky130_fd_pr__res_xhigh_po_0p69.ra = 8.790682e-01
xr8.xsky130_fd_pr__res_xhigh_po_0p69.ra = 1.208041e+00
xr9.xsky130_fd_pr__res_xhigh_po_0p69.ra = 1.347546e-02
Doing analysis at TEMP = 0.000000 and TNOM = 27.000000


No. of Data Rows : 91
Note: Starting true gmin stepping
Trying gmin =   1.0000E-03 Note: One successful gmin step
Trying gmin =   1.0000E-04 Note: One successful gmin step
Trying gmin =   1.0000E-05 Note: One successful gmin step
Trying gmin =   1.0000E-06 Note: One successful gmin step
Trying gmin =   1.0000E-07 Warning: Further gmin increment
Trying gmin =   5.6234E-07 Note: One successful gmin step
Trying gmin =   2.3714E-07 Note: One successful gmin step
Trying gmin =   6.4938E-08 Warning: Further gmin increment
Trying gmin =   1.7154E-07 Note: One successful gmin step
Trying gmin =   1.0554E-07 Warning: Further gmin increment
Trying gmin =   1.5193E-07 Warning: Further gmin increment
Trying gmin =   1.6641E-07 Warning: Further gmin increment
Trying gmin =   1.7025E-07 Note: One successful gmin step
Trying gmin =   1.6832E-07 Note: One successful gmin step
Trying gmin =   1.6547E-07 Warning: Further gmin increment
Trying gmin =   1.6760E-07 Note: One successful gmin step
Trying gmin =   1.6653E-07 Warning: Further gmin increment
Trying gmin =   1.6733E-07 Note: One successful gmin step
Trying gmin =   1.6693E-07 Note: One successful gmin step
Trying gmin =   1.6633E-07 Warning: Further gmin increment
Trying gmin =   1.6678E-07 Note: One successful gmin step
Trying gmin =   1.6671E-07 Note: One successful gmin step
Trying gmin =   1.6660E-07 Note: One successful gmin step
Trying gmin =   1.6643E-07 Note: One successful gmin step
Trying gmin =   1.6617E-07 Note: One successful gmin step
Trying gmin =   1.6580E-07 Note: One successful gmin step
Trying gmin =   1.6523E-07 Note: One successful gmin step
Trying gmin =   1.6438E-07 Note: One successful gmin step
Trying gmin =   1.6313E-07 Note: One successful gmin step
Trying gmin =   1.6125E-07 Note: One successful gmin step
Trying gmin =   1.5849E-07 Note: One successful gmin step
Trying gmin =   1.5442E-07 Note: One successful gmin step
Trying gmin =   1.4853E-07 Note: One successful gmin step
Trying gmin =   1.4010E-07 Note: One successful gmin step
Trying gmin =   1.2835E-07 Note: One successful gmin step
Trying gmin =   1.1254E-07 Note: One successful gmin step
Trying gmin =   9.2401E-08 Note: One successful gmin step
Trying gmin =   6.8745E-08 Note: One successful gmin step
Trying gmin =   4.4115E-08 Note: One successful gmin step
Trying gmin =   2.2678E-08 Note: One successful gmin step
Trying gmin =   8.3589E-09 Note: One successful gmin step
Trying gmin =   1.8705E-09 Warning: Further gmin increment
Trying gmin =   5.7491E-09 Warning: Further gmin increment
Trying gmin =   7.6122E-09 Note: One successful gmin step
Trying gmin =   6.6154E-09 Note: One successful gmin step
Trying gmin =   5.3595E-09 Warning: Further gmin increment
Trying gmin =   6.2762E-09 Note: One successful gmin step
Trying gmin =   5.7997E-09 Warning: Further gmin increment
Trying gmin =   6.1535E-09 Note: One successful gmin step
Trying gmin =   5.9740E-09 Warning: Further gmin increment
Trying gmin =   6.1082E-09 Warning: Further gmin increment
Trying gmin =   6.1422E-09 Note: One successful gmin step
Trying gmin =   6.1251E-09 Warning: Further gmin increment
Trying gmin =   6.1379E-09 Warning: Further gmin increment
Trying gmin =   6.1411E-09 Warning: Further gmin increment
Trying gmin =   6.1419E-09 Note: One successful gmin step
Trying gmin =   6.1415E-09 Note: One successful gmin step
Trying gmin =   6.1409E-09 Warning: Further gmin increment
Trying gmin =   6.1413E-09 Warning: Last gmin step failed
Warning: True gmin stepping failed
Note: Starting dynamic gmin stepping
Trying gmin =   1.0000E-03 Note: One successful gmin step
Trying gmin =   1.0000E-04 Note: One successful gmin step
Trying gmin =   1.0000E-05 Note: One successful gmin step
Trying gmin =   1.0000E-06 Warning: Further gmin increment
Trying gmin =   5.6234E-06 Warning: Further gmin increment
Trying gmin =   8.6596E-06 Note: One successful gmin step
Trying gmin =   6.9783E-06 Note: One successful gmin step
Trying gmin =   5.0481E-06 Note: One successful gmin step
Trying gmin =   3.1059E-06 Warning: Further gmin increment
Trying gmin =   4.4709E-06 Note: One successful gmin step
Trying gmin =   3.7264E-06 Warning: Further gmin increment
Trying gmin =   4.2718E-06 Note: One successful gmin step
Trying gmin =   4.1757E-06 Note: One successful gmin step
Trying gmin =   4.0355E-06 Note: One successful gmin step
Trying gmin =   3.8340E-06 Note: One successful gmin step
Trying gmin =   3.5504E-06 Note: One successful gmin step
Trying gmin =   3.1639E-06 Note: One successful gmin step
Trying gmin =   2.6616E-06 Note: One successful gmin step
Trying gmin =   2.0536E-06 Note: One successful gmin step
Trying gmin =   1.3918E-06 Note: One successful gmin step
Trying gmin =   7.7653E-07 Warning: Further gmin increment
Trying gmin =   1.2029E-06 Note: One successful gmin step
Trying gmin =   9.6647E-07 Note: One successful gmin step
Trying gmin =   6.9606E-07 Warning: Further gmin increment
Trying gmin =   8.9033E-07 Note: One successful gmin step
Trying gmin =   8.5454E-07 Note: One successful gmin step
Trying gmin =   8.0354E-07 Note: One successful gmin step
Trying gmin =   7.3268E-07 Note: One successful gmin step
Trying gmin =   6.3794E-07 Note: One successful gmin step
Trying gmin =   5.1830E-07 Note: One successful gmin step
Trying gmin =   3.7955E-07 Note: One successful gmin step
Trying gmin =   2.3786E-07 Warning: Further gmin increment
Trying gmin =   3.3770E-07 Note: One successful gmin step
Trying gmin =   2.8342E-07 Note: One successful gmin step
Trying gmin =   2.1790E-07 Note: One successful gmin step
Trying gmin =   1.4690E-07 Note: One successful gmin step
Trying gmin =   8.1310E-08 Note: One successful gmin step
Trying gmin =   3.3485E-08 Note: One successful gmin step
Trying gmin =   8.8489E-09 Note: One successful gmin step
Trying gmin =   1.2022E-09 Note: One successful gmin step
Trying gmin =   1.2022E-10 Note: One successful gmin step
Trying gmin =   1.2022E-11 Note: One successful gmin step
Trying gmin =   1.2022E-12 Note: One successful gmin step
Trying gmin =   1.0000E-12 Note: One successful gmin step
Note: Dynamic gmin stepping completed
 Reference value :  1.00000e+00Note: Starting true gmin stepping
Trying gmin =   1.0000E-03 Note: One successful gmin step
Trying gmin =   1.0000E-04 Note: One successful gmin step
Trying gmin =   1.0000E-05 Note: One successful gmin step
Trying gmin =   1.0000E-06 Note: One successful gmin step
Trying gmin =   1.0000E-07 Warning: Further gmin increment
Trying gmin =   5.6234E-07 Note: One successful gmin step
Trying gmin =   2.3714E-07 Note: One successful gmin step
Trying gmin =   6.4938E-08 Warning: Further gmin increment
Trying gmin =   1.7154E-07 Warning: Further gmin increment
Trying gmin =   2.1870E-07 Note: One successful gmin step
Trying gmin =   1.9369E-07 Warning: Further gmin increment
Trying gmin =   2.1216E-07 Note: One successful gmin step
Trying gmin =   2.0271E-07 Warning: Further gmin increment
Trying gmin =   2.0976E-07 Note: One successful gmin step
Trying gmin =   2.0621E-07 Warning: Further gmin increment
Trying gmin =   2.0886E-07 Warning: Further gmin increment
Trying gmin =   2.0953E-07 Note: One successful gmin step
Trying gmin =   2.0920E-07 Warning: Further gmin increment
Trying gmin =   2.0945E-07 Warning: Further gmin increment
Trying gmin =   2.0951E-07 Note: One successful gmin step
Trying gmin =   2.0948E-07 Note: One successful gmin step
Trying gmin =   2.0943E-07 Warning: Further gmin increment
Trying gmin =   2.0947E-07 Warning: Further gmin increment
Trying gmin =   2.0948E-07 Warning: Last gmin step failed
Warning: True gmin stepping failed
Note: Starting dynamic gmin stepping
Trying gmin =   1.0000E-03 Note: One successful gmin step
Trying gmin =   1.0000E-04 Note: One successful gmin step
Trying gmin =   1.0000E-05 Note: One successful gmin step
Trying gmin =   1.0000E-06 Note: One successful gmin step
Trying gmin =   3.1623E-07 Warning: Further gmin increment
Trying gmin =   7.4989E-07 Warning: Further gmin increment
Trying gmin =   9.3057E-07 Note: One successful gmin step
Trying gmin =   8.3536E-07 Note: One successful gmin step
Trying gmin =   7.1050E-07 Note: One successful gmin step
Trying gmin =   5.5731E-07 Note: One successful gmin step
Trying gmin =   3.8716E-07 Note: One successful gmin step
Trying gmin =   2.2417E-07 Note: One successful gmin step
Trying gmin =   9.8771E-08 Note: One successful gmin step
Trying gmin =   2.8886E-08 Note: One successful gmin step
Trying gmin =   4.5687E-09 Note: One successful gmin step
Trying gmin =   4.5687E-10 Note: One successful gmin step
Trying gmin =   4.5687E-11 Note: One successful gmin step
Trying gmin =   4.5687E-12 Note: One successful gmin step
Trying gmin =   1.0000E-12 Note: One successful gmin step
Note: Dynamic gmin stepping completed
 Reference value :  8.50000e+01Note: Starting true gmin stepping
Trying gmin =   1.0000E-03 Note: One successful gmin step
Trying gmin =   1.0000E-04 Note: One successful gmin step
Trying gmin =   1.0000E-05 Note: One successful gmin step
Trying gmin =   1.0000E-06 Note: One successful gmin step
Trying gmin =   1.0000E-07 Note: One successful gmin step
Trying gmin =   1.0000E-08 Warning: Further gmin increment
Trying gmin =   5.6234E-08 Warning: Further gmin increment
Trying gmin =   8.6596E-08 Note: One successful gmin step
Trying gmin =   6.9783E-08 Note: One successful gmin step
Trying gmin =   5.0481E-08 Warning: Further gmin increment
Trying gmin =   6.4357E-08 Note: One successful gmin step
Trying gmin =   5.6998E-08 Warning: Further gmin increment
Trying gmin =   6.2432E-08 Note: One successful gmin step
Trying gmin =   5.9653E-08 Note: One successful gmin step
Trying gmin =   5.5715E-08 Warning: Further gmin increment
Trying gmin =   5.8643E-08 Warning: Further gmin increment
Trying gmin =   5.9399E-08 Note: One successful gmin step
Trying gmin =   5.9020E-08 Note: One successful gmin step
Trying gmin =   5.8456E-08 Warning: Further gmin increment
Trying gmin =   5.8879E-08 Note: One successful gmin step
Trying gmin =   5.8667E-08 Warning: Further gmin increment
Trying gmin =   5.8826E-08 Note: One successful gmin step
Trying gmin =   5.8746E-08 Note: One successful gmin step
Trying gmin =   5.8627E-08 Warning: Further gmin increment
Trying gmin =   5.8716E-08 Note: One successful gmin step
Trying gmin =   5.8672E-08 Note: One successful gmin step
Trying gmin =   5.8605E-08 Warning: Further gmin increment
Trying gmin =   5.8655E-08 Warning: Further gmin increment
Trying gmin =   5.8668E-08 Warning: Further gmin increment
Trying gmin =   5.8671E-08 Note: One successful gmin step
Trying gmin =   5.8669E-08 Warning: Last gmin step failed
Warning: True gmin stepping failed
Note: Starting dynamic gmin stepping
Trying gmin =   1.0000E-03 Note: One successful gmin step
Trying gmin =   1.0000E-04 Note: One successful gmin step
Trying gmin =   1.0000E-05 Warning: Further gmin increment
Trying gmin =   5.6234E-05 Note: One successful gmin step
Trying gmin =   2.3714E-05 Note: One successful gmin step
Trying gmin =   6.4938E-06 Warning: Further gmin increment
Trying gmin =   1.7154E-05 Note: One successful gmin step
Trying gmin =   1.0554E-05 Note: One successful gmin step
Trying gmin =   6.4938E-06 Note: One successful gmin step
Trying gmin =   3.1340E-06 Note: One successful gmin step
Trying gmin =   1.5125E-06 Note: One successful gmin step
Trying gmin =   5.0708E-07 Note: One successful gmin step
Trying gmin =   9.8438E-08 Warning: Further gmin increment
Trying gmin =   3.3659E-07 Note: One successful gmin step
Trying gmin =   1.8203E-07 Warning: Further gmin increment
Trying gmin =   2.8864E-07 Note: One successful gmin step
Trying gmin =   2.2922E-07 Warning: Further gmin increment
Trying gmin =   2.7248E-07 Warning: Further gmin increment
Trying gmin =   2.8451E-07 Note: One successful gmin step
Trying gmin =   2.7843E-07 Note: One successful gmin step
Trying gmin =   2.6955E-07 Warning: Further gmin increment
Trying gmin =   2.7618E-07 Note: One successful gmin step
Trying gmin =   2.7285E-07 Warning: Further gmin increment
Trying gmin =   2.7534E-07 Note: One successful gmin step
Trying gmin =   2.7409E-07 Note: One successful gmin step
Trying gmin =   2.7222E-07 Warning: Further gmin increment
Trying gmin =   2.7362E-07 Note: One successful gmin step
Trying gmin =   2.7292E-07 Warning: Further gmin increment
Trying gmin =   2.7345E-07 Note: One successful gmin step
Trying gmin =   2.7319E-07 Warning: Further gmin increment
Trying gmin =   2.7338E-07 Note: One successful gmin step
Trying gmin =   2.7328E-07 Warning: Further gmin increment
Trying gmin =   2.7336E-07 Warning: Further gmin increment
Trying gmin =   2.7338E-07 Note: One successful gmin step
Trying gmin =   2.7337E-07 Note: One successful gmin step
Trying gmin =   2.7335E-07 Warning: Further gmin increment
Trying gmin =   2.7336E-07 Note: One successful gmin step
Trying gmin =   2.7336E-07 Warning: Last gmin step failed
Warning: Dynamic gmin stepping failed
Note: Starting source stepping
Supplies reduced to   0.0000% Note: One successful source step
Supplies reduced to   0.1000% Note: One successful source step
Supplies reduced to   0.2000% Note: One successful source step
Supplies reduced to   0.3500% Note: One successful source step
Supplies reduced to   0.5750% Note: One successful source step
Supplies reduced to   0.9125% Note: One successful source step
Supplies reduced to   1.4188% Note: One successful source step
Supplies reduced to   2.1781% Note: One successful source step
Supplies reduced to   3.3172% Note: One successful source step
Supplies reduced to   5.0258% Note: One successful source step
Supplies reduced to   7.5887% Note: One successful source step
Supplies reduced to  11.4330% Note: One successful source step
Supplies reduced to  17.1995% Note: One successful source step
Supplies reduced to  25.8493% Note: One successful source step
Supplies reduced to  38.8239% Note: One successful source step
Supplies reduced to  51.7985% Supplies reduced to  38.8239% Note: One successful source step
Supplies reduced to  39.4726% Note: One successful source step
Supplies reduced to  40.4457% Note: One successful source step
Supplies reduced to  41.9054% Note: One successful source step
Supplies reduced to  44.0948% Note: One successful source step
Supplies reduced to  47.3791% Note: One successful source step
Supplies reduced to  52.3054% Note: One successful source step
Supplies reduced to  59.6948% Note: One successful source step
Supplies reduced to  70.7790% Note: One successful source step
Supplies reduced to  87.4053% Supplies reduced to  70.7790% Note: One successful source step
Supplies reduced to  71.7790% Supplies reduced to  70.7790% Note: One successful source step
Supplies reduced to  70.9290% Note: One successful source step
Supplies reduced to  71.1540% Note: One successful source step
Supplies reduced to  71.4915% Note: One successful source step
Supplies reduced to  71.9978% Supplies reduced to  71.4915% Note: One successful source step
Supplies reduced to  71.5674% Note: One successful source step
Supplies reduced to  71.6813% Supplies reduced to  71.5674% Note: One successful source step
Supplies reduced to  71.5845% Note: One successful source step
Supplies reduced to  71.6102% Supplies reduced to  71.5845% Note: One successful source step
Supplies reduced to  71.5884% Note: One successful source step
Supplies reduced to  71.5941% Note: One successful source step
Supplies reduced to  71.6028% Note: One successful source step
Supplies reduced to  71.6158% Supplies reduced to  71.6028% Note: One successful source step
Supplies reduced to  71.6047% Note: One successful source step
Supplies reduced to  71.6077% Supplies reduced to  71.6047% Note: One successful source step
Supplies reduced to  71.6052% Note: One successful source step
Supplies reduced to  71.6058% Supplies reduced to  71.6052% Note: One successful source step
Supplies reduced to  71.6053% Note: One successful source step
Supplies reduced to  71.6054% Note: One successful source step
Supplies reduced to  71.6056% Note: One successful source step
Supplies reduced to  71.6060% Supplies reduced to  71.6056% Note: One successful source step
Supplies reduced to  71.6057% Note: One successful source step
Supplies reduced to  71.6058% Note: One successful source step
Supplies reduced to  71.6059% Supplies reduced to  71.6058% Note: One successful source step
Supplies reduced to  71.6058% Note: One successful source step
Supplies reduced to  71.6058% Warning: source stepping failed
doAnalyses: Too many iterations without convergence

dc simulation(s) aborted
Error(parse.c--checkvalid): vldo_sup_2_8: zero length vector.
Error: RHS "abs((vldo_sup_2_8-vldo_sup_2)/0.8)" invalid
Error(parse.c--checkvalid): line_reg: zero length vector.
Error(parse.c--checkvalid): vin: zero length vector.
Error: RHS "vin-1.764" invalid
Error(parse.c--checkvalid): dropout: zero length vector.
Error: no such vector dropout
Note: No ".plot", ".print", or ".fourier" lines; no simulations run
pm                  =  -8.547949e+01
Doing analysis at TEMP = 0.000000 and TNOM = 27.000000


No. of Data Rows : 91
psrr100             =  -5.675387e+01
psrr100k            =  -2.753761e+01
Doing analysis at TEMP = 0.000000 and TNOM = 27.000000


No. of Data Rows : 86
temp_coeff = 1.020243e+02
Doing analysis at TEMP = 0.000000 and TNOM = 27.000000


Error: measure  vldo_sup_2  (AT) : out of interval
 meas dc vldo_sup_2 find ldo_out at=2 failed!


Error: measure  vldo_sup_2_8  (AT) : out of interval
 meas dc vldo_sup_2_8 find ldo_out at=2.8 failed!


Error: measure  vin  (WHEN) : out of interval
 meas dc vin when v(ldo_out)=1.764 failed!

