Note: Starting true gmin stepping
Trying gmin =   1.0000E-03 Note: One successful gmin step
Trying gmin =   1.0000E-04 Note: One successful gmin step
Trying gmin =   1.0000E-05 Note: One successful gmin step
Trying gmin =   1.0000E-06 Note: One successful gmin step
Trying gmin =   1.0000E-07 Warning: Further gmin increment
Trying gmin =   5.6234E-07 Warning: Further gmin increment
Trying gmin =   8.6596E-07 Note: One successful gmin step
Trying gmin =   6.9783E-07 Warning: Further gmin increment
Trying gmin =   8.2047E-07 Note: One successful gmin step
Trying gmin =   7.5667E-07 Note: One successful gmin step
Trying gmin =   6.7015E-07 Warning: Further gmin increment
Trying gmin =   7.3404E-07 Note: One successful gmin step
Trying gmin =   7.0137E-07 Note: One successful gmin step
Trying gmin =   6.5506E-07 Warning: Further gmin increment
Trying gmin =   6.8950E-07 Warning: Further gmin increment
Trying gmin =   6.9838E-07 Note: One successful gmin step
Trying gmin =   6.9392E-07 Warning: Further gmin increment
Trying gmin =   6.9727E-07 Warning: Further gmin increment
Trying gmin =   6.9810E-07 Warning: Further gmin increment
Trying gmin =   6.9831E-07 Warning: Further gmin increment
Trying gmin =   6.9836E-07 Note: One successful gmin step
Trying gmin =   6.9834E-07 Note: One successful gmin step
Trying gmin =   6.9830E-07 Warning: Further gmin increment
Trying gmin =   6.9833E-07 Note: One successful gmin step
Trying gmin =   6.9831E-07 Warning: Last gmin step failed
Warning: True gmin stepping failed
Note: Starting dynamic gmin stepping
Trying gmin =   1.0000E-03 Note: One successful gmin step
Trying gmin =   1.0000E-04 Note: One successful gmin step
Trying gmin =   1.0000E-05 Note: One successful gmin step
Trying gmin =   1.0000E-06 Note: One successful gmin step
Trying gmin =   1.0000E-07 Warning: Further gmin increment
Trying gmin =   5.6234E-07 Warning: Further gmin increment
Trying gmin =   8.6596E-07 Note: One successful gmin step
Trying gmin =   6.9783E-07 Note: One successful gmin step
Trying gmin =   5.0481E-07 Note: One successful gmin step
Trying gmin =   3.1059E-07 Note: One successful gmin step
Trying gmin =   1.4989E-07 Note: One successful gmin step
Trying gmin =   5.0254E-08 Note: One successful gmin step
Trying gmin =   9.7557E-09 Note: One successful gmin step
Trying gmin =   9.7557E-10 Note: One successful gmin step
Trying gmin =   9.7557E-11 Note: One successful gmin step
Trying gmin =   9.7557E-12 Note: One successful gmin step
Trying gmin =   1.0000E-12 Note: One successful gmin step
Note: Dynamic gmin stepping completed
 Reference value :  8.50000e+01Note: Starting true gmin stepping
Trying gmin =   1.0000E-03 Note: One successful gmin step
Trying gmin =   1.0000E-04 Note: One successful gmin step
Trying gmin =   1.0000E-05 Note: One successful gmin step
Trying gmin =   1.0000E-06 Warning: Further gmin increment
Trying gmin =   5.6234E-06 Note: One successful gmin step
Trying gmin =   2.3714E-06 Note: One successful gmin step
Trying gmin =   6.4938E-07 Warning: Further gmin increment
Trying gmin =   1.7154E-06 Warning: Further gmin increment
Trying gmin =   2.1870E-06 Warning: Further gmin increment
Trying gmin =   2.3239E-06 Note: One successful gmin step
Trying gmin =   2.2544E-06 Note: One successful gmin step
Trying gmin =   2.1540E-06 Note: One successful gmin step
Trying gmin =   2.0118E-06 Note: One successful gmin step
Trying gmin =   1.8159E-06 Note: One successful gmin step
Trying gmin =   1.5572E-06 Note: One successful gmin step
Trying gmin =   1.2366E-06 Note: One successful gmin step
Trying gmin =   8.7512E-07 Note: One successful gmin step
Trying gmin =   5.2097E-07 Note: One successful gmin step
Trying gmin =   2.3930E-07 Warning: Further gmin increment
Trying gmin =   4.2889E-07 Note: One successful gmin step
Trying gmin =   3.2036E-07 Note: One successful gmin step
Trying gmin =   2.0682E-07 Note: One successful gmin step
Trying gmin =   1.3351E-07 Warning: Further gmin increment
Trying gmin =   1.8538E-07 Warning: Further gmin increment
Trying gmin =   2.0124E-07 Note: One successful gmin step
Trying gmin =   1.9315E-07 Note: One successful gmin step
Trying gmin =   1.8162E-07 Warning: Further gmin increment
Trying gmin =   1.9020E-07 Note: One successful gmin step
Trying gmin =   1.8586E-07 Warning: Further gmin increment
Trying gmin =   1.8910E-07 Warning: Further gmin increment
Trying gmin =   1.8992E-07 Note: One successful gmin step
Trying gmin =   1.8951E-07 Note: One successful gmin step
Trying gmin =   1.8890E-07 Warning: Further gmin increment
Trying gmin =   1.8936E-07 Warning: Further gmin increment
Trying gmin =   1.8947E-07 Warning: Further gmin increment
Trying gmin =   1.8950E-07 Note: One successful gmin step
Trying gmin =   1.8949E-07 Warning: Further gmin increment
Trying gmin =   1.8950E-07 Note: One successful gmin step
Trying gmin =   1.8949E-07 Note: One successful gmin step
Trying gmin =   1.8949E-07 Warning: Last gmin step failed
Warning: True gmin stepping failed
Note: Starting dynamic gmin stepping
Trying gmin =   1.0000E-03 Note: One successful gmin step
Trying gmin =   1.0000E-04 Note: One successful gmin step
Trying gmin =   1.0000E-05 Note: One successful gmin step
Trying gmin =   1.0000E-06 Warning: Further gmin increment
Trying gmin =   5.6234E-06 Note: One successful gmin step
Trying gmin =   3.1623E-06 Note: One successful gmin step
Trying gmin =   1.3335E-06 Note: One successful gmin step
Trying gmin =   3.6517E-07 Warning: Further gmin increment
Trying gmin =   9.6466E-07 Note: One successful gmin step
Trying gmin =   5.9352E-07 Warning: Further gmin increment
Trying gmin =   8.5436E-07 Warning: Further gmin increment
Trying gmin =   9.3582E-07 Note: One successful gmin step
Trying gmin =   8.9416E-07 Note: One successful gmin step
Trying gmin =   8.3513E-07 Warning: Further gmin increment
Trying gmin =   8.7902E-07 Warning: Further gmin increment
Trying gmin =   8.9035E-07 Warning: Further gmin increment
Trying gmin =   8.9321E-07 Warning: Further gmin increment
Trying gmin =   8.9392E-07 Note: One successful gmin step
Trying gmin =   8.9357E-07 Warning: Further gmin increment
Trying gmin =   8.9383E-07 Note: One successful gmin step
Trying gmin =   8.9370E-07 Warning: Further gmin increment
Trying gmin =   8.9380E-07 Note: One successful gmin step
Trying gmin =   8.9375E-07 Note: One successful gmin step
Trying gmin =   8.9370E-07 Warning: Further gmin increment
Trying gmin =   8.9374E-07 Warning: Last gmin step failed
Error: -2.55394e+181, 2 out of range for ^
Warning: Dynamic gmin stepping failed
Note: Starting source stepping
Supplies reduced to   0.0000% Note: One successful source step
Supplies reduced to   0.1000% Note: One successful source step
Supplies reduced to   0.2000% Note: One successful source step
Supplies reduced to   0.3500% Note: One successful source step
Supplies reduced to   0.5750% Note: One successful source step
Supplies reduced to   0.9125% Note: One successful source step
Supplies reduced to   1.4188% Note: One successful source step
Supplies reduced to   2.1781% Note: One successful source step
Supplies reduced to   3.3172% Note: One successful source step
Supplies reduced to   5.0258% Note: One successful source step
Supplies reduced to   7.5887% Note: One successful source step
Supplies reduced to  11.4330% Supplies reduced to   7.5887% Note: One successful source step
Supplies reduced to   8.1653% Note: One successful source step
Supplies reduced to   9.0303% Note: One successful source step
Supplies reduced to  10.3278% Note: One successful source step
Supplies reduced to  12.2740% Note: One successful source step
Supplies reduced to  15.1932% Note: One successful source step
Supplies reduced to  19.5722% Note: One successful source step
Supplies reduced to  26.1406% Note: One successful source step
Supplies reduced to  35.9932% Note: One successful source step
Supplies reduced to  50.7721% Note: One successful source step
Supplies reduced to  72.9405% Supplies reduced to  50.7721% Note: One successful source step
Supplies reduced to  51.7721% Note: One successful source step
Supplies reduced to  53.2721% Note: One successful source step
Supplies reduced to  55.5221% Note: One successful source step
Supplies reduced to  58.8971% Note: One successful source step
Supplies reduced to  63.9596% Note: One successful source step
Supplies reduced to  71.5534% Supplies reduced to  63.9596% Note: One successful source step
Supplies reduced to  64.9596% Note: One successful source step
Supplies reduced to  66.4596% Supplies reduced to  64.9596% Note: One successful source step
Supplies reduced to  65.1846% Note: One successful source step
Supplies reduced to  65.5221% Note: One successful source step
Supplies reduced to  66.0284% Note: One successful source step
Supplies reduced to  66.7878% Note: One successful source step
Supplies reduced to  67.9268% Note: One successful source step
Supplies reduced to  69.6354% Note: One successful source step
Supplies reduced to  72.1983% Note: One successful source step
Supplies reduced to  76.0426% Note: One successful source step
Supplies reduced to  81.8091% Note: One successful source step
Supplies reduced to  90.4589% Note: One successful source step
Supplies reduced to 100.0000% Note: One successful source step
Note: Source stepping completed
 Reference value :  2.80000e+00Note: Starting true gmin stepping
Trying gmin =   1.0000E-03 Note: One successful gmin step
Trying gmin =   1.0000E-04 Note: One successful gmin step
Trying gmin =   1.0000E-05 Note: One successful gmin step
Trying gmin =   1.0000E-06 Note: One successful gmin step
Trying gmin =   1.0000E-07 Note: One successful gmin step
Trying gmin =   1.0000E-08 Warning: Further gmin increment
Trying gmin =   5.6234E-08 Note: One successful gmin step
Trying gmin =   2.3714E-08 Note: One successful gmin step
Trying gmin =   6.4938E-09 Note: One successful gmin step
Trying gmin =   9.3057E-10 Note: One successful gmin step
Trying gmin =   9.3057E-11 Note: One successful gmin step
Trying gmin =   9.3057E-12 Warning: Further gmin increment
Trying gmin =   5.2330E-11 Note: One successful gmin step
Trying gmin =   2.2067E-11 Warning: Further gmin increment
Trying gmin =   4.2170E-11 Note: One successful gmin step
Trying gmin =   3.0505E-11 Note: One successful gmin step
Trying gmin =   1.8769E-11 Note: One successful gmin step
Trying gmin =   9.0580E-12 Note: One successful gmin step
Trying gmin =   3.0368E-12 Note: One successful gmin step
Trying gmin =   1.0000E-12 Warning: Further gmin increment
Trying gmin =   2.3005E-12 Warning: Further gmin increment
Trying gmin =   2.8332E-12 Note: One successful gmin step
Trying gmin =   2.5530E-12 Note: One successful gmin step
Trying gmin =   2.1837E-12 Warning: Further gmin increment
Trying gmin =   2.4552E-12 Note: One successful gmin step
Trying gmin =   2.3611E-12 Note: One successful gmin step
Trying gmin =   2.2268E-12 Note: One successful gmin step
Trying gmin =   2.0395E-12 Note: One successful gmin step
Trying gmin =   1.7876E-12 Note: One successful gmin step
Trying gmin =   1.4670E-12 Note: One successful gmin step
Trying gmin =   1.0905E-12 Note: One successful gmin step
Trying gmin =   1.0000E-12 Note: One successful gmin step
Note: True gmin stepping completed
 Reference value :  1.20000e+00
No compatibility mode selected!


Circuit: * ldo netlist 

Doing analysis at TEMP = 0.000000 and TNOM = 27.000000


No. of Data Rows : 86
temp_coeff = 5.134837e+01
Doing analysis at TEMP = 0.000000 and TNOM = 27.000000


No. of Data Rows : 141
vldo_sup_2          =  1.807910e+00
vldo_sup_2_8        =  1.806912e+00
line_reg = 1.247500e-03
Note: Starting true gmin stepping
Trying gmin =   1.0000E-03 Note: One successful gmin step
Trying gmin =   1.0000E-04 Note: One successful gmin step
Trying gmin =   1.0000E-05 Note: One successful gmin step
Trying gmin =   1.0000E-06 Note: One successful gmin step
Trying gmin =   1.0000E-07 Warning: Further gmin increment
Trying gmin =   5.6234E-07 Note: One successful gmin step
Trying gmin =   2.3714E-07 Warning: Further gmin increment
Trying gmin =   4.5316E-07 Warning: Further gmin increment
Trying gmin =   5.3280E-07 Note: One successful gmin step
Trying gmin =   4.9137E-07 Warning: Further gmin increment
Trying gmin =   5.2212E-07 Note: One successful gmin step
Trying gmin =   5.0651E-07 Note: One successful gmin step
Trying gmin =   4.9888E-07 Note: One successful gmin step
Trying gmin =   4.8765E-07 Note: One successful gmin step
Trying gmin =   4.7128E-07 Note: One successful gmin step
Trying gmin =   4.4775E-07 Note: One successful gmin step
Trying gmin =   4.1463E-07 Note: One successful gmin step
Trying gmin =   3.6949E-07 Note: One successful gmin step
Trying gmin =   3.1083E-07 Note: One successful gmin step
Trying gmin =   2.3982E-07 Note: One successful gmin step
Trying gmin =   1.6254E-07 Note: One successful gmin step
Trying gmin =   9.0686E-08 Note: One successful gmin step
Trying gmin =   3.7794E-08 Warning: Further gmin increment
Trying gmin =   7.2864E-08 Note: One successful gmin step
Trying gmin =   5.2477E-08 Warning: Further gmin increment
Trying gmin =   6.7124E-08 Note: One successful gmin step
Trying gmin =   5.9350E-08 Note: One successful gmin step
Trying gmin =   4.9345E-08 Warning: Further gmin increment
Trying gmin =   5.6673E-08 Warning: Further gmin increment
Trying gmin =   5.8669E-08 Note: One successful gmin step
Trying gmin =   5.7663E-08 Warning: Further gmin increment
Trying gmin =   5.8416E-08 Warning: Further gmin increment
Trying gmin =   5.8606E-08 Note: One successful gmin step
Trying gmin =   5.8511E-08 Note: One successful gmin step
Trying gmin =   5.8369E-08 Warning: Further gmin increment
Trying gmin =   5.8475E-08 Note: One successful gmin step
Trying gmin =   5.8422E-08 Warning: Further gmin increment
Trying gmin =   5.8462E-08 Warning: Further gmin increment
Trying gmin =   5.8472E-08 Note: One successful gmin step
Trying gmin =   5.8467E-08 Note: One successful gmin step
Trying gmin =   5.8459E-08 Warning: Further gmin increment
Trying gmin =   5.8465E-08 Note: One successful gmin step
Trying gmin =   5.8462E-08 Warning: Last gmin step failed
Warning: True gmin stepping failed
Note: Starting dynamic gmin stepping
Trying gmin =   1.0000E-03 Note: One successful gmin step
Trying gmin =   1.0000E-04 Note: One successful gmin step
Trying gmin =   1.0000E-05 Note: One successful gmin step
Trying gmin =   1.0000E-06 Note: One successful gmin step
Trying gmin =   1.0000E-07 Warning: Further gmin increment
Trying gmin =   5.6234E-07 Note: One successful gmin step
Trying gmin =   2.3714E-07 Warning: Further gmin increment
Trying gmin =   4.5316E-07 Note: One successful gmin step
Trying gmin =   3.2781E-07 Note: One successful gmin step
Trying gmin =   2.0169E-07 Warning: Further gmin increment
Trying gmin =   2.9033E-07 Note: One successful gmin step
Trying gmin =   2.4199E-07 Warning: Further gmin increment
Trying gmin =   2.7741E-07 Warning: Further gmin increment
Trying gmin =   2.8704E-07 Note: One successful gmin step
Trying gmin =   2.8218E-07 Note: One successful gmin step
Trying gmin =   2.7505E-07 Warning: Further gmin increment
Trying gmin =   2.8038E-07 Note: One successful gmin step
Trying gmin =   2.7770E-07 Warning: Further gmin increment
Trying gmin =   2.7971E-07 Note: One successful gmin step
Trying gmin =   2.7870E-07 Note: One successful gmin step
Trying gmin =   2.7720E-07 Warning: Further gmin increment
Trying gmin =   2.7833E-07 Note: One successful gmin step
Trying gmin =   2.7776E-07 Warning: Further gmin increment
Trying gmin =   2.7819E-07 Note: One successful gmin step
Trying gmin =   2.7798E-07 Note: One successful gmin step
Trying gmin =   2.7766E-07 Warning: Further gmin increment
Trying gmin =   2.7790E-07 Note: One successful gmin step
Trying gmin =   2.7778E-07 Warning: Further gmin increment
Trying gmin =   2.7787E-07 Warning: Further gmin increment
Trying gmin =   2.7789E-07 Note: One successful gmin step
Trying gmin =   2.7788E-07 Note: One successful gmin step
Trying gmin =   2.7786E-07 Warning: Further gmin increment
Trying gmin =   2.7787E-07 Warning: Last gmin step failed
Warning: Dynamic gmin stepping failed
Note: Starting source stepping
Supplies reduced to   0.0000% Note: One successful source step
Supplies reduced to   0.1000% Note: One successful source step
Supplies reduced to   0.2000% Note: One successful source step
Supplies reduced to   0.3500% Note: One successful source step
Supplies reduced to   0.5750% Note: One successful source step
Supplies reduced to   0.9125% Note: One successful source step
Supplies reduced to   1.4188% Note: One successful source step
Supplies reduced to   2.1781% Note: One successful source step
Supplies reduced to   3.3172% Note: One successful source step
Supplies reduced to   5.0258% Note: One successful source step
Supplies reduced to   7.5887% Note: One successful source step
Supplies reduced to  11.4330% Note: One successful source step
Supplies reduced to  17.1995% Note: One successful source step
Supplies reduced to  25.8493% Note: One successful source step
Supplies reduced to  38.8239% Note: One successful source step
Supplies reduced to  58.2859% Note: One successful source step
Supplies reduced to  77.7478% Supplies reduced to  58.2859% Note: One successful source step
Supplies reduced to  59.2859% Note: One successful source step
Supplies reduced to  60.7859% Note: One successful source step
Supplies reduced to  63.0359% Note: One successful source step
Supplies reduced to  66.4109% Note: One successful source step
Supplies reduced to  71.4734% Note: One successful source step
Supplies reduced to  79.0671% Note: One successful source step
Supplies reduced to  90.4577% Supplies reduced to  79.0671% Note: One successful source step
Supplies reduced to  80.0671% Note: One successful source step
Supplies reduced to  81.5671% Note: One successful source step
Supplies reduced to  83.8171% Note: One successful source step
Supplies reduced to  87.1921% Note: One successful source step
Supplies reduced to  92.2546% Supplies reduced to  87.1921% Note: One successful source step
Supplies reduced to  87.9515% Note: One successful source step
Supplies reduced to  89.0905% Note: One successful source step
Supplies reduced to  90.7991% Note: One successful source step
Supplies reduced to  93.3620% Note: One successful source step
Supplies reduced to  97.2064% Note: One successful source step
Supplies reduced to 100.0000% Note: One successful source step
Note: Source stepping completed
 Reference value :  1.00000e+00vin                 =  1.777248e+00
dropout = 1.324800e-02
Doing analysis at TEMP = 0.000000 and TNOM = 27.000000


No. of Data Rows : 91
Error: no such vector PM
Note: Starting true gmin stepping
Trying gmin =   1.0000E-03 Note: One successful gmin step
Trying gmin =   1.0000E-04 Note: One successful gmin step
Trying gmin =   1.0000E-05 Note: One successful gmin step
Trying gmin =   1.0000E-06 Note: One successful gmin step
Trying gmin =   1.0000E-07 Warning: Further gmin increment
Trying gmin =   5.6234E-07 Note: One successful gmin step
Trying gmin =   2.3714E-07 Warning: Further gmin increment
Trying gmin =   4.5316E-07 Warning: Further gmin increment
Trying gmin =   5.3280E-07 Note: One successful gmin step
Trying gmin =   4.9137E-07 Warning: Further gmin increment
Trying gmin =   5.2212E-07 Note: One successful gmin step
Trying gmin =   5.0651E-07 Note: One successful gmin step
Trying gmin =   4.9888E-07 Note: One successful gmin step
Trying gmin =   4.8765E-07 Note: One successful gmin step
Trying gmin =   4.7128E-07 Note: One successful gmin step
Trying gmin =   4.4775E-07 Note: One successful gmin step
Trying gmin =   4.1463E-07 Note: One successful gmin step
Trying gmin =   3.6949E-07 Note: One successful gmin step
Trying gmin =   3.1083E-07 Note: One successful gmin step
Trying gmin =   2.3982E-07 Note: One successful gmin step
Trying gmin =   1.6254E-07 Note: One successful gmin step
Trying gmin =   9.0686E-08 Note: One successful gmin step
Trying gmin =   3.7794E-08 Warning: Further gmin increment
Trying gmin =   7.2864E-08 Note: One successful gmin step
Trying gmin =   5.2477E-08 Warning: Further gmin increment
Trying gmin =   6.7124E-08 Note: One successful gmin step
Trying gmin =   5.9350E-08 Note: One successful gmin step
Trying gmin =   4.9345E-08 Warning: Further gmin increment
Trying gmin =   5.6673E-08 Warning: Further gmin increment
Trying gmin =   5.8669E-08 Note: One successful gmin step
Trying gmin =   5.7663E-08 Warning: Further gmin increment
Trying gmin =   5.8416E-08 Warning: Further gmin increment
Trying gmin =   5.8606E-08 Note: One successful gmin step
Trying gmin =   5.8511E-08 Note: One successful gmin step
Trying gmin =   5.8369E-08 Warning: Further gmin increment
Trying gmin =   5.8475E-08 Note: One successful gmin step
Trying gmin =   5.8422E-08 Warning: Further gmin increment
Trying gmin =   5.8462E-08 Warning: Further gmin increment
Trying gmin =   5.8472E-08 Note: One successful gmin step
Trying gmin =   5.8467E-08 Note: One successful gmin step
Trying gmin =   5.8459E-08 Warning: Further gmin increment
Trying gmin =   5.8465E-08 Note: One successful gmin step
Trying gmin =   5.8462E-08 Warning: Last gmin step failed
Warning: True gmin stepping failed
Note: Starting dynamic gmin stepping
Trying gmin =   1.0000E-03 Note: One successful gmin step
Trying gmin =   1.0000E-04 Note: One successful gmin step
Trying gmin =   1.0000E-05 Note: One successful gmin step
Trying gmin =   1.0000E-06 Note: One successful gmin step
Trying gmin =   1.0000E-07 Warning: Further gmin increment
Trying gmin =   5.6234E-07 Note: One successful gmin step
Trying gmin =   2.3714E-07 Warning: Further gmin increment
Trying gmin =   4.5316E-07 Note: One successful gmin step
Trying gmin =   3.2781E-07 Note: One successful gmin step
Trying gmin =   2.0169E-07 Warning: Further gmin increment
Trying gmin =   2.9033E-07 Note: One successful gmin step
Trying gmin =   2.4199E-07 Warning: Further gmin increment
Trying gmin =   2.7741E-07 Warning: Further gmin increment
Trying gmin =   2.8704E-07 Note: One successful gmin step
Trying gmin =   2.8218E-07 Note: One successful gmin step
Trying gmin =   2.7505E-07 Warning: Further gmin increment
Trying gmin =   2.8038E-07 Note: One successful gmin step
Trying gmin =   2.7770E-07 Warning: Further gmin increment
Trying gmin =   2.7971E-07 Note: One successful gmin step
Trying gmin =   2.7870E-07 Note: One successful gmin step
Trying gmin =   2.7720E-07 Warning: Further gmin increment
Trying gmin =   2.7833E-07 Note: One successful gmin step
Trying gmin =   2.7776E-07 Warning: Further gmin increment
Trying gmin =   2.7819E-07 Note: One successful gmin step
Trying gmin =   2.7798E-07 Note: One successful gmin step
Trying gmin =   2.7766E-07 Warning: Further gmin increment
Trying gmin =   2.7790E-07 Note: One successful gmin step
Trying gmin =   2.7778E-07 Warning: Further gmin increment
Trying gmin =   2.7787E-07 Warning: Further gmin increment
Trying gmin =   2.7789E-07 Note: One successful gmin step
Trying gmin =   2.7788E-07 Note: One successful gmin step
Trying gmin =   2.7786E-07 Warning: Further gmin increment
Trying gmin =   2.7787E-07 Warning: Last gmin step failed
Warning: Dynamic gmin stepping failed
Note: Starting source stepping
Supplies reduced to   0.0000% Note: One successful source step
Supplies reduced to   0.1000% Note: One successful source step
Supplies reduced to   0.2000% Note: One successful source step
Supplies reduced to   0.3500% Note: One successful source step
Supplies reduced to   0.5750% Note: One successful source step
Supplies reduced to   0.9125% Note: One successful source step
Supplies reduced to   1.4188% Note: One successful source step
Supplies reduced to   2.1781% Note: One successful source step
Supplies reduced to   3.3172% Note: One successful source step
Supplies reduced to   5.0258% Note: One successful source step
Supplies reduced to   7.5887% Note: One successful source step
Supplies reduced to  11.4330% Note: One successful source step
Supplies reduced to  17.1995% Note: One successful source step
Supplies reduced to  25.8493% Note: One successful source step
Supplies reduced to  38.8239% Note: One successful source step
Supplies reduced to  58.2859% Note: One successful source step
Supplies reduced to  77.7478% Supplies reduced to  58.2859% Note: One successful source step
Supplies reduced to  59.2859% Note: One successful source step
Supplies reduced to  60.7859% Note: One successful source step
Supplies reduced to  63.0359% Note: One successful source step
Supplies reduced to  66.4109% Note: One successful source step
Supplies reduced to  71.4734% Note: One successful source step
Supplies reduced to  79.0671% Note: One successful source step
Supplies reduced to  90.4577% Supplies reduced to  79.0671% Note: One successful source step
Supplies reduced to  80.0671% Note: One successful source step
Supplies reduced to  81.5671% Note: One successful source step
Supplies reduced to  83.8171% Note: One successful source step
Supplies reduced to  87.1921% Note: One successful source step
Supplies reduced to  92.2546% Supplies reduced to  87.1921% Note: One successful source step
Supplies reduced to  87.9515% Note: One successful source step
Supplies reduced to  89.0905% Note: One successful source step
Supplies reduced to  90.7991% Note: One successful source step
Supplies reduced to  93.3620% Note: One successful source step
Supplies reduced to  97.2064% Note: One successful source step
Supplies reduced to 100.0000% Note: One successful source step
Note: Source stepping completed
 Reference value :  1.00000e+00Note: No ".plot", ".print", or ".fourier" lines; no simulations run

Error: measure  pm  (AT) : out of interval
 meas ac pm find p when vdb(ldo_out)=0 failed!

Doing analysis at TEMP = 0.000000 and TNOM = 27.000000


No. of Data Rows : 91
psrr100             =  -5.438407e+01
psrr100k            =  -2.801829e+01
