Note: Starting true gmin stepping
Trying gmin =   1.0000E-03 Note: One successful gmin step
Trying gmin =   1.0000E-04 Note: One successful gmin step
Trying gmin =   1.0000E-05 Note: One successful gmin step
Trying gmin =   3.1623E-06 Note: One successful gmin step
Trying gmin =   5.6234E-07 Note: One successful gmin step
Trying gmin =   5.6234E-08 Warning: Further gmin increment
Trying gmin =   3.1623E-07 Warning: Further gmin increment
Trying gmin =   4.8697E-07 Note: One successful gmin step
Trying gmin =   3.9242E-07 Note: One successful gmin step
Trying gmin =   2.8387E-07 Warning: Further gmin increment
Trying gmin =   3.6190E-07 Note: One successful gmin step
Trying gmin =   3.2052E-07 Warning: Further gmin increment
Trying gmin =   3.5108E-07 Note: One successful gmin step
Trying gmin =   3.3546E-07 Note: One successful gmin step
Trying gmin =   3.1331E-07 Warning: Further gmin increment
Trying gmin =   3.2978E-07 Note: One successful gmin step
Trying gmin =   3.2144E-07 Warning: Further gmin increment
Trying gmin =   3.2767E-07 Note: One successful gmin step
Trying gmin =   3.2454E-07 Note: One successful gmin step
Trying gmin =   3.1990E-07 Warning: Further gmin increment
Trying gmin =   3.2337E-07 Warning: Further gmin increment
Trying gmin =   3.2425E-07 Note: One successful gmin step
Trying gmin =   3.2381E-07 Note: One successful gmin step
Trying gmin =   3.2315E-07 Warning: Further gmin increment
Trying gmin =   3.2365E-07 Note: One successful gmin step
Trying gmin =   3.2340E-07 Warning: Further gmin increment
Trying gmin =   3.2358E-07 Warning: Further gmin increment
Trying gmin =   3.2363E-07 Note: One successful gmin step
Trying gmin =   3.2361E-07 Warning: Further gmin increment
Trying gmin =   3.2362E-07 Note: One successful gmin step
Trying gmin =   3.2362E-07 Warning: Last gmin step failed
Warning: True gmin stepping failed
Note: Starting dynamic gmin stepping
Trying gmin =   1.0000E-03 Note: One successful gmin step
Trying gmin =   1.0000E-04 Note: One successful gmin step
Trying gmin =   1.0000E-05 Note: One successful gmin step
Trying gmin =   1.0000E-06 Note: One successful gmin step
Trying gmin =   1.0000E-07 Warning: Further gmin increment
Trying gmin =   5.6234E-07 Note: One successful gmin step
Trying gmin =   4.2170E-07 Note: One successful gmin step
Trying gmin =   2.7384E-07 Note: One successful gmin step
Trying gmin =   1.4330E-07 Note: One successful gmin step
Trying gmin =   5.4247E-08 Note: One successful gmin step
Trying gmin =   1.2635E-08 Note: One successful gmin step
Trying gmin =   1.4202E-09 Note: One successful gmin step
Trying gmin =   1.4202E-10 Note: One successful gmin step
Trying gmin =   1.4202E-11 Note: One successful gmin step
Trying gmin =   1.4202E-12 Note: One successful gmin step
Trying gmin =   1.0000E-12 Note: One successful gmin step
Note: Dynamic gmin stepping completed
 Reference value :  8.50000e+01Note: Starting true gmin stepping
Trying gmin =   1.0000E-03 Note: One successful gmin step
Trying gmin =   1.0000E-04 Note: One successful gmin step
Trying gmin =   1.0000E-05 Note: One successful gmin step
Trying gmin =   1.0000E-06 Warning: Further gmin increment
Trying gmin =   5.6234E-06 Note: One successful gmin step
Trying gmin =   2.3714E-06 Note: One successful gmin step
Trying gmin =   6.4938E-07 Warning: Further gmin increment
Trying gmin =   1.7154E-06 Warning: Further gmin increment
Trying gmin =   2.1870E-06 Warning: Further gmin increment
Trying gmin =   2.3239E-06 Note: One successful gmin step
Trying gmin =   2.2544E-06 Note: One successful gmin step
Trying gmin =   2.1540E-06 Note: One successful gmin step
Trying gmin =   2.0118E-06 Note: One successful gmin step
Trying gmin =   1.8159E-06 Note: One successful gmin step
Trying gmin =   1.5572E-06 Note: One successful gmin step
Trying gmin =   1.2366E-06 Note: One successful gmin step
Trying gmin =   8.7512E-07 Note: One successful gmin step
Trying gmin =   5.2097E-07 Note: One successful gmin step
Trying gmin =   2.3930E-07 Warning: Further gmin increment
Trying gmin =   4.2889E-07 Note: One successful gmin step
Trying gmin =   3.2036E-07 Note: One successful gmin step
Trying gmin =   2.0682E-07 Warning: Further gmin increment
Trying gmin =   2.8716E-07 Note: One successful gmin step
Trying gmin =   2.4370E-07 Note: One successful gmin step
Trying gmin =   1.9052E-07 Note: One successful gmin step
Trying gmin =   1.3170E-07 Note: One successful gmin step
Trying gmin =   7.5691E-08 Note: One successful gmin step
Trying gmin =   3.2978E-08 Note: One successful gmin step
Trying gmin =   9.4844E-09 Note: One successful gmin step
Trying gmin =   1.4628E-09 Note: One successful gmin step
Trying gmin =   1.4628E-10 Note: One successful gmin step
Trying gmin =   1.4628E-11 Note: One successful gmin step
Trying gmin =   1.4628E-12 Note: One successful gmin step
Trying gmin =   1.0000E-12 Note: One successful gmin step
Note: True gmin stepping completed
 Reference value :  2.80000e+00Note: Starting true gmin stepping
Trying gmin =   1.0000E-03 Note: One successful gmin step
Trying gmin =   1.0000E-04 Note: One successful gmin step
Trying gmin =   1.0000E-05 Note: One successful gmin step
Trying gmin =   1.0000E-06 Note: One successful gmin step
Trying gmin =   1.0000E-07 Note: One successful gmin step
Trying gmin =   1.0000E-08 Note: One successful gmin step
Trying gmin =   1.0000E-09 Warning: Further gmin increment
Trying gmin =   5.6234E-09 Note: One successful gmin step
Trying gmin =   2.3714E-09 Note: One successful gmin step
Trying gmin =   6.4938E-10 Warning: Further gmin increment
Trying gmin =   1.7154E-09 Note: One successful gmin step
Trying gmin =   1.0554E-09 Note: One successful gmin step
Trying gmin =   5.0937E-10 Note: One successful gmin step
Trying gmin =   1.7077E-10 Note: One successful gmin step
Trying gmin =   3.3152E-11 Note: One successful gmin step
Trying gmin =   3.3152E-12 Note: One successful gmin step
Trying gmin =   1.0000E-12 Note: One successful gmin step
Note: True gmin stepping completed
Note: Starting true gmin stepping
Trying gmin =   1.0000E-03 Note: One successful gmin step
Trying gmin =   1.0000E-04 Note: One successful gmin step
Trying gmin =   1.0000E-05 Note: One successful gmin step
Trying gmin =   1.0000E-06 Note: One successful gmin step
Trying gmin =   1.0000E-07 Note: One successful gmin step
Trying gmin =   1.0000E-08 Note: One successful gmin step
Trying gmin =   3.1623E-09 Note: One successful gmin step
Trying gmin =   5.6234E-10 Warning: Further gmin increment
Trying gmin =   2.0535E-09 Note: One successful gmin step
Trying gmin =   1.0746E-09 Warning: Further gmin increment
Trying gmin =   1.7466E-09 Note: One successful gmin step
Trying gmin =   1.3700E-09 Note: One successful gmin step
Trying gmin =   9.5173E-10 Note: One successful gmin step
Trying gmin =   5.5108E-10 Note: One successful gmin step
Trying gmin =   2.4280E-10 Warning: Further gmin increment
Trying gmin =   4.4897E-10 Warning: Further gmin increment
Trying gmin =   5.2356E-10 Note: One successful gmin step
Trying gmin =   4.8483E-10 Note: One successful gmin step
Trying gmin =   4.4897E-10 Note: One successful gmin step
Trying gmin =   4.0010E-10 Note: One successful gmin step
Trying gmin =   3.3657E-10 Note: One successful gmin step
Trying gmin =   2.5969E-10 Note: One successful gmin step
Trying gmin =   1.7600E-10 Note: One successful gmin step
Trying gmin =   9.8198E-11 Note: One successful gmin step
Trying gmin =   4.0925E-11 Note: One successful gmin step
Trying gmin =   1.1011E-11 Note: One successful gmin step
Trying gmin =   1.5366E-12 Note: One successful gmin step
Trying gmin =   1.0000E-12 Note: One successful gmin step
Note: True gmin stepping completed
 Reference value :  1.34000e+00
No compatibility mode selected!


Circuit: * ldo netlist 

Doing analysis at TEMP = 0.000000 and TNOM = 27.000000


No. of Data Rows : 86
temp_coeff = 5.795655e+01
Doing analysis at TEMP = 0.000000 and TNOM = 27.000000


No. of Data Rows : 141
vldo_sup_2          =  1.807861e+00
vldo_sup_2_8        =  1.806866e+00
line_reg = 1.243750e-03
Note: Starting true gmin stepping
Trying gmin =   1.0000E-03 Note: One successful gmin step
Trying gmin =   1.0000E-04 Note: One successful gmin step
Trying gmin =   1.0000E-05 Note: One successful gmin step
Trying gmin =   1.0000E-06 Note: One successful gmin step
Trying gmin =   1.0000E-07 Warning: Further gmin increment
Trying gmin =   5.6234E-07 Note: One successful gmin step
Trying gmin =   2.3714E-07 Warning: Further gmin increment
Trying gmin =   4.5316E-07 Note: One successful gmin step
Trying gmin =   3.2781E-07 Note: One successful gmin step
Trying gmin =   2.0169E-07 Warning: Further gmin increment
Trying gmin =   2.9033E-07 Note: One successful gmin step
Trying gmin =   2.4199E-07 Note: One successful gmin step
Trying gmin =   1.8414E-07 Warning: Further gmin increment
Trying gmin =   2.2601E-07 Warning: Further gmin increment
Trying gmin =   2.3789E-07 Warning: Further gmin increment
Trying gmin =   2.4095E-07 Note: One successful gmin step
Trying gmin =   2.3942E-07 Note: One successful gmin step
Trying gmin =   2.3713E-07 Warning: Further gmin increment
Trying gmin =   2.3884E-07 Note: One successful gmin step
Trying gmin =   2.3798E-07 Warning: Further gmin increment
Trying gmin =   2.3863E-07 Warning: Further gmin increment
Trying gmin =   2.3879E-07 Note: One successful gmin step
Trying gmin =   2.3871E-07 Warning: Further gmin increment
Trying gmin =   2.3877E-07 Note: One successful gmin step
Trying gmin =   2.3874E-07 Note: One successful gmin step
Trying gmin =   2.3869E-07 Warning: Further gmin increment
Trying gmin =   2.3873E-07 Note: One successful gmin step
Trying gmin =   2.3871E-07 Note: One successful gmin step
Trying gmin =   2.3868E-07 Warning: Further gmin increment
Trying gmin =   2.3870E-07 Warning: Last gmin step failed
Warning: True gmin stepping failed
Note: Starting dynamic gmin stepping
Trying gmin =   1.0000E-03 Note: One successful gmin step
Trying gmin =   1.0000E-04 Note: One successful gmin step
Trying gmin =   1.0000E-05 Note: One successful gmin step
Trying gmin =   1.0000E-06 Note: One successful gmin step
Trying gmin =   1.0000E-07 Warning: Further gmin increment
Trying gmin =   5.6234E-07 Note: One successful gmin step
Trying gmin =   2.3714E-07 Warning: Further gmin increment
Trying gmin =   4.5316E-07 Note: One successful gmin step
Trying gmin =   3.2781E-07 Note: One successful gmin step
Trying gmin =   2.0169E-07 Warning: Further gmin increment
Trying gmin =   2.9033E-07 Note: One successful gmin step
Trying gmin =   2.4199E-07 Warning: Further gmin increment
Trying gmin =   2.7741E-07 Note: One successful gmin step
Trying gmin =   2.5909E-07 Note: One successful gmin step
Trying gmin =   2.3386E-07 Warning: Further gmin increment
Trying gmin =   2.5254E-07 Note: One successful gmin step
Trying gmin =   2.4302E-07 Warning: Further gmin increment
Trying gmin =   2.5013E-07 Note: One successful gmin step
Trying gmin =   2.4655E-07 Warning: Further gmin increment
Trying gmin =   2.4923E-07 Note: One successful gmin step
Trying gmin =   2.4788E-07 Note: One successful gmin step
Trying gmin =   2.4588E-07 Warning: Further gmin increment
Trying gmin =   2.4738E-07 Note: One successful gmin step
Trying gmin =   2.4663E-07 Warning: Further gmin increment
Trying gmin =   2.4719E-07 Note: One successful gmin step
Trying gmin =   2.4691E-07 Note: One successful gmin step
Trying gmin =   2.4649E-07 Warning: Further gmin increment
Trying gmin =   2.4681E-07 Warning: Further gmin increment
Trying gmin =   2.4689E-07 Warning: Further gmin increment
Trying gmin =   2.4691E-07 Note: One successful gmin step
Trying gmin =   2.4690E-07 Note: One successful gmin step
Trying gmin =   2.4688E-07 Warning: Further gmin increment
Trying gmin =   2.4689E-07 Warning: Last gmin step failed
Warning: Dynamic gmin stepping failed
Note: Starting source stepping
Supplies reduced to   0.0000% Note: One successful source step
Supplies reduced to   0.1000% Note: One successful source step
Supplies reduced to   0.2000% Note: One successful source step
Supplies reduced to   0.3500% Note: One successful source step
Supplies reduced to   0.5750% Note: One successful source step
Supplies reduced to   0.9125% Note: One successful source step
Supplies reduced to   1.4188% Note: One successful source step
Supplies reduced to   2.1781% Note: One successful source step
Supplies reduced to   3.3172% Note: One successful source step
Supplies reduced to   5.0258% Note: One successful source step
Supplies reduced to   7.5887% Note: One successful source step
Supplies reduced to  11.4330% Note: One successful source step
Supplies reduced to  17.1995% Note: One successful source step
Supplies reduced to  25.8493% Note: One successful source step
Supplies reduced to  38.8239% Supplies reduced to  25.8493% Note: One successful source step
Supplies reduced to  26.8493% Note: One successful source step
Supplies reduced to  28.3493% Note: One successful source step
Supplies reduced to  30.5993% Note: One successful source step
Supplies reduced to  33.9743% Note: One successful source step
Supplies reduced to  39.0368% Note: One successful source step
Supplies reduced to  46.6305% Note: One successful source step
Supplies reduced to  54.2243% Supplies reduced to  46.6305% Note: One successful source step
Supplies reduced to  47.3899% Note: One successful source step
Supplies reduced to  48.5290% Note: One successful source step
Supplies reduced to  50.2375% Note: One successful source step
Supplies reduced to  51.9461% Note: One successful source step
Supplies reduced to  54.5090% Note: One successful source step
Supplies reduced to  58.3534% Note: One successful source step
Supplies reduced to  64.1199% Note: One successful source step
Supplies reduced to  72.7696% Note: One successful source step
Supplies reduced to  85.7443% Note: One successful source step
Supplies reduced to 100.0000% Supplies reduced to  85.7443% Note: One successful source step
Supplies reduced to  86.7443% Note: One successful source step
Supplies reduced to  88.2443% Note: One successful source step
Supplies reduced to  90.4943% Note: One successful source step
Supplies reduced to  93.8693% Supplies reduced to  90.4943% Note: One successful source step
Supplies reduced to  91.0005% Note: One successful source step
Supplies reduced to  91.7599% Note: One successful source step
Supplies reduced to  92.8990% Supplies reduced to  91.7599% Note: One successful source step
Supplies reduced to  91.9307% Note: One successful source step
Supplies reduced to  92.1870% Note: One successful source step
Supplies reduced to  92.5715% Note: One successful source step
Supplies reduced to  93.1481% Supplies reduced to  92.5715% Note: One successful source step
Supplies reduced to  92.6580% Note: One successful source step
Supplies reduced to  92.7877% Note: One successful source step
Supplies reduced to  92.9823% Supplies reduced to  92.7877% Note: One successful source step
Supplies reduced to  92.8169% Note: One successful source step
Supplies reduced to  92.8607% Note: One successful source step
Supplies reduced to  92.9264% Supplies reduced to  92.8607% Note: One successful source step
Supplies reduced to  92.8705% Note: One successful source step
Supplies reduced to  92.8853% Supplies reduced to  92.8705% Note: One successful source step
Supplies reduced to  92.8728% Note: One successful source step
Supplies reduced to  92.8761% Note: One successful source step
Supplies reduced to  92.8811% Supplies reduced to  92.8761% Note: One successful source step
Supplies reduced to  92.8768% Note: One successful source step
Supplies reduced to  92.8780% Note: One successful source step
Supplies reduced to  92.8796% Note: One successful source step
Supplies reduced to  92.8822% Supplies reduced to  92.8796% Note: One successful source step
Supplies reduced to  92.8800% Supplies reduced to  92.8796% Note: One successful source step
Supplies reduced to  92.8797% Note: One successful source step
Supplies reduced to  92.8798% Note: One successful source step
Supplies reduced to  92.8799% Supplies reduced to  92.8798% Note: One successful source step
Supplies reduced to  92.8798% Note: One successful source step
Supplies reduced to  92.8798% Note: One successful source step
Supplies reduced to  92.8799% Note: One successful source step
Supplies reduced to  92.8799% Warning: source stepping failed
doAnalyses: Too many iterations without convergence

ac simulation(s) aborted
Segmentation fault
