Note: Starting true gmin stepping
Trying gmin =   1.0000E-03 Note: One successful gmin step
Trying gmin =   1.0000E-04 Note: One successful gmin step
Trying gmin =   1.0000E-05 Note: One successful gmin step
Trying gmin =   1.0000E-06 Note: One successful gmin step
Trying gmin =   1.0000E-07 Note: One successful gmin step
Trying gmin =   1.0000E-08 Warning: Further gmin increment
Trying gmin =   5.6234E-08 Note: One successful gmin step
Trying gmin =   2.3714E-08 Note: One successful gmin step
Trying gmin =   1.0000E-08 Note: One successful gmin step
Trying gmin =   2.7384E-09 Warning: Further gmin increment
Trying gmin =   7.2339E-09 Note: One successful gmin step
Trying gmin =   4.4508E-09 Warning: Further gmin increment
Trying gmin =   6.4068E-09 Note: One successful gmin step
Trying gmin =   5.3400E-09 Warning: Further gmin increment
Trying gmin =   6.1216E-09 Note: One successful gmin step
Trying gmin =   5.7174E-09 Note: One successful gmin step
Trying gmin =   5.1607E-09 Warning: Further gmin increment
Trying gmin =   5.5729E-09 Note: One successful gmin step
Trying gmin =   5.3628E-09 Warning: Further gmin increment
Trying gmin =   5.5196E-09 Note: One successful gmin step
Trying gmin =   5.4406E-09 Warning: Further gmin increment
Trying gmin =   5.4997E-09 Note: One successful gmin step
Trying gmin =   5.4701E-09 Warning: Further gmin increment
Trying gmin =   5.4923E-09 Note: One successful gmin step
Trying gmin =   5.4812E-09 Note: One successful gmin step
Trying gmin =   5.4646E-09 Warning: Further gmin increment
Trying gmin =   5.4770E-09 Note: One successful gmin step
Trying gmin =   5.4708E-09 Warning: Further gmin increment
Trying gmin =   5.4755E-09 Note: One successful gmin step
Trying gmin =   5.4731E-09 Note: One successful gmin step
Trying gmin =   5.4696E-09 Warning: Further gmin increment
Trying gmin =   5.4723E-09 Note: One successful gmin step
Trying gmin =   5.4710E-09 Warning: Further gmin increment
Trying gmin =   5.4719E-09 Note: One successful gmin step
Trying gmin =   5.4714E-09 Note: One successful gmin step
Trying gmin =   5.4707E-09 Warning: Further gmin increment
Trying gmin =   5.4713E-09 Note: One successful gmin step
Trying gmin =   5.4710E-09 Note: One successful gmin step
Trying gmin =   5.4706E-09 Warning: Further gmin increment
Trying gmin =   5.4709E-09 Warning: Last gmin step failed
Warning: True gmin stepping failed
Note: Starting dynamic gmin stepping
Trying gmin =   1.0000E-03 Note: One successful gmin step
Trying gmin =   1.0000E-04 Note: One successful gmin step
Trying gmin =   1.0000E-05 Note: One successful gmin step
Trying gmin =   1.0000E-06 Note: One successful gmin step
Trying gmin =   1.0000E-07 Warning: Further gmin increment
Trying gmin =   5.6234E-07 Note: One successful gmin step
Trying gmin =   2.3714E-07 Note: One successful gmin step
Trying gmin =   6.4938E-08 Warning: Further gmin increment
Trying gmin =   1.7154E-07 Note: One successful gmin step
Trying gmin =   1.0554E-07 Warning: Further gmin increment
Trying gmin =   1.5193E-07 Note: One successful gmin step
Trying gmin =   1.2663E-07 Warning: Further gmin increment
Trying gmin =   1.4517E-07 Note: One successful gmin step
Trying gmin =   1.3558E-07 Warning: Further gmin increment
Trying gmin =   1.4271E-07 Note: One successful gmin step
Trying gmin =   1.3910E-07 Warning: Further gmin increment
Trying gmin =   1.4180E-07 Note: One successful gmin step
Trying gmin =   1.4044E-07 Note: One successful gmin step
Trying gmin =   1.3843E-07 Warning: Further gmin increment
Trying gmin =   1.3994E-07 Warning: Further gmin increment
Trying gmin =   1.4032E-07 Warning: Further gmin increment
Trying gmin =   1.4041E-07 Warning: Further gmin increment
Trying gmin =   1.4043E-07 Note: One successful gmin step
Trying gmin =   1.4042E-07 Note: One successful gmin step
Trying gmin =   1.4040E-07 Warning: Further gmin increment
Trying gmin =   1.4042E-07 Warning: Last gmin step failed
Warning: Dynamic gmin stepping failed
Note: Starting source stepping
Supplies reduced to   0.0000% Note: One successful source step
Supplies reduced to   0.1000% Note: One successful source step
Supplies reduced to   0.2000% Note: One successful source step
Supplies reduced to   0.3500% Note: One successful source step
Supplies reduced to   0.5750% Note: One successful source step
Supplies reduced to   0.9125% Note: One successful source step
Supplies reduced to   1.4188% Note: One successful source step
Supplies reduced to   2.1781% Note: One successful source step
Supplies reduced to   3.3172% Supplies reduced to   2.1781% Note: One successful source step
Supplies reduced to   2.3490% Note: One successful source step
Supplies reduced to   2.6053% Note: One successful source step
Supplies reduced to   2.9897% Note: One successful source step
Supplies reduced to   3.5664% Note: One successful source step
Supplies reduced to   4.4313% Note: One successful source step
Supplies reduced to   5.7288% Note: One successful source step
Supplies reduced to   7.6750% Note: One successful source step
Supplies reduced to  10.5943% Note: One successful source step
Supplies reduced to  14.9732% Note: One successful source step
Supplies reduced to  21.5416% Note: One successful source step
Supplies reduced to  31.3942% Note: One successful source step
Supplies reduced to  46.1732% Note: One successful source step
Supplies reduced to  68.3415% Note: One successful source step
Supplies reduced to  79.4257% Note: One successful source step
Supplies reduced to  90.5099% Note: One successful source step
Supplies reduced to 100.0000% Supplies reduced to  90.5099% Note: One successful source step
Supplies reduced to  91.5099% Note: One successful source step
Supplies reduced to  93.0099% Note: One successful source step
Supplies reduced to  95.2599% Note: One successful source step
Supplies reduced to  98.6349% Note: One successful source step
Supplies reduced to 100.0000% Note: One successful source step
Note: Source stepping completed
 Reference value :  0.00000e+00
No compatibility mode selected!


Circuit: * ldo netlist 

Doing analysis at TEMP = 0.000000 and TNOM = 27.000000


No. of Data Rows : 1
bg_out = 1.196979e+00
inn = 1.268674e+00
inp = 1.268611e+00
l1#branch = 0.000000e+00
ldo_out = 1.800951e+00
m.xm1.msky130_fd_pr__nfet_g5v0d10v5#body = 1.290720e-11
m.xm1.msky130_fd_pr__nfet_g5v0d10v5#dbody = 2.576010e-11
m.xm1.msky130_fd_pr__nfet_g5v0d10v5#sbody = 1.296152e-11
m.xm2.msky130_fd_pr__pfet_g5v0d10v5#body = 2.100000e+00
m.xm2.msky130_fd_pr__pfet_g5v0d10v5#dbody = 2.100000e+00
m.xm2.msky130_fd_pr__pfet_g5v0d10v5#sbody = 2.100000e+00
m.xm3.msky130_fd_pr__pfet_g5v0d10v5#body = 2.100000e+00
m.xm3.msky130_fd_pr__pfet_g5v0d10v5#dbody = 2.100000e+00
m.xm3.msky130_fd_pr__pfet_g5v0d10v5#sbody = 2.100000e+00
m.xm4.msky130_fd_pr__pfet_g5v0d10v5#body = 2.100000e+00
m.xm4.msky130_fd_pr__pfet_g5v0d10v5#dbody = 2.100000e+00
m.xm4.msky130_fd_pr__pfet_g5v0d10v5#sbody = 2.100000e+00
m.xm5.msky130_fd_pr__pfet_g5v0d10v5#body = 2.100000e+00
m.xm5.msky130_fd_pr__pfet_g5v0d10v5#dbody = 2.100000e+00
m.xm5.msky130_fd_pr__pfet_g5v0d10v5#sbody = 2.100000e+00
m.xm6.msky130_fd_pr__nfet_g5v0d10v5#body = 1.251793e-11
m.xm6.msky130_fd_pr__nfet_g5v0d10v5#dbody = 3.129482e-11
m.xm6.msky130_fd_pr__nfet_g5v0d10v5#sbody = 6.258971e-12
m.xm7.msky130_fd_pr__pfet_g5v0d10v5#body = 2.100000e+00
m.xm7.msky130_fd_pr__pfet_g5v0d10v5#dbody = 2.100000e+00
m.xm7.msky130_fd_pr__pfet_g5v0d10v5#sbody = 2.100000e+00
m.xm8.msky130_fd_pr__pfet_g5v0d10v5#body = 2.100000e+00
m.xm8.msky130_fd_pr__pfet_g5v0d10v5#dbody = 2.100000e+00
m.xm8.msky130_fd_pr__pfet_g5v0d10v5#sbody = 2.100000e+00
m.xm9.msky130_fd_pr__nfet_g5v0d10v5#body = 1.327412e-11
m.xm9.msky130_fd_pr__nfet_g5v0d10v5#dbody = 2.830355e-11
m.xm9.msky130_fd_pr__nfet_g5v0d10v5#sbody = 1.151880e-11
m.xm10.msky130_fd_pr__nfet_g5v0d10v5#body = 1.321516e-11
m.xm10.msky130_fd_pr__nfet_g5v0d10v5#dbody = 2.815616e-11
m.xm10.msky130_fd_pr__nfet_g5v0d10v5#sbody = 1.148932e-11
m.xm11.msky130_fd_pr__pfet_g5v0d10v5#body = 2.100000e+00
m.xm11.msky130_fd_pr__pfet_g5v0d10v5#dbody = 2.100000e+00
m.xm11.msky130_fd_pr__pfet_g5v0d10v5#sbody = 2.100000e+00
m.xm12.msky130_fd_pr__pfet_g5v0d10v5#body = 2.100000e+00
m.xm12.msky130_fd_pr__pfet_g5v0d10v5#dbody = 2.100000e+00
m.xm12.msky130_fd_pr__pfet_g5v0d10v5#sbody = 2.100000e+00
m.xm13.msky130_fd_pr__nfet_g5v0d10v5#body = 2.440852e-12
m.xm13.msky130_fd_pr__nfet_g5v0d10v5#dbody = 6.102119e-12
m.xm13.msky130_fd_pr__nfet_g5v0d10v5#sbody = 1.220436e-12
m.xm14.msky130_fd_pr__pfet_g5v0d10v5#body = 2.100000e+00
m.xm14.msky130_fd_pr__pfet_g5v0d10v5#dbody = 2.100000e+00
m.xm14.msky130_fd_pr__pfet_g5v0d10v5#sbody = 2.100000e+00
m.xm15.msky130_fd_pr__nfet_g5v0d10v5#body = 2.278112e-18
m.xm15.msky130_fd_pr__nfet_g5v0d10v5#dbody = 5.695170e-18
m.xm15.msky130_fd_pr__nfet_g5v0d10v5#sbody = 1.139165e-18
m.xm16.msky130_fd_pr__nfet_g5v0d10v5#body = 4.210855e-11
m.xm16.msky130_fd_pr__nfet_g5v0d10v5#dbody = 7.355439e-11
m.xm16.msky130_fd_pr__nfet_g5v0d10v5#sbody = 5.277125e-11
m.xm17.msky130_fd_pr__pfet_g5v0d10v5#body = 2.100000e+00
m.xm17.msky130_fd_pr__pfet_g5v0d10v5#dbody = 2.100000e+00
m.xm17.msky130_fd_pr__pfet_g5v0d10v5#sbody = 2.100000e+00
m.xm18.msky130_fd_pr__nfet_g5v0d10v5#body = 4.424463e-12
m.xm18.msky130_fd_pr__nfet_g5v0d10v5#dbody = 1.106115e-11
m.xm18.msky130_fd_pr__nfet_g5v0d10v5#sbody = 2.212243e-12
m.xm19.msky130_fd_pr__nfet_g5v0d10v5#body = 1.298327e-11
m.xm19.msky130_fd_pr__nfet_g5v0d10v5#dbody = 2.595026e-11
m.xm19.msky130_fd_pr__nfet_g5v0d10v5#sbody = 1.299955e-11
m.xm20.msky130_fd_pr__nfet_g5v0d10v5#body = 1.309317e-11
m.xm20.msky130_fd_pr__nfet_g5v0d10v5#dbody = 3.273291e-11
m.xm20.msky130_fd_pr__nfet_g5v0d10v5#sbody = 6.546596e-12
m.xm22.msky130_fd_pr__nfet_g5v0d10v5#body = 3.253993e-12
m.xm22.msky130_fd_pr__nfet_g5v0d10v5#dbody = 8.134977e-12
m.xm22.msky130_fd_pr__nfet_g5v0d10v5#sbody = 1.627001e-12
m.xm24.msky130_fd_pr__pfet_g5v0d10v5#body = 2.100000e+00
m.xm24.msky130_fd_pr__pfet_g5v0d10v5#dbody = 2.100000e+00
m.xm24.msky130_fd_pr__pfet_g5v0d10v5#sbody = 2.100000e+00
m.xm26.msky130_fd_pr__pfet_g5v0d10v5#body = 2.100000e+00
m.xm26.msky130Note: Starting true gmin stepping
Trying gmin =   1.0000E-03 Note: One successful gmin step
Trying gmin =   1.0000E-04 Note: One successful gmin step
Trying gmin =   1.0000E-05 Note: One successful gmin step
Trying gmin =   1.0000E-06 Note: One successful gmin step
Trying gmin =   1.0000E-07 Note: One successful gmin step
Trying gmin =   1.0000E-08 Warning: Further gmin increment
Trying gmin =   5.6234E-08 Note: One successful gmin step
Trying gmin =   2.3714E-08 Note: One successful gmin step
Trying gmin =   1.0000E-08 Note: One successful gmin step
Trying gmin =   2.7384E-09 Note: One successful gmin step
Trying gmin =   7.4989E-10 Note: One successful gmin step
Trying gmin =   1.0746E-10 Note: One successful gmin step
Trying gmin =   1.0746E-11 Note: One successful gmin step
Trying gmin =   1.0746E-12 Note: One successful gmin step
Trying gmin =   1.0000E-12 Note: One successful gmin step
Note: True gmin stepping completed
_fd_pr__pfet_g5v0d10v5#dbody = 2.100000e+00
m.xm26.msky130_fd_pr__pfet_g5v0d10v5#sbody = 2.100000e+00
mir = 7.722552e-01
net1 = 7.757110e-01
net2 = 1.821406e-07
net3 = 8.292057e-01
net4 = 2.603117e-01
net5 = 7.783405e-01
net6 = 1.001427e+00
net7 = 8.291406e-01
net8 = 8.619399e-01
net9 = 8.666564e-01
net10 = 1.952663e-01
net11 = 3.539552e-01
net12 = 3.539552e-01
net13 = 0.000000e+00
out = 3.539552e-01
pos = 1.197031e+00
q.xq2.qsky130_fd_pr__pnp_05v5_w0p68l0p68#collcx = 1.779781e-03
q.xq3.qsky130_fd_pr__pnp_05v5_w0p68l0p68#collcx = 2.254778e-04
q.xq4.qsky130_fd_pr__pnp_05v5_w0p68l0p68#collcx = 2.254778e-04
q.xq8.qsky130_fd_pr__pnp_05v5_w0p68l0p68#collcx = 2.254778e-04
q.xq10.qsky130_fd_pr__pnp_05v5_w0p68l0p68#collcx = 2.254778e-04
q.xq12.qsky130_fd_pr__pnp_05v5_w0p68l0p68#collcx = 2.254778e-04
q.xq14.qsky130_fd_pr__pnp_05v5_w0p68l0p68#collcx = 2.254778e-04
q.xq16.qsky130_fd_pr__pnp_05v5_w0p68l0p68#collcx = 2.254778e-04
q.xq18.qsky130_fd_pr__pnp_05v5_w0p68l0p68#collcx = 2.254778e-04
vb = 1.047452e+00
vdd = 2.100000e+00
vs#branch = -1.00176e-01
vt#branch = 0.000000e+00
xc1.a = 0.000000e+00
xc1.b1 = 0.000000e+00
xc3.a = 3.539552e-01
xc3.b1 = 3.539552e-01
xr1.xsky130_fd_pr__res_xhigh_po_0p69.ra = 8.319245e-01
xr2.xsky130_fd_pr__res_xhigh_po_0p69.ra = 8.319896e-01
xr3.xsky130_fd_pr__res_xhigh_po_0p69.ra = 1.995626e-03
xr4.xsky130_fd_pr__res_xhigh_po_0p69.ra = 7.765472e-01
xr5.xsky130_fd_pr__res_xhigh_po_0p69.ra = 1.995458e-03
xr6.xsky130_fd_pr__res_xhigh_po_0p69.ra = 2.966877e-03
xr7.xsky130_fd_pr__res_xhigh_po_0p69.ra = 3.539552e-01
xr8.xsky130_fd_pr__res_xhigh_po_0p69.ra = 1.201962e+00
xr9.xsky130_fd_pr__res_xhigh_po_0p69.ra = 5.171538e-03
Doing analysis at TEMP = 0.000000 and TNOM = 27.000000


No. of Data Rows : 91
Note: Starting true gmin stepping
Trying gmin =   1.0000E-03 Note: One successful gmin step
Trying gmin =   1.0000E-04 Note: One successful gmin step
Trying gmin =   1.0000E-05 Note: One successful gmin step
Trying gmin =   1.0000E-06 Note: One successful gmin step
Trying gmin =   1.0000E-07 Note: One successful gmin step
Trying gmin =   1.0000E-08 Warning: Further gmin increment
Trying gmin =   5.6234E-08 Note: One successful gmin step
Trying gmin =   2.3714E-08 Note: One successful gmin step
Trying gmin =   1.0000E-08 Note: One successful gmin step
Trying gmin =   2.7384E-09 Note: One successful gmin step
Trying gmin =   7.4989E-10 Note: One successful gmin step
Trying gmin =   1.0746E-10 Note: One successful gmin step
Trying gmin =   1.0746E-11 Note: One successful gmin step
Trying gmin =   1.0746E-12 Note: One successful gmin step
Trying gmin =   1.0000E-12 Note: One successful gmin step
Note: True gmin stepping completed
 Reference value :  4.10000e+01Note: Starting true gmin stepping
Trying gmin =   1.0000E-03 Note: One successful gmin step
Trying gmin =   1.0000E-04 Note: One successful gmin step
Trying gmin =   1.0000E-05 Note: One successful gmin step
Trying gmin =   1.0000E-06 Note: One successful gmin step
Trying gmin =   1.0000E-07 Note: One successful gmin step
Trying gmin =   1.0000E-08 Warning: Further gmin increment
Trying gmin =   5.6234E-08 Warning: Further gmin increment
Trying gmin =   8.6596E-08 Note: One successful gmin step
Trying gmin =   6.9783E-08 Note: One successful gmin step
Trying gmin =   5.0481E-08 Warning: Further gmin increment
Trying gmin =   6.4357E-08 Warning: Further gmin increment
Trying gmin =   6.8385E-08 Note: One successful gmin step
Trying gmin =   6.6340E-08 Warning: Further gmin increment
Trying gmin =   6.7868E-08 Note: One successful gmin step
Trying gmin =   6.7100E-08 Note: One successful gmin step
Trying gmin =   6.5964E-08 Warning: Further gmin increment
Trying gmin =   6.6814E-08 Warning: Further gmin increment
Trying gmin =   6.7028E-08 Note: One successful gmin step
Trying gmin =   6.6921E-08 Warning: Further gmin increment
Trying gmin =   6.7001E-08 Note: One successful gmin step
Trying gmin =   6.6961E-08 Note: One successful gmin step
Trying gmin =   6.6901E-08 Warning: Further gmin increment
Trying gmin =   6.6946E-08 Note: One successful gmin step
Trying gmin =   6.6924E-08 Warning: Further gmin increment
Trying gmin =   6.6940E-08 Note: One successful gmin step
Trying gmin =   6.6932E-08 Note: One successful gmin step
Trying gmin =   6.6919E-08 Warning: Further gmin increment
Trying gmin =   6.6929E-08 Note: One successful gmin step
Trying gmin =   6.6924E-08 Warning: Further gmin increment
Trying gmin =   6.6928E-08 Warning: Last gmin step failed
Warning: True gmin stepping failed
Note: Starting dynamic gmin stepping
Trying gmin =   1.0000E-03 Note: One successful gmin step
Trying gmin =   1.0000E-04 Note: One successful gmin step
Trying gmin =   1.0000E-05 Note: One successful gmin step
Trying gmin =   1.0000E-06 Note: One successful gmin step
Trying gmin =   3.1623E-07 Note: One successful gmin step
Trying gmin =   5.6234E-08 Warning: Further gmin increment
Trying gmin =   2.0535E-07 Warning: Further gmin increment
Trying gmin =   2.8387E-07 Warning: Further gmin increment
Trying gmin =   3.0781E-07 Warning: Further gmin increment
Trying gmin =   3.1410E-07 Note: One successful gmin step
Trying gmin =   3.1094E-07 Warning: Further gmin increment
Trying gmin =   3.1331E-07 Note: One successful gmin step
Trying gmin =   3.1212E-07 Warning: Further gmin increment
Trying gmin =   3.1301E-07 Note: One successful gmin step
Trying gmin =   3.1257E-07 Warning: Further gmin increment
Trying gmin =   3.1290E-07 Note: One successful gmin step
Trying gmin =   3.1273E-07 Warning: Further gmin increment
Trying gmin =   3.1286E-07 Note: One successful gmin step
Trying gmin =   3.1280E-07 Warning: Further gmin increment
Trying gmin =   3.1284E-07 Note: One successful gmin step
Trying gmin =   3.1282E-07 Note: One successful gmin step
Trying gmin =   3.1278E-07 Warning: Further gmin increment
Trying gmin =   3.1281E-07 Warning: Last gmin step failed
Warning: Dynamic gmin stepping failed
Note: Starting source stepping
Supplies reduced to   0.0000% Note: One successful source step
Supplies reduced to   0.1000% Note: One successful source step
Supplies reduced to   0.2000% Note: One successful source step
Supplies reduced to   0.3500% Note: One successful source step
Supplies reduced to   0.5750% Note: One successful source step
Supplies reduced to   0.9125% Note: One successful source step
Supplies reduced to   1.4188% Note: One successful source step
Supplies reduced to   2.1781% Note: One successful source step
Supplies reduced to   3.3172% Note: One successful source step
Supplies reduced to   5.0258% Note: One successful source step
Supplies reduced to   7.5887% Note: One successful source step
Supplies reduced to  11.4330% Note: One successful source step
Supplies reduced to  17.1995% Note: One successful source step
Supplies reduced to  25.8493% Note: One successful source step
Supplies reduced to  38.8239% Note: One successful source step
Supplies reduced to  51.7985% Supplies reduced to  38.8239% Note: One successful source step
Supplies reduced to  39.8239% Note: One successful source step
Supplies reduced to  41.3239% Note: One successful source step
Supplies reduced to  43.5739% Note: One successful source step
Supplies reduced to  46.9489% Note: One successful source step
Supplies reduced to  50.3239% Supplies reduced to  46.9489% Note: One successful source step
Supplies reduced to  47.4552% Note: One successful source step
Supplies reduced to  48.2145% Supplies reduced to  47.4552% Note: One successful source step
Supplies reduced to  47.5691% Note: One successful source step
Supplies reduced to  47.7399% Note: One successful source step
Supplies reduced to  47.9962% Note: One successful source step
Supplies reduced to  48.3806% Note: One successful source step
Supplies reduced to  48.9573% Note: One successful source step
Supplies reduced to  49.8223% Note: One successful source step
Supplies reduced to  51.1197% Note: One successful source step
Supplies reduced to  53.0659% Note: One successful source step
Supplies reduced to  55.9852% Note: One successful source step
Supplies reduced to  60.3642% Note: One successful source step
Supplies reduced to  66.9326% Note: One successful source step
Supplies reduced to  76.7852% Supplies reduced to  66.9326% Note: One successful source step
Supplies reduced to  67.9326% Note: One successful source step
Supplies reduced to  69.4326% Note: One successful source step
Supplies reduced to  71.6826% Note: One successful source step
Supplies reduced to  75.0576% Supplies reduced to  71.6826% Note: One successful source step
Supplies reduced to  72.1888% Supplies reduced to  71.6826% Note: One successful source step
Supplies reduced to  71.7585% Note: One successful source step
Supplies reduced to  71.8724% Note: One successful source step
Supplies reduced to  72.0433% Note: One successful source step
Supplies reduced to  72.2996% Supplies reduced to  72.0433% Note: One successful source step
Supplies reduced to  72.0817% Supplies reduced to  72.0433% Note: One successful source step
Supplies reduced to  72.0490% Supplies reduced to  72.0433% Note: One successful source step
Supplies reduced to  72.0441% Note: One successful source step
Supplies reduced to  72.0454% Note: One successful source step
Supplies reduced to  72.0474% Supplies reduced to  72.0454% Note: One successful source step
Supplies reduced to  72.0457% Note: One successful source step
Supplies reduced to  72.0462% Note: One successful source step
Supplies reduced to  72.0468% Note: One successful source step
Supplies reduced to  72.0478% Supplies reduced to  72.0468% Note: One successful source step
Supplies reduced to  72.0470% Supplies reduced to  72.0468% Note: One successful source step
Supplies reduced to  72.0468% Note: One successful source step
Supplies reduced to  72.0469% Note: One successful source step
Supplies reduced to  72.0469% Note: One successful source step
Supplies reduced to  72.0470% Supplies reduced to  72.0469% Note: One successful source step
Supplies reduced to  72.0469% Note: One successful source step
Supplies reduced to  72.0469% Note: One successful source step
Supplies reduced to  72.0470% Warning: source stepping failed
doAnalyses: Too many iterations without convergence

dc simulation(s) aborted
Error(parse.c--checkvalid): vldo_sup_2_8: zero length vector.
Error: RHS "abs((vldo_sup_2_8-vldo_sup_2)/0.8)" invalid
Error(parse.c--checkvalid): line_reg: zero length vector.
Error(parse.c--checkvalid): vin: zero length vector.
Error: RHS "vin-1.764" invalid
Error(parse.c--checkvalid): dropout: zero length vector.
Error: no such vector dropout
Note: No ".plot", ".print", or ".fourier" lines; no simulations run
pm                  =  1.091019e+02
Doing analysis at TEMP = 0.000000 and TNOM = 27.000000


No. of Data Rows : 91
psrr100             =  -6.728621e+01
psrr100k            =  -1.875082e+01
Doing analysis at TEMP = 0.000000 and TNOM = 27.000000


No. of Data Rows : 86
temp_coeff = 1.645635e+02
Doing analysis at TEMP = 0.000000 and TNOM = 27.000000


Error: measure  vldo_sup_2  (AT) : out of interval
 meas dc vldo_sup_2 find ldo_out at=2 failed!


Error: measure  vldo_sup_2_8  (AT) : out of interval
 meas dc vldo_sup_2_8 find ldo_out at=2.8 failed!


Error: measure  vin  (WHEN) : out of interval
 meas dc vin when v(ldo_out)=1.764 failed!

