Note: Starting true gmin stepping
Trying gmin =   1.0000E-03 Note: One successful gmin step
Trying gmin =   1.0000E-04 Note: One successful gmin step
Trying gmin =   1.0000E-05 Note: One successful gmin step
Trying gmin =   1.0000E-06 Warning: Further gmin increment
Trying gmin =   5.6234E-06 Note: One successful gmin step
Trying gmin =   2.3714E-06 Note: One successful gmin step
Trying gmin =   6.4938E-07 Warning: Further gmin increment
Trying gmin =   1.7154E-06 Note: One successful gmin step
Trying gmin =   1.0554E-06 Note: One successful gmin step
Trying gmin =   5.0937E-07 Note: One successful gmin step
Trying gmin =   1.7077E-07 Note: One successful gmin step
Trying gmin =   3.3152E-08 Note: One successful gmin step
Trying gmin =   3.3152E-09 Warning: Further gmin increment
Trying gmin =   1.8643E-08 Note: One successful gmin step
Trying gmin =   7.8615E-09 Note: One successful gmin step
Trying gmin =   2.1528E-09 Warning: Further gmin increment
Trying gmin =   5.6870E-09 Note: One successful gmin step
Trying gmin =   3.4990E-09 Warning: Further gmin increment
Trying gmin =   5.0367E-09 Note: One successful gmin step
Trying gmin =   4.1980E-09 Warning: Further gmin increment
Trying gmin =   4.8125E-09 Note: One successful gmin step
Trying gmin =   4.4948E-09 Note: One successful gmin step
Trying gmin =   4.0571E-09 Warning: Further gmin increment
Trying gmin =   4.3811E-09 Note: One successful gmin step
Trying gmin =   4.2160E-09 Warning: Further gmin increment
Trying gmin =   4.3393E-09 Note: One successful gmin step
Trying gmin =   4.2772E-09 Warning: Further gmin increment
Trying gmin =   4.3237E-09 Note: One successful gmin step
Trying gmin =   4.3004E-09 Warning: Further gmin increment
Trying gmin =   4.3178E-09 Warning: Further gmin increment
Trying gmin =   4.3222E-09 Note: One successful gmin step
Trying gmin =   4.3200E-09 Warning: Further gmin increment
Trying gmin =   4.3216E-09 Note: One successful gmin step
Trying gmin =   4.3208E-09 Note: One successful gmin step
Trying gmin =   4.3196E-09 Warning: Further gmin increment
Trying gmin =   4.3205E-09 Warning: Further gmin increment
Trying gmin =   4.3207E-09 Note: One successful gmin step
Trying gmin =   4.3206E-09 Warning: Last gmin step failed
Warning: True gmin stepping failed
Note: Starting dynamic gmin stepping
Trying gmin =   1.0000E-03 Note: One successful gmin step
Trying gmin =   1.0000E-04 Note: One successful gmin step
Trying gmin =   1.0000E-05 Note: One successful gmin step
Trying gmin =   1.0000E-06 Warning: Further gmin increment
Trying gmin =   5.6234E-06 Note: One successful gmin step
Trying gmin =   2.3714E-06 Note: One successful gmin step
Trying gmin =   6.4938E-07 Note: One successful gmin step
Trying gmin =   9.3057E-08 Warning: Further gmin increment
Trying gmin =   3.9954E-07 Warning: Further gmin increment
Trying gmin =   5.7513E-07 Note: One successful gmin step
Trying gmin =   4.7936E-07 Note: One successful gmin step
Trying gmin =   3.6476E-07 Note: One successful gmin step
Trying gmin =   2.4212E-07 Warning: Further gmin increment
Trying gmin =   3.2924E-07 Note: One successful gmin step
Trying gmin =   2.8234E-07 Warning: Further gmin increment
Trying gmin =   3.1683E-07 Warning: Further gmin increment
Trying gmin =   3.2610E-07 Note: One successful gmin step
Trying gmin =   3.2143E-07 Note: One successful gmin step
Trying gmin =   3.1456E-07 Warning: Further gmin increment
Trying gmin =   3.1970E-07 Warning: Further gmin increment
Trying gmin =   3.2100E-07 Warning: Further gmin increment
Trying gmin =   3.2132E-07 Warning: Further gmin increment
Trying gmin =   3.2140E-07 Note: One successful gmin step
Trying gmin =   3.2136E-07 Warning: Further gmin increment
Trying gmin =   3.2139E-07 Note: One successful gmin step
Trying gmin =   3.2138E-07 Warning: Last gmin step failed
Warning: Dynamic gmin stepping failed
Note: Starting source stepping
Supplies reduced to   0.0000% Note: One successful source step
Supplies reduced to   0.1000% Note: One successful source step
Supplies reduced to   0.2000% Note: One successful source step
Supplies reduced to   0.3500% Note: One successful source step
Supplies reduced to   0.5750% Note: One successful source step
Supplies reduced to   0.9125% Note: One successful source step
Supplies reduced to   1.4188% Note: One successful source step
Supplies reduced to   2.1781% Note: One successful source step
Supplies reduced to   3.3172% Note: One successful source step
Supplies reduced to   5.0258% Note: One successful source step
Supplies reduced to   7.5887% Note: One successful source step
Supplies reduced to  11.4330% Note: One successful source step
Supplies reduced to  17.1995% Note: One successful source step
Supplies reduced to  25.8493% Note: One successful source step
Supplies reduced to  38.8239% Supplies reduced to  25.8493% Note: One successful source step
Supplies reduced to  26.8493% Note: One successful source step
Supplies reduced to  28.3493% Note: One successful source step
Supplies reduced to  29.8493% Note: One successful source step
Supplies reduced to  31.3493% Note: One successful source step
Supplies reduced to  33.5993% Note: One successful source step
Supplies reduced to  36.9743% Note: One successful source step
Supplies reduced to  42.0368% Note: One successful source step
Supplies reduced to  49.6305% Note: One successful source step
Supplies reduced to  61.0211% Note: One successful source step
Supplies reduced to  78.1071% Note: One successful source step
Supplies reduced to 100.0000% Supplies reduced to  78.1071% Note: One successful source step
Supplies reduced to  79.1071% Note: One successful source step
Supplies reduced to  80.6071% Note: One successful source step
Supplies reduced to  82.8571% Note: One successful source step
Supplies reduced to  86.2321% Note: One successful source step
Supplies reduced to  91.2946% Note: One successful source step
Supplies reduced to  98.8883% Supplies reduced to  91.2946% Note: One successful source step
Supplies reduced to  92.2946% Note: One successful source step
Supplies reduced to  93.7946% Note: One successful source step
Supplies reduced to  96.0446% Supplies reduced to  93.7946% Note: One successful source step
Supplies reduced to  94.1321% Note: One successful source step
Supplies reduced to  94.6383% Note: One successful source step
Supplies reduced to  95.3977% Supplies reduced to  94.6383% Note: One successful source step
Supplies reduced to  94.7522% Note: One successful source step
Supplies reduced to  94.9231% Note: One successful source step
Supplies reduced to  95.1794% Supplies reduced to  94.9231% Note: One successful source step
Supplies reduced to  94.9615% Note: One successful source step
Supplies reduced to  95.0192% Note: One successful source step
Supplies reduced to  95.1057% Note: One successful source step
Supplies reduced to  95.2354% Supplies reduced to  95.1057% Note: One successful source step
Supplies reduced to  95.1252% Note: One successful source step
Supplies reduced to  95.1544% Supplies reduced to  95.1252% Note: One successful source step
Supplies reduced to  95.1295% Note: One successful source step
Supplies reduced to  95.1361% Note: One successful source step
Supplies reduced to  95.1460% Supplies reduced to  95.1361% Note: One successful source step
Supplies reduced to  95.1376% Note: One successful source step
Supplies reduced to  95.1398% Supplies reduced to  95.1376% Note: One successful source step
Supplies reduced to  95.1379% Note: One successful source step
Supplies reduced to  95.1384% Note: One successful source step
Supplies reduced to  95.1392% Note: One successful source step
Supplies reduced to  95.1403% Supplies reduced to  95.1392% Note: One successful source step
Supplies reduced to  95.1393% Note: One successful source step
Supplies reduced to  95.1396% Supplies reduced to  95.1393% Warning: source stepping failed
doAnalyses: Too many iterations without convergence

dc simulation(s) aborted
Error(parse.c--checkvalid): ldo_out: zero length vector.
Error: RHS "1000000*(max(ldo_out)-min(ldo_out))/85" invalid
Error(parse.c--checkvalid): temp_coeff: zero length vector.
Error: no such vector temp_coeff
 Reference value :  3.00000e+00Note: Starting true gmin stepping
Trying gmin =   1.0000E-03 Note: One successful gmin step
Trying gmin =   1.0000E-04 Note: One successful gmin step
Trying gmin =   1.0000E-05 Note: One successful gmin step
Trying gmin =   1.0000E-06 Note: One successful gmin step
Trying gmin =   1.0000E-07 Note: One successful gmin step
Trying gmin =   1.0000E-08 Warning: Further gmin increment
Trying gmin =   5.6234E-08 Note: One successful gmin step
Trying gmin =   2.3714E-08 Note: One successful gmin step
Trying gmin =   6.4938E-09 Warning: Further gmin increment
Trying gmin =   1.7154E-08 Note: One successful gmin step
Trying gmin =   1.0554E-08 Warning: Further gmin increment
Trying gmin =   1.5193E-08 Note: One successful gmin step
Trying gmin =   1.2663E-08 Note: One successful gmin step
Trying gmin =   9.6358E-09 Warning: Further gmin increment
Trying gmin =   1.1827E-08 Note: One successful gmin step
Trying gmin =   1.0675E-08 Note: One successful gmin step
Trying gmin =   9.1546E-09 Note: One successful gmin step
Trying gmin =   7.2699E-09 Warning: Further gmin increment
Trying gmin =   8.6419E-09 Note: One successful gmin step
Trying gmin =   7.9263E-09 Note: One successful gmin step
Trying gmin =   6.9623E-09 Note: One successful gmin step
Trying gmin =   5.7317E-09 Note: One successful gmin step
Trying gmin =   4.2813E-09 Note: One successful gmin step
Trying gmin =   2.7639E-09 Note: One successful gmin step
Trying gmin =   1.4336E-09 Note: One successful gmin step
Trying gmin =   5.3555E-10 Note: One successful gmin step
Trying gmin =   1.2228E-10 Note: One successful gmin step
Trying gmin =   1.3341E-11 Note: One successful gmin step
Trying gmin =   1.3341E-12 Note: One successful gmin step
Trying gmin =   1.0000E-12 Note: One successful gmin step
Note: True gmin stepping completed
 Reference value :  1.34000e+00Note: Starting true gmin stepping
Trying gmin =   1.0000E-03 Note: One successful gmin step
Trying gmin =   1.0000E-04 Note: One successful gmin step
Trying gmin =   1.0000E-05 Note: One successful gmin step
Trying gmin =   1.0000E-06 Note: One successful gmin step
Trying gmin =   1.0000E-07 Note: One successful gmin step
Trying gmin =   1.0000E-08 Warning: Further gmin increment
Trying gmin =   5.6234E-08 Note: One successful gmin step
Trying gmin =   2.3714E-08 Note: One successful gmin step
Trying gmin =   6.4938E-09 Warning: Further gmin increment
Trying gmin =   1.7154E-08 Note: One successful gmin step
Trying gmin =   1.0554E-08 Note: One successful gmin step
Trying gmin =   5.0937E-09 Warning: Further gmin increment
Trying gmin =   8.7970E-09 Warning: Further gmin increment
Trying gmin =   1.0085E-08 Note: One successful gmin step
Trying gmin =   9.4189E-09 Note: One successful gmin step
Trying gmin =   8.5017E-09 Note: One successful gmin step
Trying gmin =   7.2906E-09 Note: One successful gmin step
Trying gmin =   5.7896E-09 Warning: Further gmin increment
Trying gmin =   6.8823E-09 Note: One successful gmin step
Trying gmin =   6.3124E-09 Note: One successful gmin step
Trying gmin =   5.5447E-09 Note: One successful gmin step
Trying gmin =   4.5647E-09 Note: One successful gmin step
Trying gmin =   3.4096E-09 Note: One successful gmin step
Trying gmin =   2.2011E-09 Note: One successful gmin step
Trying gmin =   1.1417E-09 Note: One successful gmin step
Trying gmin =   4.2651E-10 Note: One successful gmin step
Trying gmin =   9.7382E-11 Note: One successful gmin step
Trying gmin =   1.0625E-11 Note: One successful gmin step
Trying gmin =   1.0625E-12 Note: One successful gmin step
Trying gmin =   1.0000E-12 Note: One successful gmin step
Note: True gmin stepping completed
 Reference value :  1.32000e+00
No compatibility mode selected!


Circuit: * ldo netlist 

Doing analysis at TEMP = 27.000000 and TNOM = 27.000000

Doing analysis at TEMP = 27.000000 and TNOM = 27.000000


No. of Data Rows : 151
vldo_sup_2          =  1.791429e+00
vldo_sup_3          =  1.790652e+00
line_reg = -7.77000e-04
Note: No ".plot", ".print", or ".fourier" lines; no simulations run
vin                 =  1.778487e+00
dropout = 1.448700e-02
Doing analysis at TEMP = 27.000000 and TNOM = 27.000000


No. of Data Rows : 91
psrr100             =  -6.412279e+01
psrr100k            =  -3.108495e+01
