 Reference value :  8.00000e+01Note: Starting true gmin stepping
Trying gmin =   1.0000E-03 Note: One successful gmin step
Trying gmin =   1.0000E-04 Note: One successful gmin step
Trying gmin =   1.0000E-05 Note: One successful gmin step
Trying gmin =   1.0000E-06 Note: One successful gmin step
Trying gmin =   1.0000E-07 Note: One successful gmin step
Trying gmin =   3.1623E-08 Warning: Further gmin increment
Trying gmin =   7.4989E-08 Warning: Further gmin increment
Trying gmin =   9.3057E-08 Note: One successful gmin step
Trying gmin =   8.3536E-08 Warning: Further gmin increment
Trying gmin =   9.0580E-08 Warning: Further gmin increment
Trying gmin =   9.2432E-08 Warning: Further gmin increment
Trying gmin =   9.2900E-08 Note: One successful gmin step
Trying gmin =   9.2666E-08 Note: One successful gmin step
Trying gmin =   9.2315E-08 Warning: Further gmin increment
Trying gmin =   9.2578E-08 Note: One successful gmin step
Trying gmin =   9.2446E-08 Warning: Further gmin increment
Trying gmin =   9.2545E-08 Note: One successful gmin step
Trying gmin =   9.2496E-08 Warning: Further gmin increment
Trying gmin =   9.2533E-08 Note: One successful gmin step
Trying gmin =   9.2514E-08 Note: One successful gmin step
Trying gmin =   9.2486E-08 Warning: Further gmin increment
Trying gmin =   9.2507E-08 Warning: Further gmin increment
Trying gmin =   9.2512E-08 Note: One successful gmin step
Trying gmin =   9.2510E-08 Warning: Last gmin step failed
Warning: True gmin stepping failed
Note: Starting dynamic gmin stepping
Trying gmin =   1.0000E-03 Note: One successful gmin step
Trying gmin =   1.0000E-04 Note: One successful gmin step
Trying gmin =   1.0000E-05 Warning: Further gmin increment
Trying gmin =   5.6234E-05 Note: One successful gmin step
Trying gmin =   2.3714E-05 Note: One successful gmin step
Trying gmin =   1.0000E-05 Warning: Further gmin increment
Trying gmin =   1.9110E-05 Note: One successful gmin step
Trying gmin =   1.3824E-05 Note: One successful gmin step
Trying gmin =   8.5053E-06 Note: One successful gmin step
Trying gmin =   4.1047E-06 Note: One successful gmin step
Trying gmin =   1.9810E-06 Warning: Further gmin increment
Trying gmin =   3.4212E-06 Note: One successful gmin step
Trying gmin =   2.6033E-06 Warning: Further gmin increment
Trying gmin =   3.1953E-06 Note: One successful gmin step
Trying gmin =   2.8842E-06 Note: One successful gmin step
Trying gmin =   2.4733E-06 Warning: Further gmin increment
Trying gmin =   2.7755E-06 Note: One successful gmin step
Trying gmin =   2.6200E-06 Warning: Further gmin increment
Trying gmin =   2.7358E-06 Note: One successful gmin step
Trying gmin =   2.6773E-06 Note: One successful gmin step
Trying gmin =   2.6485E-06 Note: One successful gmin step
Trying gmin =   2.6059E-06 Note: One successful gmin step
Trying gmin =   2.5433E-06 Note: One successful gmin step
Trying gmin =   2.4523E-06 Note: One successful gmin step
Trying gmin =   2.3217E-06 Note: One successful gmin step
Trying gmin =   2.1388E-06 Note: One successful gmin step
Trying gmin =   1.8911E-06 Note: One successful gmin step
Trying gmin =   1.5723E-06 Warning: Further gmin increment
Trying gmin =   1.8058E-06 Note: One successful gmin step
Trying gmin =   1.6850E-06 Note: One successful gmin step
Trying gmin =   1.5188E-06 Warning: Further gmin increment
Trying gmin =   1.6418E-06 Warning: Further gmin increment
Trying gmin =   1.6741E-06 Warning: Further gmin increment
Trying gmin =   1.6823E-06 Note: One successful gmin step
Trying gmin =   1.6782E-06 Warning: Further gmin increment
Trying gmin =   1.6813E-06 Note: One successful gmin step
Trying gmin =   1.6797E-06 Note: One successful gmin step
Trying gmin =   1.6774E-06 Note: One successful gmin step
Trying gmin =   1.6740E-06 Note: One successful gmin step
Trying gmin =   1.6688E-06 Note: One successful gmin step
Trying gmin =   1.6611E-06 Note: One successful gmin step
Trying gmin =   1.6497E-06 Note: One successful gmin step
Trying gmin =   1.6326E-06 Note: One successful gmin step
Trying gmin =   1.6073E-06 Note: One successful gmin step
Trying gmin =   1.5702E-06 Note: One successful gmin step
Trying gmin =   1.5160E-06 Note: One successful gmin step
Trying gmin =   1.4383E-06 Note: One successful gmin step
Trying gmin =   1.3291E-06 Note: One successful gmin step
Trying gmin =   1.1807E-06 Note: One successful gmin step
Trying gmin =   9.8852E-07 Note: One successful gmin step
Trying gmin =   7.5730E-07 Note: One successful gmin step
Trying gmin =   5.0779E-07 Note: One successful gmin step
Trying gmin =   2.7881E-07 Note: One successful gmin step
Trying gmin =   1.1344E-07 Note: One successful gmin step
Trying gmin =   2.9438E-08 Note: One successful gmin step
Trying gmin =   3.8918E-09 Note: One successful gmin step
Trying gmin =   3.8918E-10 Note: One successful gmin step
Trying gmin =   3.8918E-11 Note: One successful gmin step
Trying gmin =   3.8918E-12 Note: One successful gmin step
Trying gmin =   1.0000E-12 Note: One successful gmin step
Note: Dynamic gmin stepping completed
 Reference value :  3.00000e+00Note: Starting true gmin stepping
Trying gmin =   1.0000E-03 Note: One successful gmin step
Trying gmin =   1.0000E-04 Note: One successful gmin step
Trying gmin =   1.0000E-05 Note: One successful gmin step
Trying gmin =   1.0000E-06 Note: One successful gmin step
Trying gmin =   1.0000E-07 Note: One successful gmin step
Trying gmin =   1.0000E-08 Note: One successful gmin step
Trying gmin =   3.1623E-09 Note: One successful gmin step
Trying gmin =   5.6234E-10 Warning: Further gmin increment
Trying gmin =   2.0535E-09 Note: One successful gmin step
Trying gmin =   1.0746E-09 Warning: Further gmin increment
Trying gmin =   1.7466E-09 Note: One successful gmin step
Trying gmin =   1.3700E-09 Warning: Further gmin increment
Trying gmin =   1.6437E-09 Warning: Further gmin increment
Trying gmin =   1.7203E-09 Note: One successful gmin step
Trying gmin =   1.6815E-09 Warning: Further gmin increment
Trying gmin =   1.7105E-09 Warning: Further gmin increment
Trying gmin =   1.7178E-09 Warning: Further gmin increment
Trying gmin =   1.7197E-09 Note: One successful gmin step
Trying gmin =   1.7187E-09 Warning: Further gmin increment
Trying gmin =   1.7194E-09 Warning: Further gmin increment
Trying gmin =   1.7196E-09 Note: One successful gmin step
Trying gmin =   1.7195E-09 Warning: Further gmin increment
Trying gmin =   1.7196E-09 Note: One successful gmin step
Trying gmin =   1.7195E-09 Warning: Last gmin step failed
Warning: True gmin stepping failed
Note: Starting dynamic gmin stepping
Trying gmin =   1.0000E-03 Note: One successful gmin step
Trying gmin =   1.0000E-04 Note: One successful gmin step
Trying gmin =   1.0000E-05 Note: One successful gmin step
Trying gmin =   1.0000E-06 Note: One successful gmin step
Trying gmin =   1.0000E-07 Note: One successful gmin step
Trying gmin =   1.0000E-08 Warning: Further gmin increment
Trying gmin =   5.6234E-08 Note: One successful gmin step
Trying gmin =   2.3714E-08 Warning: Further gmin increment
Trying gmin =   4.5316E-08 Note: One successful gmin step
Trying gmin =   3.2781E-08 Note: One successful gmin step
Trying gmin =   2.0169E-08 Warning: Further gmin increment
Trying gmin =   2.9033E-08 Note: One successful gmin step
Trying gmin =   2.4199E-08 Note: One successful gmin step
Trying gmin =   1.8414E-08 Note: One successful gmin step
Trying gmin =   1.2222E-08 Warning: Further gmin increment
Trying gmin =   1.6620E-08 Note: One successful gmin step
Trying gmin =   1.4253E-08 Note: One successful gmin step
Trying gmin =   1.1318E-08 Warning: Further gmin increment
Trying gmin =   1.3455E-08 Note: One successful gmin step
Trying gmin =   1.2340E-08 Note: One successful gmin step
Trying gmin =   1.0840E-08 Note: One successful gmin step
Trying gmin =   8.9237E-09 Note: One successful gmin step
Trying gmin =   6.6656E-09 Note: One successful gmin step
Trying gmin =   4.3031E-09 Note: One successful gmin step
Trying gmin =   2.2320E-09 Note: One successful gmin step
Trying gmin =   8.3380E-10 Note: One successful gmin step
Trying gmin =   1.9038E-10 Note: One successful gmin step
Trying gmin =   2.0771E-11 Note: One successful gmin step
Trying gmin =   2.0771E-12 Note: One successful gmin step
Trying gmin =   1.0000E-12 Note: One successful gmin step
Note: Dynamic gmin stepping completed
 Reference value :  1.46000e+00Note: Starting true gmin stepping
Trying gmin =   1.0000E-03 Note: One successful gmin step
Trying gmin =   1.0000E-04 Note: One successful gmin step
Trying gmin =   1.0000E-05 Note: One successful gmin step
Trying gmin =   1.0000E-06 Note: One successful gmin step
Trying gmin =   1.0000E-07 Note: One successful gmin step
Trying gmin =   1.0000E-08 Warning: Further gmin increment
Trying gmin =   5.6234E-08 Note: One successful gmin step
Trying gmin =   2.3714E-08 Note: One successful gmin step
Trying gmin =   6.4938E-09 Note: One successful gmin step
Trying gmin =   9.3057E-10 Warning: Further gmin increment
Trying gmin =   3.9954E-09 Note: One successful gmin step
Trying gmin =   1.9282E-09 Warning: Further gmin increment
Trying gmin =   3.3301E-09 Note: One successful gmin step
Trying gmin =   2.5340E-09 Note: One successful gmin step
Trying gmin =   1.6820E-09 Note: One successful gmin step
Trying gmin =   9.0962E-10 Warning: Further gmin increment
Trying gmin =   1.4424E-09 Note: One successful gmin step
Trying gmin =   1.1454E-09 Warning: Further gmin increment
Trying gmin =   1.3616E-09 Note: One successful gmin step
Trying gmin =   1.2489E-09 Warning: Further gmin increment
Trying gmin =   1.3325E-09 Note: One successful gmin step
Trying gmin =   1.2900E-09 Note: One successful gmin step
Trying gmin =   1.2288E-09 Warning: Further gmin increment
Trying gmin =   1.2744E-09 Note: One successful gmin step
Trying gmin =   1.2514E-09 Warning: Further gmin increment
Trying gmin =   1.2686E-09 Warning: Further gmin increment
Trying gmin =   1.2730E-09 Warning: Further gmin increment
Trying gmin =   1.2741E-09 Note: One successful gmin step
Trying gmin =   1.2735E-09 Note: One successful gmin step
Trying gmin =   1.2727E-09 Warning: Further gmin increment
Trying gmin =   1.2733E-09 Warning: Further gmin increment
Trying gmin =   1.2735E-09 Note: One successful gmin step
Trying gmin =   1.2734E-09 Warning: Further gmin increment
Trying gmin =   1.2735E-09 Note: One successful gmin step
Trying gmin =   1.2734E-09 Note: One successful gmin step
Trying gmin =   1.2734E-09 Warning: Last gmin step failed
Warning: True gmin stepping failed
Note: Starting dynamic gmin stepping
Trying gmin =   1.0000E-03 Note: One successful gmin step
Trying gmin =   1.0000E-04 Note: One successful gmin step
Trying gmin =   1.0000E-05 Note: One successful gmin step
Trying gmin =   1.0000E-06 Note: One successful gmin step
Trying gmin =   1.0000E-07 Note: One successful gmin step
Trying gmin =   1.0000E-08 Warning: Further gmin increment
Trying gmin =   5.6234E-08 Note: One successful gmin step
Trying gmin =   2.3714E-08 Note: One successful gmin step
Trying gmin =   6.4938E-09 Warning: Further gmin increment
Trying gmin =   1.7154E-08 Warning: Further gmin increment
Trying gmin =   2.1870E-08 Note: One successful gmin step
Trying gmin =   1.9369E-08 Note: One successful gmin step
Trying gmin =   1.6144E-08 Note: One successful gmin step
Trying gmin =   1.2284E-08 Note: One successful gmin step
Trying gmin =   8.1541E-09 Note: One successful gmin step
Trying gmin =   5.4125E-09 Note: One successful gmin step
Trying gmin =   2.9271E-09 Note: One successful gmin step
Trying gmin =   1.1641E-09 Note: One successful gmin step
Trying gmin =   2.9195E-10 Note: One successful gmin step
Trying gmin =   3.6668E-11 Note: One successful gmin step
Trying gmin =   3.6668E-12 Note: One successful gmin step
Trying gmin =   1.0000E-12 Note: One successful gmin step
Note: Dynamic gmin stepping completed
 Reference value :  1.44000e+00Note: Starting true gmin stepping
Trying gmin =   1.0000E-03 Note: One successful gmin step
Trying gmin =   1.0000E-04 Note: One successful gmin step
Trying gmin =   1.0000E-05 Note: One successful gmin step
Trying gmin =   1.0000E-06 Note: One successful gmin step
Trying gmin =   1.0000E-07 Note: One successful gmin step
Trying gmin =   1.0000E-08 Warning: Further gmin increment
Trying gmin =   5.6234E-08 Note: One successful gmin step
Trying gmin =   2.3714E-08 Note: One successful gmin step
Trying gmin =   6.4938E-09 Note: One successful gmin step
Trying gmin =   9.3057E-10 Warning: Further gmin increment
Trying gmin =   3.9954E-09 Note: One successful gmin step
Trying gmin =   1.9282E-09 Note: One successful gmin step
Trying gmin =   6.4647E-10 Warning: Further gmin increment
Trying gmin =   1.4672E-09 Note: One successful gmin step
Trying gmin =   9.7392E-10 Note: One successful gmin step
Trying gmin =   5.2669E-10 Warning: Further gmin increment
Trying gmin =   8.3519E-10 Warning: Further gmin increment
Trying gmin =   9.3722E-10 Warning: Further gmin increment
Trying gmin =   9.6462E-10 Note: One successful gmin step
Trying gmin =   9.5082E-10 Note: One successful gmin step
Trying gmin =   9.3049E-10 Note: One successful gmin step
Trying gmin =   9.1060E-10 Note: One successful gmin step
Trying gmin =   8.8155E-10 Note: One successful gmin step
Trying gmin =   8.3971E-10 Note: One successful gmin step
Trying gmin =   7.8064E-10 Note: One successful gmin step
Trying gmin =   6.9974E-10 Note: One successful gmin step
Trying gmin =   5.9384E-10 Note: One successful gmin step
Trying gmin =   4.6426E-10 Note: One successful gmin step
Trying gmin =   3.2092E-10 Note: One successful gmin step
Trying gmin =   1.8444E-10 Note: One successful gmin step
Trying gmin =   8.0360E-11 Note: One successful gmin step
Trying gmin =   2.3111E-11 Note: One successful gmin step
Trying gmin =   3.5644E-12 Note: One successful gmin step
Trying gmin =   1.0000E-12 Note: One successful gmin step
Note: True gmin stepping completed
 Reference value :  1.42000e+00Note: Starting true gmin stepping
Trying gmin =   1.0000E-03 Note: One successful gmin step
Trying gmin =   1.0000E-04 Note: One successful gmin step
Trying gmin =   1.0000E-05 Note: One successful gmin step
Trying gmin =   1.0000E-06 Note: One successful gmin step
Trying gmin =   1.0000E-07 Note: One successful gmin step
Trying gmin =   1.0000E-08 Note: One successful gmin step
Trying gmin =   1.0000E-09 Warning: Further gmin increment
Trying gmin =   5.6234E-09 Note: One successful gmin step
Trying gmin =   2.3714E-09 Note: One successful gmin step
Trying gmin =   6.4938E-10 Warning: Further gmin increment
Trying gmin =   1.7154E-09 Note: One successful gmin step
Trying gmin =   1.0554E-09 Warning: Further gmin increment
Trying gmin =   1.5193E-09 Note: One successful gmin step
Trying gmin =   1.2663E-09 Note: One successful gmin step
Trying gmin =   9.6358E-10 Note: One successful gmin step
Trying gmin =   6.3960E-10 Warning: Further gmin increment
Trying gmin =   8.6975E-10 Note: One successful gmin step
Trying gmin =   7.4585E-10 Note: One successful gmin step
Trying gmin =   5.9229E-10 Warning: Further gmin increment
Trying gmin =   7.0408E-10 Note: One successful gmin step
Trying gmin =   6.4577E-10 Warning: Further gmin increment
Trying gmin =   6.8903E-10 Warning: Further gmin increment
Trying gmin =   7.0029E-10 Note: One successful gmin step
Trying gmin =   6.9463E-10 Note: One successful gmin step
Trying gmin =   6.8624E-10 Warning: Further gmin increment
Trying gmin =   6.9253E-10 Note: One successful gmin step
Trying gmin =   6.8938E-10 Warning: Further gmin increment
Trying gmin =   6.9174E-10 Note: One successful gmin step
Trying gmin =   6.9056E-10 Note: One successful gmin step
Trying gmin =   6.8879E-10 Warning: Further gmin increment
Trying gmin =   6.9011E-10 Note: One successful gmin step
Trying gmin =   6.8945E-10 Warning: Further gmin increment
Trying gmin =   6.8995E-10 Note: One successful gmin step
Trying gmin =   6.8970E-10 Warning: Further gmin increment
Trying gmin =   6.8989E-10 Warning: Further gmin increment
Trying gmin =   6.8993E-10 Note: One successful gmin step
Trying gmin =   6.8991E-10 Warning: Last gmin step failed
Warning: True gmin stepping failed
Note: Starting dynamic gmin stepping
Trying gmin =   1.0000E-03 Note: One successful gmin step
Trying gmin =   1.0000E-04 Note: One successful gmin step
Trying gmin =   1.0000E-05 Note: One successful gmin step
Trying gmin =   1.0000E-06 Note: One successful gmin step
Trying gmin =   1.0000E-07 Note: One successful gmin step
Trying gmin =   1.0000E-08 Warning: Further gmin increment
Trying gmin =   5.6234E-08 Note: One successful gmin step
Trying gmin =   2.3714E-08 Note: One successful gmin step
Trying gmin =   6.4938E-09 Warning: Further gmin increment
Trying gmin =   1.7154E-08 Note: One successful gmin step
Trying gmin =   1.0554E-08 Warning: Further gmin increment
Trying gmin =   1.5193E-08 Note: One successful gmin step
Trying gmin =   1.3456E-08 Note: One successful gmin step
Trying gmin =   1.1215E-08 Note: One successful gmin step
Trying gmin =   8.5340E-09 Note: One successful gmin step
Trying gmin =   5.6647E-09 Note: One successful gmin step
Trying gmin =   3.0634E-09 Warning: Further gmin increment
Trying gmin =   4.8577E-09 Note: One successful gmin step
Trying gmin =   3.8576E-09 Note: One successful gmin step
Trying gmin =   2.7299E-09 Note: One successful gmin step
Trying gmin =   1.6252E-09 Note: One successful gmin step
Trying gmin =   7.4647E-10 Note: One successful gmin step
Trying gmin =   2.3238E-10 Note: One successful gmin step
Trying gmin =   4.0361E-11 Note: One successful gmin step
Trying gmin =   4.0361E-12 Note: One successful gmin step
Trying gmin =   1.0000E-12 Note: One successful gmin step
Note: Dynamic gmin stepping completed
 Reference value :  1.40000e+00Note: Starting true gmin stepping
Trying gmin =   1.0000E-03 Note: One successful gmin step
Trying gmin =   1.0000E-04 Note: One successful gmin step
Trying gmin =   1.0000E-05 Note: One successful gmin step
Trying gmin =   1.0000E-06 Note: One successful gmin step
Trying gmin =   1.0000E-07 Note: One successful gmin step
Trying gmin =   1.0000E-08 Note: One successful gmin step
Trying gmin =   1.0000E-09 Note: One successful gmin step
Trying gmin =   1.0000E-10 Warning: Further gmin increment
Trying gmin =   5.6234E-10 Note: One successful gmin step
Trying gmin =   2.3714E-10 Warning: Further gmin increment
Trying gmin =   4.5316E-10 Warning: Further gmin increment
Trying gmin =   5.3280E-10 Note: One successful gmin step
Trying gmin =   4.9137E-10 Warning: Further gmin increment
Trying gmin =   5.2212E-10 Note: One successful gmin step
Trying gmin =   5.0651E-10 Note: One successful gmin step
Trying gmin =   4.8397E-10 Warning: Further gmin increment
Trying gmin =   5.0078E-10 Warning: Further gmin increment
Trying gmin =   5.0507E-10 Warning: Further gmin increment
Trying gmin =   5.0615E-10 Note: One successful gmin step
Trying gmin =   5.0561E-10 Warning: Further gmin increment
Trying gmin =   5.0602E-10 Note: One successful gmin step
Trying gmin =   5.0581E-10 Warning: Further gmin increment
Trying gmin =   5.0597E-10 Note: One successful gmin step
Trying gmin =   5.0594E-10 Warning: Further gmin increment
Trying gmin =   5.0596E-10 Warning: Last gmin step failed
Warning: True gmin stepping failed
Note: Starting dynamic gmin stepping
Trying gmin =   1.0000E-03 Note: One successful gmin step
Trying gmin =   1.0000E-04 Note: One successful gmin step
Trying gmin =   1.0000E-05 Note: One successful gmin step
Trying gmin =   1.0000E-06 Note: One successful gmin step
Trying gmin =   1.0000E-07 Note: One successful gmin step
Trying gmin =   1.0000E-08 Warning: Further gmin increment
Trying gmin =   5.6234E-08 Note: One successful gmin step
Trying gmin =   2.3714E-08 Note: One successful gmin step
Trying gmin =   6.4938E-09 Warning: Further gmin increment
Trying gmin =   1.7154E-08 Note: One successful gmin step
Trying gmin =   1.0554E-08 Warning: Further gmin increment
Trying gmin =   1.5193E-08 Note: One successful gmin step
Trying gmin =   1.2663E-08 Note: One successful gmin step
Trying gmin =   9.6358E-09 Warning: Further gmin increment
Trying gmin =   1.1827E-08 Note: One successful gmin step
Trying gmin =   1.0675E-08 Note: One successful gmin step
Trying gmin =   9.1546E-09 Note: One successful gmin step
Trying gmin =   7.2699E-09 Note: One successful gmin step
Trying gmin =   5.1447E-09 Note: One successful gmin step
Trying gmin =   3.0627E-09 Warning: Further gmin increment
Trying gmin =   4.5190E-09 Note: One successful gmin step
Trying gmin =   3.7203E-09 Note: One successful gmin step
Trying gmin =   2.7789E-09 Note: One successful gmin step
Trying gmin =   1.7939E-09 Note: One successful gmin step
Trying gmin =   9.3051E-10 Note: One successful gmin step
Trying gmin =   3.4761E-10 Note: One successful gmin step
Trying gmin =   7.9368E-11 Note: One successful gmin step
Trying gmin =   8.6592E-12 Note: One successful gmin step
Trying gmin =   1.0000E-12 Note: One successful gmin step
Note: Dynamic gmin stepping completed
 Reference value :  1.38000e+00
No compatibility mode selected!


Circuit: * ldo netlist 

Doing analysis at TEMP = 0.000000 and TNOM = 27.000000


No. of Data Rows : 81
temp_coeff = 3.357892e+01
Doing analysis at TEMP = 0.000000 and TNOM = 27.000000


No. of Data Rows : 151
vldo_sup_2          =  1.800571e+00
vldo_sup_3          =  1.799013e+00
line_reg = -1.55800e-03
Note: Starting true gmin stepping
Trying gmin =   1.0000E-03 Note: One successful gmin step
Trying gmin =   1.0000E-04 Note: One successful gmin step
Trying gmin =   1.0000E-05 Note: One successful gmin step
Trying gmin =   1.0000E-06 Note: One successful gmin step
Trying gmin =   1.0000E-07 Warning: Further gmin increment
Trying gmin =   5.6234E-07 Note: One successful gmin step
Trying gmin =   3.1623E-07 Note: One successful gmin step
Trying gmin =   1.3335E-07 Note: One successful gmin step
Trying gmin =   5.6234E-08 Warning: Further gmin increment
Trying gmin =   1.0746E-07 Note: One successful gmin step
Trying gmin =   7.7737E-08 Note: One successful gmin step
Trying gmin =   4.7829E-08 Note: One successful gmin step
Trying gmin =   2.3082E-08 Note: One successful gmin step
Trying gmin =   7.7388E-09 Warning: Further gmin increment
Trying gmin =   1.7564E-08 Note: One successful gmin step
Trying gmin =   1.1659E-08 Warning: Further gmin increment
Trying gmin =   1.5854E-08 Warning: Further gmin increment
Trying gmin =   1.7120E-08 Note: One successful gmin step
Trying gmin =   1.6475E-08 Warning: Further gmin increment
Trying gmin =   1.6956E-08 Warning: Further gmin increment
Trying gmin =   1.7079E-08 Note: One successful gmin step
Trying gmin =   1.7018E-08 Warning: Further gmin increment
Trying gmin =   1.7064E-08 Note: One successful gmin step
Trying gmin =   1.7041E-08 Warning: Further gmin increment
Trying gmin =   1.7058E-08 Note: One successful gmin step
Trying gmin =   1.7049E-08 Note: One successful gmin step
Trying gmin =   1.7036E-08 Warning: Further gmin increment
Trying gmin =   1.7046E-08 Note: One successful gmin step
Trying gmin =   1.7041E-08 Note: One successful gmin step
Trying gmin =   1.7034E-08 Warning: Further gmin increment
Trying gmin =   1.7039E-08 Warning: Further gmin increment
Trying gmin =   1.7041E-08 Note: One successful gmin step
Trying gmin =   1.7040E-08 Warning: Last gmin step failed
Warning: True gmin stepping failed
Note: Starting dynamic gmin stepping
Trying gmin =   1.0000E-03 Note: One successful gmin step
Trying gmin =   1.0000E-04 Note: One successful gmin step
Trying gmin =   1.0000E-05 Note: One successful gmin step
Trying gmin =   1.0000E-06 Note: One successful gmin step
Trying gmin =   1.0000E-07 Warning: Further gmin increment
Trying gmin =   5.6234E-07 Note: One successful gmin step
Trying gmin =   2.3714E-07 Warning: Further gmin increment
Trying gmin =   4.5316E-07 Note: One successful gmin step
Trying gmin =   3.6517E-07 Note: One successful gmin step
Trying gmin =   2.6416E-07 Warning: Further gmin increment
Trying gmin =   3.3678E-07 Note: One successful gmin step
Trying gmin =   2.9827E-07 Note: One successful gmin step
Trying gmin =   2.4860E-07 Warning: Further gmin increment
Trying gmin =   2.8499E-07 Warning: Further gmin increment
Trying gmin =   2.9489E-07 Note: One successful gmin step
Trying gmin =   2.8990E-07 Note: One successful gmin step
Trying gmin =   2.8257E-07 Warning: Further gmin increment
Trying gmin =   2.8805E-07 Warning: Further gmin increment
Trying gmin =   2.8944E-07 Warning: Further gmin increment
Trying gmin =   2.8979E-07 Warning: Further gmin increment
Trying gmin =   2.8987E-07 Note: One successful gmin step
Trying gmin =   2.8983E-07 Note: One successful gmin step
Trying gmin =   2.8976E-07 Warning: Further gmin increment
Trying gmin =   2.8981E-07 Warning: Further gmin increment
Trying gmin =   2.8982E-07 Note: One successful gmin step
Trying gmin =   2.8982E-07 Note: One successful gmin step
Trying gmin =   2.8981E-07 Warning: Last gmin step failed
Warning: Dynamic gmin stepping failed
Note: Starting source stepping
Supplies reduced to   0.0000% Note: One successful source step
Supplies reduced to   0.1000% Note: One successful source step
Supplies reduced to   0.2000% Note: One successful source step
Supplies reduced to   0.3500% Note: One successful source step
Supplies reduced to   0.5750% Note: One successful source step
Supplies reduced to   0.9125% Note: One successful source step
Supplies reduced to   1.4188% Note: One successful source step
Supplies reduced to   2.1781% Note: One successful source step
Supplies reduced to   3.3172% Note: One successful source step
Supplies reduced to   5.0258% Note: One successful source step
Supplies reduced to   7.5887% Note: One successful source step
Supplies reduced to  11.4330% Note: One successful source step
Supplies reduced to  17.1995% Note: One successful source step
Supplies reduced to  25.8493% Note: One successful source step
Supplies reduced to  38.8239% Supplies reduced to  25.8493% Note: One successful source step
Supplies reduced to  26.8493% Note: One successful source step
Supplies reduced to  28.3493% Note: One successful source step
Supplies reduced to  30.5993% Note: One successful source step
Supplies reduced to  33.9743% Note: One successful source step
Supplies reduced to  37.3493% Note: One successful source step
Supplies reduced to  42.4118% Supplies reduced to  37.3493% Note: One successful source step
Supplies reduced to  38.1086% Note: One successful source step
Supplies reduced to  39.2477% Note: One successful source step
Supplies reduced to  40.9563% Note: One successful source step
Supplies reduced to  43.5192% Note: One successful source step
Supplies reduced to  47.3635% Note: One successful source step
Supplies reduced to  53.1300% Note: One successful source step
Supplies reduced to  61.7798% Supplies reduced to  53.1300% Note: One successful source step
Supplies reduced to  54.1300% Note: One successful source step
Supplies reduced to  55.6300% Note: One successful source step
Supplies reduced to  57.8800% Note: One successful source step
Supplies reduced to  61.2550% Note: One successful source step
Supplies reduced to  66.3175% Note: One successful source step
Supplies reduced to  73.9113% Note: One successful source step
Supplies reduced to  85.3019% Note: One successful source step
Supplies reduced to 100.0000% Supplies reduced to  85.3019% Note: One successful source step
Supplies reduced to  86.3019% Note: One successful source step
Supplies reduced to  87.8019% Note: One successful source step
Supplies reduced to  90.0519% Note: One successful source step
Supplies reduced to  93.4269% Supplies reduced to  90.0519% Note: One successful source step
Supplies reduced to  90.5582% Note: One successful source step
Supplies reduced to  91.3175% Supplies reduced to  90.5582% Note: One successful source step
Supplies reduced to  90.6721% Note: One successful source step
Supplies reduced to  90.8429% Note: One successful source step
Supplies reduced to  91.0992% Note: One successful source step
Supplies reduced to  91.4836% Supplies reduced to  91.0992% Note: One successful source step
Supplies reduced to  91.1569% Supplies reduced to  91.0992% Note: One successful source step
Supplies reduced to  91.1079% Note: One successful source step
Supplies reduced to  91.1208% Note: One successful source step
Supplies reduced to  91.1403% Note: One successful source step
Supplies reduced to  91.1695% Supplies reduced to  91.1403% Note: One successful source step
Supplies reduced to  91.1447% Note: One successful source step
Supplies reduced to  91.1512% Supplies reduced to  91.1447% Note: One successful source step
Supplies reduced to  91.1457% Note: One successful source step
Supplies reduced to  91.1471% Note: One successful source step
Supplies reduced to  91.1494% Supplies reduced to  91.1471% Note: One successful source step
Supplies reduced to  91.1475% Note: One successful source step
Supplies reduced to  91.1480% Note: One successful source step
Supplies reduced to  91.1487% Note: One successful source step
Supplies reduced to  91.1498% Supplies reduced to  91.1487% Note: One successful source step
Supplies reduced to  91.1489% Note: One successful source step
Supplies reduced to  91.1491% Note: One successful source step
Supplies reduced to  91.1495% Supplies reduced to  91.1491% Note: One successful source step
Supplies reduced to  91.1492% Note: One successful source step
Supplies reduced to  91.1493% Supplies reduced to  91.1492% Note: One successful source step
Supplies reduced to  91.1492% Note: One successful source step
Supplies reduced to  91.1492% Note: One successful source step
Supplies reduced to  91.1493% Note: One successful source step
Supplies reduced to  91.1493% Warning: source stepping failed
doAnalyses: Too many iterations without convergence

ac simulation(s) aborted
Segmentation fault
