 Reference value :  8.00000e+01Note: Starting true gmin stepping
Trying gmin =   1.0000E-03 Note: One successful gmin step
Trying gmin =   1.0000E-04 Note: One successful gmin step
Trying gmin =   1.0000E-05 Note: One successful gmin step
Trying gmin =   1.0000E-06 Note: One successful gmin step
Trying gmin =   1.0000E-07 Warning: Further gmin increment
Trying gmin =   5.6234E-07 Note: One successful gmin step
Trying gmin =   2.3714E-07 Warning: Further gmin increment
Trying gmin =   4.5316E-07 Note: One successful gmin step
Trying gmin =   3.6517E-07 Note: One successful gmin step
Trying gmin =   2.6416E-07 Note: One successful gmin step
Trying gmin =   1.6253E-07 Note: One successful gmin step
Trying gmin =   7.8439E-08 Warning: Further gmin increment
Trying gmin =   1.3547E-07 Note: One successful gmin step
Trying gmin =   1.0308E-07 Note: One successful gmin step
Trying gmin =   6.8423E-08 Warning: Further gmin increment
Trying gmin =   9.3044E-08 Warning: Further gmin increment
Trying gmin =   1.0048E-07 Note: One successful gmin step
Trying gmin =   9.6688E-08 Warning: Further gmin increment
Trying gmin =   9.9515E-08 Note: One successful gmin step
Trying gmin =   9.8092E-08 Note: One successful gmin step
Trying gmin =   9.5994E-08 Note: One successful gmin step
Trying gmin =   9.2932E-08 Note: One successful gmin step
Trying gmin =   8.8522E-08 Note: One successful gmin step
Trying gmin =   8.2295E-08 Note: One successful gmin step
Trying gmin =   7.3766E-08 Note: One successful gmin step
Trying gmin =   6.2602E-08 Note: One successful gmin step
Trying gmin =   4.8942E-08 Note: One successful gmin step
Trying gmin =   3.3831E-08 Note: One successful gmin step
Trying gmin =   1.9444E-08 Note: One successful gmin step
Trying gmin =   8.4715E-09 Note: One successful gmin step
Trying gmin =   2.4364E-09 Note: One successful gmin step
Trying gmin =   3.7576E-10 Note: One successful gmin step
Trying gmin =   3.7576E-11 Note: One successful gmin step
Trying gmin =   3.7576E-12 Note: One successful gmin step
Trying gmin =   1.0000E-12 Note: One successful gmin step
Note: True gmin stepping completed
 Reference value :  3.00000e+00Note: Starting true gmin stepping
Trying gmin =   1.0000E-03 Note: One successful gmin step
Trying gmin =   1.0000E-04 Note: One successful gmin step
Trying gmin =   1.0000E-05 Note: One successful gmin step
Trying gmin =   1.0000E-06 Note: One successful gmin step
Trying gmin =   1.0000E-07 Note: One successful gmin step
Trying gmin =   1.0000E-08 Note: One successful gmin step
Trying gmin =   3.1623E-09 Note: One successful gmin step
Trying gmin =   5.6234E-10 Note: One successful gmin step
Trying gmin =   5.6234E-11 Warning: Further gmin increment
Trying gmin =   3.1623E-10 Warning: Further gmin increment
Trying gmin =   4.8697E-10 Note: One successful gmin step
Trying gmin =   3.9242E-10 Note: One successful gmin step
Trying gmin =   2.8387E-10 Note: One successful gmin step
Trying gmin =   1.7466E-10 Note: One successful gmin step
Trying gmin =   8.4291E-11 Note: One successful gmin step
Trying gmin =   2.8260E-11 Note: One successful gmin step
Trying gmin =   5.4860E-12 Note: One successful gmin step
Trying gmin =   1.0000E-12 Note: One successful gmin step
Note: True gmin stepping completed
Note: Starting true gmin stepping
Trying gmin =   1.0000E-03 Note: One successful gmin step
Trying gmin =   1.0000E-04 Note: One successful gmin step
Trying gmin =   1.0000E-05 Note: One successful gmin step
Trying gmin =   1.0000E-06 Note: One successful gmin step
Trying gmin =   1.0000E-07 Note: One successful gmin step
Trying gmin =   1.0000E-08 Warning: Further gmin increment
Trying gmin =   5.6234E-08 Note: One successful gmin step
Trying gmin =   2.3714E-08 Note: One successful gmin step
Trying gmin =   6.4938E-09 Note: One successful gmin step
Trying gmin =   9.3057E-10 Note: One successful gmin step
Trying gmin =   9.3057E-11 Warning: Further gmin increment
Trying gmin =   5.2330E-10 Note: One successful gmin step
Trying gmin =   2.2067E-10 Note: One successful gmin step
Trying gmin =   6.0430E-11 Note: One successful gmin step
Trying gmin =   8.6596E-12 Note: One successful gmin step
Trying gmin =   1.0000E-12 Note: One successful gmin step
Note: True gmin stepping completed
 Reference value :  1.12000e+00
No compatibility mode selected!


Circuit: * ldo netlist 

Doing analysis at TEMP = 85.000000 and TNOM = 27.000000


No. of Data Rows : 81
temp_coeff = 4.547307e+01
Doing analysis at TEMP = 85.000000 and TNOM = 27.000000


No. of Data Rows : 151
vldo_sup_2          =  1.794363e+00
vldo_sup_3          =  1.797244e+00
line_reg = 2.881000e-03
Note: No ".plot", ".print", or ".fourier" lines; no simulations run
vin                 =  1.764189e+00
dropout = 1.890000e-04
Doing analysis at TEMP = 85.000000 and TNOM = 27.000000


No. of Data Rows : 91
psrr100             =  -5.097825e+01
psrr100k            =  -2.788705e+01
