Note: Starting true gmin stepping
Trying gmin =   1.0000E-03 Note: One successful gmin step
Trying gmin =   1.0000E-04 Note: One successful gmin step
Trying gmin =   1.0000E-05 Note: One successful gmin step
Trying gmin =   1.0000E-06 Note: One successful gmin step
Trying gmin =   1.0000E-07 Note: One successful gmin step
Trying gmin =   1.0000E-08 Warning: Further gmin increment
Trying gmin =   5.6234E-08 Warning: Further gmin increment
Trying gmin =   8.6596E-08 Note: One successful gmin step
Trying gmin =   6.9783E-08 Note: One successful gmin step
Trying gmin =   5.0481E-08 Warning: Further gmin increment
Trying gmin =   6.4357E-08 Note: One successful gmin step
Trying gmin =   5.6998E-08 Note: One successful gmin step
Trying gmin =   4.7507E-08 Warning: Further gmin increment
Trying gmin =   5.4461E-08 Warning: Further gmin increment
Trying gmin =   5.6353E-08 Note: One successful gmin step
Trying gmin =   5.5399E-08 Warning: Further gmin increment
Trying gmin =   5.6113E-08 Warning: Further gmin increment
Trying gmin =   5.6293E-08 Note: One successful gmin step
Trying gmin =   5.6203E-08 Note: One successful gmin step
Trying gmin =   5.6068E-08 Warning: Further gmin increment
Trying gmin =   5.6169E-08 Note: One successful gmin step
Trying gmin =   5.6118E-08 Warning: Further gmin increment
Trying gmin =   5.6156E-08 Note: One successful gmin step
Trying gmin =   5.6137E-08 Warning: Further gmin increment
Trying gmin =   5.6152E-08 Note: One successful gmin step
Trying gmin =   5.6144E-08 Note: One successful gmin step
Trying gmin =   5.6134E-08 Warning: Further gmin increment
Trying gmin =   5.6142E-08 Warning: Last gmin step failed
Warning: True gmin stepping failed
Note: Starting dynamic gmin stepping
Trying gmin =   1.0000E-03 Note: One successful gmin step
Trying gmin =   1.0000E-04 Note: One successful gmin step
Trying gmin =   1.0000E-05 Note: One successful gmin step
Trying gmin =   1.0000E-06 Note: One successful gmin step
Trying gmin =   1.0000E-07 Warning: Further gmin increment
Trying gmin =   5.6234E-07 Note: One successful gmin step
Trying gmin =   2.3714E-07 Warning: Further gmin increment
Trying gmin =   4.5316E-07 Note: One successful gmin step
Trying gmin =   3.6517E-07 Note: One successful gmin step
Trying gmin =   2.6416E-07 Warning: Further gmin increment
Trying gmin =   3.3678E-07 Note: One successful gmin step
Trying gmin =   2.9827E-07 Note: One successful gmin step
Trying gmin =   2.6416E-07 Note: One successful gmin step
Trying gmin =   2.2018E-07 Note: One successful gmin step
Trying gmin =   1.6754E-07 Note: One successful gmin step
Trying gmin =   1.1121E-07 Note: One successful gmin step
Trying gmin =   6.0142E-08 Note: One successful gmin step
Trying gmin =   2.3918E-08 Note: One successful gmin step
Trying gmin =   5.9985E-09 Note: One successful gmin step
Trying gmin =   7.5341E-10 Note: One successful gmin step
Trying gmin =   7.5341E-11 Note: One successful gmin step
Trying gmin =   7.5341E-12 Note: One successful gmin step
Trying gmin =   1.0000E-12 Note: One successful gmin step
Note: Dynamic gmin stepping completed
 Reference value :  8.00000e+01Note: Starting true gmin stepping
Trying gmin =   1.0000E-03 Note: One successful gmin step
Trying gmin =   1.0000E-04 Note: One successful gmin step
Trying gmin =   1.0000E-05 Note: One successful gmin step
Trying gmin =   1.0000E-06 Note: One successful gmin step
Trying gmin =   1.0000E-07 Warning: Further gmin increment
Trying gmin =   5.6234E-07 Note: One successful gmin step
Trying gmin =   2.3714E-07 Note: One successful gmin step
Trying gmin =   1.5399E-07 Note: One successful gmin step
Trying gmin =   8.0584E-08 Warning: Further gmin increment
Trying gmin =   1.3097E-07 Note: One successful gmin step
Trying gmin =   1.0274E-07 Note: One successful gmin step
Trying gmin =   7.1370E-08 Warning: Further gmin increment
Trying gmin =   9.3792E-08 Warning: Further gmin increment
Trying gmin =   1.0042E-07 Note: One successful gmin step
Trying gmin =   9.8162E-08 Note: One successful gmin step
Trying gmin =   9.4866E-08 Note: One successful gmin step
Trying gmin =   9.0129E-08 Note: One successful gmin step
Trying gmin =   8.3463E-08 Note: One successful gmin step
Trying gmin =   7.4377E-08 Note: One successful gmin step
Trying gmin =   6.2568E-08 Note: One successful gmin step
Trying gmin =   4.8275E-08 Note: One successful gmin step
Trying gmin =   3.2718E-08 Note: One successful gmin step
Trying gmin =   1.8255E-08 Note: One successful gmin step
Trying gmin =   7.6078E-09 Note: One successful gmin step
Trying gmin =   2.0468E-09 Note: One successful gmin step
Trying gmin =   2.8564E-10 Note: One successful gmin step
Trying gmin =   2.8564E-11 Note: One successful gmin step
Trying gmin =   2.8564E-12 Note: One successful gmin step
Trying gmin =   1.0000E-12 Note: One successful gmin step
Note: True gmin stepping completed
 Reference value :  3.00000e+00Note: Starting true gmin stepping
Trying gmin =   1.0000E-03 Note: One successful gmin step
Trying gmin =   1.0000E-04 Note: One successful gmin step
Trying gmin =   1.0000E-05 Note: One successful gmin step
Trying gmin =   1.0000E-06 Note: One successful gmin step
Trying gmin =   1.0000E-07 Note: One successful gmin step
Trying gmin =   1.0000E-08 Warning: Further gmin increment
Trying gmin =   5.6234E-08 Note: One successful gmin step
Trying gmin =   2.3714E-08 Note: One successful gmin step
Trying gmin =   6.4938E-09 Note: One successful gmin step
Trying gmin =   9.3057E-10 Note: One successful gmin step
Trying gmin =   9.3057E-11 Warning: Further gmin increment
Trying gmin =   5.2330E-10 Note: One successful gmin step
Trying gmin =   2.2067E-10 Note: One successful gmin step
Trying gmin =   6.0430E-11 Note: One successful gmin step
Trying gmin =   8.6596E-12 Warning: Further gmin increment
Trying gmin =   3.7180E-11 Note: One successful gmin step
Trying gmin =   1.7943E-11 Warning: Further gmin increment
Trying gmin =   3.0989E-11 Note: One successful gmin step
Trying gmin =   2.5829E-11 Note: One successful gmin step
Trying gmin =   1.9654E-11 Note: One successful gmin step
Trying gmin =   1.3046E-11 Note: One successful gmin step
Trying gmin =   7.0552E-12 Note: One successful gmin step
Trying gmin =   2.8058E-12 Note: One successful gmin step
Trying gmin =   1.0000E-12 Note: One successful gmin step
Note: True gmin stepping completed
 Reference value :  1.26000e+00Note: Starting true gmin stepping
Trying gmin =   1.0000E-03 Note: One successful gmin step
Trying gmin =   1.0000E-04 Note: One successful gmin step
Trying gmin =   1.0000E-05 Note: One successful gmin step
Trying gmin =   1.0000E-06 Note: One successful gmin step
Trying gmin =   1.0000E-07 Note: One successful gmin step
Trying gmin =   1.0000E-08 Warning: Further gmin increment
Trying gmin =   5.6234E-08 Note: One successful gmin step
Trying gmin =   2.3714E-08 Note: One successful gmin step
Trying gmin =   6.4938E-09 Note: One successful gmin step
Trying gmin =   9.3057E-10 Note: One successful gmin step
Trying gmin =   9.3057E-11 Note: One successful gmin step
Trying gmin =   9.3057E-12 Warning: Further gmin increment
Trying gmin =   5.2330E-11 Note: One successful gmin step
Trying gmin =   2.2067E-11 Warning: Further gmin increment
Trying gmin =   4.2170E-11 Note: One successful gmin step
Trying gmin =   3.0505E-11 Note: One successful gmin step
Trying gmin =   1.8769E-11 Warning: Further gmin increment
Trying gmin =   2.7017E-11 Warning: Further gmin increment
Trying gmin =   2.9593E-11 Note: One successful gmin step
Trying gmin =   2.8276E-11 Note: One successful gmin step
Trying gmin =   2.6409E-11 Warning: Further gmin increment
Trying gmin =   2.7797E-11 Note: One successful gmin step
Trying gmin =   2.7094E-11 Warning: Further gmin increment
Trying gmin =   2.7620E-11 Warning: Further gmin increment
Trying gmin =   2.7753E-11 Note: One successful gmin step
Trying gmin =   2.7686E-11 Note: One successful gmin step
Trying gmin =   2.7620E-11 Note: One successful gmin step
Trying gmin =   2.7520E-11 Note: One successful gmin step
Trying gmin =   2.7372E-11 Note: One successful gmin step
Trying gmin =   2.7151E-11 Note: One successful gmin step
Trying gmin =   2.6823E-11 Note: One successful gmin step
Trying gmin =   2.6338E-11 Note: One successful gmin step
Trying gmin =   2.5628E-11 Note: One successful gmin step
Trying gmin =   2.4598E-11 Note: One successful gmin step
Trying gmin =   2.3130E-11 Note: One successful gmin step
Trying gmin =   2.1090E-11 Note: One successful gmin step
Trying gmin =   1.8363E-11 Note: One successful gmin step
Trying gmin =   1.4919E-11 Note: One successful gmin step
Trying gmin =   1.0925E-11 Note: One successful gmin step
Trying gmin =   6.8466E-12 Note: One successful gmin step
Trying gmin =   3.3966E-12 Note: One successful gmin step
Trying gmin =   1.1868E-12 Note: One successful gmin step
Trying gmin =   1.0000E-12 Note: One successful gmin step
Note: True gmin stepping completed
 Reference value :  1.24000e+00Note: Starting true gmin stepping
Trying gmin =   1.0000E-03 Note: One successful gmin step
Trying gmin =   1.0000E-04 Note: One successful gmin step
Trying gmin =   1.0000E-05 Note: One successful gmin step
Trying gmin =   1.0000E-06 Note: One successful gmin step
Trying gmin =   1.0000E-07 Note: One successful gmin step
Trying gmin =   1.0000E-08 Note: One successful gmin step
Trying gmin =   1.0000E-09 Note: One successful gmin step
Trying gmin =   1.0000E-10 Note: One successful gmin step
Trying gmin =   1.0000E-11 Note: One successful gmin step
Trying gmin =   1.0000E-12 Warning: Further gmin increment
Trying gmin =   5.6234E-12 Note: One successful gmin step
Trying gmin =   2.3714E-12 Note: One successful gmin step
Trying gmin =   1.0000E-12 Note: One successful gmin step
Note: True gmin stepping completed

No compatibility mode selected!


Circuit: * ldo netlist 

Doing analysis at TEMP = 27.000000 and TNOM = 27.000000


No. of Data Rows : 81
temp_coeff = 4.042397e+01
Doing analysis at TEMP = 27.000000 and TNOM = 27.000000


No. of Data Rows : 151
vldo_sup_2          =  1.798308e+00
vldo_sup_3          =  1.797940e+00
line_reg = -3.68000e-04
Note: Starting true gmin stepping
Trying gmin =   1.0000E-03 Note: One successful gmin step
Trying gmin =   1.0000E-04 Note: One successful gmin step
Trying gmin =   1.0000E-05 Note: One successful gmin step
Trying gmin =   1.0000E-06 Note: One successful gmin step
Trying gmin =   1.0000E-07 Note: One successful gmin step
Trying gmin =   3.1623E-08 Warning: Further gmin increment
Trying gmin =   7.4989E-08 Note: One successful gmin step
Trying gmin =   4.8697E-08 Note: One successful gmin step
Trying gmin =   2.5483E-08 Warning: Further gmin increment
Trying gmin =   4.1418E-08 Note: One successful gmin step
Trying gmin =   3.2488E-08 Warning: Further gmin increment
Trying gmin =   3.8978E-08 Warning: Further gmin increment
Trying gmin =   4.0794E-08 Note: One successful gmin step
Trying gmin =   3.9876E-08 Note: One successful gmin step
Trying gmin =   3.8537E-08 Warning: Further gmin increment
Trying gmin =   3.9537E-08 Warning: Further gmin increment
Trying gmin =   3.9791E-08 Warning: Further gmin increment
Trying gmin =   3.9854E-08 Note: One successful gmin step
Trying gmin =   3.9823E-08 Warning: Further gmin increment
Trying gmin =   3.9846E-08 Note: One successful gmin step
Trying gmin =   3.9834E-08 Warning: Further gmin increment
Trying gmin =   3.9843E-08 Warning: Further gmin increment
Trying gmin =   3.9846E-08 Warning: Last gmin step failed
Note: True gmin stepping completed
 Reference value :  1.00000e+00Note: No ".plot", ".print", or ".fourier" lines; no simulations run
vin                 =  1.764172e+00
dropout = 1.720000e-04
Doing analysis at TEMP = 27.000000 and TNOM = 27.000000


No. of Data Rows : 91
psrr100             =  -7.384600e+01
psrr100k            =  -3.141740e+01
