 Reference value :  8.50000e+01Note: Starting true gmin stepping
Trying gmin =   1.0000E-03 Note: One successful gmin step
Trying gmin =   1.0000E-04 Note: One successful gmin step
Trying gmin =   1.0000E-05 Note: One successful gmin step
Trying gmin =   1.0000E-06 Warning: Further gmin increment
Trying gmin =   5.6234E-06 Note: One successful gmin step
Trying gmin =   2.3714E-06 Note: One successful gmin step
Trying gmin =   6.4938E-07 Warning: Further gmin increment
Trying gmin =   1.7154E-06 Note: One successful gmin step
Trying gmin =   1.0554E-06 Note: One successful gmin step
Trying gmin =   5.0937E-07 Note: One successful gmin step
Trying gmin =   1.7077E-07 Note: One successful gmin step
Trying gmin =   3.3152E-08 Note: One successful gmin step
Trying gmin =   3.3152E-09 Note: One successful gmin step
Trying gmin =   3.3152E-10 Note: One successful gmin step
Trying gmin =   3.3152E-11 Note: One successful gmin step
Trying gmin =   3.3152E-12 Note: One successful gmin step
Trying gmin =   1.0000E-12 Note: One successful gmin step
Note: True gmin stepping completed
 Reference value :  2.10000e+00Note: Starting true gmin stepping
Trying gmin =   1.0000E-03 Note: One successful gmin step
Trying gmin =   1.0000E-04 Note: One successful gmin step
Trying gmin =   1.0000E-05 Note: One successful gmin step
Trying gmin =   1.0000E-06 Note: One successful gmin step
Trying gmin =   1.0000E-07 Note: One successful gmin step
Trying gmin =   1.0000E-08 Note: One successful gmin step
Trying gmin =   1.0000E-09 Note: One successful gmin step
Trying gmin =   1.0000E-10 Note: One successful gmin step
Trying gmin =   1.0000E-11 Note: One successful gmin step
Trying gmin =   1.0000E-12 Note: One successful gmin step
Trying gmin =   1.0000E-12 Note: One successful gmin step
Note: True gmin stepping completed
Note: Starting true gmin stepping
Trying gmin =   1.0000E-03 Note: One successful gmin step
Trying gmin =   1.0000E-04 Note: One successful gmin step
Trying gmin =   1.0000E-05 Note: One successful gmin step
Trying gmin =   1.0000E-06 Note: One successful gmin step
Trying gmin =   1.0000E-07 Note: One successful gmin step
Trying gmin =   1.0000E-08 Note: One successful gmin step
Trying gmin =   1.0000E-09 Note: One successful gmin step
Trying gmin =   1.0000E-10 Note: One successful gmin step
Trying gmin =   1.0000E-11 Note: One successful gmin step
Trying gmin =   1.0000E-12 Warning: Further gmin increment
Trying gmin =   5.6234E-12 Note: One successful gmin step
Trying gmin =   2.3714E-12 Note: One successful gmin step
Trying gmin =   1.0000E-12 Warning: Further gmin increment
Trying gmin =   1.9110E-12 Note: One successful gmin step
Trying gmin =   1.3824E-12 Note: One successful gmin step
Trying gmin =   1.0000E-12 Warning: Further gmin increment
Trying gmin =   1.2749E-12 Note: One successful gmin step
Trying gmin =   1.1757E-12 Note: One successful gmin step
Trying gmin =   1.0413E-12 Note: One successful gmin step
Trying gmin =   1.0000E-12 Note: One successful gmin step
Warning: True gmin stepping failed
Note: Starting dynamic gmin stepping
Trying gmin =   1.0000E-03 Note: One successful gmin step
Trying gmin =   1.0000E-04 Note: One successful gmin step
Trying gmin =   1.0000E-05 Note: One successful gmin step
Trying gmin =   1.0000E-06 Note: One successful gmin step
Trying gmin =   1.0000E-07 Note: One successful gmin step
Trying gmin =   1.0000E-08 Note: One successful gmin step
Trying gmin =   1.0000E-09 Note: One successful gmin step
Trying gmin =   1.0000E-10 Note: One successful gmin step
Trying gmin =   1.0000E-11 Note: One successful gmin step
Trying gmin =   1.0000E-12 Warning: Further gmin increment
Trying gmin =   5.6234E-12 Note: One successful gmin step
Trying gmin =   2.3714E-12 Note: One successful gmin step
Trying gmin =   1.0000E-12 Note: One successful gmin step
Trying gmin =   1.0000E-12 Note: One successful gmin step
Warning: Dynamic gmin stepping failed
Note: Starting source stepping
Supplies reduced to   0.0000% Note: One successful source step
Supplies reduced to   0.1000% Note: One successful source step
Supplies reduced to   0.2000% Note: One successful source step
Supplies reduced to   0.3500% Note: One successful source step
Supplies reduced to   0.5750% Note: One successful source step
Supplies reduced to   0.9125% Note: One successful source step
Supplies reduced to   1.4188% Note: One successful source step
Supplies reduced to   2.1781% Note: One successful source step
Supplies reduced to   3.3172% Note: One successful source step
Supplies reduced to   5.0258% Note: One successful source step
Supplies reduced to   7.5887% Note: One successful source step
Supplies reduced to  11.4330% Note: One successful source step
Supplies reduced to  17.1995% Note: One successful source step
Supplies reduced to  25.8493% Note: One successful source step
Supplies reduced to  38.8239% Note: One successful source step
Supplies reduced to  58.2859% Note: One successful source step
Supplies reduced to  87.4788% Note: One successful source step
Supplies reduced to 100.0000% Supplies reduced to  87.4788% Note: One successful source step
Supplies reduced to  88.4788% Note: One successful source step
Supplies reduced to  89.9788% Note: One successful source step
Supplies reduced to  90.7288% Note: One successful source step
Supplies reduced to  91.4788% Note: One successful source step
Supplies reduced to  91.8538% Note: One successful source step
Supplies reduced to  92.0413% Note: One successful source step
Supplies reduced to  92.3225% Note: One successful source step
Supplies reduced to  92.6038% Note: One successful source step
Supplies reduced to  93.0257% Note: One successful source step
Supplies reduced to  93.4475% Note: One successful source step
Supplies reduced to  94.0803% Note: One successful source step
Supplies reduced to  95.0296% Note: One successful source step
Supplies reduced to  96.4534% Note: One successful source step
Supplies reduced to  97.8772% Note: One successful source step
Supplies reduced to 100.0000% Supplies reduced to  97.8772% Note: One successful source step
Supplies reduced to  98.1976% Note: One successful source step
Supplies reduced to  98.6781% Note: One successful source step
Supplies reduced to  99.3989% Note: One successful source step
Supplies reduced to 100.0000% Supplies reduced to  99.3989% Note: One successful source step
Supplies reduced to  99.5611% Note: One successful source step
Supplies reduced to  99.8044% Note: One successful source step
Supplies reduced to 100.0000% Supplies reduced to  99.8044% Note: One successful source step
Supplies reduced to  99.8591% Supplies reduced to  99.8044% Note: One successful source step
Supplies reduced to  99.8126% Note: One successful source step
Supplies reduced to  99.8249% Supplies reduced to  99.8126% Note: One successful source step
Supplies reduced to  99.8144% Note: One successful source step
Supplies reduced to  99.8172% Supplies reduced to  99.8144% Note: One successful source step
Supplies reduced to  99.8147% Supplies reduced to  99.8144% Warning: source stepping failed
doAnalyses: Too many iterations without convergence

dc simulation(s) aborted

No compatibility mode selected!


Circuit: * ldo netlist 

Doing analysis at TEMP = 85.000000 and TNOM = 27.000000


No. of Data Rows : 86
temp_coeff = 5.701874e+01
Doing analysis at TEMP = 85.000000 and TNOM = 27.000000

vldo_sup_2          =  1.810257e+00
vldo_sup_2_8        =  1.812658e+00
line_reg = 3.001250e-03
 Reference value :  1.00000e+00vin                 =  1.916109e+00
dropout = 1.521090e-01
Doing analysis at TEMP = 85.000000 and TNOM = 27.000000


No. of Data Rows : 91
Error: no such vector PM
Note: No ".plot", ".print", or ".fourier" lines; no simulations run

Error: measure  pm  (AT) : out of interval
 meas ac pm find p when vdb(ldo_out)=0 failed!

Doing analysis at TEMP = 85.000000 and TNOM = 27.000000


No. of Data Rows : 91
psrr100             =  -3.505716e+01
psrr100k            =  -4.655173e+01
