Note: Starting true gmin stepping
Trying gmin =   1.0000E-03 Note: One successful gmin step
Trying gmin =   1.0000E-04 Note: One successful gmin step
Trying gmin =   1.0000E-05 Note: One successful gmin step
Trying gmin =   1.0000E-06 Note: One successful gmin step
Trying gmin =   1.0000E-07 Note: One successful gmin step
Trying gmin =   1.0000E-08 Warning: Further gmin increment
Trying gmin =   5.6234E-08 Warning: Further gmin increment
Trying gmin =   8.6596E-08 Warning: Further gmin increment
Trying gmin =   9.6466E-08 Note: One successful gmin step
Trying gmin =   9.1398E-08 Note: One successful gmin step
Trying gmin =   8.4291E-08 Warning: Further gmin increment
Trying gmin =   8.9567E-08 Warning: Further gmin increment
Trying gmin =   9.0937E-08 Warning: Further gmin increment
Trying gmin =   9.1283E-08 Note: One successful gmin step
Trying gmin =   9.1110E-08 Warning: Further gmin increment
Trying gmin =   9.1239E-08 Warning: Further gmin increment
Trying gmin =   9.1272E-08 Warning: Further gmin increment
Trying gmin =   9.1280E-08 Note: One successful gmin step
Trying gmin =   9.1276E-08 Warning: Last gmin step failed
Warning: True gmin stepping failed
Note: Starting dynamic gmin stepping
Trying gmin =   1.0000E-03 Note: One successful gmin step
Trying gmin =   1.0000E-04 Note: One successful gmin step
Trying gmin =   1.0000E-05 Note: One successful gmin step
Trying gmin =   1.0000E-06 Warning: Further gmin increment
Trying gmin =   5.6234E-06 Warning: Further gmin increment
Trying gmin =   8.6596E-06 Note: One successful gmin step
Trying gmin =   6.9783E-06 Note: One successful gmin step
Trying gmin =   5.0481E-06 Note: One successful gmin step
Trying gmin =   3.1059E-06 Note: One successful gmin step
Trying gmin =   2.4362E-06 Note: One successful gmin step
Trying gmin =   1.6924E-06 Note: One successful gmin step
Trying gmin =   9.7997E-07 Warning: Further gmin increment
Trying gmin =   1.4764E-06 Note: One successful gmin step
Trying gmin =   1.2028E-06 Note: One successful gmin step
Trying gmin =   8.8454E-07 Warning: Further gmin increment
Trying gmin =   1.1139E-06 Note: One successful gmin step
Trying gmin =   9.9260E-07 Warning: Further gmin increment
Trying gmin =   1.0822E-06 Note: One successful gmin step
Trying gmin =   1.0364E-06 Note: One successful gmin step
Trying gmin =   9.9260E-07 Note: One successful gmin step
Trying gmin =   9.3028E-07 Note: One successful gmin step
Trying gmin =   8.4407E-07 Note: One successful gmin step
Trying gmin =   7.2950E-07 Note: One successful gmin step
Trying gmin =   5.8614E-07 Note: One successful gmin step
Trying gmin =   4.2214E-07 Note: One successful gmin step
Trying gmin =   2.5801E-07 Note: One successful gmin step
Trying gmin =   1.2329E-07 Note: One successful gmin step
Trying gmin =   4.0722E-08 Note: One successful gmin step
Trying gmin =   7.7305E-09 Note: One successful gmin step
Trying gmin =   7.7305E-10 Note: One successful gmin step
Trying gmin =   7.7305E-11 Note: One successful gmin step
Trying gmin =   7.7305E-12 Note: One successful gmin step
Trying gmin =   1.0000E-12 Note: One successful gmin step
Note: Dynamic gmin stepping completed
 Reference value :  0.00000e+00
No compatibility mode selected!


Circuit: * ldo netlist 

Doing analysis at TEMP = 0.000000 and TNOM = 27.000000


No. of Data Rows : 1
bg_out = 1.195680e+00
inn = 1.266662e+00
inp = 1.266637e+00
l1#branch = 0.000000e+00
ldo_out = 1.798399e+00
m.xm1.msky130_fd_pr__nfet_g5v0d10v5#body = 1.803324e-11
m.xm1.msky130_fd_pr__nfet_g5v0d10v5#dbody = 3.852485e-11
m.xm1.msky130_fd_pr__nfet_g5v0d10v5#sbody = 1.557488e-11
m.xm2.msky130_fd_pr__pfet_g5v0d10v5#body = 2.500000e+00
m.xm2.msky130_fd_pr__pfet_g5v0d10v5#dbody = 2.500000e+00
m.xm2.msky130_fd_pr__pfet_g5v0d10v5#sbody = 2.500000e+00
m.xm3.msky130_fd_pr__pfet_g5v0d10v5#body = 2.500000e+00
m.xm3.msky130_fd_pr__pfet_g5v0d10v5#dbody = 2.500000e+00
m.xm3.msky130_fd_pr__pfet_g5v0d10v5#sbody = 2.500000e+00
m.xm4.msky130_fd_pr__pfet_g5v0d10v5#body = 2.500000e+00
m.xm4.msky130_fd_pr__pfet_g5v0d10v5#dbody = 2.500000e+00
m.xm4.msky130_fd_pr__pfet_g5v0d10v5#sbody = 2.500000e+00
m.xm5.msky130_fd_pr__pfet_g5v0d10v5#body = 2.500000e+00
m.xm5.msky130_fd_pr__pfet_g5v0d10v5#dbody = 2.500000e+00
m.xm5.msky130_fd_pr__pfet_g5v0d10v5#sbody = 2.500000e+00
m.xm6.msky130_fd_pr__nfet_g5v0d10v5#body = 1.246984e-11
m.xm6.msky130_fd_pr__nfet_g5v0d10v5#dbody = 3.117458e-11
m.xm6.msky130_fd_pr__nfet_g5v0d10v5#sbody = 6.234922e-12
m.xm7.msky130_fd_pr__pfet_g5v0d10v5#body = 2.500000e+00
m.xm7.msky130_fd_pr__pfet_g5v0d10v5#dbody = 2.500000e+00
m.xm7.msky130_fd_pr__pfet_g5v0d10v5#sbody = 2.500000e+00
m.xm8.msky130_fd_pr__pfet_g5v0d10v5#body = 2.500000e+00
m.xm8.msky130_fd_pr__pfet_g5v0d10v5#dbody = 2.500000e+00
m.xm8.msky130_fd_pr__pfet_g5v0d10v5#sbody = 2.500000e+00
m.xm9.msky130_fd_pr__nfet_g5v0d10v5#body = 1.834809e-11
m.xm9.msky130_fd_pr__nfet_g5v0d10v5#dbody = 4.092991e-11
m.xm9.msky130_fd_pr__nfet_g5v0d10v5#sbody = 1.411435e-11
m.xm10.msky130_fd_pr__nfet_g5v0d10v5#body = 1.812933e-11
m.xm10.msky130_fd_pr__nfet_g5v0d10v5#dbody = 4.038300e-11
m.xm10.msky130_fd_pr__nfet_g5v0d10v5#sbody = 1.400497e-11
m.xm11.msky130_fd_pr__pfet_g5v0d10v5#body = 2.500000e+00
m.xm11.msky130_fd_pr__pfet_g5v0d10v5#dbody = 2.500000e+00
m.xm11.msky130_fd_pr__pfet_g5v0d10v5#sbody = 2.500000e+00
m.xm12.msky130_fd_pr__pfet_g5v0d10v5#body = 2.500000e+00
m.xm12.msky130_fd_pr__pfet_g5v0d10v5#dbody = 2.500000e+00
m.xm12.msky130_fd_pr__pfet_g5v0d10v5#sbody = 2.500000e+00
m.xm13.msky130_fd_pr__nfet_g5v0d10v5#body = 2.470134e-12
m.xm13.msky130_fd_pr__nfet_g5v0d10v5#dbody = 6.175325e-12
m.xm13.msky130_fd_pr__nfet_g5v0d10v5#sbody = 1.235077e-12
m.xm14.msky130_fd_pr__pfet_g5v0d10v5#body = 2.500000e+00
m.xm14.msky130_fd_pr__pfet_g5v0d10v5#dbody = 2.500000e+00
m.xm14.msky130_fd_pr__pfet_g5v0d10v5#sbody = 2.500000e+00
m.xm15.msky130_fd_pr__nfet_g5v0d10v5#body = 4.282443e-16
m.xm15.msky130_fd_pr__nfet_g5v0d10v5#dbody = 1.070590e-15
m.xm15.msky130_fd_pr__nfet_g5v0d10v5#sbody = 2.141427e-16
m.xm16.msky130_fd_pr__nfet_g5v0d10v5#body = 4.708339e-11
m.xm16.msky130_fd_pr__nfet_g5v0d10v5#dbody = 8.604181e-11
m.xm16.msky130_fd_pr__nfet_g5v0d10v5#sbody = 5.520835e-11
m.xm17.msky130_fd_pr__pfet_g5v0d10v5#body = 2.500000e+00
m.xm17.msky130_fd_pr__pfet_g5v0d10v5#dbody = 2.500000e+00
m.xm17.msky130_fd_pr__pfet_g5v0d10v5#sbody = 2.500000e+00
m.xm18.msky130_fd_pr__nfet_g5v0d10v5#body = 1.619532e-11
m.xm18.msky130_fd_pr__nfet_g5v0d10v5#dbody = 4.048812e-11
m.xm18.msky130_fd_pr__nfet_g5v0d10v5#sbody = 8.097672e-12
m.xm19.msky130_fd_pr__nfet_g5v0d10v5#body = 1.807706e-11
m.xm19.msky130_fd_pr__nfet_g5v0d10v5#dbody = 3.863438e-11
m.xm19.msky130_fd_pr__nfet_g5v0d10v5#sbody = 1.559679e-11
m.xm20.msky130_fd_pr__nfet_g5v0d10v5#body = 1.304119e-11
m.xm20.msky130_fd_pr__nfet_g5v0d10v5#dbody = 3.260295e-11
m.xm20.msky130_fd_pr__nfet_g5v0d10v5#sbody = 6.520605e-12
m.xm22.msky130_fd_pr__nfet_g5v0d10v5#body = 3.279165e-12
m.xm22.msky130_fd_pr__nfet_g5v0d10v5#dbody = 8.197908e-12
m.xm22.msky130_fd_pr__nfet_g5v0d10v5#sbody = 1.639587e-12
m.xm24.msky130_fd_pr__pfet_g5v0d10v5#body = 2.500000e+00
m.xm24.msky130_fd_pr__pfet_g5v0d10v5#dbody = 2.500000e+00
m.xm24.msky130_fd_pr__pfet_g5v0d10v5#sbody = 2.500000e+00
m.xm26.msky130_fd_pr__pfet_g5v0d10v5#body = 2.500000e+00
m.xm26.msky130Note: Starting true gmin stepping
Trying gmin =   1.0000E-03 Note: One successful gmin step
Trying gmin =   1.0000E-04 Note: One successful gmin step
Trying gmin =   1.0000E-05 Note: One successful gmin step
Trying gmin =   1.0000E-06 Note: One successful gmin step
Trying gmin =   1.0000E-07 Note: One successful gmin step
Trying gmin =   1.0000E-08 Warning: Further gmin increment
Trying gmin =   5.6234E-08 Warning: Further gmin increment
Trying gmin =   8.6596E-08 Warning: Further gmin increment
Trying gmin =   9.6466E-08 Note: One successful gmin step
Trying gmin =   9.1398E-08 Note: One successful gmin step
Trying gmin =   8.4291E-08 Warning: Further gmin increment
Trying gmin =   8.9567E-08 Warning: Further gmin increment
Trying gmin =   9.0937E-08 Warning: Further gmin increment
Trying gmin =   9.1283E-08 Note: One successful gmin step
Trying gmin =   9.1110E-08 Warning: Further gmin increment
Trying gmin =   9.1239E-08 Warning: Further gmin increment
Trying gmin =   9.1272E-08 Warning: Further gmin increment
Trying gmin =   9.1280E-08 Note: One successful gmin step
Trying gmin =   9.1276E-08 Warning: Last gmin step failed
Warning: True gmin stepping failed
Note: Starting dynamic gmin stepping
Trying gmin =   1.0000E-03 Note: One successful gmin step
Trying gmin =   1.0000E-04 Note: One successful gmin step
Trying gmin =   1.0000E-05 Note: One successful gmin step
Trying gmin =   1.0000E-06 Warning: Further gmin increment
Trying gmin =   5.6234E-06 Warning: Further gmin increment
Trying gmin =   8.6596E-06 Note: One successful gmin step
Trying gmin =   6.9783E-06 Note: One successful gmin step
Trying gmin =   5.0481E-06 Note: One successful gmin step
Trying gmin =   3.1059E-06 Note: One successful gmin step
Trying gmin =   2.4362E-06 Note: One successful gmin step
Trying gmin =   1.6924E-06 Note: One successful gmin step
Trying gmin =   9.7997E-07 Warning: Further gmin increment
Trying gmin =   1.4764E-06 Note: One successful gmin step
Trying gmin =   1.2028E-06 Note: One successful gmin step
Trying gmin =   8.8454E-07 Warning: Further gmin increment
Trying gmin =   1.1139E-06 Note: One successful gmin step
Trying gmin =   9.9260E-07 Warning: Further gmin increment
Trying gmin =   1.0822E-06 Note: One successful gmin step
Trying gmin =   1.0364E-06 Note: One successful gmin step
Trying gmin =   9.9260E-07 Note: One successful gmin step
Trying gmin =   9.3028E-07 Note: One successful gmin step
Trying gmin =   8.4407E-07 Note: One successful gmin step
Trying gmin =   7.2950E-07 Note: One successful gmin step
Trying gmin =   5.8614E-07 Note: One successful gmin step
Trying gmin =   4.2214E-07 Note: One successful gmin step
Trying gmin =   2.5801E-07 Note: One successful gmin step
Trying gmin =   1.2329E-07 Note: One successful gmin step
Trying gmin =   4.0722E-08 Note: One successful gmin step
Trying gmin =   7.7305E-09 Note: One successful gmin step
Trying gmin =   7.7305E-10 Note: One successful gmin step
Trying gmin =   7.7305E-11 Note: One successful gmin step
Trying gmin =   7.7305E-12 Note: One successful gmin step
Trying gmin =   1.0000E-12 Note: One successful gmin step
Note: Dynamic gmin stepping completed
 Reference value :  1.00000e+00_fd_pr__pfet_g5v0d10v5#dbody = 2.500000e+00
m.xm26.msky130_fd_pr__pfet_g5v0d10v5#sbody = 2.500000e+00
mir = 1.180325e+00
net1 = 7.746869e-01
net2 = 3.423920e-05
net3 = 8.280752e-01
net4 = 2.623255e-01
net5 = 1.183829e+00
net6 = 9.975791e-01
net7 = 8.280499e-01
net8 = 1.252730e+00
net9 = 1.270232e+00
net10 = 1.976089e-01
net11 = 1.295617e+00
net12 = 1.295617e+00
net13 = 0.000000e+00
out = 1.295617e+00
pos = 1.195827e+00
q.xq2.qsky130_fd_pr__pnp_05v5_w0p68l0p68#collcx = 1.709027e-03
q.xq3.qsky130_fd_pr__pnp_05v5_w0p68l0p68#collcx = 2.163586e-04
q.xq4.qsky130_fd_pr__pnp_05v5_w0p68l0p68#collcx = 2.163586e-04
q.xq8.qsky130_fd_pr__pnp_05v5_w0p68l0p68#collcx = 2.163586e-04
q.xq10.qsky130_fd_pr__pnp_05v5_w0p68l0p68#collcx = 2.163586e-04
q.xq12.qsky130_fd_pr__pnp_05v5_w0p68l0p68#collcx = 2.163586e-04
q.xq14.qsky130_fd_pr__pnp_05v5_w0p68l0p68#collcx = 2.163586e-04
q.xq16.qsky130_fd_pr__pnp_05v5_w0p68l0p68#collcx = 2.163586e-04
q.xq18.qsky130_fd_pr__pnp_05v5_w0p68l0p68#collcx = 2.163586e-04
vb = 1.043293e+00
vdd = 2.500000e+00
vs#branch = -1.01117e-02
vt#branch = 0.000000e+00
xc1.a = 0.000000e+00
xc1.b1 = 0.000000e+00
xc3.a = 1.295617e+00
xc3.b1 = 1.295617e+00
xr1.xsky130_fd_pr__res_xhigh_po_0p69.ra = 8.331612e-01
xr2.xsky130_fd_pr__res_xhigh_po_0p69.ra = 8.331866e-01
xr3.xsky130_fd_pr__res_xhigh_po_0p69.ra = 3.660868e-03
xr4.xsky130_fd_pr__res_xhigh_po_0p69.ra = 7.762248e-01
xr5.xsky130_fd_pr__res_xhigh_po_0p69.ra = 3.660748e-03
xr6.xsky130_fd_pr__res_xhigh_po_0p69.ra = 5.443749e-03
xr7.xsky130_fd_pr__res_xhigh_po_0p69.ra = 1.295617e+00
xr8.xsky130_fd_pr__res_xhigh_po_0p69.ra = 1.204881e+00
xr9.xsky130_fd_pr__res_xhigh_po_0p69.ra = 9.495414e-03
Doing analysis at TEMP = 0.000000 and TNOM = 27.000000


No. of Data Rows : 91
Note: Starting true gmin stepping
Trying gmin =   1.0000E-03 Note: One successful gmin step
Trying gmin =   1.0000E-04 Note: One successful gmin step
Trying gmin =   1.0000E-05 Note: One successful gmin step
Trying gmin =   1.0000E-06 Note: One successful gmin step
Trying gmin =   1.0000E-07 Note: One successful gmin step
Trying gmin =   1.0000E-08 Warning: Further gmin increment
Trying gmin =   5.6234E-08 Warning: Further gmin increment
Trying gmin =   8.6596E-08 Warning: Further gmin increment
Trying gmin =   9.6466E-08 Note: One successful gmin step
Trying gmin =   9.1398E-08 Note: One successful gmin step
Trying gmin =   8.4291E-08 Warning: Further gmin increment
Trying gmin =   8.9567E-08 Warning: Further gmin increment
Trying gmin =   9.0937E-08 Warning: Further gmin increment
Trying gmin =   9.1283E-08 Note: One successful gmin step
Trying gmin =   9.1110E-08 Warning: Further gmin increment
Trying gmin =   9.1239E-08 Warning: Further gmin increment
Trying gmin =   9.1272E-08 Warning: Further gmin increment
Trying gmin =   9.1280E-08 Note: One successful gmin step
Trying gmin =   9.1276E-08 Warning: Last gmin step failed
Warning: True gmin stepping failed
Note: Starting dynamic gmin stepping
Trying gmin =   1.0000E-03 Note: One successful gmin step
Trying gmin =   1.0000E-04 Note: One successful gmin step
Trying gmin =   1.0000E-05 Note: One successful gmin step
Trying gmin =   1.0000E-06 Warning: Further gmin increment
Trying gmin =   5.6234E-06 Warning: Further gmin increment
Trying gmin =   8.6596E-06 Note: One successful gmin step
Trying gmin =   6.9783E-06 Note: One successful gmin step
Trying gmin =   5.0481E-06 Note: One successful gmin step
Trying gmin =   3.1059E-06 Note: One successful gmin step
Trying gmin =   2.4362E-06 Note: One successful gmin step
Trying gmin =   1.6924E-06 Note: One successful gmin step
Trying gmin =   9.7997E-07 Warning: Further gmin increment
Trying gmin =   1.4764E-06 Note: One successful gmin step
Trying gmin =   1.2028E-06 Note: One successful gmin step
Trying gmin =   8.8454E-07 Warning: Further gmin increment
Trying gmin =   1.1139E-06 Note: One successful gmin step
Trying gmin =   9.9260E-07 Warning: Further gmin increment
Trying gmin =   1.0822E-06 Note: One successful gmin step
Trying gmin =   1.0364E-06 Note: One successful gmin step
Trying gmin =   9.9260E-07 Note: One successful gmin step
Trying gmin =   9.3028E-07 Note: One successful gmin step
Trying gmin =   8.4407E-07 Note: One successful gmin step
Trying gmin =   7.2950E-07 Note: One successful gmin step
Trying gmin =   5.8614E-07 Note: One successful gmin step
Trying gmin =   4.2214E-07 Note: One successful gmin step
Trying gmin =   2.5801E-07 Note: One successful gmin step
Trying gmin =   1.2329E-07 Note: One successful gmin step
Trying gmin =   4.0722E-08 Note: One successful gmin step
Trying gmin =   7.7305E-09 Note: One successful gmin step
Trying gmin =   7.7305E-10 Note: One successful gmin step
Trying gmin =   7.7305E-11 Note: One successful gmin step
Trying gmin =   7.7305E-12 Note: One successful gmin step
Trying gmin =   1.0000E-12 Note: One successful gmin step
Note: Dynamic gmin stepping completed
 Reference value :  1.00000e+00Note: Starting true gmin stepping
Trying gmin =   1.0000E-03 Note: One successful gmin step
Trying gmin =   1.0000E-04 Note: One successful gmin step
Trying gmin =   1.0000E-05 Note: One successful gmin step
Trying gmin =   1.0000E-06 Note: One successful gmin step
Trying gmin =   1.0000E-07 Note: One successful gmin step
Trying gmin =   1.0000E-08 Warning: Further gmin increment
Trying gmin =   5.6234E-08 Warning: Further gmin increment
Trying gmin =   8.6596E-08 Note: One successful gmin step
Trying gmin =   6.9783E-08 Note: One successful gmin step
Trying gmin =   5.0481E-08 Warning: Further gmin increment
Trying gmin =   6.4357E-08 Note: One successful gmin step
Trying gmin =   5.6998E-08 Warning: Further gmin increment
Trying gmin =   6.2432E-08 Warning: Further gmin increment
Trying gmin =   6.3870E-08 Note: One successful gmin step
Trying gmin =   6.3147E-08 Note: One successful gmin step
Trying gmin =   6.2078E-08 Warning: Further gmin increment
Trying gmin =   6.2878E-08 Note: One successful gmin step
Trying gmin =   6.2477E-08 Warning: Further gmin increment
Trying gmin =   6.2778E-08 Note: One successful gmin step
Trying gmin =   6.2627E-08 Note: One successful gmin step
Trying gmin =   6.2402E-08 Warning: Further gmin increment
Trying gmin =   6.2571E-08 Warning: Further gmin increment
Trying gmin =   6.2613E-08 Note: One successful gmin step
Trying gmin =   6.2592E-08 Note: One successful gmin step
Trying gmin =   6.2560E-08 Warning: Further gmin increment
Trying gmin =   6.2584E-08 Note: One successful gmin step
Trying gmin =   6.2572E-08 Warning: Further gmin increment
Trying gmin =   6.2581E-08 Note: One successful gmin step
Trying gmin =   6.2576E-08 Note: One successful gmin step
Trying gmin =   6.2570E-08 Warning: Further gmin increment
Trying gmin =   6.2575E-08 Warning: Last gmin step failed
Warning: True gmin stepping failed
Note: Starting dynamic gmin stepping
Trying gmin =   1.0000E-03 Note: One successful gmin step
Trying gmin =   1.0000E-04 Note: One successful gmin step
Trying gmin =   1.0000E-05 Warning: Further gmin increment
Trying gmin =   5.6234E-05 Note: One successful gmin step
Trying gmin =   2.3714E-05 Note: One successful gmin step
Trying gmin =   6.4938E-06 Warning: Further gmin increment
Trying gmin =   1.7154E-05 Note: One successful gmin step
Trying gmin =   1.0554E-05 Warning: Further gmin increment
Trying gmin =   1.5193E-05 Note: One successful gmin step
Trying gmin =   1.2663E-05 Note: One successful gmin step
Trying gmin =   9.6358E-06 Warning: Further gmin increment
Trying gmin =   1.1827E-05 Note: One successful gmin step
Trying gmin =   1.0675E-05 Note: One successful gmin step
Trying gmin =   9.1546E-06 Note: One successful gmin step
Trying gmin =   7.2699E-06 Note: One successful gmin step
Trying gmin =   5.1447E-06 Note: One successful gmin step
Trying gmin =   3.0627E-06 Note: One successful gmin step
Trying gmin =   1.8233E-06 Note: One successful gmin step
Trying gmin =   8.3747E-07 Note: One successful gmin step
Trying gmin =   2.6070E-07 Warning: Further gmin increment
Trying gmin =   6.2555E-07 Note: One successful gmin step
Trying gmin =   4.0384E-07 Note: One successful gmin step
Trying gmin =   2.0947E-07 Warning: Further gmin increment
Trying gmin =   3.4271E-07 Note: One successful gmin step
Trying gmin =   2.6793E-07 Warning: Further gmin increment
Trying gmin =   3.2226E-07 Note: One successful gmin step
Trying gmin =   2.9384E-07 Note: One successful gmin step
Trying gmin =   2.5585E-07 Warning: Further gmin increment
Trying gmin =   2.8385E-07 Warning: Further gmin increment
Trying gmin =   2.9131E-07 Warning: Further gmin increment
Trying gmin =   2.9321E-07 Note: One successful gmin step
Trying gmin =   2.9226E-07 Note: One successful gmin step
Trying gmin =   2.9084E-07 Warning: Further gmin increment
Trying gmin =   2.9190E-07 Warning: Further gmin increment
Trying gmin =   2.9217E-07 Note: One successful gmin step
Trying gmin =   2.9204E-07 Note: One successful gmin step
Trying gmin =   2.9184E-07 Warning: Further gmin increment
Trying gmin =   2.9199E-07 Warning: Further gmin increment
Trying gmin =   2.9202E-07 Note: One successful gmin step
Trying gmin =   2.9200E-07 Note: One successful gmin step
Trying gmin =   2.9198E-07 Warning: Further gmin increment
Trying gmin =   2.9200E-07 Note: One successful gmin step
Trying gmin =   2.9199E-07 Warning: Last gmin step failed
Warning: Dynamic gmin stepping failed
Note: Starting source stepping
Supplies reduced to   0.0000% Note: One successful source step
Supplies reduced to   0.1000% Note: One successful source step
Supplies reduced to   0.2000% Note: One successful source step
Supplies reduced to   0.3500% Note: One successful source step
Supplies reduced to   0.5750% Note: One successful source step
Supplies reduced to   0.9125% Note: One successful source step
Supplies reduced to   1.4188% Note: One successful source step
Supplies reduced to   2.1781% Note: One successful source step
Supplies reduced to   3.3172% Note: One successful source step
Supplies reduced to   5.0258% Note: One successful source step
Supplies reduced to   7.5887% Note: One successful source step
Supplies reduced to  11.4330% Note: One successful source step
Supplies reduced to  17.1995% Note: One successful source step
Supplies reduced to  25.8493% Note: One successful source step
Supplies reduced to  38.8239% Supplies reduced to  25.8493% Note: One successful source step
Supplies reduced to  26.8493% Note: One successful source step
Supplies reduced to  28.3493% Note: One successful source step
Supplies reduced to  30.5993% Note: One successful source step
Supplies reduced to  33.9743% Note: One successful source step
Supplies reduced to  39.0368% Supplies reduced to  33.9743% Note: One successful source step
Supplies reduced to  34.4805% Note: One successful source step
Supplies reduced to  35.2399% Note: One successful source step
Supplies reduced to  36.3790% Note: One successful source step
Supplies reduced to  38.0875% Note: One successful source step
Supplies reduced to  40.6504% Supplies reduced to  38.0875% Note: One successful source step
Supplies reduced to  38.4720% Note: One successful source step
Supplies reduced to  39.0486% Note: One successful source step
Supplies reduced to  39.9136% Note: One successful source step
Supplies reduced to  41.2111% Note: One successful source step
Supplies reduced to  43.1573% Note: One successful source step
Supplies reduced to  46.0766% Note: One successful source step
Supplies reduced to  50.4555% Note: One successful source step
Supplies reduced to  57.0239% Note: One successful source step
Supplies reduced to  66.8765% Note: One successful source step
Supplies reduced to  81.6554% Supplies reduced to  66.8765% Note: One successful source step
Supplies reduced to  67.8765% Note: One successful source step
Supplies reduced to  69.3765% Note: One successful source step
Supplies reduced to  71.6265% Note: One successful source step
Supplies reduced to  75.0015% Supplies reduced to  71.6265% Note: One successful source step
Supplies reduced to  72.1328% Supplies reduced to  71.6265% Note: One successful source step
Supplies reduced to  71.7025% Note: One successful source step
Supplies reduced to  71.8164% Note: One successful source step
Supplies reduced to  71.9872% Supplies reduced to  71.8164% Note: One successful source step
Supplies reduced to  71.8420% Supplies reduced to  71.8164% Note: One successful source step
Supplies reduced to  71.8202% Note: One successful source step
Supplies reduced to  71.8260% Supplies reduced to  71.8202% Note: One successful source step
Supplies reduced to  71.8211% Supplies reduced to  71.8202% Note: One successful source step
Supplies reduced to  71.8203% Note: One successful source step
Supplies reduced to  71.8205% Supplies reduced to  71.8203% Note: One successful source step
Supplies reduced to  71.8204% Warning: source stepping failed
doAnalyses: Too many iterations without convergence

dc simulation(s) aborted
Error(parse.c--checkvalid): vldo_sup_2_8: zero length vector.
Error: RHS "abs((vldo_sup_2_8-vldo_sup_2)/0.8)" invalid
Error(parse.c--checkvalid): line_reg: zero length vector.
Error(parse.c--checkvalid): vin: zero length vector.
Error: RHS "vin-1.764" invalid
Error(parse.c--checkvalid): dropout: zero length vector.
Error: no such vector dropout
Note: No ".plot", ".print", or ".fourier" lines; no simulations run
pm                  =  -1.087548e+02
Doing analysis at TEMP = 0.000000 and TNOM = 27.000000


No. of Data Rows : 91
psrr100             =  -6.066772e+01
psrr100k            =  -2.703253e+01
Doing analysis at TEMP = 0.000000 and TNOM = 27.000000


No. of Data Rows : 86
temp_coeff = 1.546815e+02
Doing analysis at TEMP = 0.000000 and TNOM = 27.000000


Error: measure  vldo_sup_2  (AT) : out of interval
 meas dc vldo_sup_2 find ldo_out at=2 failed!


Error: measure  vldo_sup_2_8  (AT) : out of interval
 meas dc vldo_sup_2_8 find ldo_out at=2.8 failed!


Error: measure  vin  (WHEN) : out of interval
 meas dc vin when v(ldo_out)=1.764 failed!

