Note: Starting true gmin stepping
Trying gmin =   1.0000E-03 Note: One successful gmin step
Trying gmin =   1.0000E-04 Note: One successful gmin step
Trying gmin =   1.0000E-05 Note: One successful gmin step
Trying gmin =   1.0000E-06 Note: One successful gmin step
Trying gmin =   1.0000E-07 Note: One successful gmin step
Trying gmin =   1.0000E-08 Warning: Further gmin increment
Trying gmin =   5.6234E-08 Warning: Further gmin increment
Trying gmin =   8.6596E-08 Note: One successful gmin step
Trying gmin =   7.4989E-08 Note: One successful gmin step
Trying gmin =   6.0430E-08 Note: One successful gmin step
Trying gmin =   4.3714E-08 Warning: Further gmin increment
Trying gmin =   5.5731E-08 Warning: Further gmin increment
Trying gmin =   5.9219E-08 Note: One successful gmin step
Trying gmin =   5.7448E-08 Note: One successful gmin step
Trying gmin =   5.4891E-08 Warning: Further gmin increment
Trying gmin =   5.6798E-08 Warning: Further gmin increment
Trying gmin =   5.7285E-08 Note: One successful gmin step
Trying gmin =   5.7041E-08 Warning: Further gmin increment
Trying gmin =   5.7224E-08 Note: One successful gmin step
Trying gmin =   5.7132E-08 Note: One successful gmin step
Trying gmin =   5.6995E-08 Warning: Further gmin increment
Trying gmin =   5.7098E-08 Note: One successful gmin step
Trying gmin =   5.7047E-08 Warning: Further gmin increment
Trying gmin =   5.7085E-08 Warning: Further gmin increment
Trying gmin =   5.7095E-08 Note: One successful gmin step
Trying gmin =   5.7090E-08 Note: One successful gmin step
Trying gmin =   5.7083E-08 Warning: Further gmin increment
Trying gmin =   5.7088E-08 Note: One successful gmin step
Trying gmin =   5.7086E-08 Warning: Last gmin step failed
Warning: True gmin stepping failed
Note: Starting dynamic gmin stepping
Trying gmin =   1.0000E-03 Note: One successful gmin step
Trying gmin =   1.0000E-04 Note: One successful gmin step
Trying gmin =   1.0000E-05 Note: One successful gmin step
Trying gmin =   1.0000E-06 Note: One successful gmin step
Trying gmin =   1.0000E-07 Warning: Further gmin increment
Trying gmin =   5.6234E-07 Note: One successful gmin step
Trying gmin =   2.3714E-07 Warning: Further gmin increment
Trying gmin =   4.5316E-07 Note: One successful gmin step
Trying gmin =   3.6517E-07 Note: One successful gmin step
Trying gmin =   2.6416E-07 Warning: Further gmin increment
Trying gmin =   3.3678E-07 Note: One successful gmin step
Trying gmin =   2.9827E-07 Note: One successful gmin step
Trying gmin =   2.4860E-07 Note: One successful gmin step
Trying gmin =   1.8917E-07 Note: One successful gmin step
Trying gmin =   1.2557E-07 Note: One successful gmin step
Trying gmin =   6.7906E-08 Note: One successful gmin step
Trying gmin =   2.7006E-08 Note: One successful gmin step
Trying gmin =   6.7730E-09 Note: One successful gmin step
Trying gmin =   8.5068E-10 Note: One successful gmin step
Trying gmin =   8.5068E-11 Note: One successful gmin step
Trying gmin =   8.5068E-12 Note: One successful gmin step
Trying gmin =   1.0000E-12 Note: One successful gmin step
Note: Dynamic gmin stepping completed
 Reference value :  8.00000e+01Note: Starting true gmin stepping
Trying gmin =   1.0000E-03 Note: One successful gmin step
Trying gmin =   1.0000E-04 Note: One successful gmin step
Trying gmin =   1.0000E-05 Note: One successful gmin step
Trying gmin =   1.0000E-06 Note: One successful gmin step
Trying gmin =   1.0000E-07 Warning: Further gmin increment
Trying gmin =   5.6234E-07 Note: One successful gmin step
Trying gmin =   2.3714E-07 Note: One successful gmin step
Trying gmin =   1.5399E-07 Note: One successful gmin step
Trying gmin =   1.2409E-07 Note: One successful gmin step
Trying gmin =   8.9769E-08 Warning: Further gmin increment
Trying gmin =   1.1444E-07 Note: One successful gmin step
Trying gmin =   1.0136E-07 Note: One successful gmin step
Trying gmin =   8.4481E-08 Warning: Further gmin increment
Trying gmin =   9.6847E-08 Note: One successful gmin step
Trying gmin =   9.0453E-08 Warning: Further gmin increment
Trying gmin =   9.5207E-08 Note: One successful gmin step
Trying gmin =   9.2799E-08 Note: One successful gmin step
Trying gmin =   8.9302E-08 Note: One successful gmin step
Trying gmin =   8.4301E-08 Note: One successful gmin step
Trying gmin =   7.7319E-08 Note: One successful gmin step
Trying gmin =   6.7916E-08 Note: One successful gmin step
Trying gmin =   5.5912E-08 Note: One successful gmin step
Trying gmin =   4.1764E-08 Note: One successful gmin step
Trying gmin =   2.6961E-08 Note: One successful gmin step
Trying gmin =   1.3985E-08 Note: One successful gmin step
Trying gmin =   5.2242E-09 Note: One successful gmin step
Trying gmin =   1.1928E-09 Note: One successful gmin step
Trying gmin =   1.3014E-10 Note: One successful gmin step
Trying gmin =   1.3014E-11 Note: One successful gmin step
Trying gmin =   1.3014E-12 Note: One successful gmin step
Trying gmin =   1.0000E-12 Note: One successful gmin step
Note: True gmin stepping completed
 Reference value :  3.00000e+00Note: Starting true gmin stepping
Trying gmin =   1.0000E-03 Note: One successful gmin step
Trying gmin =   1.0000E-04 Note: One successful gmin step
Trying gmin =   1.0000E-05 Note: One successful gmin step
Trying gmin =   1.0000E-06 Note: One successful gmin step
Trying gmin =   1.0000E-07 Note: One successful gmin step
Trying gmin =   1.0000E-08 Warning: Further gmin increment
Trying gmin =   5.6234E-08 Note: One successful gmin step
Trying gmin =   2.3714E-08 Note: One successful gmin step
Trying gmin =   6.4938E-09 Note: One successful gmin step
Trying gmin =   9.3057E-10 Note: One successful gmin step
Trying gmin =   9.3057E-11 Note: One successful gmin step
Trying gmin =   9.3057E-12 Note: One successful gmin step
Trying gmin =   2.9427E-12 Warning: Further gmin increment
Trying gmin =   6.9783E-12 Note: One successful gmin step
Trying gmin =   4.5316E-12 Warning: Further gmin increment
Trying gmin =   6.2643E-12 Note: One successful gmin step
Trying gmin =   5.3280E-12 Note: One successful gmin step
Trying gmin =   4.1792E-12 Warning: Further gmin increment
Trying gmin =   5.0141E-12 Note: One successful gmin step
Trying gmin =   4.5777E-12 Warning: Further gmin increment
Trying gmin =   4.9013E-12 Note: One successful gmin step
Trying gmin =   4.7367E-12 Note: One successful gmin step
Trying gmin =   4.5002E-12 Warning: Further gmin increment
Trying gmin =   4.6764E-12 Warning: Further gmin increment
Trying gmin =   4.7216E-12 Note: One successful gmin step
Trying gmin =   4.6989E-12 Warning: Further gmin increment
Trying gmin =   4.7159E-12 Note: One successful gmin step
Trying gmin =   4.7074E-12 Note: One successful gmin step
Trying gmin =   4.6947E-12 Warning: Further gmin increment
Trying gmin =   4.7042E-12 Note: One successful gmin step
Trying gmin =   4.6995E-12 Warning: Further gmin increment
Trying gmin =   4.7030E-12 Note: One successful gmin step
Trying gmin =   4.7013E-12 Note: One successful gmin step
Trying gmin =   4.7004E-12 Note: One successful gmin step
Trying gmin =   4.6995E-12 Note: One successful gmin step
Trying gmin =   4.6990E-12 Warning: Further gmin increment
Trying gmin =   4.6994E-12 Warning: Last gmin step failed
Warning: True gmin stepping failed
Note: Starting dynamic gmin stepping
Trying gmin =   1.0000E-03 Note: One successful gmin step
Trying gmin =   1.0000E-04 Note: One successful gmin step
Trying gmin =   1.0000E-05 Note: One successful gmin step
Trying gmin =   1.0000E-06 Note: One successful gmin step
Trying gmin =   1.0000E-07 Note: One successful gmin step
Trying gmin =   1.0000E-08 Note: One successful gmin step
Trying gmin =   1.0000E-09 Note: One successful gmin step
Trying gmin =   1.0000E-10 Warning: Further gmin increment
Trying gmin =   5.6234E-10 Note: One successful gmin step
Trying gmin =   2.3714E-10 Note: One successful gmin step
Trying gmin =   6.4938E-11 Warning: Further gmin increment
Trying gmin =   1.7154E-10 Note: One successful gmin step
Trying gmin =   1.0554E-10 Note: One successful gmin step
Trying gmin =   5.0937E-11 Note: One successful gmin step
Trying gmin =   1.7077E-11 Warning: Further gmin increment
Trying gmin =   3.8760E-11 Note: One successful gmin step
Trying gmin =   2.5728E-11 Note: One successful gmin step
Trying gmin =   1.3913E-11 Warning: Further gmin increment
Trying gmin =   2.2063E-11 Note: One successful gmin step
Trying gmin =   1.8920E-11 Note: One successful gmin step
Trying gmin =   1.5025E-11 Note: One successful gmin step
Trying gmin =   1.0632E-11 Note: One successful gmin step
Trying gmin =   6.3297E-12 Note: One successful gmin step
Trying gmin =   2.9074E-12 Note: One successful gmin step
Trying gmin =   1.0000E-12 Note: One successful gmin step
Note: Dynamic gmin stepping completed
 Reference value :  1.26000e+00Note: Starting true gmin stepping
Trying gmin =   1.0000E-03 Note: One successful gmin step
Trying gmin =   1.0000E-04 Note: One successful gmin step
Trying gmin =   1.0000E-05 Note: One successful gmin step
Trying gmin =   1.0000E-06 Note: One successful gmin step
Trying gmin =   1.0000E-07 Note: One successful gmin step
Trying gmin =   1.0000E-08 Note: One successful gmin step
Trying gmin =   3.1623E-09 Note: One successful gmin step
Trying gmin =   5.6234E-10 Note: One successful gmin step
Trying gmin =   5.6234E-11 Note: One successful gmin step
Trying gmin =   5.6234E-12 Warning: Further gmin increment
Trying gmin =   3.1623E-11 Note: One successful gmin step
Trying gmin =   1.3335E-11 Note: One successful gmin step
Trying gmin =   3.6517E-12 Note: One successful gmin step
Trying gmin =   1.0000E-12 Warning: Further gmin increment
Trying gmin =   2.6416E-12 Warning: Further gmin increment
Trying gmin =   3.3678E-12 Warning: Further gmin increment
Trying gmin =   3.5786E-12 Note: One successful gmin step
Trying gmin =   3.4716E-12 Warning: Further gmin increment
Trying gmin =   3.5515E-12 Note: One successful gmin step
Trying gmin =   3.5113E-12 Warning: Further gmin increment
Trying gmin =   3.5414E-12 Note: One successful gmin step
Trying gmin =   3.5263E-12 Note: One successful gmin step
Trying gmin =   3.5038E-12 Warning: Further gmin increment
Trying gmin =   3.5207E-12 Note: One successful gmin step
Trying gmin =   3.5179E-12 Warning: Further gmin increment
Trying gmin =   3.5200E-12 Note: One successful gmin step
Trying gmin =   3.5189E-12 Warning: Further gmin increment
Trying gmin =   3.5197E-12 Warning: Further gmin increment
Trying gmin =   3.5199E-12 Note: One successful gmin step
Trying gmin =   3.5198E-12 Warning: Further gmin increment
Trying gmin =   3.5199E-12 Note: One successful gmin step
Trying gmin =   3.5198E-12 Note: One successful gmin step
Trying gmin =   3.5197E-12 Note: One successful gmin step
Trying gmin =   3.5194E-12 Note: One successful gmin step
Trying gmin =   3.5190E-12 Note: One successful gmin step
Trying gmin =   3.5184E-12 Note: One successful gmin step
Trying gmin =   3.5175E-12 Note: One successful gmin step
Trying gmin =   3.5162E-12 Note: One successful gmin step
Trying gmin =   3.5142E-12 Note: One successful gmin step
Trying gmin =   3.5112E-12 Note: One successful gmin step
Trying gmin =   3.5067E-12 Note: One successful gmin step
Trying gmin =   3.5000E-12 Note: One successful gmin step
Trying gmin =   3.4899E-12 Note: One successful gmin step
Trying gmin =   3.4748E-12 Note: One successful gmin step
Trying gmin =   3.4524E-12 Note: One successful gmin step
Trying gmin =   3.4189E-12 Note: One successful gmin step
Trying gmin =   3.3694E-12 Note: One successful gmin step
Trying gmin =   3.2964E-12 Note: One successful gmin step
Trying gmin =   3.1899E-12 Note: One successful gmin step
Trying gmin =   3.0366E-12 Note: One successful gmin step
Trying gmin =   2.8203E-12 Note: One successful gmin step
Trying gmin =   2.5244E-12 Note: One successful gmin step
Trying gmin =   2.1377E-12 Note: One successful gmin step
Trying gmin =   1.6659E-12 Note: One successful gmin step
Trying gmin =   1.1460E-12 Note: One successful gmin step
Trying gmin =   1.0000E-12 Note: One successful gmin step
Note: True gmin stepping completed
 Reference value :  1.24000e+00
No compatibility mode selected!


Circuit: * ldo netlist 

Doing analysis at TEMP = 0.000000 and TNOM = 27.000000


No. of Data Rows : 81
temp_coeff = 7.257550e+01
Doing analysis at TEMP = 0.000000 and TNOM = 27.000000


No. of Data Rows : 151
vldo_sup_2          =  1.800287e+00
vldo_sup_3          =  1.798811e+00
line_reg = -1.47600e-03
Note: Starting true gmin stepping
Trying gmin =   1.0000E-03 Note: One successful gmin step
Trying gmin =   1.0000E-04 Note: One successful gmin step
Trying gmin =   1.0000E-05 Note: One successful gmin step
Trying gmin =   1.0000E-06 Note: One successful gmin step
Trying gmin =   1.0000E-07 Warning: Further gmin increment
Trying gmin =   5.6234E-07 Note: One successful gmin step
Trying gmin =   2.3714E-07 Note: One successful gmin step
Trying gmin =   6.4938E-08 Warning: Further gmin increment
Trying gmin =   1.7154E-07 Note: One successful gmin step
Trying gmin =   1.0554E-07 Note: One successful gmin step
Trying gmin =   6.4938E-08 Warning: Further gmin increment
Trying gmin =   9.3477E-08 Note: One successful gmin step
Trying gmin =   7.7911E-08 Note: One successful gmin step
Trying gmin =   5.9286E-08 Note: One successful gmin step
Trying gmin =   3.9352E-08 Note: One successful gmin step
Trying gmin =   2.1282E-08 Warning: Further gmin increment
Trying gmin =   3.3747E-08 Note: One successful gmin step
Trying gmin =   2.6799E-08 Warning: Further gmin increment
Trying gmin =   3.1857E-08 Note: One successful gmin step
Trying gmin =   2.9219E-08 Warning: Further gmin increment
Trying gmin =   3.1176E-08 Warning: Further gmin increment
Trying gmin =   3.1685E-08 Note: One successful gmin step
Trying gmin =   3.1429E-08 Note: One successful gmin step
Trying gmin =   3.1050E-08 Warning: Further gmin increment
Trying gmin =   3.1334E-08 Warning: Further gmin increment
Trying gmin =   3.1405E-08 Note: One successful gmin step
Trying gmin =   3.1370E-08 Warning: Further gmin increment
Trying gmin =   3.1396E-08 Note: One successful gmin step
Trying gmin =   3.1383E-08 Warning: Further gmin increment
Trying gmin =   3.1393E-08 Note: One successful gmin step
Trying gmin =   3.1388E-08 Note: One successful gmin step
Trying gmin =   3.1381E-08 Warning: Further gmin increment
Trying gmin =   3.1386E-08 Note: One successful gmin step
Trying gmin =   3.1383E-08 Warning: Further gmin increment
Trying gmin =   3.1385E-08 Note: One successful gmin step
Trying gmin =   3.1384E-08 Warning: Last gmin step failed
Warning: True gmin stepping failed
Note: Starting dynamic gmin stepping
Trying gmin =   1.0000E-03 Note: One successful gmin step
Trying gmin =   1.0000E-04 Note: One successful gmin step
Trying gmin =   1.0000E-05 Note: One successful gmin step
Trying gmin =   1.0000E-06 Note: One successful gmin step
Trying gmin =   1.0000E-07 Warning: Further gmin increment
Trying gmin =   5.6234E-07 Note: One successful gmin step
Trying gmin =   2.3714E-07 Warning: Further gmin increment
Trying gmin =   4.5316E-07 Note: One successful gmin step
Trying gmin =   3.2781E-07 Note: One successful gmin step
Trying gmin =   2.0169E-07 Warning: Further gmin increment
Trying gmin =   2.9033E-07 Note: One successful gmin step
Trying gmin =   2.4199E-07 Warning: Further gmin increment
Trying gmin =   2.7741E-07 Note: One successful gmin step
Trying gmin =   2.5909E-07 Note: One successful gmin step
Trying gmin =   2.3386E-07 Note: One successful gmin step
Trying gmin =   2.0055E-07 Note: One successful gmin step
Trying gmin =   1.5926E-07 Warning: Further gmin increment
Trying gmin =   1.8932E-07 Warning: Further gmin increment
Trying gmin =   1.9768E-07 Note: One successful gmin step
Trying gmin =   1.9345E-07 Note: One successful gmin step
Trying gmin =   1.8728E-07 Warning: Further gmin increment
Trying gmin =   1.9189E-07 Note: One successful gmin step
Trying gmin =   1.8957E-07 Warning: Further gmin increment
Trying gmin =   1.9131E-07 Note: One successful gmin step
Trying gmin =   1.9044E-07 Note: One successful gmin step
Trying gmin =   1.8914E-07 Warning: Further gmin increment
Trying gmin =   1.9011E-07 Note: One successful gmin step
Trying gmin =   1.8963E-07 Note: One successful gmin step
Trying gmin =   1.8890E-07 Warning: Further gmin increment
Trying gmin =   1.8944E-07 Warning: Further gmin increment
Trying gmin =   1.8958E-07 Warning: Further gmin increment
Trying gmin =   1.8961E-07 Warning: Further gmin increment
Trying gmin =   1.8962E-07 Note: One successful gmin step
Trying gmin =   1.8962E-07 Note: One successful gmin step
Trying gmin =   1.8961E-07 Warning: Last gmin step failed
Warning: Dynamic gmin stepping failed
Note: Starting source stepping
Supplies reduced to   0.0000% Note: One successful source step
Supplies reduced to   0.1000% Note: One successful source step
Supplies reduced to   0.2000% Note: One successful source step
Supplies reduced to   0.3500% Note: One successful source step
Supplies reduced to   0.5750% Note: One successful source step
Supplies reduced to   0.9125% Note: One successful source step
Supplies reduced to   1.4188% Note: One successful source step
Supplies reduced to   2.1781% Note: One successful source step
Supplies reduced to   3.3172% Note: One successful source step
Supplies reduced to   5.0258% Note: One successful source step
Supplies reduced to   7.5887% Note: One successful source step
Supplies reduced to  11.4330% Note: One successful source step
Supplies reduced to  17.1995% Note: One successful source step
Supplies reduced to  25.8493% Note: One successful source step
Supplies reduced to  38.8239% Note: One successful source step
Supplies reduced to  58.2859% Supplies reduced to  38.8239% Note: One successful source step
Supplies reduced to  39.8239% Note: One successful source step
Supplies reduced to  41.3239% Note: One successful source step
Supplies reduced to  43.5739% Note: One successful source step
Supplies reduced to  44.6989% Note: One successful source step
Supplies reduced to  46.3864% Note: One successful source step
Supplies reduced to  48.9177% Note: One successful source step
Supplies reduced to  52.7145% Note: One successful source step
Supplies reduced to  58.4098% Supplies reduced to  52.7145% Note: One successful source step
Supplies reduced to  53.5688% Note: One successful source step
Supplies reduced to  54.8503% Note: One successful source step
Supplies reduced to  56.7724% Note: One successful source step
Supplies reduced to  59.6557% Supplies reduced to  56.7724% Note: One successful source step
Supplies reduced to  57.2049% Note: One successful source step
Supplies reduced to  57.8537% Supplies reduced to  57.2049% Note: One successful source step
Supplies reduced to  57.3022% Note: One successful source step
Supplies reduced to  57.4482% Note: One successful source step
Supplies reduced to  57.6671% Note: One successful source step
Supplies reduced to  57.9956% Note: One successful source step
Supplies reduced to  58.3240% Note: One successful source step
Supplies reduced to  58.8166% Note: One successful source step
Supplies reduced to  59.5556% Note: One successful source step
Supplies reduced to  60.6640% Note: One successful source step
Supplies reduced to  62.3266% Note: One successful source step
Supplies reduced to  64.8206% Note: One successful source step
Supplies reduced to  68.5615% Note: One successful source step
Supplies reduced to  74.1728% Note: One successful source step
Supplies reduced to  82.5899% Note: One successful source step
Supplies reduced to  95.2155% Note: One successful source step
Supplies reduced to 100.0000% Note: One successful source step
Note: Source stepping completed
 Reference value :  1.00000e+00Note: No ".plot", ".print", or ".fourier" lines; no simulations run
vin                 =  1.764158e+00
dropout = 1.580000e-04
Doing analysis at TEMP = 0.000000 and TNOM = 27.000000


No. of Data Rows : 91
psrr100             =  -5.202015e+01
psrr100k            =  -2.935826e+01
