 Reference value :  8.50000e+01 Reference value :  5.10000e+01Note: Starting true gmin stepping
Trying gmin =   1.0000E-03 Note: One successful gmin step
Trying gmin =   1.0000E-04 Note: One successful gmin step
Trying gmin =   1.0000E-05 Note: One successful gmin step
Trying gmin =   1.0000E-06 Note: One successful gmin step
Trying gmin =   1.0000E-07 Warning: Further gmin increment
Trying gmin =   5.6234E-07 Note: One successful gmin step
Trying gmin =   2.3714E-07 Note: One successful gmin step
Trying gmin =   6.4938E-08 Warning: Further gmin increment
Trying gmin =   1.7154E-07 Note: One successful gmin step
Trying gmin =   1.0554E-07 Note: One successful gmin step
Trying gmin =   5.0937E-08 Warning: Further gmin increment
Trying gmin =   8.7970E-08 Warning: Further gmin increment
Trying gmin =   1.0085E-07 Warning: Further gmin increment
Trying gmin =   1.0435E-07 Warning: Further gmin increment
Trying gmin =   1.0525E-07 Note: One successful gmin step
Trying gmin =   1.0480E-07 Note: One successful gmin step
Trying gmin =   1.0413E-07 Warning: Further gmin increment
Trying gmin =   1.0463E-07 Warning: Further gmin increment
Trying gmin =   1.0475E-07 Note: One successful gmin step
Trying gmin =   1.0469E-07 Warning: Further gmin increment
Trying gmin =   1.0474E-07 Note: One successful gmin step
Trying gmin =   1.0472E-07 Note: One successful gmin step
Trying gmin =   1.0468E-07 Warning: Further gmin increment
Trying gmin =   1.0471E-07 Note: One successful gmin step
Trying gmin =   1.0469E-07 Warning: Further gmin increment
Trying gmin =   1.0470E-07 Note: One successful gmin step
Trying gmin =   1.0470E-07 Note: One successful gmin step
Trying gmin =   1.0469E-07 Warning: Further gmin increment
Trying gmin =   1.0470E-07 Note: One successful gmin step
Trying gmin =   1.0469E-07 Warning: Last gmin step failed
Warning: True gmin stepping failed
Note: Starting dynamic gmin stepping
Trying gmin =   1.0000E-03 Note: One successful gmin step
Trying gmin =   1.0000E-04 Note: One successful gmin step
Trying gmin =   1.0000E-05 Note: One successful gmin step
Trying gmin =   1.0000E-06 Warning: Further gmin increment
Trying gmin =   5.6234E-06 Note: One successful gmin step
Trying gmin =   3.1623E-06 Note: One successful gmin step
Trying gmin =   1.3335E-06 Warning: Further gmin increment
Trying gmin =   2.5483E-06 Note: One successful gmin step
Trying gmin =   1.8434E-06 Note: One successful gmin step
Trying gmin =   1.1342E-06 Warning: Further gmin increment
Trying gmin =   1.6326E-06 Note: One successful gmin step
Trying gmin =   1.3608E-06 Note: One successful gmin step
Trying gmin =   1.1342E-06 Note: One successful gmin step
Trying gmin =   8.6305E-07 Note: One successful gmin step
Trying gmin =   5.7287E-07 Note: One successful gmin step
Trying gmin =   3.0981E-07 Note: One successful gmin step
Trying gmin =   1.2321E-07 Note: One successful gmin step
Trying gmin =   3.0900E-08 Note: One successful gmin step
Trying gmin =   3.8810E-09 Note: One successful gmin step
Trying gmin =   3.8810E-10 Note: One successful gmin step
Trying gmin =   3.8810E-11 Note: One successful gmin step
Trying gmin =   3.8810E-12 Note: One successful gmin step
Trying gmin =   1.0000E-12 Note: One successful gmin step
Note: Dynamic gmin stepping completed
 Reference value :  2.80000e+00Note: Starting true gmin stepping
Trying gmin =   1.0000E-03 Note: One successful gmin step
Trying gmin =   1.0000E-04 Note: One successful gmin step
Trying gmin =   1.0000E-05 Note: One successful gmin step
Trying gmin =   1.0000E-06 Note: One successful gmin step
Trying gmin =   1.0000E-07 Note: One successful gmin step
Trying gmin =   1.0000E-08 Note: One successful gmin step
Trying gmin =   1.0000E-09 Note: One successful gmin step
Trying gmin =   1.0000E-10 Warning: Further gmin increment
Trying gmin =   5.6234E-10 Warning: Further gmin increment
Trying gmin =   8.6596E-10 Note: One successful gmin step
Trying gmin =   6.9783E-10 Note: One successful gmin step
Trying gmin =   5.0481E-10 Note: One successful gmin step
Trying gmin =   3.1059E-10 Note: One successful gmin step
Trying gmin =   1.4989E-10 Note: One successful gmin step
Trying gmin =   5.0254E-11 Note: One successful gmin step
Trying gmin =   9.7557E-12 Note: One successful gmin step
Trying gmin =   1.0000E-12 Note: One successful gmin step
Note: True gmin stepping completed
Note: Starting true gmin stepping
Trying gmin =   1.0000E-03 Note: One successful gmin step
Trying gmin =   1.0000E-04 Note: One successful gmin step
Trying gmin =   1.0000E-05 Note: One successful gmin step
Trying gmin =   1.0000E-06 Note: One successful gmin step
Trying gmin =   1.0000E-07 Note: One successful gmin step
Trying gmin =   1.0000E-08 Note: One successful gmin step
Trying gmin =   3.1623E-09 Note: One successful gmin step
Trying gmin =   5.6234E-10 Warning: Further gmin increment
Trying gmin =   2.0535E-09 Note: One successful gmin step
Trying gmin =   1.0746E-09 Note: One successful gmin step
Trying gmin =   5.6234E-10 Note: One successful gmin step
Trying gmin =   2.9427E-10 Note: One successful gmin step
Trying gmin =   1.1140E-10 Note: One successful gmin step
Trying gmin =   2.5946E-11 Note: One successful gmin step
Trying gmin =   2.9164E-12 Note: One successful gmin step
Trying gmin =   1.0000E-12 Note: One successful gmin step
Note: True gmin stepping completed
 Reference value :  1.24000e+00
No compatibility mode selected!


Circuit: * ldo netlist 

Doing analysis at TEMP = 27.000000 and TNOM = 27.000000


No. of Data Rows : 86
temp_coeff = 6.358124e+01
Doing analysis at TEMP = 27.000000 and TNOM = 27.000000


No. of Data Rows : 141
vldo_sup_2          =  1.806474e+00
vldo_sup_2_8        =  1.806789e+00
line_reg = 3.937500e-04
vin                 =  1.932461e+00
dropout = 1.684610e-01
Doing analysis at TEMP = 27.000000 and TNOM = 27.000000


No. of Data Rows : 91
Error: no such vector PM
 Reference value :  1.00000e+00Note: No ".plot", ".print", or ".fourier" lines; no simulations run

Error: measure  pm  (AT) : out of interval
 meas ac pm find p when vdb(ldo_out)=0 failed!

Doing analysis at TEMP = 27.000000 and TNOM = 27.000000


No. of Data Rows : 91
psrr100             =  -8.326199e+01
psrr100k            =  -2.417995e+01
