 Reference value :  8.00000e+01Note: Starting true gmin stepping
Trying gmin =   1.0000E-03 Note: One successful gmin step
Trying gmin =   1.0000E-04 Note: One successful gmin step
Trying gmin =   1.0000E-05 Note: One successful gmin step
Trying gmin =   1.0000E-06 Note: One successful gmin step
Trying gmin =   1.0000E-07 Warning: Further gmin increment
Trying gmin =   5.6234E-07 Note: One successful gmin step
Trying gmin =   2.3714E-07 Warning: Further gmin increment
Trying gmin =   4.5316E-07 Note: One successful gmin step
Trying gmin =   3.2781E-07 Note: One successful gmin step
Trying gmin =   2.0169E-07 Note: One successful gmin step
Trying gmin =   1.5820E-07 Note: One successful gmin step
Trying gmin =   1.0990E-07 Warning: Further gmin increment
Trying gmin =   1.4443E-07 Note: One successful gmin step
Trying gmin =   1.2599E-07 Note: One successful gmin step
Trying gmin =   1.0265E-07 Note: One successful gmin step
Trying gmin =   9.2653E-08 Warning: Further gmin increment
Trying gmin =   1.0005E-07 Note: One successful gmin step
Trying gmin =   9.6282E-08 Note: One successful gmin step
Trying gmin =   9.0890E-08 Note: One successful gmin step
Trying gmin =   8.3363E-08 Note: One successful gmin step
Trying gmin =   7.3225E-08 Note: One successful gmin step
Trying gmin =   6.0282E-08 Note: One successful gmin step
Trying gmin =   4.5028E-08 Note: One successful gmin step
Trying gmin =   2.9069E-08 Note: One successful gmin step
Trying gmin =   1.5078E-08 Note: One successful gmin step
Trying gmin =   5.6326E-09 Note: One successful gmin step
Trying gmin =   1.2861E-09 Note: One successful gmin step
Trying gmin =   1.4031E-10 Note: One successful gmin step
Trying gmin =   1.4031E-11 Note: One successful gmin step
Trying gmin =   1.4031E-12 Note: One successful gmin step
Trying gmin =   1.0000E-12 Note: One successful gmin step
Note: True gmin stepping completed
 Reference value :  3.00000e+00Note: Starting true gmin stepping
Trying gmin =   1.0000E-03 Note: One successful gmin step
Trying gmin =   1.0000E-04 Note: One successful gmin step
Trying gmin =   1.0000E-05 Note: One successful gmin step
Trying gmin =   1.0000E-06 Note: One successful gmin step
Trying gmin =   1.0000E-07 Note: One successful gmin step
Trying gmin =   1.0000E-08 Warning: Further gmin increment
Trying gmin =   5.6234E-08 Note: One successful gmin step
Trying gmin =   2.3714E-08 Note: One successful gmin step
Trying gmin =   6.4938E-09 Note: One successful gmin step
Trying gmin =   9.3057E-10 Warning: Further gmin increment
Trying gmin =   3.9954E-09 Note: One successful gmin step
Trying gmin =   1.9282E-09 Warning: Further gmin increment
Trying gmin =   3.3301E-09 Note: One successful gmin step
Trying gmin =   2.5340E-09 Note: One successful gmin step
Trying gmin =   1.6820E-09 Note: One successful gmin step
Trying gmin =   9.0962E-10 Warning: Further gmin increment
Trying gmin =   1.4424E-09 Note: One successful gmin step
Trying gmin =   1.1454E-09 Warning: Further gmin increment
Trying gmin =   1.3616E-09 Warning: Further gmin increment
Trying gmin =   1.4218E-09 Note: One successful gmin step
Trying gmin =   1.3914E-09 Warning: Further gmin increment
Trying gmin =   1.4141E-09 Note: One successful gmin step
Trying gmin =   1.4027E-09 Note: One successful gmin step
Trying gmin =   1.3858E-09 Warning: Further gmin increment
Trying gmin =   1.3984E-09 Note: One successful gmin step
Trying gmin =   1.3921E-09 Warning: Further gmin increment
Trying gmin =   1.3969E-09 Note: One successful gmin step
Trying gmin =   1.3945E-09 Note: One successful gmin step
Trying gmin =   1.3933E-09 Note: One successful gmin step
Trying gmin =   1.3915E-09 Note: One successful gmin step
Trying gmin =   1.3888E-09 Note: One successful gmin step
Trying gmin =   1.3848E-09 Note: One successful gmin step
Trying gmin =   1.3788E-09 Note: One successful gmin step
Trying gmin =   1.3699E-09 Note: One successful gmin step
Trying gmin =   1.3566E-09 Note: One successful gmin step
Trying gmin =   1.3370E-09 Note: One successful gmin step
Trying gmin =   1.3080E-09 Note: One successful gmin step
Trying gmin =   1.2657E-09 Note: One successful gmin step
Trying gmin =   1.2049E-09 Note: One successful gmin step
Trying gmin =   1.1190E-09 Note: One successful gmin step
Trying gmin =   1.0015E-09 Note: One successful gmin step
Trying gmin =   8.4804E-10 Note: One successful gmin step
Trying gmin =   6.6077E-10 Note: One successful gmin step
Trying gmin =   4.5447E-10 Note: One successful gmin step
Trying gmin =   2.5923E-10 Note: One successful gmin step
Trying gmin =   1.1167E-10 Note: One successful gmin step
Trying gmin =   3.1575E-11 Note: One successful gmin step
Trying gmin =   4.7471E-12 Note: One successful gmin step
Trying gmin =   1.0000E-12 Note: One successful gmin step
Note: True gmin stepping completed
 Reference value :  1.60000e+00Note: Starting true gmin stepping
Trying gmin =   1.0000E-03 Note: One successful gmin step
Trying gmin =   1.0000E-04 Note: One successful gmin step
Trying gmin =   1.0000E-05 Note: One successful gmin step
Trying gmin =   1.0000E-06 Note: One successful gmin step
Trying gmin =   1.0000E-07 Note: One successful gmin step
Trying gmin =   1.0000E-08 Note: One successful gmin step
Trying gmin =   1.0000E-09 Warning: Further gmin increment
Trying gmin =   5.6234E-09 Note: One successful gmin step
Trying gmin =   2.3714E-09 Note: One successful gmin step
Trying gmin =   6.4938E-10 Warning: Further gmin increment
Trying gmin =   1.7154E-09 Warning: Further gmin increment
Trying gmin =   2.1870E-09 Note: One successful gmin step
Trying gmin =   1.9369E-09 Note: One successful gmin step
Trying gmin =   1.6144E-09 Note: One successful gmin step
Trying gmin =   1.2284E-09 Note: One successful gmin step
Trying gmin =   8.1541E-10 Note: One successful gmin step
Trying gmin =   6.6434E-10 Note: One successful gmin step
Trying gmin =   4.8854E-10 Note: One successful gmin step
Trying gmin =   3.0809E-10 Note: One successful gmin step
Trying gmin =   1.5429E-10 Note: One successful gmin step
Trying gmin =   5.4680E-11 Note: One successful gmin step
Trying gmin =   1.1536E-11 Note: One successful gmin step
Trying gmin =   1.1536E-12 Note: One successful gmin step
Trying gmin =   1.0000E-12 Note: One successful gmin step
Note: True gmin stepping completed
 Reference value :  9.20000e-01
No compatibility mode selected!


Circuit: * ldo netlist 

Doing analysis at TEMP = 0.000000 and TNOM = 27.000000


No. of Data Rows : 81
temp_coeff = 2.468015e+01
Doing analysis at TEMP = 0.000000 and TNOM = 27.000000


No. of Data Rows : 151
vldo_sup_2          =  1.803975e+00
vldo_sup_3          =  1.803103e+00
line_reg = -8.72000e-04
Note: Starting true gmin stepping
Trying gmin =   1.0000E-03 Note: One successful gmin step
Trying gmin =   1.0000E-04 Note: One successful gmin step
Trying gmin =   1.0000E-05 Note: One successful gmin step
Trying gmin =   1.0000E-06 Note: One successful gmin step
Trying gmin =   1.0000E-07 Note: One successful gmin step
Trying gmin =   1.0000E-08 Warning: Further gmin increment
Trying gmin =   5.6234E-08 Warning: Further gmin increment
Trying gmin =   8.6596E-08 Note: One successful gmin step
Trying gmin =   7.4989E-08 Note: One successful gmin step
Trying gmin =   6.0430E-08 Note: One successful gmin step
Trying gmin =   4.3714E-08 Warning: Further gmin increment
Trying gmin =   5.5731E-08 Note: One successful gmin step
Trying gmin =   4.9358E-08 Note: One successful gmin step
Trying gmin =   4.1139E-08 Warning: Further gmin increment
Trying gmin =   4.7161E-08 Note: One successful gmin step
Trying gmin =   4.4047E-08 Warning: Further gmin increment
Trying gmin =   4.6363E-08 Note: One successful gmin step
Trying gmin =   4.5190E-08 Warning: Further gmin increment
Trying gmin =   4.6067E-08 Warning: Further gmin increment
Trying gmin =   4.6288E-08 Note: One successful gmin step
Trying gmin =   4.6177E-08 Note: One successful gmin step
Trying gmin =   4.6011E-08 Warning: Further gmin increment
Trying gmin =   4.6136E-08 Warning: Further gmin increment
Trying gmin =   4.6167E-08 Note: One successful gmin step
Trying gmin =   4.6151E-08 Note: One successful gmin step
Trying gmin =   4.6128E-08 Warning: Further gmin increment
Trying gmin =   4.6146E-08 Note: One successful gmin step
Trying gmin =   4.6137E-08 Warning: Further gmin increment
Trying gmin =   4.6143E-08 Note: One successful gmin step
Trying gmin =   4.6140E-08 Warning: Further gmin increment
Trying gmin =   4.6143E-08 Note: One successful gmin step
Trying gmin =   4.6141E-08 Warning: Last gmin step failed
Warning: True gmin stepping failed
Note: Starting dynamic gmin stepping
Trying gmin =   1.0000E-03 Note: One successful gmin step
Trying gmin =   1.0000E-04 Note: One successful gmin step
Trying gmin =   1.0000E-05 Note: One successful gmin step
Trying gmin =   1.0000E-06 Note: One successful gmin step
Trying gmin =   1.0000E-07 Warning: Further gmin increment
Trying gmin =   5.6234E-07 Note: One successful gmin step
Trying gmin =   2.3714E-07 Warning: Further gmin increment
Trying gmin =   4.5316E-07 Note: One successful gmin step
Trying gmin =   3.2781E-07 Note: One successful gmin step
Trying gmin =   2.0169E-07 Warning: Further gmin increment
Trying gmin =   2.9033E-07 Warning: Further gmin increment
Trying gmin =   3.1801E-07 Note: One successful gmin step
Trying gmin =   3.0385E-07 Note: One successful gmin step
Trying gmin =   2.8379E-07 Warning: Further gmin increment
Trying gmin =   2.9871E-07 Note: One successful gmin step
Trying gmin =   2.9116E-07 Warning: Further gmin increment
Trying gmin =   2.9680E-07 Note: One successful gmin step
Trying gmin =   2.9397E-07 Warning: Further gmin increment
Trying gmin =   2.9609E-07 Note: One successful gmin step
Trying gmin =   2.9503E-07 Note: One successful gmin step
Trying gmin =   2.9344E-07 Warning: Further gmin increment
Trying gmin =   2.9463E-07 Note: One successful gmin step
Trying gmin =   2.9403E-07 Note: One successful gmin step
Trying gmin =   2.9374E-07 Note: One successful gmin step
Trying gmin =   2.9329E-07 Note: One successful gmin step
Trying gmin =   2.9262E-07 Note: One successful gmin step
Trying gmin =   2.9162E-07 Note: One successful gmin step
Trying gmin =   2.9013E-07 Note: One successful gmin step
Trying gmin =   2.8791E-07 Note: One successful gmin step
Trying gmin =   2.8460E-07 Note: One successful gmin step
Trying gmin =   2.7972E-07 Note: One successful gmin step
Trying gmin =   2.7255E-07 Note: One successful gmin step
Trying gmin =   2.6214E-07 Note: One successful gmin step
Trying gmin =   2.4727E-07 Note: One successful gmin step
Trying gmin =   2.2652E-07 Note: One successful gmin step
Trying gmin =   1.9862E-07 Note: One successful gmin step
Trying gmin =   1.6308E-07 Note: One successful gmin step
Trying gmin =   1.2133E-07 Note: One successful gmin step
Trying gmin =   7.7861E-08 Note: One successful gmin step
Trying gmin =   4.0026E-08 Note: One successful gmin step
Trying gmin =   1.4753E-08 Note: One successful gmin step
Trying gmin =   3.3013E-09 Note: One successful gmin step
Trying gmin =   3.4945E-10 Note: One successful gmin step
Trying gmin =   3.4945E-11 Note: One successful gmin step
Trying gmin =   3.4945E-12 Note: One successful gmin step
Trying gmin =   1.0000E-12 Note: One successful gmin step
Note: Dynamic gmin stepping completed
 Reference value :  1.00000e+00Note: No ".plot", ".print", or ".fourier" lines; no simulations run
vin                 =  1.764251e+00
dropout = 2.510000e-04
Doing analysis at TEMP = 0.000000 and TNOM = 27.000000


No. of Data Rows : 91
psrr100             =  -5.720379e+01
psrr100k            =  -3.105301e+01
