 Reference value :  8.00000e+01Note: Starting true gmin stepping
Trying gmin =   1.0000E-03 Note: One successful gmin step
Trying gmin =   1.0000E-04 Note: One successful gmin step
Trying gmin =   1.0000E-05 Note: One successful gmin step
Trying gmin =   1.0000E-06 Note: One successful gmin step
Trying gmin =   1.0000E-07 Note: One successful gmin step
Trying gmin =   1.0000E-08 Warning: Further gmin increment
Trying gmin =   5.6234E-08 Note: One successful gmin step
Trying gmin =   2.3714E-08 Note: One successful gmin step
Trying gmin =   6.4938E-09 Warning: Further gmin increment
Trying gmin =   1.7154E-08 Warning: Further gmin increment
Trying gmin =   2.1870E-08 Note: One successful gmin step
Trying gmin =   1.9369E-08 Note: One successful gmin step
Trying gmin =   1.6144E-08 Warning: Further gmin increment
Trying gmin =   1.8507E-08 Note: One successful gmin step
Trying gmin =   1.7285E-08 Note: One successful gmin step
Trying gmin =   1.5602E-08 Note: One successful gmin step
Trying gmin =   1.3379E-08 Note: One successful gmin step
Trying gmin =   1.0625E-08 Note: One successful gmin step
Trying gmin =   7.5189E-09 Note: One successful gmin step
Trying gmin =   4.4761E-09 Note: One successful gmin step
Trying gmin =   2.0560E-09 Note: One successful gmin step
Trying gmin =   6.4002E-10 Note: One successful gmin step
Trying gmin =   1.1116E-10 Note: One successful gmin step
Trying gmin =   1.1116E-11 Note: One successful gmin step
Trying gmin =   1.1116E-12 Note: One successful gmin step
Trying gmin =   1.0000E-12 Note: One successful gmin step
Note: True gmin stepping completed
 Reference value :  1.42000e+00Note: Starting true gmin stepping
Trying gmin =   1.0000E-03 Note: One successful gmin step
Trying gmin =   1.0000E-04 Note: One successful gmin step
Trying gmin =   1.0000E-05 Note: One successful gmin step
Trying gmin =   1.0000E-06 Note: One successful gmin step
Trying gmin =   1.0000E-07 Note: One successful gmin step
Trying gmin =   1.0000E-08 Warning: Further gmin increment
Trying gmin =   5.6234E-08 Note: One successful gmin step
Trying gmin =   2.3714E-08 Note: One successful gmin step
Trying gmin =   6.4938E-09 Warning: Further gmin increment
Trying gmin =   1.7154E-08 Note: One successful gmin step
Trying gmin =   1.0554E-08 Warning: Further gmin increment
Trying gmin =   1.5193E-08 Warning: Further gmin increment
Trying gmin =   1.6641E-08 Note: One successful gmin step
Trying gmin =   1.5901E-08 Warning: Further gmin increment
Trying gmin =   1.6453E-08 Note: One successful gmin step
Trying gmin =   1.6175E-08 Note: One successful gmin step
Trying gmin =   1.5766E-08 Note: One successful gmin step
Trying gmin =   1.5171E-08 Note: One successful gmin step
Trying gmin =   1.4322E-08 Note: One successful gmin step
Trying gmin =   1.3136E-08 Note: One successful gmin step
Trying gmin =   1.1538E-08 Note: One successful gmin step
Trying gmin =   9.4988E-09 Note: One successful gmin step
Trying gmin =   7.0952E-09 Note: One successful gmin step
Trying gmin =   4.5804E-09 Note: One successful gmin step
Trying gmin =   2.3758E-09 Note: One successful gmin step
Trying gmin =   8.8754E-10 Note: One successful gmin step
Trying gmin =   2.0265E-10 Note: One successful gmin step
Trying gmin =   2.2109E-11 Note: One successful gmin step
Trying gmin =   2.2109E-12 Note: One successful gmin step
Trying gmin =   1.0000E-12 Note: One successful gmin step
Note: True gmin stepping completed

No compatibility mode selected!


Circuit: * ldo netlist 

Doing analysis at TEMP = 27.000000 and TNOM = 27.000000


No. of Data Rows : 81
temp_coeff = 3.630981e+01
Doing analysis at TEMP = 27.000000 and TNOM = 27.000000


No. of Data Rows : 151
vldo_sup_2          =  1.797357e+00
vldo_sup_3          =  1.797560e+00
line_reg = 2.030000e-04
Note: No ".plot", ".print", or ".fourier" lines; no simulations run
vin                 =  1.786367e+00
dropout = 2.236700e-02
Doing analysis at TEMP = 27.000000 and TNOM = 27.000000


No. of Data Rows : 91
psrr100             =  -7.114105e+01
psrr100k            =  -3.001913e+01
