 Reference value :  8.50000e+01Note: Starting true gmin stepping
Trying gmin =   1.0000E-03 Note: One successful gmin step
Trying gmin =   1.0000E-04 Note: One successful gmin step
Trying gmin =   1.0000E-05 Note: One successful gmin step
Trying gmin =   1.0000E-06 Note: One successful gmin step
Trying gmin =   1.0000E-07 Note: One successful gmin step
Trying gmin =   1.0000E-08 Note: One successful gmin step
Trying gmin =   1.0000E-09 Note: One successful gmin step
Trying gmin =   1.0000E-10 Warning: Further gmin increment
Trying gmin =   5.6234E-10 Note: One successful gmin step
Trying gmin =   3.1623E-10 Note: One successful gmin step
Trying gmin =   1.3335E-10 Warning: Further gmin increment
Trying gmin =   2.5483E-10 Note: One successful gmin step
Trying gmin =   1.8434E-10 Warning: Further gmin increment
Trying gmin =   2.3501E-10 Note: One successful gmin step
Trying gmin =   2.0814E-10 Note: One successful gmin step
Trying gmin =   1.7348E-10 Note: One successful gmin step
Trying gmin =   1.3201E-10 Note: One successful gmin step
Trying gmin =   8.7625E-11 Note: One successful gmin step
Trying gmin =   4.7387E-11 Note: One successful gmin step
Trying gmin =   1.8845E-11 Note: One successful gmin step
Trying gmin =   4.7264E-12 Note: One successful gmin step
Trying gmin =   1.0000E-12 Note: One successful gmin step
Note: True gmin stepping completed
 Reference value :  1.30000e+00Note: Starting true gmin stepping
Trying gmin =   1.0000E-03 Note: One successful gmin step
Trying gmin =   1.0000E-04 Note: One successful gmin step
Trying gmin =   1.0000E-05 Note: One successful gmin step
Trying gmin =   1.0000E-06 Note: One successful gmin step
Trying gmin =   1.0000E-07 Note: One successful gmin step
Trying gmin =   1.0000E-08 Note: One successful gmin step
Trying gmin =   1.0000E-09 Note: One successful gmin step
Trying gmin =   1.0000E-10 Warning: Further gmin increment
Trying gmin =   5.6234E-10 Note: One successful gmin step
Trying gmin =   2.3714E-10 Note: One successful gmin step
Trying gmin =   1.0000E-10 Warning: Further gmin increment
Trying gmin =   1.9110E-10 Note: One successful gmin step
Trying gmin =   1.3824E-10 Warning: Further gmin increment
Trying gmin =   1.7624E-10 Note: One successful gmin step
Trying gmin =   1.5608E-10 Warning: Further gmin increment
Trying gmin =   1.7097E-10 Note: One successful gmin step
Trying gmin =   1.6585E-10 Note: One successful gmin step
Trying gmin =   1.5847E-10 Note: One successful gmin step
Trying gmin =   1.4801E-10 Note: One successful gmin step
Trying gmin =   1.3360E-10 Note: One successful gmin step
Trying gmin =   1.1456E-10 Note: One successful gmin step
Trying gmin =   9.0978E-11 Note: One successful gmin step
Trying gmin =   6.4383E-11 Note: One successful gmin step
Trying gmin =   3.8328E-11 Note: One successful gmin step
Trying gmin =   1.7605E-11 Note: One successful gmin step
Trying gmin =   5.4804E-12 Note: One successful gmin step
Trying gmin =   1.0000E-12 Note: One successful gmin step
Note: True gmin stepping completed
 Reference value :  1.28000e+00Note: Starting true gmin stepping
Trying gmin =   1.0000E-03 Note: One successful gmin step
Trying gmin =   1.0000E-04 Note: One successful gmin step
Trying gmin =   1.0000E-05 Note: One successful gmin step
Trying gmin =   1.0000E-06 Note: One successful gmin step
Trying gmin =   1.0000E-07 Note: One successful gmin step
Trying gmin =   1.0000E-08 Note: One successful gmin step
Trying gmin =   1.0000E-09 Note: One successful gmin step
Trying gmin =   1.0000E-10 Note: One successful gmin step
Trying gmin =   1.0000E-11 Note: One successful gmin step
Trying gmin =   1.0000E-12 Warning: Further gmin increment
Trying gmin =   5.6234E-12 Note: One successful gmin step
Trying gmin =   2.3714E-12 Note: One successful gmin step
Trying gmin =   1.0000E-12 Note: One successful gmin step
Warning: True gmin stepping failed
Note: Starting dynamic gmin stepping
Trying gmin =   1.0000E-03 Note: One successful gmin step
Trying gmin =   1.0000E-04 Note: One successful gmin step
Trying gmin =   1.0000E-05 Note: One successful gmin step
Trying gmin =   1.0000E-06 Note: One successful gmin step
Trying gmin =   1.0000E-07 Note: One successful gmin step
Trying gmin =   1.0000E-08 Note: One successful gmin step
Trying gmin =   1.0000E-09 Note: One successful gmin step
Trying gmin =   1.0000E-10 Note: One successful gmin step
Trying gmin =   1.0000E-11 Note: One successful gmin step
Trying gmin =   1.0000E-12 Note: One successful gmin step
Trying gmin =   1.0000E-12 Note: One successful gmin step
Warning: Dynamic gmin stepping failed
Note: Starting source stepping
Supplies reduced to   0.0000% Note: One successful source step
Supplies reduced to   0.1000% Note: One successful source step
Supplies reduced to   0.2000% Note: One successful source step
Supplies reduced to   0.3500% Note: One successful source step
Supplies reduced to   0.5750% Note: One successful source step
Supplies reduced to   0.9125% Note: One successful source step
Supplies reduced to   1.4188% Note: One successful source step
Supplies reduced to   2.1781% Note: One successful source step
Supplies reduced to   3.3172% Note: One successful source step
Supplies reduced to   5.0258% Note: One successful source step
Supplies reduced to   7.5887% Note: One successful source step
Supplies reduced to  11.4330% Note: One successful source step
Supplies reduced to  17.1995% Note: One successful source step
Supplies reduced to  25.8493% Note: One successful source step
Supplies reduced to  38.8239% Note: One successful source step
Supplies reduced to  58.2859% Note: One successful source step
Supplies reduced to  87.4788% Note: One successful source step
Supplies reduced to 100.0000% Note: One successful source step
Note: Source stepping completed
 Reference value :  3.20000e-01
No compatibility mode selected!


Circuit: * ldo netlist 

Doing analysis at TEMP = 27.000000 and TNOM = 27.000000


No. of Data Rows : 86
temp_coeff = 2.735955e+01
Doing analysis at TEMP = 27.000000 and TNOM = 27.000000


No. of Data Rows : 141
vldo_sup_2          =  1.798926e+00
vldo_sup_2_8        =  1.805683e+00
line_reg = 8.446250e-03
vin                 =  1.968085e+00
dropout = 2.040850e-01
Doing analysis at TEMP = 27.000000 and TNOM = 27.000000


No. of Data Rows : 91
Error: no such vector PM
Note: No ".plot", ".print", or ".fourier" lines; no simulations run

Error: measure  pm  (AT) : out of interval
 meas ac pm find p when vdb(ldo_out)=0 failed!

Doing analysis at TEMP = 27.000000 and TNOM = 27.000000


No. of Data Rows : 91
psrr100             =  -7.162052e+01
psrr100k            =  -2.291077e+01
