Note: Starting true gmin stepping
Trying gmin =   1.0000E-03 Note: One successful gmin step
Trying gmin =   1.0000E-04 Note: One successful gmin step
Trying gmin =   1.0000E-05 Note: One successful gmin step
Trying gmin =   1.0000E-06 Note: One successful gmin step
Trying gmin =   1.0000E-07 Note: One successful gmin step
Trying gmin =   1.0000E-08 Warning: Further gmin increment
Trying gmin =   5.6234E-08 Note: One successful gmin step
Trying gmin =   2.3714E-08 Note: One successful gmin step
Trying gmin =   6.4938E-09 Warning: Further gmin increment
Trying gmin =   1.7154E-08 Note: One successful gmin step
Trying gmin =   1.0554E-08 Warning: Further gmin increment
Trying gmin =   1.5193E-08 Note: One successful gmin step
Trying gmin =   1.2663E-08 Note: One successful gmin step
Trying gmin =   9.6358E-09 Warning: Further gmin increment
Trying gmin =   1.1827E-08 Warning: Further gmin increment
Trying gmin =   1.2449E-08 Note: One successful gmin step
Trying gmin =   1.2134E-08 Note: One successful gmin step
Trying gmin =   1.1677E-08 Warning: Further gmin increment
Trying gmin =   1.2018E-08 Warning: Further gmin increment
Trying gmin =   1.2105E-08 Warning: Further gmin increment
Trying gmin =   1.2127E-08 Note: One successful gmin step
Trying gmin =   1.2116E-08 Warning: Further gmin increment
Trying gmin =   1.2124E-08 Note: One successful gmin step
Trying gmin =   1.2120E-08 Note: One successful gmin step
Trying gmin =   1.2114E-08 Warning: Further gmin increment
Trying gmin =   1.2118E-08 Warning: Further gmin increment
Trying gmin =   1.2119E-08 Note: One successful gmin step
Trying gmin =   1.2119E-08 Warning: Last gmin step failed
Warning: True gmin stepping failed
Note: Starting dynamic gmin stepping
Trying gmin =   1.0000E-03 Note: One successful gmin step
Trying gmin =   1.0000E-04 Note: One successful gmin step
Trying gmin =   1.0000E-05 Note: One successful gmin step
Trying gmin =   1.0000E-06 Note: One successful gmin step
Trying gmin =   1.0000E-07 Warning: Further gmin increment
Trying gmin =   5.6234E-07 Note: One successful gmin step
Trying gmin =   2.3714E-07 Warning: Further gmin increment
Trying gmin =   4.5316E-07 Note: One successful gmin step
Trying gmin =   4.0679E-07 Note: One successful gmin step
Trying gmin =   3.4599E-07 Note: One successful gmin step
Trying gmin =   2.7139E-07 Note: One successful gmin step
Trying gmin =   1.8853E-07 Warning: Further gmin increment
Trying gmin =   2.4777E-07 Note: One successful gmin step
Trying gmin =   2.1613E-07 Warning: Further gmin increment
Trying gmin =   2.3945E-07 Note: One successful gmin step
Trying gmin =   2.2749E-07 Warning: Further gmin increment
Trying gmin =   2.3640E-07 Note: One successful gmin step
Trying gmin =   2.3190E-07 Note: One successful gmin step
Trying gmin =   2.2532E-07 Warning: Further gmin increment
Trying gmin =   2.3024E-07 Note: One successful gmin step
Trying gmin =   2.2776E-07 Warning: Further gmin increment
Trying gmin =   2.2962E-07 Warning: Further gmin increment
Trying gmin =   2.3008E-07 Warning: Further gmin increment
Trying gmin =   2.3020E-07 Note: One successful gmin step
Trying gmin =   2.3014E-07 Note: One successful gmin step
Trying gmin =   2.3005E-07 Note: One successful gmin step
Trying gmin =   2.3001E-07 Note: One successful gmin step
Trying gmin =   2.2994E-07 Note: One successful gmin step
Trying gmin =   2.2985E-07 Note: One successful gmin step
Trying gmin =   2.2970E-07 Note: One successful gmin step
Trying gmin =   2.2948E-07 Note: One successful gmin step
Trying gmin =   2.2915E-07 Note: One successful gmin step
Trying gmin =   2.2865E-07 Note: One successful gmin step
Trying gmin =   2.2791E-07 Note: One successful gmin step
Trying gmin =   2.2680E-07 Note: One successful gmin step
Trying gmin =   2.2515E-07 Note: One successful gmin step
Trying gmin =   2.2270E-07 Note: One successful gmin step
Trying gmin =   2.1907E-07 Note: One successful gmin step
Trying gmin =   2.1374E-07 Note: One successful gmin step
Trying gmin =   2.0598E-07 Note: One successful gmin step
Trying gmin =   1.9487E-07 Note: One successful gmin step
Trying gmin =   1.7932E-07 Note: One successful gmin step
Trying gmin =   1.5829E-07 Note: One successful gmin step
Trying gmin =   1.3127E-07 Note: One successful gmin step
Trying gmin =   9.9142E-08 Note: One successful gmin step
Trying gmin =   6.5072E-08 Note: One successful gmin step
Trying gmin =   3.4601E-08 Note: One successful gmin step
Trying gmin =   1.3416E-08 Note: One successful gmin step
Trying gmin =   3.2393E-09 Note: One successful gmin step
Trying gmin =   3.8431E-10 Note: One successful gmin step
Trying gmin =   3.8431E-11 Note: One successful gmin step
Trying gmin =   3.8431E-12 Note: One successful gmin step
Trying gmin =   1.0000E-12 Note: One successful gmin step
Note: Dynamic gmin stepping completed
 Reference value :  8.00000e+01Note: Starting true gmin stepping
Trying gmin =   1.0000E-03 Note: One successful gmin step
Trying gmin =   1.0000E-04 Note: One successful gmin step
Trying gmin =   1.0000E-05 Note: One successful gmin step
Trying gmin =   1.0000E-06 Note: One successful gmin step
Trying gmin =   1.0000E-07 Note: One successful gmin step
Trying gmin =   1.0000E-08 Warning: Further gmin increment
Trying gmin =   5.6234E-08 Note: One successful gmin step
Trying gmin =   2.3714E-08 Note: One successful gmin step
Trying gmin =   6.4938E-09 Warning: Further gmin increment
Trying gmin =   1.7154E-08 Warning: Further gmin increment
Trying gmin =   2.1870E-08 Note: One successful gmin step
Trying gmin =   1.9369E-08 Note: One successful gmin step
Trying gmin =   1.6144E-08 Note: One successful gmin step
Trying gmin =   1.2284E-08 Note: One successful gmin step
Trying gmin =   8.1541E-09 Note: One successful gmin step
Trying gmin =   4.4097E-09 Note: One successful gmin step
Trying gmin =   1.7537E-09 Note: One successful gmin step
Trying gmin =   4.3983E-10 Note: One successful gmin step
Trying gmin =   5.5241E-11 Note: One successful gmin step
Trying gmin =   5.5241E-12 Note: One successful gmin step
Trying gmin =   1.0000E-12 Note: One successful gmin step
Note: True gmin stepping completed
 Reference value :  1.36000e+00Note: Starting true gmin stepping
Trying gmin =   1.0000E-03 Note: One successful gmin step
Trying gmin =   1.0000E-04 Note: One successful gmin step
Trying gmin =   1.0000E-05 Note: One successful gmin step
Trying gmin =   1.0000E-06 Note: One successful gmin step
Trying gmin =   1.0000E-07 Note: One successful gmin step
Trying gmin =   1.0000E-08 Note: One successful gmin step
Trying gmin =   3.1623E-09 Note: One successful gmin step
Trying gmin =   5.6234E-10 Note: One successful gmin step
Trying gmin =   5.6234E-11 Note: One successful gmin step
Trying gmin =   5.6234E-12 Note: One successful gmin step
Trying gmin =   1.0000E-12 Note: One successful gmin step
Note: True gmin stepping completed
Note: Starting true gmin stepping
Trying gmin =   1.0000E-03 Note: One successful gmin step
Trying gmin =   1.0000E-04 Note: One successful gmin step
Trying gmin =   1.0000E-05 Note: One successful gmin step
Trying gmin =   1.0000E-06 Note: One successful gmin step
Trying gmin =   1.0000E-07 Note: One successful gmin step
Trying gmin =   1.0000E-08 Warning: Further gmin increment
Trying gmin =   5.6234E-08 Note: One successful gmin step
Trying gmin =   2.3714E-08 Note: One successful gmin step
Trying gmin =   6.4938E-09 Warning: Further gmin increment
Trying gmin =   1.7154E-08 Note: One successful gmin step
Trying gmin =   1.0554E-08 Warning: Further gmin increment
Trying gmin =   1.5193E-08 Note: One successful gmin step
Trying gmin =   1.2663E-08 Note: One successful gmin step
Trying gmin =   9.6358E-09 Note: One successful gmin step
Trying gmin =   6.3960E-09 Note: One successful gmin step
Trying gmin =   3.4589E-09 Note: One successful gmin step
Trying gmin =   1.3756E-09 Note: One successful gmin step
Trying gmin =   3.4499E-10 Note: One successful gmin step
Trying gmin =   4.3331E-11 Note: One successful gmin step
Trying gmin =   4.3331E-12 Note: One successful gmin step
Trying gmin =   1.0000E-12 Note: One successful gmin step
Note: True gmin stepping completed
 Reference value :  1.32000e+00Note: Starting true gmin stepping
Trying gmin =   1.0000E-03 Note: One successful gmin step
Trying gmin =   1.0000E-04 Note: One successful gmin step
Trying gmin =   1.0000E-05 Note: One successful gmin step
Trying gmin =   1.0000E-06 Note: One successful gmin step
Trying gmin =   1.0000E-07 Note: One successful gmin step
Trying gmin =   1.0000E-08 Warning: Further gmin increment
Trying gmin =   5.6234E-08 Note: One successful gmin step
Trying gmin =   2.3714E-08 Note: One successful gmin step
Trying gmin =   6.4938E-09 Warning: Further gmin increment
Trying gmin =   1.7154E-08 Note: One successful gmin step
Trying gmin =   1.0554E-08 Warning: Further gmin increment
Trying gmin =   1.5193E-08 Note: One successful gmin step
Trying gmin =   1.2663E-08 Note: One successful gmin step
Trying gmin =   9.6358E-09 Note: One successful gmin step
Trying gmin =   6.3960E-09 Note: One successful gmin step
Trying gmin =   3.4589E-09 Note: One successful gmin step
Trying gmin =   1.3756E-09 Note: One successful gmin step
Trying gmin =   3.4499E-10 Note: One successful gmin step
Trying gmin =   4.3331E-11 Note: One successful gmin step
Trying gmin =   4.3331E-12 Note: One successful gmin step
Trying gmin =   1.0000E-12 Note: One successful gmin step
Note: True gmin stepping completed
 Reference value :  5.00000e-01
No compatibility mode selected!


Circuit: * ldo netlist 

Doing analysis at TEMP = 85.000000 and TNOM = 27.000000


No. of Data Rows : 81
temp_coeff = 3.358564e+01
Doing analysis at TEMP = 85.000000 and TNOM = 27.000000


No. of Data Rows : 151
vldo_sup_2          =  1.799377e+00
vldo_sup_3          =  1.802341e+00
line_reg = 2.964000e-03
Note: Starting true gmin stepping
Trying gmin =   1.0000E-03 Note: One successful gmin step
Trying gmin =   1.0000E-04 Note: One successful gmin step
Trying gmin =   1.0000E-05 Note: One successful gmin step
Trying gmin =   1.0000E-06 Note: One successful gmin step
Trying gmin =   1.0000E-07 Note: One successful gmin step
Trying gmin =   1.0000E-08 Warning: Further gmin increment
Trying gmin =   5.6234E-08 Note: One successful gmin step
Trying gmin =   2.3714E-08 Note: One successful gmin step
Trying gmin =   6.4938E-09 Warning: Further gmin increment
Trying gmin =   1.7154E-08 Note: One successful gmin step
Trying gmin =   1.0554E-08 Warning: Further gmin increment
Trying gmin =   1.5193E-08 Note: One successful gmin step
Trying gmin =   1.2663E-08 Warning: Further gmin increment
Trying gmin =   1.4517E-08 Note: One successful gmin step
Trying gmin =   1.3558E-08 Note: One successful gmin step
Trying gmin =   1.2238E-08 Warning: Further gmin increment
Trying gmin =   1.3215E-08 Note: One successful gmin step
Trying gmin =   1.2717E-08 Warning: Further gmin increment
Trying gmin =   1.3089E-08 Note: One successful gmin step
Trying gmin =   1.2902E-08 Warning: Further gmin increment
Trying gmin =   1.3042E-08 Note: One successful gmin step
Trying gmin =   1.2972E-08 Note: One successful gmin step
Trying gmin =   1.2867E-08 Warning: Further gmin increment
Trying gmin =   1.2945E-08 Warning: Further gmin increment
Trying gmin =   1.2965E-08 Warning: Further gmin increment
Trying gmin =   1.2970E-08 Warning: Further gmin increment
Trying gmin =   1.2971E-08 Note: One successful gmin step
Trying gmin =   1.2971E-08 Note: One successful gmin step
Trying gmin =   1.2970E-08 Warning: Further gmin increment
Trying gmin =   1.2970E-08 Warning: Last gmin step failed
Warning: True gmin stepping failed
Note: Starting dynamic gmin stepping
Trying gmin =   1.0000E-03 Note: One successful gmin step
Trying gmin =   1.0000E-04 Note: One successful gmin step
Trying gmin =   1.0000E-05 Note: One successful gmin step
Trying gmin =   1.0000E-06 Note: One successful gmin step
Trying gmin =   1.0000E-07 Warning: Further gmin increment
Trying gmin =   5.6234E-07 Note: One successful gmin step
Trying gmin =   2.3714E-07 Warning: Further gmin increment
Trying gmin =   4.5316E-07 Note: One successful gmin step
Trying gmin =   3.2781E-07 Note: One successful gmin step
Trying gmin =   2.0169E-07 Warning: Further gmin increment
Trying gmin =   2.9033E-07 Note: One successful gmin step
Trying gmin =   2.4199E-07 Note: One successful gmin step
Trying gmin =   1.8414E-07 Warning: Further gmin increment
Trying gmin =   2.2601E-07 Note: One successful gmin step
Trying gmin =   2.1109E-07 Note: One successful gmin step
Trying gmin =   1.9053E-07 Note: One successful gmin step
Trying gmin =   1.6339E-07 Note: One successful gmin step
Trying gmin =   1.2975E-07 Note: One successful gmin step
Trying gmin =   9.1821E-08 Note: One successful gmin step
Trying gmin =   5.4663E-08 Note: One successful gmin step
Trying gmin =   2.5108E-08 Note: One successful gmin step
Trying gmin =   7.8160E-09 Note: One successful gmin step
Trying gmin =   1.3575E-09 Note: One successful gmin step
Trying gmin =   1.3575E-10 Note: One successful gmin step
Trying gmin =   1.3575E-11 Note: One successful gmin step
Trying gmin =   1.3575E-12 Note: One successful gmin step
Trying gmin =   1.0000E-12 Note: One successful gmin step
Note: Dynamic gmin stepping completed
 Reference value :  1.00000e+00Note: No ".plot", ".print", or ".fourier" lines; no simulations run
vin                 =  1.783007e+00
dropout = 1.900700e-02
Doing analysis at TEMP = 85.000000 and TNOM = 27.000000


No. of Data Rows : 91
psrr100             =  -4.079607e+01
psrr100k            =  -2.840573e+01
