 Reference value :  8.50000e+01Note: Starting true gmin stepping
Trying gmin =   1.0000E-03 Note: One successful gmin step
Trying gmin =   1.0000E-04 Note: One successful gmin step
Trying gmin =   1.0000E-05 Note: One successful gmin step
Trying gmin =   1.0000E-06 Note: One successful gmin step
Trying gmin =   1.0000E-07 Note: One successful gmin step
Trying gmin =   3.1623E-08 Warning: Further gmin increment
Trying gmin =   7.4989E-08 Warning: Further gmin increment
Trying gmin =   9.3057E-08 Note: One successful gmin step
Trying gmin =   8.3536E-08 Warning: Further gmin increment
Trying gmin =   9.0580E-08 Note: One successful gmin step
Trying gmin =   8.6987E-08 Note: One successful gmin step
Trying gmin =   8.1863E-08 Warning: Further gmin increment
Trying gmin =   8.5676E-08 Warning: Further gmin increment
Trying gmin =   8.6657E-08 Note: One successful gmin step
Trying gmin =   8.6165E-08 Note: One successful gmin step
Trying gmin =   8.5433E-08 Warning: Further gmin increment
Trying gmin =   8.5982E-08 Warning: Further gmin increment
Trying gmin =   8.6120E-08 Note: One successful gmin step
Trying gmin =   8.6051E-08 Note: One successful gmin step
Trying gmin =   8.5947E-08 Warning: Further gmin increment
Trying gmin =   8.6025E-08 Note: One successful gmin step
Trying gmin =   8.5986E-08 Warning: Further gmin increment
Trying gmin =   8.6015E-08 Note: One successful gmin step
Trying gmin =   8.6001E-08 Warning: Further gmin increment
Trying gmin =   8.6011E-08 Note: One successful gmin step
Trying gmin =   8.6006E-08 Warning: Further gmin increment
Trying gmin =   8.6010E-08 Note: One successful gmin step
Trying gmin =   8.6008E-08 Note: One successful gmin step
Trying gmin =   8.6005E-08 Warning: Last gmin step failed
Warning: True gmin stepping failed
Note: Starting dynamic gmin stepping
Trying gmin =   1.0000E-03 Note: One successful gmin step
Trying gmin =   1.0000E-04 Note: One successful gmin step
Trying gmin =   1.0000E-05 Note: One successful gmin step
Trying gmin =   1.0000E-06 Warning: Further gmin increment
Trying gmin =   5.6234E-06 Warning: Further gmin increment
Trying gmin =   8.6596E-06 Note: One successful gmin step
Trying gmin =   6.9783E-06 Note: One successful gmin step
Trying gmin =   5.0481E-06 Warning: Further gmin increment
Trying gmin =   6.4357E-06 Note: One successful gmin step
Trying gmin =   5.6998E-06 Warning: Further gmin increment
Trying gmin =   6.2432E-06 Note: One successful gmin step
Trying gmin =   5.9653E-06 Note: One successful gmin step
Trying gmin =   5.5715E-06 Note: One successful gmin step
Trying gmin =   5.0289E-06 Note: One successful gmin step
Trying gmin =   4.3126E-06 Note: One successful gmin step
Trying gmin =   3.4247E-06 Note: One successful gmin step
Trying gmin =   2.4236E-06 Note: One successful gmin step
Trying gmin =   1.4428E-06 Warning: Further gmin increment
Trying gmin =   2.1288E-06 Note: One successful gmin step
Trying gmin =   1.7525E-06 Note: One successful gmin step
Trying gmin =   1.3091E-06 Warning: Further gmin increment
Trying gmin =   1.6293E-06 Note: One successful gmin step
Trying gmin =   1.4604E-06 Note: One successful gmin step
Trying gmin =   1.2394E-06 Warning: Further gmin increment
Trying gmin =   1.4017E-06 Warning: Further gmin increment
Trying gmin =   1.4455E-06 Warning: Further gmin increment
Trying gmin =   1.4567E-06 Note: One successful gmin step
Trying gmin =   1.4511E-06 Warning: Further gmin increment
Trying gmin =   1.4553E-06 Note: One successful gmin step
Trying gmin =   1.4532E-06 Note: One successful gmin step
Trying gmin =   1.4500E-06 Note: One successful gmin step
Trying gmin =   1.4453E-06 Note: One successful gmin step
Trying gmin =   1.4383E-06 Note: One successful gmin step
Trying gmin =   1.4279E-06 Note: One successful gmin step
Trying gmin =   1.4123E-06 Note: One successful gmin step
Trying gmin =   1.3893E-06 Note: One successful gmin step
Trying gmin =   1.3555E-06 Note: One successful gmin step
Trying gmin =   1.3063E-06 Note: One successful gmin step
Trying gmin =   1.2358E-06 Note: One successful gmin step
Trying gmin =   1.1372E-06 Note: One successful gmin step
Trying gmin =   1.0038E-06 Note: One successful gmin step
Trying gmin =   8.3248E-07 Note: One successful gmin step
Trying gmin =   6.2873E-07 Note: One successful gmin step
Trying gmin =   4.1266E-07 Note: One successful gmin step
Trying gmin =   2.1943E-07 Note: One successful gmin step
Trying gmin =   8.5083E-08 Note: One successful gmin step
Trying gmin =   2.0543E-08 Note: One successful gmin step
Trying gmin =   2.4372E-09 Note: One successful gmin step
Trying gmin =   2.4372E-10 Note: One successful gmin step
Trying gmin =   2.4372E-11 Note: One successful gmin step
Trying gmin =   2.4372E-12 Note: One successful gmin step
Trying gmin =   1.0000E-12 Note: One successful gmin step
Note: Dynamic gmin stepping completed
 Reference value :  2.80000e+00Note: Starting true gmin stepping
Trying gmin =   1.0000E-03 Note: One successful gmin step
Trying gmin =   1.0000E-04 Note: One successful gmin step
Trying gmin =   1.0000E-05 Note: One successful gmin step
Trying gmin =   1.0000E-06 Note: One successful gmin step
Trying gmin =   1.0000E-07 Note: One successful gmin step
Trying gmin =   1.0000E-08 Note: One successful gmin step
Trying gmin =   3.1623E-09 Note: One successful gmin step
Trying gmin =   5.6234E-10 Warning: Further gmin increment
Trying gmin =   2.0535E-09 Note: One successful gmin step
Trying gmin =   1.0746E-09 Note: One successful gmin step
Trying gmin =   4.0679E-10 Warning: Further gmin increment
Trying gmin =   8.4291E-10 Note: One successful gmin step
Trying gmin =   5.8557E-10 Warning: Further gmin increment
Trying gmin =   7.6954E-10 Note: One successful gmin step
Trying gmin =   6.7128E-10 Warning: Further gmin increment
Trying gmin =   7.4370E-10 Note: One successful gmin step
Trying gmin =   7.0656E-10 Warning: Further gmin increment
Trying gmin =   7.3424E-10 Note: One successful gmin step
Trying gmin =   7.2027E-10 Note: One successful gmin step
Trying gmin =   6.9981E-10 Warning: Further gmin increment
Trying gmin =   7.1510E-10 Note: One successful gmin step
Trying gmin =   7.0741E-10 Note: One successful gmin step
Trying gmin =   7.0360E-10 Note: One successful gmin step
Trying gmin =   6.9792E-10 Note: One successful gmin step
Trying gmin =   6.8949E-10 Note: One successful gmin step
Trying gmin =   6.7703E-10 Note: One successful gmin step
Trying gmin =   6.5876E-10 Note: One successful gmin step
Trying gmin =   6.3228E-10 Note: One successful gmin step
Trying gmin =   5.9455E-10 Note: One successful gmin step
Trying gmin =   5.4212E-10 Note: One successful gmin step
Trying gmin =   4.7202E-10 Note: One successful gmin step
Trying gmin =   3.8349E-10 Note: One successful gmin step
Trying gmin =   2.8083E-10 Note: One successful gmin step
Trying gmin =   1.7599E-10 Note: One successful gmin step
Trying gmin =   8.7309E-11 Note: One successful gmin step
Trying gmin =   3.0507E-11 Note: One successful gmin step
Trying gmin =   6.3012E-12 Note: One successful gmin step
Trying gmin =   1.0000E-12 Note: One successful gmin step
Note: True gmin stepping completed
 Reference value :  1.36000e+00Note: Starting true gmin stepping
Trying gmin =   1.0000E-03 Note: One successful gmin step
Trying gmin =   1.0000E-04 Note: One successful gmin step
Trying gmin =   1.0000E-05 Note: One successful gmin step
Trying gmin =   1.0000E-06 Note: One successful gmin step
Trying gmin =   1.0000E-07 Note: One successful gmin step
Trying gmin =   1.0000E-08 Note: One successful gmin step
Trying gmin =   3.1623E-09 Note: One successful gmin step
Trying gmin =   5.6234E-10 Note: One successful gmin step
Trying gmin =   5.6234E-11 Warning: Further gmin increment
Trying gmin =   3.1623E-10 Warning: Further gmin increment
Trying gmin =   4.8697E-10 Warning: Further gmin increment
Trying gmin =   5.4247E-10 Note: One successful gmin step
Trying gmin =   5.1397E-10 Warning: Further gmin increment
Trying gmin =   5.3520E-10 Note: One successful gmin step
Trying gmin =   5.2448E-10 Note: One successful gmin step
Trying gmin =   5.0880E-10 Warning: Further gmin increment
Trying gmin =   5.2051E-10 Note: One successful gmin step
Trying gmin =   5.1462E-10 Warning: Further gmin increment
Trying gmin =   5.1903E-10 Note: One successful gmin step
Trying gmin =   5.1682E-10 Note: One successful gmin step
Trying gmin =   5.1352E-10 Warning: Further gmin increment
Trying gmin =   5.1600E-10 Note: One successful gmin step
Trying gmin =   5.1476E-10 Note: One successful gmin step
Trying gmin =   5.1414E-10 Note: One successful gmin step
Trying gmin =   5.1321E-10 Note: One successful gmin step
Trying gmin =   5.1183E-10 Note: One successful gmin step
Trying gmin =   5.0976E-10 Note: One successful gmin step
Trying gmin =   5.0667E-10 Note: One successful gmin step
Trying gmin =   5.0207E-10 Note: One successful gmin step
Trying gmin =   4.9525E-10 Note: One successful gmin step
Trying gmin =   4.8520E-10 Note: One successful gmin step
Trying gmin =   4.7050E-10 Note: One successful gmin step
Trying gmin =   4.4927E-10 Note: One successful gmin step
Trying gmin =   4.1922E-10 Note: One successful gmin step
Trying gmin =   3.7787E-10 Note: One successful gmin step
Trying gmin =   3.2336E-10 Note: One successful gmin step
Trying gmin =   2.5598E-10 Note: One successful gmin step
Trying gmin =   1.8030E-10 Note: One successful gmin step
Trying gmin =   1.0658E-10 Note: One successful gmin step
Trying gmin =   4.8437E-11 Note: One successful gmin step
Trying gmin =   1.4840E-11 Note: One successful gmin step
Trying gmin =   2.5167E-12 Note: One successful gmin step
Trying gmin =   1.0000E-12 Note: One successful gmin step
Note: True gmin stepping completed
 Reference value :  1.34000e+00
No compatibility mode selected!


Circuit: * ldo netlist 

Doing analysis at TEMP = 0.000000 and TNOM = 27.000000


No. of Data Rows : 86
temp_coeff = 3.506344e+01
Doing analysis at TEMP = 0.000000 and TNOM = 27.000000


No. of Data Rows : 141
vldo_sup_2          =  1.805586e+00
vldo_sup_2_8        =  1.804568e+00
line_reg = 1.272500e-03
Note: Starting true gmin stepping
Trying gmin =   1.0000E-03 Note: One successful gmin step
Trying gmin =   1.0000E-04 Note: One successful gmin step
Trying gmin =   1.0000E-05 Note: One successful gmin step
Trying gmin =   1.0000E-06 Note: One successful gmin step
Trying gmin =   1.0000E-07 Note: One successful gmin step
Trying gmin =   1.0000E-08 Warning: Further gmin increment
Trying gmin =   5.6234E-08 Note: One successful gmin step
Trying gmin =   2.3714E-08 Warning: Further gmin increment
Trying gmin =   4.5316E-08 Warning: Further gmin increment
Trying gmin =   5.3280E-08 Note: One successful gmin step
Trying gmin =   4.9137E-08 Note: One successful gmin step
Trying gmin =   4.3518E-08 Note: One successful gmin step
Trying gmin =   3.6272E-08 Note: One successful gmin step
Trying gmin =   2.7601E-08 Note: One successful gmin step
Trying gmin =   1.8321E-08 Note: One successful gmin step
Trying gmin =   9.9077E-09 Warning: Further gmin increment
Trying gmin =   1.5711E-08 Warning: Further gmin increment
Trying gmin =   1.7630E-08 Warning: Further gmin increment
Trying gmin =   1.8145E-08 Note: One successful gmin step
Trying gmin =   1.7886E-08 Note: One successful gmin step
Trying gmin =   1.7504E-08 Warning: Further gmin increment
Trying gmin =   1.7790E-08 Warning: Further gmin increment
Trying gmin =   1.7862E-08 Warning: Further gmin increment
Trying gmin =   1.7880E-08 Note: One successful gmin step
Trying gmin =   1.7871E-08 Warning: Further gmin increment
Trying gmin =   1.7878E-08 Note: One successful gmin step
Trying gmin =   1.7874E-08 Note: One successful gmin step
Trying gmin =   1.7869E-08 Warning: Further gmin increment
Trying gmin =   1.7873E-08 Note: One successful gmin step
Trying gmin =   1.7871E-08 Warning: Further gmin increment
Trying gmin =   1.7872E-08 Warning: Last gmin step failed
Warning: True gmin stepping failed
Note: Starting dynamic gmin stepping
Trying gmin =   1.0000E-03 Note: One successful gmin step
Trying gmin =   1.0000E-04 Note: One successful gmin step
Trying gmin =   1.0000E-05 Note: One successful gmin step
Trying gmin =   1.0000E-06 Note: One successful gmin step
Trying gmin =   1.0000E-07 Warning: Further gmin increment
Trying gmin =   5.6234E-07 Note: One successful gmin step
Trying gmin =   2.3714E-07 Warning: Further gmin increment
Trying gmin =   4.5316E-07 Note: One successful gmin step
Trying gmin =   3.2781E-07 Note: One successful gmin step
Trying gmin =   2.0169E-07 Warning: Further gmin increment
Trying gmin =   2.9033E-07 Note: One successful gmin step
Trying gmin =   2.4199E-07 Warning: Further gmin increment
Trying gmin =   2.7741E-07 Note: One successful gmin step
Trying gmin =   2.5909E-07 Note: One successful gmin step
Trying gmin =   2.3386E-07 Warning: Further gmin increment
Trying gmin =   2.5254E-07 Note: One successful gmin step
Trying gmin =   2.4302E-07 Warning: Further gmin increment
Trying gmin =   2.5013E-07 Note: One successful gmin step
Trying gmin =   2.4655E-07 Warning: Further gmin increment
Trying gmin =   2.4923E-07 Note: One successful gmin step
Trying gmin =   2.4788E-07 Note: One successful gmin step
Trying gmin =   2.4588E-07 Warning: Further gmin increment
Trying gmin =   2.4738E-07 Warning: Further gmin increment
Trying gmin =   2.4776E-07 Note: One successful gmin step
Trying gmin =   2.4757E-07 Warning: Further gmin increment
Trying gmin =   2.4771E-07 Warning: Further gmin increment
Trying gmin =   2.4775E-07 Note: One successful gmin step
Trying gmin =   2.4773E-07 Warning: Further gmin increment
Trying gmin =   2.4774E-07 Warning: Last gmin step failed
Warning: Dynamic gmin stepping failed
Note: Starting source stepping
Supplies reduced to   0.0000% Note: One successful source step
Supplies reduced to   0.1000% Note: One successful source step
Supplies reduced to   0.2000% Note: One successful source step
Supplies reduced to   0.3500% Note: One successful source step
Supplies reduced to   0.5750% Note: One successful source step
Supplies reduced to   0.9125% Note: One successful source step
Supplies reduced to   1.4188% Note: One successful source step
Supplies reduced to   2.1781% Note: One successful source step
Supplies reduced to   3.3172% Note: One successful source step
Supplies reduced to   5.0258% Note: One successful source step
Supplies reduced to   7.5887% Note: One successful source step
Supplies reduced to  11.4330% Note: One successful source step
Supplies reduced to  17.1995% Note: One successful source step
Supplies reduced to  25.8493% Note: One successful source step
Supplies reduced to  38.8239% Supplies reduced to  25.8493% Note: One successful source step
Supplies reduced to  26.8493% Note: One successful source step
Supplies reduced to  28.3493% Note: One successful source step
Supplies reduced to  30.5993% Note: One successful source step
Supplies reduced to  33.9743% Note: One successful source step
Supplies reduced to  39.0368% Supplies reduced to  33.9743% Note: One successful source step
Supplies reduced to  34.7336% Note: One successful source step
Supplies reduced to  35.8727% Note: One successful source step
Supplies reduced to  37.5813% Note: One successful source step
Supplies reduced to  39.2899% Note: One successful source step
Supplies reduced to  41.8528% Note: One successful source step
Supplies reduced to  44.4157% Note: One successful source step
Supplies reduced to  48.2600% Supplies reduced to  44.4157% Note: One successful source step
Supplies reduced to  44.9923% Note: One successful source step
Supplies reduced to  45.8573% Note: One successful source step
Supplies reduced to  47.1548% Note: One successful source step
Supplies reduced to  49.1010% Note: One successful source step
Supplies reduced to  52.0203% Note: One successful source step
Supplies reduced to  56.3992% Note: One successful source step
Supplies reduced to  62.9676% Note: One successful source step
Supplies reduced to  72.8202% Note: One successful source step
Supplies reduced to  87.5991% Note: One successful source step
Supplies reduced to 100.0000% Supplies reduced to  87.5991% Note: One successful source step
Supplies reduced to  88.5991% Note: One successful source step
Supplies reduced to  90.0991% Note: One successful source step
Supplies reduced to  92.3491% Note: One successful source step
Supplies reduced to  95.7241% Supplies reduced to  92.3491% Note: One successful source step
Supplies reduced to  92.8554% Supplies reduced to  92.3491% Note: One successful source step
Supplies reduced to  92.4251% Note: One successful source step
Supplies reduced to  92.5390% Note: One successful source step
Supplies reduced to  92.7098% Supplies reduced to  92.5390% Note: One successful source step
Supplies reduced to  92.5646% Supplies reduced to  92.5390% Note: One successful source step
Supplies reduced to  92.5428% Note: One successful source step
Supplies reduced to  92.5486% Note: One successful source step
Supplies reduced to  92.5572% Supplies reduced to  92.5486% Note: One successful source step
Supplies reduced to  92.5499% Note: One successful source step
Supplies reduced to  92.5518% Note: One successful source step
Supplies reduced to  92.5547% Note: One successful source step
Supplies reduced to  92.5591% Supplies reduced to  92.5547% Note: One successful source step
Supplies reduced to  92.5554% Note: One successful source step
Supplies reduced to  92.5564% Supplies reduced to  92.5554% Note: One successful source step
Supplies reduced to  92.5556% Supplies reduced to  92.5554% Note: One successful source step
Supplies reduced to  92.5554% Note: One successful source step
Supplies reduced to  92.5555% Note: One successful source step
Supplies reduced to  92.5555% Note: One successful source step
Supplies reduced to  92.5556% Supplies reduced to  92.5555% Note: One successful source step
Supplies reduced to  92.5555% Note: One successful source step
Supplies reduced to  92.5555% Note: One successful source step
Warning: source stepping failed
doAnalyses: Too many iterations without convergence

ac simulation(s) aborted
Segmentation fault
