Note: Starting true gmin stepping
Trying gmin =   1.0000E-03 Note: One successful gmin step
Trying gmin =   1.0000E-04 Note: One successful gmin step
Trying gmin =   1.0000E-05 Note: One successful gmin step
Trying gmin =   1.0000E-06 Note: One successful gmin step
Trying gmin =   1.0000E-07 Note: One successful gmin step
Trying gmin =   1.0000E-08 Warning: Further gmin increment
Trying gmin =   5.6234E-08 Warning: Further gmin increment
Trying gmin =   8.6596E-08 Note: One successful gmin step
Trying gmin =   6.9783E-08 Note: One successful gmin step
Trying gmin =   5.0481E-08 Note: One successful gmin step
Trying gmin =   3.1059E-08 Note: One successful gmin step
Trying gmin =   1.4989E-08 Warning: Further gmin increment
Trying gmin =   2.5887E-08 Note: One successful gmin step
Trying gmin =   1.9699E-08 Note: One successful gmin step
Trying gmin =   1.3075E-08 Warning: Further gmin increment
Trying gmin =   1.7780E-08 Note: One successful gmin step
Trying gmin =   1.5247E-08 Warning: Further gmin increment
Trying gmin =   1.7110E-08 Note: One successful gmin step
Trying gmin =   1.6152E-08 Warning: Further gmin increment
Trying gmin =   1.6865E-08 Note: One successful gmin step
Trying gmin =   1.6505E-08 Note: One successful gmin step
Trying gmin =   1.5978E-08 Warning: Further gmin increment
Trying gmin =   1.6372E-08 Warning: Further gmin increment
Trying gmin =   1.6471E-08 Note: One successful gmin step
Trying gmin =   1.6421E-08 Note: One successful gmin step
Trying gmin =   1.6347E-08 Warning: Further gmin increment
Trying gmin =   1.6403E-08 Note: One successful gmin step
Trying gmin =   1.6375E-08 Note: One successful gmin step
Trying gmin =   1.6333E-08 Warning: Further gmin increment
Trying gmin =   1.6364E-08 Warning: Further gmin increment
Trying gmin =   1.6372E-08 Warning: Further gmin increment
Trying gmin =   1.6374E-08 Note: One successful gmin step
Trying gmin =   1.6373E-08 Note: One successful gmin step
Trying gmin =   1.6372E-08 Warning: Further gmin increment
Trying gmin =   1.6373E-08 Note: One successful gmin step
Trying gmin =   1.6372E-08 Warning: Last gmin step failed
Warning: True gmin stepping failed
Note: Starting dynamic gmin stepping
Trying gmin =   1.0000E-03 Note: One successful gmin step
Trying gmin =   1.0000E-04 Note: One successful gmin step
Trying gmin =   1.0000E-05 Note: One successful gmin step
Trying gmin =   1.0000E-06 Note: One successful gmin step
Trying gmin =   1.0000E-07 Warning: Further gmin increment
Trying gmin =   5.6234E-07 Note: One successful gmin step
Trying gmin =   2.3714E-07 Warning: Further gmin increment
Trying gmin =   4.5316E-07 Note: One successful gmin step
Trying gmin =   3.2781E-07 Note: One successful gmin step
Trying gmin =   2.3714E-07 Note: One successful gmin step
Trying gmin =   1.4590E-07 Note: One successful gmin step
Trying gmin =   1.1444E-07 Note: One successful gmin step
Trying gmin =   7.9504E-08 Note: One successful gmin step
Trying gmin =   4.6035E-08 Note: One successful gmin step
Trying gmin =   2.0283E-08 Note: One successful gmin step
Trying gmin =   5.9319E-09 Note: One successful gmin step
Trying gmin =   9.3819E-10 Note: One successful gmin step
Trying gmin =   9.3819E-11 Note: One successful gmin step
Trying gmin =   9.3819E-12 Note: One successful gmin step
Trying gmin =   1.0000E-12 Note: One successful gmin step
Note: Dynamic gmin stepping completed
 Reference value :  8.00000e+01Note: Starting true gmin stepping
Trying gmin =   1.0000E-03 Note: One successful gmin step
Trying gmin =   1.0000E-04 Note: One successful gmin step
Trying gmin =   1.0000E-05 Note: One successful gmin step
Trying gmin =   1.0000E-06 Note: One successful gmin step
Trying gmin =   1.0000E-07 Warning: Further gmin increment
Trying gmin =   5.6234E-07 Note: One successful gmin step
Trying gmin =   2.3714E-07 Note: One successful gmin step
Trying gmin =   6.4938E-08 Warning: Further gmin increment
Trying gmin =   1.7154E-07 Note: One successful gmin step
Trying gmin =   1.2409E-07 Note: One successful gmin step
Trying gmin =   7.6351E-08 Warning: Further gmin increment
Trying gmin =   1.0990E-07 Note: One successful gmin step
Trying gmin =   9.7338E-08 Note: One successful gmin step
Trying gmin =   8.1130E-08 Warning: Further gmin increment
Trying gmin =   9.3005E-08 Warning: Further gmin increment
Trying gmin =   9.6236E-08 Note: One successful gmin step
Trying gmin =   9.4607E-08 Warning: Further gmin increment
Trying gmin =   9.5826E-08 Note: One successful gmin step
Trying gmin =   9.5214E-08 Note: One successful gmin step
Trying gmin =   9.4304E-08 Note: One successful gmin step
Trying gmin =   9.2955E-08 Note: One successful gmin step
Trying gmin =   9.0968E-08 Note: One successful gmin step
Trying gmin =   8.8066E-08 Note: One successful gmin step
Trying gmin =   8.3887E-08 Note: One successful gmin step
Trying gmin =   7.7986E-08 Note: One successful gmin step
Trying gmin =   6.9904E-08 Note: One successful gmin step
Trying gmin =   5.9324E-08 Note: One successful gmin step
Trying gmin =   4.6379E-08 Note: One successful gmin step
Trying gmin =   3.2060E-08 Note: One successful gmin step
Trying gmin =   1.8425E-08 Note: One successful gmin step
Trying gmin =   8.0280E-09 Note: One successful gmin step
Trying gmin =   2.3088E-09 Note: One successful gmin step
Trying gmin =   3.5609E-10 Note: One successful gmin step
Trying gmin =   3.5609E-11 Note: One successful gmin step
Trying gmin =   3.5609E-12 Note: One successful gmin step
Trying gmin =   1.0000E-12 Note: One successful gmin step
Note: True gmin stepping completed
 Reference value :  3.00000e+00Note: Starting true gmin stepping
Trying gmin =   1.0000E-03 Note: One successful gmin step
Trying gmin =   1.0000E-04 Note: One successful gmin step
Trying gmin =   1.0000E-05 Note: One successful gmin step
Trying gmin =   1.0000E-06 Note: One successful gmin step
Trying gmin =   1.0000E-07 Note: One successful gmin step
Trying gmin =   1.0000E-08 Note: One successful gmin step
Trying gmin =   1.0000E-09 Warning: Further gmin increment
Trying gmin =   5.6234E-09 Note: One successful gmin step
Trying gmin =   2.3714E-09 Note: One successful gmin step
Trying gmin =   6.4938E-10 Warning: Further gmin increment
Trying gmin =   1.7154E-09 Note: One successful gmin step
Trying gmin =   1.0554E-09 Note: One successful gmin step
Trying gmin =   5.0937E-10 Warning: Further gmin increment
Trying gmin =   8.7970E-10 Note: One successful gmin step
Trying gmin =   6.6940E-10 Note: One successful gmin step
Trying gmin =   4.4433E-10 Warning: Further gmin increment
Trying gmin =   6.0421E-10 Warning: Further gmin increment
Trying gmin =   6.5247E-10 Note: One successful gmin step
Trying gmin =   6.2788E-10 Warning: Further gmin increment
Trying gmin =   6.4623E-10 Warning: Further gmin increment
Trying gmin =   6.5090E-10 Note: One successful gmin step
Trying gmin =   6.4856E-10 Note: One successful gmin step
Trying gmin =   6.4507E-10 Warning: Further gmin increment
Trying gmin =   6.4769E-10 Note: One successful gmin step
Trying gmin =   6.4638E-10 Warning: Further gmin increment
Trying gmin =   6.4736E-10 Note: One successful gmin step
Trying gmin =   6.4687E-10 Warning: Further gmin increment
Trying gmin =   6.4724E-10 Note: One successful gmin step
Trying gmin =   6.4705E-10 Warning: Further gmin increment
Trying gmin =   6.4719E-10 Note: One successful gmin step
Trying gmin =   6.4712E-10 Warning: Further gmin increment
Trying gmin =   6.4717E-10 Note: One successful gmin step
Trying gmin =   6.4715E-10 Warning: Last gmin step failed
Warning: True gmin stepping failed
Note: Starting dynamic gmin stepping
Trying gmin =   1.0000E-03 Note: One successful gmin step
Trying gmin =   1.0000E-04 Note: One successful gmin step
Trying gmin =   1.0000E-05 Note: One successful gmin step
Trying gmin =   1.0000E-06 Note: One successful gmin step
Trying gmin =   1.0000E-07 Note: One successful gmin step
Trying gmin =   1.0000E-08 Warning: Further gmin increment
Trying gmin =   5.6234E-08 Note: One successful gmin step
Trying gmin =   2.3714E-08 Note: One successful gmin step
Trying gmin =   6.4938E-09 Warning: Further gmin increment
Trying gmin =   1.7154E-08 Note: One successful gmin step
Trying gmin =   1.0554E-08 Warning: Further gmin increment
Trying gmin =   1.5193E-08 Note: One successful gmin step
Trying gmin =   1.2663E-08 Note: One successful gmin step
Trying gmin =   9.6358E-09 Note: One successful gmin step
Trying gmin =   6.3960E-09 Note: One successful gmin step
Trying gmin =   3.4589E-09 Note: One successful gmin step
Trying gmin =   1.3756E-09 Note: One successful gmin step
Trying gmin =   3.4499E-10 Note: One successful gmin step
Trying gmin =   4.3331E-11 Note: One successful gmin step
Trying gmin =   4.3331E-12 Note: One successful gmin step
Trying gmin =   1.0000E-12 Note: One successful gmin step
Note: Dynamic gmin stepping completed
 Reference value :  1.54000e+00Note: Starting true gmin stepping
Trying gmin =   1.0000E-03 Note: One successful gmin step
Trying gmin =   1.0000E-04 Note: One successful gmin step
Trying gmin =   1.0000E-05 Note: One successful gmin step
Trying gmin =   1.0000E-06 Note: One successful gmin step
Trying gmin =   1.0000E-07 Note: One successful gmin step
Trying gmin =   1.0000E-08 Note: One successful gmin step
Trying gmin =   1.0000E-09 Note: One successful gmin step
Trying gmin =   1.0000E-10 Warning: Further gmin increment
Trying gmin =   5.6234E-10 Note: One successful gmin step
Trying gmin =   2.3714E-10 Warning: Further gmin increment
Trying gmin =   4.5316E-10 Warning: Further gmin increment
Trying gmin =   5.3280E-10 Note: One successful gmin step
Trying gmin =   4.9137E-10 Note: One successful gmin step
Trying gmin =   4.3518E-10 Warning: Further gmin increment
Trying gmin =   4.7668E-10 Warning: Further gmin increment
Trying gmin =   4.8765E-10 Note: One successful gmin step
Trying gmin =   4.8213E-10 Note: One successful gmin step
Trying gmin =   4.7397E-10 Warning: Further gmin increment
Trying gmin =   4.8008E-10 Note: One successful gmin step
Trying gmin =   4.7701E-10 Warning: Further gmin increment
Trying gmin =   4.7931E-10 Note: One successful gmin step
Trying gmin =   4.7816E-10 Note: One successful gmin step
Trying gmin =   4.7644E-10 Warning: Further gmin increment
Trying gmin =   4.7773E-10 Warning: Further gmin increment
Trying gmin =   4.7805E-10 Note: One successful gmin step
Trying gmin =   4.7789E-10 Warning: Further gmin increment
Trying gmin =   4.7801E-10 Note: One successful gmin step
Trying gmin =   4.7795E-10 Warning: Further gmin increment
Trying gmin =   4.7800E-10 Note: One successful gmin step
Trying gmin =   4.7798E-10 Note: One successful gmin step
Trying gmin =   4.7794E-10 Warning: Further gmin increment
Trying gmin =   4.7797E-10 Note: One successful gmin step
Trying gmin =   4.7795E-10 Warning: Last gmin step failed
Warning: True gmin stepping failed
Note: Starting dynamic gmin stepping
Trying gmin =   1.0000E-03 Note: One successful gmin step
Trying gmin =   1.0000E-04 Note: One successful gmin step
Trying gmin =   1.0000E-05 Note: One successful gmin step
Trying gmin =   1.0000E-06 Note: One successful gmin step
Trying gmin =   1.0000E-07 Note: One successful gmin step
Trying gmin =   1.0000E-08 Warning: Further gmin increment
Trying gmin =   5.6234E-08 Note: One successful gmin step
Trying gmin =   2.3714E-08 Note: One successful gmin step
Trying gmin =   6.4938E-09 Warning: Further gmin increment
Trying gmin =   1.7154E-08 Note: One successful gmin step
Trying gmin =   1.0554E-08 Note: One successful gmin step
Trying gmin =   5.0937E-09 Note: One successful gmin step
Trying gmin =   1.7077E-09 Warning: Further gmin increment
Trying gmin =   3.8760E-09 Note: One successful gmin step
Trying gmin =   2.5728E-09 Note: One successful gmin step
Trying gmin =   1.3913E-09 Note: One successful gmin step
Trying gmin =   5.5333E-10 Note: One successful gmin step
Trying gmin =   1.3877E-10 Note: One successful gmin step
Trying gmin =   1.7430E-11 Note: One successful gmin step
Trying gmin =   1.7430E-12 Note: One successful gmin step
Trying gmin =   1.0000E-12 Note: One successful gmin step
Note: Dynamic gmin stepping completed
 Reference value :  1.52000e+00
No compatibility mode selected!


Circuit: * ldo netlist 

Doing analysis at TEMP = 0.000000 and TNOM = 27.000000


No. of Data Rows : 81
temp_coeff = 5.826112e+01
Doing analysis at TEMP = 0.000000 and TNOM = 27.000000


No. of Data Rows : 151
vldo_sup_2          =  1.804247e+00
vldo_sup_3          =  1.803365e+00
line_reg = -8.82000e-04
Note: Starting true gmin stepping
Trying gmin =   1.0000E-03 Note: One successful gmin step
Trying gmin =   1.0000E-04 Note: One successful gmin step
Trying gmin =   1.0000E-05 Note: One successful gmin step
Trying gmin =   1.0000E-06 Note: One successful gmin step
Trying gmin =   1.0000E-07 Note: One successful gmin step
Trying gmin =   1.0000E-08 Note: One successful gmin step
Trying gmin =   3.1623E-09 Warning: Further gmin increment
Trying gmin =   7.4989E-09 Note: One successful gmin step
Trying gmin =   4.8697E-09 Warning: Further gmin increment
Trying gmin =   6.7317E-09 Note: One successful gmin step
Trying gmin =   5.7255E-09 Note: One successful gmin step
Trying gmin =   4.4910E-09 Warning: Further gmin increment
Trying gmin =   5.3882E-09 Warning: Further gmin increment
Trying gmin =   5.6392E-09 Note: One successful gmin step
Trying gmin =   5.5123E-09 Warning: Further gmin increment
Trying gmin =   5.6072E-09 Note: One successful gmin step
Trying gmin =   5.5596E-09 Warning: Further gmin increment
Trying gmin =   5.5953E-09 Warning: Further gmin increment
Trying gmin =   5.6042E-09 Note: One successful gmin step
Trying gmin =   5.5998E-09 Note: One successful gmin step
Trying gmin =   5.5930E-09 Warning: Further gmin increment
Trying gmin =   5.5981E-09 Warning: Further gmin increment
Trying gmin =   5.5993E-09 Warning: Further gmin increment
Trying gmin =   5.5997E-09 Warning: Last gmin step failed
Warning: True gmin stepping failed
Note: Starting dynamic gmin stepping
Trying gmin =   1.0000E-03 Note: One successful gmin step
Trying gmin =   1.0000E-04 Note: One successful gmin step
Trying gmin =   1.0000E-05 Note: One successful gmin step
Trying gmin =   1.0000E-06 Note: One successful gmin step
Trying gmin =   1.0000E-07 Warning: Further gmin increment
Trying gmin =   5.6234E-07 Note: One successful gmin step
Trying gmin =   2.3714E-07 Note: One successful gmin step
Trying gmin =   1.0000E-07 Warning: Further gmin increment
Trying gmin =   1.9110E-07 Warning: Further gmin increment
Trying gmin =   2.2468E-07 Note: One successful gmin step
Trying gmin =   2.0721E-07 Note: One successful gmin step
Trying gmin =   1.9899E-07 Note: One successful gmin step
Trying gmin =   1.8727E-07 Note: One successful gmin step
Trying gmin =   1.7097E-07 Note: One successful gmin step
Trying gmin =   1.4914E-07 Note: One successful gmin step
Trying gmin =   1.2151E-07 Note: One successful gmin step
Trying gmin =   8.9353E-08 Warning: Further gmin increment
Trying gmin =   1.1252E-07 Note: One successful gmin step
Trying gmin =   1.0027E-07 Note: One successful gmin step
Trying gmin =   8.4350E-08 Warning: Further gmin increment
Trying gmin =   9.6028E-08 Warning: Further gmin increment
Trying gmin =   9.9192E-08 Note: One successful gmin step
Trying gmin =   9.7597E-08 Note: One successful gmin step
Trying gmin =   9.5253E-08 Warning: Further gmin increment
Trying gmin =   9.7005E-08 Note: One successful gmin step
Trying gmin =   9.6125E-08 Warning: Further gmin increment
Trying gmin =   9.6784E-08 Note: One successful gmin step
Trying gmin =   9.6454E-08 Warning: Further gmin increment
Trying gmin =   9.6702E-08 Note: One successful gmin step
Trying gmin =   9.6578E-08 Warning: Further gmin increment
Trying gmin =   9.6671E-08 Note: One successful gmin step
Trying gmin =   9.6624E-08 Note: One successful gmin step
Trying gmin =   9.6555E-08 Warning: Further gmin increment
Trying gmin =   9.6607E-08 Note: One successful gmin step
Trying gmin =   9.6581E-08 Warning: Further gmin increment
Trying gmin =   9.6600E-08 Note: One successful gmin step
Trying gmin =   9.6594E-08 Warning: Further gmin increment
Trying gmin =   9.6599E-08 Warning: Last gmin step failed
Warning: Dynamic gmin stepping failed
Note: Starting source stepping
Supplies reduced to   0.0000% Note: One successful source step
Supplies reduced to   0.1000% Note: One successful source step
Supplies reduced to   0.2000% Note: One successful source step
Supplies reduced to   0.3500% Note: One successful source step
Supplies reduced to   0.5750% Note: One successful source step
Supplies reduced to   0.9125% Note: One successful source step
Supplies reduced to   1.4188% Note: One successful source step
Supplies reduced to   2.1781% Note: One successful source step
Supplies reduced to   3.3172% Note: One successful source step
Supplies reduced to   5.0258% Note: One successful source step
Supplies reduced to   7.5887% Note: One successful source step
Supplies reduced to  11.4330% Note: One successful source step
Supplies reduced to  17.1995% Note: One successful source step
Supplies reduced to  25.8493% Note: One successful source step
Supplies reduced to  38.8239% Note: One successful source step
Supplies reduced to  58.2859% Supplies reduced to  38.8239% Note: One successful source step
Supplies reduced to  39.7970% Note: One successful source step
Supplies reduced to  41.2566% Note: One successful source step
Supplies reduced to  43.4461% Note: One successful source step
Supplies reduced to  46.7303% Note: One successful source step
Supplies reduced to  51.6566% Supplies reduced to  46.7303% Note: One successful source step
Supplies reduced to  47.4693% Note: One successful source step
Supplies reduced to  48.5777% Note: One successful source step
Supplies reduced to  49.6861% Note: One successful source step
Supplies reduced to  51.3487% Note: One successful source step
Supplies reduced to  53.8427% Note: One successful source step
Supplies reduced to  57.5836% Note: One successful source step
Supplies reduced to  63.1950% Note: One successful source step
Supplies reduced to  71.6120% Note: One successful source step
Supplies reduced to  84.2376% Note: One successful source step
Supplies reduced to  96.8632% Supplies reduced to  84.2376% Note: One successful source step
Supplies reduced to  85.2376% Note: One successful source step
Supplies reduced to  86.7376% Note: One successful source step
Supplies reduced to  88.9876% Note: One successful source step
Supplies reduced to  92.3626% Note: One successful source step
Supplies reduced to  97.4251% Supplies reduced to  92.3626% Note: One successful source step
Supplies reduced to  93.1220% Note: One successful source step
Supplies reduced to  94.2610% Note: One successful source step
Supplies reduced to  95.9696% Note: One successful source step
Supplies reduced to  98.5325% Supplies reduced to  95.9696% Note: One successful source step
Supplies reduced to  96.3541% Supplies reduced to  95.9696% Note: One successful source step
Supplies reduced to  96.0273% Supplies reduced to  95.9696% Note: One successful source step
Supplies reduced to  95.9783% Note: One successful source step
Supplies reduced to  95.9913% Note: One successful source step
Supplies reduced to  96.0107% Note: One successful source step
Supplies reduced to  96.0399% Supplies reduced to  96.0107% Note: One successful source step
Supplies reduced to  96.0151% Supplies reduced to  96.0107% Note: One successful source step
Supplies reduced to  96.0114% Note: One successful source step
Supplies reduced to  96.0124% Note: One successful source step
Supplies reduced to  96.0138% Supplies reduced to  96.0124% Note: One successful source step
Supplies reduced to  96.0126% Note: One successful source step
Supplies reduced to  96.0129% Note: One successful source step
Supplies reduced to  96.0134% Note: One successful source step
Supplies reduced to  96.0142% Supplies reduced to  96.0134% Note: One successful source step
Supplies reduced to  96.0135% Note: One successful source step
Supplies reduced to  96.0137% Supplies reduced to  96.0135% Note: One successful source step
Supplies reduced to  96.0135% Note: One successful source step
Supplies reduced to  96.0136% Warning: source stepping failed
doAnalyses: Too many iterations without convergence

ac simulation(s) aborted
Segmentation fault
