Note: Starting true gmin stepping
Trying gmin =   1.0000E-03 Note: One successful gmin step
Trying gmin =   1.0000E-04 Note: One successful gmin step
Trying gmin =   1.0000E-05 Note: One successful gmin step
Trying gmin =   1.0000E-06 Note: One successful gmin step
Trying gmin =   1.0000E-07 Note: One successful gmin step
Trying gmin =   1.0000E-08 Warning: Further gmin increment
Trying gmin =   5.6234E-08 Warning: Further gmin increment
Trying gmin =   8.6596E-08 Note: One successful gmin step
Trying gmin =   6.9783E-08 Note: One successful gmin step
Trying gmin =   5.0481E-08 Warning: Further gmin increment
Trying gmin =   6.4357E-08 Note: One successful gmin step
Trying gmin =   5.6998E-08 Note: One successful gmin step
Trying gmin =   4.7507E-08 Warning: Further gmin increment
Trying gmin =   5.4461E-08 Warning: Further gmin increment
Trying gmin =   5.6353E-08 Note: One successful gmin step
Trying gmin =   5.5399E-08 Warning: Further gmin increment
Trying gmin =   5.6113E-08 Warning: Further gmin increment
Trying gmin =   5.6293E-08 Note: One successful gmin step
Trying gmin =   5.6203E-08 Note: One successful gmin step
Trying gmin =   5.6068E-08 Warning: Further gmin increment
Trying gmin =   5.6169E-08 Note: One successful gmin step
Trying gmin =   5.6118E-08 Warning: Further gmin increment
Trying gmin =   5.6156E-08 Note: One successful gmin step
Trying gmin =   5.6137E-08 Warning: Further gmin increment
Trying gmin =   5.6152E-08 Note: One successful gmin step
Trying gmin =   5.6144E-08 Note: One successful gmin step
Trying gmin =   5.6134E-08 Warning: Further gmin increment
Trying gmin =   5.6142E-08 Warning: Last gmin step failed
Warning: True gmin stepping failed
Note: Starting dynamic gmin stepping
Trying gmin =   1.0000E-03 Note: One successful gmin step
Trying gmin =   1.0000E-04 Note: One successful gmin step
Trying gmin =   1.0000E-05 Note: One successful gmin step
Trying gmin =   1.0000E-06 Note: One successful gmin step
Trying gmin =   1.0000E-07 Warning: Further gmin increment
Trying gmin =   5.6234E-07 Note: One successful gmin step
Trying gmin =   2.3714E-07 Warning: Further gmin increment
Trying gmin =   4.5316E-07 Note: One successful gmin step
Trying gmin =   3.6517E-07 Note: One successful gmin step
Trying gmin =   2.6416E-07 Warning: Further gmin increment
Trying gmin =   3.3678E-07 Note: One successful gmin step
Trying gmin =   2.9827E-07 Note: One successful gmin step
Trying gmin =   2.6416E-07 Note: One successful gmin step
Trying gmin =   2.2018E-07 Note: One successful gmin step
Trying gmin =   1.6754E-07 Note: One successful gmin step
Trying gmin =   1.1121E-07 Note: One successful gmin step
Trying gmin =   6.0142E-08 Note: One successful gmin step
Trying gmin =   2.3918E-08 Note: One successful gmin step
Trying gmin =   5.9985E-09 Note: One successful gmin step
Trying gmin =   7.5341E-10 Note: One successful gmin step
Trying gmin =   7.5341E-11 Note: One successful gmin step
Trying gmin =   7.5341E-12 Note: One successful gmin step
Trying gmin =   1.0000E-12 Note: One successful gmin step
Note: Dynamic gmin stepping completed
 Reference value :  8.00000e+01Note: Starting true gmin stepping
Trying gmin =   1.0000E-03 Note: One successful gmin step
Trying gmin =   1.0000E-04 Note: One successful gmin step
Trying gmin =   1.0000E-05 Note: One successful gmin step
Trying gmin =   1.0000E-06 Note: One successful gmin step
Trying gmin =   1.0000E-07 Warning: Further gmin increment
Trying gmin =   5.6234E-07 Note: One successful gmin step
Trying gmin =   3.1623E-07 Note: One successful gmin step
Trying gmin =   1.3335E-07 Note: One successful gmin step
Trying gmin =   3.6517E-08 Warning: Further gmin increment
Trying gmin =   9.6466E-08 Warning: Further gmin increment
Trying gmin =   1.2298E-07 Note: One successful gmin step
Trying gmin =   1.0892E-07 Note: One successful gmin step
Trying gmin =   9.0784E-08 Warning: Further gmin increment
Trying gmin =   1.0407E-07 Note: One successful gmin step
Trying gmin =   9.7201E-08 Warning: Further gmin increment
Trying gmin =   1.0231E-07 Note: One successful gmin step
Trying gmin =   9.9723E-08 Note: One successful gmin step
Trying gmin =   9.5964E-08 Note: One successful gmin step
Trying gmin =   9.0590E-08 Note: One successful gmin step
Trying gmin =   8.3088E-08 Note: One successful gmin step
Trying gmin =   7.2984E-08 Note: One successful gmin step
Trying gmin =   6.0083E-08 Note: One successful gmin step
Trying gmin =   4.4880E-08 Note: One successful gmin step
Trying gmin =   2.8973E-08 Note: One successful gmin step
Trying gmin =   1.5028E-08 Note: One successful gmin step
Trying gmin =   5.6140E-09 Note: One successful gmin step
Trying gmin =   1.2818E-09 Note: One successful gmin step
Trying gmin =   1.3985E-10 Note: One successful gmin step
Trying gmin =   1.3985E-11 Note: One successful gmin step
Trying gmin =   1.3985E-12 Note: One successful gmin step
Trying gmin =   1.0000E-12 Note: One successful gmin step
Note: True gmin stepping completed
 Reference value :  2.84000e+00Note: Starting true gmin stepping
Trying gmin =   1.0000E-03 Note: One successful gmin step
Trying gmin =   1.0000E-04 Note: One successful gmin step
Trying gmin =   1.0000E-05 Note: One successful gmin step
Trying gmin =   1.0000E-06 Note: One successful gmin step
Trying gmin =   1.0000E-07 Note: One successful gmin step
Trying gmin =   1.0000E-08 Note: One successful gmin step
Trying gmin =   1.0000E-09 Note: One successful gmin step
Trying gmin =   1.0000E-10 Warning: Further gmin increment
Trying gmin =   5.6234E-10 Note: One successful gmin step
Trying gmin =   2.3714E-10 Warning: Further gmin increment
Trying gmin =   4.5316E-10 Warning: Further gmin increment
Trying gmin =   5.3280E-10 Note: One successful gmin step
Trying gmin =   4.9137E-10 Note: One successful gmin step
Trying gmin =   4.5316E-10 Note: One successful gmin step
Trying gmin =   4.0134E-10 Note: One successful gmin step
Trying gmin =   3.3451E-10 Note: One successful gmin step
Trying gmin =   2.5454E-10 Note: One successful gmin step
Trying gmin =   1.6896E-10 Note: One successful gmin step
Trying gmin =   9.1372E-11 Note: One successful gmin step
Trying gmin =   3.6338E-11 Note: One successful gmin step
Trying gmin =   9.1135E-12 Note: One successful gmin step
Trying gmin =   1.1446E-12 Note: One successful gmin step
Trying gmin =   1.0000E-12 Note: One successful gmin step
Note: True gmin stepping completed
Note: Starting true gmin stepping
Trying gmin =   1.0000E-03 Note: One successful gmin step
Trying gmin =   1.0000E-04 Note: One successful gmin step
Trying gmin =   1.0000E-05 Note: One successful gmin step
Trying gmin =   1.0000E-06 Note: One successful gmin step
Trying gmin =   1.0000E-07 Note: One successful gmin step
Trying gmin =   1.0000E-08 Warning: Further gmin increment
Trying gmin =   5.6234E-08 Note: One successful gmin step
Trying gmin =   2.3714E-08 Note: One successful gmin step
Trying gmin =   6.4938E-09 Note: One successful gmin step
Trying gmin =   9.3057E-10 Note: One successful gmin step
Trying gmin =   9.3057E-11 Warning: Further gmin increment
Trying gmin =   5.2330E-10 Note: One successful gmin step
Trying gmin =   2.2067E-10 Warning: Further gmin increment
Trying gmin =   4.2170E-10 Note: One successful gmin step
Trying gmin =   3.0505E-10 Warning: Further gmin increment
Trying gmin =   3.8891E-10 Warning: Further gmin increment
Trying gmin =   4.1325E-10 Note: One successful gmin step
Trying gmin =   4.0497E-10 Note: One successful gmin step
Trying gmin =   3.9286E-10 Note: One successful gmin step
Trying gmin =   3.7537E-10 Note: One successful gmin step
Trying gmin =   3.5059E-10 Note: One successful gmin step
Trying gmin =   3.1645E-10 Note: One successful gmin step
Trying gmin =   2.7137E-10 Note: One successful gmin step
Trying gmin =   2.1550E-10 Note: One successful gmin step
Trying gmin =   1.5250E-10 Note: One successful gmin step
Trying gmin =   9.0788E-11 Note: One successful gmin step
Trying gmin =   4.1701E-11 Note: One successful gmin step
Trying gmin =   1.2981E-11 Note: One successful gmin step
Trying gmin =   2.2547E-12 Note: One successful gmin step
Trying gmin =   1.0000E-12 Note: One successful gmin step
Note: True gmin stepping completed
 Reference value :  1.16000e+00
No compatibility mode selected!


Circuit: * ldo netlist 

Doing analysis at TEMP = 85.000000 and TNOM = 27.000000


No. of Data Rows : 81
temp_coeff = 4.042397e+01
Doing analysis at TEMP = 85.000000 and TNOM = 27.000000


No. of Data Rows : 151
vldo_sup_2          =  1.798343e+00
vldo_sup_3          =  1.801440e+00
line_reg = 3.097000e-03
Note: Starting true gmin stepping
Trying gmin =   1.0000E-03 Note: One successful gmin step
Trying gmin =   1.0000E-04 Note: One successful gmin step
Trying gmin =   1.0000E-05 Note: One successful gmin step
Trying gmin =   1.0000E-06 Note: One successful gmin step
Trying gmin =   1.0000E-07 Note: One successful gmin step
Trying gmin =   1.0000E-08 Warning: Further gmin increment
Trying gmin =   5.6234E-08 Warning: Further gmin increment
Trying gmin =   8.6596E-08 Note: One successful gmin step
Trying gmin =   7.4989E-08 Note: One successful gmin step
Trying gmin =   6.0430E-08 Note: One successful gmin step
Trying gmin =   4.3714E-08 Warning: Further gmin increment
Trying gmin =   5.5731E-08 Warning: Further gmin increment
Trying gmin =   5.9219E-08 Note: One successful gmin step
Trying gmin =   5.7448E-08 Warning: Further gmin increment
Trying gmin =   5.8771E-08 Note: One successful gmin step
Trying gmin =   5.8106E-08 Note: One successful gmin step
Trying gmin =   5.7122E-08 Note: One successful gmin step
Trying gmin =   5.6637E-08 Note: One successful gmin step
Trying gmin =   5.5916E-08 Note: One successful gmin step
Trying gmin =   5.4852E-08 Note: One successful gmin step
Trying gmin =   5.3294E-08 Note: One successful gmin step
Trying gmin =   5.1040E-08 Note: One successful gmin step
Trying gmin =   4.7836E-08 Note: One successful gmin step
Trying gmin =   4.3403E-08 Note: One successful gmin step
Trying gmin =   3.7511E-08 Note: One successful gmin step
Trying gmin =   3.0139E-08 Note: One successful gmin step
Trying gmin =   2.1707E-08 Note: One successful gmin step
Trying gmin =   1.3267E-08 Note: One successful gmin step
Trying gmin =   6.3395E-09 Note: One successful gmin step
Trying gmin =   2.0940E-09 Note: One successful gmin step
Trying gmin =   3.9750E-10 Note: One successful gmin step
Trying gmin =   3.9750E-11 Note: One successful gmin step
Trying gmin =   3.9750E-12 Note: One successful gmin step
Trying gmin =   1.0000E-12 Note: One successful gmin step
Note: True gmin stepping completed
Note: No ".plot", ".print", or ".fourier" lines; no simulations run
vin                 =  1.764194e+00
dropout = 1.940000e-04
Doing analysis at TEMP = 85.000000 and TNOM = 27.000000


No. of Data Rows : 91
psrr100             =  -4.207268e+01
psrr100k            =  -2.976180e+01
