Note: Starting true gmin stepping
Trying gmin =   1.0000E-03 Note: One successful gmin step
Trying gmin =   1.0000E-04 Note: One successful gmin step
Trying gmin =   1.0000E-05 Note: One successful gmin step
Trying gmin =   1.0000E-06 Note: One successful gmin step
Trying gmin =   1.0000E-07 Note: One successful gmin step
Trying gmin =   1.0000E-08 Warning: Further gmin increment
Trying gmin =   5.6234E-08 Warning: Further gmin increment
Trying gmin =   8.6596E-08 Note: One successful gmin step
Trying gmin =   6.9783E-08 Note: One successful gmin step
Trying gmin =   5.0481E-08 Warning: Further gmin increment
Trying gmin =   6.4357E-08 Note: One successful gmin step
Trying gmin =   5.6998E-08 Warning: Further gmin increment
Trying gmin =   6.2432E-08 Warning: Further gmin increment
Trying gmin =   6.3870E-08 Warning: Further gmin increment
Trying gmin =   6.4235E-08 Note: One successful gmin step
Trying gmin =   6.4052E-08 Warning: Further gmin increment
Trying gmin =   6.4189E-08 Warning: Further gmin increment
Trying gmin =   6.4223E-08 Note: One successful gmin step
Trying gmin =   6.4206E-08 Note: One successful gmin step
Trying gmin =   6.4180E-08 Warning: Further gmin increment
Trying gmin =   6.4200E-08 Note: One successful gmin step
Trying gmin =   6.4190E-08 Warning: Further gmin increment
Trying gmin =   6.4197E-08 Note: One successful gmin step
Trying gmin =   6.4194E-08 Note: One successful gmin step
Trying gmin =   6.4188E-08 Warning: Further gmin increment
Trying gmin =   6.4192E-08 Note: One successful gmin step
Trying gmin =   6.4190E-08 Warning: Last gmin step failed
Warning: True gmin stepping failed
Note: Starting dynamic gmin stepping
Trying gmin =   1.0000E-03 Note: One successful gmin step
Trying gmin =   1.0000E-04 Note: One successful gmin step
Trying gmin =   1.0000E-05 Note: One successful gmin step
Trying gmin =   1.0000E-06 Warning: Further gmin increment
Trying gmin =   5.6234E-06 Note: One successful gmin step
Trying gmin =   2.3714E-06 Note: One successful gmin step
Trying gmin =   6.4938E-07 Note: One successful gmin step
Trying gmin =   9.3057E-08 Warning: Further gmin increment
Trying gmin =   3.9954E-07 Note: One successful gmin step
Trying gmin =   1.9282E-07 Warning: Further gmin increment
Trying gmin =   3.3301E-07 Note: One successful gmin step
Trying gmin =   2.5340E-07 Warning: Further gmin increment
Trying gmin =   3.1103E-07 Note: One successful gmin step
Trying gmin =   2.8074E-07 Warning: Further gmin increment
Trying gmin =   3.0316E-07 Warning: Further gmin increment
Trying gmin =   3.0904E-07 Note: One successful gmin step
Trying gmin =   3.0609E-07 Note: One successful gmin step
Trying gmin =   3.0171E-07 Warning: Further gmin increment
Trying gmin =   3.0499E-07 Note: One successful gmin step
Trying gmin =   3.0334E-07 Warning: Further gmin increment
Trying gmin =   3.0458E-07 Warning: Further gmin increment
Trying gmin =   3.0488E-07 Warning: Further gmin increment
Trying gmin =   3.0496E-07 Note: One successful gmin step
Trying gmin =   3.0492E-07 Warning: Further gmin increment
Trying gmin =   3.0495E-07 Note: One successful gmin step
Trying gmin =   3.0494E-07 Note: One successful gmin step
Trying gmin =   3.0492E-07 Warning: Further gmin increment
Trying gmin =   3.0493E-07 Note: One successful gmin step
Trying gmin =   3.0492E-07 Warning: Last gmin step failed
Warning: Dynamic gmin stepping failed
Note: Starting source stepping
Supplies reduced to   0.0000% Note: One successful source step
Supplies reduced to   0.1000% Note: One successful source step
Supplies reduced to   0.2000% Note: One successful source step
Supplies reduced to   0.3500% Note: One successful source step
Supplies reduced to   0.5750% Note: One successful source step
Supplies reduced to   0.9125% Note: One successful source step
Supplies reduced to   1.4188% Note: One successful source step
Supplies reduced to   2.1781% Note: One successful source step
Supplies reduced to   3.3172% Note: One successful source step
Supplies reduced to   5.0258% Note: One successful source step
Supplies reduced to   7.5887% Note: One successful source step
Supplies reduced to  11.4330% Note: One successful source step
Supplies reduced to  17.1995% Note: One successful source step
Supplies reduced to  25.8493% Note: One successful source step
Supplies reduced to  38.8239% Note: One successful source step
Supplies reduced to  58.2859% Error: -1.39691e+232, 2 out of range for ^
Supplies reduced to  38.8239% Note: One successful source step
Supplies reduced to  39.7970% Note: One successful source step
Supplies reduced to  41.2566% Note: One successful source step
Supplies reduced to  43.4461% Note: One successful source step
Supplies reduced to  46.7303% Note: One successful source step
Supplies reduced to  51.6566% Note: One successful source step
Supplies reduced to  59.0461% Note: One successful source step
Supplies reduced to  66.4355% Note: One successful source step
Supplies reduced to  77.5197% Note: One successful source step
Supplies reduced to  94.1460% Note: One successful source step
Supplies reduced to 100.0000% Note: One successful source step
Note: Source stepping completed
 Reference value :  0.00000e+00
No compatibility mode selected!


Circuit: * ldo netlist 

Doing analysis at TEMP = 0.000000 and TNOM = 27.000000


No. of Data Rows : 1
bg_out = 5.593711e-01
inn = 7.726639e-01
inp = 7.721996e-01
l1#branch = -2.71051e-20
ldo_out = 9.233130e-01
m.xm1.msky130_fd_pr__nfet_g5v0d10v5#body = 1.584348e-11
m.xm1.msky130_fd_pr__nfet_g5v0d10v5#dbody = 3.875204e-11
m.xm1.msky130_fd_pr__nfet_g5v0d10v5#sbody = 8.778362e-12
m.xm2.msky130_fd_pr__pfet_g5v0d10v5#body = 2.500000e+00
m.xm2.msky130_fd_pr__pfet_g5v0d10v5#dbody = 2.500000e+00
m.xm2.msky130_fd_pr__pfet_g5v0d10v5#sbody = 2.500000e+00
m.xm3.msky130_fd_pr__pfet_g5v0d10v5#body = 2.500000e+00
m.xm3.msky130_fd_pr__pfet_g5v0d10v5#dbody = 2.500000e+00
m.xm3.msky130_fd_pr__pfet_g5v0d10v5#sbody = 2.500000e+00
m.xm4.msky130_fd_pr__pfet_g5v0d10v5#body = 2.500000e+00
m.xm4.msky130_fd_pr__pfet_g5v0d10v5#dbody = 2.500000e+00
m.xm4.msky130_fd_pr__pfet_g5v0d10v5#sbody = 2.500000e+00
m.xm5.msky130_fd_pr__pfet_g5v0d10v5#body = 2.500000e+00
m.xm5.msky130_fd_pr__pfet_g5v0d10v5#dbody = 2.500000e+00
m.xm5.msky130_fd_pr__pfet_g5v0d10v5#sbody = 2.500000e+00
m.xm6.msky130_fd_pr__nfet_g5v0d10v5#body = 1.073985e-11
m.xm6.msky130_fd_pr__nfet_g5v0d10v5#dbody = 2.684963e-11
m.xm6.msky130_fd_pr__nfet_g5v0d10v5#sbody = 5.369928e-12
m.xm7.msky130_fd_pr__pfet_g5v0d10v5#body = 2.500000e+00
m.xm7.msky130_fd_pr__pfet_g5v0d10v5#dbody = 2.500000e+00
m.xm7.msky130_fd_pr__pfet_g5v0d10v5#sbody = 2.500000e+00
m.xm8.msky130_fd_pr__pfet_g5v0d10v5#body = 2.500000e+00
m.xm8.msky130_fd_pr__pfet_g5v0d10v5#dbody = 2.500000e+00
m.xm8.msky130_fd_pr__pfet_g5v0d10v5#sbody = 2.500000e+00
m.xm9.msky130_fd_pr__nfet_g5v0d10v5#body = 1.889699e-11
m.xm9.msky130_fd_pr__nfet_g5v0d10v5#dbody = 4.721643e-11
m.xm9.msky130_fd_pr__nfet_g5v0d10v5#sbody = 9.473873e-12
m.xm10.msky130_fd_pr__nfet_g5v0d10v5#body = 1.602664e-11
m.xm10.msky130_fd_pr__nfet_g5v0d10v5#dbody = 4.004121e-11
m.xm10.msky130_fd_pr__nfet_g5v0d10v5#sbody = 8.038700e-12
m.xm11.msky130_fd_pr__pfet_g5v0d10v5#body = 2.500000e+00
m.xm11.msky130_fd_pr__pfet_g5v0d10v5#dbody = 2.500000e+00
m.xm11.msky130_fd_pr__pfet_g5v0d10v5#sbody = 2.500000e+00
m.xm12.msky130_fd_pr__pfet_g5v0d10v5#body = 2.500000e+00
m.xm12.msky130_fd_pr__pfet_g5v0d10v5#dbody = 2.500000e+00
m.xm12.msky130_fd_pr__pfet_g5v0d10v5#sbody = 2.500000e+00
m.xm13.msky130_fd_pr__nfet_g5v0d10v5#body = 1.268915e-14
m.xm13.msky130_fd_pr__nfet_g5v0d10v5#dbody = 3.172279e-14
m.xm13.msky130_fd_pr__nfet_g5v0d10v5#sbody = 6.344651e-15
m.xm14.msky130_fd_pr__pfet_g5v0d10v5#body = 2.500000e+00
m.xm14.msky130_fd_pr__pfet_g5v0d10v5#dbody = 2.500000e+00
m.xm14.msky130_fd_pr__pfet_g5v0d10v5#sbody = 2.500000e+00
m.xm15.msky130_fd_pr__nfet_g5v0d10v5#body = 1.495259e-11
m.xm15.msky130_fd_pr__nfet_g5v0d10v5#dbody = 3.738146e-11
m.xm15.msky130_fd_pr__nfet_g5v0d10v5#sbody = 7.476295e-12
m.xm16.msky130_fd_pr__nfet_g5v0d10v5#body = 4.090872e-11
m.xm16.msky130_fd_pr__nfet_g5v0d10v5#dbody = 8.295448e-11
m.xm16.msky130_fd_pr__nfet_g5v0d10v5#sbody = 3.977107e-11
m.xm17.msky130_fd_pr__pfet_g5v0d10v5#body = 2.500000e+00
m.xm17.msky130_fd_pr__pfet_g5v0d10v5#dbody = 2.500000e+00
m.xm17.msky130_fd_pr__pfet_g5v0d10v5#sbody = 2.500000e+00
m.xm18.msky130_fd_pr__nfet_g5v0d10v5#body = 1.993322e-11
m.xm18.msky130_fd_pr__nfet_g5v0d10v5#dbody = 4.972932e-11
m.xm18.msky130_fd_pr__nfet_g5v0d10v5#sbody = 9.966616e-12
m.xm19.msky130_fd_pr__nfet_g5v0d10v5#body = 1.662500e-11
m.xm19.msky130_fd_pr__nfet_g5v0d10v5#dbody = 4.070567e-11
m.xm19.msky130_fd_pr__nfet_g5v0d10v5#sbody = 9.169119e-12
m.xm20.msky130_fd_pr__nfet_g5v0d10v5#body = 1.068945e-11
m.xm20.msky130_fd_pr__nfet_g5v0d10v5#dbody = 2.672362e-11
m.xm20.msky130_fd_pr__nfet_g5v0d10v5#sbody = 5.344731e-12
m.xm22.msky130_fd_pr__nfet_g5v0d10v5#body = 4.283378e-13
m.xm22.msky130_fd_pr__nfet_g5v0d10v5#dbody = 1.070843e-12
m.xm22.msky130_fd_pr__nfet_g5v0d10v5#sbody = 2.141699e-13
m.xm24.msky130_fd_pr__pfet_g5v0d10v5#body = 2.500000e+00
m.xm24.msky130_fd_pr__pfet_g5v0d10v5#dbody = 2.500000e+00
m.xm24.msky130_fd_pr__pfet_g5v0d10v5#sbody = 2.500000e+00
m.xm26.msky130_fd_pr__pfet_g5v0d10v5#body = 2.500000e+00
m.xm26.msky130Note: Starting true gmin stepping
Trying gmin =   1.0000E-03 Note: One successful gmin step
Trying gmin =   1.0000E-04 Note: One successful gmin step
Trying gmin =   1.0000E-05 Note: One successful gmin step
Trying gmin =   1.0000E-06 Note: One successful gmin step
Trying gmin =   1.0000E-07 Note: One successful gmin step
Trying gmin =   1.0000E-08 Warning: Further gmin increment
Trying gmin =   5.6234E-08 Warning: Further gmin increment
Trying gmin =   8.6596E-08 Note: One successful gmin step
Trying gmin =   6.9783E-08 Note: One successful gmin step
Trying gmin =   5.0481E-08 Warning: Further gmin increment
Trying gmin =   6.4357E-08 Note: One successful gmin step
Trying gmin =   5.6998E-08 Warning: Further gmin increment
Trying gmin =   6.2432E-08 Note: One successful gmin step
Trying gmin =   6.1492E-08 Note: One successful gmin step
Trying gmin =   6.0108E-08 Note: One successful gmin step
Trying gmin =   5.8090E-08 Note: One successful gmin step
Trying gmin =   5.5189E-08 Note: One successful gmin step
Trying gmin =   5.1107E-08 Note: One successful gmin step
Trying gmin =   4.5543E-08 Note: One successful gmin step
Trying gmin =   3.8312E-08 Note: One successful gmin step
Trying gmin =   2.9561E-08 Warning: Further gmin increment
Trying gmin =   3.5907E-08 Note: One successful gmin step
Trying gmin =   3.2580E-08 Note: One successful gmin step
Trying gmin =   2.8158E-08 Warning: Further gmin increment
Trying gmin =   3.1413E-08 Note: One successful gmin step
Trying gmin =   2.9741E-08 Note: One successful gmin step
Trying gmin =   2.7398E-08 Note: One successful gmin step
Trying gmin =   2.4225E-08 Note: One successful gmin step
Trying gmin =   2.0141E-08 Note: One successful gmin step
Trying gmin =   1.5269E-08 Note: One successful gmin step
Trying gmin =   1.0079E-08 Note: One successful gmin step
Trying gmin =   5.4050E-09 Note: One successful gmin step
Trying gmin =   2.1227E-09 Note: One successful gmin step
Trying gmin =   5.2240E-10 Note: One successful gmin step
Trying gmin =   6.3782E-11 Note: One successful gmin step
Trying gmin =   6.3782E-12 Note: One successful gmin step
Trying gmin =   1.0000E-12 Note: One successful gmin step
Note: True gmin stepping completed
_fd_pr__pfet_g5v0d10v5#dbody = 2.500000e+00
m.xm26.msky130_fd_pr__pfet_g5v0d10v5#sbody = 2.500000e+00
mir = 1.233207e+00
net1 = 5.926730e-01
net2 = 1.196192e+00
net3 = 5.931252e-01
net4 = 3.426136e-02
net5 = 1.295722e+00
net6 = 8.591805e-01
net7 = 5.927143e-01
net8 = 1.281112e+00
net9 = 1.510714e+00
net10 = 1.015063e-03
net11 = 1.590507e+00
net12 = 1.590507e+00
net13 = 0.000000e+00
out = 1.590507e+00
pos = 5.620491e-01
q.xq2.qsky130_fd_pr__pnp_05v5_w0p68l0p68#collcx = 1.659747e-07
q.xq3.qsky130_fd_pr__pnp_05v5_w0p68l0p68#collcx = 1.629123e-07
q.xq4.qsky130_fd_pr__pnp_05v5_w0p68l0p68#collcx = 1.629123e-07
q.xq8.qsky130_fd_pr__pnp_05v5_w0p68l0p68#collcx = 1.629123e-07
q.xq10.qsky130_fd_pr__pnp_05v5_w0p68l0p68#collcx = 1.629123e-07
q.xq12.qsky130_fd_pr__pnp_05v5_w0p68l0p68#collcx = 1.629123e-07
q.xq14.qsky130_fd_pr__pnp_05v5_w0p68l0p68#collcx = 1.629123e-07
q.xq16.qsky130_fd_pr__pnp_05v5_w0p68l0p68#collcx = 1.629123e-07
q.xq18.qsky130_fd_pr__pnp_05v5_w0p68l0p68#collcx = 1.629123e-07
vb = 8.551542e-01
vdd = 2.500000e+00
vs#branch = -7.85257e-05
vt#branch = 0.000000e+00
xc1.a = 0.000000e+00
xc1.b1 = 0.000000e+00
xc3.a = 1.590507e+00
xc3.b1 = 1.590507e+00
xr1.xsky130_fd_pr__res_xhigh_po_0p69.ra = 5.964521e-01
xr2.xsky130_fd_pr__res_xhigh_po_0p69.ra = 5.968642e-01
xr3.xsky130_fd_pr__res_xhigh_po_0p69.ra = 3.832265e-03
xr4.xsky130_fd_pr__res_xhigh_po_0p69.ra = 5.926747e-01
xr5.xsky130_fd_pr__res_xhigh_po_0p69.ra = 3.829485e-03
xr6.xsky130_fd_pr__res_xhigh_po_0p69.ra = 3.861099e-03
xr7.xsky130_fd_pr__res_xhigh_po_0p69.ra = 1.590507e+00
xr8.xsky130_fd_pr__res_xhigh_po_0p69.ra = 5.680546e-01
xr9.xsky130_fd_pr__res_xhigh_po_0p69.ra = 6.090193e-03
Doing analysis at TEMP = 0.000000 and TNOM = 27.000000


No. of Data Rows : 91
Note: Starting true gmin stepping
Trying gmin =   1.0000E-03 Note: One successful gmin step
Trying gmin =   1.0000E-04 Note: One successful gmin step
Trying gmin =   1.0000E-05 Note: One successful gmin step
Trying gmin =   1.0000E-06 Note: One successful gmin step
Trying gmin =   1.0000E-07 Note: One successful gmin step
Trying gmin =   1.0000E-08 Warning: Further gmin increment
Trying gmin =   5.6234E-08 Warning: Further gmin increment
Trying gmin =   8.6596E-08 Note: One successful gmin step
Trying gmin =   6.9783E-08 Note: One successful gmin step
Trying gmin =   5.0481E-08 Warning: Further gmin increment
Trying gmin =   6.4357E-08 Note: One successful gmin step
Trying gmin =   5.6998E-08 Warning: Further gmin increment
Trying gmin =   6.2432E-08 Note: One successful gmin step
Trying gmin =   6.1492E-08 Note: One successful gmin step
Trying gmin =   6.0108E-08 Note: One successful gmin step
Trying gmin =   5.8090E-08 Note: One successful gmin step
Trying gmin =   5.5189E-08 Note: One successful gmin step
Trying gmin =   5.1107E-08 Note: One successful gmin step
Trying gmin =   4.5543E-08 Note: One successful gmin step
Trying gmin =   3.8312E-08 Note: One successful gmin step
Trying gmin =   2.9561E-08 Warning: Further gmin increment
Trying gmin =   3.5907E-08 Note: One successful gmin step
Trying gmin =   3.2580E-08 Note: One successful gmin step
Trying gmin =   2.8158E-08 Warning: Further gmin increment
Trying gmin =   3.1413E-08 Note: One successful gmin step
Trying gmin =   2.9741E-08 Note: One successful gmin step
Trying gmin =   2.7398E-08 Note: One successful gmin step
Trying gmin =   2.4225E-08 Note: One successful gmin step
Trying gmin =   2.0141E-08 Note: One successful gmin step
Trying gmin =   1.5269E-08 Note: One successful gmin step
Trying gmin =   1.0079E-08 Note: One successful gmin step
Trying gmin =   5.4050E-09 Note: One successful gmin step
Trying gmin =   2.1227E-09 Note: One successful gmin step
Trying gmin =   5.2240E-10 Note: One successful gmin step
Trying gmin =   6.3782E-11 Note: One successful gmin step
Trying gmin =   6.3782E-12 Note: One successful gmin step
Trying gmin =   1.0000E-12 Note: One successful gmin step
Note: True gmin stepping completed
 Reference value :  1.00000e+00Note: Starting true gmin stepping
Trying gmin =   1.0000E-03 Note: One successful gmin step
Trying gmin =   1.0000E-04 Note: One successful gmin step
Trying gmin =   1.0000E-05 Note: One successful gmin step
Trying gmin =   1.0000E-06 Note: One successful gmin step
Trying gmin =   1.0000E-07 Note: One successful gmin step
Trying gmin =   1.0000E-08 Warning: Further gmin increment
Trying gmin =   5.6234E-08 Note: One successful gmin step
Trying gmin =   2.3714E-08 Warning: Further gmin increment
Trying gmin =   4.5316E-08 Note: One successful gmin step
Trying gmin =   3.2781E-08 Warning: Further gmin increment
Trying gmin =   4.1792E-08 Note: One successful gmin step
Trying gmin =   3.7013E-08 Warning: Further gmin increment
Trying gmin =   4.0542E-08 Note: One successful gmin step
Trying gmin =   3.8738E-08 Warning: Further gmin increment
Trying gmin =   4.0084E-08 Note: One successful gmin step
Trying gmin =   3.9405E-08 Warning: Further gmin increment
Trying gmin =   3.9913E-08 Warning: Further gmin increment
Trying gmin =   4.0041E-08 Note: One successful gmin step
Trying gmin =   3.9977E-08 Warning: Further gmin increment
Trying gmin =   4.0025E-08 Warning: Further gmin increment
Trying gmin =   4.0037E-08 Note: One successful gmin step
Trying gmin =   4.0031E-08 Note: One successful gmin step
Trying gmin =   4.0022E-08 Warning: Further gmin increment
Trying gmin =   4.0029E-08 Warning: Further gmin increment
Trying gmin =   4.0030E-08 Note: One successful gmin step
Trying gmin =   4.0029E-08 Note: One successful gmin step
Trying gmin =   4.0029E-08 Warning: Last gmin step failed
Warning: True gmin stepping failed
Note: Starting dynamic gmin stepping
Trying gmin =   1.0000E-03 Note: One successful gmin step
Trying gmin =   1.0000E-04 Note: One successful gmin step
Trying gmin =   1.0000E-05 Note: One successful gmin step
Trying gmin =   1.0000E-06 Warning: Further gmin increment
Trying gmin =   5.6234E-06 Note: One successful gmin step
Trying gmin =   3.1623E-06 Note: One successful gmin step
Trying gmin =   1.3335E-06 Warning: Further gmin increment
Trying gmin =   2.5483E-06 Note: One successful gmin step
Trying gmin =   1.8434E-06 Note: One successful gmin step
Trying gmin =   1.1342E-06 Warning: Further gmin increment
Trying gmin =   1.6326E-06 Note: One successful gmin step
Trying gmin =   1.3608E-06 Note: One successful gmin step
Trying gmin =   1.0355E-06 Warning: Further gmin increment
Trying gmin =   1.2709E-06 Warning: Further gmin increment
Trying gmin =   1.3377E-06 Note: One successful gmin step
Trying gmin =   1.3039E-06 Warning: Further gmin increment
Trying gmin =   1.3292E-06 Note: One successful gmin step
Trying gmin =   1.3207E-06 Note: One successful gmin step
Trying gmin =   1.3081E-06 Note: One successful gmin step
Trying gmin =   1.2894E-06 Note: One successful gmin step
Trying gmin =   1.2618E-06 Note: One successful gmin step
Trying gmin =   1.2216E-06 Note: One successful gmin step
Trying gmin =   1.1636E-06 Note: One successful gmin step
Trying gmin =   1.0817E-06 Note: One successful gmin step
Trying gmin =   9.6964E-07 Note: One successful gmin step
Trying gmin =   8.2288E-07 Note: One successful gmin step
Trying gmin =   6.4333E-07 Note: One successful gmin step
Trying gmin =   4.4470E-07 Note: One successful gmin step
Trying gmin =   2.5558E-07 Note: One successful gmin step
Trying gmin =   1.1136E-07 Note: One successful gmin step
Trying gmin =   3.2025E-08 Note: One successful gmin step
Trying gmin =   4.9393E-09 Note: One successful gmin step
Trying gmin =   4.9393E-10 Note: One successful gmin step
Trying gmin =   4.9393E-11 Note: One successful gmin step
Trying gmin =   4.9393E-12 Note: One successful gmin step
Trying gmin =   1.0000E-12 Note: One successful gmin step
Note: Dynamic gmin stepping completed
 Reference value :  2.80000e+00Note: Starting true gmin stepping
Trying gmin =   1.0000E-03 Note: One successful gmin step
Trying gmin =   1.0000E-04 Note: One successful gmin step
Trying gmin =   1.0000E-05 Note: One successful gmin step
Trying gmin =   1.0000E-06 Note: One successful gmin step
Trying gmin =   1.0000E-07 Note: One successful gmin step
Trying gmin =   1.0000E-08 Warning: Further gmin increment
Trying gmin =   5.6234E-08 Note: One successful gmin step
Trying gmin =   2.3714E-08 Warning: Further gmin increment
Trying gmin =   4.5316E-08 Note: One successful gmin step
Trying gmin =   3.2781E-08 Note: One successful gmin step
Trying gmin =   2.0169E-08 Note: One successful gmin step
Trying gmin =   9.7338E-09 Note: One successful gmin step
Trying gmin =   3.2634E-09 Note: One successful gmin step
Trying gmin =   6.3352E-10 Note: One successful gmin step
Trying gmin =   6.3352E-11 Note: One successful gmin step
Trying gmin =   6.3352E-12 Note: One successful gmin step
Trying gmin =   1.0000E-12 Note: One successful gmin step
Note: True gmin stepping completed
Note: Starting true gmin stepping
Trying gmin =   1.0000E-03 Note: One successful gmin step
Trying gmin =   1.0000E-04 Note: One successful gmin step
Trying gmin =   1.0000E-05 Note: One successful gmin step
Trying gmin =   1.0000E-06 Note: One successful gmin step
Trying gmin =   1.0000E-07 Note: One successful gmin step
Trying gmin =   1.0000E-08 Warning: Further gmin increment
Trying gmin =   5.6234E-08 Note: One successful gmin step
Trying gmin =   3.1623E-08 Note: One successful gmin step
Trying gmin =   1.7783E-08 Note: One successful gmin step
Trying gmin =   7.4989E-09 Note: One successful gmin step
Trying gmin =   2.0535E-09 Note: One successful gmin step
Trying gmin =   2.9427E-10 Note: One successful gmin step
Trying gmin =   2.9427E-11 Note: One successful gmin step
Trying gmin =   2.9427E-12 Note: One successful gmin step
Trying gmin =   1.0000E-12 Note: One successful gmin step
Note: True gmin stepping completed
 Reference value :  1.52000e+00Note: Starting true gmin stepping
Trying gmin =   1.0000E-03 Note: One successful gmin step
Trying gmin =   1.0000E-04 Note: One successful gmin step
Trying gmin =   1.0000E-05 Note: One successful gmin step
Trying gmin =   1.0000E-06 Note: One successful gmin step
Trying gmin =   1.0000E-07 Note: One successful gmin step
Trying gmin =   1.0000E-08 Note: One successful gmin step
Trying gmin =   1.0000E-09 Note: One successful gmin step
Trying gmin =   1.0000E-10 Note: One successful gmin step
Trying gmin =   1.0000E-11 Note: One successful gmin step
Trying gmin =   1.0000E-12 Warning: Further gmin increment
Trying gmin =   5.6234E-12 Note: One successful gmin step
Trying gmin =   2.3714E-12 Note: One successful gmin step
Trying gmin =   1.0000E-12 Warning: Further gmin increment
Trying gmin =   1.9110E-12 Note: One successful gmin step
Trying gmin =   1.3824E-12 Note: One successful gmin step
Trying gmin =   1.0000E-12 Warning: Further gmin increment
Trying gmin =   1.2749E-12 Note: One successful gmin step
Trying gmin =   1.1291E-12 Note: One successful gmin step
Trying gmin =   1.0000E-12 Note: One successful gmin step
Warning: True gmin stepping failed
Note: Starting dynamic gmin stepping
Trying gmin =   1.0000E-03 Note: One successful gmin step
Trying gmin =   1.0000E-04 Note: One successful gmin step
Trying gmin =   1.0000E-05 Note: One successful gmin step
Trying gmin =   1.0000E-06 Note: One successful gmin step
Trying gmin =   1.0000E-07 Note: One successful gmin step
Trying gmin =   1.0000E-08 Note: One successful gmin step
Trying gmin =   1.0000E-09 Note: One successful gmin step
Trying gmin =   1.0000E-10 Note: One successful gmin step
Trying gmin =   1.0000E-11 Note: One successful gmin step
Trying gmin =   1.0000E-12 Note: One successful gmin step
Trying gmin =   1.0000E-12 Note: One successful gmin step
Note: Dynamic gmin stepping completed
pm                  =  6.080398e+01
Doing analysis at TEMP = 0.000000 and TNOM = 27.000000


No. of Data Rows : 91
psrr100             =  -1.621879e+01
psrr100k            =  -1.008720e+01
Doing analysis at TEMP = 0.000000 and TNOM = 27.000000


No. of Data Rows : 86
temp_coeff = 2.838064e+01
Doing analysis at TEMP = 0.000000 and TNOM = 27.000000


No. of Data Rows : 141
vldo_sup_2          =  1.803100e+00
vldo_sup_2_8        =  1.802218e+00
line_reg = 1.102500e-03
Note: No ".plot", ".print", or ".fourier" lines; no simulations run
vin                 =  1.764150e+00
dropout = 1.500000e-04
