Note: Starting true gmin stepping
Trying gmin =   1.0000E-03 Note: One successful gmin step
Trying gmin =   1.0000E-04 Note: One successful gmin step
Trying gmin =   1.0000E-05 Note: One successful gmin step
Trying gmin =   1.0000E-06 Warning: Further gmin increment
Trying gmin =   5.6234E-06 Note: One successful gmin step
Trying gmin =   2.3714E-06 Note: One successful gmin step
Trying gmin =   6.4938E-07 Note: One successful gmin step
Trying gmin =   9.3057E-08 Warning: Further gmin increment
Trying gmin =   3.9954E-07 Note: One successful gmin step
Trying gmin =   1.9282E-07 Note: One successful gmin step
Trying gmin =   6.4647E-08 Warning: Further gmin increment
Trying gmin =   1.4672E-07 Note: One successful gmin step
Trying gmin =   9.7392E-08 Note: One successful gmin step
Trying gmin =   5.2669E-08 Warning: Further gmin increment
Trying gmin =   8.3519E-08 Note: One successful gmin step
Trying gmin =   7.1621E-08 Note: One successful gmin step
Trying gmin =   5.6876E-08 Note: One successful gmin step
Trying gmin =   4.0249E-08 Warning: Further gmin increment
Trying gmin =   5.2166E-08 Note: One successful gmin step
Trying gmin =   4.5822E-08 Note: One successful gmin step
Trying gmin =   3.7723E-08 Warning: Further gmin increment
Trying gmin =   4.3647E-08 Note: One successful gmin step
Trying gmin =   4.0577E-08 Note: One successful gmin step
Trying gmin =   3.6372E-08 Warning: Further gmin increment
Trying gmin =   3.9482E-08 Warning: Further gmin increment
Trying gmin =   4.0300E-08 Warning: Further gmin increment
Trying gmin =   4.0508E-08 Note: One successful gmin step
Trying gmin =   4.0404E-08 Note: One successful gmin step
Trying gmin =   4.0249E-08 Warning: Further gmin increment
Trying gmin =   4.0365E-08 Note: One successful gmin step
Trying gmin =   4.0307E-08 Warning: Further gmin increment
Trying gmin =   4.0350E-08 Note: One successful gmin step
Trying gmin =   4.0329E-08 Warning: Further gmin increment
Trying gmin =   4.0345E-08 Warning: Further gmin increment
Trying gmin =   4.0349E-08 Note: One successful gmin step
Trying gmin =   4.0347E-08 Note: One successful gmin step
Trying gmin =   4.0344E-08 Warning: Further gmin increment
Trying gmin =   4.0346E-08 Warning: Last gmin step failed
Warning: True gmin stepping failed
Note: Starting dynamic gmin stepping
Trying gmin =   1.0000E-03 Note: One successful gmin step
Trying gmin =   1.0000E-04 Note: One successful gmin step
Trying gmin =   1.0000E-05 Note: One successful gmin step
Trying gmin =   1.0000E-06 Note: One successful gmin step
Trying gmin =   1.0000E-07 Warning: Further gmin increment
Trying gmin =   5.6234E-07 Note: One successful gmin step
Trying gmin =   2.3714E-07 Warning: Further gmin increment
Trying gmin =   4.5316E-07 Warning: Further gmin increment
Trying gmin =   5.3280E-07 Note: One successful gmin step
Trying gmin =   4.9137E-07 Note: One successful gmin step
Trying gmin =   4.3518E-07 Note: One successful gmin step
Trying gmin =   4.0955E-07 Note: One successful gmin step
Trying gmin =   3.7390E-07 Note: One successful gmin step
Trying gmin =   3.5726E-07 Note: One successful gmin step
Trying gmin =   3.3367E-07 Note: One successful gmin step
Trying gmin =   3.0118E-07 Note: One successful gmin step
Trying gmin =   2.5827E-07 Note: One successful gmin step
Trying gmin =   2.0510E-07 Note: One successful gmin step
Trying gmin =   1.4514E-07 Note: One successful gmin step
Trying gmin =   8.6406E-08 Note: One successful gmin step
Trying gmin =   3.9688E-08 Note: One successful gmin step
Trying gmin =   1.2355E-08 Note: One successful gmin step
Trying gmin =   2.1459E-09 Note: One successful gmin step
Trying gmin =   2.1459E-10 Note: One successful gmin step
Trying gmin =   2.1459E-11 Note: One successful gmin step
Trying gmin =   2.1459E-12 Note: One successful gmin step
Trying gmin =   1.0000E-12 Note: One successful gmin step
Note: Dynamic gmin stepping completed
 Reference value :  0.00000e+00
No compatibility mode selected!


Circuit: * ldo netlist 

Doing analysis at TEMP = 0.000000 and TNOM = 27.000000


No. of Data Rows : 1
bg_out = 1.196663e+00
inn = 1.268833e+00
inp = 1.268807e+00
l1#branch = 0.000000e+00
ldo_out = 1.800560e+00
m.xm1.msky130_fd_pr__nfet_g5v0d10v5#body = 1.796295e-11
m.xm1.msky130_fd_pr__nfet_g5v0d10v5#dbody = 3.835038e-11
m.xm1.msky130_fd_pr__nfet_g5v0d10v5#sbody = 1.553848e-11
m.xm2.msky130_fd_pr__pfet_g5v0d10v5#body = 2.500000e+00
m.xm2.msky130_fd_pr__pfet_g5v0d10v5#dbody = 2.500000e+00
m.xm2.msky130_fd_pr__pfet_g5v0d10v5#sbody = 2.500000e+00
m.xm3.msky130_fd_pr__pfet_g5v0d10v5#body = 2.500000e+00
m.xm3.msky130_fd_pr__pfet_g5v0d10v5#dbody = 2.500000e+00
m.xm3.msky130_fd_pr__pfet_g5v0d10v5#sbody = 2.500000e+00
m.xm4.msky130_fd_pr__pfet_g5v0d10v5#body = 2.500000e+00
m.xm4.msky130_fd_pr__pfet_g5v0d10v5#dbody = 2.500000e+00
m.xm4.msky130_fd_pr__pfet_g5v0d10v5#sbody = 2.500000e+00
m.xm5.msky130_fd_pr__pfet_g5v0d10v5#body = 2.500000e+00
m.xm5.msky130_fd_pr__pfet_g5v0d10v5#dbody = 2.500000e+00
m.xm5.msky130_fd_pr__pfet_g5v0d10v5#sbody = 2.500000e+00
m.xm6.msky130_fd_pr__nfet_g5v0d10v5#body = 1.251627e-11
m.xm6.msky130_fd_pr__nfet_g5v0d10v5#dbody = 3.129067e-11
m.xm6.msky130_fd_pr__nfet_g5v0d10v5#sbody = 6.258140e-12
m.xm7.msky130_fd_pr__pfet_g5v0d10v5#body = 2.500000e+00
m.xm7.msky130_fd_pr__pfet_g5v0d10v5#dbody = 2.500000e+00
m.xm7.msky130_fd_pr__pfet_g5v0d10v5#sbody = 2.500000e+00
m.xm8.msky130_fd_pr__pfet_g5v0d10v5#body = 2.500000e+00
m.xm8.msky130_fd_pr__pfet_g5v0d10v5#dbody = 2.500000e+00
m.xm8.msky130_fd_pr__pfet_g5v0d10v5#sbody = 2.500000e+00
m.xm9.msky130_fd_pr__nfet_g5v0d10v5#body = 1.829192e-11
m.xm9.msky130_fd_pr__nfet_g5v0d10v5#dbody = 4.081250e-11
m.xm9.msky130_fd_pr__nfet_g5v0d10v5#sbody = 1.406327e-11
m.xm10.msky130_fd_pr__nfet_g5v0d10v5#body = 1.813223e-11
m.xm10.msky130_fd_pr__nfet_g5v0d10v5#dbody = 4.041327e-11
m.xm10.msky130_fd_pr__nfet_g5v0d10v5#sbody = 1.398342e-11
m.xm11.msky130_fd_pr__pfet_g5v0d10v5#body = 2.500000e+00
m.xm11.msky130_fd_pr__pfet_g5v0d10v5#dbody = 2.500000e+00
m.xm11.msky130_fd_pr__pfet_g5v0d10v5#sbody = 2.500000e+00
m.xm12.msky130_fd_pr__pfet_g5v0d10v5#body = 2.500000e+00
m.xm12.msky130_fd_pr__pfet_g5v0d10v5#dbody = 2.500000e+00
m.xm12.msky130_fd_pr__pfet_g5v0d10v5#sbody = 2.500000e+00
m.xm13.msky130_fd_pr__nfet_g5v0d10v5#body = 2.458634e-12
m.xm13.msky130_fd_pr__nfet_g5v0d10v5#dbody = 6.146575e-12
m.xm13.msky130_fd_pr__nfet_g5v0d10v5#sbody = 1.229327e-12
m.xm14.msky130_fd_pr__pfet_g5v0d10v5#body = 2.500000e+00
m.xm14.msky130_fd_pr__pfet_g5v0d10v5#dbody = 2.500000e+00
m.xm14.msky130_fd_pr__pfet_g5v0d10v5#sbody = 2.500000e+00
m.xm15.msky130_fd_pr__nfet_g5v0d10v5#body = 4.238827e-16
m.xm15.msky130_fd_pr__nfet_g5v0d10v5#dbody = 1.059686e-15
m.xm15.msky130_fd_pr__nfet_g5v0d10v5#sbody = 2.119617e-16
m.xm16.msky130_fd_pr__nfet_g5v0d10v5#body = 4.711054e-11
m.xm16.msky130_fd_pr__nfet_g5v0d10v5#dbody = 8.605539e-11
m.xm16.msky130_fd_pr__nfet_g5v0d10v5#sbody = 5.527622e-11
m.xm17.msky130_fd_pr__pfet_g5v0d10v5#body = 2.500000e+00
m.xm17.msky130_fd_pr__pfet_g5v0d10v5#dbody = 2.500000e+00
m.xm17.msky130_fd_pr__pfet_g5v0d10v5#sbody = 2.500000e+00
m.xm18.msky130_fd_pr__nfet_g5v0d10v5#body = 1.113131e-11
m.xm18.msky130_fd_pr__nfet_g5v0d10v5#dbody = 2.782825e-11
m.xm18.msky130_fd_pr__nfet_g5v0d10v5#sbody = 5.565665e-12
m.xm19.msky130_fd_pr__nfet_g5v0d10v5#body = 1.800931e-11
m.xm19.msky130_fd_pr__nfet_g5v0d10v5#dbody = 3.846627e-11
m.xm19.msky130_fd_pr__nfet_g5v0d10v5#sbody = 1.556165e-11
m.xm20.msky130_fd_pr__nfet_g5v0d10v5#body = 1.309167e-11
m.xm20.msky130_fd_pr__nfet_g5v0d10v5#dbody = 3.272915e-11
m.xm20.msky130_fd_pr__nfet_g5v0d10v5#sbody = 6.545846e-12
m.xm22.msky130_fd_pr__nfet_g5v0d10v5#body = 3.278536e-12
m.xm22.msky130_fd_pr__nfet_g5v0d10v5#dbody = 8.196335e-12
m.xm22.msky130_fd_pr__nfet_g5v0d10v5#sbody = 1.639273e-12
m.xm24.msky130_fd_pr__pfet_g5v0d10v5#body = 2.500000e+00
m.xm24.msky130_fd_pr__pfet_g5v0d10v5#dbody = 2.500000e+00
m.xm24.msky130_fd_pr__pfet_g5v0d10v5#sbody = 2.500000e+00
m.xm26.msky130_fd_pr__pfet_g5v0d10v5#body = 2.500000e+00
m.xm26.msky130Note: Starting true gmin stepping
Trying gmin =   1.0000E-03 Note: One successful gmin step
Trying gmin =   1.0000E-04 Note: One successful gmin step
Trying gmin =   1.0000E-05 Note: One successful gmin step
Trying gmin =   1.0000E-06 Warning: Further gmin increment
Trying gmin =   5.6234E-06 Note: One successful gmin step
Trying gmin =   2.3714E-06 Note: One successful gmin step
Trying gmin =   6.4938E-07 Note: One successful gmin step
Trying gmin =   9.3057E-08 Warning: Further gmin increment
Trying gmin =   3.9954E-07 Note: One successful gmin step
Trying gmin =   1.9282E-07 Note: One successful gmin step
Trying gmin =   6.4647E-08 Warning: Further gmin increment
Trying gmin =   1.4672E-07 Note: One successful gmin step
Trying gmin =   9.7392E-08 Note: One successful gmin step
Trying gmin =   5.2669E-08 Warning: Further gmin increment
Trying gmin =   8.3519E-08 Note: One successful gmin step
Trying gmin =   7.1621E-08 Note: One successful gmin step
Trying gmin =   5.6876E-08 Note: One successful gmin step
Trying gmin =   4.0249E-08 Warning: Further gmin increment
Trying gmin =   5.2166E-08 Note: One successful gmin step
Trying gmin =   4.5822E-08 Note: One successful gmin step
Trying gmin =   3.7723E-08 Warning: Further gmin increment
Trying gmin =   4.3647E-08 Note: One successful gmin step
Trying gmin =   4.0577E-08 Note: One successful gmin step
Trying gmin =   3.6372E-08 Warning: Further gmin increment
Trying gmin =   3.9482E-08 Warning: Further gmin increment
Trying gmin =   4.0300E-08 Warning: Further gmin increment
Trying gmin =   4.0508E-08 Note: One successful gmin step
Trying gmin =   4.0404E-08 Note: One successful gmin step
Trying gmin =   4.0249E-08 Warning: Further gmin increment
Trying gmin =   4.0365E-08 Note: One successful gmin step
Trying gmin =   4.0307E-08 Warning: Further gmin increment
Trying gmin =   4.0350E-08 Note: One successful gmin step
Trying gmin =   4.0329E-08 Warning: Further gmin increment
Trying gmin =   4.0345E-08 Warning: Further gmin increment
Trying gmin =   4.0349E-08 Note: One successful gmin step
Trying gmin =   4.0347E-08 Note: One successful gmin step
Trying gmin =   4.0344E-08 Warning: Further gmin increment
Trying gmin =   4.0346E-08 Warning: Last gmin step failed
Warning: True gmin stepping failed
Note: Starting dynamic gmin stepping
Trying gmin =   1.0000E-03 Note: One successful gmin step
Trying gmin =   1.0000E-04 Note: One successful gmin step
Trying gmin =   1.0000E-05 Note: One successful gmin step
Trying gmin =   1.0000E-06 Note: One successful gmin step
Trying gmin =   1.0000E-07 Warning: Further gmin increment
Trying gmin =   5.6234E-07 Note: One successful gmin step
Trying gmin =   2.3714E-07 Warning: Further gmin increment
Trying gmin =   4.5316E-07 Warning: Further gmin increment
Trying gmin =   5.3280E-07 Note: One successful gmin step
Trying gmin =   4.9137E-07 Note: One successful gmin step
Trying gmin =   4.3518E-07 Note: One successful gmin step
Trying gmin =   4.0955E-07 Note: One successful gmin step
Trying gmin =   3.7390E-07 Note: One successful gmin step
Trying gmin =   3.5726E-07 Note: One successful gmin step
Trying gmin =   3.3367E-07 Note: One successful gmin step
Trying gmin =   3.0118E-07 Note: One successful gmin step
Trying gmin =   2.5827E-07 Note: One successful gmin step
Trying gmin =   2.0510E-07 Note: One successful gmin step
Trying gmin =   1.4514E-07 Note: One successful gmin step
Trying gmin =   8.6406E-08 Note: One successful gmin step
Trying gmin =   3.9688E-08 Note: One successful gmin step
Trying gmin =   1.2355E-08 Note: One successful gmin step
Trying gmin =   2.1459E-09 Note: One successful gmin step
Trying gmin =   2.1459E-10 Note: One successful gmin step
Trying gmin =   2.1459E-11 Note: One successful gmin step
Trying gmin =   2.1459E-12 Note: One successful gmin step
Trying gmin =   1.0000E-12 Note: One successful gmin step
Note: Dynamic gmin stepping completed
 Reference value :  1.00000e+00_fd_pr__pfet_g5v0d10v5#dbody = 2.500000e+00
m.xm26.msky130_fd_pr__pfet_g5v0d10v5#sbody = 2.500000e+00
mir = 1.174751e+00
net1 = 7.757312e-01
net2 = 3.389047e-05
net3 = 8.292312e-01
net4 = 2.622752e-01
net5 = 1.178460e+00
net6 = 1.001294e+00
net7 = 8.292043e-01
net8 = 1.253883e+00
net9 = 1.266658e+00
net10 = 1.966889e-01
net11 = 8.905026e-01
net12 = 8.905026e-01
net13 = 0.000000e+00
out = 8.905026e-01
pos = 1.196771e+00
q.xq2.qsky130_fd_pr__pnp_05v5_w0p68l0p68#collcx = 1.781406e-03
q.xq3.qsky130_fd_pr__pnp_05v5_w0p68l0p68#collcx = 2.256614e-04
q.xq4.qsky130_fd_pr__pnp_05v5_w0p68l0p68#collcx = 2.256614e-04
q.xq8.qsky130_fd_pr__pnp_05v5_w0p68l0p68#collcx = 2.256614e-04
q.xq10.qsky130_fd_pr__pnp_05v5_w0p68l0p68#collcx = 2.256614e-04
q.xq12.qsky130_fd_pr__pnp_05v5_w0p68l0p68#collcx = 2.256614e-04
q.xq14.qsky130_fd_pr__pnp_05v5_w0p68l0p68#collcx = 2.256614e-04
q.xq16.qsky130_fd_pr__pnp_05v5_w0p68l0p68#collcx = 2.256614e-04
q.xq18.qsky130_fd_pr__pnp_05v5_w0p68l0p68#collcx = 2.256614e-04
vb = 1.047331e+00
vdd = 2.500000e+00
vs#branch = -1.00156e-01
vt#branch = 0.000000e+00
xc1.a = 0.000000e+00
xc1.b1 = 0.000000e+00
xc3.a = 8.905026e-01
xc3.b1 = 8.905026e-01
xr1.xsky130_fd_pr__res_xhigh_po_0p69.ra = 8.319891e-01
xr2.xsky130_fd_pr__res_xhigh_po_0p69.ra = 8.320160e-01
xr3.xsky130_fd_pr__res_xhigh_po_0p69.ra = 1.995691e-03
xr4.xsky130_fd_pr__res_xhigh_po_0p69.ra = 7.765681e-01
xr5.xsky130_fd_pr__res_xhigh_po_0p69.ra = 1.995622e-03
xr6.xsky130_fd_pr__res_xhigh_po_0p69.ra = 2.966023e-03
xr7.xsky130_fd_pr__res_xhigh_po_0p69.ra = 8.905026e-01
xr8.xsky130_fd_pr__res_xhigh_po_0p69.ra = 1.201701e+00
xr9.xsky130_fd_pr__res_xhigh_po_0p69.ra = 5.170315e-03
Doing analysis at TEMP = 0.000000 and TNOM = 27.000000


No. of Data Rows : 91
Note: Starting true gmin stepping
Trying gmin =   1.0000E-03 Note: One successful gmin step
Trying gmin =   1.0000E-04 Note: One successful gmin step
Trying gmin =   1.0000E-05 Note: One successful gmin step
Trying gmin =   1.0000E-06 Warning: Further gmin increment
Trying gmin =   5.6234E-06 Note: One successful gmin step
Trying gmin =   2.3714E-06 Note: One successful gmin step
Trying gmin =   6.4938E-07 Note: One successful gmin step
Trying gmin =   9.3057E-08 Warning: Further gmin increment
Trying gmin =   3.9954E-07 Note: One successful gmin step
Trying gmin =   1.9282E-07 Note: One successful gmin step
Trying gmin =   6.4647E-08 Warning: Further gmin increment
Trying gmin =   1.4672E-07 Note: One successful gmin step
Trying gmin =   9.7392E-08 Note: One successful gmin step
Trying gmin =   5.2669E-08 Warning: Further gmin increment
Trying gmin =   8.3519E-08 Note: One successful gmin step
Trying gmin =   7.1621E-08 Note: One successful gmin step
Trying gmin =   5.6876E-08 Note: One successful gmin step
Trying gmin =   4.0249E-08 Warning: Further gmin increment
Trying gmin =   5.2166E-08 Note: One successful gmin step
Trying gmin =   4.5822E-08 Note: One successful gmin step
Trying gmin =   3.7723E-08 Warning: Further gmin increment
Trying gmin =   4.3647E-08 Note: One successful gmin step
Trying gmin =   4.0577E-08 Note: One successful gmin step
Trying gmin =   3.6372E-08 Warning: Further gmin increment
Trying gmin =   3.9482E-08 Warning: Further gmin increment
Trying gmin =   4.0300E-08 Warning: Further gmin increment
Trying gmin =   4.0508E-08 Note: One successful gmin step
Trying gmin =   4.0404E-08 Note: One successful gmin step
Trying gmin =   4.0249E-08 Warning: Further gmin increment
Trying gmin =   4.0365E-08 Note: One successful gmin step
Trying gmin =   4.0307E-08 Warning: Further gmin increment
Trying gmin =   4.0350E-08 Note: One successful gmin step
Trying gmin =   4.0329E-08 Warning: Further gmin increment
Trying gmin =   4.0345E-08 Warning: Further gmin increment
Trying gmin =   4.0349E-08 Note: One successful gmin step
Trying gmin =   4.0347E-08 Note: One successful gmin step
Trying gmin =   4.0344E-08 Warning: Further gmin increment
Trying gmin =   4.0346E-08 Warning: Last gmin step failed
Warning: True gmin stepping failed
Note: Starting dynamic gmin stepping
Trying gmin =   1.0000E-03 Note: One successful gmin step
Trying gmin =   1.0000E-04 Note: One successful gmin step
Trying gmin =   1.0000E-05 Note: One successful gmin step
Trying gmin =   1.0000E-06 Note: One successful gmin step
Trying gmin =   1.0000E-07 Warning: Further gmin increment
Trying gmin =   5.6234E-07 Note: One successful gmin step
Trying gmin =   2.3714E-07 Warning: Further gmin increment
Trying gmin =   4.5316E-07 Warning: Further gmin increment
Trying gmin =   5.3280E-07 Note: One successful gmin step
Trying gmin =   4.9137E-07 Note: One successful gmin step
Trying gmin =   4.3518E-07 Note: One successful gmin step
Trying gmin =   4.0955E-07 Note: One successful gmin step
Trying gmin =   3.7390E-07 Note: One successful gmin step
Trying gmin =   3.5726E-07 Note: One successful gmin step
Trying gmin =   3.3367E-07 Note: One successful gmin step
Trying gmin =   3.0118E-07 Note: One successful gmin step
Trying gmin =   2.5827E-07 Note: One successful gmin step
Trying gmin =   2.0510E-07 Note: One successful gmin step
Trying gmin =   1.4514E-07 Note: One successful gmin step
Trying gmin =   8.6406E-08 Note: One successful gmin step
Trying gmin =   3.9688E-08 Note: One successful gmin step
Trying gmin =   1.2355E-08 Note: One successful gmin step
Trying gmin =   2.1459E-09 Note: One successful gmin step
Trying gmin =   2.1459E-10 Note: One successful gmin step
Trying gmin =   2.1459E-11 Note: One successful gmin step
Trying gmin =   2.1459E-12 Note: One successful gmin step
Trying gmin =   1.0000E-12 Note: One successful gmin step
Note: Dynamic gmin stepping completed
 Reference value :  1.00000e+00Note: Starting true gmin stepping
Trying gmin =   1.0000E-03 Note: One successful gmin step
Trying gmin =   1.0000E-04 Note: One successful gmin step
Trying gmin =   1.0000E-05 Note: One successful gmin step
Trying gmin =   1.0000E-06 Note: One successful gmin step
Trying gmin =   1.0000E-07 Note: One successful gmin step
Trying gmin =   1.0000E-08 Warning: Further gmin increment
Trying gmin =   5.6234E-08 Warning: Further gmin increment
Trying gmin =   8.6596E-08 Note: One successful gmin step
Trying gmin =   6.9783E-08 Note: One successful gmin step
Trying gmin =   5.0481E-08 Warning: Further gmin increment
Trying gmin =   6.4357E-08 Warning: Further gmin increment
Trying gmin =   6.8385E-08 Note: One successful gmin step
Trying gmin =   6.6340E-08 Warning: Further gmin increment
Trying gmin =   6.7868E-08 Note: One successful gmin step
Trying gmin =   6.7100E-08 Note: One successful gmin step
Trying gmin =   6.5964E-08 Warning: Further gmin increment
Trying gmin =   6.6814E-08 Warning: Further gmin increment
Trying gmin =   6.7028E-08 Note: One successful gmin step
Trying gmin =   6.6921E-08 Warning: Further gmin increment
Trying gmin =   6.7001E-08 Note: One successful gmin step
Trying gmin =   6.6961E-08 Note: One successful gmin step
Trying gmin =   6.6901E-08 Warning: Further gmin increment
Trying gmin =   6.6946E-08 Note: One successful gmin step
Trying gmin =   6.6924E-08 Warning: Further gmin increment
Trying gmin =   6.6940E-08 Note: One successful gmin step
Trying gmin =   6.6932E-08 Note: One successful gmin step
Trying gmin =   6.6919E-08 Warning: Further gmin increment
Trying gmin =   6.6929E-08 Note: One successful gmin step
Trying gmin =   6.6924E-08 Warning: Further gmin increment
Trying gmin =   6.6928E-08 Warning: Last gmin step failed
Warning: True gmin stepping failed
Note: Starting dynamic gmin stepping
Trying gmin =   1.0000E-03 Note: One successful gmin step
Trying gmin =   1.0000E-04 Note: One successful gmin step
Trying gmin =   1.0000E-05 Note: One successful gmin step
Trying gmin =   1.0000E-06 Note: One successful gmin step
Trying gmin =   3.1623E-07 Note: One successful gmin step
Trying gmin =   5.6234E-08 Warning: Further gmin increment
Trying gmin =   2.0535E-07 Warning: Further gmin increment
Trying gmin =   2.8387E-07 Warning: Further gmin increment
Trying gmin =   3.0781E-07 Warning: Further gmin increment
Trying gmin =   3.1410E-07 Note: One successful gmin step
Trying gmin =   3.1094E-07 Warning: Further gmin increment
Trying gmin =   3.1331E-07 Note: One successful gmin step
Trying gmin =   3.1212E-07 Warning: Further gmin increment
Trying gmin =   3.1301E-07 Note: One successful gmin step
Trying gmin =   3.1257E-07 Warning: Further gmin increment
Trying gmin =   3.1290E-07 Note: One successful gmin step
Trying gmin =   3.1273E-07 Warning: Further gmin increment
Trying gmin =   3.1286E-07 Note: One successful gmin step
Trying gmin =   3.1280E-07 Warning: Further gmin increment
Trying gmin =   3.1284E-07 Note: One successful gmin step
Trying gmin =   3.1282E-07 Note: One successful gmin step
Trying gmin =   3.1278E-07 Warning: Further gmin increment
Trying gmin =   3.1281E-07 Warning: Last gmin step failed
Warning: Dynamic gmin stepping failed
Note: Starting source stepping
Supplies reduced to   0.0000% Note: One successful source step
Supplies reduced to   0.1000% Note: One successful source step
Supplies reduced to   0.2000% Note: One successful source step
Supplies reduced to   0.3500% Note: One successful source step
Supplies reduced to   0.5750% Note: One successful source step
Supplies reduced to   0.9125% Note: One successful source step
Supplies reduced to   1.4188% Note: One successful source step
Supplies reduced to   2.1781% Note: One successful source step
Supplies reduced to   3.3172% Note: One successful source step
Supplies reduced to   5.0258% Note: One successful source step
Supplies reduced to   7.5887% Note: One successful source step
Supplies reduced to  11.4330% Note: One successful source step
Supplies reduced to  17.1995% Note: One successful source step
Supplies reduced to  25.8493% Note: One successful source step
Supplies reduced to  38.8239% Note: One successful source step
Supplies reduced to  51.7985% Supplies reduced to  38.8239% Note: One successful source step
Supplies reduced to  39.8239% Note: One successful source step
Supplies reduced to  41.3239% Note: One successful source step
Supplies reduced to  43.5739% Note: One successful source step
Supplies reduced to  46.9489% Note: One successful source step
Supplies reduced to  50.3239% Supplies reduced to  46.9489% Note: One successful source step
Supplies reduced to  47.4552% Note: One successful source step
Supplies reduced to  48.2145% Note: One successful source step
Supplies reduced to  49.3536% Note: One successful source step
Supplies reduced to  49.9231% Note: One successful source step
Supplies reduced to  50.7774% Note: One successful source step
Supplies reduced to  52.0589% Note: One successful source step
Supplies reduced to  53.9810% Note: One successful source step
Supplies reduced to  56.8643% Note: One successful source step
Supplies reduced to  61.1892% Note: One successful source step
Supplies reduced to  67.6765% Note: One successful source step
Supplies reduced to  77.4075% Supplies reduced to  67.6765% Note: One successful source step
Supplies reduced to  68.6765% Note: One successful source step
Supplies reduced to  70.1765% Note: One successful source step
Supplies reduced to  72.4265% Note: One successful source step
Supplies reduced to  75.8015% Note: One successful source step
Supplies reduced to  77.4890% Note: One successful source step
Supplies reduced to  80.0202% Note: One successful source step
Supplies reduced to  83.8171% Note: One successful source step
Supplies reduced to  89.5124% Note: One successful source step
Supplies reduced to  98.0554% Note: One successful source step
Supplies reduced to 100.0000% Note: One successful source step
Note: Source stepping completed
 Reference value :  2.80000e+00Note: Starting true gmin stepping
Trying gmin =   1.0000E-03 Note: One successful gmin step
Trying gmin =   1.0000E-04 Note: One successful gmin step
Trying gmin =   1.0000E-05 Note: One successful gmin step
Trying gmin =   1.0000E-06 Note: One successful gmin step
Trying gmin =   1.0000E-07 Note: One successful gmin step
Trying gmin =   1.0000E-08 Note: One successful gmin step
Trying gmin =   3.1623E-09 Note: One successful gmin step
Trying gmin =   5.6234E-10 Note: One successful gmin step
Trying gmin =   5.6234E-11 Warning: Further gmin increment
Trying gmin =   3.1623E-10 Note: One successful gmin step
Trying gmin =   1.7783E-10 Note: One successful gmin step
Trying gmin =   7.4989E-11 Warning: Further gmin increment
Trying gmin =   1.4330E-10 Note: One successful gmin step
Trying gmin =   1.0366E-10 Note: One successful gmin step
Trying gmin =   6.3780E-11 Warning: Further gmin increment
Trying gmin =   9.1810E-11 Warning: Further gmin increment
Trying gmin =   1.0056E-10 Note: One successful gmin step
Trying gmin =   9.6087E-11 Warning: Further gmin increment
Trying gmin =   9.9425E-11 Warning: Further gmin increment
Trying gmin =   1.0028E-10 Note: One successful gmin step
Trying gmin =   9.9851E-11 Warning: Further gmin increment
Trying gmin =   1.0017E-10 Note: One successful gmin step
Trying gmin =   1.0001E-10 Note: One successful gmin step
Trying gmin =   9.9771E-11 Warning: Further gmin increment
Trying gmin =   9.9951E-11 Warning: Further gmin increment
Trying gmin =   9.9996E-11 Note: One successful gmin step
Trying gmin =   9.9973E-11 Warning: Further gmin increment
Trying gmin =   9.9990E-11 Note: One successful gmin step
Trying gmin =   9.9982E-11 Note: One successful gmin step
Trying gmin =   9.9969E-11 Warning: Further gmin increment
Trying gmin =   9.9979E-11 Warning: Last gmin step failed
Warning: True gmin stepping failed
Note: Starting dynamic gmin stepping
Trying gmin =   1.0000E-03 Note: One successful gmin step
Trying gmin =   1.0000E-04 Note: One successful gmin step
Trying gmin =   1.0000E-05 Note: One successful gmin step
Trying gmin =   1.0000E-06 Note: One successful gmin step
Trying gmin =   1.0000E-07 Note: One successful gmin step
Trying gmin =   1.0000E-08 Note: One successful gmin step
Trying gmin =   3.1623E-09 Note: One successful gmin step
Trying gmin =   5.6234E-10 Note: One successful gmin step
Trying gmin =   1.0000E-10 Warning: Further gmin increment
Trying gmin =   3.6517E-10 Note: One successful gmin step
Trying gmin =   2.3714E-10 Note: One successful gmin step
Trying gmin =   1.2409E-10 Note: One successful gmin step
Trying gmin =   4.6976E-11 Note: One successful gmin step
Trying gmin =   1.0941E-11 Note: One successful gmin step
Trying gmin =   1.2298E-12 Note: One successful gmin step
Trying gmin =   1.0000E-12 Note: One successful gmin step
Note: Dynamic gmin stepping completed
 Reference value :  1.38000e+00Note: Starting true gmin stepping
Trying gmin =   1.0000E-03 Note: One successful gmin step
Trying gmin =   1.0000E-04 Note: One successful gmin step
Trying gmin =   1.0000E-05 Note: One successful gmin step
Trying gmin =   1.0000E-06 Note: One successful gmin step
Trying gmin =   1.0000E-07 Note: One successful gmin step
Trying gmin =   1.0000E-08 Note: One successful gmin step
Trying gmin =   1.0000E-09 Note: One successful gmin step
Trying gmin =   1.0000E-10 Note: One successful gmin step
Trying gmin =   1.0000E-11 Warning: Further gmin increment
Trying gmin =   5.6234E-11 Warning: Further gmin increment
Trying gmin =   8.6596E-11 Note: One successful gmin step
Trying gmin =   6.9783E-11 Note: One successful gmin step
Trying gmin =   5.6234E-11 Note: One successful gmin step
Trying gmin =   4.0679E-11 Note: One successful gmin step
Trying gmin =   2.5029E-11 Note: One successful gmin step
Trying gmin =   1.2079E-11 Note: One successful gmin step
Trying gmin =   4.0497E-12 Note: One successful gmin step
Trying gmin =   1.0000E-12 Note: One successful gmin step
Note: True gmin stepping completed
 Reference value :  5.20000e-01pm                  =  3.257639e+01
Doing analysis at TEMP = 0.000000 and TNOM = 27.000000


No. of Data Rows : 91
psrr100             =  -6.120987e+01
psrr100k            =  -2.545165e+01
Doing analysis at TEMP = 0.000000 and TNOM = 27.000000


No. of Data Rows : 86
temp_coeff = 1.906663e+02
Doing analysis at TEMP = 0.000000 and TNOM = 27.000000


No. of Data Rows : 141
vldo_sup_2          =  1.799806e+00
vldo_sup_2_8        =  1.800343e+00
line_reg = 6.712500e-04
Note: No ".plot", ".print", or ".fourier" lines; no simulations run
vin                 =  1.959156e+00
dropout = 1.951560e-01
