Note: Starting true gmin stepping
Trying gmin =   1.0000E-03 Note: One successful gmin step
Trying gmin =   1.0000E-04 Note: One successful gmin step
Trying gmin =   1.0000E-05 Note: One successful gmin step
Trying gmin =   1.0000E-06 Warning: Further gmin increment
Trying gmin =   5.6234E-06 Note: One successful gmin step
Trying gmin =   2.3714E-06 Warning: Further gmin increment
Trying gmin =   4.5316E-06 Note: One successful gmin step
Trying gmin =   3.2781E-06 Note: One successful gmin step
Trying gmin =   2.0169E-06 Warning: Further gmin increment
Trying gmin =   2.9033E-06 Note: One successful gmin step
Trying gmin =   2.4199E-06 Note: One successful gmin step
Trying gmin =   1.8414E-06 Note: One successful gmin step
Trying gmin =   1.2222E-06 Note: One successful gmin step
Trying gmin =   6.6098E-07 Note: One successful gmin step
Trying gmin =   2.6287E-07 Note: One successful gmin step
Trying gmin =   6.5927E-08 Warning: Further gmin increment
Trying gmin =   1.8602E-07 Note: One successful gmin step
Trying gmin =   1.1074E-07 Warning: Further gmin increment
Trying gmin =   1.6340E-07 Note: One successful gmin step
Trying gmin =   1.3452E-07 Note: One successful gmin step
Trying gmin =   1.0048E-07 Note: One successful gmin step
Trying gmin =   6.4867E-08 Note: One successful gmin step
Trying gmin =   3.3646E-08 Warning: Further gmin increment
Trying gmin =   5.5049E-08 Warning: Further gmin increment
Trying gmin =   6.2259E-08 Note: One successful gmin step
Trying gmin =   5.8543E-08 Note: One successful gmin step
Trying gmin =   5.3381E-08 Warning: Further gmin increment
Trying gmin =   5.7208E-08 Note: One successful gmin step
Trying gmin =   5.5261E-08 Note: One successful gmin step
Trying gmin =   5.4313E-08 Note: One successful gmin step
Trying gmin =   5.2921E-08 Note: One successful gmin step
Trying gmin =   5.0900E-08 Note: One successful gmin step
Trying gmin =   4.8012E-08 Note: One successful gmin step
Trying gmin =   4.3984E-08 Note: One successful gmin step
Trying gmin =   3.8566E-08 Note: One successful gmin step
Trying gmin =   3.1666E-08 Note: One successful gmin step
Trying gmin =   2.3559E-08 Note: One successful gmin step
Trying gmin =   1.5118E-08 Note: One successful gmin step
Trying gmin =   7.7719E-09 Note: One successful gmin step
Trying gmin =   2.8646E-09 Note: One successful gmin step
Trying gmin =   6.4101E-10 Note: One successful gmin step
Trying gmin =   6.7852E-11 Note: One successful gmin step
Trying gmin =   6.7852E-12 Note: One successful gmin step
Trying gmin =   1.0000E-12 Note: One successful gmin step
Note: True gmin stepping completed
 Reference value :  8.00000e+01Note: Starting true gmin stepping
Trying gmin =   1.0000E-03 Note: One successful gmin step
Trying gmin =   1.0000E-04 Note: One successful gmin step
Trying gmin =   1.0000E-05 Note: One successful gmin step
Trying gmin =   1.0000E-06 Note: One successful gmin step
Trying gmin =   1.0000E-07 Warning: Further gmin increment
Trying gmin =   5.6234E-07 Note: One successful gmin step
Trying gmin =   2.3714E-07 Warning: Further gmin increment
Trying gmin =   4.5316E-07 Note: One successful gmin step
Trying gmin =   3.2781E-07 Warning: Further gmin increment
Trying gmin =   4.1792E-07 Note: One successful gmin step
Trying gmin =   3.7013E-07 Note: One successful gmin step
Trying gmin =   3.4833E-07 Note: One successful gmin step
Trying gmin =   3.1801E-07 Note: One successful gmin step
Trying gmin =   2.7741E-07 Note: One successful gmin step
Trying gmin =   2.2601E-07 Note: One successful gmin step
Trying gmin =   1.6620E-07 Warning: Further gmin increment
Trying gmin =   2.0929E-07 Note: One successful gmin step
Trying gmin =   1.8651E-07 Note: One successful gmin step
Trying gmin =   1.5690E-07 Warning: Further gmin increment
Trying gmin =   1.7862E-07 Note: One successful gmin step
Trying gmin =   1.6741E-07 Note: One successful gmin step
Trying gmin =   1.5690E-07 Note: One successful gmin step
Trying gmin =   1.4236E-07 Note: One successful gmin step
Trying gmin =   1.2303E-07 Note: One successful gmin step
Trying gmin =   9.8855E-08 Note: One successful gmin step
Trying gmin =   7.1196E-08 Note: One successful gmin step
Trying gmin =   4.3515E-08 Note: One successful gmin step
Trying gmin =   2.0793E-08 Note: One successful gmin step
Trying gmin =   6.8680E-09 Note: One successful gmin step
Trying gmin =   1.3038E-09 Note: One successful gmin step
Trying gmin =   1.3038E-10 Note: One successful gmin step
Trying gmin =   1.3038E-11 Note: One successful gmin step
Trying gmin =   1.3038E-12 Note: One successful gmin step
Trying gmin =   1.0000E-12 Note: One successful gmin step
Note: True gmin stepping completed
 Reference value :  3.00000e+00Note: Starting true gmin stepping
Trying gmin =   1.0000E-03 Note: One successful gmin step
Trying gmin =   1.0000E-04 Note: One successful gmin step
Trying gmin =   1.0000E-05 Note: One successful gmin step
Trying gmin =   1.0000E-06 Note: One successful gmin step
Trying gmin =   1.0000E-07 Note: One successful gmin step
Trying gmin =   1.0000E-08 Warning: Further gmin increment
Trying gmin =   5.6234E-08 Note: One successful gmin step
Trying gmin =   2.3714E-08 Note: One successful gmin step
Trying gmin =   6.4938E-09 Note: One successful gmin step
Trying gmin =   9.3057E-10 Note: One successful gmin step
Trying gmin =   9.3057E-11 Note: One successful gmin step
Trying gmin =   9.3057E-12 Warning: Further gmin increment
Trying gmin =   5.2330E-11 Note: One successful gmin step
Trying gmin =   2.2067E-11 Note: One successful gmin step
Trying gmin =   6.0430E-12 Note: One successful gmin step
Trying gmin =   1.0000E-12 Warning: Further gmin increment
Trying gmin =   3.8542E-12 Warning: Further gmin increment
Trying gmin =   5.4003E-12 Note: One successful gmin step
Trying gmin =   4.5623E-12 Note: One successful gmin step
Trying gmin =   3.5426E-12 Note: One successful gmin step
Trying gmin =   2.4239E-12 Note: One successful gmin step
Trying gmin =   1.3719E-12 Note: One successful gmin step
Trying gmin =   1.0000E-12 Note: One successful gmin step
Note: True gmin stepping completed
 Reference value :  1.26000e+00Note: Starting true gmin stepping
Trying gmin =   1.0000E-03 Note: One successful gmin step
Trying gmin =   1.0000E-04 Note: One successful gmin step
Trying gmin =   1.0000E-05 Note: One successful gmin step
Trying gmin =   1.0000E-06 Note: One successful gmin step
Trying gmin =   1.0000E-07 Note: One successful gmin step
Trying gmin =   1.0000E-08 Note: One successful gmin step
Trying gmin =   1.0000E-09 Note: One successful gmin step
Trying gmin =   1.0000E-10 Note: One successful gmin step
Trying gmin =   1.0000E-11 Warning: Further gmin increment
Trying gmin =   5.6234E-11 Note: One successful gmin step
Trying gmin =   2.3714E-11 Note: One successful gmin step
Trying gmin =   6.4938E-12 Warning: Further gmin increment
Trying gmin =   1.7154E-11 Note: One successful gmin step
Trying gmin =   1.0554E-11 Note: One successful gmin step
Trying gmin =   5.0937E-12 Note: One successful gmin step
Trying gmin =   1.7077E-12 Warning: Further gmin increment
Trying gmin =   3.8760E-12 Note: One successful gmin step
Trying gmin =   2.5728E-12 Warning: Further gmin increment
Trying gmin =   3.4985E-12 Note: One successful gmin step
Trying gmin =   3.0001E-12 Warning: Further gmin increment
Trying gmin =   3.3667E-12 Note: One successful gmin step
Trying gmin =   3.1781E-12 Note: One successful gmin step
Trying gmin =   2.9149E-12 Warning: Further gmin increment
Trying gmin =   3.1102E-12 Note: One successful gmin step
Trying gmin =   3.0437E-12 Note: One successful gmin step
Trying gmin =   2.9466E-12 Note: One successful gmin step
Trying gmin =   2.8067E-12 Note: One successful gmin step
Trying gmin =   2.6093E-12 Note: One successful gmin step
Trying gmin =   2.3389E-12 Note: One successful gmin step
Trying gmin =   1.9849E-12 Note: One successful gmin step
Trying gmin =   1.5518E-12 Note: One successful gmin step
Trying gmin =   1.0727E-12 Note: One successful gmin step
Trying gmin =   1.0000E-12 Note: One successful gmin step
Note: True gmin stepping completed
 Reference value :  1.24000e+00Note: Starting true gmin stepping
Trying gmin =   1.0000E-03 Note: One successful gmin step
Trying gmin =   1.0000E-04 Note: One successful gmin step
Trying gmin =   1.0000E-05 Note: One successful gmin step
Trying gmin =   1.0000E-06 Note: One successful gmin step
Trying gmin =   1.0000E-07 Note: One successful gmin step
Trying gmin =   1.0000E-08 Note: One successful gmin step
Trying gmin =   1.0000E-09 Note: One successful gmin step
Trying gmin =   1.0000E-10 Note: One successful gmin step
Trying gmin =   1.0000E-11 Note: One successful gmin step
Trying gmin =   1.0000E-12 Warning: Further gmin increment
Trying gmin =   5.6234E-12 Note: One successful gmin step
Trying gmin =   2.3714E-12 Warning: Further gmin increment
Trying gmin =   4.5316E-12 Note: One successful gmin step
Trying gmin =   3.2781E-12 Note: One successful gmin step
Trying gmin =   2.0169E-12 Note: One successful gmin step
Trying gmin =   1.0000E-12 Note: One successful gmin step
Note: True gmin stepping completed

No compatibility mode selected!


Circuit: * ldo netlist 

Doing analysis at TEMP = 0.000000 and TNOM = 27.000000


No. of Data Rows : 81
temp_coeff = 4.081839e+01
Doing analysis at TEMP = 0.000000 and TNOM = 27.000000


No. of Data Rows : 151
vldo_sup_2          =  1.800498e+00
vldo_sup_3          =  1.798782e+00
line_reg = -1.71600e-03
Note: Starting true gmin stepping
Trying gmin =   1.0000E-03 Note: One successful gmin step
Trying gmin =   1.0000E-04 Note: One successful gmin step
Trying gmin =   1.0000E-05 Note: One successful gmin step
Trying gmin =   1.0000E-06 Note: One successful gmin step
Trying gmin =   1.0000E-07 Note: One successful gmin step
Trying gmin =   1.0000E-08 Warning: Further gmin increment
Trying gmin =   5.6234E-08 Warning: Further gmin increment
Trying gmin =   8.6596E-08 Note: One successful gmin step
Trying gmin =   7.4989E-08 Note: One successful gmin step
Trying gmin =   6.0430E-08 Note: One successful gmin step
Trying gmin =   4.3714E-08 Warning: Further gmin increment
Trying gmin =   5.5731E-08 Note: One successful gmin step
Trying gmin =   4.9358E-08 Note: One successful gmin step
Trying gmin =   4.1139E-08 Note: One successful gmin step
Trying gmin =   3.1304E-08 Note: One successful gmin step
Trying gmin =   2.0779E-08 Warning: Further gmin increment
Trying gmin =   2.8256E-08 Note: One successful gmin step
Trying gmin =   2.4231E-08 Note: One successful gmin step
Trying gmin =   1.9242E-08 Note: One successful gmin step
Trying gmin =   1.3617E-08 Note: One successful gmin step
Trying gmin =   8.1065E-09 Note: One successful gmin step
Trying gmin =   3.7235E-09 Note: One successful gmin step
Trying gmin =   1.1591E-09 Note: One successful gmin step
Trying gmin =   2.0132E-10 Note: One successful gmin step
Trying gmin =   2.0132E-11 Note: One successful gmin step
Trying gmin =   2.0132E-12 Note: One successful gmin step
Trying gmin =   1.0000E-12 Note: One successful gmin step
Note: True gmin stepping completed
 Reference value :  1.00000e+00Note: No ".plot", ".print", or ".fourier" lines; no simulations run
vin                 =  1.777249e+00
dropout = 1.324900e-02
Doing analysis at TEMP = 0.000000 and TNOM = 27.000000


No. of Data Rows : 91
psrr100             =  -5.107002e+01
psrr100k            =  -2.900617e+01
