Note: Starting true gmin stepping
Trying gmin =   1.0000E-03 Note: One successful gmin step
Trying gmin =   1.0000E-04 Note: One successful gmin step
Trying gmin =   1.0000E-05 Note: One successful gmin step
Trying gmin =   1.0000E-06 Note: One successful gmin step
Trying gmin =   1.0000E-07 Warning: Further gmin increment
Trying gmin =   5.6234E-07 Note: One successful gmin step
Trying gmin =   2.3714E-07 Note: One successful gmin step
Trying gmin =   6.4938E-08 Warning: Further gmin increment
Trying gmin =   1.7154E-07 Warning: Further gmin increment
Trying gmin =   2.1870E-07 Note: One successful gmin step
Trying gmin =   1.9369E-07 Warning: Further gmin increment
Trying gmin =   2.1216E-07 Warning: Further gmin increment
Trying gmin =   2.1704E-07 Note: One successful gmin step
Trying gmin =   2.1459E-07 Note: One successful gmin step
Trying gmin =   2.1095E-07 Warning: Further gmin increment
Trying gmin =   2.1367E-07 Note: One successful gmin step
Trying gmin =   2.1231E-07 Note: One successful gmin step
Trying gmin =   2.1028E-07 Warning: Further gmin increment
Trying gmin =   2.1180E-07 Warning: Further gmin increment
Trying gmin =   2.1218E-07 Warning: Further gmin increment
Trying gmin =   2.1228E-07 Note: One successful gmin step
Trying gmin =   2.1223E-07 Note: One successful gmin step
Trying gmin =   2.1216E-07 Warning: Further gmin increment
Trying gmin =   2.1221E-07 Warning: Further gmin increment
Trying gmin =   2.1223E-07 Note: One successful gmin step
Trying gmin =   2.1222E-07 Warning: Last gmin step failed
Warning: True gmin stepping failed
Note: Starting dynamic gmin stepping
Trying gmin =   1.0000E-03 Note: One successful gmin step
Trying gmin =   1.0000E-04 Note: One successful gmin step
Trying gmin =   1.0000E-05 Note: One successful gmin step
Trying gmin =   1.0000E-06 Warning: Further gmin increment
Trying gmin =   5.6234E-06 Warning: Further gmin increment
Trying gmin =   8.6596E-06 Note: One successful gmin step
Trying gmin =   6.9783E-06 Note: One successful gmin step
Trying gmin =   5.0481E-06 Note: One successful gmin step
Trying gmin =   3.6517E-06 Note: One successful gmin step
Trying gmin =   2.2468E-06 Note: One successful gmin step
Trying gmin =   1.0843E-06 Warning: Further gmin increment
Trying gmin =   1.8727E-06 Note: One successful gmin step
Trying gmin =   1.5608E-06 Warning: Further gmin increment
Trying gmin =   1.7893E-06 Note: One successful gmin step
Trying gmin =   1.6712E-06 Note: One successful gmin step
Trying gmin =   1.5084E-06 Note: One successful gmin step
Trying gmin =   1.2936E-06 Note: One successful gmin step
Trying gmin =   1.0272E-06 Note: One successful gmin step
Trying gmin =   7.2695E-07 Note: One successful gmin step
Trying gmin =   4.3276E-07 Note: One successful gmin step
Trying gmin =   1.9878E-07 Note: One successful gmin step
Trying gmin =   6.1880E-08 Note: One successful gmin step
Trying gmin =   1.0748E-08 Note: One successful gmin step
Trying gmin =   1.0748E-09 Note: One successful gmin step
Trying gmin =   1.0748E-10 Note: One successful gmin step
Trying gmin =   1.0748E-11 Note: One successful gmin step
Trying gmin =   1.0748E-12 Note: One successful gmin step
Trying gmin =   1.0000E-12 Note: One successful gmin step
Note: Dynamic gmin stepping completed
 Reference value :  0.00000e+00
No compatibility mode selected!


Circuit: * ldo netlist 

Doing analysis at TEMP = 85.000000 and TNOM = 27.000000


No. of Data Rows : 1
bg_out = 1.200416e+00
inn = 1.146486e+00
inp = 1.146445e+00
l1#branch = 0.000000e+00
ldo_out = 1.806142e+00
m.xm1.msky130_fd_pr__nfet_g5v0d10v5#body = 3.158772e-11
m.xm1.msky130_fd_pr__nfet_g5v0d10v5#dbody = 6.255452e-11
m.xm1.msky130_fd_pr__nfet_g5v0d10v5#sbody = 3.220857e-11
m.xm2.msky130_fd_pr__pfet_g5v0d10v5#body = 2.500000e+00
m.xm2.msky130_fd_pr__pfet_g5v0d10v5#dbody = 2.500000e+00
m.xm2.msky130_fd_pr__pfet_g5v0d10v5#sbody = 2.500000e+00
m.xm3.msky130_fd_pr__pfet_g5v0d10v5#body = 2.500000e+00
m.xm3.msky130_fd_pr__pfet_g5v0d10v5#dbody = 2.500000e+00
m.xm3.msky130_fd_pr__pfet_g5v0d10v5#sbody = 2.500000e+00
m.xm4.msky130_fd_pr__pfet_g5v0d10v5#body = 2.500000e+00
m.xm4.msky130_fd_pr__pfet_g5v0d10v5#dbody = 2.500000e+00
m.xm4.msky130_fd_pr__pfet_g5v0d10v5#sbody = 2.500000e+00
m.xm5.msky130_fd_pr__pfet_g5v0d10v5#body = 2.500000e+00
m.xm5.msky130_fd_pr__pfet_g5v0d10v5#dbody = 2.500000e+00
m.xm5.msky130_fd_pr__pfet_g5v0d10v5#sbody = 2.500000e+00
m.xm6.msky130_fd_pr__nfet_g5v0d10v5#body = 2.049851e-11
m.xm6.msky130_fd_pr__nfet_g5v0d10v5#dbody = 5.124617e-11
m.xm6.msky130_fd_pr__nfet_g5v0d10v5#sbody = 1.024937e-11
m.xm7.msky130_fd_pr__pfet_g5v0d10v5#body = 2.500000e+00
m.xm7.msky130_fd_pr__pfet_g5v0d10v5#dbody = 2.500000e+00
m.xm7.msky130_fd_pr__pfet_g5v0d10v5#sbody = 2.500000e+00
m.xm8.msky130_fd_pr__pfet_g5v0d10v5#body = 2.500000e+00
m.xm8.msky130_fd_pr__pfet_g5v0d10v5#dbody = 2.500000e+00
m.xm8.msky130_fd_pr__pfet_g5v0d10v5#sbody = 2.500000e+00
m.xm9.msky130_fd_pr__nfet_g5v0d10v5#body = 2.976206e-11
m.xm9.msky130_fd_pr__nfet_g5v0d10v5#dbody = 6.079575e-11
m.xm9.msky130_fd_pr__nfet_g5v0d10v5#sbody = 2.849014e-11
m.xm10.msky130_fd_pr__nfet_g5v0d10v5#body = 2.952926e-11
m.xm10.msky130_fd_pr__nfet_g5v0d10v5#dbody = 6.021385e-11
m.xm10.msky130_fd_pr__nfet_g5v0d10v5#sbody = 2.837374e-11
m.xm11.msky130_fd_pr__pfet_g5v0d10v5#body = 2.500000e+00
m.xm11.msky130_fd_pr__pfet_g5v0d10v5#dbody = 2.500000e+00
m.xm11.msky130_fd_pr__pfet_g5v0d10v5#sbody = 2.500000e+00
m.xm12.msky130_fd_pr__pfet_g5v0d10v5#body = 2.500000e+00
m.xm12.msky130_fd_pr__pfet_g5v0d10v5#dbody = 2.500000e+00
m.xm12.msky130_fd_pr__pfet_g5v0d10v5#sbody = 2.500000e+00
m.xm13.msky130_fd_pr__nfet_g5v0d10v5#body = 5.157671e-12
m.xm13.msky130_fd_pr__nfet_g5v0d10v5#dbody = 1.289411e-11
m.xm13.msky130_fd_pr__nfet_g5v0d10v5#sbody = 2.578902e-12
m.xm14.msky130_fd_pr__pfet_g5v0d10v5#body = 2.500000e+00
m.xm14.msky130_fd_pr__pfet_g5v0d10v5#dbody = 2.500000e+00
m.xm14.msky130_fd_pr__pfet_g5v0d10v5#sbody = 2.500000e+00
m.xm15.msky130_fd_pr__nfet_g5v0d10v5#body = 8.199328e-14
m.xm15.msky130_fd_pr__nfet_g5v0d10v5#dbody = 2.049799e-13
m.xm15.msky130_fd_pr__nfet_g5v0d10v5#sbody = 4.099999e-14
m.xm16.msky130_fd_pr__nfet_g5v0d10v5#body = 5.620964e-11
m.xm16.msky130_fd_pr__nfet_g5v0d10v5#dbody = 1.012334e-10
m.xm16.msky130_fd_pr__nfet_g5v0d10v5#sbody = 6.739553e-11
m.xm17.msky130_fd_pr__pfet_g5v0d10v5#body = 2.500000e+00
m.xm17.msky130_fd_pr__pfet_g5v0d10v5#dbody = 2.500000e+00
m.xm17.msky130_fd_pr__pfet_g5v0d10v5#sbody = 2.500000e+00
m.xm18.msky130_fd_pr__nfet_g5v0d10v5#body = 2.226422e-11
m.xm18.msky130_fd_pr__nfet_g5v0d10v5#dbody = 5.557387e-11
m.xm18.msky130_fd_pr__nfet_g5v0d10v5#sbody = 1.113219e-11
m.xm19.msky130_fd_pr__nfet_g5v0d10v5#body = 3.165424e-11
m.xm19.msky130_fd_pr__nfet_g5v0d10v5#dbody = 6.272079e-11
m.xm19.msky130_fd_pr__nfet_g5v0d10v5#sbody = 3.224183e-11
m.xm20.msky130_fd_pr__nfet_g5v0d10v5#body = 1.455743e-11
m.xm20.msky130_fd_pr__nfet_g5v0d10v5#dbody = 3.639350e-11
m.xm20.msky130_fd_pr__nfet_g5v0d10v5#sbody = 7.278792e-12
m.xm22.msky130_fd_pr__nfet_g5v0d10v5#body = 1.149986e-11
m.xm22.msky130_fd_pr__nfet_g5v0d10v5#dbody = 2.874955e-11
m.xm22.msky130_fd_pr__nfet_g5v0d10v5#sbody = 5.750038e-12
m.xm24.msky130_fd_pr__pfet_g5v0d10v5#body = 2.500000e+00
m.xm24.msky130_fd_pr__pfet_g5v0d10v5#dbody = 2.500000e+00
m.xm24.msky130_fd_pr__pfet_g5v0d10v5#sbody = 2.500000e+00
m.xm26.msky130_fd_pr__pfet_g5v0d10v5#body = 2.500000e+00
m.xm26.msky13Note: Starting true gmin stepping
Trying gmin =   1.0000E-03 Note: One successful gmin step
Trying gmin =   1.0000E-04 Note: One successful gmin step
Trying gmin =   1.0000E-05 Note: One successful gmin step
Trying gmin =   1.0000E-06 Note: One successful gmin step
Trying gmin =   1.0000E-07 Warning: Further gmin increment
Trying gmin =   5.6234E-07 Note: One successful gmin step
Trying gmin =   2.3714E-07 Note: One successful gmin step
Trying gmin =   6.4938E-08 Warning: Further gmin increment
Trying gmin =   1.7154E-07 Warning: Further gmin increment
Trying gmin =   2.1870E-07 Note: One successful gmin step
Trying gmin =   1.9369E-07 Warning: Further gmin increment
Trying gmin =   2.1216E-07 Warning: Further gmin increment
Trying gmin =   2.1704E-07 Note: One successful gmin step
Trying gmin =   2.1459E-07 Note: One successful gmin step
Trying gmin =   2.1095E-07 Warning: Further gmin increment
Trying gmin =   2.1367E-07 Note: One successful gmin step
Trying gmin =   2.1231E-07 Note: One successful gmin step
Trying gmin =   2.1028E-07 Warning: Further gmin increment
Trying gmin =   2.1180E-07 Warning: Further gmin increment
Trying gmin =   2.1218E-07 Warning: Further gmin increment
Trying gmin =   2.1228E-07 Note: One successful gmin step
Trying gmin =   2.1223E-07 Note: One successful gmin step
Trying gmin =   2.1216E-07 Warning: Further gmin increment
Trying gmin =   2.1221E-07 Warning: Further gmin increment
Trying gmin =   2.1223E-07 Note: One successful gmin step
Trying gmin =   2.1222E-07 Warning: Last gmin step failed
Warning: True gmin stepping failed
Note: Starting dynamic gmin stepping
Trying gmin =   1.0000E-03 Note: One successful gmin step
Trying gmin =   1.0000E-04 Note: One successful gmin step
Trying gmin =   1.0000E-05 Note: One successful gmin step
Trying gmin =   1.0000E-06 Warning: Further gmin increment
Trying gmin =   5.6234E-06 Warning: Further gmin increment
Trying gmin =   8.6596E-06 Note: One successful gmin step
Trying gmin =   6.9783E-06 Note: One successful gmin step
Trying gmin =   5.0481E-06 Note: One successful gmin step
Trying gmin =   3.6517E-06 Note: One successful gmin step
Trying gmin =   2.2468E-06 Note: One successful gmin step
Trying gmin =   1.0843E-06 Warning: Further gmin increment
Trying gmin =   1.8727E-06 Note: One successful gmin step
Trying gmin =   1.5608E-06 Warning: Further gmin increment
Trying gmin =   1.7893E-06 Note: One successful gmin step
Trying gmin =   1.6712E-06 Note: One successful gmin step
Trying gmin =   1.5084E-06 Note: One successful gmin step
Trying gmin =   1.2936E-06 Note: One successful gmin step
Trying gmin =   1.0272E-06 Note: One successful gmin step
Trying gmin =   7.2695E-07 Note: One successful gmin step
Trying gmin =   4.3276E-07 Note: One successful gmin step
Trying gmin =   1.9878E-07 Note: One successful gmin step
Trying gmin =   6.1880E-08 Note: One successful gmin step
Trying gmin =   1.0748E-08 Note: One successful gmin step
Trying gmin =   1.0748E-09 Note: One successful gmin step
Trying gmin =   1.0748E-10 Note: One successful gmin step
Trying gmin =   1.0748E-11 Note: One successful gmin step
Trying gmin =   1.0748E-12 Note: One successful gmin step
Trying gmin =   1.0000E-12 Note: One successful gmin step
Note: Dynamic gmin stepping completed
 Reference value :  1.00000e+000_fd_pr__pfet_g5v0d10v5#dbody = 2.500000e+00
m.xm26.msky130_fd_pr__pfet_g5v0d10v5#sbody = 2.500000e+00
mir = 1.445284e+00
net1 = 6.298225e-01
net2 = 1.582705e-04
net3 = 7.033783e-01
net4 = 2.318440e-01
net5 = 1.450605e+00
net6 = 9.510906e-01
net7 = 7.033363e-01
net8 = 1.524648e+00
net9 = 1.543268e+00
net10 = 2.511974e-01
net11 = 1.616172e+00
net12 = 1.616172e+00
net13 = 0.000000e+00
out = 1.616172e+00
pos = 1.200612e+00
q.xq2.qsky130_fd_pr__pnp_05v5_w0p68l0p68#collcx = 2.964729e-03
q.xq3.qsky130_fd_pr__pnp_05v5_w0p68l0p68#collcx = 3.741823e-04
q.xq4.qsky130_fd_pr__pnp_05v5_w0p68l0p68#collcx = 3.741823e-04
q.xq8.qsky130_fd_pr__pnp_05v5_w0p68l0p68#collcx = 3.741823e-04
q.xq10.qsky130_fd_pr__pnp_05v5_w0p68l0p68#collcx = 3.741823e-04
q.xq12.qsky130_fd_pr__pnp_05v5_w0p68l0p68#collcx = 3.741823e-04
q.xq14.qsky130_fd_pr__pnp_05v5_w0p68l0p68#collcx = 3.741823e-04
q.xq16.qsky130_fd_pr__pnp_05v5_w0p68l0p68#collcx = 3.741823e-04
q.xq18.qsky130_fd_pr__pnp_05v5_w0p68l0p68#collcx = 3.741823e-04
vb = 1.003093e+00
vdd = 2.500000e+00
vs#branch = -1.01720e-02
vt#branch = 0.000000e+00
xc1.a = 0.000000e+00
xc1.b1 = 0.000000e+00
xc3.a = 1.616172e+00
xc3.b1 = 1.616172e+00
xr1.xsky130_fd_pr__res_xhigh_po_0p69.ra = 7.091522e-01
xr2.xsky130_fd_pr__res_xhigh_po_0p69.ra = 7.091941e-01
xr3.xsky130_fd_pr__res_xhigh_po_0p69.ra = 3.468063e-03
xr4.xsky130_fd_pr__res_xhigh_po_0p69.ra = 6.322027e-01
xr5.xsky130_fd_pr__res_xhigh_po_0p69.ra = 3.467844e-03
xr6.xsky130_fd_pr__res_xhigh_po_0p69.ra = 6.161018e-03
xr7.xsky130_fd_pr__res_xhigh_po_0p69.ra = 1.616172e+00
xr8.xsky130_fd_pr__res_xhigh_po_0p69.ra = 1.210853e+00
xr9.xsky130_fd_pr__res_xhigh_po_0p69.ra = 1.074235e-02
Doing analysis at TEMP = 85.000000 and TNOM = 27.000000


No. of Data Rows : 91
Note: Starting true gmin stepping
Trying gmin =   1.0000E-03 Note: One successful gmin step
Trying gmin =   1.0000E-04 Note: One successful gmin step
Trying gmin =   1.0000E-05 Note: One successful gmin step
Trying gmin =   1.0000E-06 Note: One successful gmin step
Trying gmin =   1.0000E-07 Warning: Further gmin increment
Trying gmin =   5.6234E-07 Note: One successful gmin step
Trying gmin =   2.3714E-07 Note: One successful gmin step
Trying gmin =   6.4938E-08 Warning: Further gmin increment
Trying gmin =   1.7154E-07 Warning: Further gmin increment
Trying gmin =   2.1870E-07 Note: One successful gmin step
Trying gmin =   1.9369E-07 Warning: Further gmin increment
Trying gmin =   2.1216E-07 Warning: Further gmin increment
Trying gmin =   2.1704E-07 Note: One successful gmin step
Trying gmin =   2.1459E-07 Note: One successful gmin step
Trying gmin =   2.1095E-07 Warning: Further gmin increment
Trying gmin =   2.1367E-07 Note: One successful gmin step
Trying gmin =   2.1231E-07 Note: One successful gmin step
Trying gmin =   2.1028E-07 Warning: Further gmin increment
Trying gmin =   2.1180E-07 Warning: Further gmin increment
Trying gmin =   2.1218E-07 Warning: Further gmin increment
Trying gmin =   2.1228E-07 Note: One successful gmin step
Trying gmin =   2.1223E-07 Note: One successful gmin step
Trying gmin =   2.1216E-07 Warning: Further gmin increment
Trying gmin =   2.1221E-07 Warning: Further gmin increment
Trying gmin =   2.1223E-07 Note: One successful gmin step
Trying gmin =   2.1222E-07 Warning: Last gmin step failed
Warning: True gmin stepping failed
Note: Starting dynamic gmin stepping
Trying gmin =   1.0000E-03 Note: One successful gmin step
Trying gmin =   1.0000E-04 Note: One successful gmin step
Trying gmin =   1.0000E-05 Note: One successful gmin step
Trying gmin =   1.0000E-06 Warning: Further gmin increment
Trying gmin =   5.6234E-06 Warning: Further gmin increment
Trying gmin =   8.6596E-06 Note: One successful gmin step
Trying gmin =   6.9783E-06 Note: One successful gmin step
Trying gmin =   5.0481E-06 Note: One successful gmin step
Trying gmin =   3.6517E-06 Note: One successful gmin step
Trying gmin =   2.2468E-06 Note: One successful gmin step
Trying gmin =   1.0843E-06 Warning: Further gmin increment
Trying gmin =   1.8727E-06 Note: One successful gmin step
Trying gmin =   1.5608E-06 Warning: Further gmin increment
Trying gmin =   1.7893E-06 Note: One successful gmin step
Trying gmin =   1.6712E-06 Note: One successful gmin step
Trying gmin =   1.5084E-06 Note: One successful gmin step
Trying gmin =   1.2936E-06 Note: One successful gmin step
Trying gmin =   1.0272E-06 Note: One successful gmin step
Trying gmin =   7.2695E-07 Note: One successful gmin step
Trying gmin =   4.3276E-07 Note: One successful gmin step
Trying gmin =   1.9878E-07 Note: One successful gmin step
Trying gmin =   6.1880E-08 Note: One successful gmin step
Trying gmin =   1.0748E-08 Note: One successful gmin step
Trying gmin =   1.0748E-09 Note: One successful gmin step
Trying gmin =   1.0748E-10 Note: One successful gmin step
Trying gmin =   1.0748E-11 Note: One successful gmin step
Trying gmin =   1.0748E-12 Note: One successful gmin step
Trying gmin =   1.0000E-12 Note: One successful gmin step
Note: Dynamic gmin stepping completed
 Reference value :  1.00000e+00Note: Starting true gmin stepping
Trying gmin =   1.0000E-03 Note: One successful gmin step
Trying gmin =   1.0000E-04 Note: One successful gmin step
Trying gmin =   1.0000E-05 Note: One successful gmin step
Trying gmin =   1.0000E-06 Note: One successful gmin step
Trying gmin =   1.0000E-07 Warning: Further gmin increment
Trying gmin =   5.6234E-07 Note: One successful gmin step
Trying gmin =   2.3714E-07 Note: One successful gmin step
Trying gmin =   6.4938E-08 Warning: Further gmin increment
Trying gmin =   1.7154E-07 Warning: Further gmin increment
Trying gmin =   2.1870E-07 Note: One successful gmin step
Trying gmin =   1.9369E-07 Warning: Further gmin increment
Trying gmin =   2.1216E-07 Warning: Further gmin increment
Trying gmin =   2.1704E-07 Note: One successful gmin step
Trying gmin =   2.1459E-07 Note: One successful gmin step
Trying gmin =   2.1095E-07 Warning: Further gmin increment
Trying gmin =   2.1367E-07 Note: One successful gmin step
Trying gmin =   2.1231E-07 Note: One successful gmin step
Trying gmin =   2.1028E-07 Warning: Further gmin increment
Trying gmin =   2.1180E-07 Warning: Further gmin increment
Trying gmin =   2.1218E-07 Warning: Further gmin increment
Trying gmin =   2.1228E-07 Note: One successful gmin step
Trying gmin =   2.1223E-07 Note: One successful gmin step
Trying gmin =   2.1216E-07 Warning: Further gmin increment
Trying gmin =   2.1221E-07 Warning: Further gmin increment
Trying gmin =   2.1223E-07 Note: One successful gmin step
Trying gmin =   2.1222E-07 Warning: Last gmin step failed
Warning: True gmin stepping failed
Note: Starting dynamic gmin stepping
Trying gmin =   1.0000E-03 Note: One successful gmin step
Trying gmin =   1.0000E-04 Note: One successful gmin step
Trying gmin =   1.0000E-05 Note: One successful gmin step
Trying gmin =   1.0000E-06 Warning: Further gmin increment
Trying gmin =   5.6234E-06 Warning: Further gmin increment
Trying gmin =   8.6596E-06 Note: One successful gmin step
Trying gmin =   6.9783E-06 Note: One successful gmin step
Trying gmin =   5.0481E-06 Note: One successful gmin step
Trying gmin =   3.6517E-06 Note: One successful gmin step
Trying gmin =   2.2468E-06 Note: One successful gmin step
Trying gmin =   1.0843E-06 Warning: Further gmin increment
Trying gmin =   1.8727E-06 Note: One successful gmin step
Trying gmin =   1.5608E-06 Warning: Further gmin increment
Trying gmin =   1.7893E-06 Note: One successful gmin step
Trying gmin =   1.6712E-06 Note: One successful gmin step
Trying gmin =   1.5084E-06 Note: One successful gmin step
Trying gmin =   1.2936E-06 Note: One successful gmin step
Trying gmin =   1.0272E-06 Note: One successful gmin step
Trying gmin =   7.2695E-07 Note: One successful gmin step
Trying gmin =   4.3276E-07 Note: One successful gmin step
Trying gmin =   1.9878E-07 Note: One successful gmin step
Trying gmin =   6.1880E-08 Note: One successful gmin step
Trying gmin =   1.0748E-08 Note: One successful gmin step
Trying gmin =   1.0748E-09 Note: One successful gmin step
Trying gmin =   1.0748E-10 Note: One successful gmin step
Trying gmin =   1.0748E-11 Note: One successful gmin step
Trying gmin =   1.0748E-12 Note: One successful gmin step
Trying gmin =   1.0000E-12 Note: One successful gmin step
Note: Dynamic gmin stepping completed
 Reference value :  8.50000e+01Note: Starting true gmin stepping
Trying gmin =   1.0000E-03 Note: One successful gmin step
Trying gmin =   1.0000E-04 Note: One successful gmin step
Trying gmin =   1.0000E-05 Note: One successful gmin step
Trying gmin =   1.0000E-06 Note: One successful gmin step
Trying gmin =   1.0000E-07 Warning: Further gmin increment
Trying gmin =   5.6234E-07 Note: One successful gmin step
Trying gmin =   2.3714E-07 Note: One successful gmin step
Trying gmin =   6.4938E-08 Warning: Further gmin increment
Trying gmin =   1.7154E-07 Note: One successful gmin step
Trying gmin =   1.0554E-07 Warning: Further gmin increment
Trying gmin =   1.5193E-07 Warning: Further gmin increment
Trying gmin =   1.6641E-07 Note: One successful gmin step
Trying gmin =   1.5901E-07 Note: One successful gmin step
Trying gmin =   1.4851E-07 Warning: Further gmin increment
Trying gmin =   1.5631E-07 Note: One successful gmin step
Trying gmin =   1.5236E-07 Warning: Further gmin increment
Trying gmin =   1.5532E-07 Note: One successful gmin step
Trying gmin =   1.5383E-07 Warning: Further gmin increment
Trying gmin =   1.5494E-07 Note: One successful gmin step
Trying gmin =   1.5439E-07 Note: One successful gmin step
Trying gmin =   1.5356E-07 Warning: Further gmin increment
Trying gmin =   1.5418E-07 Note: One successful gmin step
Trying gmin =   1.5387E-07 Warning: Further gmin increment
Trying gmin =   1.5410E-07 Note: One successful gmin step
Trying gmin =   1.5398E-07 Warning: Further gmin increment
Trying gmin =   1.5407E-07 Note: One successful gmin step
Trying gmin =   1.5403E-07 Warning: Further gmin increment
Trying gmin =   1.5406E-07 Note: One successful gmin step
Trying gmin =   1.5404E-07 Warning: Further gmin increment
Trying gmin =   1.5406E-07 Note: One successful gmin step
Trying gmin =   1.5405E-07 Warning: Last gmin step failed
Warning: True gmin stepping failed
Note: Starting dynamic gmin stepping
Trying gmin =   1.0000E-03 Note: One successful gmin step
Trying gmin =   1.0000E-04 Note: One successful gmin step
Trying gmin =   1.0000E-05 Warning: Further gmin increment
Trying gmin =   5.6234E-05 Note: One successful gmin step
Trying gmin =   2.3714E-05 Note: One successful gmin step
Trying gmin =   6.4938E-06 Note: One successful gmin step
Trying gmin =   9.3057E-07 Warning: Further gmin increment
Trying gmin =   3.9954E-06 Note: One successful gmin step
Trying gmin =   2.4582E-06 Note: One successful gmin step
Trying gmin =   1.5125E-06 Warning: Further gmin increment
Trying gmin =   2.1772E-06 Note: One successful gmin step
Trying gmin =   1.8146E-06 Note: One successful gmin step
Trying gmin =   1.3808E-06 Note: One successful gmin step
Trying gmin =   9.1655E-07 Note: One successful gmin step
Trying gmin =   4.9567E-07 Note: One successful gmin step
Trying gmin =   1.9712E-07 Note: One successful gmin step
Trying gmin =   4.9438E-08 Note: One successful gmin step
Trying gmin =   6.2093E-09 Note: One successful gmin step
Trying gmin =   6.2093E-10 Note: One successful gmin step
Trying gmin =   6.2093E-11 Note: One successful gmin step
Trying gmin =   6.2093E-12 Note: One successful gmin step
Trying gmin =   1.0000E-12 Note: One successful gmin step
Note: Dynamic gmin stepping completed
 Reference value :  2.80000e+00Note: Starting true gmin stepping
Trying gmin =   1.0000E-03 Note: One successful gmin step
Trying gmin =   1.0000E-04 Note: One successful gmin step
Trying gmin =   1.0000E-05 Note: One successful gmin step
Trying gmin =   1.0000E-06 Note: One successful gmin step
Trying gmin =   1.0000E-07 Note: One successful gmin step
Trying gmin =   1.0000E-08 Note: One successful gmin step
Trying gmin =   1.0000E-09 Warning: Further gmin increment
Trying gmin =   5.6234E-09 Note: One successful gmin step
Trying gmin =   2.3714E-09 Note: One successful gmin step
Trying gmin =   6.4938E-10 Note: One successful gmin step
Trying gmin =   9.3057E-11 Warning: Further gmin increment
Trying gmin =   3.9954E-10 Note: One successful gmin step
Trying gmin =   1.9282E-10 Warning: Further gmin increment
Trying gmin =   3.3301E-10 Note: One successful gmin step
Trying gmin =   2.5340E-10 Warning: Further gmin increment
Trying gmin =   3.1103E-10 Warning: Further gmin increment
Trying gmin =   3.2737E-10 Note: One successful gmin step
Trying gmin =   3.1910E-10 Note: One successful gmin step
Trying gmin =   3.0707E-10 Note: One successful gmin step
Trying gmin =   2.8987E-10 Note: One successful gmin step
Trying gmin =   2.6587E-10 Note: One successful gmin step
Trying gmin =   2.3353E-10 Note: One successful gmin step
Trying gmin =   1.9226E-10 Note: One successful gmin step
Trying gmin =   1.4361E-10 Note: One successful gmin step
Trying gmin =   9.2708E-11 Note: One successful gmin step
Trying gmin =   4.8087E-11 Note: One successful gmin step
Trying gmin =   1.7964E-11 Note: One successful gmin step
Trying gmin =   4.1016E-12 Note: One successful gmin step
Trying gmin =   1.0000E-12 Note: One successful gmin step
Note: True gmin stepping completed
 Reference value :  1.08000e+00Note: Starting true gmin stepping
Trying gmin =   1.0000E-03 Note: One successful gmin step
Trying gmin =   1.0000E-04 Note: One successful gmin step
Trying gmin =   1.0000E-05 Note: One successful gmin step
Trying gmin =   1.0000E-06 Note: One successful gmin step
Trying gmin =   1.0000E-07 Note: One successful gmin step
Trying gmin =   1.0000E-08 Note: One successful gmin step
Trying gmin =   1.0000E-09 Warning: Further gmin increment
Trying gmin =   5.6234E-09 Note: One successful gmin step
Trying gmin =   2.3714E-09 Note: One successful gmin step
Trying gmin =   6.4938E-10 Warning: Further gmin increment
Trying gmin =   1.7154E-09 Note: One successful gmin step
Trying gmin =   1.0554E-09 Note: One successful gmin step
Trying gmin =   5.0937E-10 Note: One successful gmin step
Trying gmin =   1.7077E-10 Warning: Further gmin increment
Trying gmin =   3.8760E-10 Note: One successful gmin step
Trying gmin =   2.5728E-10 Warning: Further gmin increment
Trying gmin =   3.4985E-10 Note: One successful gmin step
Trying gmin =   3.0001E-10 Note: One successful gmin step
Trying gmin =   2.3825E-10 Warning: Further gmin increment
Trying gmin =   2.8321E-10 Note: One successful gmin step
Trying gmin =   2.5976E-10 Note: One successful gmin step
Trying gmin =   2.2817E-10 Warning: Further gmin increment
Trying gmin =   2.5147E-10 Note: One successful gmin step
Trying gmin =   2.3954E-10 Note: One successful gmin step
Trying gmin =   2.2269E-10 Note: One successful gmin step
Trying gmin =   1.9961E-10 Note: One successful gmin step
Trying gmin =   1.6940E-10 Note: One successful gmin step
Trying gmin =   1.3244E-10 Note: One successful gmin step
Trying gmin =   9.1547E-11 Note: One successful gmin step
Trying gmin =   5.2614E-11 Note: One successful gmin step
Trying gmin =   2.2924E-11 Note: One successful gmin step
Trying gmin =   6.5928E-12 Note: One successful gmin step
Trying gmin =   1.0168E-12 Note: One successful gmin step
Trying gmin =   1.0000E-12 Note: One successful gmin step
Note: True gmin stepping completed
 Reference value :  1.06000e+00pm                  =  -9.150918e+01
Doing analysis at TEMP = 85.000000 and TNOM = 27.000000


No. of Data Rows : 91
psrr100             =  -5.344814e+01
psrr100k            =  -2.532681e+01
Doing analysis at TEMP = 85.000000 and TNOM = 27.000000


No. of Data Rows : 86
temp_coeff = 1.376489e+02
Doing analysis at TEMP = 85.000000 and TNOM = 27.000000


No. of Data Rows : 141
vldo_sup_2          =  1.804437e+00
vldo_sup_2_8        =  1.806672e+00
line_reg = 2.793750e-03
Note: No ".plot", ".print", or ".fourier" lines; no simulations run
vin                 =  1.779512e+00
dropout = 1.551200e-02
