Note: Starting true gmin stepping
Trying gmin =   1.0000E-03 Note: One successful gmin step
Trying gmin =   1.0000E-04 Note: One successful gmin step
Trying gmin =   1.0000E-05 Note: One successful gmin step
Trying gmin =   1.0000E-06 Note: One successful gmin step
Trying gmin =   1.0000E-07 Note: One successful gmin step
Trying gmin =   1.0000E-08 Warning: Further gmin increment
Trying gmin =   5.6234E-08 Note: One successful gmin step
Trying gmin =   2.3714E-08 Note: One successful gmin step
Trying gmin =   6.4938E-09 Warning: Further gmin increment
Trying gmin =   1.7154E-08 Note: One successful gmin step
Trying gmin =   1.0554E-08 Warning: Further gmin increment
Trying gmin =   1.5193E-08 Note: One successful gmin step
Trying gmin =   1.2663E-08 Warning: Further gmin increment
Trying gmin =   1.4517E-08 Note: One successful gmin step
Trying gmin =   1.3558E-08 Warning: Further gmin increment
Trying gmin =   1.4271E-08 Warning: Further gmin increment
Trying gmin =   1.4455E-08 Note: One successful gmin step
Trying gmin =   1.4363E-08 Note: One successful gmin step
Trying gmin =   1.4225E-08 Warning: Further gmin increment
Trying gmin =   1.4328E-08 Warning: Further gmin increment
Trying gmin =   1.4354E-08 Warning: Further gmin increment
Trying gmin =   1.4360E-08 Warning: Further gmin increment
Trying gmin =   1.4362E-08 Note: One successful gmin step
Trying gmin =   1.4361E-08 Note: One successful gmin step
Trying gmin =   1.4360E-08 Warning: Further gmin increment
Trying gmin =   1.4361E-08 Warning: Last gmin step failed
Note: True gmin stepping completed
 Reference value :  8.00000e+01Note: Starting true gmin stepping
Trying gmin =   1.0000E-03 Note: One successful gmin step
Trying gmin =   1.0000E-04 Note: One successful gmin step
Trying gmin =   1.0000E-05 Note: One successful gmin step
Trying gmin =   1.0000E-06 Note: One successful gmin step
Trying gmin =   1.0000E-07 Note: One successful gmin step
Trying gmin =   1.0000E-08 Warning: Further gmin increment
Trying gmin =   5.6234E-08 Note: One successful gmin step
Trying gmin =   2.3714E-08 Note: One successful gmin step
Trying gmin =   6.4938E-09 Warning: Further gmin increment
Trying gmin =   1.7154E-08 Note: One successful gmin step
Trying gmin =   1.0554E-08 Warning: Further gmin increment
Trying gmin =   1.5193E-08 Note: One successful gmin step
Trying gmin =   1.2663E-08 Note: One successful gmin step
Trying gmin =   9.6358E-09 Note: One successful gmin step
Trying gmin =   6.3960E-09 Note: One successful gmin step
Trying gmin =   3.4589E-09 Note: One successful gmin step
Trying gmin =   1.3756E-09 Note: One successful gmin step
Trying gmin =   3.4499E-10 Note: One successful gmin step
Trying gmin =   4.3331E-11 Note: One successful gmin step
Trying gmin =   4.3331E-12 Note: One successful gmin step
Trying gmin =   1.0000E-12 Note: One successful gmin step
Note: True gmin stepping completed
 Reference value :  1.30000e+00Note: Starting true gmin stepping
Trying gmin =   1.0000E-03 Note: One successful gmin step
Trying gmin =   1.0000E-04 Note: One successful gmin step
Trying gmin =   1.0000E-05 Note: One successful gmin step
Trying gmin =   1.0000E-06 Note: One successful gmin step
Trying gmin =   1.0000E-07 Note: One successful gmin step
Trying gmin =   1.0000E-08 Warning: Further gmin increment
Trying gmin =   5.6234E-08 Note: One successful gmin step
Trying gmin =   2.3714E-08 Note: One successful gmin step
Trying gmin =   6.4938E-09 Warning: Further gmin increment
Trying gmin =   1.7154E-08 Note: One successful gmin step
Trying gmin =   1.0554E-08 Warning: Further gmin increment
Trying gmin =   1.5193E-08 Note: One successful gmin step
Trying gmin =   1.2663E-08 Note: One successful gmin step
Trying gmin =   9.6358E-09 Note: One successful gmin step
Trying gmin =   6.3960E-09 Warning: Further gmin increment
Trying gmin =   8.6975E-09 Note: One successful gmin step
Trying gmin =   7.4585E-09 Note: One successful gmin step
Trying gmin =   5.9229E-09 Note: One successful gmin step
Trying gmin =   4.1915E-09 Note: One successful gmin step
Trying gmin =   2.4952E-09 Note: One successful gmin step
Trying gmin =   1.1461E-09 Note: One successful gmin step
Trying gmin =   3.5679E-10 Note: One successful gmin step
Trying gmin =   6.1970E-11 Note: One successful gmin step
Trying gmin =   6.1970E-12 Note: One successful gmin step
Trying gmin =   1.0000E-12 Note: One successful gmin step
Note: True gmin stepping completed
 Reference value :  7.20000e-01
No compatibility mode selected!


Circuit: * ldo netlist 

Doing analysis at TEMP = 85.000000 and TNOM = 27.000000


No. of Data Rows : 81
temp_coeff = 6.354241e+01
Doing analysis at TEMP = 85.000000 and TNOM = 27.000000


No. of Data Rows : 151
vldo_sup_2          =  1.795252e+00
vldo_sup_3          =  1.797996e+00
line_reg = 2.744000e-03
Note: Starting true gmin stepping
Trying gmin =   1.0000E-03 Note: One successful gmin step
Trying gmin =   1.0000E-04 Note: One successful gmin step
Trying gmin =   1.0000E-05 Note: One successful gmin step
Trying gmin =   1.0000E-06 Note: One successful gmin step
Trying gmin =   1.0000E-07 Note: One successful gmin step
Trying gmin =   1.0000E-08 Warning: Further gmin increment
Trying gmin =   5.6234E-08 Note: One successful gmin step
Trying gmin =   2.3714E-08 Note: One successful gmin step
Trying gmin =   6.4938E-09 Warning: Further gmin increment
Trying gmin =   1.7154E-08 Note: One successful gmin step
Trying gmin =   1.0554E-08 Warning: Further gmin increment
Trying gmin =   1.5193E-08 Warning: Further gmin increment
Trying gmin =   1.6641E-08 Note: One successful gmin step
Trying gmin =   1.5901E-08 Note: One successful gmin step
Trying gmin =   1.4851E-08 Warning: Further gmin increment
Trying gmin =   1.5631E-08 Note: One successful gmin step
Trying gmin =   1.5236E-08 Warning: Further gmin increment
Trying gmin =   1.5532E-08 Note: One successful gmin step
Trying gmin =   1.5383E-08 Note: One successful gmin step
Trying gmin =   1.5163E-08 Warning: Further gmin increment
Trying gmin =   1.5328E-08 Note: One successful gmin step
Trying gmin =   1.5245E-08 Warning: Further gmin increment
Trying gmin =   1.5307E-08 Note: One successful gmin step
Trying gmin =   1.5276E-08 Note: One successful gmin step
Trying gmin =   1.5230E-08 Warning: Further gmin increment
Trying gmin =   1.5265E-08 Note: One successful gmin step
Trying gmin =   1.5247E-08 Note: One successful gmin step
Trying gmin =   1.5221E-08 Warning: Further gmin increment
Trying gmin =   1.5241E-08 Warning: Further gmin increment
Trying gmin =   1.5246E-08 Warning: Further gmin increment
Trying gmin =   1.5247E-08 Note: One successful gmin step
Trying gmin =   1.5246E-08 Warning: Last gmin step failed
Warning: True gmin stepping failed
Note: Starting dynamic gmin stepping
Trying gmin =   1.0000E-03 Note: One successful gmin step
Trying gmin =   1.0000E-04 Note: One successful gmin step
Trying gmin =   1.0000E-05 Note: One successful gmin step
Trying gmin =   1.0000E-06 Note: One successful gmin step
Trying gmin =   1.0000E-07 Warning: Further gmin increment
Trying gmin =   5.6234E-07 Note: One successful gmin step
Trying gmin =   2.3714E-07 Warning: Further gmin increment
Trying gmin =   4.5316E-07 Note: One successful gmin step
Trying gmin =   3.6517E-07 Note: One successful gmin step
Trying gmin =   2.6416E-07 Note: One successful gmin step
Trying gmin =   1.6253E-07 Warning: Further gmin increment
Trying gmin =   2.3396E-07 Warning: Further gmin increment
Trying gmin =   2.5627E-07 Note: One successful gmin step
Trying gmin =   2.4486E-07 Note: One successful gmin step
Trying gmin =   2.2869E-07 Warning: Further gmin increment
Trying gmin =   2.4071E-07 Warning: Further gmin increment
Trying gmin =   2.4382E-07 Note: One successful gmin step
Trying gmin =   2.4226E-07 Warning: Further gmin increment
Trying gmin =   2.4343E-07 Note: One successful gmin step
Trying gmin =   2.4284E-07 Warning: Further gmin increment
Trying gmin =   2.4328E-07 Note: One successful gmin step
Trying gmin =   2.4306E-07 Warning: Further gmin increment
Trying gmin =   2.4323E-07 Note: One successful gmin step
Trying gmin =   2.4314E-07 Warning: Further gmin increment
Trying gmin =   2.4320E-07 Note: One successful gmin step
Trying gmin =   2.4317E-07 Warning: Further gmin increment
Trying gmin =   2.4320E-07 Note: One successful gmin step
Trying gmin =   2.4319E-07 Warning: Last gmin step failed
Warning: Dynamic gmin stepping failed
Note: Starting source stepping
Supplies reduced to   0.0000% Note: One successful source step
Supplies reduced to   0.1000% Note: One successful source step
Supplies reduced to   0.2000% Note: One successful source step
Supplies reduced to   0.3500% Note: One successful source step
Supplies reduced to   0.5750% Note: One successful source step
Supplies reduced to   0.9125% Note: One successful source step
Supplies reduced to   1.4188% Note: One successful source step
Supplies reduced to   2.1781% Note: One successful source step
Supplies reduced to   3.3172% Note: One successful source step
Supplies reduced to   5.0258% Note: One successful source step
Supplies reduced to   7.5887% Note: One successful source step
Supplies reduced to  11.4330% Note: One successful source step
Supplies reduced to  17.1995% Note: One successful source step
Supplies reduced to  25.8493% Note: One successful source step
Supplies reduced to  38.8239% Supplies reduced to  25.8493% Note: One successful source step
Supplies reduced to  26.8493% Note: One successful source step
Supplies reduced to  28.3493% Note: One successful source step
Supplies reduced to  29.0993% Note: One successful source step
Supplies reduced to  29.8493% Note: One successful source step
Supplies reduced to  30.9743% Note: One successful source step
Supplies reduced to  31.5368% Note: One successful source step
Supplies reduced to  31.8180% Note: One successful source step
Supplies reduced to  32.2399% Note: One successful source step
Supplies reduced to  32.8727% Note: One successful source step
Supplies reduced to  33.8219% Note: One successful source step
Supplies reduced to  35.2458% Note: One successful source step
Supplies reduced to  37.3815% Note: One successful source step
Supplies reduced to  40.5851% Note: One successful source step
Supplies reduced to  45.3905% Note: One successful source step
Supplies reduced to  52.5987% Note: One successful source step
Supplies reduced to  63.4109% Note: One successful source step
Supplies reduced to  79.6291% Note: One successful source step
Supplies reduced to 100.0000% Supplies reduced to  79.6291% Note: One successful source step
Supplies reduced to  80.6291% Note: One successful source step
Supplies reduced to  82.1291% Note: One successful source step
Supplies reduced to  84.3791% Note: One successful source step
Supplies reduced to  87.7541% Supplies reduced to  84.3791% Note: One successful source step
Supplies reduced to  84.8854% Note: One successful source step
Supplies reduced to  85.6448% Note: One successful source step
Supplies reduced to  86.7838% Note: One successful source step
Supplies reduced to  88.4924% Note: One successful source step
Supplies reduced to  91.0553% Note: One successful source step
Supplies reduced to  92.3368% Note: One successful source step
Supplies reduced to  94.2589% Note: One successful source step
Supplies reduced to  97.1422% Note: One successful source step
Supplies reduced to 100.0000% Note: One successful source step
Note: Source stepping completed
 Reference value :  1.00000e+00Note: No ".plot", ".print", or ".fourier" lines; no simulations run
vin                 =  1.783001e+00
dropout = 1.900100e-02
Doing analysis at TEMP = 85.000000 and TNOM = 27.000000


No. of Data Rows : 91
psrr100             =  3.101861e-02
psrr100k            =  3.076286e-02
