 Reference value :  8.00000e+01Note: Starting true gmin stepping
Trying gmin =   1.0000E-03 Note: One successful gmin step
Trying gmin =   1.0000E-04 Note: One successful gmin step
Trying gmin =   1.0000E-05 Note: One successful gmin step
Trying gmin =   1.0000E-06 Note: One successful gmin step
Trying gmin =   1.0000E-07 Warning: Further gmin increment
Trying gmin =   5.6234E-07 Note: One successful gmin step
Trying gmin =   2.3714E-07 Note: One successful gmin step
Trying gmin =   6.4938E-08 Warning: Further gmin increment
Trying gmin =   1.7154E-07 Note: One successful gmin step
Trying gmin =   1.0554E-07 Warning: Further gmin increment
Trying gmin =   1.5193E-07 Note: One successful gmin step
Trying gmin =   1.2663E-07 Warning: Further gmin increment
Trying gmin =   1.4517E-07 Note: One successful gmin step
Trying gmin =   1.3558E-07 Warning: Further gmin increment
Trying gmin =   1.4271E-07 Warning: Further gmin increment
Trying gmin =   1.4455E-07 Note: One successful gmin step
Trying gmin =   1.4363E-07 Note: One successful gmin step
Trying gmin =   1.4225E-07 Warning: Further gmin increment
Trying gmin =   1.4328E-07 Warning: Further gmin increment
Trying gmin =   1.4354E-07 Warning: Further gmin increment
Trying gmin =   1.4360E-07 Warning: Further gmin increment
Trying gmin =   1.4362E-07 Note: One successful gmin step
Trying gmin =   1.4361E-07 Warning: Further gmin increment
Trying gmin =   1.4362E-07 Note: One successful gmin step
Trying gmin =   1.4361E-07 Note: One successful gmin step
Trying gmin =   1.4361E-07 Warning: Last gmin step failed
Warning: True gmin stepping failed
Note: Starting dynamic gmin stepping
Trying gmin =   1.0000E-03 Note: One successful gmin step
Trying gmin =   1.0000E-04 Note: One successful gmin step
Trying gmin =   1.0000E-05 Note: One successful gmin step
Trying gmin =   1.0000E-06 Note: One successful gmin step
Trying gmin =   1.0000E-07 Warning: Further gmin increment
Trying gmin =   5.6234E-07 Warning: Further gmin increment
Trying gmin =   8.6596E-07 Warning: Further gmin increment
Trying gmin =   9.6466E-07 Note: One successful gmin step
Trying gmin =   9.1398E-07 Warning: Further gmin increment
Trying gmin =   9.5173E-07 Note: One successful gmin step
Trying gmin =   9.3267E-07 Warning: Further gmin increment
Trying gmin =   9.4693E-07 Note: One successful gmin step
Trying gmin =   9.3977E-07 Note: One successful gmin step
Trying gmin =   9.2913E-07 Warning: Further gmin increment
Trying gmin =   9.3710E-07 Warning: Further gmin increment
Trying gmin =   9.3910E-07 Note: One successful gmin step
Trying gmin =   9.3810E-07 Warning: Further gmin increment
Trying gmin =   9.3885E-07 Note: One successful gmin step
Trying gmin =   9.3848E-07 Warning: Further gmin increment
Trying gmin =   9.3876E-07 Note: One successful gmin step
Trying gmin =   9.3862E-07 Warning: Further gmin increment
Trying gmin =   9.3872E-07 Warning: Last gmin step failed
Warning: Dynamic gmin stepping failed
Note: Starting source stepping
Supplies reduced to   0.0000% Note: One successful source step
Supplies reduced to   0.1000% Note: One successful source step
Supplies reduced to   0.2000% Note: One successful source step
Supplies reduced to   0.3500% Note: One successful source step
Supplies reduced to   0.5750% Note: One successful source step
Supplies reduced to   0.9125% Note: One successful source step
Supplies reduced to   1.4188% Note: One successful source step
Supplies reduced to   2.1781% Note: One successful source step
Supplies reduced to   3.3172% Note: One successful source step
Supplies reduced to   5.0258% Note: One successful source step
Supplies reduced to   7.5887% Note: One successful source step
Supplies reduced to  11.4330% Note: One successful source step
Supplies reduced to  17.1995% Note: One successful source step
Supplies reduced to  25.8493% Note: One successful source step
Supplies reduced to  38.8239% Supplies reduced to  25.8493% Note: One successful source step
Supplies reduced to  26.8493% Note: One successful source step
Supplies reduced to  28.3493% Note: One successful source step
Supplies reduced to  30.5993% Note: One successful source step
Supplies reduced to  33.9743% Note: One successful source step
Supplies reduced to  37.3493% Note: One successful source step
Supplies reduced to  42.4118% Note: One successful source step
Supplies reduced to  50.0055% Note: One successful source step
Supplies reduced to  57.5993% Note: One successful source step
Supplies reduced to  68.9899% Supplies reduced to  57.5993% Note: One successful source step
Supplies reduced to  58.5993% Note: One successful source step
Supplies reduced to  60.0993% Note: One successful source step
Supplies reduced to  62.3493% Note: One successful source step
Supplies reduced to  65.7243% Note: One successful source step
Supplies reduced to  70.7868% Supplies reduced to  65.7243% Note: One successful source step
Supplies reduced to  66.4836% Supplies reduced to  65.7243% Note: One successful source step
Supplies reduced to  65.8382% Note: One successful source step
Supplies reduced to  66.0090% Note: One successful source step
Supplies reduced to  66.2653% Note: One successful source step
Supplies reduced to  66.6498% Supplies reduced to  66.2653% Note: One successful source step
Supplies reduced to  66.3230% Note: One successful source step
Supplies reduced to  66.4095% Supplies reduced to  66.3230% Note: One successful source step
Supplies reduced to  66.3360% Note: One successful source step
Supplies reduced to  66.3554% Note: One successful source step
Supplies reduced to  66.3846% Supplies reduced to  66.3554% Note: One successful source step
Supplies reduced to  66.3598% Note: One successful source step
Supplies reduced to  66.3664% Note: One successful source step
Supplies reduced to  66.3762% Supplies reduced to  66.3664% Note: One successful source step
Supplies reduced to  66.3678% Note: One successful source step
Supplies reduced to  66.3701% Note: One successful source step
Supplies reduced to  66.3734% Supplies reduced to  66.3701% Note: One successful source step
Supplies reduced to  66.3706% Note: One successful source step
Supplies reduced to  66.3713% Supplies reduced to  66.3706% Note: One successful source step
Supplies reduced to  66.3707% Note: One successful source step
Supplies reduced to  66.3708% Note: One successful source step
Supplies reduced to  66.3711% Supplies reduced to  66.3708% Note: One successful source step
Supplies reduced to  66.3709% Note: One successful source step
Supplies reduced to  66.3709% Warning: source stepping failed
doAnalyses: Too many iterations without convergence

dc simulation(s) aborted
Error(parse.c--checkvalid): vldo_sup_3: zero length vector.
Error: RHS "vldo_sup_3-vldo_sup_2" invalid
Error(parse.c--checkvalid): line_reg: zero length vector.
Error(parse.c--checkvalid): vin: zero length vector.
Error: RHS "vin-1.764" invalid
Error(parse.c--checkvalid): dropout: zero length vector.
Error: no such vector dropout
Note: Starting true gmin stepping
Trying gmin =   1.0000E-03 Note: One successful gmin step
Trying gmin =   1.0000E-04 Note: One successful gmin step
Trying gmin =   1.0000E-05 Note: One successful gmin step
Trying gmin =   1.0000E-06 Note: One successful gmin step
Trying gmin =   1.0000E-07 Warning: Further gmin increment
Trying gmin =   5.6234E-07 Note: One successful gmin step
Trying gmin =   2.3714E-07 Note: One successful gmin step
Trying gmin =   6.4938E-08 Warning: Further gmin increment
Trying gmin =   1.7154E-07 Note: One successful gmin step
Trying gmin =   1.0554E-07 Warning: Further gmin increment
Trying gmin =   1.5193E-07 Note: One successful gmin step
Trying gmin =   1.2663E-07 Warning: Further gmin increment
Trying gmin =   1.4517E-07 Note: One successful gmin step
Trying gmin =   1.3558E-07 Warning: Further gmin increment
Trying gmin =   1.4271E-07 Warning: Further gmin increment
Trying gmin =   1.4455E-07 Note: One successful gmin step
Trying gmin =   1.4363E-07 Note: One successful gmin step
Trying gmin =   1.4225E-07 Warning: Further gmin increment
Trying gmin =   1.4328E-07 Warning: Further gmin increment
Trying gmin =   1.4354E-07 Warning: Further gmin increment
Trying gmin =   1.4360E-07 Warning: Further gmin increment
Trying gmin =   1.4362E-07 Note: One successful gmin step
Trying gmin =   1.4361E-07 Warning: Further gmin increment
Trying gmin =   1.4362E-07 Note: One successful gmin step
Trying gmin =   1.4361E-07 Note: One successful gmin step
Trying gmin =   1.4361E-07 Warning: Last gmin step failed
Note: True gmin stepping completed
 Reference value :  1.00000e+00Note: No ".plot", ".print", or ".fourier" lines; no simulations run

No compatibility mode selected!


Circuit: * ldo netlist 

Doing analysis at TEMP = 0.000000 and TNOM = 27.000000


No. of Data Rows : 81
temp_coeff = 4.815179e+01
Doing analysis at TEMP = 0.000000 and TNOM = 27.000000


Error: measure  vldo_sup_2  (AT) : out of interval
 meas dc vldo_sup_2 find ldo_out at=2 failed!


Error: measure  vldo_sup_3  (AT) : out of interval
 meas dc vldo_sup_3 find ldo_out at=3 failed!


Error: measure  vin  (WHEN) : out of interval
 meas dc vin when v(ldo_out)=1.764 failed!

Doing analysis at TEMP = 0.000000 and TNOM = 27.000000


No. of Data Rows : 91
psrr100             =  5.751417e-04
psrr100k            =  5.489533e-04
