Note: Starting true gmin stepping
Trying gmin =   1.0000E-03 Note: One successful gmin step
Trying gmin =   1.0000E-04 Note: One successful gmin step
Trying gmin =   1.0000E-05 Note: One successful gmin step
Trying gmin =   1.0000E-06 Note: One successful gmin step
Trying gmin =   1.0000E-07 Note: One successful gmin step
Trying gmin =   3.1623E-08 Warning: Further gmin increment
Trying gmin =   7.4989E-08 Note: One successful gmin step
Trying gmin =   4.8697E-08 Note: One successful gmin step
Trying gmin =   2.5483E-08 Warning: Further gmin increment
Trying gmin =   4.1418E-08 Note: One successful gmin step
Trying gmin =   3.5227E-08 Note: One successful gmin step
Trying gmin =   2.9961E-08 Note: One successful gmin step
Trying gmin =   2.3501E-08 Note: One successful gmin step
Trying gmin =   1.6326E-08 Note: One successful gmin step
Trying gmin =   9.4534E-09 Warning: Further gmin increment
Trying gmin =   1.4242E-08 Note: One successful gmin step
Trying gmin =   1.1603E-08 Note: One successful gmin step
Trying gmin =   8.5328E-09 Warning: Further gmin increment
Trying gmin =   1.0745E-08 Warning: Further gmin increment
Trying gmin =   1.1382E-08 Note: One successful gmin step
Trying gmin =   1.1059E-08 Note: One successful gmin step
Trying gmin =   1.0591E-08 Warning: Further gmin increment
Trying gmin =   1.0940E-08 Note: One successful gmin step
Trying gmin =   1.0764E-08 Warning: Further gmin increment
Trying gmin =   1.0896E-08 Warning: Further gmin increment
Trying gmin =   1.0929E-08 Note: One successful gmin step
Trying gmin =   1.0913E-08 Warning: Further gmin increment
Trying gmin =   1.0925E-08 Warning: Further gmin increment
Trying gmin =   1.0928E-08 Note: One successful gmin step
Trying gmin =   1.0927E-08 Warning: Further gmin increment
Trying gmin =   1.0928E-08 Note: One successful gmin step
Trying gmin =   1.0927E-08 Note: One successful gmin step
Trying gmin =   1.0926E-08 Warning: Further gmin increment
Trying gmin =   1.0927E-08 Note: One successful gmin step
Trying gmin =   1.0927E-08 Warning: Last gmin step failed
Warning: True gmin stepping failed
Note: Starting dynamic gmin stepping
Trying gmin =   1.0000E-03 Note: One successful gmin step
Trying gmin =   1.0000E-04 Note: One successful gmin step
Trying gmin =   1.0000E-05 Note: One successful gmin step
Trying gmin =   1.0000E-06 Note: One successful gmin step
Trying gmin =   3.1623E-07 Warning: Further gmin increment
Trying gmin =   7.4989E-07 Note: One successful gmin step
Trying gmin =   4.8697E-07 Warning: Further gmin increment
Trying gmin =   6.7317E-07 Note: One successful gmin step
Trying gmin =   5.7255E-07 Note: One successful gmin step
Trying gmin =   4.4910E-07 Warning: Further gmin increment
Trying gmin =   5.3882E-07 Note: One successful gmin step
Trying gmin =   4.9192E-07 Warning: Further gmin increment
Trying gmin =   5.2669E-07 Note: One successful gmin step
Trying gmin =   5.0901E-07 Note: One successful gmin step
Trying gmin =   4.8359E-07 Warning: Further gmin increment
Trying gmin =   5.0253E-07 Note: One successful gmin step
Trying gmin =   4.9297E-07 Note: One successful gmin step
Trying gmin =   4.8826E-07 Note: One successful gmin step
Trying gmin =   4.8127E-07 Note: One successful gmin step
Trying gmin =   4.7099E-07 Note: One successful gmin step
Trying gmin =   4.5596E-07 Note: One successful gmin step
Trying gmin =   4.3432E-07 Note: One successful gmin step
Trying gmin =   4.0377E-07 Note: One successful gmin step
Trying gmin =   3.6193E-07 Note: One successful gmin step
Trying gmin =   3.2442E-07 Note: One successful gmin step
Trying gmin =   2.7532E-07 Note: One successful gmin step
Trying gmin =   2.1524E-07 Note: One successful gmin step
Trying gmin =   1.4879E-07 Note: One successful gmin step
Trying gmin =   8.5511E-08 Note: One successful gmin step
Trying gmin =   3.7257E-08 Note: One successful gmin step
Trying gmin =   1.0715E-08 Note: One successful gmin step
Trying gmin =   1.6526E-09 Note: One successful gmin step
Trying gmin =   1.6526E-10 Note: One successful gmin step
Trying gmin =   1.6526E-11 Note: One successful gmin step
Trying gmin =   1.6526E-12 Note: One successful gmin step
Trying gmin =   1.0000E-12 Note: One successful gmin step
Note: Dynamic gmin stepping completed
 Reference value :  0.00000e+00
No compatibility mode selected!


Circuit: * ldo netlist 

Doing analysis at TEMP = 0.000000 and TNOM = 27.000000


No. of Data Rows : 1
bg_out = 1.194238e+00
inn = 1.263452e+00
inp = 1.263428e+00
l1#branch = 5.551115e-17
ldo_out = 1.796999e+00
m.xm1.msky130_fd_pr__nfet_g5v0d10v5#body = 1.673234e-11
m.xm1.msky130_fd_pr__nfet_g5v0d10v5#dbody = 3.449517e-11
m.xm1.msky130_fd_pr__nfet_g5v0d10v5#sbody = 1.570184e-11
m.xm2.msky130_fd_pr__pfet_g5v0d10v5#body = 2.300000e+00
m.xm2.msky130_fd_pr__pfet_g5v0d10v5#dbody = 2.300000e+00
m.xm2.msky130_fd_pr__pfet_g5v0d10v5#sbody = 2.300000e+00
m.xm3.msky130_fd_pr__pfet_g5v0d10v5#body = 2.300000e+00
m.xm3.msky130_fd_pr__pfet_g5v0d10v5#dbody = 2.300000e+00
m.xm3.msky130_fd_pr__pfet_g5v0d10v5#sbody = 2.300000e+00
m.xm4.msky130_fd_pr__pfet_g5v0d10v5#body = 2.300000e+00
m.xm4.msky130_fd_pr__pfet_g5v0d10v5#dbody = 2.300000e+00
m.xm4.msky130_fd_pr__pfet_g5v0d10v5#sbody = 2.300000e+00
m.xm5.msky130_fd_pr__pfet_g5v0d10v5#body = 2.300000e+00
m.xm5.msky130_fd_pr__pfet_g5v0d10v5#dbody = 2.300000e+00
m.xm5.msky130_fd_pr__pfet_g5v0d10v5#sbody = 2.300000e+00
m.xm6.msky130_fd_pr__nfet_g5v0d10v5#body = 1.205077e-11
m.xm6.msky130_fd_pr__nfet_g5v0d10v5#dbody = 3.012691e-11
m.xm6.msky130_fd_pr__nfet_g5v0d10v5#sbody = 6.025389e-12
m.xm7.msky130_fd_pr__pfet_g5v0d10v5#body = 2.300000e+00
m.xm7.msky130_fd_pr__pfet_g5v0d10v5#dbody = 2.300000e+00
m.xm7.msky130_fd_pr__pfet_g5v0d10v5#sbody = 2.300000e+00
m.xm8.msky130_fd_pr__pfet_g5v0d10v5#body = 2.300000e+00
m.xm8.msky130_fd_pr__pfet_g5v0d10v5#dbody = 2.300000e+00
m.xm8.msky130_fd_pr__pfet_g5v0d10v5#sbody = 2.300000e+00
m.xm9.msky130_fd_pr__nfet_g5v0d10v5#body = 1.701827e-11
m.xm9.msky130_fd_pr__nfet_g5v0d10v5#dbody = 3.679086e-11
m.xm9.msky130_fd_pr__nfet_g5v0d10v5#sbody = 1.426393e-11
m.xm10.msky130_fd_pr__nfet_g5v0d10v5#body = 1.679589e-11
m.xm10.msky130_fd_pr__nfet_g5v0d10v5#dbody = 3.623492e-11
m.xm10.msky130_fd_pr__nfet_g5v0d10v5#sbody = 1.415274e-11
m.xm11.msky130_fd_pr__pfet_g5v0d10v5#body = 2.300000e+00
m.xm11.msky130_fd_pr__pfet_g5v0d10v5#dbody = 2.300000e+00
m.xm11.msky130_fd_pr__pfet_g5v0d10v5#sbody = 2.300000e+00
m.xm12.msky130_fd_pr__pfet_g5v0d10v5#body = 2.300000e+00
m.xm12.msky130_fd_pr__pfet_g5v0d10v5#dbody = 2.300000e+00
m.xm12.msky130_fd_pr__pfet_g5v0d10v5#sbody = 2.300000e+00
m.xm13.msky130_fd_pr__nfet_g5v0d10v5#body = 2.877380e-12
m.xm13.msky130_fd_pr__nfet_g5v0d10v5#dbody = 7.193440e-12
m.xm13.msky130_fd_pr__nfet_g5v0d10v5#sbody = 1.438701e-12
m.xm14.msky130_fd_pr__pfet_g5v0d10v5#body = 2.300000e+00
m.xm14.msky130_fd_pr__pfet_g5v0d10v5#dbody = 2.300000e+00
m.xm14.msky130_fd_pr__pfet_g5v0d10v5#sbody = 2.300000e+00
m.xm15.msky130_fd_pr__nfet_g5v0d10v5#body = 1.063489e-16
m.xm15.msky130_fd_pr__nfet_g5v0d10v5#dbody = 2.658647e-16
m.xm15.msky130_fd_pr__nfet_g5v0d10v5#sbody = 5.318186e-17
m.xm16.msky130_fd_pr__nfet_g5v0d10v5#body = 4.454327e-11
m.xm16.msky130_fd_pr__nfet_g5v0d10v5#dbody = 7.977176e-11
m.xm16.msky130_fd_pr__nfet_g5v0d10v5#sbody = 5.385807e-11
m.xm17.msky130_fd_pr__pfet_g5v0d10v5#body = 2.300000e+00
m.xm17.msky130_fd_pr__pfet_g5v0d10v5#dbody = 2.300000e+00
m.xm17.msky130_fd_pr__pfet_g5v0d10v5#sbody = 2.300000e+00
m.xm18.msky130_fd_pr__nfet_g5v0d10v5#body = 1.809643e-11
m.xm18.msky130_fd_pr__nfet_g5v0d10v5#dbody = 4.523295e-11
m.xm18.msky130_fd_pr__nfet_g5v0d10v5#sbody = 9.048228e-12
m.xm19.msky130_fd_pr__nfet_g5v0d10v5#body = 1.677052e-11
m.xm19.msky130_fd_pr__nfet_g5v0d10v5#dbody = 3.459062e-11
m.xm19.msky130_fd_pr__nfet_g5v0d10v5#sbody = 1.572093e-11
m.xm20.msky130_fd_pr__nfet_g5v0d10v5#body = 1.233355e-11
m.xm20.msky130_fd_pr__nfet_g5v0d10v5#dbody = 3.083387e-11
m.xm20.msky130_fd_pr__nfet_g5v0d10v5#sbody = 6.166789e-12
m.xm22.msky130_fd_pr__nfet_g5v0d10v5#body = 3.667871e-12
m.xm22.msky130_fd_pr__nfet_g5v0d10v5#dbody = 9.169673e-12
m.xm22.msky130_fd_pr__nfet_g5v0d10v5#sbody = 1.833940e-12
m.xm24.msky130_fd_pr__pfet_g5v0d10v5#body = 2.300000e+00
m.xm24.msky130_fd_pr__pfet_g5v0d10v5#dbody = 2.300000e+00
m.xm24.msky130_fd_pr__pfet_g5v0d10v5#sbody = 2.300000e+00
m.xm26.msky130_fd_pr__pfet_g5v0d10v5#body = 2.300000e+00
m.xm26.msky130Note: Starting true gmin stepping
Trying gmin =   1.0000E-03 Note: One successful gmin step
Trying gmin =   1.0000E-04 Note: One successful gmin step
Trying gmin =   1.0000E-05 Note: One successful gmin step
Trying gmin =   1.0000E-06 Note: One successful gmin step
Trying gmin =   1.0000E-07 Note: One successful gmin step
Trying gmin =   3.1623E-08 Warning: Further gmin increment
Trying gmin =   7.4989E-08 Note: One successful gmin step
Trying gmin =   4.8697E-08 Note: One successful gmin step
Trying gmin =   2.5483E-08 Warning: Further gmin increment
Trying gmin =   4.1418E-08 Note: One successful gmin step
Trying gmin =   3.5227E-08 Note: One successful gmin step
Trying gmin =   2.9961E-08 Note: One successful gmin step
Trying gmin =   2.3501E-08 Note: One successful gmin step
Trying gmin =   1.6326E-08 Note: One successful gmin step
Trying gmin =   9.4534E-09 Warning: Further gmin increment
Trying gmin =   1.4242E-08 Note: One successful gmin step
Trying gmin =   1.1603E-08 Note: One successful gmin step
Trying gmin =   8.5328E-09 Warning: Further gmin increment
Trying gmin =   1.0745E-08 Warning: Further gmin increment
Trying gmin =   1.1382E-08 Note: One successful gmin step
Trying gmin =   1.1059E-08 Note: One successful gmin step
Trying gmin =   1.0591E-08 Warning: Further gmin increment
Trying gmin =   1.0940E-08 Note: One successful gmin step
Trying gmin =   1.0764E-08 Warning: Further gmin increment
Trying gmin =   1.0896E-08 Warning: Further gmin increment
Trying gmin =   1.0929E-08 Note: One successful gmin step
Trying gmin =   1.0913E-08 Warning: Further gmin increment
Trying gmin =   1.0925E-08 Warning: Further gmin increment
Trying gmin =   1.0928E-08 Note: One successful gmin step
Trying gmin =   1.0927E-08 Warning: Further gmin increment
Trying gmin =   1.0928E-08 Note: One successful gmin step
Trying gmin =   1.0927E-08 Note: One successful gmin step
Trying gmin =   1.0926E-08 Warning: Further gmin increment
Trying gmin =   1.0927E-08 Note: One successful gmin step
Trying gmin =   1.0927E-08 Warning: Last gmin step failed
Warning: True gmin stepping failed
Note: Starting dynamic gmin stepping
Trying gmin =   1.0000E-03 Note: One successful gmin step
Trying gmin =   1.0000E-04 Note: One successful gmin step
Trying gmin =   1.0000E-05 Note: One successful gmin step
Trying gmin =   1.0000E-06 Note: One successful gmin step
Trying gmin =   3.1623E-07 Warning: Further gmin increment
Trying gmin =   7.4989E-07 Note: One successful gmin step
Trying gmin =   4.8697E-07 Warning: Further gmin increment
Trying gmin =   6.7317E-07 Note: One successful gmin step
Trying gmin =   5.7255E-07 Note: One successful gmin step
Trying gmin =   4.4910E-07 Warning: Further gmin increment
Trying gmin =   5.3882E-07 Note: One successful gmin step
Trying gmin =   4.9192E-07 Warning: Further gmin increment
Trying gmin =   5.2669E-07 Note: One successful gmin step
Trying gmin =   5.0901E-07 Note: One successful gmin step
Trying gmin =   4.8359E-07 Warning: Further gmin increment
Trying gmin =   5.0253E-07 Note: One successful gmin step
Trying gmin =   4.9297E-07 Note: One successful gmin step
Trying gmin =   4.8826E-07 Note: One successful gmin step
Trying gmin =   4.8127E-07 Note: One successful gmin step
Trying gmin =   4.7099E-07 Note: One successful gmin step
Trying gmin =   4.5596E-07 Note: One successful gmin step
Trying gmin =   4.3432E-07 Note: One successful gmin step
Trying gmin =   4.0377E-07 Note: One successful gmin step
Trying gmin =   3.6193E-07 Note: One successful gmin step
Trying gmin =   3.2442E-07 Note: One successful gmin step
Trying gmin =   2.7532E-07 Note: One successful gmin step
Trying gmin =   2.1524E-07 Note: One successful gmin step
Trying gmin =   1.4879E-07 Note: One successful gmin step
Trying gmin =   8.5511E-08 Note: One successful gmin step
Trying gmin =   3.7257E-08 Note: One successful gmin step
Trying gmin =   1.0715E-08 Note: One successful gmin step
Trying gmin =   1.6526E-09 Note: One successful gmin step
Trying gmin =   1.6526E-10 Note: One successful gmin step
Trying gmin =   1.6526E-11 Note: One successful gmin step
Trying gmin =   1.6526E-12 Note: One successful gmin step
Trying gmin =   1.0000E-12 Note: One successful gmin step
Note: Dynamic gmin stepping completed
 Reference value :  1.00000e+00_fd_pr__pfet_g5v0d10v5#dbody = 2.300000e+00
m.xm26.msky130_fd_pr__pfet_g5v0d10v5#sbody = 2.300000e+00
mir = 1.045156e+00
net1 = 7.710638e-01
net2 = 8.502860e-06
net3 = 8.248222e-01
net4 = 2.934220e-01
net5 = 1.048210e+00
net6 = 9.640537e-01
net7 = 8.247971e-01
net8 = 1.113476e+00
net9 = 1.131266e+00
net10 = 2.301886e-01
net11 = 1.447388e+00
net12 = 1.447388e+00
net13 = 0.000000e+00
out = 1.447388e+00
pos = 1.194404e+00
q.xq2.qsky130_fd_pr__pnp_05v5_w0p68l0p68#collcx = 1.934308e-03
q.xq3.qsky130_fd_pr__pnp_05v5_w0p68l0p68#collcx = 2.435379e-04
q.xq4.qsky130_fd_pr__pnp_05v5_w0p68l0p68#collcx = 2.435379e-04
q.xq8.qsky130_fd_pr__pnp_05v5_w0p68l0p68#collcx = 2.435379e-04
q.xq10.qsky130_fd_pr__pnp_05v5_w0p68l0p68#collcx = 2.435379e-04
q.xq12.qsky130_fd_pr__pnp_05v5_w0p68l0p68#collcx = 2.435379e-04
q.xq14.qsky130_fd_pr__pnp_05v5_w0p68l0p68#collcx = 2.435379e-04
q.xq16.qsky130_fd_pr__pnp_05v5_w0p68l0p68#collcx = 2.435379e-04
q.xq18.qsky130_fd_pr__pnp_05v5_w0p68l0p68#collcx = 2.435379e-04
vb = 9.866823e-01
vdd = 2.300000e+00
vs#branch = -1.76327e-04
vt#branch = 0.000000e+00
xc1.a = 0.000000e+00
xc1.b1 = 0.000000e+00
xc3.a = 1.447388e+00
xc3.b1 = 1.447388e+00
xr1.xsky130_fd_pr__res_xhigh_po_0p69.ra = 8.275756e-01
xr2.xsky130_fd_pr__res_xhigh_po_0p69.ra = 8.276007e-01
xr3.xsky130_fd_pr__res_xhigh_po_0p69.ra = 1.984349e-03
xr4.xsky130_fd_pr__res_xhigh_po_0p69.ra = 7.719047e-01
xr5.xsky130_fd_pr__res_xhigh_po_0p69.ra = 1.984284e-03
xr6.xsky130_fd_pr__res_xhigh_po_0p69.ra = 2.959477e-03
xr7.xsky130_fd_pr__res_xhigh_po_0p69.ra = 1.447388e+00
xr8.xsky130_fd_pr__res_xhigh_po_0p69.ra = 1.199324e+00
xr9.xsky130_fd_pr__res_xhigh_po_0p69.ra = 5.159179e-03
Doing analysis at TEMP = 0.000000 and TNOM = 27.000000


No. of Data Rows : 91
Note: Starting true gmin stepping
Trying gmin =   1.0000E-03 Note: One successful gmin step
Trying gmin =   1.0000E-04 Note: One successful gmin step
Trying gmin =   1.0000E-05 Note: One successful gmin step
Trying gmin =   1.0000E-06 Note: One successful gmin step
Trying gmin =   1.0000E-07 Note: One successful gmin step
Trying gmin =   3.1623E-08 Warning: Further gmin increment
Trying gmin =   7.4989E-08 Note: One successful gmin step
Trying gmin =   4.8697E-08 Note: One successful gmin step
Trying gmin =   2.5483E-08 Warning: Further gmin increment
Trying gmin =   4.1418E-08 Note: One successful gmin step
Trying gmin =   3.5227E-08 Note: One successful gmin step
Trying gmin =   2.9961E-08 Note: One successful gmin step
Trying gmin =   2.3501E-08 Note: One successful gmin step
Trying gmin =   1.6326E-08 Note: One successful gmin step
Trying gmin =   9.4534E-09 Warning: Further gmin increment
Trying gmin =   1.4242E-08 Note: One successful gmin step
Trying gmin =   1.1603E-08 Note: One successful gmin step
Trying gmin =   8.5328E-09 Warning: Further gmin increment
Trying gmin =   1.0745E-08 Warning: Further gmin increment
Trying gmin =   1.1382E-08 Note: One successful gmin step
Trying gmin =   1.1059E-08 Note: One successful gmin step
Trying gmin =   1.0591E-08 Warning: Further gmin increment
Trying gmin =   1.0940E-08 Note: One successful gmin step
Trying gmin =   1.0764E-08 Warning: Further gmin increment
Trying gmin =   1.0896E-08 Warning: Further gmin increment
Trying gmin =   1.0929E-08 Note: One successful gmin step
Trying gmin =   1.0913E-08 Warning: Further gmin increment
Trying gmin =   1.0925E-08 Warning: Further gmin increment
Trying gmin =   1.0928E-08 Note: One successful gmin step
Trying gmin =   1.0927E-08 Warning: Further gmin increment
Trying gmin =   1.0928E-08 Note: One successful gmin step
Trying gmin =   1.0927E-08 Note: One successful gmin step
Trying gmin =   1.0926E-08 Warning: Further gmin increment
Trying gmin =   1.0927E-08 Note: One successful gmin step
Trying gmin =   1.0927E-08 Warning: Last gmin step failed
Warning: True gmin stepping failed
Note: Starting dynamic gmin stepping
Trying gmin =   1.0000E-03 Note: One successful gmin step
Trying gmin =   1.0000E-04 Note: One successful gmin step
Trying gmin =   1.0000E-05 Note: One successful gmin step
Trying gmin =   1.0000E-06 Note: One successful gmin step
Trying gmin =   3.1623E-07 Warning: Further gmin increment
Trying gmin =   7.4989E-07 Note: One successful gmin step
Trying gmin =   4.8697E-07 Warning: Further gmin increment
Trying gmin =   6.7317E-07 Note: One successful gmin step
Trying gmin =   5.7255E-07 Note: One successful gmin step
Trying gmin =   4.4910E-07 Warning: Further gmin increment
Trying gmin =   5.3882E-07 Note: One successful gmin step
Trying gmin =   4.9192E-07 Warning: Further gmin increment
Trying gmin =   5.2669E-07 Note: One successful gmin step
Trying gmin =   5.0901E-07 Note: One successful gmin step
Trying gmin =   4.8359E-07 Warning: Further gmin increment
Trying gmin =   5.0253E-07 Note: One successful gmin step
Trying gmin =   4.9297E-07 Note: One successful gmin step
Trying gmin =   4.8826E-07 Note: One successful gmin step
Trying gmin =   4.8127E-07 Note: One successful gmin step
Trying gmin =   4.7099E-07 Note: One successful gmin step
Trying gmin =   4.5596E-07 Note: One successful gmin step
Trying gmin =   4.3432E-07 Note: One successful gmin step
Trying gmin =   4.0377E-07 Note: One successful gmin step
Trying gmin =   3.6193E-07 Note: One successful gmin step
Trying gmin =   3.2442E-07 Note: One successful gmin step
Trying gmin =   2.7532E-07 Note: One successful gmin step
Trying gmin =   2.1524E-07 Note: One successful gmin step
Trying gmin =   1.4879E-07 Note: One successful gmin step
Trying gmin =   8.5511E-08 Note: One successful gmin step
Trying gmin =   3.7257E-08 Note: One successful gmin step
Trying gmin =   1.0715E-08 Note: One successful gmin step
Trying gmin =   1.6526E-09 Note: One successful gmin step
Trying gmin =   1.6526E-10 Note: One successful gmin step
Trying gmin =   1.6526E-11 Note: One successful gmin step
Trying gmin =   1.6526E-12 Note: One successful gmin step
Trying gmin =   1.0000E-12 Note: One successful gmin step
Note: Dynamic gmin stepping completed
 Reference value :  1.00000e+00Note: Starting true gmin stepping
Trying gmin =   1.0000E-03 Note: One successful gmin step
Trying gmin =   1.0000E-04 Note: One successful gmin step
Trying gmin =   1.0000E-05 Note: One successful gmin step
Trying gmin =   1.0000E-06 Note: One successful gmin step
Trying gmin =   1.0000E-07 Note: One successful gmin step
Trying gmin =   1.0000E-08 Warning: Further gmin increment
Trying gmin =   5.6234E-08 Note: One successful gmin step
Trying gmin =   2.3714E-08 Warning: Further gmin increment
Trying gmin =   4.5316E-08 Warning: Further gmin increment
Trying gmin =   5.3280E-08 Warning: Further gmin increment
Trying gmin =   5.5481E-08 Note: One successful gmin step
Trying gmin =   5.4369E-08 Note: One successful gmin step
Trying gmin =   5.2743E-08 Warning: Further gmin increment
Trying gmin =   5.3958E-08 Note: One successful gmin step
Trying gmin =   5.3347E-08 Note: One successful gmin step
Trying gmin =   5.3044E-08 Note: One successful gmin step
Trying gmin =   5.2593E-08 Note: One successful gmin step
Trying gmin =   5.1924E-08 Note: One successful gmin step
Trying gmin =   5.0936E-08 Note: One successful gmin step
Trying gmin =   4.9490E-08 Note: One successful gmin step
Trying gmin =   4.7396E-08 Note: One successful gmin step
Trying gmin =   4.4421E-08 Warning: Further gmin increment
Trying gmin =   4.6634E-08 Note: One successful gmin step
Trying gmin =   4.5514E-08 Note: One successful gmin step
Trying gmin =   4.3884E-08 Warning: Further gmin increment
Trying gmin =   4.5101E-08 Note: One successful gmin step
Trying gmin =   4.4488E-08 Warning: Further gmin increment
Trying gmin =   4.4947E-08 Warning: Further gmin increment
Trying gmin =   4.5062E-08 Note: One successful gmin step
Trying gmin =   4.5005E-08 Warning: Further gmin increment
Trying gmin =   4.5048E-08 Note: One successful gmin step
Trying gmin =   4.5026E-08 Note: One successful gmin step
Trying gmin =   4.4994E-08 Warning: Further gmin increment
Trying gmin =   4.5018E-08 Warning: Further gmin increment
Trying gmin =   4.5024E-08 Note: One successful gmin step
Trying gmin =   4.5021E-08 Note: One successful gmin step
Trying gmin =   4.5017E-08 Warning: Further gmin increment
Trying gmin =   4.5020E-08 Note: One successful gmin step
Trying gmin =   4.5018E-08 Note: One successful gmin step
Trying gmin =   4.5016E-08 Warning: Further gmin increment
Trying gmin =   4.5018E-08 Warning: Last gmin step failed
Warning: True gmin stepping failed
Note: Starting dynamic gmin stepping
Trying gmin =   1.0000E-03 Note: One successful gmin step
Trying gmin =   1.0000E-04 Note: One successful gmin step
Trying gmin =   1.0000E-05 Warning: Further gmin increment
Trying gmin =   5.6234E-05 Note: One successful gmin step
Trying gmin =   2.3714E-05 Note: One successful gmin step
Trying gmin =   6.4938E-06 Warning: Further gmin increment
Trying gmin =   1.7154E-05 Note: One successful gmin step
Trying gmin =   1.0554E-05 Warning: Further gmin increment
Trying gmin =   1.5193E-05 Note: One successful gmin step
Trying gmin =   1.2663E-05 Warning: Further gmin increment
Trying gmin =   1.4517E-05 Note: One successful gmin step
Trying gmin =   1.3558E-05 Note: One successful gmin step
Trying gmin =   1.2238E-05 Warning: Further gmin increment
Trying gmin =   1.3215E-05 Note: One successful gmin step
Trying gmin =   1.2717E-05 Note: One successful gmin step
Trying gmin =   1.2005E-05 Note: One successful gmin step
Trying gmin =   1.1011E-05 Note: One successful gmin step
Trying gmin =   9.6718E-06 Note: One successful gmin step
Trying gmin =   7.9623E-06 Note: One successful gmin step
Trying gmin =   5.9475E-06 Note: One successful gmin step
Trying gmin =   3.8395E-06 Warning: Further gmin increment
Trying gmin =   5.3311E-06 Note: One successful gmin step
Trying gmin =   4.5243E-06 Note: One successful gmin step
Trying gmin =   3.5370E-06 Note: One successful gmin step
Trying gmin =   2.4450E-06 Note: One successful gmin step
Trying gmin =   1.4052E-06 Note: One successful gmin step
Trying gmin =   6.1224E-07 Note: One successful gmin step
Trying gmin =   1.7608E-07 Warning: Further gmin increment
Trying gmin =   4.4835E-07 Note: One successful gmin step
Trying gmin =   2.8097E-07 Note: One successful gmin step
Trying gmin =   1.3939E-07 Warning: Further gmin increment
Trying gmin =   2.3580E-07 Warning: Further gmin increment
Trying gmin =   2.6893E-07 Note: One successful gmin step
Trying gmin =   2.5182E-07 Note: One successful gmin step
Trying gmin =   2.2818E-07 Warning: Further gmin increment
Trying gmin =   2.4569E-07 Warning: Further gmin increment
Trying gmin =   2.5027E-07 Note: One successful gmin step
Trying gmin =   2.4797E-07 Note: One successful gmin step
Trying gmin =   2.4456E-07 Warning: Further gmin increment
Trying gmin =   2.4711E-07 Warning: Further gmin increment
Trying gmin =   2.4776E-07 Note: One successful gmin step
Trying gmin =   2.4744E-07 Warning: Further gmin increment
Trying gmin =   2.4768E-07 Note: One successful gmin step
Trying gmin =   2.4756E-07 Note: One successful gmin step
Trying gmin =   2.4737E-07 Warning: Further gmin increment
Trying gmin =   2.4751E-07 Warning: Further gmin increment
Trying gmin =   2.4754E-07 Note: One successful gmin step
Trying gmin =   2.4753E-07 Note: One successful gmin step
Trying gmin =   2.4750E-07 Warning: Further gmin increment
Trying gmin =   2.4752E-07 Note: One successful gmin step
Trying gmin =   2.4751E-07 Warning: Last gmin step failed
Warning: Dynamic gmin stepping failed
Note: Starting source stepping
Supplies reduced to   0.0000% Note: One successful source step
Supplies reduced to   0.1000% Note: One successful source step
Supplies reduced to   0.2000% Note: One successful source step
Supplies reduced to   0.3500% Note: One successful source step
Supplies reduced to   0.5750% Note: One successful source step
Supplies reduced to   0.9125% Note: One successful source step
Supplies reduced to   1.4188% Note: One successful source step
Supplies reduced to   2.1781% Note: One successful source step
Supplies reduced to   3.3172% Note: One successful source step
Supplies reduced to   5.0258% Note: One successful source step
Supplies reduced to   7.5887% Note: One successful source step
Supplies reduced to  11.4330% Note: One successful source step
Supplies reduced to  17.1995% Note: One successful source step
Supplies reduced to  25.8493% Note: One successful source step
Supplies reduced to  38.8239% Supplies reduced to  25.8493% Note: One successful source step
Supplies reduced to  26.8493% Note: One successful source step
Supplies reduced to  28.3493% Note: One successful source step
Supplies reduced to  29.8493% Note: One successful source step
Supplies reduced to  32.0993% Note: One successful source step
Supplies reduced to  35.4743% Note: One successful source step
Supplies reduced to  40.5368% Note: One successful source step
Supplies reduced to  48.1305% Supplies reduced to  40.5368% Note: One successful source step
Supplies reduced to  41.5368% Note: One successful source step
Supplies reduced to  43.0368% Note: One successful source step
Supplies reduced to  45.2868% Note: One successful source step
Supplies reduced to  48.6618% Note: One successful source step
Supplies reduced to  53.7243% Note: One successful source step
Supplies reduced to  61.3180% Note: One successful source step
Supplies reduced to  72.7086% Note: One successful source step
Supplies reduced to  89.7946% Note: One successful source step
Supplies reduced to 100.0000% Note: One successful source step
Note: Source stepping completed
 Reference value :  2.80000e+00Note: Starting true gmin stepping
Trying gmin =   1.0000E-03 Note: One successful gmin step
Trying gmin =   1.0000E-04 Note: One successful gmin step
Trying gmin =   1.0000E-05 Note: One successful gmin step
Trying gmin =   1.0000E-06 Note: One successful gmin step
Trying gmin =   1.0000E-07 Note: One successful gmin step
Trying gmin =   1.0000E-08 Note: One successful gmin step
Trying gmin =   1.0000E-09 Note: One successful gmin step
Trying gmin =   1.0000E-10 Note: One successful gmin step
Trying gmin =   1.0000E-11 Note: One successful gmin step
Trying gmin =   1.0000E-12 Note: One successful gmin step
Trying gmin =   1.0000E-12 Note: One successful gmin step
Note: True gmin stepping completed
Note: Starting true gmin stepping
Trying gmin =   1.0000E-03 Note: One successful gmin step
Trying gmin =   1.0000E-04 Note: One successful gmin step
Trying gmin =   1.0000E-05 Note: One successful gmin step
Trying gmin =   1.0000E-06 Note: One successful gmin step
Trying gmin =   1.0000E-07 Note: One successful gmin step
Trying gmin =   1.0000E-08 Note: One successful gmin step
Trying gmin =   3.1623E-09 Note: One successful gmin step
Trying gmin =   5.6234E-10 Warning: Further gmin increment
Trying gmin =   2.0535E-09 Note: One successful gmin step
Trying gmin =   1.0746E-09 Note: One successful gmin step
Trying gmin =   4.0679E-10 Note: One successful gmin step
Trying gmin =   9.4746E-11 Warning: Further gmin increment
Trying gmin =   2.8260E-10 Warning: Further gmin increment
Trying gmin =   3.7138E-10 Note: One successful gmin step
Trying gmin =   3.2396E-10 Note: One successful gmin step
Trying gmin =   2.6394E-10 Warning: Further gmin increment
Trying gmin =   3.0779E-10 Note: One successful gmin step
Trying gmin =   2.8502E-10 Warning: Further gmin increment
Trying gmin =   3.0193E-10 Note: One successful gmin step
Trying gmin =   2.9336E-10 Note: One successful gmin step
Trying gmin =   2.8095E-10 Warning: Further gmin increment
Trying gmin =   2.9020E-10 Note: One successful gmin step
Trying gmin =   2.8554E-10 Note: One successful gmin step
Trying gmin =   2.7868E-10 Note: One successful gmin step
Trying gmin =   2.7198E-10 Note: One successful gmin step
Trying gmin =   2.6224E-10 Note: One successful gmin step
Trying gmin =   2.4828E-10 Note: One successful gmin step
Trying gmin =   2.2872E-10 Note: One successful gmin step
Trying gmin =   2.0224E-10 Note: One successful gmin step
Trying gmin =   1.6814E-10 Note: One successful gmin step
Trying gmin =   1.2747E-10 Note: One successful gmin step
Trying gmin =   8.4140E-11 Note: One successful gmin step
Trying gmin =   4.5122E-11 Note: One successful gmin step
Trying gmin =   1.7720E-11 Note: One successful gmin step
Trying gmin =   4.3612E-12 Note: One successful gmin step
Trying gmin =   1.0000E-12 Note: One successful gmin step
Note: True gmin stepping completed
 Reference value :  1.30000e+00Note: Starting true gmin stepping
Trying gmin =   1.0000E-03 Note: One successful gmin step
Trying gmin =   1.0000E-04 Note: One successful gmin step
Trying gmin =   1.0000E-05 Note: One successful gmin step
Trying gmin =   1.0000E-06 Note: One successful gmin step
Trying gmin =   1.0000E-07 Note: One successful gmin step
Trying gmin =   1.0000E-08 Note: One successful gmin step
Trying gmin =   1.0000E-09 Note: One successful gmin step
Trying gmin =   1.0000E-10 Warning: Further gmin increment
Trying gmin =   5.6234E-10 Note: One successful gmin step
Trying gmin =   2.3714E-10 Note: One successful gmin step
Trying gmin =   6.4938E-11 Warning: Further gmin increment
Trying gmin =   1.7154E-10 Warning: Further gmin increment
Trying gmin =   2.1870E-10 Note: One successful gmin step
Trying gmin =   1.9369E-10 Warning: Further gmin increment
Trying gmin =   2.1216E-10 Note: One successful gmin step
Trying gmin =   2.0271E-10 Note: One successful gmin step
Trying gmin =   1.8933E-10 Note: One successful gmin step
Trying gmin =   1.7089E-10 Note: One successful gmin step
Trying gmin =   1.4655E-10 Note: One successful gmin step
Trying gmin =   1.1638E-10 Note: One successful gmin step
Trying gmin =   8.2357E-11 Note: One successful gmin step
Trying gmin =   4.9029E-11 Note: One successful gmin step
Trying gmin =   2.2520E-11 Note: One successful gmin step
Trying gmin =   7.0105E-12 Note: One successful gmin step
Trying gmin =   1.2176E-12 Note: One successful gmin step
Trying gmin =   1.0000E-12 Note: One successful gmin step
Note: True gmin stepping completed
 Reference value :  5.40000e-01pm                  =  5.081072e+01
Doing analysis at TEMP = 0.000000 and TNOM = 27.000000


No. of Data Rows : 91
psrr100             =  -5.688759e+01
psrr100k            =  -2.653705e+01
Doing analysis at TEMP = 0.000000 and TNOM = 27.000000


No. of Data Rows : 86
temp_coeff = 1.702807e+02
Doing analysis at TEMP = 0.000000 and TNOM = 27.000000


No. of Data Rows : 141
vldo_sup_2          =  1.797552e+00
vldo_sup_2_8        =  1.796508e+00
line_reg = 1.305000e-03
Note: No ".plot", ".print", or ".fourier" lines; no simulations run
vin                 =  1.764121e+00
dropout = 1.210000e-04
