 Reference value :  8.00000e+01Note: Starting true gmin stepping
Trying gmin =   1.0000E-03 Note: One successful gmin step
Trying gmin =   1.0000E-04 Note: One successful gmin step
Trying gmin =   1.0000E-05 Note: One successful gmin step
Trying gmin =   1.0000E-06 Note: One successful gmin step
Trying gmin =   1.0000E-07 Note: One successful gmin step
Trying gmin =   3.1623E-08 Warning: Further gmin increment
Trying gmin =   7.4989E-08 Warning: Further gmin increment
Trying gmin =   9.3057E-08 Warning: Further gmin increment
Trying gmin =   9.8217E-08 Note: One successful gmin step
Trying gmin =   9.5602E-08 Warning: Further gmin increment
Trying gmin =   9.7557E-08 Note: One successful gmin step
Trying gmin =   9.6575E-08 Note: One successful gmin step
Trying gmin =   9.5120E-08 Note: One successful gmin step
Trying gmin =   9.2979E-08 Note: One successful gmin step
Trying gmin =   8.9857E-08 Note: One successful gmin step
Trying gmin =   8.5370E-08 Note: One successful gmin step
Trying gmin =   7.9056E-08 Note: One successful gmin step
Trying gmin =   7.0449E-08 Note: One successful gmin step
Trying gmin =   5.9264E-08 Note: One successful gmin step
Trying gmin =   4.5726E-08 Note: One successful gmin step
Trying gmin =   3.0990E-08 Note: One successful gmin step
Trying gmin =   1.7291E-08 Note: One successful gmin step
Trying gmin =   7.2061E-09 Note: One successful gmin step
Trying gmin =   1.9388E-09 Note: One successful gmin step
Trying gmin =   2.7056E-10 Note: One successful gmin step
Trying gmin =   2.7056E-11 Note: One successful gmin step
Trying gmin =   2.7056E-12 Note: One successful gmin step
Trying gmin =   1.0000E-12 Note: One successful gmin step
Note: True gmin stepping completed
 Reference value :  3.00000e+00Note: Starting true gmin stepping
Trying gmin =   1.0000E-03 Note: One successful gmin step
Trying gmin =   1.0000E-04 Note: One successful gmin step
Trying gmin =   1.0000E-05 Note: One successful gmin step
Trying gmin =   1.0000E-06 Note: One successful gmin step
Trying gmin =   1.0000E-07 Note: One successful gmin step
Trying gmin =   1.0000E-08 Warning: Further gmin increment
Trying gmin =   5.6234E-08 Note: One successful gmin step
Trying gmin =   2.3714E-08 Note: One successful gmin step
Trying gmin =   6.4938E-09 Note: One successful gmin step
Trying gmin =   9.3057E-10 Note: One successful gmin step
Trying gmin =   9.3057E-11 Note: One successful gmin step
Trying gmin =   9.3057E-12 Warning: Further gmin increment
Trying gmin =   5.2330E-11 Note: One successful gmin step
Trying gmin =   2.2067E-11 Note: One successful gmin step
Trying gmin =   9.3057E-12 Note: One successful gmin step
Trying gmin =   2.5483E-12 Note: One successful gmin step
Trying gmin =   1.0000E-12 Note: One successful gmin step
Note: True gmin stepping completed
Note: Starting true gmin stepping
Trying gmin =   1.0000E-03 Note: One successful gmin step
Trying gmin =   1.0000E-04 Note: One successful gmin step
Trying gmin =   1.0000E-05 Note: One successful gmin step
Trying gmin =   1.0000E-06 Note: One successful gmin step
Trying gmin =   1.0000E-07 Note: One successful gmin step
Trying gmin =   1.0000E-08 Note: One successful gmin step
Trying gmin =   3.1623E-09 Note: One successful gmin step
Trying gmin =   5.6234E-10 Note: One successful gmin step
Trying gmin =   5.6234E-11 Note: One successful gmin step
Trying gmin =   5.6234E-12 Warning: Further gmin increment
Trying gmin =   3.1623E-11 Note: One successful gmin step
Trying gmin =   1.3335E-11 Warning: Further gmin increment
Trying gmin =   2.5483E-11 Note: One successful gmin step
Trying gmin =   1.8434E-11 Note: One successful gmin step
Trying gmin =   1.5679E-11 Note: One successful gmin step
Trying gmin =   1.2298E-11 Note: One successful gmin step
Trying gmin =   8.5436E-12 Note: One successful gmin step
Trying gmin =   4.9469E-12 Note: One successful gmin step
Trying gmin =   2.1796E-12 Note: One successful gmin step
Trying gmin =   1.0000E-12 Note: One successful gmin step
Note: True gmin stepping completed
 Reference value :  1.20000e+00
No compatibility mode selected!


Circuit: * ldo netlist 

Doing analysis at TEMP = 27.000000 and TNOM = 27.000000


No. of Data Rows : 81
temp_coeff = 4.547307e+01
Doing analysis at TEMP = 27.000000 and TNOM = 27.000000


No. of Data Rows : 151
vldo_sup_2          =  1.797406e+00
vldo_sup_3          =  1.797186e+00
line_reg = -2.20000e-04
Note: No ".plot", ".print", or ".fourier" lines; no simulations run
vin                 =  1.764168e+00
dropout = 1.680000e-04
Doing analysis at TEMP = 27.000000 and TNOM = 27.000000


No. of Data Rows : 91
psrr100             =  -7.062010e+01
psrr100k            =  -2.928105e+01
