Note: Starting true gmin stepping
Trying gmin =   1.0000E-03 Note: One successful gmin step
Trying gmin =   1.0000E-04 Note: One successful gmin step
Trying gmin =   1.0000E-05 Note: One successful gmin step
Trying gmin =   1.0000E-06 Note: One successful gmin step
Trying gmin =   1.0000E-07 Warning: Further gmin increment
Trying gmin =   5.6234E-07 Note: One successful gmin step
Trying gmin =   2.3714E-07 Warning: Further gmin increment
Trying gmin =   4.5316E-07 Note: One successful gmin step
Trying gmin =   3.2781E-07 Note: One successful gmin step
Trying gmin =   2.0169E-07 Warning: Further gmin increment
Trying gmin =   2.9033E-07 Note: One successful gmin step
Trying gmin =   2.4199E-07 Note: One successful gmin step
Trying gmin =   1.8414E-07 Warning: Further gmin increment
Trying gmin =   2.2601E-07 Warning: Further gmin increment
Trying gmin =   2.3789E-07 Note: One successful gmin step
Trying gmin =   2.3187E-07 Warning: Further gmin increment
Trying gmin =   2.3637E-07 Warning: Further gmin increment
Trying gmin =   2.3751E-07 Note: One successful gmin step
Trying gmin =   2.3694E-07 Warning: Further gmin increment
Trying gmin =   2.3737E-07 Note: One successful gmin step
Trying gmin =   2.3715E-07 Warning: Further gmin increment
Trying gmin =   2.3731E-07 Note: One successful gmin step
Trying gmin =   2.3723E-07 Note: One successful gmin step
Trying gmin =   2.3711E-07 Warning: Further gmin increment
Trying gmin =   2.3720E-07 Note: One successful gmin step
Trying gmin =   2.3716E-07 Warning: Further gmin increment
Trying gmin =   2.3719E-07 Note: One successful gmin step
Trying gmin =   2.3717E-07 Note: One successful gmin step
Trying gmin =   2.3715E-07 Warning: Further gmin increment
Trying gmin =   2.3717E-07 Warning: Last gmin step failed
Warning: True gmin stepping failed
Note: Starting dynamic gmin stepping
Trying gmin =   1.0000E-03 Note: One successful gmin step
Trying gmin =   1.0000E-04 Note: One successful gmin step
Trying gmin =   1.0000E-05 Warning: Further gmin increment
Trying gmin =   5.6234E-05 Note: One successful gmin step
Trying gmin =   2.3714E-05 Note: One successful gmin step
Trying gmin =   6.4938E-06 Note: One successful gmin step
Trying gmin =   9.3057E-07 Note: One successful gmin step
Trying gmin =   1.3335E-07 Warning: Further gmin increment
Trying gmin =   5.7255E-07 Warning: Further gmin increment
Trying gmin =   8.2417E-07 Note: One successful gmin step
Trying gmin =   6.8693E-07 Note: One successful gmin step
Trying gmin =   5.2271E-07 Note: One successful gmin step
Trying gmin =   3.4696E-07 Note: One successful gmin step
Trying gmin =   1.8764E-07 Note: One successful gmin step
Trying gmin =   7.4621E-08 Note: One successful gmin step
Trying gmin =   1.8715E-08 Note: One successful gmin step
Trying gmin =   2.3506E-09 Note: One successful gmin step
Trying gmin =   2.3506E-10 Note: One successful gmin step
Trying gmin =   2.3506E-11 Note: One successful gmin step
Trying gmin =   2.3506E-12 Note: One successful gmin step
Trying gmin =   1.0000E-12 Note: One successful gmin step
Note: Dynamic gmin stepping completed
 Reference value :  0.00000e+00
No compatibility mode selected!


Circuit: * ldo netlist 

Doing analysis at TEMP = 0.000000 and TNOM = 27.000000


No. of Data Rows : 1
bg_out = 1.097004e+00
inn = 1.176943e+00
inp = 1.176902e+00
l1#branch = 0.000000e+00
ldo_out = 1.802548e+00
m.xm1.msky130_fd_pr__nfet_g5v0d10v5#body = 1.909120e-11
m.xm1.msky130_fd_pr__nfet_g5v0d10v5#dbody = 4.309791e-11
m.xm1.msky130_fd_pr__nfet_g5v0d10v5#sbody = 1.417566e-11
m.xm2.msky130_fd_pr__pfet_g5v0d10v5#body = 2.500000e+00
m.xm2.msky130_fd_pr__pfet_g5v0d10v5#dbody = 2.500000e+00
m.xm2.msky130_fd_pr__pfet_g5v0d10v5#sbody = 2.500000e+00
m.xm3.msky130_fd_pr__pfet_g5v0d10v5#body = 2.500000e+00
m.xm3.msky130_fd_pr__pfet_g5v0d10v5#dbody = 2.500000e+00
m.xm3.msky130_fd_pr__pfet_g5v0d10v5#sbody = 2.500000e+00
m.xm4.msky130_fd_pr__pfet_g5v0d10v5#body = 2.500000e+00
m.xm4.msky130_fd_pr__pfet_g5v0d10v5#dbody = 2.500000e+00
m.xm4.msky130_fd_pr__pfet_g5v0d10v5#sbody = 2.500000e+00
m.xm5.msky130_fd_pr__pfet_g5v0d10v5#body = 2.500000e+00
m.xm5.msky130_fd_pr__pfet_g5v0d10v5#dbody = 2.500000e+00
m.xm5.msky130_fd_pr__pfet_g5v0d10v5#sbody = 2.500000e+00
m.xm6.msky130_fd_pr__nfet_g5v0d10v5#body = 1.263391e-11
m.xm6.msky130_fd_pr__nfet_g5v0d10v5#dbody = 3.158476e-11
m.xm6.msky130_fd_pr__nfet_g5v0d10v5#sbody = 6.316958e-12
m.xm7.msky130_fd_pr__pfet_g5v0d10v5#body = 2.500000e+00
m.xm7.msky130_fd_pr__pfet_g5v0d10v5#dbody = 2.500000e+00
m.xm7.msky130_fd_pr__pfet_g5v0d10v5#sbody = 2.500000e+00
m.xm8.msky130_fd_pr__pfet_g5v0d10v5#body = 2.500000e+00
m.xm8.msky130_fd_pr__pfet_g5v0d10v5#dbody = 2.500000e+00
m.xm8.msky130_fd_pr__pfet_g5v0d10v5#sbody = 2.500000e+00
m.xm9.msky130_fd_pr__nfet_g5v0d10v5#body = 1.948584e-11
m.xm9.msky130_fd_pr__nfet_g5v0d10v5#dbody = 4.573690e-11
m.xm9.msky130_fd_pr__nfet_g5v0d10v5#sbody = 1.271973e-11
m.xm10.msky130_fd_pr__nfet_g5v0d10v5#body = 1.917368e-11
m.xm10.msky130_fd_pr__nfet_g5v0d10v5#dbody = 4.495690e-11
m.xm10.msky130_fd_pr__nfet_g5v0d10v5#sbody = 1.256366e-11
m.xm11.msky130_fd_pr__pfet_g5v0d10v5#body = 2.500000e+00
m.xm11.msky130_fd_pr__pfet_g5v0d10v5#dbody = 2.500000e+00
m.xm11.msky130_fd_pr__pfet_g5v0d10v5#sbody = 2.500000e+00
m.xm12.msky130_fd_pr__pfet_g5v0d10v5#body = 2.500000e+00
m.xm12.msky130_fd_pr__pfet_g5v0d10v5#dbody = 2.500000e+00
m.xm12.msky130_fd_pr__pfet_g5v0d10v5#sbody = 2.500000e+00
m.xm13.msky130_fd_pr__nfet_g5v0d10v5#body = 1.488388e-12
m.xm13.msky130_fd_pr__nfet_g5v0d10v5#dbody = 3.720963e-12
m.xm13.msky130_fd_pr__nfet_g5v0d10v5#sbody = 7.442024e-13
m.xm14.msky130_fd_pr__pfet_g5v0d10v5#body = 2.500000e+00
m.xm14.msky130_fd_pr__pfet_g5v0d10v5#dbody = 2.500000e+00
m.xm14.msky130_fd_pr__pfet_g5v0d10v5#sbody = 2.500000e+00
m.xm15.msky130_fd_pr__nfet_g5v0d10v5#body = 4.108860e-15
m.xm15.msky130_fd_pr__nfet_g5v0d10v5#dbody = 1.027206e-14
m.xm15.msky130_fd_pr__nfet_g5v0d10v5#sbody = 2.054522e-15
m.xm16.msky130_fd_pr__nfet_g5v0d10v5#body = 4.596190e-11
m.xm16.msky130_fd_pr__nfet_g5v0d10v5#dbody = 8.548107e-11
m.xm16.msky130_fd_pr__nfet_g5v0d10v5#sbody = 5.240463e-11
m.xm17.msky130_fd_pr__pfet_g5v0d10v5#body = 2.500000e+00
m.xm17.msky130_fd_pr__pfet_g5v0d10v5#dbody = 2.500000e+00
m.xm17.msky130_fd_pr__pfet_g5v0d10v5#sbody = 2.500000e+00
m.xm18.msky130_fd_pr__nfet_g5v0d10v5#body = 1.432742e-11
m.xm18.msky130_fd_pr__nfet_g5v0d10v5#dbody = 3.581855e-11
m.xm18.msky130_fd_pr__nfet_g5v0d10v5#sbody = 7.163724e-12
m.xm19.msky130_fd_pr__nfet_g5v0d10v5#body = 1.916950e-11
m.xm19.msky130_fd_pr__nfet_g5v0d10v5#dbody = 4.329366e-11
m.xm19.msky130_fd_pr__nfet_g5v0d10v5#sbody = 1.421481e-11
m.xm20.msky130_fd_pr__nfet_g5v0d10v5#body = 1.326038e-11
m.xm20.msky130_fd_pr__nfet_g5v0d10v5#dbody = 3.315094e-11
m.xm20.msky130_fd_pr__nfet_g5v0d10v5#sbody = 6.630202e-12
m.xm22.msky130_fd_pr__nfet_g5v0d10v5#body = 2.315067e-12
m.xm22.msky130_fd_pr__nfet_g5v0d10v5#dbody = 5.787664e-12
m.xm22.msky130_fd_pr__nfet_g5v0d10v5#sbody = 1.157538e-12
m.xm24.msky130_fd_pr__pfet_g5v0d10v5#body = 2.500000e+00
m.xm24.msky130_fd_pr__pfet_g5v0d10v5#dbody = 2.500000e+00
m.xm24.msky130_fd_pr__pfet_g5v0d10v5#sbody = 2.500000e+00
m.xm26.msky130_fd_pr__pfet_g5v0d10v5#body = 2.500000e+00
m.xm26.msky130Note: Starting true gmin stepping
Trying gmin =   1.0000E-03 Note: One successful gmin step
Trying gmin =   1.0000E-04 Note: One successful gmin step
Trying gmin =   1.0000E-05 Note: One successful gmin step
Trying gmin =   1.0000E-06 Note: One successful gmin step
Trying gmin =   1.0000E-07 Warning: Further gmin increment
Trying gmin =   5.6234E-07 Note: One successful gmin step
Trying gmin =   2.3714E-07 Warning: Further gmin increment
Trying gmin =   4.5316E-07 Note: One successful gmin step
Trying gmin =   3.2781E-07 Note: One successful gmin step
Trying gmin =   2.0169E-07 Warning: Further gmin increment
Trying gmin =   2.9033E-07 Note: One successful gmin step
Trying gmin =   2.4199E-07 Note: One successful gmin step
Trying gmin =   1.8414E-07 Warning: Further gmin increment
Trying gmin =   2.2601E-07 Warning: Further gmin increment
Trying gmin =   2.3789E-07 Note: One successful gmin step
Trying gmin =   2.3187E-07 Warning: Further gmin increment
Trying gmin =   2.3637E-07 Warning: Further gmin increment
Trying gmin =   2.3751E-07 Note: One successful gmin step
Trying gmin =   2.3694E-07 Warning: Further gmin increment
Trying gmin =   2.3737E-07 Note: One successful gmin step
Trying gmin =   2.3715E-07 Warning: Further gmin increment
Trying gmin =   2.3731E-07 Note: One successful gmin step
Trying gmin =   2.3723E-07 Note: One successful gmin step
Trying gmin =   2.3711E-07 Warning: Further gmin increment
Trying gmin =   2.3720E-07 Note: One successful gmin step
Trying gmin =   2.3716E-07 Warning: Further gmin increment
Trying gmin =   2.3719E-07 Note: One successful gmin step
Trying gmin =   2.3717E-07 Note: One successful gmin step
Trying gmin =   2.3715E-07 Warning: Further gmin increment
Trying gmin =   2.3717E-07 Warning: Last gmin step failed
Warning: True gmin stepping failed
Note: Starting dynamic gmin stepping
Trying gmin =   1.0000E-03 Note: One successful gmin step
Trying gmin =   1.0000E-04 Note: One successful gmin step
Trying gmin =   1.0000E-05 Warning: Further gmin increment
Trying gmin =   5.6234E-05 Note: One successful gmin step
Trying gmin =   2.3714E-05 Note: One successful gmin step
Trying gmin =   6.4938E-06 Note: One successful gmin step
Trying gmin =   9.3057E-07 Note: One successful gmin step
Trying gmin =   1.3335E-07 Warning: Further gmin increment
Trying gmin =   5.7255E-07 Warning: Further gmin increment
Trying gmin =   8.2417E-07 Note: One successful gmin step
Trying gmin =   6.8693E-07 Note: One successful gmin step
Trying gmin =   5.2271E-07 Note: One successful gmin step
Trying gmin =   3.4696E-07 Note: One successful gmin step
Trying gmin =   1.8764E-07 Note: One successful gmin step
Trying gmin =   7.4621E-08 Note: One successful gmin step
Trying gmin =   1.8715E-08 Note: One successful gmin step
Trying gmin =   2.3506E-09 Note: One successful gmin step
Trying gmin =   2.3506E-10 Note: One successful gmin step
Trying gmin =   2.3506E-11 Note: One successful gmin step
Trying gmin =   2.3506E-12 Note: One successful gmin step
Trying gmin =   1.0000E-12 Note: One successful gmin step
Note: Dynamic gmin stepping completed
 Reference value :  1.00000e+00_fd_pr__pfet_g5v0d10v5#dbody = 2.500000e+00
m.xm26.msky130_fd_pr__pfet_g5v0d10v5#sbody = 2.500000e+00
mir = 1.342088e+00
net1 = 7.689958e-01
net2 = 3.285145e-04
net3 = 8.225172e-01
net4 = 1.851977e-01
net5 = 1.348352e+00
net6 = 1.010705e+00
net7 = 8.224757e-01
net8 = 1.414799e+00
net9 = 1.439756e+00
net10 = 1.190693e-01
net11 = 1.146192e+00
net12 = 1.146192e+00
net13 = 0.000000e+00
out = 1.146192e+00
pos = 1.097206e+00
q.xq2.qsky130_fd_pr__pnp_05v5_w0p68l0p68#collcx = 1.780878e-03
q.xq3.qsky130_fd_pr__pnp_05v5_w0p68l0p68#collcx = 2.240631e-04
q.xq4.qsky130_fd_pr__pnp_05v5_w0p68l0p68#collcx = 2.240631e-04
q.xq8.qsky130_fd_pr__pnp_05v5_w0p68l0p68#collcx = 2.240631e-04
q.xq10.qsky130_fd_pr__pnp_05v5_w0p68l0p68#collcx = 2.240631e-04
q.xq12.qsky130_fd_pr__pnp_05v5_w0p68l0p68#collcx = 2.240631e-04
q.xq14.qsky130_fd_pr__pnp_05v5_w0p68l0p68#collcx = 2.240631e-04
q.xq16.qsky130_fd_pr__pnp_05v5_w0p68l0p68#collcx = 2.240631e-04
q.xq18.qsky130_fd_pr__pnp_05v5_w0p68l0p68#collcx = 2.240631e-04
vb = 1.060829e+00
vdd = 2.500000e+00
vs#branch = -1.00257e-01
vt#branch = 0.000000e+00
xc1.a = 0.000000e+00
xc1.b1 = 0.000000e+00
xc3.a = 1.146192e+00
xc3.b1 = 1.146192e+00
xr1.xsky130_fd_pr__res_xhigh_po_0p69.ra = 8.299152e-01
xr2.xsky130_fd_pr__res_xhigh_po_0p69.ra = 8.299567e-01
xr3.xsky130_fd_pr__res_xhigh_po_0p69.ra = 5.415488e-03
xr4.xsky130_fd_pr__res_xhigh_po_0p69.ra = 7.711882e-01
xr5.xsky130_fd_pr__res_xhigh_po_0p69.ra = 5.415196e-03
xr6.xsky130_fd_pr__res_xhigh_po_0p69.ra = 7.910791e-03
xr7.xsky130_fd_pr__res_xhigh_po_0p69.ra = 1.146192e+00
xr8.xsky130_fd_pr__res_xhigh_po_0p69.ra = 1.109233e+00
xr9.xsky130_fd_pr__res_xhigh_po_0p69.ra = 1.241612e-02
Doing analysis at TEMP = 0.000000 and TNOM = 27.000000


No. of Data Rows : 91
Error: no such vector PM
Note: Starting true gmin stepping
Trying gmin =   1.0000E-03 Note: One successful gmin step
Trying gmin =   1.0000E-04 Note: One successful gmin step
Trying gmin =   1.0000E-05 Note: One successful gmin step
Trying gmin =   1.0000E-06 Note: One successful gmin step
Trying gmin =   1.0000E-07 Warning: Further gmin increment
Trying gmin =   5.6234E-07 Note: One successful gmin step
Trying gmin =   2.3714E-07 Warning: Further gmin increment
Trying gmin =   4.5316E-07 Note: One successful gmin step
Trying gmin =   3.2781E-07 Note: One successful gmin step
Trying gmin =   2.0169E-07 Warning: Further gmin increment
Trying gmin =   2.9033E-07 Note: One successful gmin step
Trying gmin =   2.4199E-07 Note: One successful gmin step
Trying gmin =   1.8414E-07 Warning: Further gmin increment
Trying gmin =   2.2601E-07 Warning: Further gmin increment
Trying gmin =   2.3789E-07 Note: One successful gmin step
Trying gmin =   2.3187E-07 Warning: Further gmin increment
Trying gmin =   2.3637E-07 Warning: Further gmin increment
Trying gmin =   2.3751E-07 Note: One successful gmin step
Trying gmin =   2.3694E-07 Warning: Further gmin increment
Trying gmin =   2.3737E-07 Note: One successful gmin step
Trying gmin =   2.3715E-07 Warning: Further gmin increment
Trying gmin =   2.3731E-07 Note: One successful gmin step
Trying gmin =   2.3723E-07 Note: One successful gmin step
Trying gmin =   2.3711E-07 Warning: Further gmin increment
Trying gmin =   2.3720E-07 Note: One successful gmin step
Trying gmin =   2.3716E-07 Warning: Further gmin increment
Trying gmin =   2.3719E-07 Note: One successful gmin step
Trying gmin =   2.3717E-07 Note: One successful gmin step
Trying gmin =   2.3715E-07 Warning: Further gmin increment
Trying gmin =   2.3717E-07 Warning: Last gmin step failed
Warning: True gmin stepping failed
Note: Starting dynamic gmin stepping
Trying gmin =   1.0000E-03 Note: One successful gmin step
Trying gmin =   1.0000E-04 Note: One successful gmin step
Trying gmin =   1.0000E-05 Warning: Further gmin increment
Trying gmin =   5.6234E-05 Note: One successful gmin step
Trying gmin =   2.3714E-05 Note: One successful gmin step
Trying gmin =   6.4938E-06 Note: One successful gmin step
Trying gmin =   9.3057E-07 Note: One successful gmin step
Trying gmin =   1.3335E-07 Warning: Further gmin increment
Trying gmin =   5.7255E-07 Warning: Further gmin increment
Trying gmin =   8.2417E-07 Note: One successful gmin step
Trying gmin =   6.8693E-07 Note: One successful gmin step
Trying gmin =   5.2271E-07 Note: One successful gmin step
Trying gmin =   3.4696E-07 Note: One successful gmin step
Trying gmin =   1.8764E-07 Note: One successful gmin step
Trying gmin =   7.4621E-08 Note: One successful gmin step
Trying gmin =   1.8715E-08 Note: One successful gmin step
Trying gmin =   2.3506E-09 Note: One successful gmin step
Trying gmin =   2.3506E-10 Note: One successful gmin step
Trying gmin =   2.3506E-11 Note: One successful gmin step
Trying gmin =   2.3506E-12 Note: One successful gmin step
Trying gmin =   1.0000E-12 Note: One successful gmin step
Note: Dynamic gmin stepping completed
 Reference value :  1.00000e+00Note: Starting true gmin stepping
Trying gmin =   1.0000E-03 Note: One successful gmin step
Trying gmin =   1.0000E-04 Note: One successful gmin step
Trying gmin =   1.0000E-05 Note: One successful gmin step
Trying gmin =   1.0000E-06 Warning: Further gmin increment
Trying gmin =   5.6234E-06 Note: One successful gmin step
Trying gmin =   2.3714E-06 Note: One successful gmin step
Trying gmin =   6.4938E-07 Warning: Further gmin increment
Trying gmin =   1.7154E-06 Note: One successful gmin step
Trying gmin =   1.0554E-06 Note: One successful gmin step
Trying gmin =   5.0937E-07 Note: One successful gmin step
Trying gmin =   2.4582E-07 Warning: Further gmin increment
Trying gmin =   4.2455E-07 Note: One successful gmin step
Trying gmin =   3.2306E-07 Note: One successful gmin step
Trying gmin =   2.1444E-07 Warning: Further gmin increment
Trying gmin =   2.9160E-07 Note: One successful gmin step
Trying gmin =   2.5006E-07 Note: One successful gmin step
Trying gmin =   1.9858E-07 Note: One successful gmin step
Trying gmin =   1.4053E-07 Note: One successful gmin step
Trying gmin =   8.3657E-08 Note: One successful gmin step
Trying gmin =   3.8426E-08 Note: One successful gmin step
Trying gmin =   1.1962E-08 Note: One successful gmin step
Trying gmin =   2.0776E-09 Note: One successful gmin step
Trying gmin =   2.0776E-10 Note: One successful gmin step
Trying gmin =   2.0776E-11 Note: One successful gmin step
Trying gmin =   2.0776E-12 Note: One successful gmin step
Trying gmin =   1.0000E-12 Note: One successful gmin step
Note: True gmin stepping completed
 Reference value :  2.80000e+00Note: Starting true gmin stepping
Trying gmin =   1.0000E-03 Note: One successful gmin step
Trying gmin =   1.0000E-04 Note: One successful gmin step
Trying gmin =   1.0000E-05 Note: One successful gmin step
Trying gmin =   1.0000E-06 Note: One successful gmin step
Trying gmin =   1.0000E-07 Note: One successful gmin step
Trying gmin =   1.0000E-08 Note: One successful gmin step
Trying gmin =   3.1623E-09 Note: One successful gmin step
Trying gmin =   5.6234E-10 Note: One successful gmin step
Trying gmin =   5.6234E-11 Note: One successful gmin step
Trying gmin =   5.6234E-12 Note: One successful gmin step
Trying gmin =   1.7783E-12 Warning: Further gmin increment
Trying gmin =   4.2170E-12 Note: One successful gmin step
Trying gmin =   2.7384E-12 Note: One successful gmin step
Trying gmin =   1.4330E-12 Warning: Further gmin increment
Trying gmin =   2.3291E-12 Note: One successful gmin step
Trying gmin =   1.8269E-12 Note: One successful gmin step
Trying gmin =   1.4330E-12 Note: One successful gmin step
Trying gmin =   1.0000E-12 Note: One successful gmin step
Note: True gmin stepping completed
 Reference value :  1.18000e+00Note: Starting true gmin stepping
Trying gmin =   1.0000E-03 Note: One successful gmin step
Trying gmin =   1.0000E-04 Note: One successful gmin step
Trying gmin =   1.0000E-05 Note: One successful gmin step
Trying gmin =   1.0000E-06 Note: One successful gmin step
Trying gmin =   1.0000E-07 Note: One successful gmin step
Trying gmin =   1.0000E-08 Note: One successful gmin step
Trying gmin =   1.0000E-09 Note: One successful gmin step
Trying gmin =   1.0000E-10 Note: One successful gmin step
Trying gmin =   1.0000E-11 Note: One successful gmin step
Trying gmin =   1.0000E-12 Note: One successful gmin step
Trying gmin =   1.0000E-12 Note: One successful gmin step
Note: True gmin stepping completed
 Reference value :  5.40000e-01
Error: measure  pm  (AT) : out of interval
 meas ac pm find p when vdb(ldo_out)=0 failed!

Doing analysis at TEMP = 0.000000 and TNOM = 27.000000


No. of Data Rows : 91
psrr100             =  -6.084968e+01
psrr100k            =  -2.713058e+01
Doing analysis at TEMP = 0.000000 and TNOM = 27.000000


No. of Data Rows : 86
temp_coeff = 3.086455e+01
Doing analysis at TEMP = 0.000000 and TNOM = 27.000000


No. of Data Rows : 141
vldo_sup_2          =  1.803181e+00
vldo_sup_2_8        =  1.802327e+00
line_reg = 1.067500e-03
Note: No ".plot", ".print", or ".fourier" lines; no simulations run
vin                 =  1.894196e+00
dropout = 1.301960e-01
