 Reference value :  8.50000e+01Note: Starting true gmin stepping
Trying gmin =   1.0000E-03 Note: One successful gmin step
Trying gmin =   1.0000E-04 Note: One successful gmin step
Trying gmin =   1.0000E-05 Note: One successful gmin step
Trying gmin =   1.0000E-06 Note: One successful gmin step
Trying gmin =   1.0000E-07 Note: One successful gmin step
Trying gmin =   1.0000E-08 Warning: Further gmin increment
Trying gmin =   5.6234E-08 Warning: Further gmin increment
Trying gmin =   8.6596E-08 Note: One successful gmin step
Trying gmin =   6.9783E-08 Note: One successful gmin step
Trying gmin =   5.0481E-08 Warning: Further gmin increment
Trying gmin =   6.4357E-08 Warning: Further gmin increment
Trying gmin =   6.8385E-08 Note: One successful gmin step
Trying gmin =   6.6340E-08 Warning: Further gmin increment
Trying gmin =   6.7868E-08 Warning: Further gmin increment
Trying gmin =   6.8255E-08 Warning: Further gmin increment
Trying gmin =   6.8353E-08 Note: One successful gmin step
Trying gmin =   6.8304E-08 Note: One successful gmin step
Trying gmin =   6.8231E-08 Warning: Further gmin increment
Trying gmin =   6.8286E-08 Warning: Further gmin increment
Trying gmin =   6.8299E-08 Note: One successful gmin step
Trying gmin =   6.8293E-08 Note: One successful gmin step
Trying gmin =   6.8282E-08 Warning: Further gmin increment
Trying gmin =   6.8290E-08 Note: One successful gmin step
Trying gmin =   6.8286E-08 Warning: Further gmin increment
Trying gmin =   6.8289E-08 Note: One successful gmin step
Trying gmin =   6.8288E-08 Warning: Last gmin step failed
Warning: True gmin stepping failed
Note: Starting dynamic gmin stepping
Trying gmin =   1.0000E-03 Note: One successful gmin step
Trying gmin =   1.0000E-04 Note: One successful gmin step
Trying gmin =   1.0000E-05 Note: One successful gmin step
Trying gmin =   1.0000E-06 Warning: Further gmin increment
Trying gmin =   5.6234E-06 Warning: Further gmin increment
Trying gmin =   8.6596E-06 Note: One successful gmin step
Trying gmin =   6.9783E-06 Note: One successful gmin step
Trying gmin =   5.0481E-06 Note: One successful gmin step
Trying gmin =   3.1059E-06 Note: One successful gmin step
Trying gmin =   1.4989E-06 Note: One successful gmin step
Trying gmin =   5.0254E-07 Warning: Further gmin increment
Trying gmin =   1.1406E-06 Warning: Further gmin increment
Trying gmin =   1.4000E-06 Warning: Further gmin increment
Trying gmin =   1.4736E-06 Warning: Further gmin increment
Trying gmin =   1.4925E-06 Note: One successful gmin step
Trying gmin =   1.4830E-06 Note: One successful gmin step
Trying gmin =   1.4688E-06 Warning: Further gmin increment
Trying gmin =   1.4795E-06 Note: One successful gmin step
Trying gmin =   1.4741E-06 Warning: Further gmin increment
Trying gmin =   1.4781E-06 Note: One successful gmin step
Trying gmin =   1.4761E-06 Note: One successful gmin step
Trying gmin =   1.4731E-06 Note: One successful gmin step
Trying gmin =   1.4687E-06 Note: One successful gmin step
Trying gmin =   1.4620E-06 Note: One successful gmin step
Trying gmin =   1.4520E-06 Note: One successful gmin step
Trying gmin =   1.4372E-06 Note: One successful gmin step
Trying gmin =   1.4153E-06 Note: One successful gmin step
Trying gmin =   1.3830E-06 Note: One successful gmin step
Trying gmin =   1.3359E-06 Note: One successful gmin step
Trying gmin =   1.2683E-06 Note: One successful gmin step
Trying gmin =   1.1733E-06 Note: One successful gmin step
Trying gmin =   1.0439E-06 Note: One successful gmin step
Trying gmin =   8.7611E-07 Note: One successful gmin step
Trying gmin =   6.7359E-07 Note: One successful gmin step
Trying gmin =   4.5410E-07 Note: One successful gmin step
Trying gmin =   2.5135E-07 Note: One successful gmin step
Trying gmin =   1.0351E-07 Note: One successful gmin step
Trying gmin =   2.7354E-08 Note: One successful gmin step
Trying gmin =   3.7162E-09 Note: One successful gmin step
Trying gmin =   3.7162E-10 Note: One successful gmin step
Trying gmin =   3.7162E-11 Note: One successful gmin step
Trying gmin =   3.7162E-12 Note: One successful gmin step
Trying gmin =   1.0000E-12 Note: One successful gmin step
Note: Dynamic gmin stepping completed
 Reference value :  2.80000e+00Note: Starting true gmin stepping
Trying gmin =   1.0000E-03 Note: One successful gmin step
Trying gmin =   1.0000E-04 Note: One successful gmin step
Trying gmin =   1.0000E-05 Note: One successful gmin step
Trying gmin =   1.0000E-06 Note: One successful gmin step
Trying gmin =   1.0000E-07 Note: One successful gmin step
Trying gmin =   1.0000E-08 Warning: Further gmin increment
Trying gmin =   5.6234E-08 Note: One successful gmin step
Trying gmin =   2.3714E-08 Note: One successful gmin step
Trying gmin =   6.4938E-09 Note: One successful gmin step
Trying gmin =   9.3057E-10 Warning: Further gmin increment
Trying gmin =   3.9954E-09 Note: One successful gmin step
Trying gmin =   1.9282E-09 Note: One successful gmin step
Trying gmin =   6.4647E-10 Note: One successful gmin step
Trying gmin =   1.2550E-10 Note: One successful gmin step
Trying gmin =   1.2550E-11 Note: One successful gmin step
Trying gmin =   1.2550E-12 Note: One successful gmin step
Trying gmin =   1.0000E-12 Note: One successful gmin step
Note: True gmin stepping completed
Note: Starting true gmin stepping
Trying gmin =   1.0000E-03 Note: One successful gmin step
Trying gmin =   1.0000E-04 Note: One successful gmin step
Trying gmin =   1.0000E-05 Note: One successful gmin step
Trying gmin =   1.0000E-06 Note: One successful gmin step
Trying gmin =   1.0000E-07 Note: One successful gmin step
Trying gmin =   1.0000E-08 Note: One successful gmin step
Trying gmin =   1.0000E-09 Warning: Further gmin increment
Trying gmin =   5.6234E-09 Note: One successful gmin step
Trying gmin =   2.3714E-09 Note: One successful gmin step
Trying gmin =   6.4938E-10 Warning: Further gmin increment
Trying gmin =   1.7154E-09 Warning: Further gmin increment
Trying gmin =   2.1870E-09 Note: One successful gmin step
Trying gmin =   1.9369E-09 Warning: Further gmin increment
Trying gmin =   2.1216E-09 Note: One successful gmin step
Trying gmin =   2.0271E-09 Note: One successful gmin step
Trying gmin =   1.8933E-09 Warning: Further gmin increment
Trying gmin =   1.9928E-09 Note: One successful gmin step
Trying gmin =   1.9424E-09 Note: One successful gmin step
Trying gmin =   1.8692E-09 Note: One successful gmin step
Trying gmin =   1.7645E-09 Note: One successful gmin step
Trying gmin =   1.6184E-09 Note: One successful gmin step
Trying gmin =   1.4216E-09 Note: One successful gmin step
Trying gmin =   1.1703E-09 Note: One successful gmin step
Trying gmin =   8.7418E-10 Note: One successful gmin step
Trying gmin =   5.6434E-10 Note: One successful gmin step
Trying gmin =   2.9272E-10 Note: One successful gmin step
Trying gmin =   1.0935E-10 Note: One successful gmin step
Trying gmin =   2.4968E-11 Note: One successful gmin step
Trying gmin =   2.7240E-12 Note: One successful gmin step
Trying gmin =   1.0000E-12 Note: One successful gmin step
Note: True gmin stepping completed
 Reference value :  1.28000e+00
No compatibility mode selected!


Circuit: * ldo netlist 

Doing analysis at TEMP = 0.000000 and TNOM = 27.000000


No. of Data Rows : 86
temp_coeff = 3.016624e+01
Doing analysis at TEMP = 0.000000 and TNOM = 27.000000


No. of Data Rows : 141
vldo_sup_2          =  1.798777e+00
vldo_sup_2_8        =  1.797692e+00
line_reg = 1.356250e-03
Note: Starting true gmin stepping
Trying gmin =   1.0000E-03 Note: One successful gmin step
Trying gmin =   1.0000E-04 Note: One successful gmin step
Trying gmin =   1.0000E-05 Note: One successful gmin step
Trying gmin =   1.0000E-06 Note: One successful gmin step
Trying gmin =   1.0000E-07 Warning: Further gmin increment
Trying gmin =   5.6234E-07 Note: One successful gmin step
Trying gmin =   2.3714E-07 Note: One successful gmin step
Trying gmin =   6.4938E-08 Note: One successful gmin step
Trying gmin =   3.3982E-08 Warning: Further gmin increment
Trying gmin =   5.5232E-08 Note: One successful gmin step
Trying gmin =   4.3323E-08 Note: One successful gmin step
Trying gmin =   3.0096E-08 Warning: Further gmin increment
Trying gmin =   3.9552E-08 Warning: Further gmin increment
Trying gmin =   4.2348E-08 Note: One successful gmin step
Trying gmin =   4.0926E-08 Note: One successful gmin step
Trying gmin =   3.9552E-08 Note: One successful gmin step
Trying gmin =   3.7577E-08 Note: One successful gmin step
Trying gmin =   3.4798E-08 Note: One successful gmin step
Trying gmin =   3.1009E-08 Note: One successful gmin step
Trying gmin =   2.6086E-08 Note: One successful gmin step
Trying gmin =   2.0127E-08 Warning: Further gmin increment
Trying gmin =   2.4448E-08 Warning: Further gmin increment
Trying gmin =   2.5667E-08 Warning: Further gmin increment
Trying gmin =   2.5981E-08 Note: One successful gmin step
Trying gmin =   2.5823E-08 Note: One successful gmin step
Trying gmin =   2.5589E-08 Warning: Further gmin increment
Trying gmin =   2.5764E-08 Note: One successful gmin step
Trying gmin =   2.5676E-08 Warning: Further gmin increment
Trying gmin =   2.5742E-08 Note: One successful gmin step
Trying gmin =   2.5709E-08 Warning: Further gmin increment
Trying gmin =   2.5734E-08 Note: One successful gmin step
Trying gmin =   2.5722E-08 Note: One successful gmin step
Trying gmin =   2.5703E-08 Warning: Further gmin increment
Trying gmin =   2.5717E-08 Note: One successful gmin step
Trying gmin =   2.5710E-08 Warning: Further gmin increment
Trying gmin =   2.5715E-08 Warning: Further gmin increment
Trying gmin =   2.5717E-08 Note: One successful gmin step
Trying gmin =   2.5716E-08 Warning: Last gmin step failed
Warning: True gmin stepping failed
Note: Starting dynamic gmin stepping
Trying gmin =   1.0000E-03 Note: One successful gmin step
Trying gmin =   1.0000E-04 Note: One successful gmin step
Trying gmin =   1.0000E-05 Note: One successful gmin step
Trying gmin =   1.0000E-06 Note: One successful gmin step
Trying gmin =   1.0000E-07 Warning: Further gmin increment
Trying gmin =   5.6234E-07 Warning: Further gmin increment
Trying gmin =   8.6596E-07 Note: One successful gmin step
Trying gmin =   6.9783E-07 Warning: Further gmin increment
Trying gmin =   8.2047E-07 Warning: Further gmin increment
Trying gmin =   8.5436E-07 Note: One successful gmin step
Trying gmin =   8.3724E-07 Warning: Further gmin increment
Trying gmin =   8.5005E-07 Warning: Further gmin increment
Trying gmin =   8.5328E-07 Note: One successful gmin step
Trying gmin =   8.5166E-07 Note: One successful gmin step
Trying gmin =   8.4924E-07 Note: One successful gmin step
Trying gmin =   8.4562E-07 Note: One successful gmin step
Trying gmin =   8.4023E-07 Note: One successful gmin step
Trying gmin =   8.3220E-07 Note: One successful gmin step
Trying gmin =   8.2029E-07 Note: One successful gmin step
Trying gmin =   8.0275E-07 Note: One successful gmin step
Trying gmin =   7.7715E-07 Note: One successful gmin step
Trying gmin =   7.4026E-07 Note: One successful gmin step
Trying gmin =   6.8819E-07 Note: One successful gmin step
Trying gmin =   6.1687E-07 Note: One successful gmin step
Trying gmin =   5.2351E-07 Note: One successful gmin step
Trying gmin =   4.0928E-07 Note: One successful gmin step
Trying gmin =   2.8291E-07 Note: One successful gmin step
Trying gmin =   1.6260E-07 Note: One successful gmin step
Trying gmin =   7.0843E-08 Note: One successful gmin step
Trying gmin =   2.0374E-08 Note: One successful gmin step
Trying gmin =   3.1423E-09 Note: One successful gmin step
Trying gmin =   3.1423E-10 Note: One successful gmin step
Trying gmin =   3.1423E-11 Note: One successful gmin step
Trying gmin =   3.1423E-12 Note: One successful gmin step
Trying gmin =   1.0000E-12 Note: One successful gmin step
Note: Dynamic gmin stepping completed
 Reference value :  1.00000e+00vin                 =  1.764096e+00
dropout = 9.600000e-05
Doing analysis at TEMP = 0.000000 and TNOM = 27.000000


No. of Data Rows : 91
Note: Starting true gmin stepping
Trying gmin =   1.0000E-03 Note: One successful gmin step
Trying gmin =   1.0000E-04 Note: One successful gmin step
Trying gmin =   1.0000E-05 Note: One successful gmin step
Trying gmin =   1.0000E-06 Note: One successful gmin step
Trying gmin =   1.0000E-07 Warning: Further gmin increment
Trying gmin =   5.6234E-07 Note: One successful gmin step
Trying gmin =   2.3714E-07 Note: One successful gmin step
Trying gmin =   6.4938E-08 Note: One successful gmin step
Trying gmin =   3.3982E-08 Warning: Further gmin increment
Trying gmin =   5.5232E-08 Note: One successful gmin step
Trying gmin =   4.3323E-08 Note: One successful gmin step
Trying gmin =   3.0096E-08 Warning: Further gmin increment
Trying gmin =   3.9552E-08 Warning: Further gmin increment
Trying gmin =   4.2348E-08 Note: One successful gmin step
Trying gmin =   4.0926E-08 Note: One successful gmin step
Trying gmin =   3.9552E-08 Note: One successful gmin step
Trying gmin =   3.7577E-08 Note: One successful gmin step
Trying gmin =   3.4798E-08 Note: One successful gmin step
Trying gmin =   3.1009E-08 Note: One successful gmin step
Trying gmin =   2.6086E-08 Note: One successful gmin step
Trying gmin =   2.0127E-08 Warning: Further gmin increment
Trying gmin =   2.4448E-08 Warning: Further gmin increment
Trying gmin =   2.5667E-08 Warning: Further gmin increment
Trying gmin =   2.5981E-08 Note: One successful gmin step
Trying gmin =   2.5823E-08 Note: One successful gmin step
Trying gmin =   2.5589E-08 Warning: Further gmin increment
Trying gmin =   2.5764E-08 Note: One successful gmin step
Trying gmin =   2.5676E-08 Warning: Further gmin increment
Trying gmin =   2.5742E-08 Note: One successful gmin step
Trying gmin =   2.5709E-08 Warning: Further gmin increment
Trying gmin =   2.5734E-08 Note: One successful gmin step
Trying gmin =   2.5722E-08 Note: One successful gmin step
Trying gmin =   2.5703E-08 Warning: Further gmin increment
Trying gmin =   2.5717E-08 Note: One successful gmin step
Trying gmin =   2.5710E-08 Warning: Further gmin increment
Trying gmin =   2.5715E-08 Warning: Further gmin increment
Trying gmin =   2.5717E-08 Note: One successful gmin step
Trying gmin =   2.5716E-08 Warning: Last gmin step failed
Warning: True gmin stepping failed
Note: Starting dynamic gmin stepping
Trying gmin =   1.0000E-03 Note: One successful gmin step
Trying gmin =   1.0000E-04 Note: One successful gmin step
Trying gmin =   1.0000E-05 Note: One successful gmin step
Trying gmin =   1.0000E-06 Note: One successful gmin step
Trying gmin =   1.0000E-07 Warning: Further gmin increment
Trying gmin =   5.6234E-07 Warning: Further gmin increment
Trying gmin =   8.6596E-07 Note: One successful gmin step
Trying gmin =   6.9783E-07 Warning: Further gmin increment
Trying gmin =   8.2047E-07 Warning: Further gmin increment
Trying gmin =   8.5436E-07 Note: One successful gmin step
Trying gmin =   8.3724E-07 Warning: Further gmin increment
Trying gmin =   8.5005E-07 Warning: Further gmin increment
Trying gmin =   8.5328E-07 Note: One successful gmin step
Trying gmin =   8.5166E-07 Note: One successful gmin step
Trying gmin =   8.4924E-07 Note: One successful gmin step
Trying gmin =   8.4562E-07 Note: One successful gmin step
Trying gmin =   8.4023E-07 Note: One successful gmin step
Trying gmin =   8.3220E-07 Note: One successful gmin step
Trying gmin =   8.2029E-07 Note: One successful gmin step
Trying gmin =   8.0275E-07 Note: One successful gmin step
Trying gmin =   7.7715E-07 Note: One successful gmin step
Trying gmin =   7.4026E-07 Note: One successful gmin step
Trying gmin =   6.8819E-07 Note: One successful gmin step
Trying gmin =   6.1687E-07 Note: One successful gmin step
Trying gmin =   5.2351E-07 Note: One successful gmin step
Trying gmin =   4.0928E-07 Note: One successful gmin step
Trying gmin =   2.8291E-07 Note: One successful gmin step
Trying gmin =   1.6260E-07 Note: One successful gmin step
Trying gmin =   7.0843E-08 Note: One successful gmin step
Trying gmin =   2.0374E-08 Note: One successful gmin step
Trying gmin =   3.1423E-09 Note: One successful gmin step
Trying gmin =   3.1423E-10 Note: One successful gmin step
Trying gmin =   3.1423E-11 Note: One successful gmin step
Trying gmin =   3.1423E-12 Note: One successful gmin step
Trying gmin =   1.0000E-12 Note: One successful gmin step
Note: Dynamic gmin stepping completed
 Reference value :  1.00000e+00Note: No ".plot", ".print", or ".fourier" lines; no simulations run
pm                  =  6.649831e+01
Doing analysis at TEMP = 0.000000 and TNOM = 27.000000


No. of Data Rows : 91
psrr100             =  -5.667329e+01
psrr100k            =  -2.772208e+01
