 Reference value :  8.00000e+01Note: Starting true gmin stepping
Trying gmin =   1.0000E-03 Note: One successful gmin step
Trying gmin =   1.0000E-04 Note: One successful gmin step
Trying gmin =   1.0000E-05 Note: One successful gmin step
Trying gmin =   1.0000E-06 Note: One successful gmin step
Trying gmin =   1.0000E-07 Warning: Further gmin increment
Trying gmin =   5.6234E-07 Note: One successful gmin step
Trying gmin =   2.3714E-07 Warning: Further gmin increment
Trying gmin =   4.5316E-07 Note: One successful gmin step
Trying gmin =   3.2781E-07 Note: One successful gmin step
Trying gmin =   2.0169E-07 Warning: Further gmin increment
Trying gmin =   2.9033E-07 Note: One successful gmin step
Trying gmin =   2.4199E-07 Warning: Further gmin increment
Trying gmin =   2.7741E-07 Note: One successful gmin step
Trying gmin =   2.5909E-07 Warning: Further gmin increment
Trying gmin =   2.7271E-07 Note: One successful gmin step
Trying gmin =   2.6581E-07 Note: One successful gmin step
Trying gmin =   2.5579E-07 Warning: Further gmin increment
Trying gmin =   2.6327E-07 Warning: Further gmin increment
Trying gmin =   2.6518E-07 Note: One successful gmin step
Trying gmin =   2.6422E-07 Note: One successful gmin step
Trying gmin =   2.6280E-07 Warning: Further gmin increment
Trying gmin =   2.6387E-07 Note: One successful gmin step
Trying gmin =   2.6333E-07 Warning: Further gmin increment
Trying gmin =   2.6373E-07 Warning: Further gmin increment
Trying gmin =   2.6383E-07 Note: One successful gmin step
Trying gmin =   2.6378E-07 Note: One successful gmin step
Trying gmin =   2.6371E-07 Warning: Further gmin increment
Trying gmin =   2.6376E-07 Note: One successful gmin step
Trying gmin =   2.6373E-07 Warning: Further gmin increment
Trying gmin =   2.6376E-07 Note: One successful gmin step
Trying gmin =   2.6375E-07 Note: One successful gmin step
Trying gmin =   2.6373E-07 Warning: Further gmin increment
Trying gmin =   2.6374E-07 Warning: Last gmin step failed
Warning: True gmin stepping failed
Note: Starting dynamic gmin stepping
Trying gmin =   1.0000E-03 Note: One successful gmin step
Trying gmin =   1.0000E-04 Note: One successful gmin step
Trying gmin =   1.0000E-05 Note: One successful gmin step
Trying gmin =   1.0000E-06 Warning: Further gmin increment
Trying gmin =   5.6234E-06 Note: One successful gmin step
Trying gmin =   2.3714E-06 Note: One successful gmin step
Trying gmin =   1.0000E-06 Note: One successful gmin step
Trying gmin =   2.7384E-07 Warning: Further gmin increment
Trying gmin =   7.2339E-07 Warning: Further gmin increment
Trying gmin =   9.2224E-07 Note: One successful gmin step
Trying gmin =   8.1679E-07 Note: One successful gmin step
Trying gmin =   6.8078E-07 Warning: Further gmin increment
Trying gmin =   7.8043E-07 Note: One successful gmin step
Trying gmin =   7.4569E-07 Note: One successful gmin step
Trying gmin =   6.9646E-07 Warning: Further gmin increment
Trying gmin =   7.3307E-07 Note: One successful gmin step
Trying gmin =   7.1453E-07 Warning: Further gmin increment
Trying gmin =   7.2839E-07 Note: One successful gmin step
Trying gmin =   7.2142E-07 Warning: Further gmin increment
Trying gmin =   7.2664E-07 Warning: Further gmin increment
Trying gmin =   7.2795E-07 Note: One successful gmin step
Trying gmin =   7.2729E-07 Warning: Further gmin increment
Trying gmin =   7.2779E-07 Note: One successful gmin step
Trying gmin =   7.2754E-07 Warning: Further gmin increment
Trying gmin =   7.2772E-07 Note: One successful gmin step
Trying gmin =   7.2763E-07 Note: One successful gmin step
Trying gmin =   7.2749E-07 Warning: Further gmin increment
Trying gmin =   7.2760E-07 Note: One successful gmin step
Trying gmin =   7.2755E-07 Warning: Further gmin increment
Trying gmin =   7.2758E-07 Warning: Last gmin step failed
Warning: Dynamic gmin stepping failed
Note: Starting source stepping
Supplies reduced to   0.0000% Note: One successful source step
Supplies reduced to   0.1000% Note: One successful source step
Supplies reduced to   0.2000% Note: One successful source step
Supplies reduced to   0.3500% Note: One successful source step
Supplies reduced to   0.5750% Note: One successful source step
Supplies reduced to   0.9125% Note: One successful source step
Supplies reduced to   1.4188% Note: One successful source step
Supplies reduced to   2.1781% Note: One successful source step
Supplies reduced to   3.3172% Note: One successful source step
Supplies reduced to   5.0258% Note: One successful source step
Supplies reduced to   7.5887% Note: One successful source step
Supplies reduced to  11.4330% Note: One successful source step
Supplies reduced to  17.1995% Note: One successful source step
Supplies reduced to  25.8493% Note: One successful source step
Supplies reduced to  38.8239% Supplies reduced to  25.8493% Note: One successful source step
Supplies reduced to  26.8493% Note: One successful source step
Supplies reduced to  28.3493% Note: One successful source step
Supplies reduced to  30.5993% Note: One successful source step
Supplies reduced to  33.9743% Note: One successful source step
Supplies reduced to  39.0368% Supplies reduced to  33.9743% Note: One successful source step
Supplies reduced to  34.2274% Note: One successful source step
Supplies reduced to  34.6071% Note: One successful source step
Supplies reduced to  35.1766% Note: One successful source step
Supplies reduced to  36.0309% Note: One successful source step
Supplies reduced to  37.3124% Note: One successful source step
Supplies reduced to  39.2345% Note: One successful source step
Supplies reduced to  42.1178% Note: One successful source step
Supplies reduced to  46.4427% Note: One successful source step
Supplies reduced to  52.9300% Note: One successful source step
Supplies reduced to  62.6609% Note: One successful source step
Supplies reduced to  77.2574% Supplies reduced to  62.6609% Note: One successful source step
Supplies reduced to  63.6609% Note: One successful source step
Supplies reduced to  65.1609% Supplies reduced to  63.6609% Note: One successful source step
Supplies reduced to  63.8859% Note: One successful source step
Supplies reduced to  64.2234% Note: One successful source step
Supplies reduced to  64.7297% Note: One successful source step
Supplies reduced to  65.4891% Supplies reduced to  64.7297% Note: One successful source step
Supplies reduced to  64.8436% Supplies reduced to  64.7297% Note: One successful source step
Supplies reduced to  64.7468% Supplies reduced to  64.7297% Note: One successful source step
Supplies reduced to  64.7323% Note: One successful source step
Supplies reduced to  64.7361% Supplies reduced to  64.7323% Note: One successful source step
Supplies reduced to  64.7328% Note: One successful source step
Supplies reduced to  64.7337% Note: One successful source step
Supplies reduced to  64.7350% Supplies reduced to  64.7337% Note: One successful source step
Supplies reduced to  64.7339% Note: One successful source step
Supplies reduced to  64.7342% Note: One successful source step
Supplies reduced to  64.7346% Note: One successful source step
Supplies reduced to  64.7353% Supplies reduced to  64.7346% Note: One successful source step
Supplies reduced to  64.7347% Note: One successful source step
Supplies reduced to  64.7349% Supplies reduced to  64.7347% Note: One successful source step
Supplies reduced to  64.7347% Note: One successful source step
Supplies reduced to  64.7348% Note: One successful source step
Supplies reduced to  64.7348% Note: One successful source step
Supplies reduced to  64.7349% Supplies reduced to  64.7348% Note: One successful source step
Supplies reduced to  64.7348% Note: One successful source step
Supplies reduced to  64.7349% Note: One successful source step
Supplies reduced to  64.7349% Warning: source stepping failed
doAnalyses: Too many iterations without convergence

dc simulation(s) aborted
Error(parse.c--checkvalid): vldo_sup_3: zero length vector.
Error: RHS "vldo_sup_3-vldo_sup_2" invalid
Error(parse.c--checkvalid): line_reg: zero length vector.
Error(parse.c--checkvalid): vin: zero length vector.
Error: RHS "vin-1.764" invalid
Error(parse.c--checkvalid): dropout: zero length vector.
Error: no such vector dropout
Note: Starting true gmin stepping
Trying gmin =   1.0000E-03 Note: One successful gmin step
Trying gmin =   1.0000E-04 Note: One successful gmin step
Trying gmin =   1.0000E-05 Note: One successful gmin step
Trying gmin =   1.0000E-06 Note: One successful gmin step
Trying gmin =   1.0000E-07 Warning: Further gmin increment
Trying gmin =   5.6234E-07 Note: One successful gmin step
Trying gmin =   2.3714E-07 Warning: Further gmin increment
Trying gmin =   4.5316E-07 Note: One successful gmin step
Trying gmin =   3.2781E-07 Note: One successful gmin step
Trying gmin =   2.0169E-07 Warning: Further gmin increment
Trying gmin =   2.9033E-07 Note: One successful gmin step
Trying gmin =   2.4199E-07 Warning: Further gmin increment
Trying gmin =   2.7741E-07 Note: One successful gmin step
Trying gmin =   2.5909E-07 Warning: Further gmin increment
Trying gmin =   2.7271E-07 Note: One successful gmin step
Trying gmin =   2.6581E-07 Note: One successful gmin step
Trying gmin =   2.5579E-07 Warning: Further gmin increment
Trying gmin =   2.6327E-07 Warning: Further gmin increment
Trying gmin =   2.6518E-07 Note: One successful gmin step
Trying gmin =   2.6422E-07 Note: One successful gmin step
Trying gmin =   2.6280E-07 Warning: Further gmin increment
Trying gmin =   2.6387E-07 Note: One successful gmin step
Trying gmin =   2.6333E-07 Warning: Further gmin increment
Trying gmin =   2.6373E-07 Warning: Further gmin increment
Trying gmin =   2.6383E-07 Note: One successful gmin step
Trying gmin =   2.6378E-07 Note: One successful gmin step
Trying gmin =   2.6371E-07 Warning: Further gmin increment
Trying gmin =   2.6376E-07 Note: One successful gmin step
Trying gmin =   2.6373E-07 Warning: Further gmin increment
Trying gmin =   2.6376E-07 Note: One successful gmin step
Trying gmin =   2.6375E-07 Note: One successful gmin step
Trying gmin =   2.6373E-07 Warning: Further gmin increment
Trying gmin =   2.6374E-07 Warning: Last gmin step failed
Warning: True gmin stepping failed
Note: Starting dynamic gmin stepping
Trying gmin =   1.0000E-03 Note: One successful gmin step
Trying gmin =   1.0000E-04 Note: One successful gmin step
Trying gmin =   1.0000E-05 Note: One successful gmin step
Trying gmin =   1.0000E-06 Warning: Further gmin increment
Trying gmin =   5.6234E-06 Note: One successful gmin step
Trying gmin =   2.3714E-06 Note: One successful gmin step
Trying gmin =   1.0000E-06 Note: One successful gmin step
Trying gmin =   2.7384E-07 Warning: Further gmin increment
Trying gmin =   7.2339E-07 Warning: Further gmin increment
Trying gmin =   9.2224E-07 Note: One successful gmin step
Trying gmin =   8.1679E-07 Note: One successful gmin step
Trying gmin =   6.8078E-07 Warning: Further gmin increment
Trying gmin =   7.8043E-07 Note: One successful gmin step
Trying gmin =   7.4569E-07 Note: One successful gmin step
Trying gmin =   6.9646E-07 Warning: Further gmin increment
Trying gmin =   7.3307E-07 Note: One successful gmin step
Trying gmin =   7.1453E-07 Warning: Further gmin increment
Trying gmin =   7.2839E-07 Note: One successful gmin step
Trying gmin =   7.2142E-07 Warning: Further gmin increment
Trying gmin =   7.2664E-07 Warning: Further gmin increment
Trying gmin =   7.2795E-07 Note: One successful gmin step
Trying gmin =   7.2729E-07 Warning: Further gmin increment
Trying gmin =   7.2779E-07 Note: One successful gmin step
Trying gmin =   7.2754E-07 Warning: Further gmin increment
Trying gmin =   7.2772E-07 Note: One successful gmin step
Trying gmin =   7.2763E-07 Note: One successful gmin step
Trying gmin =   7.2749E-07 Warning: Further gmin increment
Trying gmin =   7.2760E-07 Note: One successful gmin step
Trying gmin =   7.2755E-07 Warning: Further gmin increment
Trying gmin =   7.2758E-07 Warning: Last gmin step failed
Warning: Dynamic gmin stepping failed
Note: Starting source stepping
Supplies reduced to   0.0000% Note: One successful source step
Supplies reduced to   0.1000% Note: One successful source step
Supplies reduced to   0.2000% Note: One successful source step
Supplies reduced to   0.3500% Note: One successful source step
Supplies reduced to   0.5750% Note: One successful source step
Supplies reduced to   0.9125% Note: One successful source step
Supplies reduced to   1.4188% Note: One successful source step
Supplies reduced to   2.1781% Note: One successful source step
Supplies reduced to   3.3172% Note: One successful source step
Supplies reduced to   5.0258% Note: One successful source step
Supplies reduced to   7.5887% Note: One successful source step
Supplies reduced to  11.4330% Note: One successful source step
Supplies reduced to  17.1995% Note: One successful source step
Supplies reduced to  25.8493% Note: One successful source step
Supplies reduced to  38.8239% Note: One successful source step
Supplies reduced to  51.7985% Supplies reduced to  38.8239% Note: One successful source step
Supplies reduced to  39.4726% Note: One successful source step
Supplies reduced to  40.4457% Note: One successful source step
Supplies reduced to  41.9054% Note: One successful source step
Supplies reduced to  44.0948% Note: One successful source step
Supplies reduced to  47.3791% Note: One successful source step
Supplies reduced to  52.3054% Note: One successful source step
Supplies reduced to  59.6948% Note: One successful source step
Supplies reduced to  70.7790% Supplies reduced to  59.6948% Note: One successful source step
Supplies reduced to  60.6948% Note: One successful source step
Supplies reduced to  62.1948% Note: One successful source step
Supplies reduced to  64.4448% Note: One successful source step
Supplies reduced to  67.8198% Supplies reduced to  64.4448% Note: One successful source step
Supplies reduced to  64.9511% Supplies reduced to  64.4448% Note: One successful source step
Supplies reduced to  64.5208% Note: One successful source step
Supplies reduced to  64.6347% Note: One successful source step
Supplies reduced to  64.8055% Supplies reduced to  64.6347% Note: One successful source step
Supplies reduced to  64.6603% Note: One successful source step
Supplies reduced to  64.6987% Note: One successful source step
Supplies reduced to  64.7564% Supplies reduced to  64.6987% Note: One successful source step
Supplies reduced to  64.7074% Note: One successful source step
Supplies reduced to  64.7204% Note: One successful source step
Supplies reduced to  64.7398% Supplies reduced to  64.7204% Note: One successful source step
Supplies reduced to  64.7233% Note: One successful source step
Supplies reduced to  64.7277% Note: One successful source step
Supplies reduced to  64.7342% Note: One successful source step
Supplies reduced to  64.7441% Supplies reduced to  64.7342% Note: One successful source step
Supplies reduced to  64.7357% Supplies reduced to  64.7342% Note: One successful source step
Supplies reduced to  64.7344% Note: One successful source step
Supplies reduced to  64.7348% Note: One successful source step
Supplies reduced to  64.7353% Supplies reduced to  64.7348% Note: One successful source step
Supplies reduced to  64.7349% Note: One successful source step
Supplies reduced to  64.7350% Supplies reduced to  64.7349% Note: One successful source step
Supplies reduced to  64.7349% Warning: source stepping failed
doAnalyses: Too many iterations without convergence

ac simulation(s) aborted
Error: no such vector PSRR100
Note: No ".plot", ".print", or ".fourier" lines; no simulations run

No compatibility mode selected!


Circuit: * ldo netlist 

Doing analysis at TEMP = 0.000000 and TNOM = 27.000000


No. of Data Rows : 81
temp_coeff = 2.051597e+01
Doing analysis at TEMP = 0.000000 and TNOM = 27.000000


Error: measure  vldo_sup_2  (AT) : out of interval
 meas dc vldo_sup_2 find ldo_out at=2 failed!


Error: measure  vldo_sup_3  (AT) : out of interval
 meas dc vldo_sup_3 find ldo_out at=3 failed!


Error: measure  vin  (WHEN) : out of interval
 meas dc vin when v(ldo_out)=1.764 failed!

Doing analysis at TEMP = 0.000000 and TNOM = 27.000000


AC operating point failed -

Last Node Voltages
------------------

Node                                   Last Voltage        Previous Iter
----                                   ------------        -------------
inn                                        0.860235             0.860278
mir                                        0.616155             0.616148
vdd                                         1.94205              1.94205
inp                                        0.858969             0.859011
bg_out                                     0.618675             0.618707
net3                                       0.643297             0.643328
net1                                       0.641809              0.64184
net2                                        1.53607               1.5347
net5                                       0.773443               0.7734
net4                                      0.0152041            0.0152133
net6                                       0.958303             0.958307
xc1.a                                             0                    0
xc1.b1                                            0                    0
xr7.xsky130_fd_pr__res_xhigh_po_0p35.ra           0.00177031           0.00177041
xr6.xsky130_fd_pr__res_xhigh_po_0p35.ra           0.00175704           0.00175713
net7                                       0.642037             0.642068
xr4.xsky130_fd_pr__res_xhigh_po_0p35.ra           0.00176067           0.00176076
xr2.xsky130_fd_pr__res_xhigh_po_0p35.ra             0.641812             0.641844
xr1.xsky130_fd_pr__res_xhigh_po_0p35.ra              0.64375             0.643782
xr3.xsky130_fd_pr__res_xhigh_po_0p35.ra              0.64501             0.645042
net9                                        1.02141              1.02138
net10                                   0.000336967          0.000337156
net8                                       0.740796             0.740792
pos                                        0.622532             0.622564
vb                                          1.00093              1.00093
out                                        0.790418             0.790413
ldo_out                                     1.00776              1.00782
net11                                      0.790418             0.790413
xr10.xsky130_fd_pr__res_xhigh_po_0p35.ra              0.62533             0.625362
xr11.xsky130_fd_pr__res_xhigh_po_0p35.ra           0.00284686           0.00284702
vs#branch                               -0.00566029          -0.00566058


Error: measure  psrr100  (AT) : out of interval
 meas ac psrr100 find vdb(ldo_out) at=100 failed!


Error: measure  psrr100k  (AT) : out of interval
 meas ac psrr100k find vdb(ldo_out) at=100k failed!

