 Reference value :  8.50000e+01 Reference value :  0.00000e+00Note: Starting true gmin stepping
Trying gmin =   1.0000E-03 Note: One successful gmin step
Trying gmin =   1.0000E-04 Note: One successful gmin step
Trying gmin =   1.0000E-05 Note: One successful gmin step
Trying gmin =   1.0000E-06 Warning: Further gmin increment
Trying gmin =   5.6234E-06 Note: One successful gmin step
Trying gmin =   2.3714E-06 Note: One successful gmin step
Trying gmin =   6.4938E-07 Warning: Further gmin increment
Trying gmin =   1.7154E-06 Note: One successful gmin step
Trying gmin =   1.0554E-06 Note: One successful gmin step
Trying gmin =   5.0937E-07 Note: One successful gmin step
Trying gmin =   2.4582E-07 Note: One successful gmin step
Trying gmin =   1.1864E-07 Note: One successful gmin step
Trying gmin =   3.9775E-08 Note: One successful gmin step
Trying gmin =   7.7214E-09 Note: One successful gmin step
Trying gmin =   7.7214E-10 Note: One successful gmin step
Trying gmin =   7.7214E-11 Note: One successful gmin step
Trying gmin =   7.7214E-12 Note: One successful gmin step
Trying gmin =   1.0000E-12 Note: One successful gmin step
Note: True gmin stepping completed
 Reference value :  2.80000e+00Note: Starting true gmin stepping
Trying gmin =   1.0000E-03 Note: One successful gmin step
Trying gmin =   1.0000E-04 Note: One successful gmin step
Trying gmin =   1.0000E-05 Note: One successful gmin step
Trying gmin =   1.0000E-06 Note: One successful gmin step
Trying gmin =   1.0000E-07 Note: One successful gmin step
Trying gmin =   1.0000E-08 Note: One successful gmin step
Trying gmin =   3.1623E-09 Note: One successful gmin step
Trying gmin =   5.6234E-10 Note: One successful gmin step
Trying gmin =   5.6234E-11 Note: One successful gmin step
Trying gmin =   5.6234E-12 Warning: Further gmin increment
Trying gmin =   3.1623E-11 Note: One successful gmin step
Trying gmin =   1.3335E-11 Warning: Further gmin increment
Trying gmin =   2.5483E-11 Note: One successful gmin step
Trying gmin =   1.8434E-11 Note: One successful gmin step
Trying gmin =   1.1342E-11 Note: One successful gmin step
Trying gmin =   5.4737E-12 Note: One successful gmin step
Trying gmin =   1.8352E-12 Warning: Further gmin increment
Trying gmin =   4.1651E-12 Note: One successful gmin step
Trying gmin =   2.7647E-12 Note: One successful gmin step
Trying gmin =   1.4951E-12 Warning: Further gmin increment
Trying gmin =   2.3709E-12 Warning: Further gmin increment
Trying gmin =   2.6605E-12 Warning: Further gmin increment
Trying gmin =   2.7383E-12 Warning: Further gmin increment
Trying gmin =   2.7581E-12 Note: One successful gmin step
Trying gmin =   2.7515E-12 Warning: Further gmin increment
Trying gmin =   2.7564E-12 Note: One successful gmin step
Trying gmin =   2.7539E-12 Note: One successful gmin step
Trying gmin =   2.7527E-12 Note: One successful gmin step
Trying gmin =   2.7521E-12 Note: One successful gmin step
Trying gmin =   2.7515E-12 Warning: Further gmin increment
Trying gmin =   2.7519E-12 Note: One successful gmin step
Trying gmin =   2.7518E-12 Note: One successful gmin step
Trying gmin =   2.7516E-12 Note: One successful gmin step
Trying gmin =   2.7513E-12 Note: One successful gmin step
Trying gmin =   2.7508E-12 Note: One successful gmin step
Trying gmin =   2.7501E-12 Note: One successful gmin step
Trying gmin =   2.7491E-12 Note: One successful gmin step
Trying gmin =   2.7475E-12 Note: One successful gmin step
Trying gmin =   2.7452E-12 Note: One successful gmin step
Trying gmin =   2.7416E-12 Note: One successful gmin step
Trying gmin =   2.7364E-12 Note: One successful gmin step
Trying gmin =   2.7285E-12 Note: One successful gmin step
Trying gmin =   2.7167E-12 Note: One successful gmin step
Trying gmin =   2.6992E-12 Note: One successful gmin step
Trying gmin =   2.6730E-12 Note: One successful gmin step
Trying gmin =   2.6343E-12 Note: One successful gmin step
Trying gmin =   2.5772E-12 Note: One successful gmin step
Trying gmin =   2.4940E-12 Note: One successful gmin step
Trying gmin =   2.3741E-12 Note: One successful gmin step
Trying gmin =   2.2050E-12 Note: One successful gmin step
Trying gmin =   1.9737E-12 Note: One successful gmin step
Trying gmin =   1.6713E-12 Note: One successful gmin step
Trying gmin =   1.3024E-12 Note: One successful gmin step
Trying gmin =   1.0000E-12 Note: One successful gmin step
Note: True gmin stepping completed
 Reference value :  1.20000e+00Note: Starting true gmin stepping
Trying gmin =   1.0000E-03 Note: One successful gmin step
Trying gmin =   1.0000E-04 Note: One successful gmin step
Trying gmin =   1.0000E-05 Note: One successful gmin step
Trying gmin =   1.0000E-06 Note: One successful gmin step
Trying gmin =   1.0000E-07 Note: One successful gmin step
Trying gmin =   1.0000E-08 Note: One successful gmin step
Trying gmin =   3.1623E-09 Note: One successful gmin step
Trying gmin =   5.6234E-10 Note: One successful gmin step
Trying gmin =   5.6234E-11 Note: One successful gmin step
Trying gmin =   5.6234E-12 Warning: Further gmin increment
Trying gmin =   3.1623E-11 Note: One successful gmin step
Trying gmin =   1.3335E-11 Note: One successful gmin step
Trying gmin =   8.6596E-12 Note: One successful gmin step
Trying gmin =   4.5316E-12 Note: One successful gmin step
Trying gmin =   1.7154E-12 Warning: Further gmin increment
Trying gmin =   3.5545E-12 Note: One successful gmin step
Trying gmin =   2.4693E-12 Note: One successful gmin step
Trying gmin =   1.7154E-12 Warning: Further gmin increment
Trying gmin =   2.2544E-12 Note: One successful gmin step
Trying gmin =   1.9665E-12 Warning: Further gmin increment
Trying gmin =   2.1787E-12 Note: One successful gmin step
Trying gmin =   2.0699E-12 Note: One successful gmin step
Trying gmin =   2.0176E-12 Warning: Further gmin increment
Trying gmin =   2.0567E-12 Warning: Further gmin increment
Trying gmin =   2.0666E-12 Warning: Further gmin increment
Trying gmin =   2.0691E-12 Note: One successful gmin step
Trying gmin =   2.0682E-12 Note: One successful gmin step
Trying gmin =   2.0674E-12 Note: One successful gmin step
Trying gmin =   2.0662E-12 Warning: Further gmin increment
Trying gmin =   2.0671E-12 Note: One successful gmin step
Trying gmin =   2.0668E-12 Note: One successful gmin step
Trying gmin =   2.0663E-12 Warning: Further gmin increment
Trying gmin =   2.0667E-12 Warning: Further gmin increment
Trying gmin =   2.0668E-12 Note: One successful gmin step
Trying gmin =   2.0667E-12 Note: One successful gmin step
Trying gmin =   2.0666E-12 Note: One successful gmin step
Trying gmin =   2.0665E-12 Warning: Further gmin increment
Trying gmin =   2.0666E-12 Warning: Last gmin step failed
Warning: True gmin stepping failed
Note: Starting dynamic gmin stepping
Trying gmin =   1.0000E-03 Note: One successful gmin step
Trying gmin =   1.0000E-04 Note: One successful gmin step
Trying gmin =   1.0000E-05 Note: One successful gmin step
Trying gmin =   1.0000E-06 Note: One successful gmin step
Trying gmin =   1.0000E-07 Note: One successful gmin step
Trying gmin =   1.0000E-08 Note: One successful gmin step
Trying gmin =   1.0000E-09 Note: One successful gmin step
Trying gmin =   1.0000E-10 Note: One successful gmin step
Trying gmin =   1.0000E-11 Warning: Further gmin increment
Trying gmin =   5.6234E-11 Note: One successful gmin step
Trying gmin =   2.3714E-11 Note: One successful gmin step
Trying gmin =   6.4938E-12 Note: One successful gmin step
Trying gmin =   3.3982E-12 Warning: Further gmin increment
Trying gmin =   5.5232E-12 Note: One successful gmin step
Trying gmin =   4.3323E-12 Warning: Further gmin increment
Trying gmin =   5.1978E-12 Note: One successful gmin step
Trying gmin =   4.7454E-12 Note: One successful gmin step
Trying gmin =   4.1395E-12 Warning: Further gmin increment
Trying gmin =   4.5860E-12 Note: One successful gmin step
Trying gmin =   4.3570E-12 Warning: Further gmin increment
Trying gmin =   4.5277E-12 Note: One successful gmin step
Trying gmin =   4.4415E-12 Note: One successful gmin step
Trying gmin =   4.3154E-12 Note: One successful gmin step
Trying gmin =   4.2537E-12 Note: One successful gmin step
Trying gmin =   4.1627E-12 Note: One successful gmin step
Trying gmin =   4.0299E-12 Note: One successful gmin step
Trying gmin =   3.8387E-12 Note: One successful gmin step
Trying gmin =   3.5687E-12 Note: One successful gmin step
Trying gmin =   3.1988E-12 Note: One successful gmin step
Trying gmin =   2.7147E-12 Note: One successful gmin step
Trying gmin =   2.1223E-12 Note: One successful gmin step
Trying gmin =   1.4671E-12 Note: One successful gmin step
Trying gmin =   1.0000E-12 Note: One successful gmin step
Note: Dynamic gmin stepping completed
 Reference value :  1.18000e+00Note: Starting true gmin stepping
Trying gmin =   1.0000E-03 Note: One successful gmin step
Trying gmin =   1.0000E-04 Note: One successful gmin step
Trying gmin =   1.0000E-05 Note: One successful gmin step
Trying gmin =   1.0000E-06 Note: One successful gmin step
Trying gmin =   1.0000E-07 Note: One successful gmin step
Trying gmin =   1.0000E-08 Note: One successful gmin step
Trying gmin =   1.0000E-09 Note: One successful gmin step
Trying gmin =   1.0000E-10 Note: One successful gmin step
Trying gmin =   1.0000E-11 Note: One successful gmin step
Trying gmin =   1.0000E-12 Note: One successful gmin step
Trying gmin =   1.0000E-12 Note: One successful gmin step
Note: True gmin stepping completed
 Reference value :  1.12000e+00 Reference value :  8.80000e-01
No compatibility mode selected!


Circuit: * ldo netlist 

Doing analysis at TEMP = 0.000000 and TNOM = 27.000000


No. of Data Rows : 86
temp_coeff = 5.068161e+01
Doing analysis at TEMP = 0.000000 and TNOM = 27.000000


No. of Data Rows : 141
vldo_sup_2          =  1.807739e+00
vldo_sup_2_8        =  1.806868e+00
line_reg = 1.088750e-03
Note: Starting true gmin stepping
Trying gmin =   1.0000E-03 Note: One successful gmin step
Trying gmin =   1.0000E-04 Note: One successful gmin step
Trying gmin =   1.0000E-05 Note: One successful gmin step
Trying gmin =   1.0000E-06 Note: One successful gmin step
Trying gmin =   1.0000E-07 Note: One successful gmin step
Trying gmin =   1.0000E-08 Warning: Further gmin increment
Trying gmin =   5.6234E-08 Warning: Further gmin increment
Trying gmin =   8.6596E-08 Note: One successful gmin step
Trying gmin =   6.9783E-08 Note: One successful gmin step
Trying gmin =   5.0481E-08 Warning: Further gmin increment
Trying gmin =   6.4357E-08 Note: One successful gmin step
Trying gmin =   5.6998E-08 Warning: Further gmin increment
Trying gmin =   6.2432E-08 Note: One successful gmin step
Trying gmin =   5.9653E-08 Note: One successful gmin step
Trying gmin =   5.5715E-08 Warning: Further gmin increment
Trying gmin =   5.8643E-08 Note: One successful gmin step
Trying gmin =   5.7160E-08 Warning: Further gmin increment
Trying gmin =   5.8269E-08 Warning: Further gmin increment
Trying gmin =   5.8550E-08 Note: One successful gmin step
Trying gmin =   5.8409E-08 Warning: Further gmin increment
Trying gmin =   5.8514E-08 Note: One successful gmin step
Trying gmin =   5.8462E-08 Warning: Further gmin increment
Trying gmin =   5.8501E-08 Note: One successful gmin step
Trying gmin =   5.8482E-08 Note: One successful gmin step
Trying gmin =   5.8452E-08 Warning: Further gmin increment
Trying gmin =   5.8474E-08 Note: One successful gmin step
Trying gmin =   5.8463E-08 Note: One successful gmin step
Trying gmin =   5.8446E-08 Warning: Further gmin increment
Trying gmin =   5.8459E-08 Warning: Further gmin increment
Trying gmin =   5.8462E-08 Warning: Last gmin step failed
Warning: True gmin stepping failed
Note: Starting dynamic gmin stepping
Trying gmin =   1.0000E-03 Note: One successful gmin step
Trying gmin =   1.0000E-04 Note: One successful gmin step
Trying gmin =   1.0000E-05 Note: One successful gmin step
Trying gmin =   1.0000E-06 Note: One successful gmin step
Trying gmin =   3.1623E-07 Note: One successful gmin step
Trying gmin =   5.6234E-08 Warning: Further gmin increment
Trying gmin =   2.0535E-07 Warning: Further gmin increment
Trying gmin =   2.8387E-07 Note: One successful gmin step
Trying gmin =   2.4144E-07 Warning: Further gmin increment
Trying gmin =   2.7261E-07 Note: One successful gmin step
Trying gmin =   2.6715E-07 Note: One successful gmin step
Trying gmin =   2.5916E-07 Note: One successful gmin step
Trying gmin =   2.4763E-07 Note: One successful gmin step
Trying gmin =   2.3128E-07 Note: One successful gmin step
Trying gmin =   2.0876E-07 Note: One successful gmin step
Trying gmin =   1.7902E-07 Note: One successful gmin step
Trying gmin =   1.4216E-07 Note: One successful gmin step
Trying gmin =   1.0060E-07 Note: One successful gmin step
Trying gmin =   5.9891E-08 Note: One successful gmin step
Trying gmin =   2.7509E-08 Note: One successful gmin step
Trying gmin =   8.5637E-09 Note: One successful gmin step
Trying gmin =   1.4874E-09 Note: One successful gmin step
Trying gmin =   1.4874E-10 Note: One successful gmin step
Trying gmin =   1.4874E-11 Note: One successful gmin step
Trying gmin =   1.4874E-12 Note: One successful gmin step
Trying gmin =   1.0000E-12 Note: One successful gmin step
Note: Dynamic gmin stepping completed
 Reference value :  1.00000e+00vin                 =  1.894199e+00
dropout = 1.301990e-01
Doing analysis at TEMP = 0.000000 and TNOM = 27.000000


No. of Data Rows : 91
Error: no such vector PM
Note: Starting true gmin stepping
Trying gmin =   1.0000E-03 Note: One successful gmin step
Trying gmin =   1.0000E-04 Note: One successful gmin step
Trying gmin =   1.0000E-05 Note: One successful gmin step
Trying gmin =   1.0000E-06 Note: One successful gmin step
Trying gmin =   1.0000E-07 Note: One successful gmin step
Trying gmin =   1.0000E-08 Warning: Further gmin increment
Trying gmin =   5.6234E-08 Warning: Further gmin increment
Trying gmin =   8.6596E-08 Note: One successful gmin step
Trying gmin =   6.9783E-08 Note: One successful gmin step
Trying gmin =   5.0481E-08 Warning: Further gmin increment
Trying gmin =   6.4357E-08 Note: One successful gmin step
Trying gmin =   5.6998E-08 Warning: Further gmin increment
Trying gmin =   6.2432E-08 Note: One successful gmin step
Trying gmin =   5.9653E-08 Note: One successful gmin step
Trying gmin =   5.5715E-08 Warning: Further gmin increment
Trying gmin =   5.8643E-08 Note: One successful gmin step
Trying gmin =   5.7160E-08 Warning: Further gmin increment
Trying gmin =   5.8269E-08 Warning: Further gmin increment
Trying gmin =   5.8550E-08 Note: One successful gmin step
Trying gmin =   5.8409E-08 Warning: Further gmin increment
Trying gmin =   5.8514E-08 Note: One successful gmin step
Trying gmin =   5.8462E-08 Warning: Further gmin increment
Trying gmin =   5.8501E-08 Note: One successful gmin step
Trying gmin =   5.8482E-08 Note: One successful gmin step
Trying gmin =   5.8452E-08 Warning: Further gmin increment
Trying gmin =   5.8474E-08 Note: One successful gmin step
Trying gmin =   5.8463E-08 Note: One successful gmin step
Trying gmin =   5.8446E-08 Warning: Further gmin increment
Trying gmin =   5.8459E-08 Warning: Further gmin increment
Trying gmin =   5.8462E-08 Warning: Last gmin step failed
Warning: True gmin stepping failed
Note: Starting dynamic gmin stepping
Trying gmin =   1.0000E-03 Note: One successful gmin step
Trying gmin =   1.0000E-04 Note: One successful gmin step
Trying gmin =   1.0000E-05 Note: One successful gmin step
Trying gmin =   1.0000E-06 Note: One successful gmin step
Trying gmin =   3.1623E-07 Note: One successful gmin step
Trying gmin =   5.6234E-08 Warning: Further gmin increment
Trying gmin =   2.0535E-07 Warning: Further gmin increment
Trying gmin =   2.8387E-07 Note: One successful gmin step
Trying gmin =   2.4144E-07 Warning: Further gmin increment
Trying gmin =   2.7261E-07 Note: One successful gmin step
Trying gmin =   2.6715E-07 Note: One successful gmin step
Trying gmin =   2.5916E-07 Note: One successful gmin step
Trying gmin =   2.4763E-07 Note: One successful gmin step
Trying gmin =   2.3128E-07 Note: One successful gmin step
Trying gmin =   2.0876E-07 Note: One successful gmin step
Trying gmin =   1.7902E-07 Note: One successful gmin step
Trying gmin =   1.4216E-07 Note: One successful gmin step
Trying gmin =   1.0060E-07 Note: One successful gmin step
Trying gmin =   5.9891E-08 Note: One successful gmin step
Trying gmin =   2.7509E-08 Note: One successful gmin step
Trying gmin =   8.5637E-09 Note: One successful gmin step
Trying gmin =   1.4874E-09 Note: One successful gmin step
Trying gmin =   1.4874E-10 Note: One successful gmin step
Trying gmin =   1.4874E-11 Note: One successful gmin step
Trying gmin =   1.4874E-12 Note: One successful gmin step
Trying gmin =   1.0000E-12 Note: One successful gmin step
Note: Dynamic gmin stepping completed
 Reference value :  1.00000e+00Note: No ".plot", ".print", or ".fourier" lines; no simulations run

Error: measure  pm  (AT) : out of interval
 meas ac pm find p when vdb(ldo_out)=0 failed!

Doing analysis at TEMP = 0.000000 and TNOM = 27.000000


No. of Data Rows : 91
psrr100             =  -5.604596e+01
psrr100k            =  -2.169551e+01
