Note: Starting true gmin stepping
Trying gmin =   1.0000E-03 Note: One successful gmin step
Trying gmin =   1.0000E-04 Note: One successful gmin step
Trying gmin =   1.0000E-05 Note: One successful gmin step
Trying gmin =   1.0000E-06 Note: One successful gmin step
Trying gmin =   1.0000E-07 Warning: Further gmin increment
Trying gmin =   5.6234E-07 Note: One successful gmin step
Trying gmin =   2.3714E-07 Warning: Further gmin increment
Trying gmin =   4.5316E-07 Note: One successful gmin step
Trying gmin =   3.2781E-07 Note: One successful gmin step
Trying gmin =   2.0169E-07 Warning: Further gmin increment
Trying gmin =   2.9033E-07 Warning: Further gmin increment
Trying gmin =   3.1801E-07 Note: One successful gmin step
Trying gmin =   3.0385E-07 Note: One successful gmin step
Trying gmin =   2.8379E-07 Warning: Further gmin increment
Trying gmin =   2.9871E-07 Warning: Further gmin increment
Trying gmin =   3.0256E-07 Note: One successful gmin step
Trying gmin =   3.0063E-07 Warning: Further gmin increment
Trying gmin =   3.0208E-07 Note: One successful gmin step
Trying gmin =   3.0135E-07 Warning: Further gmin increment
Trying gmin =   3.0190E-07 Note: One successful gmin step
Trying gmin =   3.0162E-07 Warning: Further gmin increment
Trying gmin =   3.0183E-07 Note: One successful gmin step
Trying gmin =   3.0173E-07 Warning: Further gmin increment
Trying gmin =   3.0180E-07 Note: One successful gmin step
Trying gmin =   3.0176E-07 Note: One successful gmin step
Trying gmin =   3.0171E-07 Warning: Further gmin increment
Trying gmin =   3.0175E-07 Note: One successful gmin step
Trying gmin =   3.0173E-07 Warning: Further gmin increment
Trying gmin =   3.0174E-07 Note: One successful gmin step
Trying gmin =   3.0174E-07 Note: One successful gmin step
Trying gmin =   3.0172E-07 Warning: Last gmin step failed
Warning: True gmin stepping failed
Note: Starting dynamic gmin stepping
Trying gmin =   1.0000E-03 Note: One successful gmin step
Trying gmin =   1.0000E-04 Note: One successful gmin step
Trying gmin =   1.0000E-05 Note: One successful gmin step
Trying gmin =   1.0000E-06 Warning: Further gmin increment
Trying gmin =   5.6234E-06 Note: One successful gmin step
Trying gmin =   2.3714E-06 Note: One successful gmin step
Trying gmin =   6.4938E-07 Warning: Further gmin increment
Trying gmin =   1.7154E-06 Note: One successful gmin step
Trying gmin =   1.0554E-06 Note: One successful gmin step
Trying gmin =   5.0937E-07 Warning: Further gmin increment
Trying gmin =   8.7970E-07 Note: One successful gmin step
Trying gmin =   6.6940E-07 Warning: Further gmin increment
Trying gmin =   8.2162E-07 Note: One successful gmin step
Trying gmin =   7.4161E-07 Note: One successful gmin step
Trying gmin =   6.3597E-07 Warning: Further gmin increment
Trying gmin =   7.1366E-07 Note: One successful gmin step
Trying gmin =   6.7370E-07 Note: One successful gmin step
Trying gmin =   6.3597E-07 Note: One successful gmin step
Trying gmin =   5.8330E-07 Note: One successful gmin step
Trying gmin =   5.1237E-07 Note: One successful gmin step
Trying gmin =   4.2180E-07 Note: One successful gmin step
Trying gmin =   3.1507E-07 Note: One successful gmin step
Trying gmin =   2.0340E-07 Note: One successful gmin step
Trying gmin =   1.0550E-07 Note: One successful gmin step
Trying gmin =   3.9412E-08 Note: One successful gmin step
Trying gmin =   8.9988E-09 Note: One successful gmin step
Trying gmin =   9.8178E-10 Note: One successful gmin step
Trying gmin =   9.8178E-11 Note: One successful gmin step
Trying gmin =   9.8178E-12 Note: One successful gmin step
Trying gmin =   1.0000E-12 Note: One successful gmin step
Note: Dynamic gmin stepping completed
 Reference value :  0.00000e+00
No compatibility mode selected!


Circuit: * ldo netlist 

Doing analysis at TEMP = 27.000000 and TNOM = 27.000000


No. of Data Rows : 1
bg_out = 1.192548e+00
inn = 1.222377e+00
inp = 1.222329e+00
l1#branch = 0.000000e+00
ldo_out = 1.793288e+00
m.xm1.msky130_fd_pr__nfet_g5v0d10v5#body = 1.521308e-11
m.xm1.msky130_fd_pr__nfet_g5v0d10v5#dbody = 3.204266e-11
m.xm1.msky130_fd_pr__nfet_g5v0d10v5#sbody = 1.359658e-11
m.xm2.msky130_fd_pr__pfet_g5v0d10v5#body = 2.100000e+00
m.xm2.msky130_fd_pr__pfet_g5v0d10v5#dbody = 2.100000e+00
m.xm2.msky130_fd_pr__pfet_g5v0d10v5#sbody = 2.100000e+00
m.xm3.msky130_fd_pr__pfet_g5v0d10v5#body = 2.100000e+00
m.xm3.msky130_fd_pr__pfet_g5v0d10v5#dbody = 2.100000e+00
m.xm3.msky130_fd_pr__pfet_g5v0d10v5#sbody = 2.100000e+00
m.xm4.msky130_fd_pr__pfet_g5v0d10v5#body = 2.100000e+00
m.xm4.msky130_fd_pr__pfet_g5v0d10v5#dbody = 2.100000e+00
m.xm4.msky130_fd_pr__pfet_g5v0d10v5#sbody = 2.100000e+00
m.xm5.msky130_fd_pr__pfet_g5v0d10v5#body = 2.100000e+00
m.xm5.msky130_fd_pr__pfet_g5v0d10v5#dbody = 2.100000e+00
m.xm5.msky130_fd_pr__pfet_g5v0d10v5#sbody = 2.100000e+00
m.xm6.msky130_fd_pr__nfet_g5v0d10v5#body = 1.236111e-11
m.xm6.msky130_fd_pr__nfet_g5v0d10v5#dbody = 3.090277e-11
m.xm6.msky130_fd_pr__nfet_g5v0d10v5#sbody = 6.180560e-12
m.xm7.msky130_fd_pr__pfet_g5v0d10v5#body = 2.100000e+00
m.xm7.msky130_fd_pr__pfet_g5v0d10v5#dbody = 2.100000e+00
m.xm7.msky130_fd_pr__pfet_g5v0d10v5#sbody = 2.100000e+00
m.xm8.msky130_fd_pr__pfet_g5v0d10v5#body = 2.100000e+00
m.xm8.msky130_fd_pr__pfet_g5v0d10v5#dbody = 2.100000e+00
m.xm8.msky130_fd_pr__pfet_g5v0d10v5#sbody = 2.100000e+00
m.xm9.msky130_fd_pr__nfet_g5v0d10v5#body = 1.590028e-11
m.xm9.msky130_fd_pr__nfet_g5v0d10v5#dbody = 3.467456e-11
m.xm9.msky130_fd_pr__nfet_g5v0d10v5#sbody = 1.302628e-11
m.xm10.msky130_fd_pr__nfet_g5v0d10v5#body = 1.570372e-11
m.xm10.msky130_fd_pr__nfet_g5v0d10v5#dbody = 3.418316e-11
m.xm10.msky130_fd_pr__nfet_g5v0d10v5#sbody = 1.292800e-11
m.xm11.msky130_fd_pr__pfet_g5v0d10v5#body = 2.100000e+00
m.xm11.msky130_fd_pr__pfet_g5v0d10v5#dbody = 2.100000e+00
m.xm11.msky130_fd_pr__pfet_g5v0d10v5#sbody = 2.100000e+00
m.xm12.msky130_fd_pr__pfet_g5v0d10v5#body = 2.100000e+00
m.xm12.msky130_fd_pr__pfet_g5v0d10v5#dbody = 2.100000e+00
m.xm12.msky130_fd_pr__pfet_g5v0d10v5#sbody = 2.100000e+00
m.xm13.msky130_fd_pr__nfet_g5v0d10v5#body = 2.536713e-12
m.xm13.msky130_fd_pr__nfet_g5v0d10v5#dbody = 6.341771e-12
m.xm13.msky130_fd_pr__nfet_g5v0d10v5#sbody = 1.268366e-12
m.xm14.msky130_fd_pr__pfet_g5v0d10v5#body = 2.100000e+00
m.xm14.msky130_fd_pr__pfet_g5v0d10v5#dbody = 2.100000e+00
m.xm14.msky130_fd_pr__pfet_g5v0d10v5#sbody = 2.100000e+00
m.xm15.msky130_fd_pr__nfet_g5v0d10v5#body = 8.222248e-17
m.xm15.msky130_fd_pr__nfet_g5v0d10v5#dbody = 2.055529e-16
m.xm15.msky130_fd_pr__nfet_g5v0d10v5#sbody = 4.111457e-17
m.xm16.msky130_fd_pr__nfet_g5v0d10v5#body = 4.153847e-11
m.xm16.msky130_fd_pr__nfet_g5v0d10v5#dbody = 7.327799e-11
m.xm16.msky130_fd_pr__nfet_g5v0d10v5#sbody = 5.133742e-11
m.xm17.msky130_fd_pr__pfet_g5v0d10v5#body = 2.100000e+00
m.xm17.msky130_fd_pr__pfet_g5v0d10v5#dbody = 2.100000e+00
m.xm17.msky130_fd_pr__pfet_g5v0d10v5#sbody = 2.100000e+00
m.xm18.msky130_fd_pr__nfet_g5v0d10v5#body = 1.391468e-11
m.xm18.msky130_fd_pr__nfet_g5v0d10v5#dbody = 3.478669e-11
m.xm18.msky130_fd_pr__nfet_g5v0d10v5#sbody = 6.957353e-12
m.xm19.msky130_fd_pr__nfet_g5v0d10v5#body = 1.528171e-11
m.xm19.msky130_fd_pr__nfet_g5v0d10v5#dbody = 3.221423e-11
m.xm19.msky130_fd_pr__nfet_g5v0d10v5#sbody = 1.363089e-11
m.xm20.msky130_fd_pr__nfet_g5v0d10v5#body = 1.298687e-11
m.xm20.msky130_fd_pr__nfet_g5v0d10v5#dbody = 3.246717e-11
m.xm20.msky130_fd_pr__nfet_g5v0d10v5#sbody = 6.493449e-12
m.xm22.msky130_fd_pr__nfet_g5v0d10v5#body = 2.997732e-12
m.xm22.msky130_fd_pr__nfet_g5v0d10v5#dbody = 7.494324e-12
m.xm22.msky130_fd_pr__nfet_g5v0d10v5#sbody = 1.498870e-12
m.xm24.msky130_fd_pr__pfet_g5v0d10v5#body = 2.100000e+00
m.xm24.msky130_fd_pr__pfet_g5v0d10v5#dbody = 2.100000e+00
m.xm24.msky130_fd_pr__pfet_g5v0d10v5#sbody = 2.100000e+00
m.xm26.msky130_fd_pr__pfet_g5v0d10v5#body = 2.100000e+00
m.xm26.msky13Note: Starting true gmin stepping
Trying gmin =   1.0000E-03 Note: One successful gmin step
Trying gmin =   1.0000E-04 Note: One successful gmin step
Trying gmin =   1.0000E-05 Note: One successful gmin step
Trying gmin =   1.0000E-06 Note: One successful gmin step
Trying gmin =   1.0000E-07 Warning: Further gmin increment
Trying gmin =   5.6234E-07 Note: One successful gmin step
Trying gmin =   2.3714E-07 Warning: Further gmin increment
Trying gmin =   4.5316E-07 Note: One successful gmin step
Trying gmin =   3.2781E-07 Note: One successful gmin step
Trying gmin =   2.0169E-07 Warning: Further gmin increment
Trying gmin =   2.9033E-07 Warning: Further gmin increment
Trying gmin =   3.1801E-07 Note: One successful gmin step
Trying gmin =   3.0385E-07 Note: One successful gmin step
Trying gmin =   2.8379E-07 Warning: Further gmin increment
Trying gmin =   2.9871E-07 Warning: Further gmin increment
Trying gmin =   3.0256E-07 Note: One successful gmin step
Trying gmin =   3.0063E-07 Warning: Further gmin increment
Trying gmin =   3.0208E-07 Note: One successful gmin step
Trying gmin =   3.0135E-07 Warning: Further gmin increment
Trying gmin =   3.0190E-07 Note: One successful gmin step
Trying gmin =   3.0162E-07 Warning: Further gmin increment
Trying gmin =   3.0183E-07 Note: One successful gmin step
Trying gmin =   3.0173E-07 Warning: Further gmin increment
Trying gmin =   3.0180E-07 Note: One successful gmin step
Trying gmin =   3.0176E-07 Note: One successful gmin step
Trying gmin =   3.0171E-07 Warning: Further gmin increment
Trying gmin =   3.0175E-07 Note: One successful gmin step
Trying gmin =   3.0173E-07 Warning: Further gmin increment
Trying gmin =   3.0174E-07 Note: One successful gmin step
Trying gmin =   3.0174E-07 Note: One successful gmin step
Trying gmin =   3.0172E-07 Warning: Last gmin step failed
Warning: True gmin stepping failed
Note: Starting dynamic gmin stepping
Trying gmin =   1.0000E-03 Note: One successful gmin step
Trying gmin =   1.0000E-04 Note: One successful gmin step
Trying gmin =   1.0000E-05 Note: One successful gmin step
Trying gmin =   1.0000E-06 Warning: Further gmin increment
Trying gmin =   5.6234E-06 Note: One successful gmin step
Trying gmin =   2.3714E-06 Note: One successful gmin step
Trying gmin =   6.4938E-07 Warning: Further gmin increment
Trying gmin =   1.7154E-06 Note: One successful gmin step
Trying gmin =   1.0554E-06 Note: One successful gmin step
Trying gmin =   5.0937E-07 Warning: Further gmin increment
Trying gmin =   8.7970E-07 Note: One successful gmin step
Trying gmin =   6.6940E-07 Warning: Further gmin increment
Trying gmin =   8.2162E-07 Note: One successful gmin step
Trying gmin =   7.4161E-07 Note: One successful gmin step
Trying gmin =   6.3597E-07 Warning: Further gmin increment
Trying gmin =   7.1366E-07 Note: One successful gmin step
Trying gmin =   6.7370E-07 Note: One successful gmin step
Trying gmin =   6.3597E-07 Note: One successful gmin step
Trying gmin =   5.8330E-07 Note: One successful gmin step
Trying gmin =   5.1237E-07 Note: One successful gmin step
Trying gmin =   4.2180E-07 Note: One successful gmin step
Trying gmin =   3.1507E-07 Note: One successful gmin step
Trying gmin =   2.0340E-07 Note: One successful gmin step
Trying gmin =   1.0550E-07 Note: One successful gmin step
Trying gmin =   3.9412E-08 Note: One successful gmin step
Trying gmin =   8.9988E-09 Note: One successful gmin step
Trying gmin =   9.8178E-10 Note: One successful gmin step
Trying gmin =   9.8178E-11 Note: One successful gmin step
Trying gmin =   9.8178E-12 Note: One successful gmin step
Trying gmin =   1.0000E-12 Note: One successful gmin step
Note: Dynamic gmin stepping completed
 Reference value :  1.00000e+000_fd_pr__pfet_g5v0d10v5#dbody = 2.100000e+00
m.xm26.msky130_fd_pr__pfet_g5v0d10v5#sbody = 2.100000e+00
mir = 9.770947e-01
net1 = 7.251182e-01
net2 = 6.325832e-06
net3 = 7.846640e-01
net4 = 2.392514e-01
net5 = 9.825851e-01
net6 = 9.883216e-01
net7 = 7.846141e-01
net8 = 1.053011e+00
net9 = 1.068735e+00
net10 = 2.028041e-01
net11 = 1.113042e+00
net12 = 1.113042e+00
net13 = 0.000000e+00
out = 1.113042e+00
pos = 1.192715e+00
q.xq2.qsky130_fd_pr__pnp_05v5_w0p68l0p68#collcx = 2.092866e-03
q.xq3.qsky130_fd_pr__pnp_05v5_w0p68l0p68#collcx = 2.635596e-04
q.xq4.qsky130_fd_pr__pnp_05v5_w0p68l0p68#collcx = 2.635596e-04
q.xq8.qsky130_fd_pr__pnp_05v5_w0p68l0p68#collcx = 2.635596e-04
q.xq10.qsky130_fd_pr__pnp_05v5_w0p68l0p68#collcx = 2.635596e-04
q.xq12.qsky130_fd_pr__pnp_05v5_w0p68l0p68#collcx = 2.635596e-04
q.xq14.qsky130_fd_pr__pnp_05v5_w0p68l0p68#collcx = 2.635596e-04
q.xq16.qsky130_fd_pr__pnp_05v5_w0p68l0p68#collcx = 2.635596e-04
q.xq18.qsky130_fd_pr__pnp_05v5_w0p68l0p68#collcx = 2.635596e-04
vb = 1.038817e+00
vdd = 2.100000e+00
vs#branch = -1.00826e-02
vt#branch = 0.000000e+00
xc1.a = 0.000000e+00
xc1.b1 = 0.000000e+00
xc3.a = 1.113042e+00
xc3.b1 = 1.113042e+00
xr1.xsky130_fd_pr__res_xhigh_po_0p69.ra = 7.921601e-01
xr2.xsky130_fd_pr__res_xhigh_po_0p69.ra = 7.922100e-01
xr3.xsky130_fd_pr__res_xhigh_po_0p69.ra = 5.108657e-03
xr4.xsky130_fd_pr__res_xhigh_po_0p69.ra = 7.276545e-01
xr5.xsky130_fd_pr__res_xhigh_po_0p69.ra = 5.108310e-03
xr6.xsky130_fd_pr__res_xhigh_po_0p69.ra = 8.022489e-03
xr7.xsky130_fd_pr__res_xhigh_po_0p69.ra = 1.113042e+00
xr8.xsky130_fd_pr__res_xhigh_po_0p69.ra = 1.206063e+00
xr9.xsky130_fd_pr__res_xhigh_po_0p69.ra = 1.399857e-02
Doing analysis at TEMP = 27.000000 and TNOM = 27.000000


No. of Data Rows : 91
Note: Starting true gmin stepping
Trying gmin =   1.0000E-03 Note: One successful gmin step
Trying gmin =   1.0000E-04 Note: One successful gmin step
Trying gmin =   1.0000E-05 Note: One successful gmin step
Trying gmin =   1.0000E-06 Note: One successful gmin step
Trying gmin =   1.0000E-07 Warning: Further gmin increment
Trying gmin =   5.6234E-07 Note: One successful gmin step
Trying gmin =   2.3714E-07 Warning: Further gmin increment
Trying gmin =   4.5316E-07 Note: One successful gmin step
Trying gmin =   3.2781E-07 Note: One successful gmin step
Trying gmin =   2.0169E-07 Warning: Further gmin increment
Trying gmin =   2.9033E-07 Warning: Further gmin increment
Trying gmin =   3.1801E-07 Note: One successful gmin step
Trying gmin =   3.0385E-07 Note: One successful gmin step
Trying gmin =   2.8379E-07 Warning: Further gmin increment
Trying gmin =   2.9871E-07 Warning: Further gmin increment
Trying gmin =   3.0256E-07 Note: One successful gmin step
Trying gmin =   3.0063E-07 Warning: Further gmin increment
Trying gmin =   3.0208E-07 Note: One successful gmin step
Trying gmin =   3.0135E-07 Warning: Further gmin increment
Trying gmin =   3.0190E-07 Note: One successful gmin step
Trying gmin =   3.0162E-07 Warning: Further gmin increment
Trying gmin =   3.0183E-07 Note: One successful gmin step
Trying gmin =   3.0173E-07 Warning: Further gmin increment
Trying gmin =   3.0180E-07 Note: One successful gmin step
Trying gmin =   3.0176E-07 Note: One successful gmin step
Trying gmin =   3.0171E-07 Warning: Further gmin increment
Trying gmin =   3.0175E-07 Note: One successful gmin step
Trying gmin =   3.0173E-07 Warning: Further gmin increment
Trying gmin =   3.0174E-07 Note: One successful gmin step
Trying gmin =   3.0174E-07 Note: One successful gmin step
Trying gmin =   3.0172E-07 Warning: Last gmin step failed
Warning: True gmin stepping failed
Note: Starting dynamic gmin stepping
Trying gmin =   1.0000E-03 Note: One successful gmin step
Trying gmin =   1.0000E-04 Note: One successful gmin step
Trying gmin =   1.0000E-05 Note: One successful gmin step
Trying gmin =   1.0000E-06 Warning: Further gmin increment
Trying gmin =   5.6234E-06 Note: One successful gmin step
Trying gmin =   2.3714E-06 Note: One successful gmin step
Trying gmin =   6.4938E-07 Warning: Further gmin increment
Trying gmin =   1.7154E-06 Note: One successful gmin step
Trying gmin =   1.0554E-06 Note: One successful gmin step
Trying gmin =   5.0937E-07 Warning: Further gmin increment
Trying gmin =   8.7970E-07 Note: One successful gmin step
Trying gmin =   6.6940E-07 Warning: Further gmin increment
Trying gmin =   8.2162E-07 Note: One successful gmin step
Trying gmin =   7.4161E-07 Note: One successful gmin step
Trying gmin =   6.3597E-07 Warning: Further gmin increment
Trying gmin =   7.1366E-07 Note: One successful gmin step
Trying gmin =   6.7370E-07 Note: One successful gmin step
Trying gmin =   6.3597E-07 Note: One successful gmin step
Trying gmin =   5.8330E-07 Note: One successful gmin step
Trying gmin =   5.1237E-07 Note: One successful gmin step
Trying gmin =   4.2180E-07 Note: One successful gmin step
Trying gmin =   3.1507E-07 Note: One successful gmin step
Trying gmin =   2.0340E-07 Note: One successful gmin step
Trying gmin =   1.0550E-07 Note: One successful gmin step
Trying gmin =   3.9412E-08 Note: One successful gmin step
Trying gmin =   8.9988E-09 Note: One successful gmin step
Trying gmin =   9.8178E-10 Note: One successful gmin step
Trying gmin =   9.8178E-11 Note: One successful gmin step
Trying gmin =   9.8178E-12 Note: One successful gmin step
Trying gmin =   1.0000E-12 Note: One successful gmin step
Note: Dynamic gmin stepping completed
 Reference value :  1.00000e+00Note: Starting true gmin stepping
Trying gmin =   1.0000E-03 Note: One successful gmin step
Trying gmin =   1.0000E-04 Note: One successful gmin step
Trying gmin =   1.0000E-05 Note: One successful gmin step
Trying gmin =   1.0000E-06 Note: One successful gmin step
Trying gmin =   1.0000E-07 Warning: Further gmin increment
Trying gmin =   5.6234E-07 Note: One successful gmin step
Trying gmin =   2.3714E-07 Warning: Further gmin increment
Trying gmin =   4.5316E-07 Note: One successful gmin step
Trying gmin =   3.2781E-07 Warning: Further gmin increment
Trying gmin =   4.1792E-07 Note: One successful gmin step
Trying gmin =   3.7013E-07 Note: One successful gmin step
Trying gmin =   3.0850E-07 Warning: Further gmin increment
Trying gmin =   3.5366E-07 Warning: Further gmin increment
Trying gmin =   3.6594E-07 Note: One successful gmin step
Trying gmin =   3.5975E-07 Note: One successful gmin step
Trying gmin =   3.5065E-07 Warning: Further gmin increment
Trying gmin =   3.5745E-07 Note: One successful gmin step
Trying gmin =   3.5404E-07 Warning: Further gmin increment
Trying gmin =   3.5660E-07 Note: One successful gmin step
Trying gmin =   3.5531E-07 Note: One successful gmin step
Trying gmin =   3.5340E-07 Warning: Further gmin increment
Trying gmin =   3.5483E-07 Note: One successful gmin step
Trying gmin =   3.5412E-07 Note: One successful gmin step
Trying gmin =   3.5376E-07 Note: One successful gmin step
Trying gmin =   3.5322E-07 Note: One successful gmin step
Trying gmin =   3.5242E-07 Note: One successful gmin step
Trying gmin =   3.5121E-07 Note: One successful gmin step
Trying gmin =   3.4942E-07 Note: One successful gmin step
Trying gmin =   3.4674E-07 Note: One successful gmin step
Trying gmin =   3.4276E-07 Note: One successful gmin step
Trying gmin =   3.3688E-07 Note: One successful gmin step
Trying gmin =   3.2825E-07 Note: One successful gmin step
Trying gmin =   3.1571E-07 Note: One successful gmin step
Trying gmin =   2.9779E-07 Note: One successful gmin step
Trying gmin =   2.7281E-07 Note: One successful gmin step
Trying gmin =   2.3921E-07 Note: One successful gmin step
Trying gmin =   1.9641E-07 Note: One successful gmin step
Trying gmin =   1.4612E-07 Note: One successful gmin step
Trying gmin =   9.3772E-08 Note: One successful gmin step
Trying gmin =   4.8205E-08 Warning: Further gmin increment
Trying gmin =   7.9401E-08 Note: One successful gmin step
Trying gmin =   6.1867E-08 Warning: Further gmin increment
Trying gmin =   7.4600E-08 Warning: Further gmin increment
Trying gmin =   7.8173E-08 Note: One successful gmin step
Trying gmin =   7.6365E-08 Warning: Further gmin increment
Trying gmin =   7.7717E-08 Note: One successful gmin step
Trying gmin =   7.7038E-08 Warning: Further gmin increment
Trying gmin =   7.7547E-08 Note: One successful gmin step
Trying gmin =   7.7292E-08 Warning: Further gmin increment
Trying gmin =   7.7483E-08 Note: One successful gmin step
Trying gmin =   7.7387E-08 Note: One successful gmin step
Trying gmin =   7.7244E-08 Warning: Further gmin increment
Trying gmin =   7.7351E-08 Warning: Further gmin increment
Trying gmin =   7.7378E-08 Note: One successful gmin step
Trying gmin =   7.7365E-08 Warning: Further gmin increment
Trying gmin =   7.7375E-08 Warning: Last gmin step failed
Warning: True gmin stepping failed
Note: Starting dynamic gmin stepping
Trying gmin =   1.0000E-03 Note: One successful gmin step
Trying gmin =   1.0000E-04 Note: One successful gmin step
Trying gmin =   1.0000E-05 Note: One successful gmin step
Trying gmin =   1.0000E-06 Note: One successful gmin step
Trying gmin =   3.1623E-07 Warning: Further gmin increment
Trying gmin =   7.4989E-07 Warning: Further gmin increment
Trying gmin =   9.3057E-07 Note: One successful gmin step
Trying gmin =   8.3536E-07 Note: One successful gmin step
Trying gmin =   7.1050E-07 Note: One successful gmin step
Trying gmin =   5.5731E-07 Note: One successful gmin step
Trying gmin =   3.8716E-07 Note: One successful gmin step
Trying gmin =   2.2417E-07 Note: One successful gmin step
Trying gmin =   9.8771E-08 Note: One successful gmin step
Trying gmin =   2.8886E-08 Note: One successful gmin step
Trying gmin =   4.5687E-09 Note: One successful gmin step
Trying gmin =   4.5687E-10 Note: One successful gmin step
Trying gmin =   4.5687E-11 Note: One successful gmin step
Trying gmin =   4.5687E-12 Note: One successful gmin step
Trying gmin =   1.0000E-12 Note: One successful gmin step
Note: Dynamic gmin stepping completed
 Reference value :  8.50000e+01Note: Starting true gmin stepping
Trying gmin =   1.0000E-03 Note: One successful gmin step
Trying gmin =   1.0000E-04 Note: One successful gmin step
Trying gmin =   1.0000E-05 Note: One successful gmin step
Trying gmin =   1.0000E-06 Warning: Further gmin increment
Trying gmin =   5.6234E-06 Note: One successful gmin step
Trying gmin =   2.3714E-06 Note: One successful gmin step
Trying gmin =   6.4938E-07 Warning: Further gmin increment
Trying gmin =   1.7154E-06 Note: One successful gmin step
Trying gmin =   1.0554E-06 Note: One successful gmin step
Trying gmin =   5.0937E-07 Warning: Further gmin increment
Trying gmin =   8.7970E-07 Note: One successful gmin step
Trying gmin =   6.6940E-07 Note: One successful gmin step
Trying gmin =   4.4433E-07 Note: One successful gmin step
Trying gmin =   2.4029E-07 Note: One successful gmin step
Trying gmin =   9.5562E-08 Warning: Further gmin increment
Trying gmin =   1.9082E-07 Note: One successful gmin step
Trying gmin =   1.3504E-07 Warning: Further gmin increment
Trying gmin =   1.7502E-07 Note: One successful gmin step
Trying gmin =   1.5373E-07 Note: One successful gmin step
Trying gmin =   1.2656E-07 Warning: Further gmin increment
Trying gmin =   1.4644E-07 Note: One successful gmin step
Trying gmin =   1.3614E-07 Note: One successful gmin step
Trying gmin =   1.2203E-07 Note: One successful gmin step
Trying gmin =   1.0356E-07 Note: One successful gmin step
Trying gmin =   8.0962E-08 Note: One successful gmin step
Trying gmin =   5.5965E-08 Note: One successful gmin step
Trying gmin =   3.2164E-08 Note: One successful gmin step
Trying gmin =   1.4014E-08 Note: One successful gmin step
Trying gmin =   4.0304E-09 Note: One successful gmin step
Trying gmin =   6.2160E-10 Note: One successful gmin step
Trying gmin =   6.2160E-11 Note: One successful gmin step
Trying gmin =   6.2160E-12 Note: One successful gmin step
Trying gmin =   1.0000E-12 Note: One successful gmin step
Note: True gmin stepping completed
 Reference value :  2.80000e+00Note: Starting true gmin stepping
Trying gmin =   1.0000E-03 Note: One successful gmin step
Trying gmin =   1.0000E-04 Note: One successful gmin step
Trying gmin =   1.0000E-05 Note: One successful gmin step
Trying gmin =   1.0000E-06 Note: One successful gmin step
Trying gmin =   1.0000E-07 Note: One successful gmin step
Trying gmin =   1.0000E-08 Warning: Further gmin increment
Trying gmin =   5.6234E-08 Note: One successful gmin step
Trying gmin =   2.3714E-08 Note: One successful gmin step
Trying gmin =   6.4938E-09 Note: One successful gmin step
Trying gmin =   9.3057E-10 Note: One successful gmin step
Trying gmin =   9.3057E-11 Warning: Further gmin increment
Trying gmin =   5.2330E-10 Note: One successful gmin step
Trying gmin =   2.2067E-10 Note: One successful gmin step
Trying gmin =   6.0430E-11 Note: One successful gmin step
Trying gmin =   8.6596E-12 Warning: Further gmin increment
Trying gmin =   3.7180E-11 Note: One successful gmin step
Trying gmin =   1.7943E-11 Note: One successful gmin step
Trying gmin =   8.6596E-12 Note: One successful gmin step
Trying gmin =   2.9033E-12 Note: One successful gmin step
Trying gmin =   1.0000E-12 Note: One successful gmin step
Note: True gmin stepping completed
 Reference value :  1.18000e+00Note: Starting true gmin stepping
Trying gmin =   1.0000E-03 Note: One successful gmin step
Trying gmin =   1.0000E-04 Note: One successful gmin step
Trying gmin =   1.0000E-05 Note: One successful gmin step
Trying gmin =   1.0000E-06 Note: One successful gmin step
Trying gmin =   1.0000E-07 Note: One successful gmin step
Trying gmin =   1.0000E-08 Warning: Further gmin increment
Trying gmin =   5.6234E-08 Note: One successful gmin step
Trying gmin =   2.3714E-08 Note: One successful gmin step
Trying gmin =   6.4938E-09 Note: One successful gmin step
Trying gmin =   9.3057E-10 Note: One successful gmin step
Trying gmin =   9.3057E-11 Warning: Further gmin increment
Trying gmin =   5.2330E-10 Note: One successful gmin step
Trying gmin =   2.2067E-10 Note: One successful gmin step
Trying gmin =   6.0430E-11 Warning: Further gmin increment
Trying gmin =   1.5963E-10 Note: One successful gmin step
Trying gmin =   9.8217E-11 Note: One successful gmin step
Trying gmin =   4.7400E-11 Note: One successful gmin step
Trying gmin =   1.5892E-11 Warning: Further gmin increment
Trying gmin =   3.6069E-11 Note: One successful gmin step
Trying gmin =   2.3941E-11 Note: One successful gmin step
Trying gmin =   1.2947E-11 Warning: Further gmin increment
Trying gmin =   2.0531E-11 Note: One successful gmin step
Trying gmin =   1.6304E-11 Note: One successful gmin step
Trying gmin =   1.1538E-11 Note: One successful gmin step
Trying gmin =   6.8687E-12 Note: One successful gmin step
Trying gmin =   3.1549E-12 Note: One successful gmin step
Trying gmin =   1.0000E-12 Note: One successful gmin step
Note: True gmin stepping completed
 Reference value :  1.16000e+00pm                  =  -8.814868e+01
Doing analysis at TEMP = 27.000000 and TNOM = 27.000000


No. of Data Rows : 91
psrr100             =  -7.914836e+01
psrr100k            =  -2.707105e+01
Doing analysis at TEMP = 27.000000 and TNOM = 27.000000


No. of Data Rows : 86
temp_coeff = 8.380162e+01
Doing analysis at TEMP = 27.000000 and TNOM = 27.000000


No. of Data Rows : 141
vldo_sup_2          =  1.793298e+00
vldo_sup_2_8        =  1.793270e+00
line_reg = 3.500000e-05
Note: No ".plot", ".print", or ".fourier" lines; no simulations run
vin                 =  1.778019e+00
dropout = 1.401900e-02
