 Reference value :  8.00000e+01Note: Starting true gmin stepping
Trying gmin =   1.0000E-03 Note: One successful gmin step
Trying gmin =   1.0000E-04 Note: One successful gmin step
Trying gmin =   1.0000E-05 Note: One successful gmin step
Trying gmin =   1.0000E-06 Note: One successful gmin step
Trying gmin =   1.0000E-07 Warning: Further gmin increment
Trying gmin =   5.6234E-07 Note: One successful gmin step
Trying gmin =   2.3714E-07 Warning: Further gmin increment
Trying gmin =   4.5316E-07 Note: One successful gmin step
Trying gmin =   3.2781E-07 Note: One successful gmin step
Trying gmin =   2.0169E-07 Warning: Further gmin increment
Trying gmin =   2.9033E-07 Warning: Further gmin increment
Trying gmin =   3.1801E-07 Note: One successful gmin step
Trying gmin =   3.0385E-07 Note: One successful gmin step
Trying gmin =   2.8379E-07 Warning: Further gmin increment
Trying gmin =   2.9871E-07 Note: One successful gmin step
Trying gmin =   2.9116E-07 Warning: Further gmin increment
Trying gmin =   2.9680E-07 Note: One successful gmin step
Trying gmin =   2.9397E-07 Note: One successful gmin step
Trying gmin =   2.8976E-07 Warning: Further gmin increment
Trying gmin =   2.9291E-07 Warning: Further gmin increment
Trying gmin =   2.9370E-07 Note: One successful gmin step
Trying gmin =   2.9331E-07 Warning: Further gmin increment
Trying gmin =   2.9360E-07 Note: One successful gmin step
Trying gmin =   2.9345E-07 Warning: Further gmin increment
Trying gmin =   2.9357E-07 Note: One successful gmin step
Trying gmin =   2.9351E-07 Note: One successful gmin step
Trying gmin =   2.9343E-07 Warning: Further gmin increment
Trying gmin =   2.9349E-07 Note: One successful gmin step
Trying gmin =   2.9346E-07 Note: One successful gmin step
Trying gmin =   2.9341E-07 Warning: Further gmin increment
Trying gmin =   2.9345E-07 Warning: Last gmin step failed
Warning: True gmin stepping failed
Note: Starting dynamic gmin stepping
Trying gmin =   1.0000E-03 Note: One successful gmin step
Trying gmin =   1.0000E-04 Note: One successful gmin step
Trying gmin =   1.0000E-05 Note: One successful gmin step
Trying gmin =   1.0000E-06 Warning: Further gmin increment
Trying gmin =   5.6234E-06 Note: One successful gmin step
Trying gmin =   2.3714E-06 Note: One successful gmin step
Trying gmin =   1.0000E-06 Warning: Further gmin increment
Trying gmin =   1.9110E-06 Note: One successful gmin step
Trying gmin =   1.3824E-06 Note: One successful gmin step
Trying gmin =   8.5053E-07 Warning: Further gmin increment
Trying gmin =   1.2243E-06 Warning: Further gmin increment
Trying gmin =   1.3410E-06 Note: One successful gmin step
Trying gmin =   1.2813E-06 Note: One successful gmin step
Trying gmin =   1.1967E-06 Note: One successful gmin step
Trying gmin =   1.0802E-06 Note: One successful gmin step
Trying gmin =   9.2633E-07 Note: One successful gmin step
Trying gmin =   7.3562E-07 Note: One successful gmin step
Trying gmin =   5.2058E-07 Note: One successful gmin step
Trying gmin =   3.0991E-07 Note: One successful gmin step
Trying gmin =   1.4235E-07 Note: One successful gmin step
Trying gmin =   4.4313E-08 Note: One successful gmin step
Trying gmin =   7.6965E-09 Note: One successful gmin step
Trying gmin =   7.6965E-10 Note: One successful gmin step
Trying gmin =   7.6965E-11 Note: One successful gmin step
Trying gmin =   7.6965E-12 Note: One successful gmin step
Trying gmin =   1.0000E-12 Note: One successful gmin step
Note: Dynamic gmin stepping completed
 Reference value :  3.00000e+00Note: Starting true gmin stepping
Trying gmin =   1.0000E-03 Note: One successful gmin step
Trying gmin =   1.0000E-04 Note: One successful gmin step
Trying gmin =   1.0000E-05 Note: One successful gmin step
Trying gmin =   1.0000E-06 Note: One successful gmin step
Trying gmin =   1.0000E-07 Note: One successful gmin step
Trying gmin =   1.0000E-08 Note: One successful gmin step
Trying gmin =   3.1623E-09 Note: One successful gmin step
Trying gmin =   5.6234E-10 Note: One successful gmin step
Trying gmin =   5.6234E-11 Note: One successful gmin step
Trying gmin =   5.6234E-12 Warning: Further gmin increment
Trying gmin =   3.1623E-11 Note: One successful gmin step
Trying gmin =   1.3335E-11 Note: One successful gmin step
Trying gmin =   8.6596E-12 Note: One successful gmin step
Trying gmin =   4.5316E-12 Note: One successful gmin step
Trying gmin =   1.7154E-12 Warning: Further gmin increment
Trying gmin =   3.5545E-12 Note: One successful gmin step
Trying gmin =   2.4693E-12 Warning: Further gmin increment
Trying gmin =   3.2451E-12 Warning: Further gmin increment
Trying gmin =   3.4745E-12 Warning: Further gmin increment
Trying gmin =   3.5343E-12 Note: One successful gmin step
Trying gmin =   3.5143E-12 Warning: Further gmin increment
Trying gmin =   3.5293E-12 Note: One successful gmin step
Trying gmin =   3.5218E-12 Note: One successful gmin step
Trying gmin =   3.5180E-12 Warning: Further gmin increment
Trying gmin =   3.5209E-12 Note: One successful gmin step
Trying gmin =   3.5194E-12 Warning: Further gmin increment
Trying gmin =   3.5205E-12 Note: One successful gmin step
Trying gmin =   3.5200E-12 Warning: Further gmin increment
Trying gmin =   3.5204E-12 Note: One successful gmin step
Trying gmin =   3.5202E-12 Note: One successful gmin step
Trying gmin =   3.5201E-12 Warning: Further gmin increment
Trying gmin =   3.5202E-12 Note: One successful gmin step
Trying gmin =   3.5202E-12 Warning: Last gmin step failed
Warning: True gmin stepping failed
Note: Starting dynamic gmin stepping
Trying gmin =   1.0000E-03 Note: One successful gmin step
Trying gmin =   1.0000E-04 Note: One successful gmin step
Trying gmin =   1.0000E-05 Note: One successful gmin step
Trying gmin =   1.0000E-06 Note: One successful gmin step
Trying gmin =   1.0000E-07 Note: One successful gmin step
Trying gmin =   1.0000E-08 Note: One successful gmin step
Trying gmin =   1.0000E-09 Note: One successful gmin step
Trying gmin =   1.0000E-10 Warning: Further gmin increment
Trying gmin =   5.6234E-10 Note: One successful gmin step
Trying gmin =   2.3714E-10 Note: One successful gmin step
Trying gmin =   6.4938E-11 Warning: Further gmin increment
Trying gmin =   1.7154E-10 Note: One successful gmin step
Trying gmin =   1.0554E-10 Warning: Further gmin increment
Trying gmin =   1.5193E-10 Note: One successful gmin step
Trying gmin =   1.2663E-10 Note: One successful gmin step
Trying gmin =   9.6358E-11 Note: One successful gmin step
Trying gmin =   6.3960E-11 Note: One successful gmin step
Trying gmin =   3.4589E-11 Note: One successful gmin step
Trying gmin =   1.3756E-11 Warning: Further gmin increment
Trying gmin =   2.7468E-11 Note: One successful gmin step
Trying gmin =   1.9438E-11 Note: One successful gmin step
Trying gmin =   1.1572E-11 Warning: Further gmin increment
Trying gmin =   1.7074E-11 Note: One successful gmin step
Trying gmin =   1.4056E-11 Warning: Further gmin increment
Trying gmin =   1.6264E-11 Note: One successful gmin step
Trying gmin =   1.5120E-11 Warning: Further gmin increment
Trying gmin =   1.5970E-11 Note: One successful gmin step
Trying gmin =   1.5539E-11 Note: One successful gmin step
Trying gmin =   1.4915E-11 Warning: Further gmin increment
Trying gmin =   1.5381E-11 Note: One successful gmin step
Trying gmin =   1.5146E-11 Warning: Further gmin increment
Trying gmin =   1.5322E-11 Warning: Further gmin increment
Trying gmin =   1.5366E-11 Note: One successful gmin step
Trying gmin =   1.5344E-11 Note: One successful gmin step
Trying gmin =   1.5311E-11 Warning: Further gmin increment
Trying gmin =   1.5335E-11 Note: One successful gmin step
Trying gmin =   1.5323E-11 Note: One successful gmin step
Trying gmin =   1.5311E-11 Warning: Further gmin increment
Trying gmin =   1.5320E-11 Warning: Further gmin increment
Trying gmin =   1.5322E-11 Note: One successful gmin step
Trying gmin =   1.5321E-11 Note: One successful gmin step
Trying gmin =   1.5320E-11 Note: One successful gmin step
Trying gmin =   1.5319E-11 Note: One successful gmin step
Trying gmin =   1.5316E-11 Note: One successful gmin step
Trying gmin =   1.5312E-11 Note: One successful gmin step
Trying gmin =   1.5306E-11 Note: One successful gmin step
Trying gmin =   1.5297E-11 Note: One successful gmin step
Trying gmin =   1.5284E-11 Note: One successful gmin step
Trying gmin =   1.5264E-11 Note: One successful gmin step
Trying gmin =   1.5234E-11 Note: One successful gmin step
Trying gmin =   1.5190E-11 Note: One successful gmin step
Trying gmin =   1.5123E-11 Note: One successful gmin step
Trying gmin =   1.5024E-11 Note: One successful gmin step
Trying gmin =   1.4877E-11 Note: One successful gmin step
Trying gmin =   1.4658E-11 Note: One successful gmin step
Trying gmin =   1.4336E-11 Note: One successful gmin step
Trying gmin =   1.3867E-11 Note: One successful gmin step
Trying gmin =   1.3191E-11 Note: One successful gmin step
Trying gmin =   1.2238E-11 Note: One successful gmin step
Trying gmin =   1.0937E-11 Note: One successful gmin step
Trying gmin =   9.2401E-12 Note: One successful gmin step
Trying gmin =   7.1752E-12 Note: One successful gmin step
Trying gmin =   4.9098E-12 Note: One successful gmin step
Trying gmin =   2.7792E-12 Note: One successful gmin step
Trying gmin =   1.1836E-12 Note: One successful gmin step
Trying gmin =   1.0000E-12 Note: One successful gmin step
Note: Dynamic gmin stepping completed
 Reference value :  1.24000e+00Note: Starting true gmin stepping
Trying gmin =   1.0000E-03 Note: One successful gmin step
Trying gmin =   1.0000E-04 Note: One successful gmin step
Trying gmin =   1.0000E-05 Note: One successful gmin step
Trying gmin =   1.0000E-06 Note: One successful gmin step
Trying gmin =   1.0000E-07 Note: One successful gmin step
Trying gmin =   1.0000E-08 Note: One successful gmin step
Trying gmin =   3.1623E-09 Note: One successful gmin step
Trying gmin =   5.6234E-10 Note: One successful gmin step
Trying gmin =   5.6234E-11 Note: One successful gmin step
Trying gmin =   5.6234E-12 Note: One successful gmin step
Trying gmin =   1.7783E-12 Warning: Further gmin increment
Trying gmin =   4.2170E-12 Note: One successful gmin step
Trying gmin =   2.7384E-12 Note: One successful gmin step
Trying gmin =   1.4330E-12 Warning: Further gmin increment
Trying gmin =   2.3291E-12 Warning: Further gmin increment
Trying gmin =   2.6298E-12 Warning: Further gmin increment
Trying gmin =   2.7108E-12 Note: One successful gmin step
Trying gmin =   2.6700E-12 Note: One successful gmin step
Trying gmin =   2.6099E-12 Warning: Further gmin increment
Trying gmin =   2.6549E-12 Note: One successful gmin step
Trying gmin =   2.6323E-12 Warning: Further gmin increment
Trying gmin =   2.6492E-12 Note: One successful gmin step
Trying gmin =   2.6407E-12 Warning: Further gmin increment
Trying gmin =   2.6471E-12 Note: One successful gmin step
Trying gmin =   2.6439E-12 Note: One successful gmin step
Trying gmin =   2.6407E-12 Warning: Further gmin increment
Trying gmin =   2.6431E-12 Note: One successful gmin step
Trying gmin =   2.6419E-12 Note: One successful gmin step
Trying gmin =   2.6413E-12 Note: One successful gmin step
Trying gmin =   2.6407E-12 Warning: Further gmin increment
Trying gmin =   2.6412E-12 Warning: Further gmin increment
Trying gmin =   2.6413E-12 Note: One successful gmin step
Trying gmin =   2.6412E-12 Warning: Further gmin increment
Trying gmin =   2.6413E-12 Warning: Last gmin step failed
Warning: True gmin stepping failed
Note: Starting dynamic gmin stepping
Trying gmin =   1.0000E-03 Note: One successful gmin step
Trying gmin =   1.0000E-04 Note: One successful gmin step
Trying gmin =   1.0000E-05 Note: One successful gmin step
Trying gmin =   1.0000E-06 Note: One successful gmin step
Trying gmin =   1.0000E-07 Note: One successful gmin step
Trying gmin =   1.0000E-08 Note: One successful gmin step
Trying gmin =   1.0000E-09 Note: One successful gmin step
Trying gmin =   1.0000E-10 Note: One successful gmin step
Trying gmin =   3.1623E-11 Warning: Further gmin increment
Trying gmin =   7.4989E-11 Note: One successful gmin step
Trying gmin =   4.8697E-11 Note: One successful gmin step
Trying gmin =   2.5483E-11 Note: One successful gmin step
Trying gmin =   9.6466E-12 Warning: Further gmin increment
Trying gmin =   1.9989E-11 Note: One successful gmin step
Trying gmin =   1.3886E-11 Note: One successful gmin step
Trying gmin =   8.0403E-12 Warning: Further gmin increment
Trying gmin =   1.2113E-11 Note: One successful gmin step
Trying gmin =   9.8688E-12 Warning: Further gmin increment
Trying gmin =   1.1508E-11 Note: One successful gmin step
Trying gmin =   1.0657E-11 Note: One successful gmin step
Trying gmin =   9.4968E-12 Warning: Further gmin increment
Trying gmin =   1.0354E-11 Note: One successful gmin step
Trying gmin =   9.9163E-12 Warning: Further gmin increment
Trying gmin =   1.0243E-11 Note: One successful gmin step
Trying gmin =   1.0078E-11 Note: One successful gmin step
Trying gmin =   9.8362E-12 Warning: Further gmin increment
Trying gmin =   1.0017E-11 Note: One successful gmin step
Trying gmin =   9.9565E-12 Note: One successful gmin step
Trying gmin =   9.9263E-12 Note: One successful gmin step
Trying gmin =   9.8812E-12 Note: One successful gmin step
Trying gmin =   9.8138E-12 Note: One successful gmin step
Trying gmin =   9.7137E-12 Note: One successful gmin step
Trying gmin =   9.5654E-12 Note: One successful gmin step
Trying gmin =   9.3472E-12 Note: One successful gmin step
Trying gmin =   9.0291E-12 Note: One successful gmin step
Trying gmin =   8.5723E-12 Note: One successful gmin step
Trying gmin =   7.9299E-12 Note: One successful gmin step
Trying gmin =   7.0555E-12 Note: One successful gmin step
Trying gmin =   5.9213E-12 Note: One successful gmin step
Trying gmin =   4.5526E-12 Note: One successful gmin step
Trying gmin =   3.0691E-12 Note: One successful gmin step
Trying gmin =   1.6988E-12 Note: One successful gmin step
Trying gmin =   1.0000E-12 Note: One successful gmin step
Note: Dynamic gmin stepping completed
 Reference value :  1.22000e+00
No compatibility mode selected!


Circuit: * ldo netlist 

Doing analysis at TEMP = 0.000000 and TNOM = 27.000000


No. of Data Rows : 81
temp_coeff = 4.616608e+01
Doing analysis at TEMP = 0.000000 and TNOM = 27.000000


No. of Data Rows : 151
vldo_sup_2          =  1.800078e+00
vldo_sup_3          =  1.798741e+00
line_reg = -1.33700e-03
Note: Starting true gmin stepping
Trying gmin =   1.0000E-03 Note: One successful gmin step
Trying gmin =   1.0000E-04 Note: One successful gmin step
Trying gmin =   1.0000E-05 Note: One successful gmin step
Trying gmin =   1.0000E-06 Note: One successful gmin step
Trying gmin =   1.0000E-07 Warning: Further gmin increment
Trying gmin =   5.6234E-07 Note: One successful gmin step
Trying gmin =   4.2170E-07 Note: One successful gmin step
Trying gmin =   2.7384E-07 Note: One successful gmin step
Trying gmin =   1.4330E-07 Note: One successful gmin step
Trying gmin =   5.4247E-08 Warning: Further gmin increment
Trying gmin =   1.1240E-07 Note: One successful gmin step
Trying gmin =   7.8087E-08 Note: One successful gmin step
Trying gmin =   5.4247E-08 Note: One successful gmin step
Trying gmin =   3.1410E-08 Note: One successful gmin step
Trying gmin =   1.3839E-08 Note: One successful gmin step
Trying gmin =   4.0474E-09 Note: One successful gmin step
Trying gmin =   6.4014E-10 Note: One successful gmin step
Trying gmin =   6.4014E-11 Note: One successful gmin step
Trying gmin =   6.4014E-12 Note: One successful gmin step
Trying gmin =   1.0000E-12 Note: One successful gmin step
Note: True gmin stepping completed
 Reference value :  1.00000e+00Note: No ".plot", ".print", or ".fourier" lines; no simulations run
vin                 =  1.894196e+00
dropout = 1.301960e-01
Doing analysis at TEMP = 0.000000 and TNOM = 27.000000


No. of Data Rows : 91
psrr100             =  -5.662658e+01
psrr100k            =  -2.906917e+01
