 Reference value :  8.50000e+01Note: Starting true gmin stepping
Trying gmin =   1.0000E-03 Note: One successful gmin step
Trying gmin =   1.0000E-04 Note: One successful gmin step
Trying gmin =   1.0000E-05 Note: One successful gmin step
Trying gmin =   1.0000E-06 Note: One successful gmin step
Trying gmin =   1.0000E-07 Note: One successful gmin step
Trying gmin =   1.0000E-08 Warning: Further gmin increment
Trying gmin =   5.6234E-08 Warning: Further gmin increment
Trying gmin =   8.6596E-08 Note: One successful gmin step
Trying gmin =   6.9783E-08 Warning: Further gmin increment
Trying gmin =   8.2047E-08 Note: One successful gmin step
Trying gmin =   7.5667E-08 Note: One successful gmin step
Trying gmin =   6.7015E-08 Warning: Further gmin increment
Trying gmin =   7.3404E-08 Note: One successful gmin step
Trying gmin =   7.0137E-08 Warning: Further gmin increment
Trying gmin =   7.2574E-08 Warning: Further gmin increment
Trying gmin =   7.3196E-08 Note: One successful gmin step
Trying gmin =   7.2884E-08 Warning: Further gmin increment
Trying gmin =   7.3118E-08 Note: One successful gmin step
Trying gmin =   7.3001E-08 Warning: Further gmin increment
Trying gmin =   7.3089E-08 Warning: Further gmin increment
Trying gmin =   7.3111E-08 Note: One successful gmin step
Trying gmin =   7.3100E-08 Warning: Further gmin increment
Trying gmin =   7.3108E-08 Note: One successful gmin step
Trying gmin =   7.3104E-08 Note: One successful gmin step
Trying gmin =   7.3097E-08 Warning: Further gmin increment
Trying gmin =   7.3102E-08 Note: One successful gmin step
Trying gmin =   7.3100E-08 Warning: Last gmin step failed
Warning: True gmin stepping failed
Note: Starting dynamic gmin stepping
Trying gmin =   1.0000E-03 Note: One successful gmin step
Trying gmin =   1.0000E-04 Note: One successful gmin step
Trying gmin =   1.0000E-05 Note: One successful gmin step
Trying gmin =   1.0000E-06 Warning: Further gmin increment
Trying gmin =   5.6234E-06 Note: One successful gmin step
Trying gmin =   3.1623E-06 Note: One successful gmin step
Trying gmin =   1.3335E-06 Warning: Further gmin increment
Trying gmin =   2.5483E-06 Note: One successful gmin step
Trying gmin =   1.8434E-06 Note: One successful gmin step
Trying gmin =   1.1342E-06 Warning: Further gmin increment
Trying gmin =   1.6326E-06 Warning: Further gmin increment
Trying gmin =   1.7883E-06 Note: One successful gmin step
Trying gmin =   1.7087E-06 Note: One successful gmin step
Trying gmin =   1.5959E-06 Warning: Further gmin increment
Trying gmin =   1.6798E-06 Warning: Further gmin increment
Trying gmin =   1.7014E-06 Note: One successful gmin step
Trying gmin =   1.6906E-06 Warning: Further gmin increment
Trying gmin =   1.6987E-06 Note: One successful gmin step
Trying gmin =   1.6946E-06 Note: One successful gmin step
Trying gmin =   1.6885E-06 Note: One successful gmin step
Trying gmin =   1.6794E-06 Note: One successful gmin step
Trying gmin =   1.6659E-06 Note: One successful gmin step
Trying gmin =   1.6458E-06 Note: One successful gmin step
Trying gmin =   1.6160E-06 Note: One successful gmin step
Trying gmin =   1.5724E-06 Note: One successful gmin step
Trying gmin =   1.5092E-06 Note: One successful gmin step
Trying gmin =   1.4191E-06 Note: One successful gmin step
Trying gmin =   1.2940E-06 Note: One successful gmin step
Trying gmin =   1.1267E-06 Note: One successful gmin step
Trying gmin =   9.1536E-07 Note: One successful gmin step
Trying gmin =   6.7033E-07 Note: One successful gmin step
Trying gmin =   4.2008E-07 Note: One successful gmin step
Trying gmin =   2.0840E-07 Note: One successful gmin step
Trying gmin =   7.2818E-08 Note: One successful gmin step
Trying gmin =   1.5040E-08 Note: One successful gmin step
Trying gmin =   1.5040E-09 Note: One successful gmin step
Trying gmin =   1.5040E-10 Note: One successful gmin step
Trying gmin =   1.5040E-11 Note: One successful gmin step
Trying gmin =   1.5040E-12 Note: One successful gmin step
Trying gmin =   1.0000E-12 Note: One successful gmin step
Note: Dynamic gmin stepping completed
 Reference value :  2.80000e+00Note: Starting true gmin stepping
Trying gmin =   1.0000E-03 Note: One successful gmin step
Trying gmin =   1.0000E-04 Note: One successful gmin step
Trying gmin =   1.0000E-05 Note: One successful gmin step
Trying gmin =   1.0000E-06 Note: One successful gmin step
Trying gmin =   1.0000E-07 Note: One successful gmin step
Trying gmin =   1.0000E-08 Warning: Further gmin increment
Trying gmin =   5.6234E-08 Note: One successful gmin step
Trying gmin =   2.3714E-08 Note: One successful gmin step
Trying gmin =   1.0000E-08 Note: One successful gmin step
Trying gmin =   2.7384E-09 Warning: Further gmin increment
Trying gmin =   7.2339E-09 Note: One successful gmin step
Trying gmin =   4.4508E-09 Warning: Further gmin increment
Trying gmin =   6.4068E-09 Note: One successful gmin step
Trying gmin =   5.3400E-09 Note: One successful gmin step
Trying gmin =   4.0634E-09 Warning: Further gmin increment
Trying gmin =   4.9874E-09 Note: One successful gmin step
Trying gmin =   4.5017E-09 Note: One successful gmin step
Trying gmin =   3.8605E-09 Note: One successful gmin step
Trying gmin =   3.0657E-09 Note: One successful gmin step
Trying gmin =   2.1695E-09 Note: One successful gmin step
Trying gmin =   1.2915E-09 Note: One successful gmin step
Trying gmin =   5.9323E-10 Note: One successful gmin step
Trying gmin =   1.8467E-10 Note: One successful gmin step
Trying gmin =   3.2075E-11 Note: One successful gmin step
Trying gmin =   3.2075E-12 Note: One successful gmin step
Trying gmin =   1.0000E-12 Note: One successful gmin step
Note: True gmin stepping completed
 Reference value :  1.24000e+00Note: Starting true gmin stepping
Trying gmin =   1.0000E-03 Note: One successful gmin step
Trying gmin =   1.0000E-04 Note: One successful gmin step
Trying gmin =   1.0000E-05 Note: One successful gmin step
Trying gmin =   1.0000E-06 Note: One successful gmin step
Trying gmin =   1.0000E-07 Note: One successful gmin step
Trying gmin =   1.0000E-08 Warning: Further gmin increment
Trying gmin =   5.6234E-08 Note: One successful gmin step
Trying gmin =   2.3714E-08 Note: One successful gmin step
Trying gmin =   6.4938E-09 Note: One successful gmin step
Trying gmin =   9.3057E-10 Warning: Further gmin increment
Trying gmin =   3.9954E-09 Warning: Further gmin increment
Trying gmin =   5.7513E-09 Note: One successful gmin step
Trying gmin =   4.7936E-09 Note: One successful gmin step
Trying gmin =   3.6476E-09 Note: One successful gmin step
Trying gmin =   2.4212E-09 Note: One successful gmin step
Trying gmin =   1.3094E-09 Note: One successful gmin step
Trying gmin =   5.2073E-10 Note: One successful gmin step
Trying gmin =   1.3060E-10 Note: One successful gmin step
Trying gmin =   1.6403E-11 Note: One successful gmin step
Trying gmin =   1.6403E-12 Note: One successful gmin step
Trying gmin =   1.0000E-12 Note: One successful gmin step
Note: True gmin stepping completed
 Reference value :  5.20000e-01
No compatibility mode selected!


Circuit: * ldo netlist 

Doing analysis at TEMP = 27.000000 and TNOM = 27.000000


No. of Data Rows : 86
temp_coeff = 4.357549e+01
Doing analysis at TEMP = 27.000000 and TNOM = 27.000000


No. of Data Rows : 141
vldo_sup_2          =  1.793378e+00
vldo_sup_2_8        =  1.793138e+00
line_reg = 3.000000e-04
vin                 =  1.764102e+00
dropout = 1.020000e-04
Doing analysis at TEMP = 27.000000 and TNOM = 27.000000


No. of Data Rows : 91
Note: No ".plot", ".print", or ".fourier" lines; no simulations run
pm                  =  6.558380e+01
Doing analysis at TEMP = 27.000000 and TNOM = 27.000000


No. of Data Rows : 91
psrr100             =  -7.220800e+01
psrr100k            =  -2.591878e+01
