 Reference value :  8.50000e+01Note: Starting true gmin stepping
Trying gmin =   1.0000E-03 Note: One successful gmin step
Trying gmin =   1.0000E-04 Note: One successful gmin step
Trying gmin =   1.0000E-05 Note: One successful gmin step
Trying gmin =   1.0000E-06 Note: One successful gmin step
Trying gmin =   1.0000E-07 Note: One successful gmin step
Trying gmin =   1.0000E-08 Warning: Further gmin increment
Trying gmin =   5.6234E-08 Note: One successful gmin step
Trying gmin =   2.3714E-08 Warning: Further gmin increment
Trying gmin =   4.5316E-08 Note: One successful gmin step
Trying gmin =   3.2781E-08 Warning: Further gmin increment
Trying gmin =   4.1792E-08 Note: One successful gmin step
Trying gmin =   3.7013E-08 Warning: Further gmin increment
Trying gmin =   4.0542E-08 Note: One successful gmin step
Trying gmin =   3.8738E-08 Note: One successful gmin step
Trying gmin =   3.6180E-08 Note: One successful gmin step
Trying gmin =   3.2657E-08 Note: One successful gmin step
Trying gmin =   2.8005E-08 Note: One successful gmin step
Trying gmin =   2.2239E-08 Note: One successful gmin step
Trying gmin =   1.5738E-08 Note: One successful gmin step
Trying gmin =   9.3691E-09 Note: One successful gmin step
Trying gmin =   4.3035E-09 Note: One successful gmin step
Trying gmin =   1.3397E-09 Note: One successful gmin step
Trying gmin =   2.3268E-10 Note: One successful gmin step
Trying gmin =   2.3268E-11 Note: One successful gmin step
Trying gmin =   2.3268E-12 Note: One successful gmin step
Trying gmin =   1.0000E-12 Note: One successful gmin step
Note: True gmin stepping completed
 Reference value :  1.50000e+00Note: Starting true gmin stepping
Trying gmin =   1.0000E-03 Note: One successful gmin step
Trying gmin =   1.0000E-04 Note: One successful gmin step
Trying gmin =   1.0000E-05 Note: One successful gmin step
Trying gmin =   1.0000E-06 Note: One successful gmin step
Trying gmin =   1.0000E-07 Note: One successful gmin step
Trying gmin =   1.0000E-08 Warning: Further gmin increment
Trying gmin =   5.6234E-08 Note: One successful gmin step
Trying gmin =   2.3714E-08 Warning: Further gmin increment
Trying gmin =   4.5316E-08 Note: One successful gmin step
Trying gmin =   3.2781E-08 Warning: Further gmin increment
Trying gmin =   4.1792E-08 Note: One successful gmin step
Trying gmin =   3.7013E-08 Note: One successful gmin step
Trying gmin =   3.0850E-08 Note: One successful gmin step
Trying gmin =   2.3475E-08 Note: One successful gmin step
Trying gmin =   1.5582E-08 Note: One successful gmin step
Trying gmin =   8.4267E-09 Note: One successful gmin step
Trying gmin =   3.3513E-09 Note: One successful gmin step
Trying gmin =   8.4049E-10 Note: One successful gmin step
Trying gmin =   1.0556E-10 Note: One successful gmin step
Trying gmin =   1.0556E-11 Note: One successful gmin step
Trying gmin =   1.0556E-12 Note: One successful gmin step
Trying gmin =   1.0000E-12 Note: One successful gmin step
Note: True gmin stepping completed

No compatibility mode selected!


Circuit: * ldo netlist 

Doing analysis at TEMP = 27.000000 and TNOM = 27.000000


No. of Data Rows : 86
temp_coeff = 7.507259e+01
Doing analysis at TEMP = 27.000000 and TNOM = 27.000000


No. of Data Rows : 141
vldo_sup_2          =  1.806836e+00
vldo_sup_2_8        =  1.806874e+00
line_reg = 4.750000e-05
 Reference value :  1.00000e+00vin                 =  1.786371e+00
dropout = 2.237100e-02
Doing analysis at TEMP = 27.000000 and TNOM = 27.000000


No. of Data Rows : 91
Error: no such vector PM
Note: No ".plot", ".print", or ".fourier" lines; no simulations run

Error: measure  pm  (AT) : out of interval
 meas ac pm find p when vdb(ldo_out)=0 failed!

Doing analysis at TEMP = 27.000000 and TNOM = 27.000000


No. of Data Rows : 91
psrr100             =  -7.560317e+01
psrr100k            =  -2.848995e+01
