Note: Starting true gmin stepping
Trying gmin =   1.0000E-03 Note: One successful gmin step
Trying gmin =   1.0000E-04 Note: One successful gmin step
Trying gmin =   1.0000E-05 Note: One successful gmin step
Trying gmin =   1.0000E-06 Note: One successful gmin step
Trying gmin =   1.0000E-07 Warning: Further gmin increment
Trying gmin =   5.6234E-07 Note: One successful gmin step
Trying gmin =   2.3714E-07 Warning: Further gmin increment
Trying gmin =   4.5316E-07 Note: One successful gmin step
Trying gmin =   3.2781E-07 Warning: Further gmin increment
Trying gmin =   4.1792E-07 Note: One successful gmin step
Trying gmin =   3.7013E-07 Note: One successful gmin step
Trying gmin =   3.0850E-07 Warning: Further gmin increment
Trying gmin =   3.5366E-07 Note: One successful gmin step
Trying gmin =   3.3031E-07 Warning: Further gmin increment
Trying gmin =   3.4767E-07 Note: One successful gmin step
Trying gmin =   3.3888E-07 Warning: Further gmin increment
Trying gmin =   3.4545E-07 Note: One successful gmin step
Trying gmin =   3.4215E-07 Note: One successful gmin step
Trying gmin =   3.3726E-07 Warning: Further gmin increment
Trying gmin =   3.4092E-07 Note: One successful gmin step
Trying gmin =   3.3908E-07 Warning: Further gmin increment
Trying gmin =   3.4046E-07 Note: One successful gmin step
Trying gmin =   3.3977E-07 Note: One successful gmin step
Trying gmin =   3.3874E-07 Warning: Further gmin increment
Trying gmin =   3.3951E-07 Note: One successful gmin step
Trying gmin =   3.3913E-07 Warning: Further gmin increment
Trying gmin =   3.3942E-07 Note: One successful gmin step
Trying gmin =   3.3927E-07 Note: One successful gmin step
Trying gmin =   3.3905E-07 Warning: Further gmin increment
Trying gmin =   3.3922E-07 Warning: Further gmin increment
Trying gmin =   3.3926E-07 Note: One successful gmin step
Trying gmin =   3.3924E-07 Warning: Further gmin increment
Trying gmin =   3.3925E-07 Note: One successful gmin step
Trying gmin =   3.3924E-07 Note: One successful gmin step
Trying gmin =   3.3923E-07 Warning: Last gmin step failed
Warning: True gmin stepping failed
Note: Starting dynamic gmin stepping
Trying gmin =   1.0000E-03 Note: One successful gmin step
Trying gmin =   1.0000E-04 Note: One successful gmin step
Trying gmin =   1.0000E-05 Note: One successful gmin step
Trying gmin =   1.0000E-06 Warning: Further gmin increment
Trying gmin =   5.6234E-06 Note: One successful gmin step
Trying gmin =   2.3714E-06 Note: One successful gmin step
Trying gmin =   6.4938E-07 Warning: Further gmin increment
Trying gmin =   1.7154E-06 Warning: Further gmin increment
Trying gmin =   2.1870E-06 Note: One successful gmin step
Trying gmin =   1.9369E-06 Note: One successful gmin step
Trying gmin =   1.6144E-06 Warning: Further gmin increment
Trying gmin =   1.8507E-06 Note: One successful gmin step
Trying gmin =   1.7285E-06 Warning: Further gmin increment
Trying gmin =   1.8194E-06 Note: One successful gmin step
Trying gmin =   1.7734E-06 Warning: Further gmin increment
Trying gmin =   1.8077E-06 Warning: Further gmin increment
Trying gmin =   1.8164E-06 Note: One successful gmin step
Trying gmin =   1.8121E-06 Warning: Further gmin increment
Trying gmin =   1.8154E-06 Note: One successful gmin step
Trying gmin =   1.8137E-06 Warning: Further gmin increment
Trying gmin =   1.8149E-06 Note: One successful gmin step
Trying gmin =   1.8143E-06 Note: One successful gmin step
Trying gmin =   1.8134E-06 Warning: Further gmin increment
Trying gmin =   1.8141E-06 Note: One successful gmin step
Trying gmin =   1.8138E-06 Warning: Further gmin increment
Trying gmin =   1.8140E-06 Note: One successful gmin step
Trying gmin =   1.8139E-06 Warning: Further gmin increment
Trying gmin =   1.8140E-06 Note: One successful gmin step
Trying gmin =   1.8139E-06 Note: One successful gmin step
Trying gmin =   1.8139E-06 Warning: Last gmin step failed
Error: -4.35193e+219, 2 out of range for ^
Warning: Dynamic gmin stepping failed
Note: Starting source stepping
Supplies reduced to   0.0000% Note: One successful source step
Supplies reduced to   0.1000% Note: One successful source step
Supplies reduced to   0.2000% Note: One successful source step
Supplies reduced to   0.3500% Note: One successful source step
Supplies reduced to   0.5750% Note: One successful source step
Supplies reduced to   0.9125% Note: One successful source step
Supplies reduced to   1.4188% Note: One successful source step
Supplies reduced to   2.1781% Note: One successful source step
Supplies reduced to   3.3172% Note: One successful source step
Supplies reduced to   5.0258% Note: One successful source step
Supplies reduced to   7.5887% Note: One successful source step
Supplies reduced to  11.4330% Note: One successful source step
Supplies reduced to  17.1995% Note: One successful source step
Supplies reduced to  25.8493% Note: One successful source step
Supplies reduced to  38.8239% Note: One successful source step
Supplies reduced to  51.7985% Note: One successful source step
Supplies reduced to  71.2605% Note: One successful source step
Supplies reduced to 100.0000% Supplies reduced to  71.2605% Note: One successful source step
Supplies reduced to  72.2605% Note: One successful source step
Supplies reduced to  73.7605% Note: One successful source step
Supplies reduced to  76.0105% Note: One successful source step
Supplies reduced to  79.3855% Note: One successful source step
Supplies reduced to  84.4480% Supplies reduced to  79.3855% Note: One successful source step
Supplies reduced to  80.1449% Note: One successful source step
Supplies reduced to  81.2839% Supplies reduced to  80.1449% Note: One successful source step
Supplies reduced to  80.3157% Note: One successful source step
Supplies reduced to  80.5720% Supplies reduced to  80.3157% Note: One successful source step
Supplies reduced to  80.3542% Note: One successful source step
Supplies reduced to  80.4118% Note: One successful source step
Supplies reduced to  80.4983% Supplies reduced to  80.4118% Note: One successful source step
Supplies reduced to  80.4248% Note: One successful source step
Supplies reduced to  80.4443% Note: One successful source step
Supplies reduced to  80.4735% Note: One successful source step
Supplies reduced to  80.5172% Supplies reduced to  80.4735% Note: One successful source step
Supplies reduced to  80.4800% Note: One successful source step
Supplies reduced to  80.4899% Note: One successful source step
Supplies reduced to  80.5047% Supplies reduced to  80.4899% Note: One successful source step
Supplies reduced to  80.4921% Note: One successful source step
Supplies reduced to  80.4954% Supplies reduced to  80.4921% Note: One successful source step
Supplies reduced to  80.4926% Note: One successful source step
Supplies reduced to  80.4933% Note: One successful source step
Supplies reduced to  80.4945% Note: One successful source step
Supplies reduced to  80.4961% Supplies reduced to  80.4945% Note: One successful source step
Supplies reduced to  80.4947% Note: One successful source step
Supplies reduced to  80.4951% Supplies reduced to  80.4947% Note: One successful source step
Supplies reduced to  80.4948% Warning: source stepping failed
doAnalyses: Too many iterations without convergence

op simulation(s) aborted
Error(parse.c--checkvalid): bg_out: zero length vector.
Error(parse.c--checkvalid): ldo_out: zero length vector.
Note: Starting true gmin stepping
Trying gmin =   1.0000E-03 Note: One successful gmin step
Trying gmin =   1.0000E-04 Note: One successful gmin step
Trying gmin =   1.0000E-05 Note: One successful gmin step
Trying gmin =   1.0000E-06 Note: One successful gmin step
Trying gmin =   1.0000E-07 Warning: Further gmin increment
Trying gmin =   5.6234E-07 Note: One successful gmin step
Trying gmin =   2.3714E-07 Warning: Further gmin increment
Trying gmin =   4.5316E-07 Note: One successful gmin step
Trying gmin =   3.2781E-07 Warning: Further gmin increment
Trying gmin =   4.1792E-07 Note: One successful gmin step
Trying gmin =   3.7013E-07 Note: One successful gmin step
Trying gmin =   3.0850E-07 Warning: Further gmin increment
Trying gmin =   3.5366E-07 Note: One successful gmin step
Trying gmin =   3.3031E-07 Warning: Further gmin increment
Trying gmin =   3.4767E-07 Note: One successful gmin step
Trying gmin =   3.3888E-07 Warning: Further gmin increment
Trying gmin =   3.4545E-07 Note: One successful gmin step
Trying gmin =   3.4215E-07 Note: One successful gmin step
Trying gmin =   3.3726E-07 Warning: Further gmin increment
Trying gmin =   3.4092E-07 Note: One successful gmin step
Trying gmin =   3.3908E-07 Warning: Further gmin increment
Trying gmin =   3.4046E-07 Note: One successful gmin step
Trying gmin =   3.3977E-07 Note: One successful gmin step
Trying gmin =   3.3874E-07 Warning: Further gmin increment
Trying gmin =   3.3951E-07 Note: One successful gmin step
Trying gmin =   3.3913E-07 Warning: Further gmin increment
Trying gmin =   3.3942E-07 Note: One successful gmin step
Trying gmin =   3.3927E-07 Note: One successful gmin step
Trying gmin =   3.3905E-07 Warning: Further gmin increment
Trying gmin =   3.3922E-07 Warning: Further gmin increment
Trying gmin =   3.3926E-07 Note: One successful gmin step
Trying gmin =   3.3924E-07 Warning: Further gmin increment
Trying gmin =   3.3925E-07 Note: One successful gmin step
Trying gmin =   3.3924E-07 Note: One successful gmin step
Trying gmin =   3.3923E-07 Warning: Last gmin step failed
Warning: True gmin stepping failed
Note: Starting dynamic gmin stepping
Trying gmin =   1.0000E-03 Note: One successful gmin step
Trying gmin =   1.0000E-04 Note: One successful gmin step
Trying gmin =   1.0000E-05 Note: One successful gmin step
Trying gmin =   1.0000E-06 Warning: Further gmin increment
Trying gmin =   5.6234E-06 Note: One successful gmin step
Trying gmin =   2.3714E-06 Note: One successful gmin step
Trying gmin =   6.4938E-07 Warning: Further gmin increment
Trying gmin =   1.7154E-06 Warning: Further gmin increment
Trying gmin =   2.1870E-06 Note: One successful gmin step
Trying gmin =   1.9369E-06 Note: One successful gmin step
Trying gmin =   1.6144E-06 Warning: Further gmin increment
Trying gmin =   1.8507E-06 Note: One successful gmin step
Trying gmin =   1.7285E-06 Warning: Further gmin increment
Trying gmin =   1.8194E-06 Note: One successful gmin step
Trying gmin =   1.7734E-06 Warning: Further gmin increment
Trying gmin =   1.8077E-06 Warning: Further gmin increment
Trying gmin =   1.8164E-06 Note: One successful gmin step
Trying gmin =   1.8121E-06 Warning: Further gmin increment
Trying gmin =   1.8154E-06 Note: One successful gmin step
Trying gmin =   1.8137E-06 Warning: Further gmin increment
Trying gmin =   1.8149E-06 Note: One successful gmin step
Trying gmin =   1.8143E-06 Note: One successful gmin step
Trying gmin =   1.8134E-06 Warning: Further gmin increment
Trying gmin =   1.8141E-06 Note: One successful gmin step
Trying gmin =   1.8138E-06 Warning: Further gmin increment
Trying gmin =   1.8140E-06 Note: One successful gmin step
Trying gmin =   1.8139E-06 Warning: Further gmin increment
Trying gmin =   1.8140E-06 Note: One successful gmin step
Trying gmin =   1.8139E-06 Note: One successful gmin step
Trying gmin =   1.8139E-06 Warning: Last gmin step failed
Error: -4.3518e+219, 2 out of range for ^
Warning: Dynamic gmin stepping failed
Note: Starting source stepping
Supplies reduced to   0.0000% Note: One successful source step
Supplies reduced to   0.1000% Note: One successful source step
Supplies reduced to   0.2000% Note: One successful source step
Supplies reduced to   0.3500% Note: One successful source step
Supplies reduced to   0.5750% Note: One successful source step
Supplies reduced to   0.9125% Note: One successful source step
Supplies reduced to   1.4188% Note: One successful source step
Supplies reduced to   2.1781% Note: One successful source step
Supplies reduced to   3.3172% Note: One successful source step
Supplies reduced to   5.0258% Note: One successful source step
Supplies reduced to   7.5887% Note: One successful source step
Supplies reduced to  11.4330% Note: One successful source step
Supplies reduced to  17.1995% Note: One successful source step
Supplies reduced to  25.8493% Note: One successful source step
Supplies reduced to  38.8239% Note: One successful source step
Supplies reduced to  51.7985% Note: One successful source step
Supplies reduced to  71.2605% Note: One successful source step
Supplies reduced to 100.0000% Supplies reduced to  71.2605% Note: One successful source step
Supplies reduced to  72.2605% Note: One successful source step
Supplies reduced to  73.7605% Note: One successful source step
Supplies reduced to  76.0105% Note: One successful source step
Supplies reduced to  79.3855% Note: One successful source step
Supplies reduced to  84.4480% Supplies reduced to  79.3855% Note: One successful source step
Supplies reduced to  80.1449% Note: One successful source step
Supplies reduced to  81.2839% Supplies reduced to  80.1449% Note: One successful source step
Supplies reduced to  80.3157% Note: One successful source step
Supplies reduced to  80.5720% Supplies reduced to  80.3157% Note: One successful source step
Supplies reduced to  80.3542% Note: One successful source step
Supplies reduced to  80.4118% Note: One successful source step
Supplies reduced to  80.4983% Supplies reduced to  80.4118% Note: One successful source step
Supplies reduced to  80.4248% Note: One successful source step
Supplies reduced to  80.4443% Note: One successful source step
Supplies reduced to  80.4735% Note: One successful source step
Supplies reduced to  80.5172% Supplies reduced to  80.4735% Note: One successful source step
Supplies reduced to  80.4800% Note: One successful source step
Supplies reduced to  80.4899% Note: One successful source step
Supplies reduced to  80.5047% Supplies reduced to  80.4899% Note: One successful source step
Supplies reduced to  80.4921% Note: One successful source step
Supplies reduced to  80.4954% Supplies reduced to  80.4921% Note: One successful source step
Supplies reduced to  80.4926% Note: One successful source step
Supplies reduced to  80.4933% Note: One successful source step
Supplies reduced to  80.4945% Note: One successful source step
Supplies reduced to  80.4961% Supplies reduced to  80.4945% Note: One successful source step
Supplies reduced to  80.4947% Note: One successful source step
Supplies reduced to  80.4951% Supplies reduced to  80.4947% Note: One successful source step
Supplies reduced to  80.4948% Warning: source stepping failed

No compatibility mode selected!


Circuit: * ldo netlist 

Doing analysis at TEMP = 27.000000 and TNOM = 27.000000


DC solution failed -

Last Node Voltages
------------------

Node                                   Last Voltage        Previous Iter
----                                   ------------        -------------
inn                                        0.789953             0.789696
mir                                        0.635838             0.635873
vdd                                         1.69039              1.69039
inp                                        0.788556             0.788296
bg_out                                     0.584258             0.584057
net3                                       0.577201             0.577013
net1                                       0.575621             0.575436
net2                                        1.48342              1.48605 *
net5                                       0.753403             0.753608
net4                                      0.0149679            0.0149176 *
net6                                       0.933639             0.933613
xc1.a                                             0                    0
xc1.b1                                            0                    0
xr1.xsky130_fd_pr__res_xhigh_po_0p69.ra             0.577223             0.577036
net7                                       0.575837              0.57565
xr2.xsky130_fd_pr__res_xhigh_po_0p69.ra             0.578587             0.578399
xr3.xsky130_fd_pr__res_xhigh_po_0p69.ra           0.00141716           0.00141668
xr4.xsky130_fd_pr__res_xhigh_po_0p69.ra             0.575625             0.575439
xr5.xsky130_fd_pr__res_xhigh_po_0p69.ra           0.00141366           0.00141318
xr6.xsky130_fd_pr__res_xhigh_po_0p69.ra           0.00143529           0.00143477
net9                                       0.973953             0.974113
net10                                    0.00045038          0.000448967
net8                                       0.698221             0.698247
pos                                        0.588482             0.588283
vb                                         0.980319             0.980291
out                                        0.777809             0.777843
ldo_out                                     0.88535              0.88505
net12                                      0.777809             0.777843
xc3.a                                      0.777809             0.777843
xc3.b1                                     0.777809             0.777843
net11                                      0.777809             0.777843
xr7.xsky130_fd_pr__res_xhigh_po_0p69.ra             0.777809             0.777843
xr8.xsky130_fd_pr__res_xhigh_po_0p69.ra             0.590954             0.590754
xr9.xsky130_fd_pr__res_xhigh_po_0p69.ra           0.00252069           0.00251979
net13                                             0                    0
l1#branch                              -1.35525e-20                    0
vs#branch                               -0.00497102          -0.00496933
vt#branch                                         0                    0

Doing analysis at TEMP = 27.000000 and TNOM = 27.000000


AC operating point failed -

Last Node Voltages
------------------

Node                                   Last Voltage        Previous Iter
----                                   ------------        -------------
inn                                        0.789812             0.789848
mir                                        0.635856             0.635853
vdd                                         1.69039              1.69039
inp                                        0.788414             0.788451
bg_out                                     0.584148             0.584177
net3                                       0.577098             0.577125
net1                                        0.57552             0.575546
net2                                        1.48485              1.48449
net5                                       0.753514    doAnalyses: Too many iterations without convergence

ac simulation(s) aborted
Error(parse.c--checkvalid): out: zero length vector.
Error: RHS "(180/pi)*vp(out)" invalid
Error: measure limited to tran, dc, sp, or ac analysis
Error: no such vector PM
Note: Starting true gmin stepping
Trying gmin =   1.0000E-03 Note: One successful gmin step
Trying gmin =   1.0000E-04 Note: One successful gmin step
Trying gmin =   1.0000E-05 Note: One successful gmin step
Trying gmin =   1.0000E-06 Note: One successful gmin step
Trying gmin =   1.0000E-07 Warning: Further gmin increment
Trying gmin =   5.6234E-07 Note: One successful gmin step
Trying gmin =   2.3714E-07 Warning: Further gmin increment
Trying gmin =   4.5316E-07 Note: One successful gmin step
Trying gmin =   3.2781E-07 Warning: Further gmin increment
Trying gmin =   4.1792E-07 Note: One successful gmin step
Trying gmin =   3.7013E-07 Note: One successful gmin step
Trying gmin =   3.0850E-07 Warning: Further gmin increment
Trying gmin =   3.5366E-07 Note: One successful gmin step
Trying gmin =   3.3031E-07 Warning: Further gmin increment
Trying gmin =   3.4767E-07 Note: One successful gmin step
Trying gmin =   3.3888E-07 Warning: Further gmin increment
Trying gmin =   3.4545E-07 Note: One successful gmin step
Trying gmin =   3.4215E-07 Note: One successful gmin step
Trying gmin =   3.3726E-07 Warning: Further gmin increment
Trying gmin =   3.4092E-07 Note: One successful gmin step
Trying gmin =   3.3908E-07 Warning: Further gmin increment
Trying gmin =   3.4046E-07 Note: One successful gmin step
Trying gmin =   3.3977E-07 Note: One successful gmin step
Trying gmin =   3.3874E-07 Warning: Further gmin increment
Trying gmin =   3.3951E-07 Note: One successful gmin step
Trying gmin =   3.3913E-07 Warning: Further gmin increment
Trying gmin =   3.3942E-07 Note: One successful gmin step
Trying gmin =   3.3927E-07 Note: One successful gmin step
Trying gmin =   3.3905E-07 Warning: Further gmin increment
Trying gmin =   3.3922E-07 Warning: Further gmin increment
Trying gmin =   3.3926E-07 Note: One successful gmin step
Trying gmin =   3.3924E-07 Warning: Further gmin increment
Trying gmin =   3.3925E-07 Note: One successful gmin step
Trying gmin =   3.3924E-07 Note: One successful gmin step
Trying gmin =   3.3923E-07 Warning: Last gmin step failed
Warning: True gmin stepping failed
Note: Starting dynamic gmin stepping
Trying gmin =   1.0000E-03 Note: One successful gmin step
Trying gmin =   1.0000E-04 Note: One successful gmin step
Trying gmin =   1.0000E-05 Note: One successful gmin step
Trying gmin =   1.0000E-06 Warning: Further gmin increment
Trying gmin =   5.6234E-06 Note: One successful gmin step
Trying gmin =   2.3714E-06 Note: One successful gmin step
Trying gmin =   6.4938E-07 Warning: Further gmin increment
Trying gmin =   1.7154E-06 Warning: Further gmin increment
Trying gmin =   2.1870E-06 Note: One successful gmin step
Trying gmin =   1.9369E-06 Note: One successful gmin step
Trying gmin =   1.6144E-06 Warning: Further gmin increment
Trying gmin =   1.8507E-06 Note: One successful gmin step
Trying gmin =   1.7285E-06 Warning: Further gmin increment
Trying gmin =   1.8194E-06 Note: One successful gmin step
Trying gmin =   1.7734E-06 Warning: Further gmin increment
Trying gmin =   1.8077E-06 Warning: Further gmin increment
Trying gmin =   1.8164E-06 Note: One successful gmin step
Trying gmin =   1.8121E-06 Warning: Further gmin increment
Trying gmin =   1.8154E-06 Note: One successful gmin step
Trying gmin =   1.8137E-06 Warning: Further gmin increment
Trying gmin =   1.8149E-06 Note: One successful gmin step
Trying gmin =   1.8143E-06 Note: One successful gmin step
Trying gmin =   1.8134E-06 Warning: Further gmin increment
Trying gmin =   1.8141E-06 Note: One successful gmin step
Trying gmin =   1.8138E-06 Warning: Further gmin increment
Trying gmin =   1.8140E-06 Note: One successful gmin step
Trying gmin =   1.8139E-06 Warning: Further gmin increment
Trying gmin =   1.8140E-06 Note: One successful gmin step
Trying gmin =   1.8139E-06 Note: One successful gmin step
Trying gmin =   1.8139E-06 Warning: Last gmin step failed
Error: -4.3518e+219, 2 out of range for ^
Warning: Dynamic gmin stepping failed
Note: Starting source stepping
Supplies reduced to   0.0000% Note: One successful source step
Supplies reduced to   0.1000% Note: One successful source step
Supplies reduced to   0.2000% Note: One successful source step
Supplies reduced to   0.3500% Note: One successful source step
Supplies reduced to   0.5750% Note: One successful source step
Supplies reduced to   0.9125% Note: One successful source step
Supplies reduced to   1.4188% Note: One successful source step
Supplies reduced to   2.1781% Note: One successful source step
Supplies reduced to   3.3172% Note: One successful source step
Supplies reduced to   5.0258% Note: One successful source step
Supplies reduced to   7.5887% Note: One successful source step
Supplies reduced to  11.4330% Note: One successful source step
Supplies reduced to  17.1995% Note: One successful source step
Supplies reduced to  25.8493% Note: One successful source step
Supplies reduced to  38.8239% Note: One successful source step
Supplies reduced to  51.7985% Note: One successful source step
Supplies reduced to  71.2605% Note: One successful source step
Supplies reduced to 100.0000% Supplies reduced to  71.2605% Note: One successful source step
Supplies reduced to  72.2605% Note: One successful source step
Supplies reduced to  73.7605% Note: One successful source step
Supplies reduced to  76.0105% Note: One successful source step
Supplies reduced to  79.3855% Note: One successful source step
Supplies reduced to  84.4480% Supplies reduced to  79.3855% Note: One successful source step
Supplies reduced to  80.1449% Note: One successful source step
Supplies reduced to  81.2839% Supplies reduced to  80.1449% Note: One successful source step
Supplies reduced to  80.3157% Note: One successful source step
Supplies reduced to  80.5720% Supplies reduced to  80.3157% Note: One successful source step
Supplies reduced to  80.3542% Note: One successful source step
Supplies reduced to  80.4118% Note: One successful source step
Supplies reduced to  80.4983% Supplies reduced to  80.4118% Note: One successful source step
Supplies reduced to  80.4248% Note: One successful source step
Supplies reduced to  80.4443% Note: One successful source step
Supplies reduced to  80.4735% Note: One successful source step
Supplies reduced to  80.5172% Supplies reduced to  80.4735% Note: One successful source step
Supplies reduced to  80.4800% Note: One successful source step
Supplies reduced to  80.4899% Note: One successful source step
Supplies reduced to  80.5047% Supplies reduced to  80.4899% Note: One successful source step
Supplies reduced to  80.4921% Note: One successful source step
Supplies reduced to  80.4954% Supplies reduced to  80.4921% Note: One successful source step
Supplies reduced to  80.4926% Note: One successful source step
Supplies reduced to  80.4933% Note: One successful source step
Supplies reduced to  80.4945% Note: One successful source step
Supplies reduced to  80.4961% Supplies reduced to  80.4945% Note: One successful source step
Supplies reduced to  80.4947% Note: One successful source step
Supplies reduced to  80.4951% Supplies reduced to  80.4947% Note: One successful source step
Supplies reduced to  80.4948% Warning: source stepping failed
         0.753486
net4                                      0.0149404            0.0149475
net6                                       0.933625             0.933629
xc1.a                                             0                    0
xc1.b1                                            0                    0
xr1.xsky130_fd_pr__res_xhigh_po_0p69.ra             0.577121             0.577147
net7                                       0.575735             0.575761
xr2.xsky130_fd_pr__res_xhigh_po_0p69.ra             0.578484             0.578511
xr3.xsky130_fd_pr__res_xhigh_po_0p69.ra           0.00141689           0.00141696
xr4.xsky130_fd_pr__res_xhigh_po_0p69.ra             0.575523              0.57555
xr5.xsky130_fd_pr__res_xhigh_po_0p69.ra            0.0014134           0.00141346
xr6.xsky130_fd_pr__res_xhigh_po_0p69.ra             0.001435           0.00143508
net9                                        0.97404             0.974018
net10                                   0.000449607          0.000449807
net8                                       0.698235             0.698232
pos                                        0.588373             0.588401
vb                                         0.980304             0.980308
out                                        0.777827             0.777824
ldo_out                                    0.885186             0.885228
net12                                      0.777827             0.777824
xc3.a                                      0.777827             0.777824
xc3.b1                                     0.777827             0.777824
net11                                      0.777827             0.777824
xr7.xsky130_fd_pr__res_xhigh_po_0p69.ra             0.777827             0.777824
xr8.xsky130_fd_pr__res_xhigh_po_0p69.ra             0.590844             0.590873
xr9.xsky130_fd_pr__res_xhigh_po_0p69.ra            0.0025202           0.00252032
net13                                             0                    0
l1#branch                                         0                    0
vs#branch                                -0.0049701          -0.00497034
vt#branch                                         0                    0

 meas ac pm find ph when vdb(out)=0 failed!

Doing analysis at TEMP = 27.000000 and TNOM = 27.000000


AC operating point failed -

Last Node Voltages
------------------

Node                                   Last Voltage        Previous Iter
----                                   ------------        -------------
inn                                        0.789812             0.789848
mir                                        0.635856             0.635853
vdd                                         1.69039              1.69039
inp                                        0.788414             0.788451
bg_out                                     0.584148             0.584177
net3                                       0.577098             0.577125
net1                                        0.57552             0.575546
net2                                        1.48485              1.48449
net5                                       0.753514             0.753486
net4                                      0.0149404            0.0149475
net6                                       0.933625             0.933629
xc1.a                                             0                    0
xc1.b1                                            0                    0
xr1.xsky130_fd_pr__res_xhigh_po_0p69.ra             0.577121             0.577147
net7                                       0.575735             0.575761
xr2.xsky130_fd_pr__res_xhigh_po_0p69.ra             0.578484             0.578511
xr3.xsky130_fd_pr__res_xhigh_po_0p69.ra           0.00141689           0.00141696
xr4.xsky130_fd_pr__res_xhigh_po_0p69.ra             0.575523              0.57555
xr5.xsky130_fd_pr__res_xhigh_po_0p69.ra            0.0014134           0.00141346
xr6.xsky130_fd_pr__res_xhigh_po_0p69.ra             0.001435           0.00143508
net9                                        0.97doAnalyses: Too many iterations without convergence

ac simulation(s) aborted
Error: measure limited to tran, dc, sp, or ac analysis
Error: measure limited to tran, dc, sp, or ac analysis
Error: no such vector PSRR100
Note: Starting true gmin stepping
Trying gmin =   1.0000E-03 Note: One successful gmin step
Trying gmin =   1.0000E-04 Note: One successful gmin step
Trying gmin =   1.0000E-05 Note: One successful gmin step
Trying gmin =   1.0000E-06 Note: One successful gmin step
Trying gmin =   1.0000E-07 Warning: Further gmin increment
Trying gmin =   5.6234E-07 Note: One successful gmin step
Trying gmin =   2.3714E-07 Warning: Further gmin increment
Trying gmin =   4.5316E-07 Note: One successful gmin step
Trying gmin =   3.2781E-07 Warning: Further gmin increment
Trying gmin =   4.1792E-07 Note: One successful gmin step
Trying gmin =   3.7013E-07 Warning: Further gmin increment
Trying gmin =   4.0542E-07 Note: One successful gmin step
Trying gmin =   3.8738E-07 Warning: Further gmin increment
Trying gmin =   4.0084E-07 Warning: Further gmin increment
Trying gmin =   4.0427E-07 Note: One successful gmin step
Trying gmin =   4.0255E-07 Warning: Further gmin increment
Trying gmin =   4.0384E-07 Note: One successful gmin step
Trying gmin =   4.0320E-07 Note: One successful gmin step
Trying gmin =   4.0223E-07 Warning: Further gmin increment
Trying gmin =   4.0295E-07 Warning: Further gmin increment
Trying gmin =   4.0313E-07 Warning: Further gmin increment
Trying gmin =   4.0318E-07 Note: One successful gmin step
Trying gmin =   4.0316E-07 Note: One successful gmin step
Trying gmin =   4.0312E-07 Warning: Further gmin increment
Trying gmin =   4.0315E-07 Note: One successful gmin step
Trying gmin =   4.0314E-07 Warning: Last gmin step failed
Warning: True gmin stepping failed
Note: Starting dynamic gmin stepping
Trying gmin =   1.0000E-03 Note: One successful gmin step
Trying gmin =   1.0000E-04 Note: One successful gmin step
Trying gmin =   1.0000E-05 Note: One successful gmin step
Trying gmin =   1.0000E-06 Warning: Further gmin increment
Trying gmin =   5.6234E-06 Note: One successful gmin step
Trying gmin =   2.3714E-06 Note: One successful gmin step
Trying gmin =   6.4938E-07 Note: One successful gmin step
Trying gmin =   3.3982E-07 Warning: Further gmin increment
Trying gmin =   5.5232E-07 Note: One successful gmin step
Trying gmin =   4.3323E-07 Note: One successful gmin step
Trying gmin =   3.8369E-07 Note: One successful gmin step
Trying gmin =   3.1980E-07 Note: One successful gmin step
Trying gmin =   2.4335E-07 Note: One successful gmin step
Trying gmin =   1.6153E-07 Note: One successful gmin step
Trying gmin =   8.7354E-08 Note: One successful gmin step
Trying gmin =   3.4740E-08 Note: One successful gmin step
Trying gmin =   8.7127E-09 Note: One successful gmin step
Trying gmin =   1.0943E-09 Note: One successful gmin step
Trying gmin =   1.0943E-10 Note: One successful gmin step
Trying gmin =   1.0943E-11 Note: One successful gmin step
Trying gmin =   1.0943E-12 Note: One successful gmin step
Trying gmin =   1.0000E-12 Note: One successful gmin step
Note: Dynamic gmin stepping completed
 Reference value :  8.50000e+01Note: Starting true gmin stepping
Trying gmin =   1.0000E-03 Note: One successful gmin step
Trying gmin =   1.0000E-04 Note: One successful gmin step
Trying gmin =   1.0000E-05 Note: One successful gmin step
Trying gmin =   1.0000E-06 Warning: Further gmin increment
Trying gmin =   5.6234E-06 Note: One successful gmin step
Trying gmin =   2.3714E-06 Warning: Further gmin increment
Trying gmin =   4.5316E-06 Note: One successful gmin step
Trying gmin =   3.2781E-06 Note: One successful gmin step
Trying gmin =   2.0169E-06 Warning: Further gmin increment
Trying gmin =   2.9033E-06 Note: One successful gmin step
Trying gmin =   2.4199E-06 Warning: Further gmin increment
Trying gmin =   2.7741E-06 Note: One successful gmin step
Trying gmin =   2.5909E-06 Note: One successful gmin step
Trying gmin =   2.3386E-06 Note: One successful gmin step
Trying gmin =   2.0055E-06 Note: One successful gmin step
Trying gmin =   1.5926E-06 Note: One successful gmin step
Trying gmin =   1.1270E-06 Note: One successful gmin step
Trying gmin =   6.7093E-07 Note: One successful gmin step
Trying gmin =   3.0818E-07 Note: One successful gmin step
Trying gmin =   9.5935E-08 Warning: Further gmin increment
Trying gmin =   2.3019E-07 Note: One successful gmin step
Trying gmin =   1.4861E-07 Note: One successful gmin step
Trying gmin =   1.1940E-07 Warning: Further gmin increment
Trying gmin =   1.4069E-07 Note: One successful gmin step
Trying gmin =   1.2961E-07 Warning: Further gmin increment
Trying gmin =   1.3784E-07 Note: One successful gmin step
Trying gmin =   1.3366E-07 Warning: Further gmin increment
Trying gmin =   1.3678E-07 Note: One successful gmin step
Trying gmin =   1.3521E-07 Note: One successful gmin step
Trying gmin =   1.3289E-07 Warning: Further gmin increment
Trying gmin =   1.3463E-07 Note: One successful gmin step
Trying gmin =   1.3376E-07 Warning: Further gmin increment
Trying gmin =   1.3441E-07 Note: One successful gmin step
Trying gmin =   1.3408E-07 Note: One successful gmin step
Trying gmin =   1.3359E-07 Warning: Further gmin increment
Trying gmin =   1.3396E-07 Note: One successful gmin step
Trying gmin =   1.3378E-07 Warning: Further gmin increment
Trying gmin =   1.3392E-07 Warning: Further gmin increment
Trying gmin =   1.3395E-07 Note: One successful gmin step
Trying gmin =   1.3393E-07 Warning: Further gmin increment
Trying gmin =   1.3395E-07 Note: One successful gmin step
Trying gmin =   1.3394E-07 Note: One successful gmin step
Trying gmin =   1.3393E-07 Warning: Further gmin increment
Trying gmin =   1.3394E-07 Warning: Last gmin step failed
Warning: True gmin stepping failed
Note: Starting dynamic gmin stepping
Trying gmin =   1.0000E-03 Note: One successful gmin step
Trying gmin =   1.0000E-04 Note: One successful gmin step
Trying gmin =   1.0000E-05 Warning: Further gmin increment
Trying gmin =   5.6234E-05 Note: One successful gmin step
Trying gmin =   2.3714E-05 Note: One successful gmin step
Trying gmin =   6.4938E-06 Warning: Further gmin increment
Trying gmin =   1.7154E-05 Note: One successful gmin step
Trying gmin =   1.0554E-05 Warning: Further gmin increment
Trying gmin =   1.5193E-05 Note: One successful gmin step
Trying gmin =   1.2663E-05 Note: One successful gmin step
Trying gmin =   9.6358E-06 Warning: Further gmin increment
Trying gmin =   1.1827E-05 Note: One successful gmin step
Trying gmin =   1.0675E-05 Note: One successful gmin step
Trying gmin =   9.1546E-06 Note: One successful gmin step
Trying gmin =   7.2699E-06 Note: One successful gmin step
Trying gmin =   5.1447E-06 Note: One successful gmin step
Trying gmin =   4.3279E-06 Note: One successful gmin step
Trying gmin =   3.3392E-06 Note: One successful gmin step
Trying gmin =   2.2631E-06 Note: One successful gmin step
Trying gmin =   1.2627E-06 Warning: Further gmin increment
Trying gmin =   1.9559E-06 Note: One successful gmin step
Trying gmin =   1.5715E-06 Warning: Further gmin increment
Trying gmin =   1.8518E-06 Note: One successful gmin step
Trying gmin =   1.7059E-06 Warning: Further gmin increment
Trying gmin =   1.8142E-06 Note: One successful gmin step
Trying gmin =   1.7592E-06 Note: One successful gmin step
Trying gmin =   1.6799E-06 Note: One successful gmin step
Trying gmin =   1.5675E-06 Note: One successful gmin step
Trying gmin =   1.4129E-06 Note: One successful gmin step
Trying gmin =   1.2091E-06 Note: One successful gmin step
Trying gmin =   9.5714E-07 Note: One successful gmin step
Trying gmin =   6.7415E-07 Note: One successful gmin step
Trying gmin =   3.9850E-07 Note: One successful gmin step
Trying gmin =   1.8111E-07 Note: One successful gmin step
Trying gmin =   5.5489E-08 Note: One successful gmin step
Trying gmin =   9.4102E-09 Note: One successful gmin step
Trying gmin =   9.4102E-10 Note: One successful gmin step
Trying gmin =   9.4102E-11 Note: One successful gmin step
Trying gmin =   9.4102E-12 Note: One successful gmin step
Trying gmin =   1.0000E-12 Note: One successful gmin step
Note: Dynamic gmin stepping completed
 Reference value :  2.80000e+00Note: Starting true gmin stepping
Trying gmin =   1.0000E-03 Note: One successful gmin step
Trying gmin =   1.0000E-04 Note: One successful gmin step
Trying gmin =   1.0000E-05 Note: One successful gmin step
Trying gmin =   1.0000E-06 Note: One successful gmin step
Trying gmin =   1.0000E-07 Note: One successful gmin step
Trying gmin =   1.0000E-08 Warning: Further gmin increment
Trying gmin =   5.6234E-08 Note: One successful gmin step
Trying gmin =   2.3714E-08 Note: One successful gmin step
Trying gmin =   6.4938E-09 Note: One successful gmin step
Trying gmin =   9.3057E-10 Note: One successful gmin step
Trying gmin =   9.3057E-11 Warning: Further gmin increment
Trying gmin =   5.2330E-10 Note: One successful gmin step
Trying gmin =   2.2067E-10 Note: One successful gmin step
Trying gmin =   6.0430E-11 Note: One successful gmin step
Trying gmin =   8.6596E-12 Warning: Further gmin increment
Trying gmin =   3.7180E-11 Note: One successful gmin step
Trying gmin =   1.7943E-11 Note: One successful gmin step
Trying gmin =   6.0158E-12 Note: One successful gmin step
Trying gmin =   1.1678E-12 Note: One successful gmin step
Trying gmin =   1.0000E-12 Note: One successful gmin step
Note: True gmin stepping completed
 Reference value :  1.18000e+00Note: Starting true gmin stepping
Trying gmin =   1.0000E-03 Note: One successful gmin step
Trying gmin =   1.0000E-04 Note: One successful gmin step
Trying gmin =   1.0000E-05 Note: One successful gmin step
Trying gmin =   1.0000E-06 Note: One successful gmin step
Trying gmin =   1.0000E-07 Note: One successful gmin step
Trying gmin =   1.0000E-08 Note: One successful gmin step
Trying gmin =   3.1623E-09 Note: One successful gmin step
Trying gmin =   5.6234E-10 Note: One successful gmin step
Trying gmin =   5.6234E-11 Warning: Further gmin increment
Trying gmin =   3.1623E-10 Note: One successful gmin step
Trying gmin =   1.3335E-10 Note: One successful gmin step
Trying gmin =   3.6517E-11 Note: One successful gmin step
Trying gmin =   5.2330E-12 Warning: Further gmin increment
Trying gmin =   2.2468E-11 Note: One successful gmin step
Trying gmin =   1.0843E-11 Warning: Further gmin increment
Trying gmin =   1.8727E-11 Note: One successful gmin step
Trying gmin =   1.4250E-11 Note: One successful gmin step
Trying gmin =   9.4587E-12 Note: One successful gmin step
Trying gmin =   5.1152E-12 Note: One successful gmin step
Trying gmin =   2.0343E-12 Note: One successful gmin step
Trying gmin =   1.0000E-12 Note: One successful gmin step
Note: True gmin stepping completed
 Reference value :  8.60000e-01404             0.974018
net10                                   0.000449607          0.000449807
net8                                       0.698235             0.698232
pos                                        0.588373             0.588401
vb                                         0.980304             0.980308
out                                        0.777827             0.777824
ldo_out                                    0.885186             0.885228
net12                                      0.777827             0.777824
xc3.a                                      0.777827             0.777824
xc3.b1                                     0.777827             0.777824
net11                                      0.777827             0.777824
xr7.xsky130_fd_pr__res_xhigh_po_0p69.ra             0.777827             0.777824
xr8.xsky130_fd_pr__res_xhigh_po_0p69.ra             0.590844             0.590873
xr9.xsky130_fd_pr__res_xhigh_po_0p69.ra            0.0025202           0.00252032
net13                                             0                    0
l1#branch                                         0                    0
vs#branch                                -0.0049701          -0.00497034
vt#branch                                         0                    0

 meas ac psrr100 find vdb(ldo_out) at=100 failed!

 meas ac psrr100k find vdb(ldo_out) at=100k failed!

Doing analysis at TEMP = 27.000000 and TNOM = 27.000000


No. of Data Rows : 86
temp_coeff = 1.520299e+02
Doing analysis at TEMP = 27.000000 and TNOM = 27.000000


No. of Data Rows : 141
vldo_sup_2          =  1.799342e+00
vldo_sup_2_8        =  1.799298e+00
line_reg = 5.500000e-05
Note: No ".plot", ".print", or ".fourier" lines; no simulations run
vin                 =  1.778022e+00
dropout = 1.402200e-02
