Note: Starting true gmin stepping
Trying gmin =   1.0000E-03 Note: One successful gmin step
Trying gmin =   1.0000E-04 Note: One successful gmin step
Trying gmin =   1.0000E-05 Note: One successful gmin step
Trying gmin =   1.0000E-06 Note: One successful gmin step
Trying gmin =   1.0000E-07 Note: One successful gmin step
Trying gmin =   1.0000E-08 Warning: Further gmin increment
Trying gmin =   5.6234E-08 Warning: Further gmin increment
Trying gmin =   8.6596E-08 Note: One successful gmin step
Trying gmin =   6.9783E-08 Warning: Further gmin increment
Trying gmin =   8.2047E-08 Note: One successful gmin step
Trying gmin =   7.5667E-08 Warning: Further gmin increment
Trying gmin =   8.0403E-08 Note: One successful gmin step
Trying gmin =   7.7999E-08 Warning: Further gmin increment
Trying gmin =   7.9795E-08 Note: One successful gmin step
Trying gmin =   7.8892E-08 Warning: Further gmin increment
Trying gmin =   7.9569E-08 Note: One successful gmin step
Trying gmin =   7.9230E-08 Note: One successful gmin step
Trying gmin =   7.8724E-08 Warning: Further gmin increment
Trying gmin =   7.9103E-08 Warning: Further gmin increment
Trying gmin =   7.9198E-08 Warning: Further gmin increment
Trying gmin =   7.9222E-08 Note: One successful gmin step
Trying gmin =   7.9210E-08 Note: One successful gmin step
Trying gmin =   7.9192E-08 Warning: Further gmin increment
Trying gmin =   7.9205E-08 Note: One successful gmin step
Trying gmin =   7.9199E-08 Warning: Further gmin increment
Trying gmin =   7.9204E-08 Note: One successful gmin step
Trying gmin =   7.9201E-08 Warning: Last gmin step failed
Warning: True gmin stepping failed
Note: Starting dynamic gmin stepping
Trying gmin =   1.0000E-03 Note: One successful gmin step
Trying gmin =   1.0000E-04 Note: One successful gmin step
Trying gmin =   1.0000E-05 Warning: Further gmin increment
Trying gmin =   5.6234E-05 Note: One successful gmin step
Trying gmin =   2.3714E-05 Note: One successful gmin step
Trying gmin =   6.4938E-06 Note: One successful gmin step
Trying gmin =   9.3057E-07 Note: One successful gmin step
Trying gmin =   1.3335E-07 Warning: Further gmin increment
Trying gmin =   5.7255E-07 Warning: Further gmin increment
Trying gmin =   8.2417E-07 Note: One successful gmin step
Trying gmin =   6.8693E-07 Note: One successful gmin step
Trying gmin =   5.2271E-07 Note: One successful gmin step
Trying gmin =   3.4696E-07 Note: One successful gmin step
Trying gmin =   1.8764E-07 Note: One successful gmin step
Trying gmin =   7.4621E-08 Note: One successful gmin step
Trying gmin =   1.8715E-08 Note: One successful gmin step
Trying gmin =   2.3506E-09 Note: One successful gmin step
Trying gmin =   2.3506E-10 Note: One successful gmin step
Trying gmin =   2.3506E-11 Note: One successful gmin step
Trying gmin =   2.3506E-12 Note: One successful gmin step
Trying gmin =   1.0000E-12 Note: One successful gmin step
Note: Dynamic gmin stepping completed
 Reference value :  0.00000e+00
No compatibility mode selected!


Circuit: * ldo netlist 

Doing analysis at TEMP = 0.000000 and TNOM = 27.000000


No. of Data Rows : 1
bg_out = 1.194084e+00
inn = 1.263499e+00
inp = 1.263485e+00
l1#branch = 0.000000e+00
ldo_out = 1.796653e+00
m.xm1.msky130_fd_pr__nfet_g5v0d10v5#body = 1.925721e-11
m.xm1.msky130_fd_pr__nfet_g5v0d10v5#dbody = 4.078684e-11
m.xm1.msky130_fd_pr__nfet_g5v0d10v5#sbody = 1.698478e-11
m.xm2.msky130_fd_pr__pfet_g5v0d10v5#body = 2.500000e+00
m.xm2.msky130_fd_pr__pfet_g5v0d10v5#dbody = 2.500000e+00
m.xm2.msky130_fd_pr__pfet_g5v0d10v5#sbody = 2.500000e+00
m.xm3.msky130_fd_pr__pfet_g5v0d10v5#body = 2.500000e+00
m.xm3.msky130_fd_pr__pfet_g5v0d10v5#dbody = 2.500000e+00
m.xm3.msky130_fd_pr__pfet_g5v0d10v5#sbody = 2.500000e+00
m.xm4.msky130_fd_pr__pfet_g5v0d10v5#body = 2.500000e+00
m.xm4.msky130_fd_pr__pfet_g5v0d10v5#dbody = 2.500000e+00
m.xm4.msky130_fd_pr__pfet_g5v0d10v5#sbody = 2.500000e+00
m.xm5.msky130_fd_pr__pfet_g5v0d10v5#body = 2.500000e+00
m.xm5.msky130_fd_pr__pfet_g5v0d10v5#dbody = 2.500000e+00
m.xm5.msky130_fd_pr__pfet_g5v0d10v5#sbody = 2.500000e+00
m.xm6.msky130_fd_pr__nfet_g5v0d10v5#body = 1.205000e-11
m.xm6.msky130_fd_pr__nfet_g5v0d10v5#dbody = 3.012499e-11
m.xm6.msky130_fd_pr__nfet_g5v0d10v5#sbody = 6.025004e-12
m.xm7.msky130_fd_pr__pfet_g5v0d10v5#body = 2.500000e+00
m.xm7.msky130_fd_pr__pfet_g5v0d10v5#dbody = 2.500000e+00
m.xm7.msky130_fd_pr__pfet_g5v0d10v5#sbody = 2.500000e+00
m.xm8.msky130_fd_pr__pfet_g5v0d10v5#body = 2.500000e+00
m.xm8.msky130_fd_pr__pfet_g5v0d10v5#dbody = 2.500000e+00
m.xm8.msky130_fd_pr__pfet_g5v0d10v5#sbody = 2.500000e+00
m.xm9.msky130_fd_pr__nfet_g5v0d10v5#body = 1.952602e-11
m.xm9.msky130_fd_pr__nfet_g5v0d10v5#dbody = 4.304476e-11
m.xm9.msky130_fd_pr__nfet_g5v0d10v5#sbody = 1.553329e-11
m.xm10.msky130_fd_pr__nfet_g5v0d10v5#body = 1.939123e-11
m.xm10.msky130_fd_pr__nfet_g5v0d10v5#dbody = 4.270780e-11
m.xm10.msky130_fd_pr__nfet_g5v0d10v5#sbody = 1.546590e-11
m.xm11.msky130_fd_pr__pfet_g5v0d10v5#body = 2.500000e+00
m.xm11.msky130_fd_pr__pfet_g5v0d10v5#dbody = 2.500000e+00
m.xm11.msky130_fd_pr__pfet_g5v0d10v5#sbody = 2.500000e+00
m.xm12.msky130_fd_pr__pfet_g5v0d10v5#body = 2.500000e+00
m.xm12.msky130_fd_pr__pfet_g5v0d10v5#dbody = 2.500000e+00
m.xm12.msky130_fd_pr__pfet_g5v0d10v5#sbody = 2.500000e+00
m.xm13.msky130_fd_pr__nfet_g5v0d10v5#body = 2.885123e-12
m.xm13.msky130_fd_pr__nfet_g5v0d10v5#dbody = 7.212796e-12
m.xm13.msky130_fd_pr__nfet_g5v0d10v5#sbody = 1.442572e-12
m.xm14.msky130_fd_pr__pfet_g5v0d10v5#body = 2.500000e+00
m.xm14.msky130_fd_pr__pfet_g5v0d10v5#dbody = 2.500000e+00
m.xm14.msky130_fd_pr__pfet_g5v0d10v5#sbody = 2.500000e+00
m.xm15.msky130_fd_pr__nfet_g5v0d10v5#body = 5.044714e-16
m.xm15.msky130_fd_pr__nfet_g5v0d10v5#dbody = 1.261143e-15
m.xm15.msky130_fd_pr__nfet_g5v0d10v5#sbody = 2.522709e-16
m.xm16.msky130_fd_pr__nfet_g5v0d10v5#body = 4.704385e-11
m.xm16.msky130_fd_pr__nfet_g5v0d10v5#dbody = 8.602204e-11
m.xm16.msky130_fd_pr__nfet_g5v0d10v5#sbody = 5.510952e-11
m.xm17.msky130_fd_pr__pfet_g5v0d10v5#body = 2.500000e+00
m.xm17.msky130_fd_pr__pfet_g5v0d10v5#dbody = 2.500000e+00
m.xm17.msky130_fd_pr__pfet_g5v0d10v5#sbody = 2.500000e+00
m.xm18.msky130_fd_pr__nfet_g5v0d10v5#body = 1.258420e-11
m.xm18.msky130_fd_pr__nfet_g5v0d10v5#dbody = 3.146047e-11
m.xm18.msky130_fd_pr__nfet_g5v0d10v5#sbody = 6.292110e-12
m.xm19.msky130_fd_pr__nfet_g5v0d10v5#body = 1.928161e-11
m.xm19.msky130_fd_pr__nfet_g5v0d10v5#dbody = 4.084785e-11
m.xm19.msky130_fd_pr__nfet_g5v0d10v5#sbody = 1.699698e-11
m.xm20.msky130_fd_pr__nfet_g5v0d10v5#body = 1.233280e-11
m.xm20.msky130_fd_pr__nfet_g5v0d10v5#dbody = 3.083198e-11
m.xm20.msky130_fd_pr__nfet_g5v0d10v5#sbody = 6.166412e-12
m.xm22.msky130_fd_pr__nfet_g5v0d10v5#body = 3.678125e-12
m.xm22.msky130_fd_pr__nfet_g5v0d10v5#dbody = 9.195307e-12
m.xm22.msky130_fd_pr__nfet_g5v0d10v5#sbody = 1.839067e-12
m.xm24.msky130_fd_pr__pfet_g5v0d10v5#body = 2.500000e+00
m.xm24.msky130_fd_pr__pfet_g5v0d10v5#dbody = 2.500000e+00
m.xm24.msky130_fd_pr__pfet_g5v0d10v5#sbody = 2.500000e+00
m.xm26.msky130_fd_pr__pfet_g5v0d10v5#body = 2.500000e+00
m.xm26.msky130Note: Starting true gmin stepping
Trying gmin =   1.0000E-03 Note: One successful gmin step
Trying gmin =   1.0000E-04 Note: One successful gmin step
Trying gmin =   1.0000E-05 Note: One successful gmin step
Trying gmin =   1.0000E-06 Note: One successful gmin step
Trying gmin =   1.0000E-07 Note: One successful gmin step
Trying gmin =   1.0000E-08 Warning: Further gmin increment
Trying gmin =   5.6234E-08 Warning: Further gmin increment
Trying gmin =   8.6596E-08 Note: One successful gmin step
Trying gmin =   6.9783E-08 Warning: Further gmin increment
Trying gmin =   8.2047E-08 Note: One successful gmin step
Trying gmin =   7.5667E-08 Warning: Further gmin increment
Trying gmin =   8.0403E-08 Note: One successful gmin step
Trying gmin =   7.7999E-08 Warning: Further gmin increment
Trying gmin =   7.9795E-08 Note: One successful gmin step
Trying gmin =   7.8892E-08 Warning: Further gmin increment
Trying gmin =   7.9569E-08 Note: One successful gmin step
Trying gmin =   7.9230E-08 Note: One successful gmin step
Trying gmin =   7.8724E-08 Warning: Further gmin increment
Trying gmin =   7.9103E-08 Warning: Further gmin increment
Trying gmin =   7.9198E-08 Warning: Further gmin increment
Trying gmin =   7.9222E-08 Note: One successful gmin step
Trying gmin =   7.9210E-08 Note: One successful gmin step
Trying gmin =   7.9192E-08 Warning: Further gmin increment
Trying gmin =   7.9205E-08 Note: One successful gmin step
Trying gmin =   7.9199E-08 Warning: Further gmin increment
Trying gmin =   7.9204E-08 Note: One successful gmin step
Trying gmin =   7.9201E-08 Warning: Last gmin step failed
Warning: True gmin stepping failed
Note: Starting dynamic gmin stepping
Trying gmin =   1.0000E-03 Note: One successful gmin step
Trying gmin =   1.0000E-04 Note: One successful gmin step
Trying gmin =   1.0000E-05 Warning: Further gmin increment
Trying gmin =   5.6234E-05 Note: One successful gmin step
Trying gmin =   2.3714E-05 Note: One successful gmin step
Trying gmin =   6.4938E-06 Note: One successful gmin step
Trying gmin =   9.3057E-07 Note: One successful gmin step
Trying gmin =   1.3335E-07 Warning: Further gmin increment
Trying gmin =   5.7255E-07 Warning: Further gmin increment
Trying gmin =   8.2417E-07 Note: One successful gmin step
Trying gmin =   6.8693E-07 Note: One successful gmin step
Trying gmin =   5.2271E-07 Note: One successful gmin step
Trying gmin =   3.4696E-07 Note: One successful gmin step
Trying gmin =   1.8764E-07 Note: One successful gmin step
Trying gmin =   7.4621E-08 Note: One successful gmin step
Trying gmin =   1.8715E-08 Note: One successful gmin step
Trying gmin =   2.3506E-09 Note: One successful gmin step
Trying gmin =   2.3506E-10 Note: One successful gmin step
Trying gmin =   2.3506E-11 Note: One successful gmin step
Trying gmin =   2.3506E-12 Note: One successful gmin step
Trying gmin =   1.0000E-12 Note: One successful gmin step
Note: Dynamic gmin stepping completed
 Reference value :  1.00000e+00_fd_pr__pfet_g5v0d10v5#dbody = 2.500000e+00
m.xm26.msky130_fd_pr__pfet_g5v0d10v5#sbody = 2.500000e+00
mir = 1.246325e+00
net1 = 7.710697e-01
net2 = 4.033378e-05
net3 = 8.248297e-01
net4 = 2.942423e-01
net5 = 1.248277e+00
net6 = 9.639922e-01
net7 = 8.248156e-01
net8 = 1.320484e+00
net9 = 1.331267e+00
net10 = 2.308080e-01
net11 = 1.006734e+00
net12 = 1.006734e+00
net13 = 0.000000e+00
out = 1.006734e+00
pos = 1.194174e+00
q.xq2.qsky130_fd_pr__pnp_05v5_w0p68l0p68#collcx = 1.934822e-03
q.xq3.qsky130_fd_pr__pnp_05v5_w0p68l0p68#collcx = 2.435953e-04
q.xq4.qsky130_fd_pr__pnp_05v5_w0p68l0p68#collcx = 2.435953e-04
q.xq8.qsky130_fd_pr__pnp_05v5_w0p68l0p68#collcx = 2.435953e-04
q.xq10.qsky130_fd_pr__pnp_05v5_w0p68l0p68#collcx = 2.435953e-04
q.xq12.qsky130_fd_pr__pnp_05v5_w0p68l0p68#collcx = 2.435953e-04
q.xq14.qsky130_fd_pr__pnp_05v5_w0p68l0p68#collcx = 2.435953e-04
q.xq16.qsky130_fd_pr__pnp_05v5_w0p68l0p68#collcx = 2.435953e-04
q.xq18.qsky130_fd_pr__pnp_05v5_w0p68l0p68#collcx = 2.435953e-04
vb = 9.866220e-01
vdd = 2.500000e+00
vs#branch = -9.99401e-02
vt#branch = 0.000000e+00
xc1.a = 0.000000e+00
xc1.b1 = 0.000000e+00
xc3.a = 1.006734e+00
xc3.b1 = 1.006734e+00
xr1.xsky130_fd_pr__res_xhigh_po_0p69.ra = 8.275944e-01
xr2.xsky130_fd_pr__res_xhigh_po_0p69.ra = 8.276084e-01
xr3.xsky130_fd_pr__res_xhigh_po_0p69.ra = 1.984368e-03
xr4.xsky130_fd_pr__res_xhigh_po_0p69.ra = 7.719108e-01
xr5.xsky130_fd_pr__res_xhigh_po_0p69.ra = 1.984332e-03
xr6.xsky130_fd_pr__res_xhigh_po_0p69.ra = 2.959059e-03
xr7.xsky130_fd_pr__res_xhigh_po_0p69.ra = 1.006734e+00
xr8.xsky130_fd_pr__res_xhigh_po_0p69.ra = 1.199093e+00
xr9.xsky130_fd_pr__res_xhigh_po_0p69.ra = 5.158099e-03
Doing analysis at TEMP = 0.000000 and TNOM = 27.000000


No. of Data Rows : 91
Note: Starting true gmin stepping
Trying gmin =   1.0000E-03 Note: One successful gmin step
Trying gmin =   1.0000E-04 Note: One successful gmin step
Trying gmin =   1.0000E-05 Note: One successful gmin step
Trying gmin =   1.0000E-06 Note: One successful gmin step
Trying gmin =   1.0000E-07 Note: One successful gmin step
Trying gmin =   1.0000E-08 Warning: Further gmin increment
Trying gmin =   5.6234E-08 Warning: Further gmin increment
Trying gmin =   8.6596E-08 Note: One successful gmin step
Trying gmin =   6.9783E-08 Warning: Further gmin increment
Trying gmin =   8.2047E-08 Note: One successful gmin step
Trying gmin =   7.5667E-08 Warning: Further gmin increment
Trying gmin =   8.0403E-08 Note: One successful gmin step
Trying gmin =   7.7999E-08 Warning: Further gmin increment
Trying gmin =   7.9795E-08 Note: One successful gmin step
Trying gmin =   7.8892E-08 Warning: Further gmin increment
Trying gmin =   7.9569E-08 Note: One successful gmin step
Trying gmin =   7.9230E-08 Note: One successful gmin step
Trying gmin =   7.8724E-08 Warning: Further gmin increment
Trying gmin =   7.9103E-08 Warning: Further gmin increment
Trying gmin =   7.9198E-08 Warning: Further gmin increment
Trying gmin =   7.9222E-08 Note: One successful gmin step
Trying gmin =   7.9210E-08 Note: One successful gmin step
Trying gmin =   7.9192E-08 Warning: Further gmin increment
Trying gmin =   7.9205E-08 Note: One successful gmin step
Trying gmin =   7.9199E-08 Warning: Further gmin increment
Trying gmin =   7.9204E-08 Note: One successful gmin step
Trying gmin =   7.9201E-08 Warning: Last gmin step failed
Warning: True gmin stepping failed
Note: Starting dynamic gmin stepping
Trying gmin =   1.0000E-03 Note: One successful gmin step
Trying gmin =   1.0000E-04 Note: One successful gmin step
Trying gmin =   1.0000E-05 Warning: Further gmin increment
Trying gmin =   5.6234E-05 Note: One successful gmin step
Trying gmin =   2.3714E-05 Note: One successful gmin step
Trying gmin =   6.4938E-06 Note: One successful gmin step
Trying gmin =   9.3057E-07 Note: One successful gmin step
Trying gmin =   1.3335E-07 Warning: Further gmin increment
Trying gmin =   5.7255E-07 Warning: Further gmin increment
Trying gmin =   8.2417E-07 Note: One successful gmin step
Trying gmin =   6.8693E-07 Note: One successful gmin step
Trying gmin =   5.2271E-07 Note: One successful gmin step
Trying gmin =   3.4696E-07 Note: One successful gmin step
Trying gmin =   1.8764E-07 Note: One successful gmin step
Trying gmin =   7.4621E-08 Note: One successful gmin step
Trying gmin =   1.8715E-08 Note: One successful gmin step
Trying gmin =   2.3506E-09 Note: One successful gmin step
Trying gmin =   2.3506E-10 Note: One successful gmin step
Trying gmin =   2.3506E-11 Note: One successful gmin step
Trying gmin =   2.3506E-12 Note: One successful gmin step
Trying gmin =   1.0000E-12 Note: One successful gmin step
Note: Dynamic gmin stepping completed
 Reference value :  1.00000e+00Note: Starting true gmin stepping
Trying gmin =   1.0000E-03 Note: One successful gmin step
Trying gmin =   1.0000E-04 Note: One successful gmin step
Trying gmin =   1.0000E-05 Note: One successful gmin step
Trying gmin =   1.0000E-06 Warning: Further gmin increment
Trying gmin =   5.6234E-06 Note: One successful gmin step
Trying gmin =   2.3714E-06 Note: One successful gmin step
Trying gmin =   1.0000E-06 Warning: Further gmin increment
Trying gmin =   1.9110E-06 Note: One successful gmin step
Trying gmin =   1.3824E-06 Note: One successful gmin step
Trying gmin =   8.5053E-07 Note: One successful gmin step
Trying gmin =   4.1047E-07 Note: One successful gmin step
Trying gmin =   1.9810E-07 Note: One successful gmin step
Trying gmin =   6.6415E-08 Note: One successful gmin step
Trying gmin =   1.2893E-08 Warning: Further gmin increment
Trying gmin =   4.4085E-08 Warning: Further gmin increment
Trying gmin =   5.9947E-08 Note: One successful gmin step
Trying gmin =   5.1408E-08 Note: One successful gmin step
Trying gmin =   4.0824E-08 Warning: Further gmin increment
Trying gmin =   4.8529E-08 Note: One successful gmin step
Trying gmin =   4.4510E-08 Warning: Further gmin increment
Trying gmin =   4.7491E-08 Note: One successful gmin step
Trying gmin =   4.5977E-08 Note: One successful gmin step
Trying gmin =   4.3794E-08 Warning: Further gmin increment
Trying gmin =   4.5421E-08 Note: One successful gmin step
Trying gmin =   4.4600E-08 Warning: Further gmin increment
Trying gmin =   4.5214E-08 Note: One successful gmin step
Trying gmin =   4.4906E-08 Warning: Further gmin increment
Trying gmin =   4.5137E-08 Note: One successful gmin step
Trying gmin =   4.5022E-08 Note: One successful gmin step
Trying gmin =   4.4849E-08 Warning: Further gmin increment
Trying gmin =   4.4978E-08 Warning: Further gmin increment
Trying gmin =   4.5011E-08 Warning: Further gmin increment
Trying gmin =   4.5019E-08 Note: One successful gmin step
Trying gmin =   4.5015E-08 Warning: Further gmin increment
Trying gmin =   4.5018E-08 Warning: Last gmin step failed
Warning: True gmin stepping failed
Note: Starting dynamic gmin stepping
Trying gmin =   1.0000E-03 Note: One successful gmin step
Trying gmin =   1.0000E-04 Note: One successful gmin step
Trying gmin =   1.0000E-05 Note: One successful gmin step
Trying gmin =   1.0000E-06 Warning: Further gmin increment
Trying gmin =   5.6234E-06 Note: One successful gmin step
Trying gmin =   2.3714E-06 Note: One successful gmin step
Trying gmin =   1.5399E-06 Note: One successful gmin step
Trying gmin =   8.0584E-07 Note: One successful gmin step
Trying gmin =   3.0505E-07 Note: One successful gmin step
Trying gmin =   7.1050E-08 Warning: Further gmin increment
Trying gmin =   2.1192E-07 Warning: Further gmin increment
Trying gmin =   2.7850E-07 Note: One successful gmin step
Trying gmin =   2.4294E-07 Warning: Further gmin increment
Trying gmin =   2.6915E-07 Note: One successful gmin step
Trying gmin =   2.5571E-07 Note: One successful gmin step
Trying gmin =   2.3680E-07 Warning: Further gmin increment
Trying gmin =   2.5084E-07 Note: One successful gmin step
Trying gmin =   2.4372E-07 Warning: Further gmin increment
Trying gmin =   2.4904E-07 Note: One successful gmin step
Trying gmin =   2.4637E-07 Warning: Further gmin increment
Trying gmin =   2.4837E-07 Note: One successful gmin step
Trying gmin =   2.4737E-07 Warning: Further gmin increment
Trying gmin =   2.4812E-07 Note: One successful gmin step
Trying gmin =   2.4774E-07 Note: One successful gmin step
Trying gmin =   2.4718E-07 Warning: Further gmin increment
Trying gmin =   2.4760E-07 Note: One successful gmin step
Trying gmin =   2.4739E-07 Warning: Further gmin increment
Trying gmin =   2.4755E-07 Note: One successful gmin step
Trying gmin =   2.4747E-07 Warning: Further gmin increment
Trying gmin =   2.4753E-07 Note: One successful gmin step
Trying gmin =   2.4750E-07 Warning: Further gmin increment
Trying gmin =   2.4752E-07 Note: One successful gmin step
Trying gmin =   2.4751E-07 Note: One successful gmin step
Trying gmin =   2.4749E-07 Warning: Further gmin increment
Trying gmin =   2.4751E-07 Note: One successful gmin step
Trying gmin =   2.4750E-07 Warning: Last gmin step failed
Error: -4.03906e+228, 2 out of range for ^
Warning: Dynamic gmin stepping failed
Note: Starting source stepping
Supplies reduced to   0.0000% Note: One successful source step
Supplies reduced to   0.1000% Note: One successful source step
Supplies reduced to   0.2000% Note: One successful source step
Supplies reduced to   0.3500% Note: One successful source step
Supplies reduced to   0.5750% Note: One successful source step
Supplies reduced to   0.9125% Note: One successful source step
Supplies reduced to   1.4188% Note: One successful source step
Supplies reduced to   2.1781% Note: One successful source step
Supplies reduced to   3.3172% Note: One successful source step
Supplies reduced to   5.0258% Note: One successful source step
Supplies reduced to   7.5887% Note: One successful source step
Supplies reduced to  11.4330% Note: One successful source step
Supplies reduced to  17.1995% Note: One successful source step
Supplies reduced to  25.8493% Supplies reduced to  17.1995% Note: One successful source step
Supplies reduced to  18.1995% Note: One successful source step
Supplies reduced to  19.6995% Note: One successful source step
Supplies reduced to  21.9495% Note: One successful source step
Supplies reduced to  25.3245% Note: One successful source step
Supplies reduced to  30.3870% Note: One successful source step
Supplies reduced to  35.4495% Note: One successful source step
Supplies reduced to  40.5120% Note: One successful source step
Supplies reduced to  48.1058% Supplies reduced to  40.5120% Note: One successful source step
Supplies reduced to  41.2714% Note: One successful source step
Supplies reduced to  42.4104% Note: One successful source step
Supplies reduced to  44.1190% Note: One successful source step
Supplies reduced to  46.6819% Supplies reduced to  44.1190% Note: One successful source step
Supplies reduced to  44.5035% Note: One successful source step
Supplies reduced to  45.0801% Note: One successful source step
Supplies reduced to  45.9451% Note: One successful source step
Supplies reduced to  47.2426% Note: One successful source step
Supplies reduced to  49.1888% Note: One successful source step
Supplies reduced to  52.1081% Note: One successful source step
Supplies reduced to  56.4870% Note: One successful source step
Supplies reduced to  63.0554% Note: One successful source step
Supplies reduced to  72.9080% Note: One successful source step
Supplies reduced to  87.6869% Supplies reduced to  72.9080% Note: One successful source step
Supplies reduced to  73.9080% Note: One successful source step
Supplies reduced to  75.4080% Note: One successful source step
Supplies reduced to  77.6580% Supplies reduced to  75.4080% Note: One successful source step
Supplies reduced to  75.7455% Supplies reduced to  75.4080% Note: One successful source step
Supplies reduced to  75.4586% Note: One successful source step
Supplies reduced to  75.5346% Note: One successful source step
Supplies reduced to  75.6485% Note: One successful source step
Supplies reduced to  75.8193% Supplies reduced to  75.6485% Note: One successful source step
Supplies reduced to  75.6741% Note: One successful source step
Supplies reduced to  75.7126% Note: One successful source step
Supplies reduced to  75.7702% Supplies reduced to  75.7126% Note: One successful source step
Supplies reduced to  75.7212% Note: One successful source step
Supplies reduced to  75.7342% Note: One successful source step
Supplies reduced to  75.7536% Supplies reduced to  75.7342% Note: One successful source step
Supplies reduced to  75.7371% Note: One successful source step
Supplies reduced to  75.7415% Supplies reduced to  75.7371% Note: One successful source step
Supplies reduced to  75.7378% Note: One successful source step
Supplies reduced to  75.7387% Supplies reduced to  75.7378% Note: One successful source step
Supplies reduced to  75.7379% Note: One successful source step
Supplies reduced to  75.7381% Note: One successful source step
Supplies reduced to  75.7385% Supplies reduced to  75.7381% Note: One successful source step
Supplies reduced to  75.7382% Note: One successful source step
Supplies reduced to  75.7382% Supplies reduced to  75.7382% Note: One successful source step
Supplies reduced to  75.7382% Note: One successful source step
Supplies reduced to  75.7382% Note: One successful source step
Supplies reduced to  75.7382% Note: One successful source step
Supplies reduced to  75.7383% Warning: source stepping failed
doAnalyses: Too many iterations without convergence

dc simulation(s) aborted
Error(parse.c--checkvalid): vldo_sup_2_8: zero length vector.
Error: RHS "abs((vldo_sup_2_8-vldo_sup_2)/0.8)" invalid
Error(parse.c--checkvalid): line_reg: zero length vector.
Error(parse.c--checkvalid): vin: zero length vector.
Error: RHS "vin-1.764" invalid
Error(parse.c--checkvalid): dropout: zero length vector.
Error: no such vector dropout
Note: No ".plot", ".print", or ".fourier" lines; no simulations run
pm                  =  1.138269e+01
Doing analysis at TEMP = 0.000000 and TNOM = 27.000000


No. of Data Rows : 91
psrr100             =  -6.053215e+01
psrr100k            =  -2.584106e+01
Doing analysis at TEMP = 0.000000 and TNOM = 27.000000


No. of Data Rows : 86
temp_coeff = 1.779486e+02
Doing analysis at TEMP = 0.000000 and TNOM = 27.000000


Error: measure  vldo_sup_2  (AT) : out of interval
 meas dc vldo_sup_2 find ldo_out at=2 failed!


Error: measure  vldo_sup_2_8  (AT) : out of interval
 meas dc vldo_sup_2_8 find ldo_out at=2.8 failed!


Error: measure  vin  (WHEN) : out of interval
 meas dc vin when v(ldo_out)=1.764 failed!

