 Reference value :  8.50000e+01Note: Starting true gmin stepping
Trying gmin =   1.0000E-03 Note: One successful gmin step
Trying gmin =   1.0000E-04 Note: One successful gmin step
Trying gmin =   1.0000E-05 Note: One successful gmin step
Trying gmin =   1.0000E-06 Warning: Further gmin increment
Trying gmin =   5.6234E-06 Note: One successful gmin step
Trying gmin =   2.3714E-06 Note: One successful gmin step
Trying gmin =   6.4938E-07 Warning: Further gmin increment
Trying gmin =   1.7154E-06 Warning: Further gmin increment
Trying gmin =   2.1870E-06 Warning: Further gmin increment
Trying gmin =   2.3239E-06 Note: One successful gmin step
Trying gmin =   2.2544E-06 Note: One successful gmin step
Trying gmin =   2.1540E-06 Note: One successful gmin step
Trying gmin =   2.0118E-06 Note: One successful gmin step
Trying gmin =   1.8159E-06 Note: One successful gmin step
Trying gmin =   1.5572E-06 Note: One successful gmin step
Trying gmin =   1.2366E-06 Note: One successful gmin step
Trying gmin =   8.7512E-07 Note: One successful gmin step
Trying gmin =   5.2097E-07 Note: One successful gmin step
Trying gmin =   2.3930E-07 Warning: Further gmin increment
Trying gmin =   4.2889E-07 Note: One successful gmin step
Trying gmin =   3.2036E-07 Note: One successful gmin step
Trying gmin =   2.0682E-07 Warning: Further gmin increment
Trying gmin =   2.8716E-07 Note: One successful gmin step
Trying gmin =   2.4370E-07 Note: One successful gmin step
Trying gmin =   1.9052E-07 Note: One successful gmin step
Trying gmin =   1.3170E-07 Note: One successful gmin step
Trying gmin =   7.5691E-08 Note: One successful gmin step
Trying gmin =   3.2978E-08 Note: One successful gmin step
Trying gmin =   9.4844E-09 Note: One successful gmin step
Trying gmin =   1.4628E-09 Note: One successful gmin step
Trying gmin =   1.4628E-10 Note: One successful gmin step
Trying gmin =   1.4628E-11 Note: One successful gmin step
Trying gmin =   1.4628E-12 Note: One successful gmin step
Trying gmin =   1.0000E-12 Note: One successful gmin step
Note: True gmin stepping completed
 Reference value :  2.80000e+00Note: Starting true gmin stepping
Trying gmin =   1.0000E-03 Note: One successful gmin step
Trying gmin =   1.0000E-04 Note: One successful gmin step
Trying gmin =   1.0000E-05 Note: One successful gmin step
Trying gmin =   1.0000E-06 Note: One successful gmin step
Trying gmin =   1.0000E-07 Note: One successful gmin step
Trying gmin =   1.0000E-08 Note: One successful gmin step
Trying gmin =   1.0000E-09 Warning: Further gmin increment
Trying gmin =   5.6234E-09 Note: One successful gmin step
Trying gmin =   2.3714E-09 Note: One successful gmin step
Trying gmin =   6.4938E-10 Warning: Further gmin increment
Trying gmin =   1.7154E-09 Note: One successful gmin step
Trying gmin =   1.0554E-09 Note: One successful gmin step
Trying gmin =   5.0937E-10 Note: One successful gmin step
Trying gmin =   1.7077E-10 Note: One successful gmin step
Trying gmin =   3.3152E-11 Note: One successful gmin step
Trying gmin =   3.3152E-12 Note: One successful gmin step
Trying gmin =   1.0000E-12 Note: One successful gmin step
Note: True gmin stepping completed
 Reference value :  1.36000e+00Note: Starting true gmin stepping
Trying gmin =   1.0000E-03 Note: One successful gmin step
Trying gmin =   1.0000E-04 Note: One successful gmin step
Trying gmin =   1.0000E-05 Note: One successful gmin step
Trying gmin =   1.0000E-06 Note: One successful gmin step
Trying gmin =   1.0000E-07 Note: One successful gmin step
Trying gmin =   1.0000E-08 Note: One successful gmin step
Trying gmin =   3.1623E-09 Note: One successful gmin step
Trying gmin =   5.6234E-10 Warning: Further gmin increment
Trying gmin =   2.0535E-09 Note: One successful gmin step
Trying gmin =   1.0746E-09 Warning: Further gmin increment
Trying gmin =   1.7466E-09 Note: One successful gmin step
Trying gmin =   1.3700E-09 Note: One successful gmin step
Trying gmin =   9.5173E-10 Note: One successful gmin step
Trying gmin =   5.5108E-10 Note: One successful gmin step
Trying gmin =   2.4280E-10 Warning: Further gmin increment
Trying gmin =   4.4897E-10 Warning: Further gmin increment
Trying gmin =   5.2356E-10 Note: One successful gmin step
Trying gmin =   4.8483E-10 Note: One successful gmin step
Trying gmin =   4.4897E-10 Note: One successful gmin step
Trying gmin =   4.0010E-10 Note: One successful gmin step
Trying gmin =   3.3657E-10 Note: One successful gmin step
Trying gmin =   2.5969E-10 Note: One successful gmin step
Trying gmin =   1.7600E-10 Note: One successful gmin step
Trying gmin =   9.8198E-11 Note: One successful gmin step
Trying gmin =   4.0925E-11 Note: One successful gmin step
Trying gmin =   1.1011E-11 Note: One successful gmin step
Trying gmin =   1.5366E-12 Note: One successful gmin step
Trying gmin =   1.0000E-12 Note: One successful gmin step
Note: True gmin stepping completed
 Reference value :  1.34000e+00
No compatibility mode selected!


Circuit: * ldo netlist 

Doing analysis at TEMP = 0.000000 and TNOM = 27.000000


No. of Data Rows : 86
temp_coeff = 6.409940e+01
Doing analysis at TEMP = 0.000000 and TNOM = 27.000000


No. of Data Rows : 141
vldo_sup_2          =  1.807861e+00
vldo_sup_2_8        =  1.806866e+00
line_reg = 1.243750e-03
Note: Starting true gmin stepping
Trying gmin =   1.0000E-03 Note: One successful gmin step
Trying gmin =   1.0000E-04 Note: One successful gmin step
Trying gmin =   1.0000E-05 Note: One successful gmin step
Trying gmin =   1.0000E-06 Note: One successful gmin step
Trying gmin =   1.0000E-07 Warning: Further gmin increment
Trying gmin =   5.6234E-07 Note: One successful gmin step
Trying gmin =   2.3714E-07 Note: One successful gmin step
Trying gmin =   6.4938E-08 Warning: Further gmin increment
Trying gmin =   1.7154E-07 Note: One successful gmin step
Trying gmin =   1.0554E-07 Warning: Further gmin increment
Trying gmin =   1.5193E-07 Warning: Further gmin increment
Trying gmin =   1.6641E-07 Warning: Further gmin increment
Trying gmin =   1.7025E-07 Note: One successful gmin step
Trying gmin =   1.6832E-07 Warning: Further gmin increment
Trying gmin =   1.6976E-07 Note: One successful gmin step
Trying gmin =   1.6904E-07 Note: One successful gmin step
Trying gmin =   1.6796E-07 Warning: Further gmin increment
Trying gmin =   1.6877E-07 Warning: Further gmin increment
Trying gmin =   1.6897E-07 Note: One successful gmin step
Trying gmin =   1.6887E-07 Note: One successful gmin step
Trying gmin =   1.6872E-07 Warning: Further gmin increment
Trying gmin =   1.6883E-07 Note: One successful gmin step
Trying gmin =   1.6878E-07 Warning: Further gmin increment
Trying gmin =   1.6882E-07 Warning: Further gmin increment
Trying gmin =   1.6883E-07 Note: One successful gmin step
Trying gmin =   1.6882E-07 Note: One successful gmin step
Trying gmin =   1.6882E-07 Warning: Last gmin step failed
Warning: True gmin stepping failed
Note: Starting dynamic gmin stepping
Trying gmin =   1.0000E-03 Note: One successful gmin step
Trying gmin =   1.0000E-04 Note: One successful gmin step
Trying gmin =   1.0000E-05 Note: One successful gmin step
Trying gmin =   1.0000E-06 Note: One successful gmin step
Trying gmin =   1.0000E-07 Warning: Further gmin increment
Trying gmin =   5.6234E-07 Note: One successful gmin step
Trying gmin =   2.3714E-07 Warning: Further gmin increment
Trying gmin =   4.5316E-07 Note: One successful gmin step
Trying gmin =   3.2781E-07 Warning: Further gmin increment
Trying gmin =   4.1792E-07 Note: One successful gmin step
Trying gmin =   3.7013E-07 Warning: Further gmin increment
Trying gmin =   4.0542E-07 Warning: Further gmin increment
Trying gmin =   4.1476E-07 Note: One successful gmin step
Trying gmin =   4.1007E-07 Note: One successful gmin step
Trying gmin =   4.0312E-07 Warning: Further gmin increment
Trying gmin =   4.0832E-07 Note: One successful gmin step
Trying gmin =   4.0571E-07 Warning: Further gmin increment
Trying gmin =   4.0767E-07 Note: One successful gmin step
Trying gmin =   4.0669E-07 Warning: Further gmin increment
Trying gmin =   4.0742E-07 Note: One successful gmin step
Trying gmin =   4.0705E-07 Note: One successful gmin step
Trying gmin =   4.0651E-07 Warning: Further gmin increment
Trying gmin =   4.0692E-07 Warning: Further gmin increment
Trying gmin =   4.0702E-07 Note: One successful gmin step
Trying gmin =   4.0697E-07 Warning: Further gmin increment
Trying gmin =   4.0701E-07 Note: One successful gmin step
Trying gmin =   4.0699E-07 Note: One successful gmin step
Trying gmin =   4.0696E-07 Warning: Further gmin increment
Trying gmin =   4.0698E-07 Warning: Last gmin step failed
Warning: Dynamic gmin stepping failed
Note: Starting source stepping
Supplies reduced to   0.0000% Note: One successful source step
Supplies reduced to   0.1000% Note: One successful source step
Supplies reduced to   0.2000% Note: One successful source step
Supplies reduced to   0.3500% Note: One successful source step
Supplies reduced to   0.5750% Note: One successful source step
Supplies reduced to   0.9125% Note: One successful source step
Supplies reduced to   1.4188% Note: One successful source step
Supplies reduced to   2.1781% Note: One successful source step
Supplies reduced to   3.3172% Note: One successful source step
Supplies reduced to   5.0258% Note: One successful source step
Supplies reduced to   7.5887% Note: One successful source step
Supplies reduced to  11.4330% Note: One successful source step
Supplies reduced to  17.1995% Note: One successful source step
Supplies reduced to  25.8493% Note: One successful source step
Supplies reduced to  38.8239% Note: One successful source step
Supplies reduced to  58.2859% Supplies reduced to  38.8239% Note: One successful source step
Supplies reduced to  39.8239% Note: One successful source step
Supplies reduced to  41.3239% Note: One successful source step
Supplies reduced to  43.5739% Note: One successful source step
Supplies reduced to  46.9489% Note: One successful source step
Supplies reduced to  52.0114% Note: One successful source step
Supplies reduced to  59.6052% Note: One successful source step
Supplies reduced to  70.9958% Supplies reduced to  59.6052% Note: One successful source step
Supplies reduced to  60.1747% Note: One successful source step
Supplies reduced to  61.0290% Note: One successful source step
Supplies reduced to  62.3104% Note: One successful source step
Supplies reduced to  64.2326% Note: One successful source step
Supplies reduced to  67.1158% Note: One successful source step
Supplies reduced to  71.4407% Note: One successful source step
Supplies reduced to  77.9280% Note: One successful source step
Supplies reduced to  87.6590% Supplies reduced to  77.9280% Note: One successful source step
Supplies reduced to  78.9280% Note: One successful source step
Supplies reduced to  80.4280% Supplies reduced to  78.9280% Note: One successful source step
Supplies reduced to  79.1530% Note: One successful source step
Supplies reduced to  79.4905% Note: One successful source step
Supplies reduced to  79.9968% Note: One successful source step
Supplies reduced to  80.7562% Note: One successful source step
Supplies reduced to  81.8952% Note: One successful source step
Supplies reduced to  83.6038% Note: One successful source step
Supplies reduced to  86.1667% Note: One successful source step
Supplies reduced to  90.0110% Note: One successful source step
Supplies reduced to  95.7776% Note: One successful source step
Supplies reduced to 100.0000% Note: One successful source step
Note: Source stepping completed
 Reference value :  1.00000e+00vin                 =  1.780539e+00
dropout = 1.653900e-02
Doing analysis at TEMP = 0.000000 and TNOM = 27.000000


No. of Data Rows : 91
Error: no such vector PM
Note: Starting true gmin stepping
Trying gmin =   1.0000E-03 Note: One successful gmin step
Trying gmin =   1.0000E-04 Note: One successful gmin step
Trying gmin =   1.0000E-05 Note: One successful gmin step
Trying gmin =   1.0000E-06 Note: One successful gmin step
Trying gmin =   1.0000E-07 Warning: Further gmin increment
Trying gmin =   5.6234E-07 Note: One successful gmin step
Trying gmin =   2.3714E-07 Note: One successful gmin step
Trying gmin =   6.4938E-08 Warning: Further gmin increment
Trying gmin =   1.7154E-07 Note: One successful gmin step
Trying gmin =   1.0554E-07 Warning: Further gmin increment
Trying gmin =   1.5193E-07 Warning: Further gmin increment
Trying gmin =   1.6641E-07 Warning: Further gmin increment
Trying gmin =   1.7025E-07 Note: One successful gmin step
Trying gmin =   1.6832E-07 Warning: Further gmin increment
Trying gmin =   1.6976E-07 Note: One successful gmin step
Trying gmin =   1.6904E-07 Note: One successful gmin step
Trying gmin =   1.6796E-07 Warning: Further gmin increment
Trying gmin =   1.6877E-07 Warning: Further gmin increment
Trying gmin =   1.6897E-07 Note: One successful gmin step
Trying gmin =   1.6887E-07 Note: One successful gmin step
Trying gmin =   1.6872E-07 Warning: Further gmin increment
Trying gmin =   1.6883E-07 Note: One successful gmin step
Trying gmin =   1.6878E-07 Warning: Further gmin increment
Trying gmin =   1.6882E-07 Warning: Further gmin increment
Trying gmin =   1.6883E-07 Note: One successful gmin step
Trying gmin =   1.6882E-07 Note: One successful gmin step
Trying gmin =   1.6882E-07 Warning: Last gmin step failed
Warning: True gmin stepping failed
Note: Starting dynamic gmin stepping
Trying gmin =   1.0000E-03 Note: One successful gmin step
Trying gmin =   1.0000E-04 Note: One successful gmin step
Trying gmin =   1.0000E-05 Note: One successful gmin step
Trying gmin =   1.0000E-06 Note: One successful gmin step
Trying gmin =   1.0000E-07 Warning: Further gmin increment
Trying gmin =   5.6234E-07 Note: One successful gmin step
Trying gmin =   2.3714E-07 Warning: Further gmin increment
Trying gmin =   4.5316E-07 Note: One successful gmin step
Trying gmin =   3.2781E-07 Warning: Further gmin increment
Trying gmin =   4.1792E-07 Note: One successful gmin step
Trying gmin =   3.7013E-07 Warning: Further gmin increment
Trying gmin =   4.0542E-07 Warning: Further gmin increment
Trying gmin =   4.1476E-07 Note: One successful gmin step
Trying gmin =   4.1007E-07 Note: One successful gmin step
Trying gmin =   4.0312E-07 Warning: Further gmin increment
Trying gmin =   4.0832E-07 Note: One successful gmin step
Trying gmin =   4.0571E-07 Warning: Further gmin increment
Trying gmin =   4.0767E-07 Note: One successful gmin step
Trying gmin =   4.0669E-07 Warning: Further gmin increment
Trying gmin =   4.0742E-07 Note: One successful gmin step
Trying gmin =   4.0705E-07 Note: One successful gmin step
Trying gmin =   4.0651E-07 Warning: Further gmin increment
Trying gmin =   4.0692E-07 Warning: Further gmin increment
Trying gmin =   4.0702E-07 Note: One successful gmin step
Trying gmin =   4.0697E-07 Warning: Further gmin increment
Trying gmin =   4.0701E-07 Note: One successful gmin step
Trying gmin =   4.0699E-07 Note: One successful gmin step
Trying gmin =   4.0696E-07 Warning: Further gmin increment
Trying gmin =   4.0698E-07 Warning: Last gmin step failed
Warning: Dynamic gmin stepping failed
Note: Starting source stepping
Supplies reduced to   0.0000% Note: One successful source step
Supplies reduced to   0.1000% Note: One successful source step
Supplies reduced to   0.2000% Note: One successful source step
Supplies reduced to   0.3500% Note: One successful source step
Supplies reduced to   0.5750% Note: One successful source step
Supplies reduced to   0.9125% Note: One successful source step
Supplies reduced to   1.4188% Note: One successful source step
Supplies reduced to   2.1781% Note: One successful source step
Supplies reduced to   3.3172% Note: One successful source step
Supplies reduced to   5.0258% Note: One successful source step
Supplies reduced to   7.5887% Note: One successful source step
Supplies reduced to  11.4330% Note: One successful source step
Supplies reduced to  17.1995% Note: One successful source step
Supplies reduced to  25.8493% Note: One successful source step
Supplies reduced to  38.8239% Note: One successful source step
Supplies reduced to  58.2859% Supplies reduced to  38.8239% Note: One successful source step
Supplies reduced to  39.8239% Note: One successful source step
Supplies reduced to  41.3239% Note: One successful source step
Supplies reduced to  43.5739% Note: One successful source step
Supplies reduced to  46.9489% Note: One successful source step
Supplies reduced to  52.0114% Note: One successful source step
Supplies reduced to  59.6052% Note: One successful source step
Supplies reduced to  70.9958% Supplies reduced to  59.6052% Note: One successful source step
Supplies reduced to  60.1747% Note: One successful source step
Supplies reduced to  61.0290% Note: One successful source step
Supplies reduced to  62.3104% Note: One successful source step
Supplies reduced to  64.2326% Note: One successful source step
Supplies reduced to  67.1158% Note: One successful source step
Supplies reduced to  71.4407% Note: One successful source step
Supplies reduced to  77.9280% Note: One successful source step
Supplies reduced to  87.6590% Supplies reduced to  77.9280% Note: One successful source step
Supplies reduced to  78.9280% Note: One successful source step
Supplies reduced to  80.4280% Supplies reduced to  78.9280% Note: One successful source step
Supplies reduced to  79.1530% Note: One successful source step
Supplies reduced to  79.4905% Note: One successful source step
Supplies reduced to  79.9968% Note: One successful source step
Supplies reduced to  80.7562% Note: One successful source step
Supplies reduced to  81.8952% Note: One successful source step
Supplies reduced to  83.6038% Note: One successful source step
Supplies reduced to  86.1667% Note: One successful source step
Supplies reduced to  90.0110% Note: One successful source step
Supplies reduced to  95.7776% Note: One successful source step
Supplies reduced to 100.0000% Note: One successful source step
Note: Source stepping completed
 Reference value :  1.00000e+00Note: No ".plot", ".print", or ".fourier" lines; no simulations run

Error: measure  pm  (AT) : out of interval
 meas ac pm find p when vdb(ldo_out)=0 failed!

Doing analysis at TEMP = 0.000000 and TNOM = 27.000000


No. of Data Rows : 91
psrr100             =  -5.725961e+01
psrr100k            =  -2.655882e+01
