Note: Starting true gmin stepping
Trying gmin =   1.0000E-03 Note: One successful gmin step
Trying gmin =   1.0000E-04 Note: One successful gmin step
Trying gmin =   1.0000E-05 Note: One successful gmin step
Trying gmin =   1.0000E-06 Note: One successful gmin step
Trying gmin =   1.0000E-07 Note: One successful gmin step
Trying gmin =   1.0000E-08 Note: One successful gmin step
Trying gmin =   3.1623E-09 Warning: Further gmin increment
Trying gmin =   7.4989E-09 Note: One successful gmin step
Trying gmin =   4.8697E-09 Note: One successful gmin step
Trying gmin =   2.5483E-09 Warning: Further gmin increment
Trying gmin =   4.1418E-09 Warning: Further gmin increment
Trying gmin =   4.6765E-09 Note: One successful gmin step
Trying gmin =   4.4010E-09 Note: One successful gmin step
Trying gmin =   4.0179E-09 Warning: Further gmin increment
Trying gmin =   4.3020E-09 Warning: Further gmin increment
Trying gmin =   4.3761E-09 Note: One successful gmin step
Trying gmin =   4.3389E-09 Note: One successful gmin step
Trying gmin =   4.2836E-09 Warning: Further gmin increment
Trying gmin =   4.3250E-09 Note: One successful gmin step
Trying gmin =   4.3043E-09 Warning: Further gmin increment
Trying gmin =   4.3198E-09 Warning: Further gmin increment
Trying gmin =   4.3237E-09 Note: One successful gmin step
Trying gmin =   4.3217E-09 Note: One successful gmin step
Trying gmin =   4.3188E-09 Warning: Further gmin increment
Trying gmin =   4.3210E-09 Note: One successful gmin step
Trying gmin =   4.3199E-09 Warning: Further gmin increment
Trying gmin =   4.3207E-09 Note: One successful gmin step
Trying gmin =   4.3203E-09 Warning: Further gmin increment
Trying gmin =   4.3206E-09 Warning: Last gmin step failed
Note: True gmin stepping completed
 Reference value :  8.00000e+01Note: Starting true gmin stepping
Trying gmin =   1.0000E-03 Note: One successful gmin step
Trying gmin =   1.0000E-04 Note: One successful gmin step
Trying gmin =   1.0000E-05 Note: One successful gmin step
Trying gmin =   1.0000E-06 Note: One successful gmin step
Trying gmin =   1.0000E-07 Note: One successful gmin step
Trying gmin =   1.0000E-08 Warning: Further gmin increment
Trying gmin =   5.6234E-08 Note: One successful gmin step
Trying gmin =   2.3714E-08 Note: One successful gmin step
Trying gmin =   6.4938E-09 Warning: Further gmin increment
Trying gmin =   1.7154E-08 Note: One successful gmin step
Trying gmin =   1.0554E-08 Note: One successful gmin step
Trying gmin =   5.0937E-09 Warning: Further gmin increment
Trying gmin =   8.7970E-09 Note: One successful gmin step
Trying gmin =   6.6940E-09 Note: One successful gmin step
Trying gmin =   4.4433E-09 Note: One successful gmin step
Trying gmin =   2.4029E-09 Note: One successful gmin step
Trying gmin =   9.5562E-10 Note: One successful gmin step
Trying gmin =   2.3967E-10 Note: One successful gmin step
Trying gmin =   3.0102E-11 Note: One successful gmin step
Trying gmin =   3.0102E-12 Note: One successful gmin step
Trying gmin =   1.0000E-12 Note: One successful gmin step
Note: True gmin stepping completed
 Reference value :  1.36000e+00Note: Starting true gmin stepping
Trying gmin =   1.0000E-03 Note: One successful gmin step
Trying gmin =   1.0000E-04 Note: One successful gmin step
Trying gmin =   1.0000E-05 Note: One successful gmin step
Trying gmin =   1.0000E-06 Note: One successful gmin step
Trying gmin =   1.0000E-07 Note: One successful gmin step
Trying gmin =   1.0000E-08 Warning: Further gmin increment
Trying gmin =   5.6234E-08 Note: One successful gmin step
Trying gmin =   2.3714E-08 Note: One successful gmin step
Trying gmin =   6.4938E-09 Warning: Further gmin increment
Trying gmin =   1.7154E-08 Note: One successful gmin step
Trying gmin =   1.0554E-08 Warning: Further gmin increment
Trying gmin =   1.5193E-08 Note: One successful gmin step
Trying gmin =   1.2663E-08 Note: One successful gmin step
Trying gmin =   9.6358E-09 Note: One successful gmin step
Trying gmin =   6.3960E-09 Warning: Further gmin increment
Trying gmin =   8.6975E-09 Warning: Further gmin increment
Trying gmin =   9.3921E-09 Note: One successful gmin step
Trying gmin =   9.0381E-09 Note: One successful gmin step
Trying gmin =   8.5320E-09 Note: One successful gmin step
Trying gmin =   7.8254E-09 Note: One successful gmin step
Trying gmin =   6.8737E-09 Note: One successful gmin step
Trying gmin =   5.6588E-09 Note: One successful gmin step
Trying gmin =   4.2269E-09 Note: One successful gmin step
Trying gmin =   2.7287E-09 Note: One successful gmin step
Trying gmin =   1.4154E-09 Note: One successful gmin step
Trying gmin =   5.2874E-10 Note: One successful gmin step
Trying gmin =   1.2072E-10 Note: One successful gmin step
Trying gmin =   1.3171E-11 Note: One successful gmin step
Trying gmin =   1.3171E-12 Note: One successful gmin step
Trying gmin =   1.0000E-12 Note: One successful gmin step
Note: True gmin stepping completed

No compatibility mode selected!


Circuit: * ldo netlist 

Doing analysis at TEMP = 27.000000 and TNOM = 27.000000


No. of Data Rows : 81
temp_coeff = 1.513576e+05
Doing analysis at TEMP = 27.000000 and TNOM = 27.000000


No. of Data Rows : 151
vldo_sup_2          =  1.791509e+00
vldo_sup_3          =  1.790674e+00
line_reg = -8.35000e-04
 Reference value :  1.00000e+00Note: No ".plot", ".print", or ".fourier" lines; no simulations run
vin                 =  1.764178e+00
dropout = 1.780000e-04
Doing analysis at TEMP = 27.000000 and TNOM = 27.000000


No. of Data Rows : 91
psrr100             =  -6.266460e+01
psrr100k            =  -3.241469e+01
