 Reference value :  8.50000e+01Note: Starting true gmin stepping
Trying gmin =   1.0000E-03 Note: One successful gmin step
Trying gmin =   1.0000E-04 Note: One successful gmin step
Trying gmin =   1.0000E-05 Note: One successful gmin step
Trying gmin =   1.0000E-06 Note: One successful gmin step
Trying gmin =   1.0000E-07 Note: One successful gmin step
Trying gmin =   1.0000E-08 Warning: Further gmin increment
Trying gmin =   5.6234E-08 Warning: Further gmin increment
Trying gmin =   8.6596E-08 Note: One successful gmin step
Trying gmin =   6.9783E-08 Note: One successful gmin step
Trying gmin =   5.0481E-08 Warning: Further gmin increment
Trying gmin =   6.4357E-08 Warning: Further gmin increment
Trying gmin =   6.8385E-08 Note: One successful gmin step
Trying gmin =   6.6340E-08 Warning: Further gmin increment
Trying gmin =   6.7868E-08 Warning: Further gmin increment
Trying gmin =   6.8255E-08 Warning: Further gmin increment
Trying gmin =   6.8353E-08 Note: One successful gmin step
Trying gmin =   6.8304E-08 Note: One successful gmin step
Trying gmin =   6.8231E-08 Warning: Further gmin increment
Trying gmin =   6.8286E-08 Warning: Further gmin increment
Trying gmin =   6.8299E-08 Note: One successful gmin step
Trying gmin =   6.8293E-08 Note: One successful gmin step
Trying gmin =   6.8282E-08 Warning: Further gmin increment
Trying gmin =   6.8290E-08 Note: One successful gmin step
Trying gmin =   6.8286E-08 Warning: Further gmin increment
Trying gmin =   6.8289E-08 Note: One successful gmin step
Trying gmin =   6.8288E-08 Note: One successful gmin step
Trying gmin =   6.8285E-08 Warning: Last gmin step failed
Warning: True gmin stepping failed
Note: Starting dynamic gmin stepping
Trying gmin =   1.0000E-03 Note: One successful gmin step
Trying gmin =   1.0000E-04 Note: One successful gmin step
Trying gmin =   1.0000E-05 Note: One successful gmin step
Trying gmin =   1.0000E-06 Warning: Further gmin increment
Trying gmin =   5.6234E-06 Warning: Further gmin increment
Trying gmin =   8.6596E-06 Note: One successful gmin step
Trying gmin =   6.9783E-06 Note: One successful gmin step
Trying gmin =   5.0481E-06 Note: One successful gmin step
Trying gmin =   3.1059E-06 Note: One successful gmin step
Trying gmin =   1.4989E-06 Note: One successful gmin step
Trying gmin =   5.0254E-07 Warning: Further gmin increment
Trying gmin =   1.1406E-06 Warning: Further gmin increment
Trying gmin =   1.4000E-06 Note: One successful gmin step
Trying gmin =   1.3075E-06 Note: One successful gmin step
Trying gmin =   1.1802E-06 Note: One successful gmin step
Trying gmin =   1.0121E-06 Note: One successful gmin step
Trying gmin =   8.0372E-07 Note: One successful gmin step
Trying gmin =   5.6877E-07 Note: One successful gmin step
Trying gmin =   3.3860E-07 Note: One successful gmin step
Trying gmin =   1.5553E-07 Note: One successful gmin step
Trying gmin =   4.8415E-08 Note: One successful gmin step
Trying gmin =   8.4091E-09 Note: One successful gmin step
Trying gmin =   8.4091E-10 Note: One successful gmin step
Trying gmin =   8.4091E-11 Note: One successful gmin step
Trying gmin =   8.4091E-12 Note: One successful gmin step
Trying gmin =   1.0000E-12 Note: One successful gmin step
Note: Dynamic gmin stepping completed
 Reference value :  2.80000e+00Note: Starting true gmin stepping
Trying gmin =   1.0000E-03 Note: One successful gmin step
Trying gmin =   1.0000E-04 Note: One successful gmin step
Trying gmin =   1.0000E-05 Note: One successful gmin step
Trying gmin =   1.0000E-06 Note: One successful gmin step
Trying gmin =   1.0000E-07 Note: One successful gmin step
Trying gmin =   1.0000E-08 Note: One successful gmin step
Trying gmin =   1.0000E-09 Warning: Further gmin increment
Trying gmin =   5.6234E-09 Note: One successful gmin step
Trying gmin =   2.3714E-09 Warning: Further gmin increment
Trying gmin =   4.5316E-09 Warning: Further gmin increment
Trying gmin =   5.3280E-09 Note: One successful gmin step
Trying gmin =   4.9137E-09 Note: One successful gmin step
Trying gmin =   4.3518E-09 Note: One successful gmin step
Trying gmin =   3.6272E-09 Note: One successful gmin step
Trying gmin =   2.7601E-09 Note: One successful gmin step
Trying gmin =   1.8321E-09 Note: One successful gmin step
Trying gmin =   1.2161E-09 Note: One successful gmin step
Trying gmin =   6.5765E-10 Note: One successful gmin step
Trying gmin =   2.6154E-10 Note: One successful gmin step
Trying gmin =   6.5594E-11 Note: One successful gmin step
Trying gmin =   8.2385E-12 Note: One successful gmin step
Trying gmin =   1.0000E-12 Note: One successful gmin step
Note: True gmin stepping completed
Note: Starting true gmin stepping
Trying gmin =   1.0000E-03 Note: One successful gmin step
Trying gmin =   1.0000E-04 Note: One successful gmin step
Trying gmin =   1.0000E-05 Note: One successful gmin step
Trying gmin =   1.0000E-06 Note: One successful gmin step
Trying gmin =   1.0000E-07 Note: One successful gmin step
Trying gmin =   1.0000E-08 Warning: Further gmin increment
Trying gmin =   5.6234E-08 Note: One successful gmin step
Trying gmin =   2.3714E-08 Note: One successful gmin step
Trying gmin =   6.4938E-09 Note: One successful gmin step
Trying gmin =   9.3057E-10 Warning: Further gmin increment
Trying gmin =   3.9954E-09 Note: One successful gmin step
Trying gmin =   1.9282E-09 Warning: Further gmin increment
Trying gmin =   3.3301E-09 Note: One successful gmin step
Trying gmin =   2.5340E-09 Note: One successful gmin step
Trying gmin =   1.6820E-09 Note: One successful gmin step
Trying gmin =   9.0962E-10 Note: One successful gmin step
Trying gmin =   3.6175E-10 Note: One successful gmin step
Trying gmin =   9.0726E-11 Note: One successful gmin step
Trying gmin =   1.1395E-11 Note: One successful gmin step
Trying gmin =   1.1395E-12 Note: One successful gmin step
Trying gmin =   1.0000E-12 Note: One successful gmin step
Note: True gmin stepping completed
 Reference value :  1.26000e+00
No compatibility mode selected!


Circuit: * ldo netlist 

Doing analysis at TEMP = 0.000000 and TNOM = 27.000000


No. of Data Rows : 86
temp_coeff = 3.322234e+01
Doing analysis at TEMP = 0.000000 and TNOM = 27.000000


No. of Data Rows : 141
vldo_sup_2          =  1.798705e+00
vldo_sup_2_8        =  1.797651e+00
line_reg = 1.317500e-03
Note: Starting true gmin stepping
Trying gmin =   1.0000E-03 Note: One successful gmin step
Trying gmin =   1.0000E-04 Note: One successful gmin step
Trying gmin =   1.0000E-05 Note: One successful gmin step
Trying gmin =   1.0000E-06 Warning: Further gmin increment
Trying gmin =   5.6234E-06 Note: One successful gmin step
Trying gmin =   2.3714E-06 Note: One successful gmin step
Trying gmin =   6.4938E-07 Warning: Further gmin increment
Trying gmin =   1.7154E-06 Warning: Further gmin increment
Trying gmin =   2.1870E-06 Note: One successful gmin step
Trying gmin =   1.9369E-06 Note: One successful gmin step
Trying gmin =   1.6144E-06 Note: One successful gmin step
Trying gmin =   1.2284E-06 Note: One successful gmin step
Trying gmin =   8.1541E-07 Note: One successful gmin step
Trying gmin =   4.4097E-07 Note: One successful gmin step
Trying gmin =   1.7537E-07 Note: One successful gmin step
Trying gmin =   4.3983E-08 Warning: Further gmin increment
Trying gmin =   1.2410E-07 Note: One successful gmin step
Trying gmin =   7.3881E-08 Note: One successful gmin step
Trying gmin =   3.3935E-08 Warning: Further gmin increment
Trying gmin =   6.0822E-08 Note: One successful gmin step
Trying gmin =   4.5432E-08 Warning: Further gmin increment
Trying gmin =   5.6544E-08 Note: One successful gmin step
Trying gmin =   5.0684E-08 Warning: Further gmin increment
Trying gmin =   5.5019E-08 Warning: Further gmin increment
Trying gmin =   5.6159E-08 Warning: Further gmin increment
Trying gmin =   5.6448E-08 Note: One successful gmin step
Trying gmin =   5.6303E-08 Warning: Further gmin increment
Trying gmin =   5.6411E-08 Warning: Further gmin increment
Trying gmin =   5.6438E-08 Note: One successful gmin step
Trying gmin =   5.6425E-08 Note: One successful gmin step
Trying gmin =   5.6405E-08 Warning: Further gmin increment
Trying gmin =   5.6420E-08 Note: One successful gmin step
Trying gmin =   5.6412E-08 Warning: Further gmin increment
Trying gmin =   5.6418E-08 Note: One successful gmin step
Trying gmin =   5.6415E-08 Note: One successful gmin step
Trying gmin =   5.6411E-08 Warning: Further gmin increment
Trying gmin =   5.6414E-08 Note: One successful gmin step
Trying gmin =   5.6412E-08 Warning: Last gmin step failed
Warning: True gmin stepping failed
Note: Starting dynamic gmin stepping
Trying gmin =   1.0000E-03 Note: One successful gmin step
Trying gmin =   1.0000E-04 Note: One successful gmin step
Trying gmin =   1.0000E-05 Note: One successful gmin step
Trying gmin =   1.0000E-06 Warning: Further gmin increment
Trying gmin =   5.6234E-06 Warning: Further gmin increment
Trying gmin =   8.6596E-06 Note: One successful gmin step
Trying gmin =   6.9783E-06 Note: One successful gmin step
Trying gmin =   5.0481E-06 Note: One successful gmin step
Trying gmin =   3.6517E-06 Note: One successful gmin step
Trying gmin =   2.2468E-06 Note: One successful gmin step
Trying gmin =   1.0843E-06 Note: One successful gmin step
Trying gmin =   3.6354E-07 Warning: Further gmin increment
Trying gmin =   8.2509E-07 Note: One successful gmin step
Trying gmin =   5.4768E-07 Note: One successful gmin step
Trying gmin =   2.9618E-07 Warning: Further gmin increment
Trying gmin =   4.6966E-07 Note: One successful gmin step
Trying gmin =   3.7297E-07 Warning: Further gmin increment
Trying gmin =   4.4336E-07 Warning: Further gmin increment
Trying gmin =   4.6294E-07 Warning: Further gmin increment
Trying gmin =   4.6797E-07 Note: One successful gmin step
Trying gmin =   4.6545E-07 Note: One successful gmin step
Trying gmin =   4.6169E-07 Warning: Further gmin increment
Trying gmin =   4.6451E-07 Note: One successful gmin step
Trying gmin =   4.6310E-07 Warning: Further gmin increment
Trying gmin =   4.6415E-07 Note: One successful gmin step
Trying gmin =   4.6363E-07 Warning: Further gmin increment
Trying gmin =   4.6402E-07 Note: One successful gmin step
Trying gmin =   4.6382E-07 Note: One successful gmin step
Trying gmin =   4.6353E-07 Warning: Further gmin increment
Trying gmin =   4.6375E-07 Note: One successful gmin step
Trying gmin =   4.6364E-07 Warning: Further gmin increment
Trying gmin =   4.6372E-07 Note: One successful gmin step
Trying gmin =   4.6368E-07 Warning: Further gmin increment
Trying gmin =   4.6371E-07 Warning: Last gmin step failed
Warning: Dynamic gmin stepping failed
Note: Starting source stepping
Supplies reduced to   0.0000% Note: One successful source step
Supplies reduced to   0.1000% Note: One successful source step
Supplies reduced to   0.2000% Note: One successful source step
Supplies reduced to   0.3500% Note: One successful source step
Supplies reduced to   0.5750% Note: One successful source step
Supplies reduced to   0.9125% Note: One successful source step
Supplies reduced to   1.4188% Note: One successful source step
Supplies reduced to   2.1781% Note: One successful source step
Supplies reduced to   3.3172% Note: One successful source step
Supplies reduced to   5.0258% Note: One successful source step
Supplies reduced to   7.5887% Note: One successful source step
Supplies reduced to  11.4330% Note: One successful source step
Supplies reduced to  17.1995% Note: One successful source step
Supplies reduced to  25.8493% Note: One successful source step
Supplies reduced to  38.8239% Supplies reduced to  25.8493% Note: One successful source step
Supplies reduced to  26.8493% Note: One successful source step
Supplies reduced to  28.3493% Note: One successful source step
Supplies reduced to  30.5993% Note: One successful source step
Supplies reduced to  33.9743% Note: One successful source step
Supplies reduced to  39.0368% Supplies reduced to  33.9743% Note: One successful source step
Supplies reduced to  34.7336% Note: One successful source step
Supplies reduced to  35.8727% Note: One successful source step
Supplies reduced to  37.5813% Note: One successful source step
Supplies reduced to  40.1442% Note: One successful source step
Supplies reduced to  43.9885% Note: One successful source step
Supplies reduced to  49.7550% Note: One successful source step
Supplies reduced to  58.4048% Note: One successful source step
Supplies reduced to  67.0545% Note: One successful source step
Supplies reduced to  80.0292% Note: One successful source step
Supplies reduced to  99.4911% Supplies reduced to  80.0292% Note: One successful source step
Supplies reduced to  81.0292% Note: One successful source step
Supplies reduced to  82.5292% Note: One successful source step
Supplies reduced to  84.7792% Supplies reduced to  82.5292% Note: One successful source step
Supplies reduced to  82.8667% Note: One successful source step
Supplies reduced to  83.3729% Note: One successful source step
Supplies reduced to  84.1323% Supplies reduced to  83.3729% Note: One successful source step
Supplies reduced to  83.4868% Note: One successful source step
Supplies reduced to  83.6577% Note: One successful source step
Supplies reduced to  83.9140% Supplies reduced to  83.6577% Note: One successful source step
Supplies reduced to  83.6961% Note: One successful source step
Supplies reduced to  83.7538% Note: One successful source step
Supplies reduced to  83.8403% Supplies reduced to  83.7538% Note: One successful source step
Supplies reduced to  83.7668% Note: One successful source step
Supplies reduced to  83.7862% Supplies reduced to  83.7668% Note: One successful source step
Supplies reduced to  83.7697% Note: One successful source step
Supplies reduced to  83.7741% Note: One successful source step
Supplies reduced to  83.7806% Note: One successful source step
Supplies reduced to  83.7905% Supplies reduced to  83.7806% Note: One successful source step
Supplies reduced to  83.7821% Note: One successful source step
Supplies reduced to  83.7843% Supplies reduced to  83.7821% Note: One successful source step
Supplies reduced to  83.7825% Note: One successful source step
Supplies reduced to  83.7829% Note: One successful source step
Supplies reduced to  83.7837% Supplies reduced to  83.7829% Note: One successful source step
Supplies reduced to  83.7831% Supplies reduced to  83.7829% Note: One successful source step
Supplies reduced to  83.7830% Note: One successful source step
Supplies reduced to  83.7830% Note: One successful source step
Supplies reduced to  83.7830% Note: One successful source step
Supplies reduced to  83.7831% Warning: source stepping failed
doAnalyses: Too many iterations without convergence

ac simulation(s) aborted
Segmentation fault
