Note: Starting true gmin stepping
Trying gmin =   1.0000E-03 Note: One successful gmin step
Trying gmin =   1.0000E-04 Note: One successful gmin step
Trying gmin =   1.0000E-05 Note: One successful gmin step
Trying gmin =   1.0000E-06 Note: One successful gmin step
Trying gmin =   1.0000E-07 Warning: Further gmin increment
Trying gmin =   5.6234E-07 Note: One successful gmin step
Trying gmin =   2.3714E-07 Note: One successful gmin step
Trying gmin =   1.5399E-07 Note: One successful gmin step
Trying gmin =   8.0584E-08 Note: One successful gmin step
Trying gmin =   3.0505E-08 Warning: Further gmin increment
Trying gmin =   6.3209E-08 Note: One successful gmin step
Trying gmin =   4.3911E-08 Warning: Further gmin increment
Trying gmin =   5.7707E-08 Warning: Further gmin increment
Trying gmin =   6.1786E-08 Note: One successful gmin step
Trying gmin =   5.9712E-08 Note: One successful gmin step
Trying gmin =   5.6730E-08 Warning: Further gmin increment
Trying gmin =   5.8952E-08 Note: One successful gmin step
Trying gmin =   5.7831E-08 Warning: Further gmin increment
Trying gmin =   5.8670E-08 Warning: Further gmin increment
Trying gmin =   5.8881E-08 Note: One successful gmin step
Trying gmin =   5.8776E-08 Warning: Further gmin increment
Trying gmin =   5.8855E-08 Note: One successful gmin step
Trying gmin =   5.8815E-08 Note: One successful gmin step
Trying gmin =   5.8756E-08 Warning: Further gmin increment
Trying gmin =   5.8800E-08 Warning: Further gmin increment
Trying gmin =   5.8812E-08 Note: One successful gmin step
Trying gmin =   5.8806E-08 Warning: Further gmin increment
Trying gmin =   5.8810E-08 Note: One successful gmin step
Trying gmin =   5.8808E-08 Warning: Last gmin step failed
Warning: True gmin stepping failed
Note: Starting dynamic gmin stepping
Trying gmin =   1.0000E-03 Note: One successful gmin step
Trying gmin =   1.0000E-04 Note: One successful gmin step
Trying gmin =   1.0000E-05 Note: One successful gmin step
Trying gmin =   1.0000E-06 Warning: Further gmin increment
Trying gmin =   5.6234E-06 Warning: Further gmin increment
Trying gmin =   8.6596E-06 Note: One successful gmin step
Trying gmin =   6.9783E-06 Note: One successful gmin step
Trying gmin =   5.0481E-06 Note: One successful gmin step
Trying gmin =   4.2935E-06 Note: One successful gmin step
Trying gmin =   3.3678E-06 Note: One successful gmin step
Trying gmin =   2.3396E-06 Warning: Further gmin increment
Trying gmin =   3.0746E-06 Note: One successful gmin step
Trying gmin =   2.6820E-06 Note: One successful gmin step
Trying gmin =   2.1851E-06 Warning: Further gmin increment
Trying gmin =   2.5481E-06 Note: One successful gmin step
Trying gmin =   2.3597E-06 Warning: Further gmin increment
Trying gmin =   2.4996E-06 Note: One successful gmin step
Trying gmin =   2.4286E-06 Warning: Further gmin increment
Trying gmin =   2.4817E-06 Note: One successful gmin step
Trying gmin =   2.4550E-06 Note: One successful gmin step
Trying gmin =   2.4156E-06 Warning: Further gmin increment
Trying gmin =   2.4451E-06 Warning: Further gmin increment
Trying gmin =   2.4525E-06 Note: One successful gmin step
Trying gmin =   2.4488E-06 Warning: Further gmin increment
Trying gmin =   2.4516E-06 Note: One successful gmin step
Trying gmin =   2.4502E-06 Note: One successful gmin step
Trying gmin =   2.4481E-06 Warning: Further gmin increment
Trying gmin =   2.4497E-06 Note: One successful gmin step
Trying gmin =   2.4489E-06 Warning: Further gmin increment
Trying gmin =   2.4495E-06 Note: One successful gmin step
Trying gmin =   2.4492E-06 Warning: Further gmin increment
Trying gmin =   2.4494E-06 Note: One successful gmin step
Trying gmin =   2.4493E-06 Note: One successful gmin step
Trying gmin =   2.4491E-06 Warning: Further gmin increment
Trying gmin =   2.4493E-06 Note: One successful gmin step
Trying gmin =   2.4492E-06 Warning: Last gmin step failed
Error: -9.52261e+158, 2 out of range for ^
Warning: Dynamic gmin stepping failed
Note: Starting source stepping
Supplies reduced to   0.0000% Note: One successful source step
Supplies reduced to   0.1000% Note: One successful source step
Supplies reduced to   0.2000% Note: One successful source step
Supplies reduced to   0.3500% Note: One successful source step
Supplies reduced to   0.5750% Note: One successful source step
Supplies reduced to   0.9125% Note: One successful source step
Supplies reduced to   1.4188% Note: One successful source step
Supplies reduced to   2.1781% Note: One successful source step
Supplies reduced to   3.3172% Note: One successful source step
Supplies reduced to   5.0258% Note: One successful source step
Supplies reduced to   7.5887% Note: One successful source step
Supplies reduced to  11.4330% Note: One successful source step
Supplies reduced to  17.1995% Note: One successful source step
Supplies reduced to  25.8493% Note: One successful source step
Supplies reduced to  38.8239% Note: One successful source step
Supplies reduced to  58.2859% Supplies reduced to  38.8239% Note: One successful source step
Supplies reduced to  39.7970% Note: One successful source step
Supplies reduced to  40.7701% Note: One successful source step
Supplies reduced to  41.7432% Note: One successful source step
Supplies reduced to  42.7163% Note: One successful source step
Supplies reduced to  43.6894% Note: One successful source step
Supplies reduced to  44.1759% Note: One successful source step
Supplies reduced to  44.4192% Note: One successful source step
Supplies reduced to  44.7841% Note: One successful source step
Supplies reduced to  45.3315% Note: One successful source step
Supplies reduced to  45.8789% Note: One successful source step
Supplies reduced to  46.6999% Note: One successful source step
Supplies reduced to  47.9315% Note: One successful source step
Supplies reduced to  49.7789% Note: One successful source step
Supplies reduced to  52.5499% Note: One successful source step
Supplies reduced to  56.7065% Note: One successful source step
Supplies reduced to  62.9413% Note: One successful source step
Supplies reduced to  72.2936% Note: One successful source step
Supplies reduced to  86.3220% Supplies reduced to  72.2936% Note: One successful source step
Supplies reduced to  73.2936% Note: One successful source step
Supplies reduced to  74.7936% Note: One successful source step
Supplies reduced to  77.0436% Note: One successful source step
Supplies reduced to  80.4186% Note: One successful source step
Supplies reduced to  85.4811% Note: One successful source step
Supplies reduced to  93.0749% Supplies reduced to  85.4811% Note: One successful source step
Supplies reduced to  85.8608% Note: One successful source step
Supplies reduced to  86.4303% Note: One successful source step
Supplies reduced to  87.2846% Note: One successful source step
Supplies reduced to  88.5661% Note: One successful source step
Supplies reduced to  89.8475% Note: One successful source step
Supplies reduced to  91.7697% Note: One successful source step
Supplies reduced to  94.6529% Note: One successful source step
Supplies reduced to  98.9778% Note: One successful source step
Supplies reduced to 100.0000% Note: One successful source step
Note: Source stepping completed
 Reference value :  0.00000e+00
No compatibility mode selected!


Circuit: * ldo netlist 

Doing analysis at TEMP = 0.000000 and TNOM = 27.000000


No. of Data Rows : 1
bg_out = 1.097309e+00
inn = 1.176839e+00
inp = 1.176768e+00
l1#branch = 2.710505e-20
ldo_out = 1.803134e+00
m.xm1.msky130_fd_pr__nfet_g5v0d10v5#body = 1.404521e-11
m.xm1.msky130_fd_pr__nfet_g5v0d10v5#dbody = 3.051817e-11
m.xm1.msky130_fd_pr__nfet_g5v0d10v5#sbody = 1.161745e-11
m.xm2.msky130_fd_pr__pfet_g5v0d10v5#body = 2.100000e+00
m.xm2.msky130_fd_pr__pfet_g5v0d10v5#dbody = 2.100000e+00
m.xm2.msky130_fd_pr__pfet_g5v0d10v5#sbody = 2.100000e+00
m.xm3.msky130_fd_pr__pfet_g5v0d10v5#body = 2.100000e+00
m.xm3.msky130_fd_pr__pfet_g5v0d10v5#dbody = 2.100000e+00
m.xm3.msky130_fd_pr__pfet_g5v0d10v5#sbody = 2.100000e+00
m.xm4.msky130_fd_pr__pfet_g5v0d10v5#body = 2.100000e+00
m.xm4.msky130_fd_pr__pfet_g5v0d10v5#dbody = 2.100000e+00
m.xm4.msky130_fd_pr__pfet_g5v0d10v5#sbody = 2.100000e+00
m.xm5.msky130_fd_pr__pfet_g5v0d10v5#body = 2.100000e+00
m.xm5.msky130_fd_pr__pfet_g5v0d10v5#dbody = 2.100000e+00
m.xm5.msky130_fd_pr__pfet_g5v0d10v5#sbody = 2.100000e+00
m.xm6.msky130_fd_pr__nfet_g5v0d10v5#body = 1.263475e-11
m.xm6.msky130_fd_pr__nfet_g5v0d10v5#dbody = 3.158687e-11
m.xm6.msky130_fd_pr__nfet_g5v0d10v5#sbody = 6.317380e-12
m.xm7.msky130_fd_pr__pfet_g5v0d10v5#body = 2.100000e+00
m.xm7.msky130_fd_pr__pfet_g5v0d10v5#dbody = 2.100000e+00
m.xm7.msky130_fd_pr__pfet_g5v0d10v5#sbody = 2.100000e+00
m.xm8.msky130_fd_pr__pfet_g5v0d10v5#body = 2.100000e+00
m.xm8.msky130_fd_pr__pfet_g5v0d10v5#dbody = 2.100000e+00
m.xm8.msky130_fd_pr__pfet_g5v0d10v5#sbody = 2.100000e+00
m.xm9.msky130_fd_pr__nfet_g5v0d10v5#body = 1.447650e-11
m.xm9.msky130_fd_pr__nfet_g5v0d10v5#dbody = 3.323785e-11
m.xm9.msky130_fd_pr__nfet_g5v0d10v5#sbody = 1.019166e-11
m.xm10.msky130_fd_pr__nfet_g5v0d10v5#body = 1.414216e-11
m.xm10.msky130_fd_pr__nfet_g5v0d10v5#dbody = 3.240200e-11
m.xm10.msky130_fd_pr__nfet_g5v0d10v5#sbody = 1.002449e-11
m.xm11.msky130_fd_pr__pfet_g5v0d10v5#body = 2.100000e+00
m.xm11.msky130_fd_pr__pfet_g5v0d10v5#dbody = 2.100000e+00
m.xm11.msky130_fd_pr__pfet_g5v0d10v5#sbody = 2.100000e+00
m.xm12.msky130_fd_pr__pfet_g5v0d10v5#body = 2.100000e+00
m.xm12.msky130_fd_pr__pfet_g5v0d10v5#dbody = 2.100000e+00
m.xm12.msky130_fd_pr__pfet_g5v0d10v5#sbody = 2.100000e+00
m.xm13.msky130_fd_pr__nfet_g5v0d10v5#body = 1.476684e-12
m.xm13.msky130_fd_pr__nfet_g5v0d10v5#dbody = 3.691701e-12
m.xm13.msky130_fd_pr__nfet_g5v0d10v5#sbody = 7.383500e-13
m.xm14.msky130_fd_pr__pfet_g5v0d10v5#body = 2.100000e+00
m.xm14.msky130_fd_pr__pfet_g5v0d10v5#dbody = 2.100000e+00
m.xm14.msky130_fd_pr__pfet_g5v0d10v5#sbody = 2.100000e+00
m.xm15.msky130_fd_pr__nfet_g5v0d10v5#body = 2.717416e-16
m.xm15.msky130_fd_pr__nfet_g5v0d10v5#dbody = 6.793480e-16
m.xm15.msky130_fd_pr__nfet_g5v0d10v5#sbody = 1.358769e-16
m.xm16.msky130_fd_pr__nfet_g5v0d10v5#body = 4.096060e-11
m.xm16.msky130_fd_pr__nfet_g5v0d10v5#dbody = 7.298042e-11
m.xm16.msky130_fd_pr__nfet_g5v0d10v5#sbody = 4.990138e-11
m.xm17.msky130_fd_pr__pfet_g5v0d10v5#body = 2.100000e+00
m.xm17.msky130_fd_pr__pfet_g5v0d10v5#dbody = 2.100000e+00
m.xm17.msky130_fd_pr__pfet_g5v0d10v5#sbody = 2.100000e+00
m.xm18.msky130_fd_pr__nfet_g5v0d10v5#body = 1.339930e-11
m.xm18.msky130_fd_pr__nfet_g5v0d10v5#dbody = 3.349823e-11
m.xm18.msky130_fd_pr__nfet_g5v0d10v5#sbody = 6.699661e-12
m.xm19.msky130_fd_pr__nfet_g5v0d10v5#body = 1.415248e-11
m.xm19.msky130_fd_pr__nfet_g5v0d10v5#dbody = 3.078635e-11
m.xm19.msky130_fd_pr__nfet_g5v0d10v5#sbody = 1.167108e-11
m.xm20.msky130_fd_pr__nfet_g5v0d10v5#body = 1.326097e-11
m.xm20.msky130_fd_pr__nfet_g5v0d10v5#dbody = 3.315241e-11
m.xm20.msky130_fd_pr__nfet_g5v0d10v5#sbody = 6.630497e-12
m.xm22.msky130_fd_pr__nfet_g5v0d10v5#body = 2.297457e-12
m.xm22.msky130_fd_pr__nfet_g5v0d10v5#dbody = 5.743638e-12
m.xm22.msky130_fd_pr__nfet_g5v0d10v5#sbody = 1.148733e-12
m.xm24.msky130_fd_pr__pfet_g5v0d10v5#body = 2.100000e+00
m.xm24.msky130_fd_pr__pfet_g5v0d10v5#dbody = 2.100000e+00
m.xm24.msky130_fd_pr__pfet_g5v0d10v5#sbody = 2.100000e+00
m.xm26.msky130_fd_pr__pfet_g5v0d10v5#body = 2.100000e+00
m.xm26.msky130Note: Starting true gmin stepping
Trying gmin =   1.0000E-03 Note: One successful gmin step
Trying gmin =   1.0000E-04 Note: One successful gmin step
Trying gmin =   1.0000E-05 Note: One successful gmin step
Trying gmin =   1.0000E-06 Note: One successful gmin step
Trying gmin =   1.0000E-07 Warning: Further gmin increment
Trying gmin =   5.6234E-07 Note: One successful gmin step
Trying gmin =   2.3714E-07 Note: One successful gmin step
Trying gmin =   1.5399E-07 Note: One successful gmin step
Trying gmin =   8.0584E-08 Note: One successful gmin step
Trying gmin =   3.0505E-08 Warning: Further gmin increment
Trying gmin =   6.3209E-08 Note: One successful gmin step
Trying gmin =   4.3911E-08 Warning: Further gmin increment
Trying gmin =   5.7707E-08 Warning: Further gmin increment
Trying gmin =   6.1786E-08 Note: One successful gmin step
Trying gmin =   5.9712E-08 Note: One successful gmin step
Trying gmin =   5.6730E-08 Note: One successful gmin step
Trying gmin =   5.3897E-08 Note: One successful gmin step
Trying gmin =   4.9911E-08 Note: One successful gmin step
Trying gmin =   4.4477E-08 Note: One successful gmin step
Trying gmin =   3.7416E-08 Note: One successful gmin step
Trying gmin =   2.8869E-08 Note: One successful gmin step
Trying gmin =   1.9565E-08 Note: One successful gmin step
Trying gmin =   1.0916E-08 Note: One successful gmin step
Trying gmin =   4.5495E-09 Note: One successful gmin step
Trying gmin =   1.2240E-09 Note: One successful gmin step
Trying gmin =   1.7081E-10 Note: One successful gmin step
Trying gmin =   1.7081E-11 Note: One successful gmin step
Trying gmin =   1.7081E-12 Note: One successful gmin step
Trying gmin =   1.0000E-12 Note: One successful gmin step
Note: True gmin stepping completed
_fd_pr__pfet_g5v0d10v5#dbody = 2.100000e+00
m.xm26.msky130_fd_pr__pfet_g5v0d10v5#sbody = 2.100000e+00
mir = 9.398181e-01
net1 = 7.689798e-01
net2 = 2.172640e-05
net3 = 8.224969e-01
net4 = 1.837889e-01
net5 = 9.483999e-01
net6 = 1.010772e+00
net7 = 8.224253e-01
net8 = 1.013233e+00
net9 = 1.039981e+00
net10 = 1.181329e-01
net11 = 1.071942e+00
net12 = 1.071942e+00
net13 = 0.000000e+00
out = 1.071942e+00
pos = 1.097563e+00
q.xq2.qsky130_fd_pr__pnp_05v5_w0p68l0p68#collcx = 1.779579e-03
q.xq3.qsky130_fd_pr__pnp_05v5_w0p68l0p68#collcx = 2.239189e-04
q.xq4.qsky130_fd_pr__pnp_05v5_w0p68l0p68#collcx = 2.239189e-04
q.xq8.qsky130_fd_pr__pnp_05v5_w0p68l0p68#collcx = 2.239189e-04
q.xq10.qsky130_fd_pr__pnp_05v5_w0p68l0p68#collcx = 2.239189e-04
q.xq12.qsky130_fd_pr__pnp_05v5_w0p68l0p68#collcx = 2.239189e-04
q.xq14.qsky130_fd_pr__pnp_05v5_w0p68l0p68#collcx = 2.239189e-04
q.xq16.qsky130_fd_pr__pnp_05v5_w0p68l0p68#collcx = 2.239189e-04
q.xq18.qsky130_fd_pr__pnp_05v5_w0p68l0p68#collcx = 2.239189e-04
vb = 1.060876e+00
vdd = 2.100000e+00
vs#branch = -1.01320e-02
vt#branch = 0.000000e+00
xc1.a = 0.000000e+00
xc1.b1 = 0.000000e+00
xc3.a = 1.071942e+00
xc3.b1 = 1.071942e+00
xr1.xsky130_fd_pr__res_xhigh_po_0p69.ra = 8.298631e-01
xr2.xsky130_fd_pr__res_xhigh_po_0p69.ra = 8.299347e-01
xr3.xsky130_fd_pr__res_xhigh_po_0p69.ra = 5.415346e-03
xr4.xsky130_fd_pr__res_xhigh_po_0p69.ra = 7.711708e-01
xr5.xsky130_fd_pr__res_xhigh_po_0p69.ra = 5.414842e-03
xr6.xsky130_fd_pr__res_xhigh_po_0p69.ra = 7.913181e-03
xr7.xsky130_fd_pr__res_xhigh_po_0p69.ra = 1.071942e+00
xr8.xsky130_fd_pr__res_xhigh_po_0p69.ra = 1.109594e+00
xr9.xsky130_fd_pr__res_xhigh_po_0p69.ra = 1.242051e-02
Doing analysis at TEMP = 0.000000 and TNOM = 27.000000


No. of Data Rows : 91
Error: no such vector PM
Note: Starting true gmin stepping
Trying gmin =   1.0000E-03 Note: One successful gmin step
Trying gmin =   1.0000E-04 Note: One successful gmin step
Trying gmin =   1.0000E-05 Note: One successful gmin step
Trying gmin =   1.0000E-06 Note: One successful gmin step
Trying gmin =   1.0000E-07 Warning: Further gmin increment
Trying gmin =   5.6234E-07 Note: One successful gmin step
Trying gmin =   2.3714E-07 Note: One successful gmin step
Trying gmin =   1.5399E-07 Note: One successful gmin step
Trying gmin =   8.0584E-08 Note: One successful gmin step
Trying gmin =   3.0505E-08 Warning: Further gmin increment
Trying gmin =   6.3209E-08 Note: One successful gmin step
Trying gmin =   4.3911E-08 Warning: Further gmin increment
Trying gmin =   5.7707E-08 Warning: Further gmin increment
Trying gmin =   6.1786E-08 Note: One successful gmin step
Trying gmin =   5.9712E-08 Note: One successful gmin step
Trying gmin =   5.6730E-08 Note: One successful gmin step
Trying gmin =   5.3897E-08 Note: One successful gmin step
Trying gmin =   4.9911E-08 Note: One successful gmin step
Trying gmin =   4.4477E-08 Note: One successful gmin step
Trying gmin =   3.7416E-08 Note: One successful gmin step
Trying gmin =   2.8869E-08 Note: One successful gmin step
Trying gmin =   1.9565E-08 Note: One successful gmin step
Trying gmin =   1.0916E-08 Note: One successful gmin step
Trying gmin =   4.5495E-09 Note: One successful gmin step
Trying gmin =   1.2240E-09 Note: One successful gmin step
Trying gmin =   1.7081E-10 Note: One successful gmin step
Trying gmin =   1.7081E-11 Note: One successful gmin step
Trying gmin =   1.7081E-12 Note: One successful gmin step
Trying gmin =   1.0000E-12 Note: One successful gmin step
Note: True gmin stepping completed
 Reference value :  1.00000e+00Note: Starting true gmin stepping
Trying gmin =   1.0000E-03 Note: One successful gmin step
Trying gmin =   1.0000E-04 Note: One successful gmin step
Trying gmin =   1.0000E-05 Note: One successful gmin step
Trying gmin =   1.0000E-06 Note: One successful gmin step
Trying gmin =   1.0000E-07 Warning: Further gmin increment
Trying gmin =   5.6234E-07 Warning: Further gmin increment
Trying gmin =   8.6596E-07 Note: One successful gmin step
Trying gmin =   6.9783E-07 Note: One successful gmin step
Trying gmin =   5.0481E-07 Note: One successful gmin step
Trying gmin =   4.2935E-07 Note: One successful gmin step
Trying gmin =   3.3678E-07 Note: One successful gmin step
Trying gmin =   2.3396E-07 Note: One successful gmin step
Trying gmin =   1.3547E-07 Note: One successful gmin step
Trying gmin =   5.9687E-08 Note: One successful gmin step
Trying gmin =   1.7456E-08 Note: One successful gmin step
Trying gmin =   2.7608E-09 Note: One successful gmin step
Trying gmin =   2.7608E-10 Note: One successful gmin step
Trying gmin =   2.7608E-11 Note: One successful gmin step
Trying gmin =   2.7608E-12 Note: One successful gmin step
Trying gmin =   1.0000E-12 Note: One successful gmin step
Note: True gmin stepping completed
 Reference value :  1.00000e+00Note: Starting true gmin stepping
Trying gmin =   1.0000E-03 Note: One successful gmin step
Trying gmin =   1.0000E-04 Note: One successful gmin step
Trying gmin =   1.0000E-05 Note: One successful gmin step
Trying gmin =   1.0000E-06 Warning: Further gmin increment
Trying gmin =   5.6234E-06 Note: One successful gmin step
Trying gmin =   2.3714E-06 Note: One successful gmin step
Trying gmin =   6.4938E-07 Warning: Further gmin increment
Trying gmin =   1.7154E-06 Warning: Further gmin increment
Trying gmin =   2.1870E-06 Note: One successful gmin step
Trying gmin =   1.9369E-06 Warning: Further gmin increment
Trying gmin =   2.1216E-06 Note: One successful gmin step
Trying gmin =   2.0271E-06 Note: One successful gmin step
Trying gmin =   1.8933E-06 Note: One successful gmin step
Trying gmin =   1.7089E-06 Note: One successful gmin step
Trying gmin =   1.4655E-06 Note: One successful gmin step
Trying gmin =   1.1638E-06 Note: One successful gmin step
Trying gmin =   8.2357E-07 Note: One successful gmin step
Trying gmin =   4.9029E-07 Note: One successful gmin step
Trying gmin =   2.2520E-07 Note: One successful gmin step
Trying gmin =   1.0344E-07 Warning: Further gmin increment
Trying gmin =   1.8539E-07 Note: One successful gmin step
Trying gmin =   1.3848E-07 Warning: Further gmin increment
Trying gmin =   1.7235E-07 Note: One successful gmin step
Trying gmin =   1.5449E-07 Warning: Further gmin increment
Trying gmin =   1.6770E-07 Warning: Further gmin increment
Trying gmin =   1.7118E-07 Note: One successful gmin step
Trying gmin =   1.6943E-07 Warning: Further gmin increment
Trying gmin =   1.7074E-07 Note: One successful gmin step
Trying gmin =   1.7009E-07 Warning: Further gmin increment
Trying gmin =   1.7058E-07 Note: One successful gmin step
Trying gmin =   1.7033E-07 Warning: Further gmin increment
Trying gmin =   1.7052E-07 Warning: Further gmin increment
Trying gmin =   1.7056E-07 Note: One successful gmin step
Trying gmin =   1.7054E-07 Note: One successful gmin step
Trying gmin =   1.7050E-07 Warning: Further gmin increment
Trying gmin =   1.7053E-07 Note: One successful gmin step
Trying gmin =   1.7052E-07 Warning: Further gmin increment
Trying gmin =   1.7053E-07 Note: One successful gmin step
Trying gmin =   1.7052E-07 Note: One successful gmin step
Trying gmin =   1.7051E-07 Warning: Last gmin step failed
Warning: True gmin stepping failed
Note: Starting dynamic gmin stepping
Trying gmin =   1.0000E-03 Note: One successful gmin step
Trying gmin =   1.0000E-04 Note: One successful gmin step
Trying gmin =   1.0000E-05 Note: One successful gmin step
Trying gmin =   1.0000E-06 Warning: Further gmin increment
Trying gmin =   5.6234E-06 Warning: Further gmin increment
Trying gmin =   8.6596E-06 Note: One successful gmin step
Trying gmin =   6.9783E-06 Note: One successful gmin step
Trying gmin =   5.0481E-06 Warning: Further gmin increment
Trying gmin =   6.4357E-06 Note: One successful gmin step
Trying gmin =   5.6998E-06 Note: One successful gmin step
Trying gmin =   4.7507E-06 Note: One successful gmin step
Trying gmin =   3.6150E-06 Note: One successful gmin step
Trying gmin =   2.3995E-06 Note: One successful gmin step
Trying gmin =   1.2977E-06 Note: One successful gmin step
Trying gmin =   5.1607E-07 Warning: Further gmin increment
Trying gmin =   1.0305E-06 Note: One successful gmin step
Trying gmin =   7.2925E-07 Warning: Further gmin increment
Trying gmin =   9.4516E-07 Note: One successful gmin step
Trying gmin =   8.3021E-07 Note: One successful gmin step
Trying gmin =   6.8347E-07 Warning: Further gmin increment
Trying gmin =   7.9081E-07 Warning: Further gmin increment
Trying gmin =   8.2018E-07 Note: One successful gmin step
Trying gmin =   8.0536E-07 Note: One successful gmin step
Trying gmin =   7.8363E-07 Warning: Further gmin increment
Trying gmin =   7.9988E-07 Warning: Further gmin increment
Trying gmin =   8.0399E-07 Note: One successful gmin step
Trying gmin =   8.0193E-07 Note: One successful gmin step
Trying gmin =   7.9885E-07 Warning: Further gmin increment
Trying gmin =   8.0116E-07 Note: One successful gmin step
Trying gmin =   8.0000E-07 Warning: Further gmin increment
Trying gmin =   8.0087E-07 Warning: Further gmin increment
Trying gmin =   8.0109E-07 Note: One successful gmin step
Trying gmin =   8.0098E-07 Note: One successful gmin step
Trying gmin =   8.0082E-07 Warning: Further gmin increment
Trying gmin =   8.0094E-07 Note: One successful gmin step
Trying gmin =   8.0090E-07 Warning: Further gmin increment
Trying gmin =   8.0093E-07 Warning: Last gmin step failed
Warning: Dynamic gmin stepping failed
Note: Starting source stepping
Supplies reduced to   0.0000% Note: One successful source step
Supplies reduced to   0.1000% Note: One successful source step
Supplies reduced to   0.2000% Note: One successful source step
Supplies reduced to   0.3500% Note: One successful source step
Supplies reduced to   0.5750% Note: One successful source step
Supplies reduced to   0.9125% Note: One successful source step
Supplies reduced to   1.4188% Note: One successful source step
Supplies reduced to   2.1781% Note: One successful source step
Supplies reduced to   3.3172% Note: One successful source step
Supplies reduced to   5.0258% Note: One successful source step
Supplies reduced to   7.5887% Note: One successful source step
Supplies reduced to  11.4330% Note: One successful source step
Supplies reduced to  17.1995% Note: One successful source step
Supplies reduced to  25.8493% Note: One successful source step
Supplies reduced to  38.8239% Supplies reduced to  25.8493% Note: One successful source step
Supplies reduced to  26.8493% Note: One successful source step
Supplies reduced to  28.3493% Note: One successful source step
Supplies reduced to  30.5993% Note: One successful source step
Supplies reduced to  32.8493% Note: One successful source step
Supplies reduced to  33.9743% Note: One successful source step
Supplies reduced to  35.6618% Note: One successful source step
Supplies reduced to  38.1930% Note: One successful source step
Supplies reduced to  41.9899% Supplies reduced to  38.1930% Note: One successful source step
Supplies reduced to  38.7625% Note: One successful source step
Supplies reduced to  39.6168% Note: One successful source step
Supplies reduced to  40.8983% Supplies reduced to  39.6168% Note: One successful source step
Supplies reduced to  39.8091% Note: One successful source step
Supplies reduced to  40.0974% Note: One successful source step
Supplies reduced to  40.5299% Note: One successful source step
Supplies reduced to  41.1786% Note: One successful source step
Supplies reduced to  41.8273% Note: One successful source step
Supplies reduced to  42.8004% Note: One successful source step
Supplies reduced to  44.2601% Note: One successful source step
Supplies reduced to  46.4496% Note: One successful source step
Supplies reduced to  49.7338% Note: One successful source step
Supplies reduced to  54.6601% Note: One successful source step
Supplies reduced to  62.0495% Supplies reduced to  54.6601% Note: One successful source step
Supplies reduced to  55.6601% Note: One successful source step
Supplies reduced to  57.1601% Note: One successful source step
Supplies reduced to  59.4101% Note: One successful source step
Supplies reduced to  62.7851% Supplies reduced to  59.4101% Note: One successful source step
Supplies reduced to  59.9163% Note: One successful source step
Supplies reduced to  60.6757% Note: One successful source step
Supplies reduced to  61.8148% Note: One successful source step
Supplies reduced to  63.5233% Note: One successful source step
Supplies reduced to  64.3776% Note: One successful source step
Supplies reduced to  65.6591% Supplies reduced to  64.3776% Note: One successful source step
Supplies reduced to  64.5699% Note: One successful source step
Supplies reduced to  64.8582% Note: One successful source step
Supplies reduced to  65.2907% Note: One successful source step
Supplies reduced to  65.9394% Note: One successful source step
Supplies reduced to  66.9125% Note: One successful source step
Supplies reduced to  68.3721% Note: One successful source step
Supplies reduced to  70.5616% Note: One successful source step
Supplies reduced to  73.8458% Note: One successful source step
Supplies reduced to  78.7721% Note: One successful source step
Supplies reduced to  86.1616% Note: One successful source step
Supplies reduced to  97.2458% Note: One successful source step
Supplies reduced to 100.0000% Note: One successful source step
Note: Source stepping completed
 Reference value :  2.80000e+00Note: Starting true gmin stepping
Trying gmin =   1.0000E-03 Note: One successful gmin step
Trying gmin =   1.0000E-04 Note: One successful gmin step
Trying gmin =   1.0000E-05 Note: One successful gmin step
Trying gmin =   1.0000E-06 Note: One successful gmin step
Trying gmin =   1.0000E-07 Note: One successful gmin step
Trying gmin =   1.0000E-08 Note: One successful gmin step
Trying gmin =   3.1623E-09 Note: One successful gmin step
Trying gmin =   5.6234E-10 Note: One successful gmin step
Trying gmin =   5.6234E-11 Note: One successful gmin step
Trying gmin =   5.6234E-12 Warning: Further gmin increment
Trying gmin =   3.1623E-11 Note: One successful gmin step
Trying gmin =   1.3335E-11 Note: One successful gmin step
Trying gmin =   3.6517E-12 Note: One successful gmin step
Trying gmin =   1.0000E-12 Warning: Further gmin increment
Trying gmin =   2.6416E-12 Warning: Further gmin increment
Trying gmin =   3.3678E-12 Note: One successful gmin step
Trying gmin =   2.9827E-12 Note: One successful gmin step
Trying gmin =   2.4860E-12 Warning: Further gmin increment
Trying gmin =   2.8499E-12 Note: One successful gmin step
Trying gmin =   2.6618E-12 Warning: Further gmin increment
Trying gmin =   2.8017E-12 Note: One successful gmin step
Trying gmin =   2.7308E-12 Note: One successful gmin step
Trying gmin =   2.6279E-12 Warning: Further gmin increment
Trying gmin =   2.7047E-12 Warning: Further gmin increment
Trying gmin =   2.7243E-12 Note: One successful gmin step
Trying gmin =   2.7145E-12 Note: One successful gmin step
Trying gmin =   2.7047E-12 Warning: Further gmin increment
Trying gmin =   2.7120E-12 Note: One successful gmin step
Trying gmin =   2.7084E-12 Note: One successful gmin step
Trying gmin =   2.7066E-12 Note: One successful gmin step
Trying gmin =   2.7056E-12 Warning: Further gmin increment
Trying gmin =   2.7063E-12 Note: One successful gmin step
Trying gmin =   2.7060E-12 Warning: Further gmin increment
Trying gmin =   2.7062E-12 Warning: Last gmin step failed
Warning: True gmin stepping failed
Note: Starting dynamic gmin stepping
Trying gmin =   1.0000E-03 Note: One successful gmin step
Trying gmin =   1.0000E-04 Note: One successful gmin step
Trying gmin =   1.0000E-05 Note: One successful gmin step
Trying gmin =   1.0000E-06 Note: One successful gmin step
Trying gmin =   1.0000E-07 Note: One successful gmin step
Trying gmin =   1.0000E-08 Note: One successful gmin step
Trying gmin =   1.0000E-09 Note: One successful gmin step
Trying gmin =   1.0000E-10 Note: One successful gmin step
Trying gmin =   3.1623E-11 Note: One successful gmin step
Trying gmin =   5.6234E-12 Warning: Further gmin increment
Trying gmin =   2.0535E-11 Note: One successful gmin step
Trying gmin =   1.0746E-11 Note: One successful gmin step
Trying gmin =   4.0679E-12 Warning: Further gmin increment
Trying gmin =   8.4291E-12 Note: One successful gmin step
Trying gmin =   5.8557E-12 Note: One successful gmin step
Trying gmin =   3.3906E-12 Note: One successful gmin step
Trying gmin =   1.4939E-12 Note: One successful gmin step
Trying gmin =   1.0000E-12 Note: One successful gmin step
Note: Dynamic gmin stepping completed
 Reference value :  1.20000e+00Note: Starting true gmin stepping
Trying gmin =   1.0000E-03 Note: One successful gmin step
Trying gmin =   1.0000E-04 Note: One successful gmin step
Trying gmin =   1.0000E-05 Note: One successful gmin step
Trying gmin =   1.0000E-06 Note: One successful gmin step
Trying gmin =   1.0000E-07 Note: One successful gmin step
Trying gmin =   1.0000E-08 Note: One successful gmin step
Trying gmin =   3.1623E-09 Note: One successful gmin step
Trying gmin =   5.6234E-10 Note: One successful gmin step
Trying gmin =   5.6234E-11 Note: One successful gmin step
Trying gmin =   5.6234E-12 Warning: Further gmin increment
Trying gmin =   3.1623E-11 Note: One successful gmin step
Trying gmin =   1.3335E-11 Note: One successful gmin step
Trying gmin =   3.6517E-12 Note: One successful gmin step
Trying gmin =   1.0000E-12 Warning: Further gmin increment
Trying gmin =   2.6416E-12 Note: One successful gmin step
Trying gmin =   1.6253E-12 Warning: Further gmin increment
Trying gmin =   2.3396E-12 Note: One successful gmin step
Trying gmin =   1.9500E-12 Warning: Further gmin increment
Trying gmin =   2.2355E-12 Note: One successful gmin step
Trying gmin =   2.0879E-12 Warning: Further gmin increment
Trying gmin =   2.1976E-12 Warning: Further gmin increment
Trying gmin =   2.2259E-12 Note: One successful gmin step
Trying gmin =   2.2164E-12 Note: One successful gmin step
Trying gmin =   2.2117E-12 Note: One successful gmin step
Trying gmin =   2.2047E-12 Warning: Further gmin increment
Trying gmin =   2.2100E-12 Note: One successful gmin step
Trying gmin =   2.2082E-12 Warning: Further gmin increment
Trying gmin =   2.2095E-12 Note: One successful gmin step
Trying gmin =   2.2088E-12 Warning: Further gmin increment
Trying gmin =   2.2093E-12 Note: One successful gmin step
Trying gmin =   2.2092E-12 Note: One successful gmin step
Trying gmin =   2.2091E-12 Note: One successful gmin step
Trying gmin =   2.2089E-12 Warning: Further gmin increment
Trying gmin =   2.2090E-12 Note: One successful gmin step
Trying gmin =   2.2090E-12 Note: One successful gmin step
Trying gmin =   2.2089E-12 Note: One successful gmin step
Trying gmin =   2.2088E-12 Warning: Last gmin step failed
Warning: True gmin stepping failed
Note: Starting dynamic gmin stepping
Trying gmin =   1.0000E-03 Note: One successful gmin step
Trying gmin =   1.0000E-04 Note: One successful gmin step
Trying gmin =   1.0000E-05 Note: One successful gmin step
Trying gmin =   1.0000E-06 Note: One successful gmin step
Trying gmin =   1.0000E-07 Note: One successful gmin step
Trying gmin =   1.0000E-08 Note: One successful gmin step
Trying gmin =   1.0000E-09 Note: One successful gmin step
Trying gmin =   1.0000E-10 Warning: Further gmin increment
Trying gmin =   5.6234E-10 Note: One successful gmin step
Trying gmin =   2.3714E-10 Note: One successful gmin step
Trying gmin =   6.4938E-11 Warning: Further gmin increment
Trying gmin =   1.7154E-10 Note: One successful gmin step
Trying gmin =   1.0554E-10 Note: One successful gmin step
Trying gmin =   5.0937E-11 Note: One successful gmin step
Trying gmin =   1.7077E-11 Note: One successful gmin step
Trying gmin =   3.3152E-12 Warning: Further gmin increment
Trying gmin =   1.1336E-11 Note: One successful gmin step
Trying gmin =   6.1302E-12 Note: One successful gmin step
Trying gmin =   2.4379E-12 Warning: Further gmin increment
Trying gmin =   4.8681E-12 Note: One successful gmin step
Trying gmin =   3.4450E-12 Note: One successful gmin step
Trying gmin =   2.0509E-12 Note: One successful gmin step
Trying gmin =   1.0000E-12 Note: One successful gmin step
Note: Dynamic gmin stepping completed
 Reference value :  1.18000e+00
Error: measure  pm  (AT) : out of interval
 meas ac pm find p when vdb(ldo_out)=0 failed!

Doing analysis at TEMP = 0.000000 and TNOM = 27.000000


No. of Data Rows : 91
psrr100             =  -5.461107e+01
psrr100k            =  -2.755700e+01
Doing analysis at TEMP = 0.000000 and TNOM = 27.000000


No. of Data Rows : 86
temp_coeff = 4.248406e+01
Doing analysis at TEMP = 0.000000 and TNOM = 27.000000


No. of Data Rows : 141
vldo_sup_2          =  1.803340e+00
vldo_sup_2_8        =  1.802370e+00
line_reg = 1.212500e-03
Note: No ".plot", ".print", or ".fourier" lines; no simulations run
vin                 =  1.777246e+00
dropout = 1.324600e-02
