 Reference value :  8.00000e+01Note: Starting true gmin stepping
Trying gmin =   1.0000E-03 Note: One successful gmin step
Trying gmin =   1.0000E-04 Note: One successful gmin step
Trying gmin =   1.0000E-05 Note: One successful gmin step
Trying gmin =   1.0000E-06 Note: One successful gmin step
Trying gmin =   1.0000E-07 Warning: Further gmin increment
Trying gmin =   5.6234E-07 Note: One successful gmin step
Trying gmin =   2.3714E-07 Note: One successful gmin step
Trying gmin =   6.4938E-08 Note: One successful gmin step
Trying gmin =   3.3982E-08 Note: One successful gmin step
Trying gmin =   1.2864E-08 Note: One successful gmin step
Trying gmin =   2.9961E-09 Note: One successful gmin step
Trying gmin =   3.3678E-10 Note: One successful gmin step
Trying gmin =   3.3678E-11 Note: One successful gmin step
Trying gmin =   3.3678E-12 Note: One successful gmin step
Trying gmin =   1.0000E-12 Note: One successful gmin step
Note: True gmin stepping completed
Note: Starting true gmin stepping
Trying gmin =   1.0000E-03 Note: One successful gmin step
Trying gmin =   1.0000E-04 Note: One successful gmin step
Trying gmin =   1.0000E-05 Note: One successful gmin step
Trying gmin =   1.0000E-06 Note: One successful gmin step
Trying gmin =   1.0000E-07 Note: One successful gmin step
Trying gmin =   1.0000E-08 Note: One successful gmin step
Trying gmin =   1.0000E-09 Note: One successful gmin step
Trying gmin =   1.0000E-10 Warning: Further gmin increment
Trying gmin =   5.6234E-10 Warning: Further gmin increment
Trying gmin =   8.6596E-10 Note: One successful gmin step
Trying gmin =   6.9783E-10 Note: One successful gmin step
Trying gmin =   5.0481E-10 Note: One successful gmin step
Trying gmin =   3.1059E-10 Warning: Further gmin increment
Trying gmin =   4.4709E-10 Warning: Further gmin increment
Trying gmin =   4.8971E-10 Note: One successful gmin step
Trying gmin =   4.6791E-10 Warning: Further gmin increment
Trying gmin =   4.8417E-10 Note: One successful gmin step
Trying gmin =   4.7597E-10 Note: One successful gmin step
Trying gmin =   4.6394E-10 Warning: Further gmin increment
Trying gmin =   4.7293E-10 Warning: Further gmin increment
Trying gmin =   4.7521E-10 Note: One successful gmin step
Trying gmin =   4.7407E-10 Note: One successful gmin step
Trying gmin =   4.7237E-10 Warning: Further gmin increment
Trying gmin =   4.7364E-10 Note: One successful gmin step
Trying gmin =   4.7301E-10 Warning: Further gmin increment
Trying gmin =   4.7348E-10 Note: One successful gmin step
Trying gmin =   4.7324E-10 Warning: Further gmin increment
Trying gmin =   4.7342E-10 Warning: Further gmin increment
Trying gmin =   4.7347E-10 Warning: Last gmin step failed
Warning: True gmin stepping failed
Note: Starting dynamic gmin stepping
Trying gmin =   1.0000E-03 Note: One successful gmin step
Trying gmin =   1.0000E-04 Note: One successful gmin step
Trying gmin =   1.0000E-05 Note: One successful gmin step
Trying gmin =   1.0000E-06 Note: One successful gmin step
Trying gmin =   1.0000E-07 Note: One successful gmin step
Trying gmin =   1.0000E-08 Warning: Further gmin increment
Trying gmin =   5.6234E-08 Note: One successful gmin step
Trying gmin =   2.3714E-08 Note: One successful gmin step
Trying gmin =   6.4938E-09 Warning: Further gmin increment
Trying gmin =   1.7154E-08 Note: One successful gmin step
Trying gmin =   1.0554E-08 Note: One successful gmin step
Trying gmin =   5.0937E-09 Warning: Further gmin increment
Trying gmin =   8.7970E-09 Note: One successful gmin step
Trying gmin =   6.6940E-09 Note: One successful gmin step
Trying gmin =   4.4433E-09 Note: One successful gmin step
Trying gmin =   2.4029E-09 Warning: Further gmin increment
Trying gmin =   3.8103E-09 Note: One successful gmin step
Trying gmin =   3.0259E-09 Warning: Further gmin increment
Trying gmin =   3.5970E-09 Note: One successful gmin step
Trying gmin =   3.4948E-09 Note: One successful gmin step
Trying gmin =   3.3470E-09 Note: One successful gmin step
Trying gmin =   3.1368E-09 Note: One successful gmin step
Trying gmin =   2.8461E-09 Note: One successful gmin step
Trying gmin =   2.4598E-09 Note: One successful gmin step
Trying gmin =   1.9764E-09 Note: One successful gmin step
Trying gmin =   1.4234E-09 Note: One successful gmin step
Trying gmin =   8.7000E-10 Note: One successful gmin step
Trying gmin =   4.1571E-10 Note: One successful gmin step
Trying gmin =   1.3731E-10 Note: One successful gmin step
Trying gmin =   2.6066E-11 Note: One successful gmin step
Trying gmin =   2.6066E-12 Note: One successful gmin step
Trying gmin =   1.0000E-12 Note: One successful gmin step
Note: Dynamic gmin stepping completed
 Reference value :  1.38000e+00Note: Starting true gmin stepping
Trying gmin =   1.0000E-03 Note: One successful gmin step
Trying gmin =   1.0000E-04 Note: One successful gmin step
Trying gmin =   1.0000E-05 Note: One successful gmin step
Trying gmin =   1.0000E-06 Note: One successful gmin step
Trying gmin =   1.0000E-07 Note: One successful gmin step
Trying gmin =   1.0000E-08 Note: One successful gmin step
Trying gmin =   1.0000E-09 Note: One successful gmin step
Trying gmin =   1.0000E-10 Warning: Further gmin increment
Trying gmin =   5.6234E-10 Warning: Further gmin increment
Trying gmin =   8.6596E-10 Note: One successful gmin step
Trying gmin =   6.9783E-10 Note: One successful gmin step
Trying gmin =   5.6234E-10 Note: One successful gmin step
Trying gmin =   4.0679E-10 Note: One successful gmin step
Trying gmin =   2.5029E-10 Warning: Further gmin increment
Trying gmin =   3.6028E-10 Note: One successful gmin step
Trying gmin =   3.0029E-10 Warning: Further gmin increment
Trying gmin =   3.4424E-10 Warning: Further gmin increment
Trying gmin =   3.5620E-10 Note: One successful gmin step
Trying gmin =   3.5017E-10 Note: One successful gmin step
Trying gmin =   3.4132E-10 Warning: Further gmin increment
Trying gmin =   3.4794E-10 Note: One successful gmin step
Trying gmin =   3.4461E-10 Warning: Further gmin increment
Trying gmin =   3.4710E-10 Note: One successful gmin step
Trying gmin =   3.4585E-10 Warning: Further gmin increment
Trying gmin =   3.4679E-10 Note: One successful gmin step
Trying gmin =   3.4632E-10 Warning: Further gmin increment
Trying gmin =   3.4667E-10 Warning: Further gmin increment
Trying gmin =   3.4676E-10 Warning: Further gmin increment
Trying gmin =   3.4678E-10 Note: One successful gmin step
Trying gmin =   3.4677E-10 Warning: Last gmin step failed
Warning: True gmin stepping failed
Note: Starting dynamic gmin stepping
Trying gmin =   1.0000E-03 Note: One successful gmin step
Trying gmin =   1.0000E-04 Note: One successful gmin step
Trying gmin =   1.0000E-05 Note: One successful gmin step
Trying gmin =   1.0000E-06 Note: One successful gmin step
Trying gmin =   1.0000E-07 Note: One successful gmin step
Trying gmin =   1.0000E-08 Note: One successful gmin step
Trying gmin =   1.0000E-09 Warning: Further gmin increment
Trying gmin =   5.6234E-09 Warning: Further gmin increment
Trying gmin =   8.6596E-09 Note: One successful gmin step
Trying gmin =   6.9783E-09 Warning: Further gmin increment
Trying gmin =   8.2047E-09 Note: One successful gmin step
Trying gmin =   7.5667E-09 Note: One successful gmin step
Trying gmin =   6.7015E-09 Note: One successful gmin step
Trying gmin =   5.5856E-09 Note: One successful gmin step
Trying gmin =   4.2503E-09 Note: One successful gmin step
Trying gmin =   2.8212E-09 Note: One successful gmin step
Trying gmin =   1.5257E-09 Warning: Further gmin increment
Trying gmin =   2.4193E-09 Warning: Further gmin increment
Trying gmin =   2.7149E-09 Note: One successful gmin step
Trying gmin =   2.5629E-09 Note: One successful gmin step
Trying gmin =   2.3506E-09 Note: One successful gmin step
Trying gmin =   2.0648E-09 Note: One successful gmin step
Trying gmin =   1.6998E-09 Note: One successful gmin step
Trying gmin =   1.2697E-09 Note: One successful gmin step
Trying gmin =   8.1966E-10 Note: One successful gmin step
Trying gmin =   4.2516E-10 Note: One successful gmin step
Trying gmin =   1.5882E-10 Note: One successful gmin step
Trying gmin =   3.6264E-11 Note: One successful gmin step
Trying gmin =   3.9564E-12 Note: One successful gmin step
Trying gmin =   1.0000E-12 Note: One successful gmin step
Note: Dynamic gmin stepping completed
 Reference value :  1.36000e+00
No compatibility mode selected!


Circuit: * ldo netlist 

Doing analysis at TEMP = 0.000000 and TNOM = 27.000000


No. of Data Rows : 81
temp_coeff = 2.817632e+01
Doing analysis at TEMP = 0.000000 and TNOM = 27.000000


No. of Data Rows : 151
vldo_sup_2          =  2.051309e+00
vldo_sup_3          =  3.026470e+00
line_reg = 9.751610e-01
Note: Starting true gmin stepping
Trying gmin =   1.0000E-03 Note: One successful gmin step
Trying gmin =   1.0000E-04 Note: One successful gmin step
Trying gmin =   1.0000E-05 Note: One successful gmin step
Trying gmin =   1.0000E-06 Warning: Further gmin increment
Trying gmin =   5.6234E-06 Note: One successful gmin step
Trying gmin =   2.3714E-06 Warning: Further gmin increment
Trying gmin =   4.5316E-06 Note: One successful gmin step
Trying gmin =   3.2781E-06 Note: One successful gmin step
Trying gmin =   2.0169E-06 Warning: Further gmin increment
Trying gmin =   2.9033E-06 Note: One successful gmin step
Trying gmin =   2.4199E-06 Note: One successful gmin step
Trying gmin =   1.8414E-06 Warning: Further gmin increment
Trying gmin =   2.2601E-06 Note: One successful gmin step
Trying gmin =   2.0400E-06 Note: One successful gmin step
Trying gmin =   1.7494E-06 Note: One successful gmin step
Trying gmin =   1.3892E-06 Note: One successful gmin step
Trying gmin =   9.8312E-07 Note: One successful gmin step
Trying gmin =   5.8527E-07 Warning: Further gmin increment
Trying gmin =   8.6356E-07 Note: One successful gmin step
Trying gmin =   7.1092E-07 Note: One successful gmin step
Trying gmin =   5.3103E-07 Note: One successful gmin step
Trying gmin =   3.4281E-07 Note: One successful gmin step
Trying gmin =   1.7782E-07 Warning: Further gmin increment
Trying gmin =   2.9093E-07 Note: One successful gmin step
Trying gmin =   2.2745E-07 Note: One successful gmin step
Trying gmin =   1.5722E-07 Note: One successful gmin step
Trying gmin =   9.0360E-08 Note: One successful gmin step
Trying gmin =   3.9370E-08 Note: One successful gmin step
Trying gmin =   1.1323E-08 Warning: Further gmin increment
Trying gmin =   2.8831E-08 Warning: Further gmin increment
Trying gmin =   3.6420E-08 Note: One successful gmin step
Trying gmin =   3.2404E-08 Warning: Further gmin increment
Trying gmin =   3.5371E-08 Warning: Further gmin increment
Trying gmin =   3.6155E-08 Note: One successful gmin step
Trying gmin =   3.5761E-08 Warning: Further gmin increment
Trying gmin =   3.6056E-08 Note: One successful gmin step
Trying gmin =   3.5908E-08 Warning: Further gmin increment
Trying gmin =   3.6019E-08 Warning: Further gmin increment
Trying gmin =   3.6047E-08 Note: One successful gmin step
Trying gmin =   3.6033E-08 Warning: Further gmin increment
Trying gmin =   3.6043E-08 Note: One successful gmin step
Trying gmin =   3.6038E-08 Note: One successful gmin step
Trying gmin =   3.6030E-08 Warning: Further gmin increment
Trying gmin =   3.6036E-08 Note: One successful gmin step
Trying gmin =   3.6033E-08 Warning: Further gmin increment
Trying gmin =   3.6035E-08 Warning: Last gmin step failed
Warning: True gmin stepping failed
Note: Starting dynamic gmin stepping
Trying gmin =   1.0000E-03 Note: One successful gmin step
Trying gmin =   1.0000E-04 Note: One successful gmin step
Trying gmin =   1.0000E-05 Note: One successful gmin step
Trying gmin =   1.0000E-06 Note: One successful gmin step
Trying gmin =   1.0000E-07 Warning: Further gmin increment
Trying gmin =   5.6234E-07 Note: One successful gmin step
Trying gmin =   3.1623E-07 Warning: Further gmin increment
Trying gmin =   4.8697E-07 Note: One successful gmin step
Trying gmin =   3.9242E-07 Warning: Further gmin increment
Trying gmin =   4.6138E-07 Note: One successful gmin step
Trying gmin =   4.2551E-07 Warning: Further gmin increment
Trying gmin =   4.5214E-07 Note: One successful gmin step
Trying gmin =   4.3862E-07 Note: One successful gmin step
Trying gmin =   4.1910E-07 Warning: Further gmin increment
Trying gmin =   4.3366E-07 Note: One successful gmin step
Trying gmin =   4.3120E-07 Note: One successful gmin step
Trying gmin =   4.2753E-07 Note: One successful gmin step
Trying gmin =   4.2209E-07 Note: One successful gmin step
Trying gmin =   4.1406E-07 Note: One successful gmin step
Trying gmin =   4.0230E-07 Note: One successful gmin step
Trying gmin =   3.8528E-07 Note: One successful gmin step
Trying gmin =   3.6109E-07 Note: One successful gmin step
Trying gmin =   3.2763E-07 Note: One successful gmin step
Trying gmin =   2.8316E-07 Note: One successful gmin step
Trying gmin =   2.2751E-07 Note: One successful gmin step
Trying gmin =   1.6385E-07 Note: One successful gmin step
Trying gmin =   1.0015E-07 Note: One successful gmin step
Trying gmin =   4.7854E-08 Note: One successful gmin step
Trying gmin =   1.5807E-08 Note: One successful gmin step
Trying gmin =   3.0006E-09 Note: One successful gmin step
Trying gmin =   3.0006E-10 Note: One successful gmin step
Trying gmin =   3.0006E-11 Note: One successful gmin step
Trying gmin =   3.0006E-12 Note: One successful gmin step
Trying gmin =   1.0000E-12 Note: One successful gmin step
Note: Dynamic gmin stepping completed
 Reference value :  1.00000e+00Note: No ".plot", ".print", or ".fourier" lines; no simulations run
vin                 =  1.692991e+00
dropout = -7.10090e-02
Doing analysis at TEMP = 0.000000 and TNOM = 27.000000


No. of Data Rows : 91
psrr100             =  -5.454512e+01
psrr100k            =  -3.309052e+01
