Note: Starting true gmin stepping
Trying gmin =   1.0000E-03 Note: One successful gmin step
Trying gmin =   1.0000E-04 Note: One successful gmin step
Trying gmin =   1.0000E-05 Note: One successful gmin step
Trying gmin =   1.0000E-06 Note: One successful gmin step
Trying gmin =   1.0000E-07 Note: One successful gmin step
Trying gmin =   3.1623E-08 Warning: Further gmin increment
Trying gmin =   7.4989E-08 Warning: Further gmin increment
Trying gmin =   9.3057E-08 Note: One successful gmin step
Trying gmin =   8.3536E-08 Warning: Further gmin increment
Trying gmin =   9.0580E-08 Note: One successful gmin step
Trying gmin =   8.6987E-08 Warning: Further gmin increment
Trying gmin =   8.9668E-08 Note: One successful gmin step
Trying gmin =   8.8317E-08 Note: One successful gmin step
Trying gmin =   8.6329E-08 Warning: Further gmin increment
Trying gmin =   8.7816E-08 Note: One successful gmin step
Trying gmin =   8.7069E-08 Warning: Further gmin increment
Trying gmin =   8.7629E-08 Note: One successful gmin step
Trying gmin =   8.7349E-08 Note: One successful gmin step
Trying gmin =   8.6930E-08 Warning: Further gmin increment
Trying gmin =   8.7244E-08 Warning: Further gmin increment
Trying gmin =   8.7322E-08 Note: One successful gmin step
Trying gmin =   8.7283E-08 Warning: Further gmin increment
Trying gmin =   8.7312E-08 Note: One successful gmin step
Trying gmin =   8.7298E-08 Warning: Further gmin increment
Trying gmin =   8.7309E-08 Note: One successful gmin step
Trying gmin =   8.7303E-08 Note: One successful gmin step
Trying gmin =   8.7295E-08 Warning: Further gmin increment
Trying gmin =   8.7301E-08 Note: One successful gmin step
Trying gmin =   8.7298E-08 Note: One successful gmin step
Trying gmin =   8.7295E-08 Warning: Last gmin step failed
Warning: True gmin stepping failed
Note: Starting dynamic gmin stepping
Trying gmin =   1.0000E-03 Note: One successful gmin step
Trying gmin =   1.0000E-04 Note: One successful gmin step
Trying gmin =   1.0000E-05 Note: One successful gmin step
Trying gmin =   1.0000E-06 Note: One successful gmin step
Trying gmin =   3.1623E-07 Warning: Further gmin increment
Trying gmin =   7.4989E-07 Warning: Further gmin increment
Trying gmin =   9.3057E-07 Note: One successful gmin step
Trying gmin =   8.3536E-07 Note: One successful gmin step
Trying gmin =   7.1050E-07 Warning: Further gmin increment
Trying gmin =   8.0223E-07 Warning: Further gmin increment
Trying gmin =   8.2695E-07 Note: One successful gmin step
Trying gmin =   8.1450E-07 Warning: Further gmin increment
Trying gmin =   8.2382E-07 Warning: Further gmin increment
Trying gmin =   8.2617E-07 Note: One successful gmin step
Trying gmin =   8.2499E-07 Warning: Further gmin increment
Trying gmin =   8.2587E-07 Note: One successful gmin step
Trying gmin =   8.2543E-07 Note: One successful gmin step
Trying gmin =   8.2477E-07 Warning: Further gmin increment
Trying gmin =   8.2527E-07 Warning: Further gmin increment
Trying gmin =   8.2539E-07 Note: One successful gmin step
Trying gmin =   8.2533E-07 Note: One successful gmin step
Trying gmin =   8.2524E-07 Warning: Further gmin increment
Trying gmin =   8.2531E-07 Note: One successful gmin step
Trying gmin =   8.2527E-07 Warning: Last gmin step failed
Warning: Dynamic gmin stepping failed
Note: Starting source stepping
Supplies reduced to   0.0000% Note: One successful source step
Supplies reduced to   0.1000% Note: One successful source step
Supplies reduced to   0.2000% Note: One successful source step
Supplies reduced to   0.3500% Note: One successful source step
Supplies reduced to   0.5750% Note: One successful source step
Supplies reduced to   0.9125% Note: One successful source step
Supplies reduced to   1.4188% Note: One successful source step
Supplies reduced to   2.1781% Note: One successful source step
Supplies reduced to   3.3172% Note: One successful source step
Supplies reduced to   5.0258% Note: One successful source step
Supplies reduced to   7.5887% Note: One successful source step
Supplies reduced to  11.4330% Note: One successful source step
Supplies reduced to  17.1995% Note: One successful source step
Supplies reduced to  25.8493% Note: One successful source step
Supplies reduced to  38.8239% Note: One successful source step
Supplies reduced to  45.3112% Note: One successful source step
Supplies reduced to  55.0422% Supplies reduced to  45.3112% Note: One successful source step
Supplies reduced to  46.2843% Note: One successful source step
Supplies reduced to  47.7440% Note: One successful source step
Supplies reduced to  49.9334% Note: One successful source step
Supplies reduced to  53.2176% Note: One successful source step
Supplies reduced to  58.1439% Note: One successful source step
Supplies reduced to  65.5334% Note: One successful source step
Supplies reduced to  76.6176% Supplies reduced to  65.5334% Note: One successful source step
Supplies reduced to  66.5334% Note: One successful source step
Supplies reduced to  68.0334% Note: One successful source step
Supplies reduced to  70.2834% Note: One successful source step
Supplies reduced to  73.6584% Supplies reduced to  70.2834% Note: One successful source step
Supplies reduced to  70.7897% Note: One successful source step
Supplies reduced to  71.5490% Supplies reduced to  70.7897% Note: One successful source step
Supplies reduced to  70.9036% Note: One successful source step
Supplies reduced to  71.0744% Supplies reduced to  70.9036% Note: One successful source step
Supplies reduced to  70.9292% Note: One successful source step
Supplies reduced to  70.9676% Note: One successful source step
Supplies reduced to  71.0253% Supplies reduced to  70.9676% Note: One successful source step
Supplies reduced to  70.9763% Note: One successful source step
Supplies reduced to  70.9893% Note: One successful source step
Supplies reduced to  71.0087% Note: One successful source step
Supplies reduced to  71.0379% Supplies reduced to  71.0087% Note: One successful source step
Supplies reduced to  71.0131% Note: One successful source step
Supplies reduced to  71.0197% Note: One successful source step
Supplies reduced to  71.0295% Supplies reduced to  71.0197% Note: One successful source step
Supplies reduced to  71.0211% Note: One successful source step
Supplies reduced to  71.0234% Note: One successful source step
Supplies reduced to  71.0267% Supplies reduced to  71.0234% Note: One successful source step
Supplies reduced to  71.0239% Note: One successful source step
Supplies reduced to  71.0246% Supplies reduced to  71.0239% Note: One successful source step
Supplies reduced to  71.0240% Note: One successful source step
Supplies reduced to  71.0241% Note: One successful source step
Supplies reduced to  71.0244% Note: One successful source step
Supplies reduced to  71.0248% Supplies reduced to  71.0244% Note: One successful source step
Supplies reduced to  71.0244% Note: One successful source step
Supplies reduced to  71.0245% Supplies reduced to  71.0244% Note: One successful source step
Supplies reduced to  71.0245% Note: One successful source step
Supplies reduced to  71.0245% Note: One successful source step
Supplies reduced to  71.0245% Note: One successful source step
Supplies reduced to  71.0246% Warning: source stepping failed
doAnalyses: Too many iterations without convergence

op simulation(s) aborted
Error(parse.c--checkvalid): bg_out: zero length vector.
Error(parse.c--checkvalid): ldo_out: zero length vector.
Note: Starting true gmin stepping
Trying gmin =   1.0000E-03 Note: One successful gmin step
Trying gmin =   1.0000E-04 Note: One successful gmin step
Trying gmin =   1.0000E-05 Note: One successful gmin step
Trying gmin =   1.0000E-06 Note: One successful gmin step
Trying gmin =   1.0000E-07 Warning: Further gmin increment
Trying gmin =   5.6234E-07 Note: One successful gmin step
Trying gmin =   2.3714E-07 Note: One successful gmin step
Trying gmin =   6.4938E-08 Warning: Further gmin increment
Trying gmin =   1.7154E-07 Warning: Further gmin increment
Trying gmin =   2.1870E-07 Note: One successful gmin step
Trying gmin =   1.9369E-07 Note: One successful gmin step
Trying gmin =   1.6144E-07 Note: One successful gmin step
Trying gmin =   1.3456E-07 Note: One successful gmin step
Trying gmin =   1.0239E-07 Note: One successful gmin step
Trying gmin =   6.7963E-08 Warning: Further gmin increment
Trying gmin =   9.2419E-08 Note: One successful gmin step
Trying gmin =   7.9253E-08 Warning: Further gmin increment
Trying gmin =   8.8935E-08 Note: One successful gmin step
Trying gmin =   8.3955E-08 Warning: Further gmin increment
Trying gmin =   8.7663E-08 Note: One successful gmin step
Trying gmin =   8.5789E-08 Warning: Further gmin increment
Trying gmin =   8.7191E-08 Warning: Further gmin increment
Trying gmin =   8.7545E-08 Note: One successful gmin step
Trying gmin =   8.7368E-08 Note: One successful gmin step
Trying gmin =   8.7102E-08 Warning: Further gmin increment
Trying gmin =   8.7301E-08 Note: One successful gmin step
Trying gmin =   8.7202E-08 Warning: Further gmin increment
Trying gmin =   8.7276E-08 Warning: Further gmin increment
Trying gmin =   8.7295E-08 Warning: Further gmin increment
Trying gmin =   8.7300E-08 Note: One successful gmin step
Trying gmin =   8.7297E-08 Warning: Last gmin step failed
Warning: True gmin stepping failed
Note: Starting dynamic gmin stepping
Trying gmin =   1.0000E-03 Note: One successful gmin step
Trying gmin =   1.0000E-04 Note: One successful gmin step
Trying gmin =   1.0000E-05 Note: One successful gmin step
Trying gmin =   1.0000E-06 Note: One successful gmin step
Trying gmin =   3.1623E-07 Warning: Further gmin increment
Trying gmin =   7.4989E-07 Warning: Further gmin increment
Trying gmin =   9.3057E-07 Note: One successful gmin step
Trying gmin =   8.3536E-07 Note: One successful gmin step
Trying gmin =   7.1050E-07 Warning: Further gmin increment
Trying gmin =   8.0223E-07 Warning: Further gmin increment
Trying gmin =   8.2695E-07 Note: One successful gmin step
Trying gmin =   8.1450E-07 Warning: Further gmin increment
Trying gmin =   8.2382E-07 Warning: Further gmin increment
Trying gmin =   8.2617E-07 Note: One successful gmin step
Trying gmin =   8.2499E-07 Warning: Further gmin increment
Trying gmin =   8.2587E-07 Note: One successful gmin step
Trying gmin =   8.2543E-07 Note: One successful gmin step
Trying gmin =   8.2477E-07 Warning: Further gmin increment
Trying gmin =   8.2527E-07 Warning: Further gmin increment
Trying gmin =   8.2539E-07 Note: One successful gmin step
Trying gmin =   8.2533E-07 Note: One successful gmin step
Trying gmin =   8.2524E-07 Warning: Further gmin increment
Trying gmin =   8.2531E-07 Note: One successful gmin step
Trying gmin =   8.2527E-07 Warning: Last gmin step failed
Warning: Dynamic gmin stepping failed
Note: Starting source stepping
Supplies reduced to   0.0000% Note: One successful source step
Supplies reduced to   0.1000% Note: One successful source step
Supplies reduced to   0.2000% Note: One successful source step
Supplies reduced to   0.3500% Note: One successful source step
Supplies reduced to   0.5750% Note: One successful source step
Supplies reduced to   0.9125% Note: One successful source step
Supplies reduced to   1.4188% Note: One successful source step
Supplies reduced to   2.1781% Note: One successful source step
Supplies reduced to   3.3172% Note: One successful source step
Supplies reduced to   5.0258% Note: One successful source step
Supplies reduced to   7.5887% Note: One successful source step
Supplies reduced to  11.4330% Note: One successful source step
Supplies reduced to  17.1995% Note: One successful source step
Supplies reduced to  25.8493% Note: One successful source step
Supplies reduced to  38.8239% Note: One successful source step
Supplies reduced to  45.3112% Supplies reduced to  38.8239% Note: One successful source step
Supplies reduced to  39.4726% Note: One successful source step
Supplies reduced to  40.4457% Note: One successful source step
Supplies reduced to  41.9054% Note: One successful source step
Supplies reduced to  44.0948% Note: One successful source step
Supplies reduced to  47.3791% Supplies reduced to  44.0948% Note: One successful source step
Supplies reduced to  44.5875% Note: One successful source step
Supplies reduced to  45.3264% Note: One successful source step
Supplies reduced to  46.4348% Note: One successful source step
Supplies reduced to  48.0975% Note: One successful source step
Supplies reduced to  50.5914% Note: One successful source step
Supplies reduced to  54.3323% Note: One successful source step
Supplies reduced to  59.9437% Note: One successful source step
Supplies reduced to  68.3608% Note: One successful source step
Supplies reduced to  80.9863% Note: One successful source step
Supplies reduced to  99.9247% Note: One successful source step
Supplies reduced to 100.0000% Note: One successful source step
Note: Source stepping completed
 Reference value :  1.00000e+00
No compatibility mode selected!


Circuit: * ldo netlist 

Doing analysis at TEMP = 0.000000 and TNOM = 27.000000


DC solution failed -

Last Node Voltages
------------------

Node                                   Last Voltage        Previous Iter
----                                   ------------        -------------
inn                                        0.854607              0.85474
mir                                        0.675755             0.675741
vdd                                         1.77561              1.77561
inp                                        0.853584             0.853719
bg_out                                     0.632734             0.632838
net3                                        0.62449             0.624588
net1                                       0.623402             0.623499
net2                                        1.64992              1.64943
net5                                       0.773029             0.772926
net4                                      0.0190563            0.0190903 *
net6                                        0.96417             0.964182
xc1.a                                             0                    0
xc1.b1                                            0                    0
xr1.xsky130_fd_pr__res_xhigh_po_0p69.ra             0.624974             0.625071
net7                                       0.623533             0.623631
xr2.xsky130_fd_pr__res_xhigh_po_0p69.ra             0.625931             0.626029
xr3.xsky130_fd_pr__res_xhigh_po_0p69.ra           0.00147766            0.0014779
xr4.xsky130_fd_pr__res_xhigh_po_0p69.ra             0.623404             0.623501
xr5.xsky130_fd_pr__res_xhigh_po_0p69.ra           0.00147528           0.00147552
xr6.xsky130_fd_pr__res_xhigh_po_0p69.ra           0.00149816           0.00149842
net9                                        1.00499              1.00491
net10                                   0.000331867          0.000332464
net8                                       0.733313             0.733303
pos                                        0.636615             0.636718
vb                                          1.01076              1.01077
out                                         1.07487              1.07486
ldo_out                                    0.957719             0.957873
net12                                       1.07487              1.07486
xc3.a                                       1.07487              1.07486
xc3.b1                                      1.07487              1.07486
net11                                       1.07487              1.07486
xr7.xsky130_fd_pr__res_xhigh_po_0p69.ra              1.07487              1.07486
xr8.xsky130_fd_pr__res_xhigh_po_0p69.ra             0.639186             0.639289
xr9.xsky130_fd_pr__res_xhigh_po_0p69.ra           0.00262838           0.00262882
net13                                             0                    0
l1#branch                                         0                    0
vs#branch                              -8.16925e-05          -8.1709e-05
vt#branch                                         0                    0

Doing analysis at TEMP = 0.000000 and TNOM = 27.000000


No. of Data Rows : 91
Note: Starting true gmin stepping
Trying gmin =   1.0000E-03 Note: One successful gmin step
Trying gmin =   1.0000E-04 Note: One successful gmin step
Trying gmin =   1.0000E-05 Note: One successful gmin step
Trying gmin =   1.0000E-06 Note: One successful gmin step
Trying gmin =   1.0000E-07 Warning: Further gmin increment
Trying gmin =   5.6234E-07 Note: One successful gmin step
Trying gmin =   2.3714E-07 Note: One successful gmin step
Trying gmin =   6.4938E-08 Warning: Further gmin increment
Trying gmin =   1.7154E-07 Warning: Further gmin increment
Trying gmin =   2.1870E-07 Note: One successful gmin step
Trying gmin =   1.9369E-07 Note: One successful gmin step
Trying gmin =   1.6144E-07 Note: One successful gmin step
Trying gmin =   1.3456E-07 Note: One successful gmin step
Trying gmin =   1.0239E-07 Note: One successful gmin step
Trying gmin =   6.7963E-08 Warning: Further gmin increment
Trying gmin =   9.2419E-08 Note: One successful gmin step
Trying gmin =   7.9253E-08 Warning: Further gmin increment
Trying gmin =   8.8935E-08 Note: One successful gmin step
Trying gmin =   8.3955E-08 Warning: Further gmin increment
Trying gmin =   8.7663E-08 Note: One successful gmin step
Trying gmin =   8.5789E-08 Warning: Further gmin increment
Trying gmin =   8.7191E-08 Warning: Further gmin increment
Trying gmin =   8.7545E-08 Note: One successful gmin step
Trying gmin =   8.7368E-08 Note: One successful gmin step
Trying gmin =   8.7102E-08 Warning: Further gmin increment
Trying gmin =   8.7301E-08 Note: One successful gmin step
Trying gmin =   8.7202E-08 Warning: Further gmin increment
Trying gmin =   8.7276E-08 Warning: Further gmin increment
Trying gmin =   8.7295E-08 Warning: Further gmin increment
Trying gmin =   8.7300E-08 Note: One successful gmin step
Trying gmin =   8.7297E-08 Warning: Last gmin step failed
Warning: True gmin stepping failed
Note: Starting dynamic gmin stepping
Trying gmin =   1.0000E-03 Note: One successful gmin step
Trying gmin =   1.0000E-04 Note: One successful gmin step
Trying gmin =   1.0000E-05 Note: One successful gmin step
Trying gmin =   1.0000E-06 Note: One successful gmin step
Trying gmin =   3.1623E-07 Warning: Further gmin increment
Trying gmin =   7.4989E-07 Warning: Further gmin increment
Trying gmin =   9.3057E-07 Note: One successful gmin step
Trying gmin =   8.3536E-07 Note: One successful gmin step
Trying gmin =   7.1050E-07 Warning: Further gmin increment
Trying gmin =   8.0223E-07 Warning: Further gmin increment
Trying gmin =   8.2695E-07 Note: One successful gmin step
Trying gmin =   8.1450E-07 Warning: Further gmin increment
Trying gmin =   8.2382E-07 Warning: Further gmin increment
Trying gmin =   8.2617E-07 Note: One successful gmin step
Trying gmin =   8.2499E-07 Warning: Further gmin increment
Trying gmin =   8.2587E-07 Note: One successful gmin step
Trying gmin =   8.2543E-07 Note: One successful gmin step
Trying gmin =   8.2477E-07 Warning: Further gmin increment
Trying gmin =   8.2527E-07 Warning: Further gmin increment
Trying gmin =   8.2539E-07 Note: One successful gmin step
Trying gmin =   8.2533E-07 Note: One successful gmin step
Trying gmin =   8.2524E-07 Warning: Further gmin increment
Trying gmin =   8.2531E-07 Note: One successful gmin step
Trying gmin =   8.2527E-07 Warning: Last gmin step failed
Warning: Dynamic gmin stepping failed
Note: Starting source stepping
Supplies reduced to   0.0000% Note: One successful source step
Supplies reduced to   0.1000% Note: One successful source step
Supplies reduced to   0.2000% Note: One successful source step
Supplies reduced to   0.3500% Note: One successful source step
Supplies reduced to   0.5750% Note: One successful source step
Supplies reduced to   0.9125% Note: One successful source step
Supplies reduced to   1.4188% Note: One successful source step
Supplies reduced to   2.1781% Note: One successful source step
Supplies reduced to   3.3172% Note: One successful source step
Supplies reduced to   5.0258% Note: One successful source step
Supplies reduced to   7.5887% Note: One successful source step
Supplies reduced to  11.4330% Note: One successful source step
Supplies reduced to  17.1995% Note: One successful source step
Supplies reduced to  25.8493% Note: One successful source step
Supplies reduced to  38.8239% Note: One successful source step
Supplies reduced to  45.3112% Supplies reduced to  38.8239% Note: One successful source step
Supplies reduced to  39.4726% Note: One successful source step
Supplies reduced to  40.4457% Note: One successful source step
Supplies reduced to  41.9054% Note: One successful source step
Supplies reduced to  44.0948% Note: One successful source step
Supplies reduced to  47.3791% Supplies reduced to  44.0948% Note: One successful source step
Supplies reduced to  44.5875% Note: One successful source step
Supplies reduced to  45.3264% Note: One successful source step
Supplies reduced to  46.4348% Note: One successful source step
Supplies reduced to  48.0975% Note: One successful source step
Supplies reduced to  50.5914% Note: One successful source step
Supplies reduced to  54.3323% Note: One successful source step
Supplies reduced to  59.9437% Note: One successful source step
Supplies reduced to  68.3608% Note: One successful source step
Supplies reduced to  80.9863% Note: One successful source step
Supplies reduced to  99.9247% Note: One successful source step
Supplies reduced to 100.0000% Note: One successful source step
Note: Source stepping completed
 Reference value :  1.00000e+00Note: Starting true gmin stepping
Trying gmin =   1.0000E-03 Note: One successful gmin step
Trying gmin =   1.0000E-04 Note: One successful gmin step
Trying gmin =   1.0000E-05 Note: One successful gmin step
Trying gmin =   1.0000E-06 Note: One successful gmin step
Trying gmin =   1.0000E-07 Warning: Further gmin increment
Trying gmin =   5.6234E-07 Note: One successful gmin step
Trying gmin =   2.3714E-07 Note: One successful gmin step
Trying gmin =   6.4938E-08 Warning: Further gmin increment
Trying gmin =   1.7154E-07 Note: One successful gmin step
Trying gmin =   1.0554E-07 Warning: Further gmin increment
Trying gmin =   1.5193E-07 Note: One successful gmin step
Trying gmin =   1.2663E-07 Note: One successful gmin step
Trying gmin =   9.6358E-08 Note: One successful gmin step
Trying gmin =   8.4054E-08 Note: One successful gmin step
Trying gmin =   6.8481E-08 Warning: Further gmin increment
Trying gmin =   7.9857E-08 Note: One successful gmin step
Trying gmin =   7.3951E-08 Note: One successful gmin step
Trying gmin =   6.5900E-08 Warning: Further gmin increment
Trying gmin =   7.1850E-08 Note: One successful gmin step
Trying gmin =   6.8811E-08 Warning: Further gmin increment
Trying gmin =   7.1078E-08 Note: One successful gmin step
Trying gmin =   7.0314E-08 Note: One successful gmin step
Trying gmin =   6.9184E-08 Note: One successful gmin step
Trying gmin =   6.7522E-08 Note: One successful gmin step
Trying gmin =   6.5104E-08 Note: One successful gmin step
Trying gmin =   6.1638E-08 Note: One successful gmin step
Trying gmin =   5.6782E-08 Note: One successful gmin step
Trying gmin =   5.0206E-08 Note: One successful gmin step
Trying gmin =   4.1743E-08 Note: One successful gmin step
Trying gmin =   3.1645E-08 Note: One successful gmin step
Trying gmin =   2.0888E-08 Note: One successful gmin step
Trying gmin =   1.1202E-08 Note: One successful gmin step
Trying gmin =   4.3992E-09 Note: One successful gmin step
Trying gmin =   1.0827E-09 Note: One successful gmin step
Trying gmin =   1.3219E-10 Note: One successful gmin step
Trying gmin =   1.3219E-11 Note: One successful gmin step
Trying gmin =   1.3219E-12 Note: One successful gmin step
Trying gmin =   1.0000E-12 Note: One successful gmin step
Note: True gmin stepping completed
 Reference value :  2.80000e+00Note: Starting true gmin stepping
Trying gmin =   1.0000E-03 Note: One successful gmin step
Trying gmin =   1.0000E-04 Note: One successful gmin step
Trying gmin =   1.0000E-05 Note: One successful gmin step
Trying gmin =   1.0000E-06 Note: One successful gmin step
Trying gmin =   1.0000E-07 Note: One successful gmin step
Trying gmin =   1.0000E-08 Warning: Further gmin increment
Trying gmin =   5.6234E-08 Note: One successful gmin step
Trying gmin =   2.3714E-08 Note: One successful gmin step
Trying gmin =   6.4938E-09 Note: One successful gmin step
Trying gmin =   9.3057E-10 Note: One successful gmin step
Trying gmin =   9.3057E-11 Note: One successful gmin step
Trying gmin =   9.3057E-12 Note: One successful gmin step
Trying gmin =   1.0000E-12 Warning: Further gmin increment
Trying gmin =   5.3280E-12 Note: One successful gmin step
Trying gmin =   2.3082E-12 Warning: Further gmin increment
Trying gmin =   4.3226E-12 Warning: Further gmin increment
Trying gmin =   5.0566E-12 Warning: Further gmin increment
Trying gmin =   5.2588E-12 Note: One successful gmin step
Trying gmin =   5.1567E-12 Note: One successful gmin step
Trying gmin =   5.0073E-12 Note: One successful gmin step
Trying gmin =   4.7912E-12 Note: One successful gmin step
Trying gmin =   4.4844E-12 Note: One successful gmin step
Trying gmin =   4.0607E-12 Note: One successful gmin step
Trying gmin =   3.4990E-12 Note: One successful gmin step
Trying gmin =   2.7987E-12 Note: One successful gmin step
Trying gmin =   2.0021E-12 Note: One successful gmin step
Trying gmin =   1.2114E-12 Note: One successful gmin step
Trying gmin =   1.0000E-12 Note: One successful gmin step
Note: True gmin stepping completed
 Reference value :  1.24000e+00Note: Starting true gmin stepping
Trying gmin =   1.0000E-03 Note: One successful gmin step
Trying gmin =   1.0000E-04 Note: One successful gmin step
Trying gmin =   1.0000E-05 Note: One successful gmin step
Trying gmin =   1.0000E-06 Note: One successful gmin step
Trying gmin =   1.0000E-07 Note: One successful gmin step
Trying gmin =   1.0000E-08 Note: One successful gmin step
Trying gmin =   1.0000E-09 Note: One successful gmin step
Trying gmin =   1.0000E-10 Note: One successful gmin step
Trying gmin =   1.0000E-11 Note: One successful gmin step
Trying gmin =   1.0000E-12 Warning: Further gmin increment
Trying gmin =   5.6234E-12 Note: One successful gmin step
Trying gmin =   2.3714E-12 Warning: Further gmin increment
Trying gmin =   4.5316E-12 Note: One successful gmin step
Trying gmin =   3.2781E-12 Warning: Further gmin increment
Trying gmin =   4.1792E-12 Note: One successful gmin step
Trying gmin =   3.7013E-12 Warning: Further gmin increment
Trying gmin =   4.0542E-12 Note: One successful gmin step
Trying gmin =   3.8738E-12 Note: One successful gmin step
Trying gmin =   3.6180E-12 Warning: Further gmin increment
Trying gmin =   3.8082E-12 Note: One successful gmin step
Trying gmin =   3.7119E-12 Warning: Further gmin increment
Trying gmin =   3.7839E-12 Note: One successful gmin step
Trying gmin =   3.7597E-12 Note: One successful gmin step
Trying gmin =   3.7238E-12 Warning: Further gmin increment
Trying gmin =   3.7507E-12 Note: One successful gmin step
Trying gmin =   3.7372E-12 Warning: Further gmin increment
Trying gmin =   3.7473E-12 Note: One successful gmin step
Trying gmin =   3.7423E-12 Note: One successful gmin step
Trying gmin =   3.7347E-12 Note: One successful gmin step
Trying gmin =   3.7234E-12 Note: One successful gmin step
Trying gmin =   3.7064E-12 Note: One successful gmin step
Trying gmin =   3.6812E-12 Note: One successful gmin step
Trying gmin =   3.6436E-12 Note: One successful gmin step
Trying gmin =   3.5880E-12 Note: One successful gmin step
Trying gmin =   3.5061E-12 Note: One successful gmin step
Trying gmin =   3.3868E-12 Note: One successful gmin step
Trying gmin =   3.2155E-12 Note: One successful gmin step
Trying gmin =   2.9745E-12 Note: One successful gmin step
Trying gmin =   2.6465E-12 Note: One successful gmin step
Trying gmin =   2.2211E-12 Note: One successful gmin step
Trying gmin =   1.7077E-12 Note: One successful gmin step
Trying gmin =   1.1512E-12 Note: One successful gmin step
Trying gmin =   1.0000E-12 Note: One successful gmin step
Note: True gmin stepping completed
 Reference value :  1.22000e+00Note: Starting true gmin stepping
Trying gmin =   1.0000E-03 Note: One successful gmin step
Trying gmin =   1.0000E-04 Note: One successful gmin step
Trying gmin =   1.0000E-05 Note: One successful gmin step
Trying gmin =   1.0000E-06 Note: One successful gmin step
Trying gmin =   1.0000E-07 Note: One successful gmin step
Trying gmin =   1.0000E-08 Note: One successful gmin step
Trying gmin =   1.0000E-09 Note: One successful gmin step
Trying gmin =   1.0000E-10 Note: One successful gmin step
Trying gmin =   1.0000E-11 Note: One successful gmin step
Trying gmin =   1.0000E-12 Note: One successful gmin step
Trying gmin =   1.0000E-12 Note: One successful gmin step
Note: True gmin stepping completed
Note: Starting true gmin stepping
Trying gmin =   1.0000E-03 Note: One successful gmin step
Trying gmin =   1.0000E-04 Note: One successful gmin step
Trying gmin =   1.0000E-05 Note: One successful gmin step
Trying gmin =   1.0000E-06 Note: One successful gmin step
Trying gmin =   1.0000E-07 Note: One successful gmin step
Trying gmin =   1.0000E-08 Note: One successful gmin step
Trying gmin =   1.0000E-09 Note: One successful gmin step
Trying gmin =   1.0000E-10 Note: One successful gmin step
Trying gmin =   3.1623E-11 Note: One successful gmin step
Trying gmin =   5.6234E-12 Note: One successful gmin step
Trying gmin =   1.0000E-12 Warning: Further gmin increment
Trying gmin =   3.6517E-12 Note: One successful gmin step
Trying gmin =   1.9110E-12 Note: One successful gmin step
Trying gmin =   1.0000E-12 Warning: Further gmin increment
Trying gmin =   1.6253E-12 Note: One successful gmin step
Trying gmin =   1.2749E-12 Note: One successful gmin step
Trying gmin =   1.0000E-12 Warning: Further gmin increment
Trying gmin =   1.1998E-12 Note: One successful gmin step
Trying gmin =   1.0953E-12 Note: One successful gmin step
Trying gmin =   1.0000E-12 Warning: Further gmin increment
Trying gmin =   1.0707E-12 Note: One successful gmin step
Trying gmin =   1.0347E-12 Note: One successful gmin step
Trying gmin =   1.0000E-12 Warning: Further gmin increment
Trying gmin =   1.0259E-12 Note: One successful gmin step
Trying gmin =   1.0172E-12 Note: One successful gmin step
Trying gmin =   1.0086E-12 Note: One successful gmin step
Trying gmin =   1.0000E-12 Warning: Further gmin increment
Trying gmin =   1.0064E-12 Note: One successful gmin step
Trying gmin =   1.0043E-12 Note: One successful gmin step
Trying gmin =   1.0021E-12 Note: One successful gmin step
Trying gmin =   1.0000E-12 Warning: Further gmin increment
Trying gmin =   1.0016E-12 Note: One successful gmin step
Trying gmin =   1.0011E-12 Note: One successful gmin step
Trying gmin =   1.0008E-12 Note: One successful gmin step
Trying gmin =   1.0007E-12 Warning: Further gmin increment
Trying gmin =   1.0008E-12 Note: One successful gmin step
Trying gmin =   1.0007E-12 Note: One successful gmin step
Trying gmin =   1.0007E-12 Note: One successful gmin step
Trying gmin =   1.0006E-12 Warning: Further gmin increment
Trying gmin =   1.0007E-12 Warning: Last gmin step failed
Warning: True gmin stepping failed
Note: Starting dynamic gmin stepping
Trying gmin =   1.0000E-03 Note: One successful gmin step
Trying gmin =   1.0000E-04 Note: One successful gmin step
Trying gmin =   1.0000E-05 Note: One successful gmin step
Trying gmin =   1.0000E-06 Note: One successful gmin step
Trying gmin =   1.0000E-07 Note: One successful gmin step
Trying gmin =   1.0000E-08 Note: One successful gmin step
Trying gmin =   1.0000E-09 Note: One successful gmin step
Trying gmin =   1.0000E-10 Note: One successful gmin step
Trying gmin =   1.0000E-11 Note: One successful gmin step
Trying gmin =   1.0000E-12 Warning: Further gmin increment
Trying gmin =   5.6234E-12 Note: One successful gmin step
Trying gmin =   2.3714E-12 Warning: Further gmin increment
Trying gmin =   4.5316E-12 Note: One successful gmin step
Trying gmin =   3.2781E-12 Note: One successful gmin step
Trying gmin =   2.0169E-12 Note: One successful gmin step
Trying gmin =   1.0000E-12 Warning: Further gmin increment
Trying gmin =   1.6924E-12 Note: One successful gmin step
Trying gmin =   1.3009E-12 Note: One successful gmin step
Trying gmin =   1.0000E-12 Warning: Further gmin increment
Trying gmin =   1.2181E-12 Note: One successful gmin step
Trying gmin =   1.1037E-12 Note: One successful gmin step
Trying gmin =   1.0000E-12 Warning: Further gmin increment
Trying gmin =   1.0768E-12 Note: One successful gmin step
Trying gmin =   1.0636E-12 Note: One successful gmin step
Trying gmin =   1.0441E-12 Note: One successful gmin step
Trying gmin =   1.0345E-12 Note: One successful gmin step
Trying gmin =   1.0202E-12 Note: One successful gmin step
Trying gmin =   1.0062E-12 Note: One successful gmin step
Trying gmin =   1.0000E-12 Warning: Further gmin increment
Trying gmin =   1.0046E-12 Note: One successful gmin step
Trying gmin =   1.0031E-12 Note: One successful gmin step
Trying gmin =   1.0008E-12 Warning: Further gmin increment
Trying gmin =   1.0025E-12 Note: One successful gmin step
Trying gmin =   1.0016E-12 Warning: Further gmin increment
Trying gmin =   1.0023E-12 Note: One successful gmin step
Trying gmin =   1.0021E-12 Note: One successful gmin step
Trying gmin =   1.0019E-12 Warning: Further gmin increment
Trying gmin =   1.0020E-12 Note: One successful gmin step
Trying gmin =   1.0020E-12 Note: One successful gmin step
Trying gmin =   1.0019E-12 Note: One successful gmin step
Trying gmin =   1.0018E-12 Warning: Further gmin increment
Trying gmin =   1.0019E-12 Note: One successful gmin step
Trying gmin =   1.0019E-12 Note: One successful gmin step
Trying gmin =   1.0018E-12 Warning: Last gmin step failed
Note: Dynamic gmin stepping completed
 Reference value :  8.40000e-01pm                  =  5.247727e+01
Doing analysis at TEMP = 0.000000 and TNOM = 27.000000


No. of Data Rows : 91
psrr100             =  -5.989339e+01
psrr100k            =  -2.629422e+01
Doing analysis at TEMP = 0.000000 and TNOM = 27.000000


No. of Data Rows : 86
temp_coeff = 3.360271e+02
Doing analysis at TEMP = 0.000000 and TNOM = 27.000000


No. of Data Rows : 141
vldo_sup_2          =  1.797683e+00
vldo_sup_2_8        =  1.796593e+00
line_reg = 1.362500e-03
Note: No ".plot", ".print", or ".fourier" lines; no simulations run
vin                 =  1.764096e+00
dropout = 9.600000e-05
