Note: Starting true gmin stepping
Trying gmin =   1.0000E-03 Note: One successful gmin step
Trying gmin =   1.0000E-04 Note: One successful gmin step
Trying gmin =   1.0000E-05 Note: One successful gmin step
Trying gmin =   1.0000E-06 Note: One successful gmin step
Trying gmin =   1.0000E-07 Note: One successful gmin step
Trying gmin =   1.0000E-08 Warning: Further gmin increment
Trying gmin =   5.6234E-08 Note: One successful gmin step
Trying gmin =   2.3714E-08 Note: One successful gmin step
Trying gmin =   6.4938E-09 Warning: Further gmin increment
Trying gmin =   1.7154E-08 Note: One successful gmin step
Trying gmin =   1.0554E-08 Warning: Further gmin increment
Trying gmin =   1.5193E-08 Note: One successful gmin step
Trying gmin =   1.2663E-08 Note: One successful gmin step
Trying gmin =   9.6358E-09 Warning: Further gmin increment
Trying gmin =   1.1827E-08 Warning: Further gmin increment
Trying gmin =   1.2449E-08 Note: One successful gmin step
Trying gmin =   1.2134E-08 Note: One successful gmin step
Trying gmin =   1.1677E-08 Warning: Further gmin increment
Trying gmin =   1.2018E-08 Warning: Further gmin increment
Trying gmin =   1.2105E-08 Warning: Further gmin increment
Trying gmin =   1.2127E-08 Note: One successful gmin step
Trying gmin =   1.2116E-08 Warning: Further gmin increment
Trying gmin =   1.2124E-08 Note: One successful gmin step
Trying gmin =   1.2120E-08 Note: One successful gmin step
Trying gmin =   1.2114E-08 Warning: Further gmin increment
Trying gmin =   1.2118E-08 Warning: Further gmin increment
Trying gmin =   1.2119E-08 Note: One successful gmin step
Trying gmin =   1.2119E-08 Warning: Last gmin step failed
Warning: True gmin stepping failed
Note: Starting dynamic gmin stepping
Trying gmin =   1.0000E-03 Note: One successful gmin step
Trying gmin =   1.0000E-04 Note: One successful gmin step
Trying gmin =   1.0000E-05 Note: One successful gmin step
Trying gmin =   1.0000E-06 Note: One successful gmin step
Trying gmin =   1.0000E-07 Warning: Further gmin increment
Trying gmin =   5.6234E-07 Note: One successful gmin step
Trying gmin =   2.3714E-07 Warning: Further gmin increment
Trying gmin =   4.5316E-07 Note: One successful gmin step
Trying gmin =   4.0679E-07 Note: One successful gmin step
Trying gmin =   3.4599E-07 Note: One successful gmin step
Trying gmin =   2.7139E-07 Note: One successful gmin step
Trying gmin =   1.8853E-07 Warning: Further gmin increment
Trying gmin =   2.4777E-07 Note: One successful gmin step
Trying gmin =   2.1613E-07 Warning: Further gmin increment
Trying gmin =   2.3945E-07 Note: One successful gmin step
Trying gmin =   2.2749E-07 Warning: Further gmin increment
Trying gmin =   2.3640E-07 Note: One successful gmin step
Trying gmin =   2.3190E-07 Note: One successful gmin step
Trying gmin =   2.2532E-07 Warning: Further gmin increment
Trying gmin =   2.3024E-07 Note: One successful gmin step
Trying gmin =   2.2776E-07 Warning: Further gmin increment
Trying gmin =   2.2962E-07 Warning: Further gmin increment
Trying gmin =   2.3008E-07 Warning: Further gmin increment
Trying gmin =   2.3020E-07 Note: One successful gmin step
Trying gmin =   2.3014E-07 Note: One successful gmin step
Trying gmin =   2.3005E-07 Note: One successful gmin step
Trying gmin =   2.3001E-07 Note: One successful gmin step
Trying gmin =   2.2994E-07 Note: One successful gmin step
Trying gmin =   2.2985E-07 Note: One successful gmin step
Trying gmin =   2.2970E-07 Note: One successful gmin step
Trying gmin =   2.2948E-07 Note: One successful gmin step
Trying gmin =   2.2915E-07 Note: One successful gmin step
Trying gmin =   2.2865E-07 Note: One successful gmin step
Trying gmin =   2.2791E-07 Note: One successful gmin step
Trying gmin =   2.2680E-07 Note: One successful gmin step
Trying gmin =   2.2515E-07 Note: One successful gmin step
Trying gmin =   2.2270E-07 Note: One successful gmin step
Trying gmin =   2.1907E-07 Note: One successful gmin step
Trying gmin =   2.1374E-07 Note: One successful gmin step
Trying gmin =   2.0598E-07 Note: One successful gmin step
Trying gmin =   1.9487E-07 Note: One successful gmin step
Trying gmin =   1.7932E-07 Note: One successful gmin step
Trying gmin =   1.5829E-07 Note: One successful gmin step
Trying gmin =   1.3127E-07 Note: One successful gmin step
Trying gmin =   9.9142E-08 Note: One successful gmin step
Trying gmin =   6.5072E-08 Note: One successful gmin step
Trying gmin =   3.4601E-08 Note: One successful gmin step
Trying gmin =   1.3416E-08 Note: One successful gmin step
Trying gmin =   3.2393E-09 Note: One successful gmin step
Trying gmin =   3.8431E-10 Note: One successful gmin step
Trying gmin =   3.8431E-11 Note: One successful gmin step
Trying gmin =   3.8431E-12 Note: One successful gmin step
Trying gmin =   1.0000E-12 Note: One successful gmin step
Note: Dynamic gmin stepping completed
 Reference value :  8.00000e+01Note: Starting true gmin stepping
Trying gmin =   1.0000E-03 Note: One successful gmin step
Trying gmin =   1.0000E-04 Note: One successful gmin step
Trying gmin =   1.0000E-05 Note: One successful gmin step
Trying gmin =   1.0000E-06 Note: One successful gmin step
Trying gmin =   1.0000E-07 Note: One successful gmin step
Trying gmin =   1.0000E-08 Warning: Further gmin increment
Trying gmin =   5.6234E-08 Note: One successful gmin step
Trying gmin =   2.3714E-08 Note: One successful gmin step
Trying gmin =   6.4938E-09 Note: One successful gmin step
Trying gmin =   9.3057E-10 Warning: Further gmin increment
Trying gmin =   3.9954E-09 Warning: Further gmin increment
Trying gmin =   5.7513E-09 Note: One successful gmin step
Trying gmin =   4.7936E-09 Note: One successful gmin step
Trying gmin =   3.6476E-09 Warning: Further gmin increment
Trying gmin =   4.4771E-09 Note: One successful gmin step
Trying gmin =   4.0412E-09 Warning: Further gmin increment
Trying gmin =   4.3639E-09 Note: One successful gmin step
Trying gmin =   4.1994E-09 Note: One successful gmin step
Trying gmin =   3.9643E-09 Warning: Further gmin increment
Trying gmin =   4.1394E-09 Note: One successful gmin step
Trying gmin =   4.0509E-09 Warning: Further gmin increment
Trying gmin =   4.1171E-09 Note: One successful gmin step
Trying gmin =   4.0838E-09 Note: One successful gmin step
Trying gmin =   4.0345E-09 Note: One successful gmin step
Trying gmin =   3.9616E-09 Note: One successful gmin step
Trying gmin =   3.8547E-09 Note: One successful gmin step
Trying gmin =   3.6998E-09 Note: One successful gmin step
Trying gmin =   3.4789E-09 Note: One successful gmin step
Trying gmin =   3.1722E-09 Note: One successful gmin step
Trying gmin =   2.7620E-09 Note: One successful gmin step
Trying gmin =   2.2440E-09 Note: One successful gmin step
Trying gmin =   1.6433E-09 Note: One successful gmin step
Trying gmin =   1.0298E-09 Note: One successful gmin step
Trying gmin =   5.1088E-10 Note: One successful gmin step
Trying gmin =   1.7851E-10 Note: One successful gmin step
Trying gmin =   3.6871E-11 Note: One successful gmin step
Trying gmin =   3.6871E-12 Note: One successful gmin step
Trying gmin =   1.0000E-12 Note: One successful gmin step
Note: True gmin stepping completed
 Reference value :  1.42000e+00Note: Starting true gmin stepping
Trying gmin =   1.0000E-03 Note: One successful gmin step
Trying gmin =   1.0000E-04 Note: One successful gmin step
Trying gmin =   1.0000E-05 Note: One successful gmin step
Trying gmin =   1.0000E-06 Note: One successful gmin step
Trying gmin =   1.0000E-07 Note: One successful gmin step
Trying gmin =   1.0000E-08 Warning: Further gmin increment
Trying gmin =   5.6234E-08 Note: One successful gmin step
Trying gmin =   2.3714E-08 Note: One successful gmin step
Trying gmin =   6.4938E-09 Note: One successful gmin step
Trying gmin =   9.3057E-10 Warning: Further gmin increment
Trying gmin =   3.9954E-09 Warning: Further gmin increment
Trying gmin =   5.7513E-09 Note: One successful gmin step
Trying gmin =   4.7936E-09 Note: One successful gmin step
Trying gmin =   3.9954E-09 Note: One successful gmin step
Trying gmin =   3.0403E-09 Warning: Further gmin increment
Trying gmin =   3.7316E-09 Note: One successful gmin step
Trying gmin =   3.3683E-09 Note: One successful gmin step
Trying gmin =   2.8884E-09 Note: One successful gmin step
Trying gmin =   2.2938E-09 Note: One successful gmin step
Trying gmin =   1.6232E-09 Note: One successful gmin step
Trying gmin =   9.6633E-10 Note: One successful gmin step
Trying gmin =   4.4386E-10 Note: One successful gmin step
Trying gmin =   1.3817E-10 Note: One successful gmin step
Trying gmin =   2.3999E-11 Note: One successful gmin step
Trying gmin =   2.3999E-12 Note: One successful gmin step
Trying gmin =   1.0000E-12 Note: One successful gmin step
Note: True gmin stepping completed
 Reference value :  2.20000e-01
No compatibility mode selected!


Circuit: * ldo netlist 

Doing analysis at TEMP = 27.000000 and TNOM = 27.000000


No. of Data Rows : 81
temp_coeff = 3.358564e+01
Doing analysis at TEMP = 27.000000 and TNOM = 27.000000


No. of Data Rows : 151
vldo_sup_2          =  1.798568e+00
vldo_sup_3          =  1.798257e+00
line_reg = -3.11000e-04
Note: Starting true gmin stepping
Trying gmin =   1.0000E-03 Note: One successful gmin step
Trying gmin =   1.0000E-04 Note: One successful gmin step
Trying gmin =   1.0000E-05 Note: One successful gmin step
Trying gmin =   1.0000E-06 Note: One successful gmin step
Trying gmin =   1.0000E-07 Warning: Further gmin increment
Trying gmin =   5.6234E-07 Note: One successful gmin step
Trying gmin =   2.3714E-07 Note: One successful gmin step
Trying gmin =   6.4938E-08 Warning: Further gmin increment
Trying gmin =   1.7154E-07 Note: One successful gmin step
Trying gmin =   1.0554E-07 Warning: Further gmin increment
Trying gmin =   1.5193E-07 Note: One successful gmin step
Trying gmin =   1.2663E-07 Warning: Further gmin increment
Trying gmin =   1.4517E-07 Note: One successful gmin step
Trying gmin =   1.3558E-07 Note: One successful gmin step
Trying gmin =   1.2238E-07 Note: One successful gmin step
Trying gmin =   1.0495E-07 Note: One successful gmin step
Trying gmin =   8.3340E-08 Note: One successful gmin step
Trying gmin =   5.8977E-08 Note: One successful gmin step
Trying gmin =   3.5110E-08 Note: One successful gmin step
Trying gmin =   1.6127E-08 Note: One successful gmin step
Trying gmin =   5.0203E-09 Note: One successful gmin step
Trying gmin =   8.7195E-10 Warning: Further gmin increment
Trying gmin =   3.2409E-09 Note: One successful gmin step
Trying gmin =   1.6811E-09 Warning: Further gmin increment
Trying gmin =   2.7504E-09 Warning: Further gmin increment
Trying gmin =   3.1106E-09 Warning: Further gmin increment
Trying gmin =   3.2078E-09 Note: One successful gmin step
Trying gmin =   3.1589E-09 Note: One successful gmin step
Trying gmin =   3.0868E-09 Warning: Further gmin increment
Trying gmin =   3.1407E-09 Note: One successful gmin step
Trying gmin =   3.1136E-09 Note: One successful gmin step
Trying gmin =   3.0735E-09 Warning: Further gmin increment
Trying gmin =   3.1035E-09 Warning: Further gmin increment
Trying gmin =   3.1111E-09 Note: One successful gmin step
Trying gmin =   3.1073E-09 Warning: Further gmin increment
Trying gmin =   3.1102E-09 Warning: Further gmin increment
Trying gmin =   3.1109E-09 Warning: Further gmin increment
Trying gmin =   3.1111E-09 Note: One successful gmin step
Trying gmin =   3.1110E-09 Warning: Last gmin step failed
Warning: True gmin stepping failed
Note: Starting dynamic gmin stepping
Trying gmin =   1.0000E-03 Note: One successful gmin step
Trying gmin =   1.0000E-04 Note: One successful gmin step
Trying gmin =   1.0000E-05 Note: One successful gmin step
Trying gmin =   1.0000E-06 Note: One successful gmin step
Trying gmin =   1.0000E-07 Warning: Further gmin increment
Trying gmin =   5.6234E-07 Note: One successful gmin step
Trying gmin =   2.3714E-07 Warning: Further gmin increment
Trying gmin =   4.5316E-07 Note: One successful gmin step
Trying gmin =   3.2781E-07 Warning: Further gmin increment
Trying gmin =   4.1792E-07 Note: One successful gmin step
Trying gmin =   3.7013E-07 Warning: Further gmin increment
Trying gmin =   4.0542E-07 Note: One successful gmin step
Trying gmin =   3.8738E-07 Note: One successful gmin step
Trying gmin =   3.7013E-07 Note: One successful gmin step
Trying gmin =   3.4570E-07 Note: One successful gmin step
Trying gmin =   3.1203E-07 Note: One successful gmin step
Trying gmin =   2.6758E-07 Note: One successful gmin step
Trying gmin =   2.1249E-07 Note: One successful gmin step
Trying gmin =   1.5038E-07 Warning: Further gmin increment
Trying gmin =   1.9490E-07 Note: One successful gmin step
Trying gmin =   1.7119E-07 Warning: Further gmin increment
Trying gmin =   1.8868E-07 Warning: Further gmin increment
Trying gmin =   1.9332E-07 Note: One successful gmin step
Trying gmin =   1.9099E-07 Warning: Further gmin increment
Trying gmin =   1.9274E-07 Note: One successful gmin step
Trying gmin =   1.9186E-07 Warning: Further gmin increment
Trying gmin =   1.9252E-07 Note: One successful gmin step
Trying gmin =   1.9219E-07 Warning: Further gmin increment
Trying gmin =   1.9244E-07 Note: One successful gmin step
Trying gmin =   1.9231E-07 Note: One successful gmin step
Trying gmin =   1.9213E-07 Warning: Further gmin increment
Trying gmin =   1.9227E-07 Note: One successful gmin step
Trying gmin =   1.9220E-07 Warning: Further gmin increment
Trying gmin =   1.9225E-07 Warning: Further gmin increment
Trying gmin =   1.9226E-07 Note: One successful gmin step
Trying gmin =   1.9225E-07 Note: One successful gmin step
Trying gmin =   1.9225E-07 Warning: Further gmin increment
Trying gmin =   1.9225E-07 Warning: Last gmin step failed
Warning: Dynamic gmin stepping failed
Note: Starting source stepping
Supplies reduced to   0.0000% Note: One successful source step
Supplies reduced to   0.1000% Note: One successful source step
Supplies reduced to   0.2000% Note: One successful source step
Supplies reduced to   0.3500% Note: One successful source step
Supplies reduced to   0.5750% Note: One successful source step
Supplies reduced to   0.9125% Note: One successful source step
Supplies reduced to   1.4188% Note: One successful source step
Supplies reduced to   2.1781% Note: One successful source step
Supplies reduced to   3.3172% Note: One successful source step
Supplies reduced to   5.0258% Note: One successful source step
Supplies reduced to   7.5887% Note: One successful source step
Supplies reduced to  11.4330% Note: One successful source step
Supplies reduced to  17.1995% Note: One successful source step
Supplies reduced to  25.8493% Note: One successful source step
Supplies reduced to  38.8239% Note: One successful source step
Supplies reduced to  58.2859% Supplies reduced to  38.8239% Note: One successful source step
Supplies reduced to  39.7970% Note: One successful source step
Supplies reduced to  41.2566% Note: One successful source step
Supplies reduced to  43.4461% Note: One successful source step
Supplies reduced to  46.7303% Note: One successful source step
Supplies reduced to  51.6566% Note: One successful source step
Supplies reduced to  59.0461% Note: One successful source step
Supplies reduced to  70.1303% Note: One successful source step
Supplies reduced to  86.7566% Note: One successful source step
Supplies reduced to 100.0000% Supplies reduced to  86.7566% Note: One successful source step
Supplies reduced to  87.7566% Note: One successful source step
Supplies reduced to  89.2566% Note: One successful source step
Supplies reduced to  91.5066% Note: One successful source step
Supplies reduced to  94.8816% Note: One successful source step
Supplies reduced to  99.9441% Supplies reduced to  94.8816% Note: One successful source step
Supplies reduced to  95.6409% Note: One successful source step
Supplies reduced to  96.7800% Note: One successful source step
Supplies reduced to  98.4886% Supplies reduced to  96.7800% Note: One successful source step
Supplies reduced to  97.0363% Note: One successful source step
Supplies reduced to  97.4207% Note: One successful source step
Supplies reduced to  97.9974% Supplies reduced to  97.4207% Note: One successful source step
Supplies reduced to  97.5072% Note: One successful source step
Supplies reduced to  97.6370% Note: One successful source step
Supplies reduced to  97.8316% Supplies reduced to  97.6370% Note: One successful source step
Supplies reduced to  97.6662% Note: One successful source step
Supplies reduced to  97.7099% Note: One successful source step
Supplies reduced to  97.7756% Supplies reduced to  97.7099% Note: One successful source step
Supplies reduced to  97.7198% Note: One successful source step
Supplies reduced to  97.7346% Note: One successful source step
Supplies reduced to  97.7567% Supplies reduced to  97.7346% Note: One successful source step
Supplies reduced to  97.7379% Note: One successful source step
Supplies reduced to  97.7429% Note: One successful source step
Supplies reduced to  97.7504% Note: One successful source step
Supplies reduced to  97.7616% Supplies reduced to  97.7504% Note: One successful source step
Supplies reduced to  97.7521% Note: One successful source step
Supplies reduced to  97.7546% Supplies reduced to  97.7521% Note: One successful source step
Supplies reduced to  97.7524% Note: One successful source step
Supplies reduced to  97.7530% Note: One successful source step
Supplies reduced to  97.7539% Supplies reduced to  97.7530% Note: One successful source step
Supplies reduced to  97.7531% Note: One successful source step
Supplies reduced to  97.7533% Note: One successful source step
Supplies reduced to  97.7536% Note: One successful source step
Supplies reduced to  97.7540% Supplies reduced to  97.7536% Note: One successful source step
Supplies reduced to  97.7537% Note: One successful source step
Supplies reduced to  97.7538% Note: One successful source step
Supplies reduced to  97.7539% Warning: source stepping failed
doAnalyses: Too many iterations without convergence

ac simulation(s) aborted
Segmentation fault
