 Reference value :  8.50000e+01Note: Starting true gmin stepping
Trying gmin =   1.0000E-03 Note: One successful gmin step
Trying gmin =   1.0000E-04 Note: One successful gmin step
Trying gmin =   1.0000E-05 Note: One successful gmin step
Trying gmin =   3.1623E-06 Note: One successful gmin step
Trying gmin =   5.6234E-07 Note: One successful gmin step
Trying gmin =   5.6234E-08 Warning: Further gmin increment
Trying gmin =   3.1623E-07 Note: One successful gmin step
Trying gmin =   1.3335E-07 Note: One successful gmin step
Trying gmin =   3.6517E-08 Warning: Further gmin increment
Trying gmin =   9.6466E-08 Warning: Further gmin increment
Trying gmin =   1.2298E-07 Warning: Further gmin increment
Trying gmin =   1.3068E-07 Note: One successful gmin step
Trying gmin =   1.2677E-07 Warning: Further gmin increment
Trying gmin =   1.2969E-07 Note: One successful gmin step
Trying gmin =   1.2822E-07 Note: One successful gmin step
Trying gmin =   1.2605E-07 Note: One successful gmin step
Trying gmin =   1.2498E-07 Note: One successful gmin step
Trying gmin =   1.2339E-07 Note: One successful gmin step
Trying gmin =   1.2104E-07 Note: One successful gmin step
Trying gmin =   1.1761E-07 Note: One successful gmin step
Trying gmin =   1.1263E-07 Note: One successful gmin step
Trying gmin =   1.0556E-07 Note: One successful gmin step
Trying gmin =   9.5778E-08 Note: One successful gmin step
Trying gmin =   8.2778E-08 Note: One successful gmin step
Trying gmin =   6.6510E-08 Warning: Further gmin increment
Trying gmin =   7.8371E-08 Note: One successful gmin step
Trying gmin =   7.2197E-08 Warning: Further gmin increment
Trying gmin =   7.6780E-08 Note: One successful gmin step
Trying gmin =   7.5221E-08 Note: One successful gmin step
Trying gmin =   7.2941E-08 Note: One successful gmin step
Trying gmin =   6.9651E-08 Note: One successful gmin step
Trying gmin =   6.4992E-08 Note: One successful gmin step
Trying gmin =   5.8581E-08 Note: One successful gmin step
Trying gmin =   5.0131E-08 Note: One successful gmin step
Trying gmin =   3.9685E-08 Note: One successful gmin step
Trying gmin =   2.7952E-08 Note: One successful gmin step
Trying gmin =   1.6523E-08 Note: One successful gmin step
Trying gmin =   7.5092E-09 Note: One successful gmin step
Trying gmin =   2.3007E-09 Note: One successful gmin step
Trying gmin =   3.9017E-10 Note: One successful gmin step
Trying gmin =   3.9017E-11 Note: One successful gmin step
Trying gmin =   3.9017E-12 Note: One successful gmin step
Trying gmin =   1.0000E-12 Note: One successful gmin step
Note: True gmin stepping completed
 Reference value :  2.80000e+00Note: Starting true gmin stepping
Trying gmin =   1.0000E-03 Note: One successful gmin step
Trying gmin =   1.0000E-04 Note: One successful gmin step
Trying gmin =   1.0000E-05 Note: One successful gmin step
Trying gmin =   1.0000E-06 Note: One successful gmin step
Trying gmin =   1.0000E-07 Note: One successful gmin step
Trying gmin =   1.0000E-08 Note: One successful gmin step
Trying gmin =   3.1623E-09 Note: One successful gmin step
Trying gmin =   5.6234E-10 Note: One successful gmin step
Trying gmin =   5.6234E-11 Note: One successful gmin step
Trying gmin =   5.6234E-12 Note: One successful gmin step
Trying gmin =   1.0000E-12 Note: One successful gmin step
Note: True gmin stepping completed
Note: Starting true gmin stepping
Trying gmin =   1.0000E-03 Note: One successful gmin step
Trying gmin =   1.0000E-04 Note: One successful gmin step
Trying gmin =   1.0000E-05 Note: One successful gmin step
Trying gmin =   1.0000E-06 Note: One successful gmin step
Trying gmin =   1.0000E-07 Note: One successful gmin step
Trying gmin =   1.0000E-08 Warning: Further gmin increment
Trying gmin =   5.6234E-08 Note: One successful gmin step
Trying gmin =   2.3714E-08 Note: One successful gmin step
Trying gmin =   6.4938E-09 Warning: Further gmin increment
Trying gmin =   1.7154E-08 Note: One successful gmin step
Trying gmin =   1.0554E-08 Note: One successful gmin step
Trying gmin =   5.0937E-09 Note: One successful gmin step
Trying gmin =   1.7077E-09 Note: One successful gmin step
Trying gmin =   3.3152E-10 Note: One successful gmin step
Trying gmin =   3.3152E-11 Note: One successful gmin step
Trying gmin =   3.3152E-12 Note: One successful gmin step
Trying gmin =   1.0000E-12 Note: One successful gmin step
Note: True gmin stepping completed
 Reference value :  1.20000e+00Note: Starting true gmin stepping
Trying gmin =   1.0000E-03 Note: One successful gmin step
Trying gmin =   1.0000E-04 Note: One successful gmin step
Trying gmin =   1.0000E-05 Note: One successful gmin step
Trying gmin =   1.0000E-06 Note: One successful gmin step
Trying gmin =   1.0000E-07 Note: One successful gmin step
Trying gmin =   1.0000E-08 Warning: Further gmin increment
Trying gmin =   5.6234E-08 Note: One successful gmin step
Trying gmin =   2.3714E-08 Note: One successful gmin step
Trying gmin =   6.4938E-09 Warning: Further gmin increment
Trying gmin =   1.7154E-08 Note: One successful gmin step
Trying gmin =   1.0554E-08 Note: One successful gmin step
Trying gmin =   5.0937E-09 Warning: Further gmin increment
Trying gmin =   8.7970E-09 Note: One successful gmin step
Trying gmin =   6.6940E-09 Note: One successful gmin step
Trying gmin =   4.4433E-09 Note: One successful gmin step
Trying gmin =   2.4029E-09 Note: One successful gmin step
Trying gmin =   9.5562E-10 Note: One successful gmin step
Trying gmin =   2.3967E-10 Note: One successful gmin step
Trying gmin =   3.0102E-11 Note: One successful gmin step
Trying gmin =   3.0102E-12 Note: One successful gmin step
Trying gmin =   1.0000E-12 Note: One successful gmin step
Note: True gmin stepping completed
 Reference value :  5.80000e-01
No compatibility mode selected!


Circuit: * ldo netlist 

Doing analysis at TEMP = 85.000000 and TNOM = 27.000000


No. of Data Rows : 86
temp_coeff = 3.506344e+01
Doing analysis at TEMP = 85.000000 and TNOM = 27.000000


No. of Data Rows : 141
vldo_sup_2          =  1.806228e+00
vldo_sup_2_8        =  1.808068e+00
line_reg = 2.300000e-03
vin                 =  1.764139e+00
dropout = 1.390000e-04
Doing analysis at TEMP = 85.000000 and TNOM = 27.000000


No. of Data Rows : 91
Note: No ".plot", ".print", or ".fourier" lines; no simulations run
pm                  =  6.635328e+01
Doing analysis at TEMP = 85.000000 and TNOM = 27.000000


No. of Data Rows : 91
psrr100             =  -4.885239e+01
psrr100k            =  -2.555018e+01
