Note: Starting true gmin stepping
Trying gmin =   1.0000E-03 Note: One successful gmin step
Trying gmin =   1.0000E-04 Note: One successful gmin step
Trying gmin =   1.0000E-05 Note: One successful gmin step
Trying gmin =   1.0000E-06 Note: One successful gmin step
Trying gmin =   1.0000E-07 Note: One successful gmin step
Trying gmin =   3.1623E-08 Warning: Further gmin increment
Trying gmin =   7.4989E-08 Note: One successful gmin step
Trying gmin =   4.8697E-08 Warning: Further gmin increment
Trying gmin =   6.7317E-08 Note: One successful gmin step
Trying gmin =   5.7255E-08 Note: One successful gmin step
Trying gmin =   4.4910E-08 Note: One successful gmin step
Trying gmin =   3.9775E-08 Note: One successful gmin step
Trying gmin =   3.3152E-08 Note: One successful gmin step
Trying gmin =   2.5226E-08 Note: One successful gmin step
Trying gmin =   1.6745E-08 Warning: Further gmin increment
Trying gmin =   2.2770E-08 Note: One successful gmin step
Trying gmin =   1.9526E-08 Note: One successful gmin step
Trying gmin =   1.5506E-08 Warning: Further gmin increment
Trying gmin =   1.8433E-08 Note: One successful gmin step
Trying gmin =   1.6906E-08 Warning: Further gmin increment
Trying gmin =   1.8039E-08 Note: One successful gmin step
Trying gmin =   1.7463E-08 Note: One successful gmin step
Trying gmin =   1.6634E-08 Warning: Further gmin increment
Trying gmin =   1.7252E-08 Note: One successful gmin step
Trying gmin =   1.6941E-08 Warning: Further gmin increment
Trying gmin =   1.7174E-08 Warning: Further gmin increment
Trying gmin =   1.7233E-08 Note: One successful gmin step
Trying gmin =   1.7203E-08 Note: One successful gmin step
Trying gmin =   1.7159E-08 Warning: Further gmin increment
Trying gmin =   1.7192E-08 Note: One successful gmin step
Trying gmin =   1.7176E-08 Warning: Further gmin increment
Trying gmin =   1.7188E-08 Note: One successful gmin step
Trying gmin =   1.7182E-08 Warning: Further gmin increment
Trying gmin =   1.7187E-08 Note: One successful gmin step
Trying gmin =   1.7184E-08 Warning: Further gmin increment
Trying gmin =   1.7186E-08 Note: One successful gmin step
Trying gmin =   1.7185E-08 Warning: Further gmin increment
Trying gmin =   1.7186E-08 Note: One successful gmin step
Trying gmin =   1.7185E-08 Note: One successful gmin step
Trying gmin =   1.7185E-08 Warning: Last gmin step failed
Warning: True gmin stepping failed
Note: Starting dynamic gmin stepping
Trying gmin =   1.0000E-03 Note: One successful gmin step
Trying gmin =   1.0000E-04 Note: One successful gmin step
Trying gmin =   1.0000E-05 Note: One successful gmin step
Trying gmin =   1.0000E-06 Warning: Further gmin increment
Trying gmin =   5.6234E-06 Note: One successful gmin step
Trying gmin =   3.1623E-06 Note: One successful gmin step
Trying gmin =   1.3335E-06 Note: One successful gmin step
Trying gmin =   3.6517E-07 Warning: Further gmin increment
Trying gmin =   9.6466E-07 Warning: Further gmin increment
Trying gmin =   1.2298E-06 Warning: Further gmin increment
Trying gmin =   1.3068E-06 Warning: Further gmin increment
Trying gmin =   1.3268E-06 Note: One successful gmin step
Trying gmin =   1.3168E-06 Note: One successful gmin step
Trying gmin =   1.3019E-06 Warning: Further gmin increment
Trying gmin =   1.3130E-06 Warning: Further gmin increment
Trying gmin =   1.3158E-06 Note: One successful gmin step
Trying gmin =   1.3144E-06 Note: One successful gmin step
Trying gmin =   1.3123E-06 Warning: Further gmin increment
Trying gmin =   1.3139E-06 Note: One successful gmin step
Trying gmin =   1.3131E-06 Warning: Further gmin increment
Trying gmin =   1.3137E-06 Note: One successful gmin step
Trying gmin =   1.3134E-06 Warning: Further gmin increment
Trying gmin =   1.3136E-06 Warning: Further gmin increment
Trying gmin =   1.3137E-06 Note: One successful gmin step
Trying gmin =   1.3137E-06 Warning: Last gmin step failed
Warning: Dynamic gmin stepping failed
Note: Starting source stepping
Supplies reduced to   0.0000% Note: One successful source step
Supplies reduced to   0.1000% Note: One successful source step
Supplies reduced to   0.2000% Note: One successful source step
Supplies reduced to   0.3500% Note: One successful source step
Supplies reduced to   0.5750% Note: One successful source step
Supplies reduced to   0.9125% Note: One successful source step
Supplies reduced to   1.4188% Note: One successful source step
Supplies reduced to   2.1781% Note: One successful source step
Supplies reduced to   3.3172% Note: One successful source step
Supplies reduced to   5.0258% Note: One successful source step
Supplies reduced to   7.5887% Note: One successful source step
Supplies reduced to  11.4330% Note: One successful source step
Supplies reduced to  17.1995% Note: One successful source step
Supplies reduced to  25.8493% Note: One successful source step
Supplies reduced to  38.8239% Supplies reduced to  25.8493% Note: One successful source step
Supplies reduced to  26.8493% Note: One successful source step
Supplies reduced to  28.3493% Note: One successful source step
Supplies reduced to  30.5993% Note: One successful source step
Supplies reduced to  33.9743% Note: One successful source step
Supplies reduced to  39.0368% Supplies reduced to  33.9743% Note: One successful source step
Supplies reduced to  34.7336% Note: One successful source step
Supplies reduced to  35.8727% Note: One successful source step
Supplies reduced to  37.5813% Note: One successful source step
Supplies reduced to  39.2899% Note: One successful source step
Supplies reduced to  41.8528% Note: One successful source step
Supplies reduced to  45.6971% Note: One successful source step
Supplies reduced to  51.4636% Supplies reduced to  45.6971% Note: One successful source step
Supplies reduced to  46.5621% Note: One successful source step
Supplies reduced to  47.8596% Note: One successful source step
Supplies reduced to  49.8058% Note: One successful source step
Supplies reduced to  52.7250% Note: One successful source step
Supplies reduced to  57.1040% Note: One successful source step
Supplies reduced to  63.6724% Note: One successful source step
Supplies reduced to  73.5250% Note: One successful source step
Supplies reduced to  88.3039% Note: One successful source step
Supplies reduced to 100.0000% Supplies reduced to  88.3039% Note: One successful source step
Supplies reduced to  89.3039% Note: One successful source step
Supplies reduced to  90.8039% Note: One successful source step
Supplies reduced to  93.0539% Supplies reduced to  90.8039% Note: One successful source step
Supplies reduced to  91.1414% Note: One successful source step
Supplies reduced to  91.6477% Note: One successful source step
Supplies reduced to  92.4070% Note: One successful source step
Supplies reduced to  93.5461% Supplies reduced to  92.4070% Note: One successful source step
Supplies reduced to  92.5779% Note: One successful source step
Supplies reduced to  92.8342% Note: One successful source step
Supplies reduced to  93.2186% Supplies reduced to  92.8342% Note: One successful source step
Supplies reduced to  92.8919% Supplies reduced to  92.8342% Note: One successful source step
Supplies reduced to  92.8428% Note: One successful source step
Supplies reduced to  92.8558% Note: One successful source step
Supplies reduced to  92.8753% Note: One successful source step
Supplies reduced to  92.9045% Supplies reduced to  92.8753% Note: One successful source step
Supplies reduced to  92.8797% Note: One successful source step
Supplies reduced to  92.8862% Supplies reduced to  92.8797% Note: One successful source step
Supplies reduced to  92.8806% Supplies reduced to  92.8797% Note: One successful source step
Supplies reduced to  92.8798% Note: One successful source step
Supplies reduced to  92.8800% Supplies reduced to  92.8798% Note: One successful source step
Supplies reduced to  92.8798% Note: One successful source step
Supplies reduced to  92.8799% Warning: source stepping failed
doAnalyses: Too many iterations without convergence

op simulation(s) aborted
Error(parse.c--checkvalid): bg_out: zero length vector.
Error(parse.c--checkvalid): ldo_out: zero length vector.
Note: Starting true gmin stepping
Trying gmin =   1.0000E-03 Note: One successful gmin step
Trying gmin =   1.0000E-04 Note: One successful gmin step
Trying gmin =   1.0000E-05 Note: One successful gmin step
Trying gmin =   1.0000E-06 Note: One successful gmin step
Trying gmin =   1.0000E-07 Note: One successful gmin step
Trying gmin =   3.1623E-08 Warning: Further gmin increment
Trying gmin =   7.4989E-08 Note: One successful gmin step
Trying gmin =   4.8697E-08 Warning: Further gmin increment
Trying gmin =   6.7317E-08 Note: One successful gmin step
Trying gmin =   5.7255E-08 Note: One successful gmin step
Trying gmin =   4.4910E-08 Warning: Further gmin increment
Trying gmin =   5.3882E-08 Note: One successful gmin step
Trying gmin =   4.9192E-08 Note: One successful gmin step
Trying gmin =   4.2911E-08 Note: One successful gmin step
Trying gmin =   3.4961E-08 Note: One successful gmin step
Trying gmin =   2.5710E-08 Note: One successful gmin step
Trying gmin =   1.6213E-08 Warning: Further gmin increment
Trying gmin =   2.2911E-08 Note: One successful gmin step
Trying gmin =   1.9273E-08 Note: One successful gmin step
Trying gmin =   1.4871E-08 Note: One successful gmin step
Trying gmin =   1.1474E-08 Note: One successful gmin step
Trying gmin =   7.7761E-09 Note: One successful gmin step
Trying gmin =   4.3386E-09 Note: One successful gmin step
Trying gmin =   1.8081E-09 Note: One successful gmin step
Trying gmin =   4.8647E-10 Note: One successful gmin step
Trying gmin =   6.7889E-11 Note: One successful gmin step
Trying gmin =   6.7889E-12 Note: One successful gmin step
Trying gmin =   1.0000E-12 Note: One successful gmin step
Note: True gmin stepping completed
 Reference value :  1.00000e+00
No compatibility mode selected!


Circuit: * ldo netlist 

Doing analysis at TEMP = 0.000000 and TNOM = 27.000000


DC solution failed -

Last Node Voltages
------------------

Node                                   Last Voltage        Previous Iter
----                                   ------------        -------------
inn                                        0.816299             0.816305
mir                                          0.7606             0.760601
vdd                                         1.95048              1.95048
inp                                        0.815493               0.8155
bg_out                                     0.591806             0.591811
net3                                        0.62608             0.626086
net1                                       0.625136             0.625141
net2                                        1.35241              1.35221
net5                                       0.846008             0.846004
net4                                      0.0252633            0.0252655
net6                                       0.917719              0.91772
xc1.a                                             0                    0
xc1.b1                                            0                    0
xr1.xsky130_fd_pr__res_xhigh_po_0p69.ra             0.626791             0.626797
net7                                       0.625277             0.625283
xr2.xsky130_fd_pr__res_xhigh_po_0p69.ra             0.627595               0.6276
xr3.xsky130_fd_pr__res_xhigh_po_0p69.ra           0.00155528           0.00155529
xr4.xsky130_fd_pr__res_xhigh_po_0p69.ra             0.625138             0.625144
xr5.xsky130_fd_pr__res_xhigh_po_0p69.ra           0.00155318            0.0015532
xr6.xsky130_fd_pr__res_xhigh_po_0p69.ra            0.0015702           0.00157022
net9                                         1.0752              1.07519
net10                                   0.000475984          0.000476026
net8                                       0.815913             0.815913
pos                                        0.595317             0.595323
vb                                         0.938139              0.93814
out                                         1.13946              1.13946
ldo_out                                    0.978529             0.978538
net12                                       1.13946              1.13946
xc3.a                                       1.13946              1.13946
xc3.b1                                      1.13946              1.13946
net11                                       1.13946              1.13946
xr7.xsky130_fd_pr__res_xhigh_po_0p69.ra              1.13946              1.13946
xr8.xsky130_fd_pr__res_xhigh_po_0p69.ra             0.597757             0.597762
xr9.xsky130_fd_pr__res_xhigh_po_0p69.ra           0.00247701           0.00247703
net13                                             0                    0
l1#branch                              -1.11402e-17          1.35525e-19
vs#branch                              -8.48698e-05         -8.48707e-05
vt#branch                                         0                    0

Doing analysis at TEMP = 0.000000 and TNOM = 27.000000


No. of Data Rows : 91
Note: Starting true gmin stepping
Trying gmin =   1.0000E-03 Note: One successful gmin step
Trying gmin =   1.0000E-04 Note: One successful gmin step
Trying gmin =   1.0000E-05 Note: One successful gmin step
Trying gmin =   1.0000E-06 Note: One successful gmin step
Trying gmin =   1.0000E-07 Note: One successful gmin step
Trying gmin =   3.1623E-08 Warning: Further gmin increment
Trying gmin =   7.4989E-08 Note: One successful gmin step
Trying gmin =   4.8697E-08 Warning: Further gmin increment
Trying gmin =   6.7317E-08 Note: One successful gmin step
Trying gmin =   5.7255E-08 Note: One successful gmin step
Trying gmin =   4.4910E-08 Warning: Further gmin increment
Trying gmin =   5.3882E-08 Note: One successful gmin step
Trying gmin =   4.9192E-08 Note: One successful gmin step
Trying gmin =   4.2911E-08 Note: One successful gmin step
Trying gmin =   3.4961E-08 Note: One successful gmin step
Trying gmin =   2.5710E-08 Note: One successful gmin step
Trying gmin =   1.6213E-08 Warning: Further gmin increment
Trying gmin =   2.2911E-08 Note: One successful gmin step
Trying gmin =   1.9273E-08 Note: One successful gmin step
Trying gmin =   1.4871E-08 Note: One successful gmin step
Trying gmin =   1.1474E-08 Note: One successful gmin step
Trying gmin =   7.7761E-09 Note: One successful gmin step
Trying gmin =   4.3386E-09 Note: One successful gmin step
Trying gmin =   1.8081E-09 Note: One successful gmin step
Trying gmin =   4.8647E-10 Note: One successful gmin step
Trying gmin =   6.7889E-11 Note: One successful gmin step
Trying gmin =   6.7889E-12 Note: One successful gmin step
Trying gmin =   1.0000E-12 Note: One successful gmin step
Note: True gmin stepping completed
 Reference value :  7.30000e+01Note: Starting true gmin stepping
Trying gmin =   1.0000E-03 Note: One successful gmin step
Trying gmin =   1.0000E-04 Note: One successful gmin step
Trying gmin =   1.0000E-05 Note: One successful gmin step
Trying gmin =   1.0000E-06 Note: One successful gmin step
Trying gmin =   1.0000E-07 Note: One successful gmin step
Trying gmin =   1.0000E-08 Warning: Further gmin increment
Trying gmin =   5.6234E-08 Warning: Further gmin increment
Trying gmin =   8.6596E-08 Warning: Further gmin increment
Trying gmin =   9.6466E-08 Note: One successful gmin step
Trying gmin =   9.1398E-08 Warning: Further gmin increment
Trying gmin =   9.5173E-08 Note: One successful gmin step
Trying gmin =   9.3267E-08 Note: One successful gmin step
Trying gmin =   9.0478E-08 Warning: Further gmin increment
Trying gmin =   9.2562E-08 Note: One successful gmin step
Trying gmin =   9.1514E-08 Warning: Further gmin increment
Trying gmin =   9.2299E-08 Note: One successful gmin step
Trying gmin =   9.1905E-08 Warning: Further gmin increment
Trying gmin =   9.2200E-08 Note: One successful gmin step
Trying gmin =   9.2053E-08 Note: One successful gmin step
Trying gmin =   9.1832E-08 Warning: Further gmin increment
Trying gmin =   9.1997E-08 Note: One successful gmin step
Trying gmin =   9.1915E-08 Warning: Further gmin increment
Trying gmin =   9.1977E-08 Warning: Further gmin increment
Trying gmin =   9.1992E-08 Note: One successful gmin step
Trying gmin =   9.1984E-08 Warning: Further gmin increment
Trying gmin =   9.1990E-08 Note: One successful gmin step
Trying gmin =   9.1987E-08 Warning: Last gmin step failed
Warning: True gmin stepping failed
Note: Starting dynamic gmin stepping
Trying gmin =   1.0000E-03 Note: One successful gmin step
Trying gmin =   1.0000E-04 Note: One successful gmin step
Trying gmin =   1.0000E-05 Note: One successful gmin step
Trying gmin =   1.0000E-06 Warning: Further gmin increment
Trying gmin =   5.6234E-06 Warning: Further gmin increment
Trying gmin =   8.6596E-06 Note: One successful gmin step
Trying gmin =   6.9783E-06 Note: One successful gmin step
Trying gmin =   5.0481E-06 Note: One successful gmin step
Trying gmin =   4.2935E-06 Note: One successful gmin step
Trying gmin =   3.3678E-06 Note: One successful gmin step
Trying gmin =   2.3396E-06 Note: One successful gmin step
Trying gmin =   1.3547E-06 Note: One successful gmin step
Trying gmin =   5.9687E-07 Note: One successful gmin step
Trying gmin =   1.7456E-07 Warning: Further gmin increment
Trying gmin =   4.3893E-07 Note: One successful gmin step
Trying gmin =   2.7680E-07 Warning: Further gmin increment
Trying gmin =   3.9115E-07 Warning: Further gmin increment
Trying gmin =   4.2646E-07 Warning: Further gmin increment
Trying gmin =   4.3578E-07 Note: One successful gmin step
Trying gmin =   4.3110E-07 Note: One successful gmin step
Trying gmin =   4.2416E-07 Warning: Further gmin increment
Trying gmin =   4.2935E-07 Warning: Further gmin increment
Trying gmin =   4.3066E-07 Note: One successful gmin step
Trying gmin =   4.3001E-07 Note: One successful gmin step
Trying gmin =   4.2903E-07 Warning: Further gmin increment
Trying gmin =   4.2976E-07 Note: One successful gmin step
Trying gmin =   4.2939E-07 Warning: Further gmin increment
Trying gmin =   4.2967E-07 Note: One successful gmin step
Trying gmin =   4.2953E-07 Note: One successful gmin step
Trying gmin =   4.2932E-07 Warning: Further gmin increment
Trying gmin =   4.2948E-07 Warning: Further gmin increment
Trying gmin =   4.2952E-07 Note: One successful gmin step
Trying gmin =   4.2950E-07 Warning: Last gmin step failed
Error: -9.06918e+159, 2 out of range for ^
Warning: Dynamic gmin stepping failed
Note: Starting source stepping
Supplies reduced to   0.0000% Note: One successful source step
Supplies reduced to   0.1000% Note: One successful source step
Supplies reduced to   0.2000% Note: One successful source step
Supplies reduced to   0.3500% Note: One successful source step
Supplies reduced to   0.5750% Note: One successful source step
Supplies reduced to   0.9125% Note: One successful source step
Supplies reduced to   1.4188% Note: One successful source step
Supplies reduced to   2.1781% Note: One successful source step
Supplies reduced to   3.3172% Note: One successful source step
Supplies reduced to   5.0258% Note: One successful source step
Supplies reduced to   7.5887% Note: One successful source step
Supplies reduced to  11.4330% Note: One successful source step
Supplies reduced to  17.1995% Note: One successful source step
Supplies reduced to  25.8493% Note: One successful source step
Supplies reduced to  38.8239% Supplies reduced to  25.8493% Note: One successful source step
Supplies reduced to  26.4980% Note: One successful source step
Supplies reduced to  27.4711% Note: One successful source step
Supplies reduced to  28.9307% Note: One successful source step
Supplies reduced to  31.1202% Note: One successful source step
Supplies reduced to  34.4044% Note: One successful source step
Supplies reduced to  39.3307% Supplies reduced to  34.4044% Note: One successful source step
Supplies reduced to  35.1434% Note: One successful source step
Supplies reduced to  36.2518% Note: One successful source step
Supplies reduced to  37.9144% Note: One successful source step
Supplies reduced to  40.4084% Note: One successful source step
Supplies reduced to  44.1493% Note: One successful source step
Supplies reduced to  49.7606% Note: One successful source step
Supplies reduced to  55.3720% Note: One successful source step
Supplies reduced to  63.7891% Note: One successful source step
Supplies reduced to  76.4146% Supplies reduced to  63.7891% Note: One successful source step
Supplies reduced to  64.7891% Note: One successful source step
Supplies reduced to  66.2891% Note: One successful source step
Supplies reduced to  68.5391% Note: One successful source step
Supplies reduced to  71.9141% Supplies reduced to  68.5391% Note: One successful source step
Supplies reduced to  69.0453% Note: One successful source step
Supplies reduced to  69.8047% Supplies reduced to  69.0453% Note: One successful source step
Supplies reduced to  69.1592% Note: One successful source step
Supplies reduced to  69.3301% Note: One successful source step
Supplies reduced to  69.5864% Note: One successful source step
Supplies reduced to  69.9708% Supplies reduced to  69.5864% Note: One successful source step
Supplies reduced to  69.6440% Note: One successful source step
Supplies reduced to  69.7305% Supplies reduced to  69.6440% Note: One successful source step
Supplies reduced to  69.6570% Note: One successful source step
Supplies reduced to  69.6765% Supplies reduced to  69.6570% Note: One successful source step
Supplies reduced to  69.6599% Supplies reduced to  69.6570% Note: One successful source step
Supplies reduced to  69.6574% Note: One successful source step
Supplies reduced to  69.6581% Note: One successful source step
Supplies reduced to  69.6591% Note: One successful source step
Supplies reduced to  69.6606% Supplies reduced to  69.6591% Note: One successful source step
Supplies reduced to  69.6593% Note: One successful source step
Supplies reduced to  69.6596% Note: One successful source step
Supplies reduced to  69.6601% Supplies reduced to  69.6596% Note: One successful source step
Supplies reduced to  69.6597% Note: One successful source step
Supplies reduced to  69.6598% Note: One successful source step
Supplies reduced to  69.6600% Supplies reduced to  69.6598% Note: One successful source step
Supplies reduced to  69.6599% Note: One successful source step
Supplies reduced to  69.6599% Note: One successful source step
Supplies reduced to  69.6599% Warning: source stepping failed
doAnalyses: Too many iterations without convergence

dc simulation(s) aborted
Error(parse.c--checkvalid): vldo_sup_2_8: zero length vector.
Error: RHS "abs((vldo_sup_2_8-vldo_sup_2)/0.8)" invalid
Error(parse.c--checkvalid): line_reg: zero length vector.
Error(parse.c--checkvalid): vin: zero length vector.
Error: RHS "vin-1.764" invalid
Error(parse.c--checkvalid): dropout: zero length vector.
Error: no such vector dropout
Note: No ".plot", ".print", or ".fourier" lines; no simulations run
pm                  =  6.574965e+01
Doing analysis at TEMP = 0.000000 and TNOM = 27.000000


No. of Data Rows : 91
psrr100             =  -5.451190e+01
psrr100k            =  -2.872600e+01
Doing analysis at TEMP = 0.000000 and TNOM = 27.000000


No. of Data Rows : 86
temp_coeff = 5.843938e+01
Doing analysis at TEMP = 0.000000 and TNOM = 27.000000


Error: measure  vldo_sup_2  (AT) : out of interval
 meas dc vldo_sup_2 find ldo_out at=2 failed!


Error: measure  vldo_sup_2_8  (AT) : out of interval
 meas dc vldo_sup_2_8 find ldo_out at=2.8 failed!


Error: measure  vin  (WHEN) : out of interval
 meas dc vin when v(ldo_out)=1.764 failed!

