Note: Starting true gmin stepping
Trying gmin =   1.0000E-03 Note: One successful gmin step
Trying gmin =   1.0000E-04 Note: One successful gmin step
Trying gmin =   1.0000E-05 Note: One successful gmin step
Trying gmin =   1.0000E-06 Warning: Further gmin increment
Trying gmin =   5.6234E-06 Note: One successful gmin step
Trying gmin =   2.3714E-06 Note: One successful gmin step
Trying gmin =   6.4938E-07 Warning: Further gmin increment
Trying gmin =   1.7154E-06 Warning: Further gmin increment
Trying gmin =   2.1870E-06 Note: One successful gmin step
Trying gmin =   1.9369E-06 Note: One successful gmin step
Trying gmin =   1.6144E-06 Note: One successful gmin step
Trying gmin =   1.2284E-06 Note: One successful gmin step
Trying gmin =   8.1541E-07 Note: One successful gmin step
Trying gmin =   4.4097E-07 Note: One successful gmin step
Trying gmin =   1.7537E-07 Note: One successful gmin step
Trying gmin =   4.3983E-08 Note: One successful gmin step
Trying gmin =   5.5241E-09 Warning: Further gmin increment
Trying gmin =   2.6183E-08 Note: One successful gmin step
Trying gmin =   1.2027E-08 Note: One successful gmin step
Trying gmin =   3.7439E-09 Warning: Further gmin increment
Trying gmin =   8.9834E-09 Note: One successful gmin step
Trying gmin =   5.7994E-09 Warning: Further gmin increment
Trying gmin =   8.0524E-09 Note: One successful gmin step
Trying gmin =   6.8337E-09 Note: One successful gmin step
Trying gmin =   5.3425E-09 Warning: Further gmin increment
Trying gmin =   6.4258E-09 Warning: Further gmin increment
Trying gmin =   6.7293E-09 Note: One successful gmin step
Trying gmin =   6.5758E-09 Warning: Further gmin increment
Trying gmin =   6.6906E-09 Note: One successful gmin step
Trying gmin =   6.6330E-09 Note: One successful gmin step
Trying gmin =   6.5474E-09 Warning: Further gmin increment
Trying gmin =   6.6115E-09 Warning: Further gmin increment
Trying gmin =   6.6276E-09 Note: One successful gmin step
Trying gmin =   6.6195E-09 Note: One successful gmin step
Trying gmin =   6.6074E-09 Warning: Further gmin increment
Trying gmin =   6.6165E-09 Warning: Further gmin increment
Trying gmin =   6.6188E-09 Note: One successful gmin step
Trying gmin =   6.6176E-09 Note: One successful gmin step
Trying gmin =   6.6159E-09 Warning: Further gmin increment
Trying gmin =   6.6172E-09 Warning: Further gmin increment
Trying gmin =   6.6175E-09 Note: One successful gmin step
Trying gmin =   6.6174E-09 Warning: Last gmin step failed
Warning: True gmin stepping failed
Note: Starting dynamic gmin stepping
Trying gmin =   1.0000E-03 Note: One successful gmin step
Trying gmin =   1.0000E-04 Note: One successful gmin step
Trying gmin =   1.0000E-05 Note: One successful gmin step
Trying gmin =   1.0000E-06 Warning: Further gmin increment
Trying gmin =   5.6234E-06 Note: One successful gmin step
Trying gmin =   2.3714E-06 Note: One successful gmin step
Trying gmin =   6.4938E-07 Note: One successful gmin step
Trying gmin =   9.3057E-08 Warning: Further gmin increment
Trying gmin =   3.9954E-07 Warning: Further gmin increment
Trying gmin =   5.7513E-07 Note: One successful gmin step
Trying gmin =   5.0937E-07 Note: One successful gmin step
Trying gmin =   4.2455E-07 Note: One successful gmin step
Trying gmin =   3.2306E-07 Warning: Further gmin increment
Trying gmin =   3.9652E-07 Note: One successful gmin step
Trying gmin =   3.5791E-07 Note: One successful gmin step
Trying gmin =   3.0692E-07 Note: One successful gmin step
Trying gmin =   2.8422E-07 Note: One successful gmin step
Trying gmin =   2.5328E-07 Note: One successful gmin step
Trying gmin =   2.1307E-07 Note: One successful gmin step
Trying gmin =   1.6440E-07 Note: One successful gmin step
Trying gmin =   1.1142E-07 Note: One successful gmin step
Trying gmin =   6.2164E-08 Note: One successful gmin step
Trying gmin =   2.5907E-08 Note: One successful gmin step
Trying gmin =   6.9703E-09 Note: One successful gmin step
Trying gmin =   9.7272E-10 Note: One successful gmin step
Trying gmin =   9.7272E-11 Note: One successful gmin step
Trying gmin =   9.7272E-12 Note: One successful gmin step
Trying gmin =   1.0000E-12 Note: One successful gmin step
Note: Dynamic gmin stepping completed
 Reference value :  8.00000e+01Note: Starting true gmin stepping
Trying gmin =   1.0000E-03 Note: One successful gmin step
Trying gmin =   1.0000E-04 Note: One successful gmin step
Trying gmin =   1.0000E-05 Note: One successful gmin step
Trying gmin =   1.0000E-06 Note: One successful gmin step
Trying gmin =   1.0000E-07 Note: One successful gmin step
Trying gmin =   1.0000E-08 Warning: Further gmin increment
Trying gmin =   5.6234E-08 Note: One successful gmin step
Trying gmin =   2.3714E-08 Note: One successful gmin step
Trying gmin =   1.0000E-08 Warning: Further gmin increment
Trying gmin =   1.9110E-08 Note: One successful gmin step
Trying gmin =   1.3824E-08 Note: One successful gmin step
Trying gmin =   8.5053E-09 Note: One successful gmin step
Trying gmin =   4.1047E-09 Note: One successful gmin step
Trying gmin =   1.3762E-09 Note: One successful gmin step
Trying gmin =   2.6715E-10 Note: One successful gmin step
Trying gmin =   2.6715E-11 Note: One successful gmin step
Trying gmin =   2.6715E-12 Note: One successful gmin step
Trying gmin =   1.0000E-12 Note: One successful gmin step
Note: True gmin stepping completed
 Reference value :  1.20000e+00Note: Starting true gmin stepping
Trying gmin =   1.0000E-03 Note: One successful gmin step
Trying gmin =   1.0000E-04 Note: One successful gmin step
Trying gmin =   1.0000E-05 Note: One successful gmin step
Trying gmin =   1.0000E-06 Note: One successful gmin step
Trying gmin =   1.0000E-07 Note: One successful gmin step
Trying gmin =   1.0000E-08 Warning: Further gmin increment
Trying gmin =   5.6234E-08 Note: One successful gmin step
Trying gmin =   2.3714E-08 Note: One successful gmin step
Trying gmin =   6.4938E-09 Warning: Further gmin increment
Trying gmin =   1.7154E-08 Warning: Further gmin increment
Trying gmin =   2.1870E-08 Note: One successful gmin step
Trying gmin =   1.9369E-08 Note: One successful gmin step
Trying gmin =   1.6144E-08 Note: One successful gmin step
Trying gmin =   1.2284E-08 Note: One successful gmin step
Trying gmin =   8.1541E-09 Note: One successful gmin step
Trying gmin =   4.4097E-09 Note: One successful gmin step
Trying gmin =   1.7537E-09 Note: One successful gmin step
Trying gmin =   4.3983E-10 Note: One successful gmin step
Trying gmin =   5.5241E-11 Note: One successful gmin step
Trying gmin =   5.5241E-12 Note: One successful gmin step
Trying gmin =   1.0000E-12 Note: One successful gmin step
Note: True gmin stepping completed

No compatibility mode selected!


Circuit: * ldo netlist 

Doing analysis at TEMP = 85.000000 and TNOM = 27.000000


No. of Data Rows : 81
temp_coeff = 8.269297e+01
Doing analysis at TEMP = 85.000000 and TNOM = 27.000000


No. of Data Rows : 151
vldo_sup_2          =  1.786808e+00
vldo_sup_3          =  1.788944e+00
line_reg = 2.136000e-03
Note: Starting true gmin stepping
Trying gmin =   1.0000E-03 Note: One successful gmin step
Trying gmin =   1.0000E-04 Note: One successful gmin step
Trying gmin =   1.0000E-05 Note: One successful gmin step
Trying gmin =   1.0000E-06 Warning: Further gmin increment
Trying gmin =   5.6234E-06 Note: One successful gmin step
Trying gmin =   2.3714E-06 Note: One successful gmin step
Trying gmin =   6.4938E-07 Note: One successful gmin step
Trying gmin =   3.3982E-07 Note: One successful gmin step
Trying gmin =   1.2864E-07 Warning: Further gmin increment
Trying gmin =   2.6655E-07 Note: One successful gmin step
Trying gmin =   1.8517E-07 Note: One successful gmin step
Trying gmin =   1.0722E-07 Note: One successful gmin step
Trying gmin =   4.7241E-08 Note: One successful gmin step
Trying gmin =   1.3816E-08 Note: One successful gmin step
Trying gmin =   2.1851E-09 Warning: Further gmin increment
Trying gmin =   8.7127E-09 Note: One successful gmin step
Trying gmin =   4.3633E-09 Warning: Further gmin increment
Trying gmin =   7.3294E-09 Warning: Further gmin increment
Trying gmin =   8.3442E-09 Note: One successful gmin step
Trying gmin =   7.8204E-09 Note: One successful gmin step
Trying gmin =   7.0956E-09 Warning: Further gmin increment
Trying gmin =   7.6325E-09 Note: One successful gmin step
Trying gmin =   7.3592E-09 Warning: Further gmin increment
Trying gmin =   7.5633E-09 Warning: Further gmin increment
Trying gmin =   7.6151E-09 Warning: Further gmin increment
Trying gmin =   7.6282E-09 Note: One successful gmin step
Trying gmin =   7.6217E-09 Warning: Further gmin increment
Trying gmin =   7.6265E-09 Note: One successful gmin step
Trying gmin =   7.6241E-09 Note: One successful gmin step
Trying gmin =   7.6204E-09 Warning: Further gmin increment
Trying gmin =   7.6232E-09 Note: One successful gmin step
Trying gmin =   7.6218E-09 Note: One successful gmin step
Trying gmin =   7.6198E-09 Warning: Further gmin increment
Trying gmin =   7.6213E-09 Warning: Further gmin increment
Trying gmin =   7.6217E-09 Note: One successful gmin step
Trying gmin =   7.6215E-09 Warning: Last gmin step failed
Warning: True gmin stepping failed
Note: Starting dynamic gmin stepping
Trying gmin =   1.0000E-03 Note: One successful gmin step
Trying gmin =   1.0000E-04 Note: One successful gmin step
Trying gmin =   1.0000E-05 Note: One successful gmin step
Trying gmin =   1.0000E-06 Warning: Further gmin increment
Trying gmin =   5.6234E-06 Note: One successful gmin step
Trying gmin =   2.3714E-06 Note: One successful gmin step
Trying gmin =   6.4938E-07 Note: One successful gmin step
Trying gmin =   9.3057E-08 Warning: Further gmin increment
Trying gmin =   3.9954E-07 Warning: Further gmin increment
Trying gmin =   5.7513E-07 Note: One successful gmin step
Trying gmin =   5.0937E-07 Note: One successful gmin step
Trying gmin =   4.2455E-07 Note: One successful gmin step
Trying gmin =   3.2306E-07 Warning: Further gmin increment
Trying gmin =   3.9652E-07 Note: One successful gmin step
Trying gmin =   3.5791E-07 Note: One successful gmin step
Trying gmin =   3.0692E-07 Note: One successful gmin step
Trying gmin =   2.4373E-07 Note: One successful gmin step
Trying gmin =   1.7248E-07 Note: One successful gmin step
Trying gmin =   1.0268E-07 Note: One successful gmin step
Trying gmin =   4.7164E-08 Note: One successful gmin step
Trying gmin =   1.4682E-08 Note: One successful gmin step
Trying gmin =   2.5501E-09 Note: One successful gmin step
Trying gmin =   2.5501E-10 Note: One successful gmin step
Trying gmin =   2.5501E-11 Note: One successful gmin step
Trying gmin =   2.5501E-12 Note: One successful gmin step
Trying gmin =   1.0000E-12 Note: One successful gmin step
Note: Dynamic gmin stepping completed
 Reference value :  1.00000e+00Note: No ".plot", ".print", or ".fourier" lines; no simulations run
vin                 =  1.779966e+00
dropout = 1.596600e-02
Doing analysis at TEMP = 85.000000 and TNOM = 27.000000


No. of Data Rows : 91
psrr100             =  -4.554442e+01
psrr100k            =  -2.876385e+01
