Note: Starting true gmin stepping
Trying gmin =   1.0000E-03 Note: One successful gmin step
Trying gmin =   1.0000E-04 Note: One successful gmin step
Trying gmin =   1.0000E-05 Note: One successful gmin step
Trying gmin =   1.0000E-06 Warning: Further gmin increment
Trying gmin =   5.6234E-06 Note: One successful gmin step
Trying gmin =   2.3714E-06 Note: One successful gmin step
Trying gmin =   1.0000E-06 Warning: Further gmin increment
Trying gmin =   1.9110E-06 Note: One successful gmin step
Trying gmin =   1.3824E-06 Note: One successful gmin step
Trying gmin =   8.5053E-07 Note: One successful gmin step
Trying gmin =   4.1047E-07 Note: One successful gmin step
Trying gmin =   1.3762E-07 Note: One successful gmin step
Trying gmin =   4.6138E-08 Note: One successful gmin step
Trying gmin =   8.9567E-09 Note: One successful gmin step
Trying gmin =   8.9567E-10 Warning: Further gmin increment
Trying gmin =   5.0367E-09 Warning: Further gmin increment
Trying gmin =   7.7562E-09 Note: One successful gmin step
Trying gmin =   6.2503E-09 Note: One successful gmin step
Trying gmin =   4.5214E-09 Warning: Further gmin increment
Trying gmin =   5.7642E-09 Note: One successful gmin step
Trying gmin =   5.1051E-09 Warning: Further gmin increment
Trying gmin =   5.5919E-09 Note: One successful gmin step
Trying gmin =   5.3430E-09 Warning: Further gmin increment
Trying gmin =   5.5286E-09 Warning: Further gmin increment
Trying gmin =   5.5760E-09 Note: One successful gmin step
Trying gmin =   5.5522E-09 Note: One successful gmin step
Trying gmin =   5.5168E-09 Warning: Further gmin increment
Trying gmin =   5.5434E-09 Warning: Further gmin increment
Trying gmin =   5.5500E-09 Warning: Further gmin increment
Trying gmin =   5.5517E-09 Note: One successful gmin step
Trying gmin =   5.5509E-09 Note: One successful gmin step
Trying gmin =   5.5496E-09 Warning: Further gmin increment
Trying gmin =   5.5505E-09 Note: One successful gmin step
Trying gmin =   5.5501E-09 Warning: Further gmin increment
Trying gmin =   5.5504E-09 Note: One successful gmin step
Trying gmin =   5.5503E-09 Note: One successful gmin step
Trying gmin =   5.5501E-09 Warning: Last gmin step failed
Warning: True gmin stepping failed
Note: Starting dynamic gmin stepping
Trying gmin =   1.0000E-03 Note: One successful gmin step
Trying gmin =   1.0000E-04 Note: One successful gmin step
Trying gmin =   1.0000E-05 Warning: Further gmin increment
Trying gmin =   5.6234E-05 Note: One successful gmin step
Trying gmin =   2.3714E-05 Note: One successful gmin step
Trying gmin =   6.4938E-06 Note: One successful gmin step
Trying gmin =   9.3057E-07 Note: One successful gmin step
Trying gmin =   9.3057E-08 Warning: Further gmin increment
Trying gmin =   5.2330E-07 Note: One successful gmin step
Trying gmin =   2.2067E-07 Warning: Further gmin increment
Trying gmin =   4.2170E-07 Note: One successful gmin step
Trying gmin =   3.0505E-07 Note: One successful gmin step
Trying gmin =   1.8769E-07 Warning: Further gmin increment
Trying gmin =   2.7017E-07 Warning: Further gmin increment
Trying gmin =   2.9593E-07 Note: One successful gmin step
Trying gmin =   2.8276E-07 Warning: Further gmin increment
Trying gmin =   2.9258E-07 Warning: Further gmin increment
Trying gmin =   2.9509E-07 Note: One successful gmin step
Trying gmin =   2.9383E-07 Warning: Further gmin increment
Trying gmin =   2.9478E-07 Note: One successful gmin step
Trying gmin =   2.9430E-07 Note: One successful gmin step
Trying gmin =   2.9360E-07 Warning: Further gmin increment
Trying gmin =   2.9413E-07 Note: One successful gmin step
Trying gmin =   2.9386E-07 Warning: Further gmin increment
Trying gmin =   2.9406E-07 Note: One successful gmin step
Trying gmin =   2.9396E-07 Warning: Further gmin increment
Trying gmin =   2.9404E-07 Note: One successful gmin step
Trying gmin =   2.9400E-07 Note: One successful gmin step
Trying gmin =   2.9394E-07 Warning: Further gmin increment
Trying gmin =   2.9399E-07 Warning: Last gmin step failed
Warning: Dynamic gmin stepping failed
Note: Starting source stepping
Supplies reduced to   0.0000% Note: One successful source step
Supplies reduced to   0.1000% Note: One successful source step
Supplies reduced to   0.2000% Note: One successful source step
Supplies reduced to   0.3500% Note: One successful source step
Supplies reduced to   0.5750% Note: One successful source step
Supplies reduced to   0.9125% Note: One successful source step
Supplies reduced to   1.4188% Note: One successful source step
Supplies reduced to   2.1781% Note: One successful source step
Supplies reduced to   3.3172% Note: One successful source step
Supplies reduced to   5.0258% Note: One successful source step
Supplies reduced to   7.5887% Note: One successful source step
Supplies reduced to  11.4330% Note: One successful source step
Supplies reduced to  17.1995% Note: One successful source step
Supplies reduced to  25.8493% Note: One successful source step
Supplies reduced to  38.8239% Supplies reduced to  25.8493% Note: One successful source step
Supplies reduced to  26.8493% Note: One successful source step
Supplies reduced to  28.3493% Note: One successful source step
Supplies reduced to  30.5993% Note: One successful source step
Supplies reduced to  33.9743% Note: One successful source step
Supplies reduced to  39.0368% Note: One successful source step
Supplies reduced to  46.6305% Supplies reduced to  39.0368% Note: One successful source step
Supplies reduced to  40.0368% Note: One successful source step
Supplies reduced to  41.5368% Note: One successful source step
Supplies reduced to  43.7868% Note: One successful source step
Supplies reduced to  47.1618% Supplies reduced to  43.7868% Note: One successful source step
Supplies reduced to  44.2930% Note: One successful source step
Supplies reduced to  45.0524% Note: One successful source step
Supplies reduced to  46.1915% Note: One successful source step
Supplies reduced to  47.9000% Note: One successful source step
Supplies reduced to  48.7543% Note: One successful source step
Supplies reduced to  50.0358% Note: One successful source step
Supplies reduced to  51.9580% Note: One successful source step
Supplies reduced to  54.8412% Note: One successful source step
Supplies reduced to  59.1661% Note: One successful source step
Supplies reduced to  65.6534% Note: One successful source step
Supplies reduced to  75.3844% Note: One successful source step
Supplies reduced to  89.9808% Note: One successful source step
Supplies reduced to 100.0000% Supplies reduced to  89.9808% Note: One successful source step
Supplies reduced to  90.9808% Note: One successful source step
Supplies reduced to  92.4808% Note: One successful source step
Supplies reduced to  94.7308% Supplies reduced to  92.4808% Note: One successful source step
Supplies reduced to  92.8183% Note: One successful source step
Supplies reduced to  93.3246% Note: One successful source step
Supplies reduced to  94.0840% Supplies reduced to  93.3246% Note: One successful source step
Supplies reduced to  93.4385% Note: One successful source step
Supplies reduced to  93.6094% Note: One successful source step
Supplies reduced to  93.8656% Note: One successful source step
Supplies reduced to  94.2501% Supplies reduced to  93.8656% Note: One successful source step
Supplies reduced to  93.9233% Note: One successful source step
Supplies reduced to  94.0098% Note: One successful source step
Supplies reduced to  94.1396% Supplies reduced to  94.0098% Note: One successful source step
Supplies reduced to  94.0293% Note: One successful source step
Supplies reduced to  94.0585% Note: One successful source step
Supplies reduced to  94.1023% Supplies reduced to  94.0585% Note: One successful source step
Supplies reduced to  94.0650% Supplies reduced to  94.0585% Note: One successful source step
Supplies reduced to  94.0595% Note: One successful source step
Supplies reduced to  94.0609% Note: One successful source step
Supplies reduced to  94.0631% Note: One successful source step
Supplies reduced to  94.0665% Supplies reduced to  94.0631% Note: One successful source step
Supplies reduced to  94.0636% Supplies reduced to  94.0631% Note: One successful source step
Supplies reduced to  94.0632% Note: One successful source step
Supplies reduced to  94.0633% Supplies reduced to  94.0632% Note: One successful source step
Supplies reduced to  94.0632% Note: One successful source step
Supplies reduced to  94.0633% Note: One successful source step
Supplies reduced to  94.0633% Note: One successful source step
Supplies reduced to  94.0634% Warning: source stepping failed
doAnalyses: Too many iterations without convergence

op simulation(s) aborted
Error(parse.c--checkvalid): bg_out: zero length vector.
Error(parse.c--checkvalid): ldo_out: zero length vector.
Note: Starting true gmin stepping
Trying gmin =   1.0000E-03 Note: One successful gmin step
Trying gmin =   1.0000E-04 Note: One successful gmin step
Trying gmin =   1.0000E-05 Note: One successful gmin step
Trying gmin =   1.0000E-06 Warning: Further gmin increment
Trying gmin =   5.6234E-06 Note: One successful gmin step
Trying gmin =   2.3714E-06 Note: One successful gmin step
Trying gmin =   1.0000E-06 Warning: Further gmin increment
Trying gmin =   1.9110E-06 Note: One successful gmin step
Trying gmin =   1.3824E-06 Note: One successful gmin step
Trying gmin =   8.5053E-07 Note: One successful gmin step
Trying gmin =   4.1047E-07 Note: One successful gmin step
Trying gmin =   1.3762E-07 Note: One successful gmin step
Trying gmin =   4.6138E-08 Note: One successful gmin step
Trying gmin =   8.9567E-09 Note: One successful gmin step
Trying gmin =   8.9567E-10 Warning: Further gmin increment
Trying gmin =   5.0367E-09 Warning: Further gmin increment
Trying gmin =   7.7562E-09 Note: One successful gmin step
Trying gmin =   6.2503E-09 Note: One successful gmin step
Trying gmin =   4.5214E-09 Warning: Further gmin increment
Trying gmin =   5.7642E-09 Note: One successful gmin step
Trying gmin =   5.1051E-09 Warning: Further gmin increment
Trying gmin =   5.5919E-09 Note: One successful gmin step
Trying gmin =   5.3430E-09 Warning: Further gmin increment
Trying gmin =   5.5286E-09 Warning: Further gmin increment
Trying gmin =   5.5760E-09 Note: One successful gmin step
Trying gmin =   5.5522E-09 Warning: Further gmin increment
Trying gmin =   5.5701E-09 Note: One successful gmin step
Trying gmin =   5.5611E-09 Note: One successful gmin step
Trying gmin =   5.5478E-09 Warning: Further gmin increment
Trying gmin =   5.5578E-09 Note: One successful gmin step
Trying gmin =   5.5528E-09 Warning: Further gmin increment
Trying gmin =   5.5566E-09 Warning: Further gmin increment
Trying gmin =   5.5575E-09 Note: One successful gmin step
Trying gmin =   5.5570E-09 Warning: Further gmin increment
Trying gmin =   5.5574E-09 Note: One successful gmin step
Trying gmin =   5.5572E-09 Note: One successful gmin step
Trying gmin =   5.5569E-09 Warning: Further gmin increment
Trying gmin =   5.5571E-09 Warning: Last gmin step failed
Warning: True gmin stepping failed
Note: Starting dynamic gmin stepping
Trying gmin =   1.0000E-03 Note: One successful gmin step
Trying gmin =   1.0000E-04 Note: One successful gmin step
Trying gmin =   1.0000E-05 Warning: Further gmin increment
Trying gmin =   5.6234E-05 Note: One successful gmin step
Trying gmin =   2.3714E-05 Note: One successful gmin step
Trying gmin =   6.4938E-06 Note: One successful gmin step
Trying gmin =   9.3057E-07 Note: One successful gmin step
Trying gmin =   9.3057E-08 Warning: Further gmin increment
Trying gmin =   5.2330E-07 Note: One successful gmin step
Trying gmin =   2.2067E-07 Warning: Further gmin increment
Trying gmin =   4.2170E-07 Note: One successful gmin step
Trying gmin =   3.0505E-07 Note: One successful gmin step
Trying gmin =   1.8769E-07 Warning: Further gmin increment
Trying gmin =   2.7017E-07 Warning: Further gmin increment
Trying gmin =   2.9593E-07 Note: One successful gmin step
Trying gmin =   2.8276E-07 Warning: Further gmin increment
Trying gmin =   2.9258E-07 Warning: Further gmin increment
Trying gmin =   2.9509E-07 Note: One successful gmin step
Trying gmin =   2.9383E-07 Warning: Further gmin increment
Trying gmin =   2.9478E-07 Note: One successful gmin step
Trying gmin =   2.9430E-07 Note: One successful gmin step
Trying gmin =   2.9360E-07 Warning: Further gmin increment
Trying gmin =   2.9413E-07 Note: One successful gmin step
Trying gmin =   2.9386E-07 Warning: Further gmin increment
Trying gmin =   2.9406E-07 Note: One successful gmin step
Trying gmin =   2.9396E-07 Warning: Further gmin increment
Trying gmin =   2.9404E-07 Note: One successful gmin step
Trying gmin =   2.9400E-07 Note: One successful gmin step
Trying gmin =   2.9394E-07 Warning: Further gmin increment
Trying gmin =   2.9399E-07 Warning: Last gmin step failed
Warning: Dynamic gmin stepping failed
Note: Starting source stepping
Supplies reduced to   0.0000% Note: One successful source step
Supplies reduced to   0.1000% Note: One successful source step
Supplies reduced to   0.2000% Note: One successful source step
Supplies reduced to   0.3500% Note: One successful source step
Supplies reduced to   0.5750% Note: One successful source step
Supplies reduced to   0.9125% Note: One successful source step
Supplies reduced to   1.4188% Note: One successful source step
Supplies reduced to   2.1781% Note: One successful source step
Supplies reduced to   3.3172% Note: One successful source step
Supplies reduced to   5.0258% Note: One successful source step
Supplies reduced to   7.5887% Note: One successful source step
Supplies reduced to  11.4330% Note: One successful source step
Supplies reduced to  17.1995% Note: One successful source step
Supplies reduced to  25.8493% Note: One successful source step
Supplies reduced to  38.8239% Supplies reduced to  25.8493% Note: One successful source step
Supplies reduced to  26.8493% Note: One successful source step
Supplies reduced to  28.3493% Note: One successful source step
Supplies reduced to  30.5993% Note: One successful source step
Supplies reduced to  33.9743% Note: One successful source step
Supplies reduced to  39.0368% Note: One successful source step
Supplies reduced to  46.6305% Supplies reduced to  39.0368% Note: One successful source step
Supplies reduced to  40.0368% Note: One successful source step
Supplies reduced to  41.5368% Note: One successful source step
Supplies reduced to  43.7868% Note: One successful source step
Supplies reduced to  47.1618% Supplies reduced to  43.7868% Note: One successful source step
Supplies reduced to  44.2930% Note: One successful source step
Supplies reduced to  45.0524% Note: One successful source step
Supplies reduced to  46.1915% Supplies reduced to  45.0524% Note: One successful source step
Supplies reduced to  45.2233% Note: One successful source step
Supplies reduced to  45.4795% Note: One successful source step
Supplies reduced to  45.8640% Note: One successful source step
Supplies reduced to  46.4406% Note: One successful source step
Supplies reduced to  47.3056% Note: One successful source step
Supplies reduced to  48.6031% Note: One successful source step
Supplies reduced to  50.5493% Note: One successful source step
Supplies reduced to  53.4686% Note: One successful source step
Supplies reduced to  57.8475% Note: One successful source step
Supplies reduced to  64.4159% Note: One successful source step
Supplies reduced to  74.2685% Note: One successful source step
Supplies reduced to  89.0474% Note: One successful source step
Supplies reduced to 100.0000% Supplies reduced to  89.0474% Note: One successful source step
Supplies reduced to  90.0474% Note: One successful source step
Supplies reduced to  91.5474% Note: One successful source step
Supplies reduced to  93.7974% Note: One successful source step
Supplies reduced to  97.1724% Supplies reduced to  93.7974% Note: One successful source step
Supplies reduced to  94.3037% Supplies reduced to  93.7974% Note: One successful source step
Supplies reduced to  93.8734% Note: One successful source step
Supplies reduced to  93.9873% Note: One successful source step
Supplies reduced to  94.1581% Supplies reduced to  93.9873% Note: One successful source step
Supplies reduced to  94.0129% Note: One successful source step
Supplies reduced to  94.0513% Note: One successful source step
Supplies reduced to  94.1090% Supplies reduced to  94.0513% Note: One successful source step
Supplies reduced to  94.0600% Note: One successful source step
Supplies reduced to  94.0730% Supplies reduced to  94.0600% Note: One successful source step
Supplies reduced to  94.0619% Note: One successful source step
Supplies reduced to  94.0649% Supplies reduced to  94.0619% Note: One successful source step
Supplies reduced to  94.0624% Note: One successful source step
Supplies reduced to  94.0630% Note: One successful source step
Supplies reduced to  94.0640% Supplies reduced to  94.0630% Note: One successful source step
Supplies reduced to  94.0632% Note: One successful source step
Supplies reduced to  94.0634% Supplies reduced to  94.0632% Note: One successful source step
Supplies reduced to  94.0632% Note: One successful source step
Supplies reduced to  94.0633% Note: One successful source step
Supplies reduced to  94.0633% Note: One successful source step
Supplies reduced to  94.0635% Warning: source stepping failed

No compatibility mode selected!


Circuit: * ldo netlist 

Doing analysis at TEMP = 0.000000 and TNOM = 27.000000


DC solution failed -

Last Node Voltages
------------------

Node                                   Last Voltage        Previous Iter
----                                   ------------        -------------
inn                                        0.817044             0.817016
mir                                          1.2339               1.2339
vdd                                         2.35158              2.35158
inp                                        0.816708              0.81668
bg_out                                     0.603849             0.603828
net3                                       0.597061             0.597041
net1                                       0.596672             0.596652
net2                                        1.18941              1.19013
net5                                        1.27899              1.27901
net4                                      0.0451733            0.0451608
net6                                       0.875987             0.875984
xc1.a                                             0                    0
xc1.b1                                            0                    0
xr1.xsky130_fd_pr__res_xhigh_po_0p69.ra             0.598104             0.598084
net7                                       0.596727             0.596707
xr2.xsky130_fd_pr__res_xhigh_po_0p69.ra             0.598438             0.598417
xr3.xsky130_fd_pr__res_xhigh_po_0p69.ra           0.00140965            0.0014096
xr4.xsky130_fd_pr__res_xhigh_po_0p69.ra             0.596673             0.596653
xr5.xsky130_fd_pr__res_xhigh_po_0p69.ra           0.00140882           0.00140877
xr6.xsky130_fd_pr__res_xhigh_po_0p69.ra           0.00142645            0.0014264
net9                                        1.48787              1.48789
net10                                    0.00147091           0.00147037
net8                                        1.28832              1.28833
pos                                        0.606221               0.6062
vb                                         0.877603               0.8776
out                                         1.14999                 1.15
ldo_out                                     0.91199             0.911959
net12                                       1.14999                 1.15
xc3.a                                       1.14999                 1.15
xc3.b1                                      1.14999                 1.15
net11                                       1.14999                 1.15
xr7.xsky130_fd_pr__res_xhigh_po_0p69.ra              1.14999                 1.15
xr8.xsky130_fd_pr__res_xhigh_po_0p69.ra             0.608667             0.608646
xr9.xsky130_fd_pr__res_xhigh_po_0p69.ra           0.00249677           0.00249668
net13                                             0                    0
l1#branch                                         0                    0
vs#branch                                -0.0507233           -0.0507216
vt#branch                                         0                    0

Doing analysis at TEMP = 0.000000 and TNOM = 27.000000


AC operating point failed -

Last Node Voltages
------------------

Node                                   Last Voltage        Previous Iter
----                                   ------------        -------------
inn                                        0.817042             0.816724
mir                                          1.2339              1.23394
vdd                                         2.35158              2.35159
inp                                        0.816706             0.816387
bg_out                                     0.603848             0.603608
net3                                        0.59706             0.596828
net1                                       0.596671             0.596439
net2                                        1.18946              1.19767 *
net5                                        1.27899        doAnalyses: Too many iterations without convergence

ac simulation(s) aborted
Error(parse.c--checkvalid): out: zero length vector.
Error: RHS "(180/pi)*vp(out)" invalid
Error: measure limited to tran, dc, sp, or ac analysis
Error: no such vector PM
Note: Starting true gmin stepping
Trying gmin =   1.0000E-03 Note: One successful gmin step
Trying gmin =   1.0000E-04 Note: One successful gmin step
Trying gmin =   1.0000E-05 Note: One successful gmin step
Trying gmin =   1.0000E-06 Warning: Further gmin increment
Trying gmin =   5.6234E-06 Note: One successful gmin step
Trying gmin =   2.3714E-06 Note: One successful gmin step
Trying gmin =   1.0000E-06 Warning: Further gmin increment
Trying gmin =   1.9110E-06 Note: One successful gmin step
Trying gmin =   1.3824E-06 Note: One successful gmin step
Trying gmin =   8.5053E-07 Note: One successful gmin step
Trying gmin =   4.1047E-07 Note: One successful gmin step
Trying gmin =   1.3762E-07 Note: One successful gmin step
Trying gmin =   4.6138E-08 Note: One successful gmin step
Trying gmin =   8.9567E-09 Note: One successful gmin step
Trying gmin =   8.9567E-10 Warning: Further gmin increment
Trying gmin =   5.0367E-09 Warning: Further gmin increment
Trying gmin =   7.7562E-09 Note: One successful gmin step
Trying gmin =   6.2503E-09 Note: One successful gmin step
Trying gmin =   4.5214E-09 Warning: Further gmin increment
Trying gmin =   5.7642E-09 Note: One successful gmin step
Trying gmin =   5.1051E-09 Warning: Further gmin increment
Trying gmin =   5.5919E-09 Note: One successful gmin step
Trying gmin =   5.3430E-09 Warning: Further gmin increment
Trying gmin =   5.5286E-09 Warning: Further gmin increment
Trying gmin =   5.5760E-09 Note: One successful gmin step
Trying gmin =   5.5522E-09 Warning: Further gmin increment
Trying gmin =   5.5701E-09 Note: One successful gmin step
Trying gmin =   5.5611E-09 Note: One successful gmin step
Trying gmin =   5.5478E-09 Warning: Further gmin increment
Trying gmin =   5.5578E-09 Note: One successful gmin step
Trying gmin =   5.5528E-09 Warning: Further gmin increment
Trying gmin =   5.5566E-09 Warning: Further gmin increment
Trying gmin =   5.5575E-09 Note: One successful gmin step
Trying gmin =   5.5570E-09 Warning: Further gmin increment
Trying gmin =   5.5574E-09 Note: One successful gmin step
Trying gmin =   5.5572E-09 Note: One successful gmin step
Trying gmin =   5.5569E-09 Warning: Further gmin increment
Trying gmin =   5.5571E-09 Warning: Last gmin step failed
Warning: True gmin stepping failed
Note: Starting dynamic gmin stepping
Trying gmin =   1.0000E-03 Note: One successful gmin step
Trying gmin =   1.0000E-04 Note: One successful gmin step
Trying gmin =   1.0000E-05 Warning: Further gmin increment
Trying gmin =   5.6234E-05 Note: One successful gmin step
Trying gmin =   2.3714E-05 Note: One successful gmin step
Trying gmin =   6.4938E-06 Note: One successful gmin step
Trying gmin =   9.3057E-07 Note: One successful gmin step
Trying gmin =   9.3057E-08 Warning: Further gmin increment
Trying gmin =   5.2330E-07 Note: One successful gmin step
Trying gmin =   2.2067E-07 Warning: Further gmin increment
Trying gmin =   4.2170E-07 Note: One successful gmin step
Trying gmin =   3.0505E-07 Note: One successful gmin step
Trying gmin =   1.8769E-07 Warning: Further gmin increment
Trying gmin =   2.7017E-07 Warning: Further gmin increment
Trying gmin =   2.9593E-07 Note: One successful gmin step
Trying gmin =   2.8276E-07 Warning: Further gmin increment
Trying gmin =   2.9258E-07 Warning: Further gmin increment
Trying gmin =   2.9509E-07 Note: One successful gmin step
Trying gmin =   2.9383E-07 Warning: Further gmin increment
Trying gmin =   2.9478E-07 Note: One successful gmin step
Trying gmin =   2.9430E-07 Note: One successful gmin step
Trying gmin =   2.9360E-07 Warning: Further gmin increment
Trying gmin =   2.9413E-07 Note: One successful gmin step
Trying gmin =   2.9386E-07 Warning: Further gmin increment
Trying gmin =   2.9406E-07 Note: One successful gmin step
Trying gmin =   2.9396E-07 Warning: Further gmin increment
Trying gmin =   2.9404E-07 Note: One successful gmin step
Trying gmin =   2.9400E-07 Note: One successful gmin step
Trying gmin =   2.9394E-07 Warning: Further gmin increment
Trying gmin =   2.9399E-07 Warning: Last gmin step failed
Warning: Dynamic gmin stepping failed
Note: Starting source stepping
Supplies reduced to   0.0000% Note: One successful source step
Supplies reduced to   0.1000% Note: One successful source step
Supplies reduced to   0.2000% Note: One successful source step
Supplies reduced to   0.3500% Note: One successful source step
Supplies reduced to   0.5750% Note: One successful source step
Supplies reduced to   0.9125% Note: One successful source step
Supplies reduced to   1.4188% Note: One successful source step
Supplies reduced to   2.1781% Note: One successful source step
Supplies reduced to   3.3172% Note: One successful source step
Supplies reduced to   5.0258% Note: One successful source step
Supplies reduced to   7.5887% Note: One successful source step
Supplies reduced to  11.4330% Note: One successful source step
Supplies reduced to  17.1995% Note: One successful source step
Supplies reduced to  25.8493% Note: One successful source step
Supplies reduced to  38.8239% Supplies reduced to  25.8493% Note: One successful source step
Supplies reduced to  26.8493% Note: One successful source step
Supplies reduced to  28.3493% Note: One successful source step
Supplies reduced to  30.5993% Note: One successful source step
Supplies reduced to  33.9743% Note: One successful source step
Supplies reduced to  39.0368% Note: One successful source step
Supplies reduced to  46.6305% Supplies reduced to  39.0368% Note: One successful source step
Supplies reduced to  40.0368% Note: One successful source step
Supplies reduced to  41.5368% Note: One successful source step
Supplies reduced to  43.7868% Note: One successful source step
Supplies reduced to  47.1618% Supplies reduced to  43.7868% Note: One successful source step
Supplies reduced to  44.2930% Note: One successful source step
Supplies reduced to  45.0524% Note: One successful source step
Supplies reduced to  46.1915% Supplies reduced to  45.0524% Note: One successful source step
Supplies reduced to  45.2233% Note: One successful source step
Supplies reduced to  45.4795% Note: One successful source step
Supplies reduced to  45.8640% Note: One successful source step
Supplies reduced to  46.4406% Note: One successful source step
Supplies reduced to  47.3056% Note: One successful source step
Supplies reduced to  48.6031% Note: One successful source step
Supplies reduced to  50.5493% Note: One successful source step
Supplies reduced to  53.4686% Note: One successful source step
Supplies reduced to  57.8475% Note: One successful source step
Supplies reduced to  64.4159% Note: One successful source step
Supplies reduced to  74.2685% Note: One successful source step
Supplies reduced to  89.0474% Note: One successful source step
Supplies reduced to 100.0000% Supplies reduced to  89.0474% Note: One successful source step
Supplies reduced to  90.0474% Note: One successful source step
Supplies reduced to  91.5474% Note: One successful source step
Supplies reduced to  93.7974% Note: One successful source step
Supplies reduced to  97.1724% Supplies reduced to  93.7974% Note: One successful source step
Supplies reduced to  94.3037% Supplies reduced to  93.7974% Note: One successful source step
Supplies reduced to  93.8734% Note: One successful source step
Supplies reduced to  93.9873% Note: One successful source step
Supplies reduced to  94.1581% Supplies reduced to  93.9873% Note: One successful source step
Supplies reduced to  94.0129% Note: One successful source step
Supplies reduced to  94.0513% Note: One successful source step
Supplies reduced to  94.1090% Supplies reduced to  94.0513% Note: One successful source step
Supplies reduced to  94.0600% Note: One successful source step
Supplies reduced to  94.0730% Supplies reduced to  94.0600% Note: One successful source step
Supplies reduced to  94.0619% Note: One successful source step
Supplies reduced to  94.0649% Supplies reduced to  94.0619% Note: One successful source step
Supplies reduced to  94.0624% Note: One successful source step
Supplies reduced to  94.0630% Note: One successful source step
Supplies reduced to  94.0640% Supplies reduced to  94.0630% Note: One successful source step
Supplies reduced to  94.0632% Note: One successful source step
Supplies reduced to  94.0634% Supplies reduced to  94.0632% Note: One successful source step
Supplies reduced to  94.0632% Note: One successful source step
Supplies reduced to  94.0633% Note: One successful source step
Supplies reduced to  94.0633% Note: One successful source step
Supplies reduced to  94.0635% Warning: source stepping failed
      1.27918
net4                                      0.0451725            0.0450302 *
net6                                       0.875987              0.87596
xc1.a                                             0                    0
xc1.b1                                            0                    0
xr1.xsky130_fd_pr__res_xhigh_po_0p69.ra             0.598103              0.59787
net7                                       0.596726             0.596494
xr2.xsky130_fd_pr__res_xhigh_po_0p69.ra             0.598436             0.598204
xr3.xsky130_fd_pr__res_xhigh_po_0p69.ra           0.00140965           0.00140907
xr4.xsky130_fd_pr__res_xhigh_po_0p69.ra             0.596672              0.59644
xr5.xsky130_fd_pr__res_xhigh_po_0p69.ra           0.00140882           0.00140825
xr6.xsky130_fd_pr__res_xhigh_po_0p69.ra           0.00142645           0.00142585
net9                                        1.48787              1.48807
net10                                    0.00147087           0.00146481 *
net8                                        1.28832              1.28835
pos                                         0.60622             0.605982
vb                                         0.877603             0.877575
out                                         1.14999              1.15007
ldo_out                                    0.911988             0.911631
net12                                       1.14999              1.15007
xc3.a                                       1.14999              1.15007
xc3.b1                                      1.14999              1.15007
net11                                       1.14999              1.15007
xr7.xsky130_fd_pr__res_xhigh_po_0p69.ra              1.14999              1.15007
xr8.xsky130_fd_pr__res_xhigh_po_0p69.ra             0.608666             0.608427
xr9.xsky130_fd_pr__res_xhigh_po_0p69.ra           0.00249677           0.00249574
net13                                             0                    0
l1#branch                                         0                    0
vs#branch                                -0.0507232           -0.0507033
vt#branch                                         0                    0

 meas ac pm find ph when vdb(out)=0 failed!

Doing analysis at TEMP = 0.000000 and TNOM = 27.000000


AC operating point failed -

Last Node Voltages
------------------

Node                                   Last Voltage        Previous Iter
----                                   ------------        -------------
inn                                        0.817042             0.816724
mir                                          1.2339              1.23394
vdd                                         2.35158              2.35159
inp                                        0.816706             0.816387
bg_out                                     0.603848             0.603608
net3                                        0.59706             0.596828
net1                                       0.596671             0.596439
net2                                        1.18946              1.19767 *
net5                                        1.27899              1.27918
net4                                      0.0451725            0.0450302 *
net6                                       0.875987              0.87596
xc1.a                                             0                    0
xc1.b1                                            0                    0
xr1.xsky130_fd_pr__res_xhigh_po_0p69.ra             0.598103              0.59787
net7                                       0.596726             0.596494
xr2.xsky130_fd_pr__res_xhigh_po_0p69.ra             0.598436             0.598204
xr3.xsky130_fd_pr__res_xhigh_po_0p69.ra           0.00140965           0.00140907
xr4.xsky130_fd_pr__res_xhigh_po_0p69.ra             0.596672              0.59644
xr5.xsky130_fd_pr__res_xhigh_po_0p69.ra           0.00140882           0.00140825
xr6.xsky130_fd_pr__res_xhigh_po_0p69.ra           0.00142645           0.00142585
net9                                        1doAnalyses: Too many iterations without convergence

ac simulation(s) aborted
Error: measure limited to tran, dc, sp, or ac analysis
Error: measure limited to tran, dc, sp, or ac analysis
Error: no such vector PSRR100
 Reference value :  8.50000e+01Note: Starting true gmin stepping
Trying gmin =   1.0000E-03 Note: One successful gmin step
Trying gmin =   1.0000E-04 Note: One successful gmin step
Trying gmin =   1.0000E-05 Note: One successful gmin step
Trying gmin =   1.0000E-06 Note: One successful gmin step
Trying gmin =   1.0000E-07 Note: One successful gmin step
Trying gmin =   1.0000E-08 Warning: Further gmin increment
Trying gmin =   5.6234E-08 Note: One successful gmin step
Trying gmin =   2.3714E-08 Warning: Further gmin increment
Trying gmin =   4.5316E-08 Note: One successful gmin step
Trying gmin =   3.2781E-08 Warning: Further gmin increment
Trying gmin =   4.1792E-08 Note: One successful gmin step
Trying gmin =   3.7013E-08 Warning: Further gmin increment
Trying gmin =   4.0542E-08 Note: One successful gmin step
Trying gmin =   3.8738E-08 Warning: Further gmin increment
Trying gmin =   4.0084E-08 Warning: Further gmin increment
Trying gmin =   4.0427E-08 Note: One successful gmin step
Trying gmin =   4.0255E-08 Warning: Further gmin increment
Trying gmin =   4.0384E-08 Note: One successful gmin step
Trying gmin =   4.0320E-08 Note: One successful gmin step
Trying gmin =   4.0223E-08 Warning: Further gmin increment
Trying gmin =   4.0295E-08 Note: One successful gmin step
Trying gmin =   4.0259E-08 Warning: Further gmin increment
Trying gmin =   4.0286E-08 Warning: Further gmin increment
Trying gmin =   4.0293E-08 Note: One successful gmin step
Trying gmin =   4.0290E-08 Note: One successful gmin step
Trying gmin =   4.0285E-08 Warning: Further gmin increment
Trying gmin =   4.0288E-08 Note: One successful gmin step
Trying gmin =   4.0286E-08 Warning: Last gmin step failed
Warning: True gmin stepping failed
Note: Starting dynamic gmin stepping
Trying gmin =   1.0000E-03 Note: One successful gmin step
Trying gmin =   1.0000E-04 Note: One successful gmin step
Trying gmin =   1.0000E-05 Warning: Further gmin increment
Trying gmin =   5.6234E-05 Note: One successful gmin step
Trying gmin =   2.3714E-05 Note: One successful gmin step
Trying gmin =   6.4938E-06 Warning: Further gmin increment
Trying gmin =   1.7154E-05 Note: One successful gmin step
Trying gmin =   1.0554E-05 Note: One successful gmin step
Trying gmin =   5.0937E-06 Note: One successful gmin step
Trying gmin =   2.4582E-06 Note: One successful gmin step
Trying gmin =   1.7077E-06 Note: One successful gmin step
Trying gmin =   9.8882E-07 Note: One successful gmin step
Trying gmin =   4.3567E-07 Note: One successful gmin step
Trying gmin =   1.2742E-07 Warning: Further gmin increment
Trying gmin =   3.2039E-07 Note: One successful gmin step
Trying gmin =   2.0205E-07 Note: One successful gmin step
Trying gmin =   1.0118E-07 Warning: Further gmin increment
Trying gmin =   1.6997E-07 Warning: Further gmin increment
Trying gmin =   1.9350E-07 Note: One successful gmin step
Trying gmin =   1.8135E-07 Warning: Further gmin increment
Trying gmin =   1.9039E-07 Note: One successful gmin step
Trying gmin =   1.8582E-07 Note: One successful gmin step
Trying gmin =   1.7916E-07 Warning: Further gmin increment
Trying gmin =   1.8413E-07 Warning: Further gmin increment
Trying gmin =   1.8539E-07 Note: One successful gmin step
Trying gmin =   1.8476E-07 Warning: Further gmin increment
Trying gmin =   1.8523E-07 Note: One successful gmin step
Trying gmin =   1.8500E-07 Warning: Further gmin increment
Trying gmin =   1.8517E-07 Note: One successful gmin step
Trying gmin =   1.8509E-07 Warning: Further gmin increment
Trying gmin =   1.8515E-07 Note: One successful gmin step
Trying gmin =   1.8512E-07 Note: One successful gmin step
Trying gmin =   1.8507E-07 Warning: Further gmin increment
Trying gmin =   1.8511E-07 Note: One successful gmin step
Trying gmin =   1.8509E-07 Warning: Further gmin increment
Trying gmin =   1.8510E-07 Note: One successful gmin step
Trying gmin =   1.8509E-07 Warning: Last gmin step failed
Warning: Dynamic gmin stepping failed
Note: Starting source stepping
Supplies reduced to   0.0000% Note: One successful source step
Supplies reduced to   0.1000% Note: One successful source step
Supplies reduced to   0.2000% Note: One successful source step
Supplies reduced to   0.3500% Note: One successful source step
Supplies reduced to   0.5750% Note: One successful source step
Supplies reduced to   0.9125% Note: One successful source step
Supplies reduced to   1.4188% Note: One successful source step
Supplies reduced to   2.1781% Note: One successful source step
Supplies reduced to   3.3172% Note: One successful source step
Supplies reduced to   5.0258% Note: One successful source step
Supplies reduced to   7.5887% Note: One successful source step
Supplies reduced to  11.4330% Note: One successful source step
Supplies reduced to  17.1995% Note: One successful source step
Supplies reduced to  25.8493% Supplies reduced to  17.1995% Note: One successful source step
Supplies reduced to  18.1995% Note: One successful source step
Supplies reduced to  19.6995% Note: One successful source step
Supplies reduced to  21.9495% Note: One successful source step
Supplies reduced to  25.3245% Note: One successful source step
Supplies reduced to  30.3870% Note: One successful source step
Supplies reduced to  35.4495% Note: One successful source step
Supplies reduced to  43.0433% Supplies reduced to  35.4495% Note: One successful source step
Supplies reduced to  36.4495% Note: One successful source step
Supplies reduced to  37.9495% Note: One successful source step
Supplies reduced to  40.1995% Note: One successful source step
Supplies reduced to  42.4495% Supplies reduced to  40.1995% Note: One successful source step
Supplies reduced to  40.5370% Supplies reduced to  40.1995% Note: One successful source step
Supplies reduced to  40.2501% Note: One successful source step
Supplies reduced to  40.3261% Note: One successful source step
Supplies reduced to  40.4400% Note: One successful source step
Supplies reduced to  40.6108% Note: One successful source step
Supplies reduced to  40.8671% Note: One successful source step
Supplies reduced to  41.2516% Note: One successful source step
Supplies reduced to  41.8282% Note: One successful source step
Supplies reduced to  42.6932% Note: One successful source step
Supplies reduced to  43.9907% Note: One successful source step
Supplies reduced to  45.9368% Note: One successful source step
Supplies reduced to  48.8561% Note: One successful source step
Supplies reduced to  53.2351% Note: One successful source step
Supplies reduced to  59.8035% Note: One successful source step
Supplies reduced to  69.6561% Note: One successful source step
Supplies reduced to  84.4350% Supplies reduced to  69.6561% Note: One successful source step
Supplies reduced to  70.6561% Note: One successful source step
Supplies reduced to  72.1561% Note: One successful source step
Supplies reduced to  74.4061% Note: One successful source step
Supplies reduced to  77.7811% Note: One successful source step
Supplies reduced to  82.8436% Note: One successful source step
Supplies reduced to  90.4373% Supplies reduced to  82.8436% Note: One successful source step
Supplies reduced to  83.8436% Note: One successful source step
Supplies reduced to  85.3436% Supplies reduced to  83.8436% Note: One successful source step
Supplies reduced to  84.0686% Supplies reduced to  83.8436% Note: One successful source step
Supplies reduced to  83.8773% Note: One successful source step
Supplies reduced to  83.9280% Note: One successful source step
Supplies reduced to  84.0039% Supplies reduced to  83.9280% Note: One successful source step
Supplies reduced to  83.9394% Note: One successful source step
Supplies reduced to  83.9565% Note: One successful source step
Supplies reduced to  83.9821% Note: One successful source step
Supplies reduced to  84.0205% Supplies reduced to  83.9821% Note: One successful source step
Supplies reduced to  83.9878% Supplies reduced to  83.9821% Note: One successful source step
Supplies reduced to  83.9829% Note: One successful source step
Supplies reduced to  83.9842% Note: One successful source step
Supplies reduced to  83.9862% Supplies reduced to  83.9842% Note: One successful source step
Supplies reduced to  83.9845% Note: One successful source step
Supplies reduced to  83.9850% Note: One successful source step
Supplies reduced to  83.9856% Supplies reduced to  83.9850% Note: One successful source step
Supplies reduced to  83.9851% Note: One successful source step
Supplies reduced to  83.9852% Supplies reduced to  83.9851% Note: One successful source step
Supplies reduced to  83.9851% Note: One successful source step
Supplies reduced to  83.9851% Warning: source stepping failed
doAnalyses: Too many iterations without convergence

dc simulation(s) aborted
Error(parse.c--checkvalid): vldo_sup_2_8: zero length vector.
Error: RHS "abs((vldo_sup_2_8-vldo_sup_2)/0.8)" invalid
Error(parse.c--checkvalid): line_reg: zero length vector.
Error(parse.c--checkvalid): vin: zero length vector.
Error: RHS "vin-1.764" invalid
Error(parse.c--checkvalid): dropout: zero length vector.
Error: no such vector dropout
Note: No ".plot", ".print", or ".fourier" lines; no simulations run
.48787              1.48807
net10                                    0.00147087           0.00146481 *
net8                                        1.28832              1.28835
pos                                         0.60622             0.605982
vb                                         0.877603             0.877575
out                                         1.14999              1.15007
ldo_out                                    0.911988             0.911631
net12                                       1.14999              1.15007
xc3.a                                       1.14999              1.15007
xc3.b1                                      1.14999              1.15007
net11                                       1.14999              1.15007
xr7.xsky130_fd_pr__res_xhigh_po_0p69.ra              1.14999              1.15007
xr8.xsky130_fd_pr__res_xhigh_po_0p69.ra             0.608666             0.608427
xr9.xsky130_fd_pr__res_xhigh_po_0p69.ra           0.00249677           0.00249574
net13                                             0                    0
l1#branch                                         0                    0
vs#branch                                -0.0507232           -0.0507033
vt#branch                                         0                    0

 meas ac psrr100 find vdb(ldo_out) at=100 failed!

 meas ac psrr100k find vdb(ldo_out) at=100k failed!

Doing analysis at TEMP = 0.000000 and TNOM = 27.000000


No. of Data Rows : 86
temp_coeff = 1.530257e+02
Doing analysis at TEMP = 0.000000 and TNOM = 27.000000


Error: measure  vldo_sup_2  (AT) : out of interval
 meas dc vldo_sup_2 find ldo_out at=2 failed!


Error: measure  vldo_sup_2_8  (AT) : out of interval
 meas dc vldo_sup_2_8 find ldo_out at=2.8 failed!


Error: measure  vin  (WHEN) : out of interval
 meas dc vin when v(ldo_out)=1.764 failed!

