Note: Starting true gmin stepping
Trying gmin =   1.0000E-03 Note: One successful gmin step
Trying gmin =   1.0000E-04 Note: One successful gmin step
Trying gmin =   1.0000E-05 Note: One successful gmin step
Trying gmin =   1.0000E-06 Note: One successful gmin step
Trying gmin =   1.0000E-07 Warning: Further gmin increment
Trying gmin =   5.6234E-07 Note: One successful gmin step
Trying gmin =   2.3714E-07 Note: One successful gmin step
Trying gmin =   6.4938E-08 Warning: Further gmin increment
Trying gmin =   1.7154E-07 Warning: Further gmin increment
Trying gmin =   2.1870E-07 Note: One successful gmin step
Trying gmin =   1.9369E-07 Note: One successful gmin step
Trying gmin =   1.6144E-07 Warning: Further gmin increment
Trying gmin =   1.8507E-07 Note: One successful gmin step
Trying gmin =   1.7285E-07 Warning: Further gmin increment
Trying gmin =   1.8194E-07 Warning: Further gmin increment
Trying gmin =   1.8428E-07 Note: One successful gmin step
Trying gmin =   1.8310E-07 Note: One successful gmin step
Trying gmin =   1.8135E-07 Warning: Further gmin increment
Trying gmin =   1.8267E-07 Warning: Further gmin increment
Trying gmin =   1.8299E-07 Note: One successful gmin step
Trying gmin =   1.8283E-07 Warning: Further gmin increment
Trying gmin =   1.8295E-07 Note: One successful gmin step
Trying gmin =   1.8289E-07 Warning: Further gmin increment
Trying gmin =   1.8294E-07 Note: One successful gmin step
Trying gmin =   1.8291E-07 Warning: Further gmin increment
Trying gmin =   1.8293E-07 Warning: Last gmin step failed
Warning: True gmin stepping failed
Note: Starting dynamic gmin stepping
Trying gmin =   1.0000E-03 Note: One successful gmin step
Trying gmin =   1.0000E-04 Note: One successful gmin step
Trying gmin =   1.0000E-05 Note: One successful gmin step
Trying gmin =   1.0000E-06 Warning: Further gmin increment
Trying gmin =   5.6234E-06 Note: One successful gmin step
Trying gmin =   2.3714E-06 Note: One successful gmin step
Trying gmin =   6.4938E-07 Warning: Further gmin increment
Trying gmin =   1.7154E-06 Note: One successful gmin step
Trying gmin =   1.0554E-06 Note: One successful gmin step
Trying gmin =   5.0937E-07 Warning: Further gmin increment
Trying gmin =   8.7970E-07 Warning: Further gmin increment
Trying gmin =   1.0085E-06 Note: One successful gmin step
Trying gmin =   9.4189E-07 Note: One successful gmin step
Trying gmin =   8.5017E-07 Warning: Further gmin increment
Trying gmin =   9.1807E-07 Warning: Further gmin increment
Trying gmin =   9.3588E-07 Note: One successful gmin step
Trying gmin =   9.2693E-07 Warning: Further gmin increment
Trying gmin =   9.3363E-07 Note: One successful gmin step
Trying gmin =   9.3027E-07 Warning: Further gmin increment
Trying gmin =   9.3279E-07 Note: One successful gmin step
Trying gmin =   9.3153E-07 Warning: Further gmin increment
Trying gmin =   9.3248E-07 Note: One successful gmin step
Trying gmin =   9.3200E-07 Warning: Further gmin increment
Trying gmin =   9.3236E-07 Warning: Further gmin increment
Trying gmin =   9.3245E-07 Note: One successful gmin step
Trying gmin =   9.3240E-07 Warning: Last gmin step failed
Warning: Dynamic gmin stepping failed
Note: Starting source stepping
Supplies reduced to   0.0000% Note: One successful source step
Supplies reduced to   0.1000% Note: One successful source step
Supplies reduced to   0.2000% Note: One successful source step
Supplies reduced to   0.3500% Note: One successful source step
Supplies reduced to   0.5750% Note: One successful source step
Supplies reduced to   0.9125% Note: One successful source step
Supplies reduced to   1.4188% Note: One successful source step
Supplies reduced to   2.1781% Note: One successful source step
Supplies reduced to   3.3172% Note: One successful source step
Supplies reduced to   5.0258% Note: One successful source step
Supplies reduced to   7.5887% Note: One successful source step
Supplies reduced to  11.4330% Note: One successful source step
Supplies reduced to  17.1995% Note: One successful source step
Supplies reduced to  25.8493% Note: One successful source step
Supplies reduced to  38.8239% Supplies reduced to  25.8493% Note: One successful source step
Supplies reduced to  26.8493% Note: One successful source step
Supplies reduced to  28.3493% Note: One successful source step
Supplies reduced to  30.5993% Note: One successful source step
Supplies reduced to  32.8493% Note: One successful source step
Supplies reduced to  35.0993% Note: One successful source step
Supplies reduced to  38.4743% Note: One successful source step
Supplies reduced to  43.5368% Note: One successful source step
Supplies reduced to  51.1305% Note: One successful source step
Supplies reduced to  62.5211% Note: One successful source step
Supplies reduced to  79.6071% Note: One successful source step
Supplies reduced to 100.0000% Supplies reduced to  79.6071% Note: One successful source step
Supplies reduced to  80.6071% Note: One successful source step
Supplies reduced to  82.1071% Note: One successful source step
Supplies reduced to  84.3571% Note: One successful source step
Supplies reduced to  87.7321% Supplies reduced to  84.3571% Note: One successful source step
Supplies reduced to  84.8633% Note: One successful source step
Supplies reduced to  85.6227% Note: One successful source step
Supplies reduced to  86.7618% Note: One successful source step
Supplies reduced to  88.4704% Supplies reduced to  86.7618% Note: One successful source step
Supplies reduced to  87.0181% Note: One successful source step
Supplies reduced to  87.4025% Supplies reduced to  87.0181% Note: One successful source step
Supplies reduced to  87.0757% Note: One successful source step
Supplies reduced to  87.1622% Note: One successful source step
Supplies reduced to  87.2920% Note: One successful source step
Supplies reduced to  87.4866% Supplies reduced to  87.2920% Note: One successful source step
Supplies reduced to  87.3212% Note: One successful source step
Supplies reduced to  87.3649% Supplies reduced to  87.3212% Note: One successful source step
Supplies reduced to  87.3277% Note: One successful source step
Supplies reduced to  87.3376% Note: One successful source step
Supplies reduced to  87.3524% Supplies reduced to  87.3376% Note: One successful source step
Supplies reduced to  87.3398% Note: One successful source step
Supplies reduced to  87.3431% Supplies reduced to  87.3398% Note: One successful source step
Supplies reduced to  87.3403% Note: One successful source step
Supplies reduced to  87.3410% Supplies reduced to  87.3403% Note: One successful source step
Supplies reduced to  87.3404% Note: One successful source step
Supplies reduced to  87.3406% Note: One successful source step
Supplies reduced to  87.3408% Supplies reduced to  87.3406% Note: One successful source step
Supplies reduced to  87.3406% Note: One successful source step
Supplies reduced to  87.3407% Note: One successful source step
Supplies reduced to  87.3408% Note: One successful source step
Supplies reduced to  87.3409% Supplies reduced to  87.3408% Note: One successful source step
Supplies reduced to  87.3408% Warning: source stepping failed
doAnalyses: Too many iterations without convergence

op simulation(s) aborted
Error(parse.c--checkvalid): bg_out: zero length vector.
Error(parse.c--checkvalid): ldo_out: zero length vector.
Note: Starting true gmin stepping
Trying gmin =   1.0000E-03 Note: One successful gmin step
Trying gmin =   1.0000E-04 Note: One successful gmin step
Trying gmin =   1.0000E-05 Note: One successful gmin step
Trying gmin =   1.0000E-06 Note: One successful gmin step
Trying gmin =   1.0000E-07 Warning: Further gmin increment
Trying gmin =   5.6234E-07 Note: One successful gmin step
Trying gmin =   2.3714E-07 Note: One successful gmin step
Trying gmin =   6.4938E-08 Warning: Further gmin increment
Trying gmin =   1.7154E-07 Warning: Further gmin increment
Trying gmin =   2.1870E-07 Note: One successful gmin step
Trying gmin =   1.9369E-07 Note: One successful gmin step
Trying gmin =   1.6144E-07 Warning: Further gmin increment
Trying gmin =   1.8507E-07 Note: One successful gmin step
Trying gmin =   1.7285E-07 Warning: Further gmin increment
Trying gmin =   1.8194E-07 Warning: Further gmin increment
Trying gmin =   1.8428E-07 Note: One successful gmin step
Trying gmin =   1.8310E-07 Note: One successful gmin step
Trying gmin =   1.8135E-07 Warning: Further gmin increment
Trying gmin =   1.8267E-07 Warning: Further gmin increment
Trying gmin =   1.8299E-07 Note: One successful gmin step
Trying gmin =   1.8283E-07 Warning: Further gmin increment
Trying gmin =   1.8295E-07 Note: One successful gmin step
Trying gmin =   1.8289E-07 Warning: Further gmin increment
Trying gmin =   1.8294E-07 Note: One successful gmin step
Trying gmin =   1.8291E-07 Warning: Further gmin increment
Trying gmin =   1.8293E-07 Warning: Last gmin step failed
Warning: True gmin stepping failed
Note: Starting dynamic gmin stepping
Trying gmin =   1.0000E-03 Note: One successful gmin step
Trying gmin =   1.0000E-04 Note: One successful gmin step
Trying gmin =   1.0000E-05 Note: One successful gmin step
Trying gmin =   1.0000E-06 Warning: Further gmin increment
Trying gmin =   5.6234E-06 Note: One successful gmin step
Trying gmin =   2.3714E-06 Note: One successful gmin step
Trying gmin =   6.4938E-07 Warning: Further gmin increment
Trying gmin =   1.7154E-06 Note: One successful gmin step
Trying gmin =   1.0554E-06 Note: One successful gmin step
Trying gmin =   5.0937E-07 Warning: Further gmin increment
Trying gmin =   8.7970E-07 Warning: Further gmin increment
Trying gmin =   1.0085E-06 Note: One successful gmin step
Trying gmin =   9.4189E-07 Note: One successful gmin step
Trying gmin =   8.5017E-07 Warning: Further gmin increment
Trying gmin =   9.1807E-07 Warning: Further gmin increment
Trying gmin =   9.3588E-07 Note: One successful gmin step
Trying gmin =   9.2693E-07 Warning: Further gmin increment
Trying gmin =   9.3363E-07 Note: One successful gmin step
Trying gmin =   9.3027E-07 Warning: Further gmin increment
Trying gmin =   9.3279E-07 Note: One successful gmin step
Trying gmin =   9.3153E-07 Warning: Further gmin increment
Trying gmin =   9.3248E-07 Note: One successful gmin step
Trying gmin =   9.3200E-07 Warning: Further gmin increment
Trying gmin =   9.3236E-07 Warning: Further gmin increment
Trying gmin =   9.3245E-07 Note: One successful gmin step
Trying gmin =   9.3240E-07 Warning: Last gmin step failed
Warning: Dynamic gmin stepping failed
Note: Starting source stepping
Supplies reduced to   0.0000% Note: One successful source step
Supplies reduced to   0.1000% Note: One successful source step
Supplies reduced to   0.2000% Note: One successful source step
Supplies reduced to   0.3500% Note: One successful source step
Supplies reduced to   0.5750% Note: One successful source step
Supplies reduced to   0.9125% Note: One successful source step
Supplies reduced to   1.4188% Note: One successful source step
Supplies reduced to   2.1781% Note: One successful source step
Supplies reduced to   3.3172% Note: One successful source step
Supplies reduced to   5.0258% Note: One successful source step
Supplies reduced to   7.5887% Note: One successful source step
Supplies reduced to  11.4330% Note: One successful source step
Supplies reduced to  17.1995% Note: One successful source step
Supplies reduced to  25.8493% Note: One successful source step
Supplies reduced to  38.8239% Supplies reduced to  25.8493% Note: One successful source step
Supplies reduced to  26.8493% Note: One successful source step
Supplies reduced to  28.3493% Supplies reduced to  26.8493% Note: One successful source step
Supplies reduced to  27.0743% Note: One successful source step
Supplies reduced to  27.4118% Note: One successful source step
Supplies reduced to  27.9180% Note: One successful source step
Supplies reduced to  28.6774% Note: One successful source step
Supplies reduced to  29.4368% Note: One successful source step
Supplies reduced to  30.1961% Note: One successful source step
Supplies reduced to  31.3352% Note: One successful source step
Supplies reduced to  33.0438% Note: One successful source step
Supplies reduced to  35.6067% Note: One successful source step
Supplies reduced to  39.4510% Note: One successful source step
Supplies reduced to  45.2175% Note: One successful source step
Supplies reduced to  53.8673% Supplies reduced to  45.2175% Note: One successful source step
Supplies reduced to  46.2175% Note: One successful source step
Supplies reduced to  47.7175% Note: One successful source step
Supplies reduced to  49.9675% Note: One successful source step
Supplies reduced to  53.3425% Note: One successful source step
Supplies reduced to  58.4050% Note: One successful source step
Supplies reduced to  65.9988% Note: One successful source step
Supplies reduced to  77.3894% Note: One successful source step
Supplies reduced to  94.4753% Supplies reduced to  77.3894% Note: One successful source step
Supplies reduced to  78.3894% Note: One successful source step
Supplies reduced to  79.8894% Note: One successful source step
Supplies reduced to  82.1394% Note: One successful source step
Supplies reduced to  85.5144% Note: One successful source step
Supplies reduced to  90.5769% Supplies reduced to  85.5144% Note: One successful source step
Supplies reduced to  86.2738% Note: One successful source step
Supplies reduced to  87.4128% Supplies reduced to  86.2738% Note: One successful source step
Supplies reduced to  86.4446% Note: One successful source step
Supplies reduced to  86.7009% Note: One successful source step
Supplies reduced to  87.0854% Note: One successful source step
Supplies reduced to  87.6620% Supplies reduced to  87.0854% Note: One successful source step
Supplies reduced to  87.1719% Note: One successful source step
Supplies reduced to  87.3016% Note: One successful source step
Supplies reduced to  87.4962% Supplies reduced to  87.3016% Note: One successful source step
Supplies reduced to  87.3308% Note: One successful source step
Supplies reduced to  87.3746% Supplies reduced to  87.3308% Note: One successful source step
Supplies reduced to  87.3374% Note: One successful source step
Supplies reduced to  87.3472% Supplies reduced to  87.3374% Note: One successful source step
Supplies reduced to  87.3388% Note: One successful source step
Supplies reduced to  87.3411% Supplies reduced to  87.3388% Note: One successful source step
Supplies reduced to  87.3392% Note: One successful source step
Supplies reduced to  87.3397% Note: One successful source step
Supplies reduced to  87.3404% Note: One successful source step
Supplies reduced to  87.3415% Supplies reduced to  87.3404% Note: One successful source step
Supplies reduced to  87.3406% Note: One successful source step
Supplies reduced to  87.3408% Supplies reduced to  87.3406% Note: One successful source step
Supplies reduced to  87.3406% Note: One successful source step
Supplies reduced to  87.3407% Note: One successful source step
Supplies reduced to  87.3408% Note: One successful source step
Supplies reduced to  87.3409% Supplies reduced to  87.3408% Warning: source stepping failed

No compatibility mode selected!


Circuit: * ldo netlist 

Doing analysis at TEMP = 85.000000 and TNOM = 27.000000


DC solution failed -

Last Node Voltages
------------------

Node                                   Last Voltage        Previous Iter
----                                   ------------        -------------
inn                                          0.6171             0.617121
mir                                        0.802156             0.802153
vdd                                         1.83416              1.83416
inp                                         0.61552             0.615541
bg_out                                     0.454728             0.454744
net3                                       0.450847             0.450863
net1                                       0.449031             0.449046
net2                                       0.920482             0.920046
net5                                       0.931655              0.93164
net4                                      0.0148417            0.0148451
net6                                       0.808297               0.8083
xc1.a                                             0                    0
xc1.b1                                            0                    0
xr1.xsky130_fd_pr__res_xhigh_po_0p69.ra             0.450457             0.450472
net7                                       0.449287             0.449302
xr2.xsky130_fd_pr__res_xhigh_po_0p69.ra             0.452018             0.452033
xr3.xsky130_fd_pr__res_xhigh_po_0p69.ra           0.00118668           0.00118672
xr4.xsky130_fd_pr__res_xhigh_po_0p69.ra             0.449036              0.44905
xr5.xsky130_fd_pr__res_xhigh_po_0p69.ra           0.00118244           0.00118249
xr6.xsky130_fd_pr__res_xhigh_po_0p69.ra           0.00119722           0.00119727
net9                                        1.11496              1.11495
net10                                    0.00140387           0.00140415
net8                                       0.859911             0.859909
pos                                        0.458727             0.458743
vb                                         0.826577             0.826581
out                                        0.935292             0.935289
ldo_out                                    0.690205             0.690228
net12                                      0.935292             0.935289
xc3.a                                      0.935292             0.935289
xc3.b1                                     0.935292             0.935289
net11                                      0.935292             0.935289
xr7.xsky130_fd_pr__res_xhigh_po_0p69.ra             0.935292             0.935289
xr8.xsky130_fd_pr__res_xhigh_po_0p69.ra             0.460805             0.460821
xr9.xsky130_fd_pr__res_xhigh_po_0p69.ra           0.00210547           0.00210555
net13                                             0                    0
l1#branch                                         0                    0
vs#branch                               -0.00387951          -0.00387964
vt#branch                                         0                    0

Doing analysis at TEMP = 85.000000 and TNOM = 27.000000


AC operating point failed -

Last Node Voltages
------------------

Node                                   Last Voltage        Previous Iter
----                                   ------------        -------------
inn                                        0.617552             0.617334
mir                                        0.802078             0.802116
vdd                                         1.83416              1.83416
inp                                        0.615976             0.615756
bg_out                                     0.455079              0.45491
net3                                       0.451177             0.451018
net1                                       0.449357               0.4492
net2                                       0.910924             0.915537 *
net5                                       0.931308      doAnalyses: Too many iterations without convergence

ac simulation(s) aborted
Error(parse.c--checkvalid): out: zero length vector.
Error: RHS "(180/pi)*vp(out)" invalid
Error: measure limited to tran, dc, sp, or ac analysis
Error: no such vector PM
Note: Starting true gmin stepping
Trying gmin =   1.0000E-03 Note: One successful gmin step
Trying gmin =   1.0000E-04 Note: One successful gmin step
Trying gmin =   1.0000E-05 Note: One successful gmin step
Trying gmin =   1.0000E-06 Note: One successful gmin step
Trying gmin =   1.0000E-07 Warning: Further gmin increment
Trying gmin =   5.6234E-07 Note: One successful gmin step
Trying gmin =   2.3714E-07 Note: One successful gmin step
Trying gmin =   6.4938E-08 Warning: Further gmin increment
Trying gmin =   1.7154E-07 Warning: Further gmin increment
Trying gmin =   2.1870E-07 Note: One successful gmin step
Trying gmin =   1.9369E-07 Note: One successful gmin step
Trying gmin =   1.6144E-07 Warning: Further gmin increment
Trying gmin =   1.8507E-07 Note: One successful gmin step
Trying gmin =   1.7285E-07 Warning: Further gmin increment
Trying gmin =   1.8194E-07 Warning: Further gmin increment
Trying gmin =   1.8428E-07 Note: One successful gmin step
Trying gmin =   1.8310E-07 Note: One successful gmin step
Trying gmin =   1.8135E-07 Warning: Further gmin increment
Trying gmin =   1.8267E-07 Warning: Further gmin increment
Trying gmin =   1.8299E-07 Note: One successful gmin step
Trying gmin =   1.8283E-07 Warning: Further gmin increment
Trying gmin =   1.8295E-07 Note: One successful gmin step
Trying gmin =   1.8289E-07 Warning: Further gmin increment
Trying gmin =   1.8294E-07 Note: One successful gmin step
Trying gmin =   1.8291E-07 Warning: Further gmin increment
Trying gmin =   1.8293E-07 Warning: Last gmin step failed
Warning: True gmin stepping failed
Note: Starting dynamic gmin stepping
Trying gmin =   1.0000E-03 Note: One successful gmin step
Trying gmin =   1.0000E-04 Note: One successful gmin step
Trying gmin =   1.0000E-05 Note: One successful gmin step
Trying gmin =   1.0000E-06 Warning: Further gmin increment
Trying gmin =   5.6234E-06 Note: One successful gmin step
Trying gmin =   2.3714E-06 Note: One successful gmin step
Trying gmin =   6.4938E-07 Warning: Further gmin increment
Trying gmin =   1.7154E-06 Note: One successful gmin step
Trying gmin =   1.0554E-06 Note: One successful gmin step
Trying gmin =   5.0937E-07 Warning: Further gmin increment
Trying gmin =   8.7970E-07 Warning: Further gmin increment
Trying gmin =   1.0085E-06 Note: One successful gmin step
Trying gmin =   9.4189E-07 Note: One successful gmin step
Trying gmin =   8.5017E-07 Warning: Further gmin increment
Trying gmin =   9.1807E-07 Warning: Further gmin increment
Trying gmin =   9.3588E-07 Note: One successful gmin step
Trying gmin =   9.2693E-07 Warning: Further gmin increment
Trying gmin =   9.3363E-07 Note: One successful gmin step
Trying gmin =   9.3027E-07 Warning: Further gmin increment
Trying gmin =   9.3279E-07 Note: One successful gmin step
Trying gmin =   9.3153E-07 Warning: Further gmin increment
Trying gmin =   9.3248E-07 Note: One successful gmin step
Trying gmin =   9.3200E-07 Warning: Further gmin increment
Trying gmin =   9.3236E-07 Warning: Further gmin increment
Trying gmin =   9.3245E-07 Note: One successful gmin step
Trying gmin =   9.3240E-07 Warning: Last gmin step failed
Warning: Dynamic gmin stepping failed
Note: Starting source stepping
Supplies reduced to   0.0000% Note: One successful source step
Supplies reduced to   0.1000% Note: One successful source step
Supplies reduced to   0.2000% Note: One successful source step
Supplies reduced to   0.3500% Note: One successful source step
Supplies reduced to   0.5750% Note: One successful source step
Supplies reduced to   0.9125% Note: One successful source step
Supplies reduced to   1.4188% Note: One successful source step
Supplies reduced to   2.1781% Note: One successful source step
Supplies reduced to   3.3172% Note: One successful source step
Supplies reduced to   5.0258% Note: One successful source step
Supplies reduced to   7.5887% Note: One successful source step
Supplies reduced to  11.4330% Note: One successful source step
Supplies reduced to  17.1995% Note: One successful source step
Supplies reduced to  25.8493% Note: One successful source step
Supplies reduced to  38.8239% Supplies reduced to  25.8493% Note: One successful source step
Supplies reduced to  26.8493% Note: One successful source step
Supplies reduced to  28.3493% Supplies reduced to  26.8493% Note: One successful source step
Supplies reduced to  27.0743% Note: One successful source step
Supplies reduced to  27.4118% Note: One successful source step
Supplies reduced to  27.9180% Note: One successful source step
Supplies reduced to  28.6774% Note: One successful source step
Supplies reduced to  29.4368% Note: One successful source step
Supplies reduced to  30.1961% Note: One successful source step
Supplies reduced to  31.3352% Note: One successful source step
Supplies reduced to  33.0438% Note: One successful source step
Supplies reduced to  35.6067% Note: One successful source step
Supplies reduced to  39.4510% Note: One successful source step
Supplies reduced to  45.2175% Note: One successful source step
Supplies reduced to  53.8673% Supplies reduced to  45.2175% Note: One successful source step
Supplies reduced to  46.2175% Note: One successful source step
Supplies reduced to  47.7175% Note: One successful source step
Supplies reduced to  49.9675% Note: One successful source step
Supplies reduced to  53.3425% Note: One successful source step
Supplies reduced to  58.4050% Note: One successful source step
Supplies reduced to  65.9988% Note: One successful source step
Supplies reduced to  77.3894% Note: One successful source step
Supplies reduced to  94.4753% Supplies reduced to  77.3894% Note: One successful source step
Supplies reduced to  78.3894% Note: One successful source step
Supplies reduced to  79.8894% Note: One successful source step
Supplies reduced to  82.1394% Note: One successful source step
Supplies reduced to  85.5144% Note: One successful source step
Supplies reduced to  90.5769% Supplies reduced to  85.5144% Note: One successful source step
Supplies reduced to  86.2738% Note: One successful source step
Supplies reduced to  87.4128% Supplies reduced to  86.2738% Note: One successful source step
Supplies reduced to  86.4446% Note: One successful source step
Supplies reduced to  86.7009% Note: One successful source step
Supplies reduced to  87.0854% Note: One successful source step
Supplies reduced to  87.6620% Supplies reduced to  87.0854% Note: One successful source step
Supplies reduced to  87.1719% Note: One successful source step
Supplies reduced to  87.3016% Note: One successful source step
Supplies reduced to  87.4962% Supplies reduced to  87.3016% Note: One successful source step
Supplies reduced to  87.3308% Note: One successful source step
Supplies reduced to  87.3746% Supplies reduced to  87.3308% Note: One successful source step
Supplies reduced to  87.3374% Note: One successful source step
Supplies reduced to  87.3472% Supplies reduced to  87.3374% Note: One successful source step
Supplies reduced to  87.3388% Note: One successful source step
Supplies reduced to  87.3411% Supplies reduced to  87.3388% Note: One successful source step
Supplies reduced to  87.3392% Note: One successful source step
Supplies reduced to  87.3397% Note: One successful source step
Supplies reduced to  87.3404% Note: One successful source step
Supplies reduced to  87.3415% Supplies reduced to  87.3404% Note: One successful source step
Supplies reduced to  87.3406% Note: One successful source step
Supplies reduced to  87.3408% Supplies reduced to  87.3406% Note: One successful source step
Supplies reduced to  87.3406% Note: One successful source step
Supplies reduced to  87.3407% Note: One successful source step
Supplies reduced to  87.3408% Note: One successful source step
Supplies reduced to  87.3409% Supplies reduced to  87.3408% Warning: source stepping failed
       0.931476
net4                                      0.0149167            0.0148805 *
net6                                       0.808361              0.80833
xc1.a                                             0                    0
xc1.b1                                            0                    0
xr1.xsky130_fd_pr__res_xhigh_po_0p69.ra             0.450786             0.450627
net7                                       0.449615             0.449457
xr2.xsky130_fd_pr__res_xhigh_po_0p69.ra             0.452348             0.452188
xr3.xsky130_fd_pr__res_xhigh_po_0p69.ra           0.00118758           0.00118714
xr4.xsky130_fd_pr__res_xhigh_po_0p69.ra             0.449361             0.449204
xr5.xsky130_fd_pr__res_xhigh_po_0p69.ra           0.00118334           0.00118291
xr6.xsky130_fd_pr__res_xhigh_po_0p69.ra           0.00119818           0.00119772
net9                                        1.11469              1.11482
net10                                    0.00141001           0.00140705 *
net8                                        0.85985              0.85988
pos                                        0.459074             0.458906
vb                                         0.826643             0.826611
out                                        0.935223             0.935256
ldo_out                                    0.690726             0.690475
net12                                      0.935223             0.935256
xc3.a                                      0.935223             0.935256
xc3.b1                                     0.935223             0.935256
net11                                      0.935223             0.935256
xr7.xsky130_fd_pr__res_xhigh_po_0p69.ra             0.935223             0.935256
xr8.xsky130_fd_pr__res_xhigh_po_0p69.ra             0.461154             0.460986
xr9.xsky130_fd_pr__res_xhigh_po_0p69.ra           0.00210712           0.00210632
net13                                             0                    0
l1#branch                                         0                    0
vs#branch                               -0.00388244          -0.00388103
vt#branch                                         0                    0

 meas ac pm find ph when vdb(out)=0 failed!

Doing analysis at TEMP = 85.000000 and TNOM = 27.000000


AC operating point failed -

Last Node Voltages
------------------

Node                                   Last Voltage        Previous Iter
----                                   ------------        -------------
inn                                        0.617552             0.617334
mir                                        0.802078             0.802116
vdd                                         1.83416              1.83416
inp                                        0.615976             0.615756
bg_out                                     0.455079              0.45491
net3                                       0.451177             0.451018
net1                                       0.449357               0.4492
net2                                       0.910924             0.915537 *
net5                                       0.931308             0.931476
net4                                      0.0149167            0.0148805 *
net6                                       0.808361              0.80833
xc1.a                                             0                    0
xc1.b1                                            0                    0
xr1.xsky130_fd_pr__res_xhigh_po_0p69.ra             0.450786             0.450627
net7                                       0.449615             0.449457
xr2.xsky130_fd_pr__res_xhigh_po_0p69.ra             0.452348             0.452188
xr3.xsky130_fd_pr__res_xhigh_po_0p69.ra           0.00118758           0.00118714
xr4.xsky130_fd_pr__res_xhigh_po_0p69.ra             0.449361             0.449204
xr5.xsky130_fd_pr__res_xhigh_po_0p69.ra           0.00118334           0.00118291
xr6.xsky130_fd_pr__res_xhigh_po_0p69.ra           0.00119818           0.00119772
net9                                      doAnalyses: Too many iterations without convergence

ac simulation(s) aborted
Error: measure limited to tran, dc, sp, or ac analysis
Error: measure limited to tran, dc, sp, or ac analysis
Error: no such vector PSRR100
Note: Starting true gmin stepping
Trying gmin =   1.0000E-03 Note: One successful gmin step
Trying gmin =   1.0000E-04 Note: One successful gmin step
Trying gmin =   1.0000E-05 Note: One successful gmin step
Trying gmin =   1.0000E-06 Note: One successful gmin step
Trying gmin =   1.0000E-07 Warning: Further gmin increment
Trying gmin =   5.6234E-07 Note: One successful gmin step
Trying gmin =   2.3714E-07 Note: One successful gmin step
Trying gmin =   6.4938E-08 Warning: Further gmin increment
Trying gmin =   1.7154E-07 Warning: Further gmin increment
Trying gmin =   2.1870E-07 Note: One successful gmin step
Trying gmin =   1.9369E-07 Note: One successful gmin step
Trying gmin =   1.6144E-07 Warning: Further gmin increment
Trying gmin =   1.8507E-07 Note: One successful gmin step
Trying gmin =   1.7285E-07 Warning: Further gmin increment
Trying gmin =   1.8194E-07 Warning: Further gmin increment
Trying gmin =   1.8428E-07 Note: One successful gmin step
Trying gmin =   1.8310E-07 Note: One successful gmin step
Trying gmin =   1.8135E-07 Warning: Further gmin increment
Trying gmin =   1.8267E-07 Warning: Further gmin increment
Trying gmin =   1.8299E-07 Note: One successful gmin step
Trying gmin =   1.8283E-07 Warning: Further gmin increment
Trying gmin =   1.8295E-07 Note: One successful gmin step
Trying gmin =   1.8289E-07 Warning: Further gmin increment
Trying gmin =   1.8294E-07 Note: One successful gmin step
Trying gmin =   1.8291E-07 Warning: Further gmin increment
Trying gmin =   1.8293E-07 Warning: Last gmin step failed
Warning: True gmin stepping failed
Note: Starting dynamic gmin stepping
Trying gmin =   1.0000E-03 Note: One successful gmin step
Trying gmin =   1.0000E-04 Note: One successful gmin step
Trying gmin =   1.0000E-05 Note: One successful gmin step
Trying gmin =   1.0000E-06 Warning: Further gmin increment
Trying gmin =   5.6234E-06 Note: One successful gmin step
Trying gmin =   2.3714E-06 Note: One successful gmin step
Trying gmin =   6.4938E-07 Warning: Further gmin increment
Trying gmin =   1.7154E-06 Note: One successful gmin step
Trying gmin =   1.0554E-06 Note: One successful gmin step
Trying gmin =   5.0937E-07 Warning: Further gmin increment
Trying gmin =   8.7970E-07 Warning: Further gmin increment
Trying gmin =   1.0085E-06 Note: One successful gmin step
Trying gmin =   9.4189E-07 Note: One successful gmin step
Trying gmin =   8.5017E-07 Warning: Further gmin increment
Trying gmin =   9.1807E-07 Warning: Further gmin increment
Trying gmin =   9.3588E-07 Note: One successful gmin step
Trying gmin =   9.2693E-07 Warning: Further gmin increment
Trying gmin =   9.3363E-07 Note: One successful gmin step
Trying gmin =   9.3027E-07 Warning: Further gmin increment
Trying gmin =   9.3279E-07 Note: One successful gmin step
Trying gmin =   9.3153E-07 Warning: Further gmin increment
Trying gmin =   9.3248E-07 Note: One successful gmin step
Trying gmin =   9.3200E-07 Warning: Further gmin increment
Trying gmin =   9.3236E-07 Warning: Further gmin increment
Trying gmin =   9.3245E-07 Note: One successful gmin step
Trying gmin =   9.3240E-07 Warning: Last gmin step failed
Warning: Dynamic gmin stepping failed
Note: Starting source stepping
Supplies reduced to   0.0000% Note: One successful source step
Supplies reduced to   0.1000% Note: One successful source step
Supplies reduced to   0.2000% Note: One successful source step
Supplies reduced to   0.3500% Note: One successful source step
Supplies reduced to   0.5750% Note: One successful source step
Supplies reduced to   0.9125% Note: One successful source step
Supplies reduced to   1.4188% Note: One successful source step
Supplies reduced to   2.1781% Note: One successful source step
Supplies reduced to   3.3172% Note: One successful source step
Supplies reduced to   5.0258% Note: One successful source step
Supplies reduced to   7.5887% Note: One successful source step
Supplies reduced to  11.4330% Note: One successful source step
Supplies reduced to  17.1995% Note: One successful source step
Supplies reduced to  25.8493% Note: One successful source step
Supplies reduced to  38.8239% Supplies reduced to  25.8493% Note: One successful source step
Supplies reduced to  26.8493% Note: One successful source step
Supplies reduced to  28.3493% Supplies reduced to  26.8493% Note: One successful source step
Supplies reduced to  27.0743% Note: One successful source step
Supplies reduced to  27.4118% Note: One successful source step
Supplies reduced to  27.9180% Note: One successful source step
Supplies reduced to  28.6774% Note: One successful source step
Supplies reduced to  29.4368% Note: One successful source step
Supplies reduced to  30.1961% Note: One successful source step
Supplies reduced to  31.3352% Note: One successful source step
Supplies reduced to  33.0438% Note: One successful source step
Supplies reduced to  35.6067% Note: One successful source step
Supplies reduced to  39.4510% Note: One successful source step
Supplies reduced to  45.2175% Note: One successful source step
Supplies reduced to  53.8673% Supplies reduced to  45.2175% Note: One successful source step
Supplies reduced to  46.2175% Note: One successful source step
Supplies reduced to  47.7175% Note: One successful source step
Supplies reduced to  49.9675% Note: One successful source step
Supplies reduced to  53.3425% Note: One successful source step
Supplies reduced to  58.4050% Note: One successful source step
Supplies reduced to  65.9988% Note: One successful source step
Supplies reduced to  77.3894% Note: One successful source step
Supplies reduced to  94.4753% Supplies reduced to  77.3894% Note: One successful source step
Supplies reduced to  78.3894% Note: One successful source step
Supplies reduced to  79.8894% Note: One successful source step
Supplies reduced to  82.1394% Note: One successful source step
Supplies reduced to  85.5144% Note: One successful source step
Supplies reduced to  90.5769% Supplies reduced to  85.5144% Note: One successful source step
Supplies reduced to  86.2738% Note: One successful source step
Supplies reduced to  87.4128% Supplies reduced to  86.2738% Note: One successful source step
Supplies reduced to  86.4446% Note: One successful source step
Supplies reduced to  86.7009% Note: One successful source step
Supplies reduced to  87.0854% Note: One successful source step
Supplies reduced to  87.6620% Supplies reduced to  87.0854% Note: One successful source step
Supplies reduced to  87.1719% Note: One successful source step
Supplies reduced to  87.3016% Note: One successful source step
Supplies reduced to  87.4962% Supplies reduced to  87.3016% Note: One successful source step
Supplies reduced to  87.3308% Note: One successful source step
Supplies reduced to  87.3746% Supplies reduced to  87.3308% Note: One successful source step
Supplies reduced to  87.3374% Note: One successful source step
Supplies reduced to  87.3472% Supplies reduced to  87.3374% Note: One successful source step
Supplies reduced to  87.3388% Note: One successful source step
Supplies reduced to  87.3411% Supplies reduced to  87.3388% Note: One successful source step
Supplies reduced to  87.3392% Note: One successful source step
Supplies reduced to  87.3397% Note: One successful source step
Supplies reduced to  87.3404% Note: One successful source step
Supplies reduced to  87.3415% Supplies reduced to  87.3404% Note: One successful source step
Supplies reduced to  87.3406% Note: One successful source step
Supplies reduced to  87.3408% Supplies reduced to  87.3406% Note: One successful source step
Supplies reduced to  87.3406% Note: One successful source step
Supplies reduced to  87.3407% Note: One successful source step
Supplies reduced to  87.3408% Note: One successful source step
Supplies reduced to  87.3409% Supplies reduced to  87.3408% Warning: source stepping failed
doAnalyses: Too many iterations without convergence

dc simulation(s) aborted
Error(parse.c--checkvalid): ldo_out: zero length vector.
Error: RHS "1000000*(max(ldo_out)-min(ldo_out))/85" invalid
Error(parse.c--checkvalid): temp_coeff: zero length vector.
Error: no such vector temp_coeff
Note: Starting true gmin stepping
Trying gmin =   1.0000E-03 Note: One successful gmin step
Trying gmin =   1.0000E-04 Note: One successful gmin step
Trying gmin =   1.0000E-05 Note: One successful gmin step
Trying gmin =   1.0000E-06 Note: One successful gmin step
Trying gmin =   1.0000E-07 Note: One successful gmin step
Trying gmin =   1.0000E-08 Warning: Further gmin increment
Trying gmin =   5.6234E-08 Warning: Further gmin increment
Trying gmin =   8.6596E-08 Note: One successful gmin step
Trying gmin =   6.9783E-08 Warning: Further gmin increment
Trying gmin =   8.2047E-08 Note: One successful gmin step
Trying gmin =   7.5667E-08 Warning: Further gmin increment
Trying gmin =   8.0403E-08 Note: One successful gmin step
Trying gmin =   7.7999E-08 Note: One successful gmin step
Trying gmin =   7.4527E-08 Warning: Further gmin increment
Trying gmin =   7.7116E-08 Warning: Further gmin increment
Trying gmin =   7.7777E-08 Note: One successful gmin step
Trying gmin =   7.7446E-08 Warning: Further gmin increment
Trying gmin =   7.7695E-08 Warning: Further gmin increment
Trying gmin =   7.7757E-08 Note: One successful gmin step
Trying gmin =   7.7726E-08 Note: One successful gmin step
Trying gmin =   7.7679E-08 Warning: Further gmin increment
Trying gmin =   7.7714E-08 Note: One successful gmin step
Trying gmin =   7.7696E-08 Warning: Further gmin increment
Trying gmin =   7.7710E-08 Note: One successful gmin step
Trying gmin =   7.7703E-08 Warning: Further gmin increment
Trying gmin =   7.7708E-08 Note: One successful gmin step
Trying gmin =   7.7705E-08 Note: One successful gmin step
Trying gmin =   7.7702E-08 Warning: Last gmin step failed
Warning: True gmin stepping failed
Note: Starting dynamic gmin stepping
Trying gmin =   1.0000E-03 Note: One successful gmin step
Trying gmin =   1.0000E-04 Note: One successful gmin step
Trying gmin =   1.0000E-05 Warning: Further gmin increment
Trying gmin =   5.6234E-05 Note: One successful gmin step
Trying gmin =   2.3714E-05 Note: One successful gmin step
Trying gmin =   6.4938E-06 Warning: Further gmin increment
Trying gmin =   1.7154E-05 Note: One successful gmin step
Trying gmin =   1.0554E-05 Note: One successful gmin step
Trying gmin =   6.4938E-06 Note: One successful gmin step
Trying gmin =   3.1340E-06 Note: One successful gmin step
Trying gmin =   1.5125E-06 Warning: Further gmin increment
Trying gmin =   2.6121E-06 Warning: Further gmin increment
Trying gmin =   2.9945E-06 Note: One successful gmin step
Trying gmin =   2.7968E-06 Note: One successful gmin step
Trying gmin =   2.5244E-06 Note: One successful gmin step
Trying gmin =   2.2786E-06 Note: One successful gmin step
Trying gmin =   1.9540E-06 Note: One successful gmin step
Trying gmin =   1.5517E-06 Note: One successful gmin step
Trying gmin =   1.0981E-06 Note: One successful gmin step
Trying gmin =   6.5371E-07 Note: One successful gmin step
Trying gmin =   3.0027E-07 Note: One successful gmin step
Trying gmin =   9.3473E-08 Note: One successful gmin step
Trying gmin =   1.6235E-08 Note: One successful gmin step
Trying gmin =   1.6235E-09 Note: One successful gmin step
Trying gmin =   1.6235E-10 Note: One successful gmin step
Trying gmin =   1.6235E-11 Note: One successful gmin step
Trying gmin =   1.6235E-12 Note: One successful gmin step
Trying gmin =   1.0000E-12 Note: One successful gmin step
Note: Dynamic gmin stepping completed
 Reference value :  2.80000e+00Note: Starting true gmin stepping
Trying gmin =   1.0000E-03 Note: One successful gmin step
Trying gmin =   1.0000E-04 Note: One successful gmin step
Trying gmin =   1.0000E-05 Note: One successful gmin step
Trying gmin =   1.0000E-06 Note: One successful gmin step
Trying gmin =   1.0000E-07 Note: One successful gmin step
Trying gmin =   1.0000E-08 Warning: Further gmin increment
Trying gmin =   5.6234E-08 Note: One successful gmin step
Trying gmin =   2.3714E-08 Note: One successful gmin step
Trying gmin =   6.4938E-09 Warning: Further gmin increment
Trying gmin =   1.7154E-08 Note: One successful gmin step
Trying gmin =   1.0554E-08 Note: One successful gmin step
Trying gmin =   5.0937E-09 Note: One successful gmin step
Trying gmin =   1.7077E-09 Warning: Further gmin increment
Trying gmin =   3.8760E-09 Note: One successful gmin step
Trying gmin =   2.5728E-09 Note: One successful gmin step
Trying gmin =   1.3913E-09 Note: One successful gmin step
Trying gmin =   5.5333E-10 Note: One successful gmin step
Trying gmin =   1.3877E-10 Note: One successful gmin step
Trying gmin =   1.7430E-11 Note: One successful gmin step
Trying gmin =   1.7430E-12 Note: One successful gmin step
Trying gmin =   1.0000E-12 Note: One successful gmin step
Note: True gmin stepping completed
 Reference value :  1.16000e+00Note: Starting true gmin stepping
Trying gmin =   1.0000E-03 Note: One successful gmin step
Trying gmin =   1.0000E-04 Note: One successful gmin step
Trying gmin =   1.0000E-05 Note: One successful gmin step
Trying gmin =   1.0000E-06 Note: One successful gmin step
Trying gmin =   1.0000E-07 Note: One successful gmin step
Trying gmin =   1.0000E-08 Note: One successful gmin step
Trying gmin =   1.0000E-09 Warning: Further gmin increment
Trying gmin =   5.6234E-09 Note: One successful gmin step
Trying gmin =   2.3714E-09 Warning: Further gmin increment
Trying gmin =   4.5316E-09 Note: One successful gmin step
Trying gmin =   3.2781E-09 Note: One successful gmin step
Trying gmin =   2.0169E-09 Note: One successful gmin step
Trying gmin =   9.7338E-10 Note: One successful gmin step
Trying gmin =   3.2634E-10 Note: One successful gmin step
Trying gmin =   6.3352E-11 Note: One successful gmin step
Trying gmin =   6.3352E-12 Note: One successful gmin step
Trying gmin =   1.0000E-12 Note: One successful gmin step
Note: True gmin stepping completed
 Reference value :  1.00000e-01  1.11469              1.11482
net10                                    0.00141001           0.00140705 *
net8                                        0.85985              0.85988
pos                                        0.459074             0.458906
vb                                         0.826643             0.826611
out                                        0.935223             0.935256
ldo_out                                    0.690726             0.690475
net12                                      0.935223             0.935256
xc3.a                                      0.935223             0.935256
xc3.b1                                     0.935223             0.935256
net11                                      0.935223             0.935256
xr7.xsky130_fd_pr__res_xhigh_po_0p69.ra             0.935223             0.935256
xr8.xsky130_fd_pr__res_xhigh_po_0p69.ra             0.461154             0.460986
xr9.xsky130_fd_pr__res_xhigh_po_0p69.ra           0.00210712           0.00210632
net13                                             0                    0
l1#branch                                         0                    0
vs#branch                               -0.00388244          -0.00388103
vt#branch                                         0                    0

 meas ac psrr100 find vdb(ldo_out) at=100 failed!

 meas ac psrr100k find vdb(ldo_out) at=100k failed!

Doing analysis at TEMP = 85.000000 and TNOM = 27.000000

Doing analysis at TEMP = 85.000000 and TNOM = 27.000000


No. of Data Rows : 141
vldo_sup_2          =  1.810093e+00
vldo_sup_2_8        =  1.812405e+00
line_reg = 2.890000e-03
Note: No ".plot", ".print", or ".fourier" lines; no simulations run
vin                 =  1.783008e+00
dropout = 1.900800e-02
