 Reference value :  8.50000e+01Note: Starting true gmin stepping
Trying gmin =   1.0000E-03 Note: One successful gmin step
Trying gmin =   1.0000E-04 Note: One successful gmin step
Trying gmin =   1.0000E-05 Note: One successful gmin step
Trying gmin =   1.0000E-06 Note: One successful gmin step
Trying gmin =   1.0000E-07 Note: One successful gmin step
Trying gmin =   1.0000E-08 Warning: Further gmin increment
Trying gmin =   5.6234E-08 Warning: Further gmin increment
Trying gmin =   8.6596E-08 Warning: Further gmin increment
Trying gmin =   9.6466E-08 Note: One successful gmin step
Trying gmin =   9.1398E-08 Warning: Further gmin increment
Trying gmin =   9.5173E-08 Note: One successful gmin step
Trying gmin =   9.3267E-08 Note: One successful gmin step
Trying gmin =   9.0478E-08 Warning: Further gmin increment
Trying gmin =   9.2562E-08 Note: One successful gmin step
Trying gmin =   9.1514E-08 Warning: Further gmin increment
Trying gmin =   9.2299E-08 Note: One successful gmin step
Trying gmin =   9.1905E-08 Note: One successful gmin step
Trying gmin =   9.1319E-08 Warning: Further gmin increment
Trying gmin =   9.1758E-08 Note: One successful gmin step
Trying gmin =   9.1538E-08 Note: One successful gmin step
Trying gmin =   9.1209E-08 Warning: Further gmin increment
Trying gmin =   9.1456E-08 Warning: Further gmin increment
Trying gmin =   9.1518E-08 Warning: Further gmin increment
Trying gmin =   9.1533E-08 Note: One successful gmin step
Trying gmin =   9.1525E-08 Note: One successful gmin step
Trying gmin =   9.1514E-08 Warning: Further gmin increment
Trying gmin =   9.1522E-08 Note: One successful gmin step
Trying gmin =   9.1518E-08 Warning: Last gmin step failed
Warning: True gmin stepping failed
Note: Starting dynamic gmin stepping
Trying gmin =   1.0000E-03 Note: One successful gmin step
Trying gmin =   1.0000E-04 Note: One successful gmin step
Trying gmin =   1.0000E-05 Note: One successful gmin step
Trying gmin =   1.0000E-06 Note: One successful gmin step
Trying gmin =   1.0000E-07 Warning: Further gmin increment
Trying gmin =   5.6234E-07 Note: One successful gmin step
Trying gmin =   2.3714E-07 Warning: Further gmin increment
Trying gmin =   4.5316E-07 Note: One successful gmin step
Trying gmin =   3.2781E-07 Warning: Further gmin increment
Trying gmin =   4.1792E-07 Warning: Further gmin increment
Trying gmin =   4.4408E-07 Note: One successful gmin step
Trying gmin =   4.3080E-07 Note: One successful gmin step
Trying gmin =   4.1163E-07 Warning: Further gmin increment
Trying gmin =   4.2593E-07 Warning: Further gmin increment
Trying gmin =   4.2958E-07 Note: One successful gmin step
Trying gmin =   4.2775E-07 Note: One successful gmin step
Trying gmin =   4.2502E-07 Warning: Further gmin increment
Trying gmin =   4.2706E-07 Note: One successful gmin step
Trying gmin =   4.2604E-07 Warning: Further gmin increment
Trying gmin =   4.2681E-07 Note: One successful gmin step
Trying gmin =   4.2642E-07 Warning: Further gmin increment
Trying gmin =   4.2671E-07 Note: One successful gmin step
Trying gmin =   4.2657E-07 Warning: Further gmin increment
Trying gmin =   4.2667E-07 Note: One successful gmin step
Trying gmin =   4.2662E-07 Warning: Further gmin increment
Trying gmin =   4.2666E-07 Note: One successful gmin step
Trying gmin =   4.2664E-07 Warning: Last gmin step failed
Warning: Dynamic gmin stepping failed
Note: Starting source stepping
Supplies reduced to   0.0000% Note: One successful source step
Supplies reduced to   0.1000% Note: One successful source step
Supplies reduced to   0.2000% Note: One successful source step
Supplies reduced to   0.3500% Note: One successful source step
Supplies reduced to   0.5750% Note: One successful source step
Supplies reduced to   0.9125% Note: One successful source step
Supplies reduced to   1.4188% Note: One successful source step
Supplies reduced to   2.1781% Note: One successful source step
Supplies reduced to   3.3172% Note: One successful source step
Supplies reduced to   5.0258% Note: One successful source step
Supplies reduced to   7.5887% Note: One successful source step
Supplies reduced to  11.4330% Note: One successful source step
Supplies reduced to  17.1995% Note: One successful source step
Supplies reduced to  25.8493% Note: One successful source step
Supplies reduced to  38.8239% Supplies reduced to  25.8493% Note: One successful source step
Supplies reduced to  26.4980% Note: One successful source step
Supplies reduced to  27.4711% Note: One successful source step
Supplies reduced to  28.9307% Note: One successful source step
Supplies reduced to  31.1202% Note: One successful source step
Supplies reduced to  34.4044% Note: One successful source step
Supplies reduced to  39.3307% Note: One successful source step
Supplies reduced to  46.7202% Supplies reduced to  39.3307% Note: One successful source step
Supplies reduced to  40.0697% Note: One successful source step
Supplies reduced to  41.1781% Note: One successful source step
Supplies reduced to  42.8407% Note: One successful source step
Supplies reduced to  45.3347% Supplies reduced to  42.8407% Note: One successful source step
Supplies reduced to  43.2148% Note: One successful source step
Supplies reduced to  43.7759% Note: One successful source step
Supplies reduced to  44.6177% Note: One successful source step
Supplies reduced to  45.8802% Note: One successful source step
Supplies reduced to  47.7740% Note: One successful source step
Supplies reduced to  50.6148% Note: One successful source step
Supplies reduced to  54.8759% Note: One successful source step
Supplies reduced to  61.2676% Note: One successful source step
Supplies reduced to  70.8552% Supplies reduced to  61.2676% Note: One successful source step
Supplies reduced to  62.2676% Note: One successful source step
Supplies reduced to  63.7676% Note: One successful source step
Supplies reduced to  66.0176% Note: One successful source step
Supplies reduced to  69.3926% Supplies reduced to  66.0176% Note: One successful source step
Supplies reduced to  66.5239% Note: One successful source step
Supplies reduced to  67.2833% Supplies reduced to  66.5239% Note: One successful source step
Supplies reduced to  66.6378% Note: One successful source step
Supplies reduced to  66.8087% Note: One successful source step
Supplies reduced to  67.0649% Supplies reduced to  66.8087% Note: One successful source step
Supplies reduced to  66.8471% Note: One successful source step
Supplies reduced to  66.9048% Supplies reduced to  66.8471% Note: One successful source step
Supplies reduced to  66.8557% Note: One successful source step
Supplies reduced to  66.8687% Note: One successful source step
Supplies reduced to  66.8882% Note: One successful source step
Supplies reduced to  66.9174% Supplies reduced to  66.8882% Note: One successful source step
Supplies reduced to  66.8926% Note: One successful source step
Supplies reduced to  66.8991% Supplies reduced to  66.8926% Note: One successful source step
Supplies reduced to  66.8935% Supplies reduced to  66.8926% Note: One successful source step
Supplies reduced to  66.8927% Note: One successful source step
Supplies reduced to  66.8929% Note: One successful source step
Supplies reduced to  66.8933% Note: One successful source step
Supplies reduced to  66.8938% Supplies reduced to  66.8933% Note: One successful source step
Supplies reduced to  66.8933% Warning: source stepping failed
doAnalyses: Too many iterations without convergence

dc simulation(s) aborted
Error(parse.c--checkvalid): vldo_sup_2_8: zero length vector.
Error: RHS "abs((vldo_sup_2_8-vldo_sup_2)/0.8)" invalid
Error(parse.c--checkvalid): line_reg: zero length vector.
Error(parse.c--checkvalid): vin: zero length vector.
Error: RHS "vin-1.764" invalid
Error(parse.c--checkvalid): dropout: zero length vector.
Error: no such vector dropout
Note: Starting true gmin stepping
Trying gmin =   1.0000E-03 Note: One successful gmin step
Trying gmin =   1.0000E-04 Note: One successful gmin step
Trying gmin =   1.0000E-05 Note: One successful gmin step
Trying gmin =   1.0000E-06 Note: One successful gmin step
Trying gmin =   1.0000E-07 Note: One successful gmin step
Trying gmin =   1.0000E-08 Warning: Further gmin increment
Trying gmin =   5.6234E-08 Warning: Further gmin increment
Trying gmin =   8.6596E-08 Warning: Further gmin increment
Trying gmin =   9.6466E-08 Note: One successful gmin step
Trying gmin =   9.1398E-08 Warning: Further gmin increment
Trying gmin =   9.5173E-08 Note: One successful gmin step
Trying gmin =   9.3267E-08 Note: One successful gmin step
Trying gmin =   9.0478E-08 Warning: Further gmin increment
Trying gmin =   9.2562E-08 Note: One successful gmin step
Trying gmin =   9.1514E-08 Warning: Further gmin increment
Trying gmin =   9.2299E-08 Note: One successful gmin step
Trying gmin =   9.1905E-08 Note: One successful gmin step
Trying gmin =   9.1319E-08 Warning: Further gmin increment
Trying gmin =   9.1758E-08 Note: One successful gmin step
Trying gmin =   9.1538E-08 Note: One successful gmin step
Trying gmin =   9.1209E-08 Warning: Further gmin increment
Trying gmin =   9.1456E-08 Warning: Further gmin increment
Trying gmin =   9.1518E-08 Warning: Further gmin increment
Trying gmin =   9.1533E-08 Note: One successful gmin step
Trying gmin =   9.1525E-08 Note: One successful gmin step
Trying gmin =   9.1514E-08 Warning: Further gmin increment
Trying gmin =   9.1522E-08 Note: One successful gmin step
Trying gmin =   9.1518E-08 Warning: Last gmin step failed
Warning: True gmin stepping failed
Note: Starting dynamic gmin stepping
Trying gmin =   1.0000E-03 Note: One successful gmin step
Trying gmin =   1.0000E-04 Note: One successful gmin step
Trying gmin =   1.0000E-05 Note: One successful gmin step
Trying gmin =   1.0000E-06 Note: One successful gmin step
Trying gmin =   1.0000E-07 Warning: Further gmin increment
Trying gmin =   5.6234E-07 Note: One successful gmin step
Trying gmin =   2.3714E-07 Warning: Further gmin increment
Trying gmin =   4.5316E-07 Note: One successful gmin step
Trying gmin =   3.2781E-07 Warning: Further gmin increment
Trying gmin =   4.1792E-07 Warning: Further gmin increment
Trying gmin =   4.4408E-07 Note: One successful gmin step
Trying gmin =   4.3080E-07 Note: One successful gmin step
Trying gmin =   4.1163E-07 Warning: Further gmin increment
Trying gmin =   4.2593E-07 Warning: Further gmin increment
Trying gmin =   4.2958E-07 Note: One successful gmin step
Trying gmin =   4.2775E-07 Note: One successful gmin step
Trying gmin =   4.2502E-07 Warning: Further gmin increment
Trying gmin =   4.2706E-07 Note: One successful gmin step
Trying gmin =   4.2604E-07 Warning: Further gmin increment
Trying gmin =   4.2681E-07 Note: One successful gmin step
Trying gmin =   4.2642E-07 Warning: Further gmin increment
Trying gmin =   4.2671E-07 Note: One successful gmin step
Trying gmin =   4.2657E-07 Warning: Further gmin increment
Trying gmin =   4.2667E-07 Note: One successful gmin step
Trying gmin =   4.2662E-07 Warning: Further gmin increment
Trying gmin =   4.2666E-07 Note: One successful gmin step
Trying gmin =   4.2664E-07 Warning: Last gmin step failed
Warning: Dynamic gmin stepping failed
Note: Starting source stepping
Supplies reduced to   0.0000% Note: One successful source step
Supplies reduced to   0.1000% Note: One successful source step
Supplies reduced to   0.2000% Note: One successful source step
Supplies reduced to   0.3500% Note: One successful source step
Supplies reduced to   0.5750% Note: One successful source step
Supplies reduced to   0.9125% Note: One successful source step
Supplies reduced to   1.4188% Note: One successful source step
Supplies reduced to   2.1781% Note: One successful source step
Supplies reduced to   3.3172% Note: One successful source step
Supplies reduced to   5.0258% Note: One successful source step
Supplies reduced to   7.5887% Note: One successful source step
Supplies reduced to  11.4330% Note: One successful source step
Supplies reduced to  17.1995% Note: One successful source step
Supplies reduced to  25.8493% Note: One successful source step
Supplies reduced to  38.8239% Supplies reduced to  25.8493% Note: One successful source step
Supplies reduced to  26.4980% Note: One successful source step
Supplies reduced to  27.4711% Note: One successful source step
Supplies reduced to  28.9307% Note: One successful source step
Supplies reduced to  31.1202% Note: One successful source step
Supplies reduced to  34.4044% Note: One successful source step
Supplies reduced to  39.3307% Note: One successful source step
Supplies reduced to  46.7202% Supplies reduced to  39.3307% Note: One successful source step
Supplies reduced to  40.0697% Note: One successful source step
Supplies reduced to  41.1781% Note: One successful source step
Supplies reduced to  42.8407% Note: One successful source step
Supplies reduced to  45.3347% Supplies reduced to  42.8407% Note: One successful source step
Supplies reduced to  43.2148% Note: One successful source step
Supplies reduced to  43.7759% Note: One successful source step
Supplies reduced to  44.6177% Note: One successful source step
Supplies reduced to  45.8802% Note: One successful source step
Supplies reduced to  47.7740% Note: One successful source step
Supplies reduced to  50.6148% Note: One successful source step
Supplies reduced to  54.8759% Note: One successful source step
Supplies reduced to  61.2676% Note: One successful source step
Supplies reduced to  70.8552% Supplies reduced to  61.2676% Note: One successful source step
Supplies reduced to  62.2676% Note: One successful source step
Supplies reduced to  63.7676% Note: One successful source step
Supplies reduced to  66.0176% Note: One successful source step
Supplies reduced to  69.3926% Supplies reduced to  66.0176% Note: One successful source step
Supplies reduced to  66.5239% Note: One successful source step
Supplies reduced to  67.2833% Supplies reduced to  66.5239% Note: One successful source step
Supplies reduced to  66.6378% Note: One successful source step
Supplies reduced to  66.8087% Note: One successful source step
Supplies reduced to  67.0649% Supplies reduced to  66.8087% Note: One successful source step
Supplies reduced to  66.8471% Note: One successful source step
Supplies reduced to  66.9048% Supplies reduced to  66.8471% Note: One successful source step
Supplies reduced to  66.8557% Note: One successful source step
Supplies reduced to  66.8687% Note: One successful source step
Supplies reduced to  66.8882% Note: One successful source step
Supplies reduced to  66.9174% Supplies reduced to  66.8882% Note: One successful source step
Supplies reduced to  66.8926% Note: One successful source step
Supplies reduced to  66.8991% Supplies reduced to  66.8926% Note: One successful source step
Supplies reduced to  66.8935% Supplies reduced to  66.8926% Note: One successful source step
Supplies reduced to  66.8927% Note: One successful source step
Supplies reduced to  66.8929% Note: One successful source step
Supplies reduced to  66.8933% Note: One successful source step
Supplies reduced to  66.8938% Supplies reduced to  66.8933% Note: One successful source step
Supplies reduced to  66.8933% Warning: source stepping failed
doAnalyses: Too many iterations without convergence

ac simulation(s) aborted
Error(parse.c--checkvalid): ldo_out: zero length vector.
Error: RHS "(180/pi)*vp(ldo_out)" invalid
Error: no such vector PM
Note: Starting true gmin stepping
Trying gmin =   1.0000E-03 Note: One successful gmin step
Trying gmin =   1.0000E-04 Note: One successful gmin step
Trying gmin =   1.0000E-05 Note: One successful gmin step
Trying gmin =   1.0000E-06 Note: One successful gmin step
Trying gmin =   1.0000E-07 Note: One successful gmin step
Trying gmin =   1.0000E-08 Warning: Further gmin increment
Trying gmin =   5.6234E-08 Warning: Further gmin increment
Trying gmin =   8.6596E-08 Warning: Further gmin increment
Trying gmin =   9.6466E-08 Note: One successful gmin step
Trying gmin =   9.1398E-08 Warning: Further gmin increment
Trying gmin =   9.5173E-08 Note: One successful gmin step
Trying gmin =   9.3267E-08 Note: One successful gmin step
Trying gmin =   9.0478E-08 Warning: Further gmin increment
Trying gmin =   9.2562E-08 Note: One successful gmin step
Trying gmin =   9.1514E-08 Warning: Further gmin increment
Trying gmin =   9.2299E-08 Note: One successful gmin step
Trying gmin =   9.1905E-08 Note: One successful gmin step
Trying gmin =   9.1319E-08 Warning: Further gmin increment
Trying gmin =   9.1758E-08 Note: One successful gmin step
Trying gmin =   9.1538E-08 Note: One successful gmin step
Trying gmin =   9.1209E-08 Warning: Further gmin increment
Trying gmin =   9.1456E-08 Warning: Further gmin increment
Trying gmin =   9.1518E-08 Warning: Further gmin increment
Trying gmin =   9.1533E-08 Note: One successful gmin step
Trying gmin =   9.1525E-08 Note: One successful gmin step
Trying gmin =   9.1514E-08 Warning: Further gmin increment
Trying gmin =   9.1522E-08 Note: One successful gmin step
Trying gmin =   9.1518E-08 Warning: Last gmin step failed
Warning: True gmin stepping failed
Note: Starting dynamic gmin stepping
Trying gmin =   1.0000E-03 Note: One successful gmin step
Trying gmin =   1.0000E-04 Note: One successful gmin step
Trying gmin =   1.0000E-05 Note: One successful gmin step
Trying gmin =   1.0000E-06 Note: One successful gmin step
Trying gmin =   1.0000E-07 Warning: Further gmin increment
Trying gmin =   5.6234E-07 Note: One successful gmin step
Trying gmin =   2.3714E-07 Warning: Further gmin increment
Trying gmin =   4.5316E-07 Note: One successful gmin step
Trying gmin =   3.2781E-07 Warning: Further gmin increment
Trying gmin =   4.1792E-07 Warning: Further gmin increment
Trying gmin =   4.4408E-07 Note: One successful gmin step
Trying gmin =   4.3080E-07 Note: One successful gmin step
Trying gmin =   4.1163E-07 Warning: Further gmin increment
Trying gmin =   4.2593E-07 Warning: Further gmin increment
Trying gmin =   4.2958E-07 Note: One successful gmin step
Trying gmin =   4.2775E-07 Note: One successful gmin step
Trying gmin =   4.2502E-07 Warning: Further gmin increment
Trying gmin =   4.2706E-07 Note: One successful gmin step
Trying gmin =   4.2604E-07 Warning: Further gmin increment
Trying gmin =   4.2681E-07 Note: One successful gmin step
Trying gmin =   4.2642E-07 Warning: Further gmin increment
Trying gmin =   4.2671E-07 Note: One successful gmin step
Trying gmin =   4.2657E-07 Warning: Further gmin increment
Trying gmin =   4.2667E-07 Note: One successful gmin step
Trying gmin =   4.2662E-07 Warning: Further gmin increment
Trying gmin =   4.2666E-07 Note: One successful gmin step
Trying gmin =   4.2664E-07 Warning: Last gmin step failed
Warning: Dynamic gmin stepping failed
Note: Starting source stepping
Supplies reduced to   0.0000% Note: One successful source step
Supplies reduced to   0.1000% Note: One successful source step
Supplies reduced to   0.2000% Note: One successful source step
Supplies reduced to   0.3500% Note: One successful source step
Supplies reduced to   0.5750% Note: One successful source step
Supplies reduced to   0.9125% Note: One successful source step
Supplies reduced to   1.4188% Note: One successful source step
Supplies reduced to   2.1781% Note: One successful source step
Supplies reduced to   3.3172% Note: One successful source step
Supplies reduced to   5.0258% Note: One successful source step
Supplies reduced to   7.5887% Note: One successful source step
Supplies reduced to  11.4330% Note: One successful source step
Supplies reduced to  17.1995% Note: One successful source step
Supplies reduced to  25.8493% Note: One successful source step
Supplies reduced to  38.8239% Supplies reduced to  25.8493% Note: One successful source step
Supplies reduced to  26.4980% Note: One successful source step
Supplies reduced to  27.4711% Note: One successful source step
Supplies reduced to  28.9307% Note: One successful source step
Supplies reduced to  31.1202% Note: One successful source step
Supplies reduced to  34.4044% Note: One successful source step
Supplies reduced to  39.3307% Note: One successful source step
Supplies reduced to  46.7202% Supplies reduced to  39.3307% Note: One successful source step
Supplies reduced to  40.0697% Note: One successful source step
Supplies reduced to  41.1781% Note: One successful source step
Supplies reduced to  42.8407% Note: One successful source step
Supplies reduced to  45.3347% Supplies reduced to  42.8407% Note: One successful source step
Supplies reduced to  43.2148% Note: One successful source step
Supplies reduced to  43.7759% Note: One successful source step
Supplies reduced to  44.6177% Note: One successful source step
Supplies reduced to  45.8802% Note: One successful source step
Supplies reduced to  47.7740% Note: One successful source step
Supplies reduced to  50.6148% Note: One successful source step
Supplies reduced to  54.8759% Note: One successful source step
Supplies reduced to  61.2676% Note: One successful source step
Supplies reduced to  70.8552% Supplies reduced to  61.2676% Note: One successful source step
Supplies reduced to  62.2676% Note: One successful source step
Supplies reduced to  63.7676% Note: One successful source step
Supplies reduced to  66.0176% Note: One successful source step
Supplies reduced to  69.3926% Supplies reduced to  66.0176% Note: One successful source step
Supplies reduced to  66.5239% Note: One successful source step
Supplies reduced to  67.2833% Supplies reduced to  66.5239% Note: One successful source step
Supplies reduced to  66.6378% Note: One successful source step
Supplies reduced to  66.8087% Note: One successful source step
Supplies reduced to  67.0649% Supplies reduced to  66.8087% Note: One successful source step
Supplies reduced to  66.8471% Note: One successful source step
Supplies reduced to  66.9048% Supplies reduced to  66.8471% Note: One successful source step
Supplies reduced to  66.8557% Note: One successful source step
Supplies reduced to  66.8687% Note: One successful source step
Supplies reduced to  66.8882% Note: One successful source step
Supplies reduced to  66.9174% Supplies reduced to  66.8882% Note: One successful source step
Supplies reduced to  66.8926% Note: One successful source step
Supplies reduced to  66.8991% Supplies reduced to  66.8926% Note: One successful source step
Supplies reduced to  66.8935% Supplies reduced to  66.8926% Note: One successful source step
Supplies reduced to  66.8927% Note: One successful source step
Supplies reduced to  66.8929% Note: One successful source step
Supplies reduced to  66.8933% Note: One successful source step
Supplies reduced to  66.8938% Supplies reduced to  66.8933% Note: One successful source step
Supplies reduced to  66.8933% Warning: source stepping failed

No compatibility mode selected!


Circuit: * ldo netlist 

Doing analysis at TEMP = 27.000000 and TNOM = 27.000000


No. of Data Rows : 86
temp_coeff = 2.653417e+01
Doing analysis at TEMP = 27.000000 and TNOM = 27.000000


Error: measure  vldo_sup_2  (AT) : out of interval
 meas dc vldo_sup_2 find ldo_out at=2 failed!


Error: measure  vldo_sup_2_8  (AT) : out of interval
 meas dc vldo_sup_2_8 find ldo_out at=2.8 failed!


Error: measure  vin  (WHEN) : out of interval
 meas dc vin when v(ldo_out)=1.764 failed!

Doing analysis at TEMP = 27.000000 and TNOM = 27.000000


AC operating point failed -

Last Node Voltages
------------------

Node                                   Last Voltage        Previous Iter
----                                   ------------        -------------
inn                                        0.744644             0.744654
mir                                        0.737744             0.737745
vdd                                         1.87301              1.87301
inp                                        0.743535             0.743545
bg_out                                     0.539601             0.539609
net3                                       0.571507             0.571515
net1                                       0.570213             0.570221
net2                                        1.20974              1.20948
net5                                       0.841421             0.841415
net4                                      0.0190095            0.0190119
net6                                       0.880267             0.880268
xc1.a                                             0                    0
xc1.b1                                            0                    0
xr1.xsky130_fd_pr__res_xhigh_po_0p69.ra             0.574156             0.574164
net7                                       0.570404             0.570412
xr2.xsky130_fd_pr__res_xhigh_po_0p69.ra             0.575259             0.575267
xr3.xsky130_fd_pr__res_xhigh_po_0p69.ra           0.00383884            0.0038389
xr4.xsky130_fd_pr__res_xhigh_po_0p69.ra             0.570221             0.570229
xr5.xsky130_fd_pr__res_xhigh_po_0p69.ra           0.00383111           0.00383116
xr6.xsky130_fd_pr__res_xhigh_po_0p69.ra           0.00387279           0.00387285
net9                                        1.05422              1.05421
net10                                   0.000627829          0.000627904
net8                                       0.799138             0.799139
pos                                        0.543281             0.543289
vb                                         0.899887             0.899888
out                                        0.595556             0.595555
ldo_out                                    0.892565             0.892578
net12                                      0.595556             0.595555
net11                                      0.595556             0.595555
xc3.a                                      0.799138             0.799139
xc3.b1                                     0.799138             0.799139
xr7.xsky130_fd_pr__res_xhigh_po_0p69.ra             0.595556             0.595555
xr8.xsky130_fd_pr__res_xhigh_po_0p69.ra             0.549321             0.549329
xr9.xsky130_fd_pr__res_xhigh_po_0p69.ra           0.00612047           0.00612056
net13                                             0                    0
l1#branch                                         0         -1.73472e-18
vs#branch                                -0.0496365           -0.0496372
vt#branch                                         0                    0


Error: measure  pm  (AT) : out of interval
 meas ac pm find p when vdb(ldo_out)=0 failed!

Doing analysis at TEMP = 27.000000 and TNOM = 27.000000


AC operating point failed -

Last Node Voltages
------------------

Node                                   Last Voltage        Previous Iter
----                                   ------------        -------------
inn                                        0.744644             0.744654
mir          doAnalyses: Too many iterations without convergence

ac simulation(s) aborted
Error: no such vector PSRR100
Note: No ".plot", ".print", or ".fourier" lines; no simulations run
                              0.737744             0.737745
vdd                                         1.87301              1.87301
inp                                        0.743535             0.743545
bg_out                                     0.539601             0.539609
net3                                       0.571507             0.571515
net1                                       0.570213             0.570221
net2                                        1.20974              1.20948
net5                                       0.841421             0.841415
net4                                      0.0190095            0.0190119
net6                                       0.880267             0.880268
xc1.a                                             0                    0
xc1.b1                                            0                    0
xr1.xsky130_fd_pr__res_xhigh_po_0p69.ra             0.574156             0.574164
net7                                       0.570404             0.570412
xr2.xsky130_fd_pr__res_xhigh_po_0p69.ra             0.575259             0.575267
xr3.xsky130_fd_pr__res_xhigh_po_0p69.ra           0.00383884            0.0038389
xr4.xsky130_fd_pr__res_xhigh_po_0p69.ra             0.570221             0.570229
xr5.xsky130_fd_pr__res_xhigh_po_0p69.ra           0.00383111           0.00383116
xr6.xsky130_fd_pr__res_xhigh_po_0p69.ra           0.00387279           0.00387285
net9                                        1.05422              1.05421
net10                                   0.000627829          0.000627904
net8                                       0.799138             0.799139
pos                                        0.543281             0.543289
vb                                         0.899887             0.899888
out                                        0.595556             0.595555
ldo_out                                    0.892565             0.892578
net12                                      0.595556             0.595555
net11                                      0.595556             0.595555
xc3.a                                      0.799138             0.799139
xc3.b1                                     0.799138             0.799139
xr7.xsky130_fd_pr__res_xhigh_po_0p69.ra             0.595556             0.595555
xr8.xsky130_fd_pr__res_xhigh_po_0p69.ra             0.549321             0.549329
xr9.xsky130_fd_pr__res_xhigh_po_0p69.ra           0.00612047           0.00612056
net13                                             0                    0
l1#branch                                         0         -1.73472e-18
vs#branch                                -0.0496365           -0.0496372
vt#branch                                         0                    0


Error: measure  psrr100  (AT) : out of interval
 meas ac psrr100 find vdb(ldo_out) at=100 failed!


Error: measure  psrr100k  (AT) : out of interval
 meas ac psrr100k find vdb(ldo_out) at=100k failed!

