 Reference value :  8.50000e+01Note: Starting true gmin stepping
Trying gmin =   1.0000E-03 Note: One successful gmin step
Trying gmin =   1.0000E-04 Note: One successful gmin step
Trying gmin =   1.0000E-05 Note: One successful gmin step
Trying gmin =   1.0000E-06 Note: One successful gmin step
Trying gmin =   1.0000E-07 Note: One successful gmin step
Trying gmin =   1.0000E-08 Warning: Further gmin increment
Trying gmin =   5.6234E-08 Warning: Further gmin increment
Trying gmin =   8.6596E-08 Note: One successful gmin step
Trying gmin =   6.9783E-08 Warning: Further gmin increment
Trying gmin =   8.2047E-08 Note: One successful gmin step
Trying gmin =   7.5667E-08 Note: One successful gmin step
Trying gmin =   6.9783E-08 Note: One successful gmin step
Trying gmin =   6.1804E-08 Note: One successful gmin step
Trying gmin =   5.1513E-08 Note: One successful gmin step
Trying gmin =   3.9198E-08 Note: One successful gmin step
Trying gmin =   2.6019E-08 Note: One successful gmin step
Trying gmin =   1.4071E-08 Note: One successful gmin step
Trying gmin =   5.5958E-09 Note: One successful gmin step
Trying gmin =   1.4034E-09 Note: One successful gmin step
Trying gmin =   1.7627E-10 Note: One successful gmin step
Trying gmin =   1.7627E-11 Note: One successful gmin step
Trying gmin =   1.7627E-12 Note: One successful gmin step
Trying gmin =   1.0000E-12 Note: One successful gmin step
Note: True gmin stepping completed
 Reference value :  2.80000e+00Note: Starting true gmin stepping
Trying gmin =   1.0000E-03 Note: One successful gmin step
Trying gmin =   1.0000E-04 Note: One successful gmin step
Trying gmin =   1.0000E-05 Note: One successful gmin step
Trying gmin =   1.0000E-06 Note: One successful gmin step
Trying gmin =   1.0000E-07 Note: One successful gmin step
Trying gmin =   1.0000E-08 Note: One successful gmin step
Trying gmin =   3.1623E-09 Note: One successful gmin step
Trying gmin =   5.6234E-10 Note: One successful gmin step
Trying gmin =   5.6234E-11 Warning: Further gmin increment
Trying gmin =   3.1623E-10 Note: One successful gmin step
Trying gmin =   1.3335E-10 Warning: Further gmin increment
Trying gmin =   2.5483E-10 Note: One successful gmin step
Trying gmin =   1.8434E-10 Note: One successful gmin step
Trying gmin =   1.1342E-10 Note: One successful gmin step
Trying gmin =   5.4737E-11 Note: One successful gmin step
Trying gmin =   1.8352E-11 Note: One successful gmin step
Trying gmin =   3.5625E-12 Note: One successful gmin step
Trying gmin =   1.0000E-12 Note: One successful gmin step
Note: True gmin stepping completed
 Reference value :  1.08000e+00Note: Starting true gmin stepping
Trying gmin =   1.0000E-03 Note: One successful gmin step
Trying gmin =   1.0000E-04 Note: One successful gmin step
Trying gmin =   1.0000E-05 Note: One successful gmin step
Trying gmin =   1.0000E-06 Note: One successful gmin step
Trying gmin =   1.0000E-07 Note: One successful gmin step
Trying gmin =   1.0000E-08 Note: One successful gmin step
Trying gmin =   1.0000E-09 Note: One successful gmin step
Trying gmin =   1.0000E-10 Warning: Further gmin increment
Trying gmin =   5.6234E-10 Note: One successful gmin step
Trying gmin =   2.3714E-10 Note: One successful gmin step
Trying gmin =   6.4938E-11 Warning: Further gmin increment
Trying gmin =   1.7154E-10 Note: One successful gmin step
Trying gmin =   1.0554E-10 Note: One successful gmin step
Trying gmin =   5.0937E-11 Note: One successful gmin step
Trying gmin =   1.7077E-11 Note: One successful gmin step
Trying gmin =   3.3152E-12 Note: One successful gmin step
Trying gmin =   1.0000E-12 Note: One successful gmin step
Note: True gmin stepping completed
Note: Starting true gmin stepping
Trying gmin =   1.0000E-03 Note: One successful gmin step
Trying gmin =   1.0000E-04 Note: One successful gmin step
Trying gmin =   1.0000E-05 Note: One successful gmin step
Trying gmin =   1.0000E-06 Note: One successful gmin step
Trying gmin =   1.0000E-07 Note: One successful gmin step
Trying gmin =   1.0000E-08 Note: One successful gmin step
Trying gmin =   1.0000E-09 Note: One successful gmin step
Trying gmin =   1.0000E-10 Note: One successful gmin step
Trying gmin =   1.0000E-11 Note: One successful gmin step
Trying gmin =   1.0000E-12 Note: One successful gmin step
Trying gmin =   1.0000E-12 Warning: Last gmin step failed
Warning: True gmin stepping failed
Note: Starting dynamic gmin stepping
Trying gmin =   1.0000E-03 Note: One successful gmin step
Trying gmin =   1.0000E-04 Note: One successful gmin step
Trying gmin =   1.0000E-05 Note: One successful gmin step
Trying gmin =   1.0000E-06 Note: One successful gmin step
Trying gmin =   1.0000E-07 Note: One successful gmin step
Trying gmin =   1.0000E-08 Note: One successful gmin step
Trying gmin =   1.0000E-09 Note: One successful gmin step
Trying gmin =   1.0000E-10 Note: One successful gmin step
Trying gmin =   1.0000E-11 Note: One successful gmin step
Trying gmin =   1.0000E-12 Note: One successful gmin step
Trying gmin =   1.0000E-12 Note: One successful gmin step
Warning: Dynamic gmin stepping failed
Note: Starting source stepping
Supplies reduced to   0.0000% Note: One successful source step
Supplies reduced to   0.1000% Note: One successful source step
Supplies reduced to   0.2000% Note: One successful source step
Supplies reduced to   0.3500% Note: One successful source step
Supplies reduced to   0.5750% Note: One successful source step
Supplies reduced to   0.9125% Note: One successful source step
Supplies reduced to   1.4188% Note: One successful source step
Supplies reduced to   2.1781% Note: One successful source step
Supplies reduced to   3.3172% Note: One successful source step
Supplies reduced to   5.0258% Note: One successful source step
Supplies reduced to   7.5887% Note: One successful source step
Supplies reduced to  11.4330% Note: One successful source step
Supplies reduced to  17.1995% Note: One successful source step
Supplies reduced to  25.8493% Note: One successful source step
Supplies reduced to  38.8239% Note: One successful source step
Supplies reduced to  58.2859% Note: One successful source step
Supplies reduced to  87.4788% Note: One successful source step
Supplies reduced to 100.0000% Supplies reduced to  87.4788% Note: One successful source step
Supplies reduced to  88.4788% Note: One successful source step
Supplies reduced to  89.9788% Note: One successful source step
Supplies reduced to  90.7288% Note: One successful source step
Supplies reduced to  91.8538% Note: One successful source step
Supplies reduced to  92.9788% Note: One successful source step
Supplies reduced to  94.1038% Note: One successful source step
Supplies reduced to  95.7913% Note: One successful source step
Supplies reduced to  98.3225% Note: One successful source step
Supplies reduced to 100.0000% Supplies reduced to  98.3225% Note: One successful source step
Supplies reduced to  98.8921% Note: One successful source step
Supplies reduced to  99.7464% Supplies reduced to  98.8921% Note: One successful source step
Supplies reduced to  98.9775% Note: One successful source step
Supplies reduced to  99.1056% Note: One successful source step
Supplies reduced to  99.2979% Note: One successful source step
Supplies reduced to  99.5862% Note: One successful source step
Supplies reduced to 100.0000% Supplies reduced to  99.5862% Note: One successful source step
Supplies reduced to  99.6510% Note: One successful source step
Supplies reduced to  99.7159% Note: One successful source step
Supplies reduced to  99.7484% Supplies reduced to  99.7159% Note: One successful source step
Supplies reduced to  99.7208% Note: One successful source step
Supplies reduced to  99.7257% Note: One successful source step
Supplies reduced to  99.7305% Note: One successful source step
Supplies reduced to  99.7378% Supplies reduced to  99.7305% Note: One successful source step
Supplies reduced to  99.7312% Note: One successful source step
Supplies reduced to  99.7323% Note: One successful source step
Supplies reduced to  99.7340% Note: One successful source step
Supplies reduced to  99.7364% Note: One successful source step
Supplies reduced to  99.7377% Note: One successful source step
Supplies reduced to  99.7389% Supplies reduced to  99.7377% Note: One successful source step
Supplies reduced to  99.7379% Note: One successful source step
Supplies reduced to  99.7380% Note: One successful source step
Supplies reduced to  99.7383% Note: One successful source step
Supplies reduced to  99.7385% Note: One successful source step
Supplies reduced to  99.7385% Warning: source stepping failed
doAnalyses: Too many iterations without convergence

dc simulation(s) aborted

No compatibility mode selected!


Circuit: * ldo netlist 

Doing analysis at TEMP = 85.000000 and TNOM = 27.000000


No. of Data Rows : 86
temp_coeff = 6.547165e+01
Doing analysis at TEMP = 85.000000 and TNOM = 27.000000

vldo_sup_2          =  1.810770e+00
vldo_sup_2_8        =  1.812819e+00
line_reg = 2.561250e-03
Note: Starting true gmin stepping
Trying gmin =   1.0000E-03 Note: One successful gmin step
Trying gmin =   1.0000E-04 Note: One successful gmin step
Trying gmin =   1.0000E-05 Note: One successful gmin step
Trying gmin =   1.0000E-06 Note: One successful gmin step
Trying gmin =   1.0000E-07 Note: One successful gmin step
Trying gmin =   1.0000E-08 Note: One successful gmin step
Trying gmin =   1.0000E-09 Note: One successful gmin step
Trying gmin =   1.0000E-10 Note: One successful gmin step
Trying gmin =   1.0000E-11 Note: One successful gmin step
Trying gmin =   1.0000E-12 Note: One successful gmin step
Trying gmin =   1.0000E-12 Note: One successful gmin step
Note: True gmin stepping completed
 Reference value :  1.00000e+00vin                 =  1.764114e+00
dropout = 1.140000e-04
Doing analysis at TEMP = 85.000000 and TNOM = 27.000000


No. of Data Rows : 91
Error: no such vector PM
Note: Starting true gmin stepping
Trying gmin =   1.0000E-03 Note: One successful gmin step
Trying gmin =   1.0000E-04 Note: One successful gmin step
Trying gmin =   1.0000E-05 Note: One successful gmin step
Trying gmin =   1.0000E-06 Note: One successful gmin step
Trying gmin =   1.0000E-07 Note: One successful gmin step
Trying gmin =   1.0000E-08 Note: One successful gmin step
Trying gmin =   1.0000E-09 Note: One successful gmin step
Trying gmin =   1.0000E-10 Note: One successful gmin step
Trying gmin =   1.0000E-11 Note: One successful gmin step
Trying gmin =   1.0000E-12 Note: One successful gmin step
Trying gmin =   1.0000E-12 Note: One successful gmin step
Note: True gmin stepping completed
Note: No ".plot", ".print", or ".fourier" lines; no simulations run

Error: measure  pm  (AT) : out of interval
 meas ac pm find p when vdb(ldo_out)=0 failed!

Doing analysis at TEMP = 85.000000 and TNOM = 27.000000


No. of Data Rows : 91
psrr100             =  -1.896576e+01
psrr100k            =  -2.304561e+01
