Note: Starting true gmin stepping
Trying gmin =   1.0000E-03 Note: One successful gmin step
Trying gmin =   1.0000E-04 Note: One successful gmin step
Trying gmin =   1.0000E-05 Note: One successful gmin step
Trying gmin =   1.0000E-06 Note: One successful gmin step
Trying gmin =   1.0000E-07 Warning: Further gmin increment
Trying gmin =   5.6234E-07 Note: One successful gmin step
Trying gmin =   2.3714E-07 Note: One successful gmin step
Trying gmin =   6.4938E-08 Warning: Further gmin increment
Trying gmin =   1.7154E-07 Note: One successful gmin step
Trying gmin =   1.0554E-07 Warning: Further gmin increment
Trying gmin =   1.5193E-07 Note: One successful gmin step
Trying gmin =   1.2663E-07 Note: One successful gmin step
Trying gmin =   9.6358E-08 Warning: Further gmin increment
Trying gmin =   1.1827E-07 Note: One successful gmin step
Trying gmin =   1.0675E-07 Warning: Further gmin increment
Trying gmin =   1.1528E-07 Note: One successful gmin step
Trying gmin =   1.1093E-07 Note: One successful gmin step
Trying gmin =   1.0472E-07 Warning: Further gmin increment
Trying gmin =   1.0935E-07 Warning: Further gmin increment
Trying gmin =   1.1054E-07 Note: One successful gmin step
Trying gmin =   1.0994E-07 Note: One successful gmin step
Trying gmin =   1.0905E-07 Warning: Further gmin increment
Trying gmin =   1.0972E-07 Warning: Further gmin increment
Trying gmin =   1.0988E-07 Note: One successful gmin step
Trying gmin =   1.0980E-07 Note: One successful gmin step
Trying gmin =   1.0968E-07 Warning: Further gmin increment
Trying gmin =   1.0977E-07 Note: One successful gmin step
Trying gmin =   1.0972E-07 Warning: Further gmin increment
Trying gmin =   1.0976E-07 Note: One successful gmin step
Trying gmin =   1.0974E-07 Note: One successful gmin step
Trying gmin =   1.0971E-07 Warning: Further gmin increment
Trying gmin =   1.0973E-07 Warning: Further gmin increment
Trying gmin =   1.0974E-07 Note: One successful gmin step
Trying gmin =   1.0974E-07 Note: One successful gmin step
Trying gmin =   1.0973E-07 Warning: Last gmin step failed
Warning: True gmin stepping failed
Note: Starting dynamic gmin stepping
Trying gmin =   1.0000E-03 Note: One successful gmin step
Trying gmin =   1.0000E-04 Note: One successful gmin step
Trying gmin =   1.0000E-05 Note: One successful gmin step
Trying gmin =   1.0000E-06 Note: One successful gmin step
Trying gmin =   3.1623E-07 Warning: Further gmin increment
Trying gmin =   7.4989E-07 Note: One successful gmin step
Trying gmin =   4.8697E-07 Note: One successful gmin step
Trying gmin =   2.5483E-07 Warning: Further gmin increment
Trying gmin =   4.1418E-07 Note: One successful gmin step
Trying gmin =   3.2488E-07 Warning: Further gmin increment
Trying gmin =   3.8978E-07 Note: One successful gmin step
Trying gmin =   3.5585E-07 Warning: Further gmin increment
Trying gmin =   3.8101E-07 Note: One successful gmin step
Trying gmin =   3.6821E-07 Note: One successful gmin step
Trying gmin =   3.4983E-07 Note: One successful gmin step
Trying gmin =   3.4098E-07 Note: One successful gmin step
Trying gmin =   3.2813E-07 Note: One successful gmin step
Trying gmin =   3.0975E-07 Note: One successful gmin step
Trying gmin =   2.8410E-07 Note: One successful gmin step
Trying gmin =   2.4955E-07 Note: One successful gmin step
Trying gmin =   2.0544E-07 Note: One successful gmin step
Trying gmin =   1.5346E-07 Note: One successful gmin step
Trying gmin =   9.9066E-08 Note: One successful gmin step
Trying gmin =   5.1385E-08 Note: One successful gmin step
Trying gmin =   1.9196E-08 Note: One successful gmin step
Trying gmin =   4.3829E-09 Note: One successful gmin step
Trying gmin =   4.7818E-10 Note: One successful gmin step
Trying gmin =   4.7818E-11 Note: One successful gmin step
Trying gmin =   4.7818E-12 Note: One successful gmin step
Trying gmin =   1.0000E-12 Note: One successful gmin step
Note: Dynamic gmin stepping completed
 Reference value :  0.00000e+00
No compatibility mode selected!


Circuit: * ldo netlist 

Doing analysis at TEMP = 0.000000 and TNOM = 27.000000


No. of Data Rows : 1
bg_out = 1.190039e+00
inn = 1.256639e+00
inp = 1.256612e+00
l1#branch = 0.000000e+00
ldo_out = 1.790511e+00
m.xm1.msky130_fd_pr__nfet_g5v0d10v5#body = 1.540581e-11
m.xm1.msky130_fd_pr__nfet_g5v0d10v5#dbody = 3.041472e-11
m.xm1.msky130_fd_pr__nfet_g5v0d10v5#sbody = 1.580271e-11
m.xm2.msky130_fd_pr__pfet_g5v0d10v5#body = 2.100000e+00
m.xm2.msky130_fd_pr__pfet_g5v0d10v5#dbody = 2.100000e+00
m.xm2.msky130_fd_pr__pfet_g5v0d10v5#sbody = 2.100000e+00
m.xm3.msky130_fd_pr__pfet_g5v0d10v5#body = 2.100000e+00
m.xm3.msky130_fd_pr__pfet_g5v0d10v5#dbody = 2.100000e+00
m.xm3.msky130_fd_pr__pfet_g5v0d10v5#sbody = 2.100000e+00
m.xm4.msky130_fd_pr__pfet_g5v0d10v5#body = 2.100000e+00
m.xm4.msky130_fd_pr__pfet_g5v0d10v5#dbody = 2.100000e+00
m.xm4.msky130_fd_pr__pfet_g5v0d10v5#sbody = 2.100000e+00
m.xm5.msky130_fd_pr__pfet_g5v0d10v5#body = 2.100000e+00
m.xm5.msky130_fd_pr__pfet_g5v0d10v5#dbody = 2.100000e+00
m.xm5.msky130_fd_pr__pfet_g5v0d10v5#sbody = 2.100000e+00
m.xm6.msky130_fd_pr__nfet_g5v0d10v5#body = 1.158932e-11
m.xm6.msky130_fd_pr__nfet_g5v0d10v5#dbody = 2.897329e-11
m.xm6.msky130_fd_pr__nfet_g5v0d10v5#sbody = 5.794664e-12
m.xm7.msky130_fd_pr__pfet_g5v0d10v5#body = 2.100000e+00
m.xm7.msky130_fd_pr__pfet_g5v0d10v5#dbody = 2.100000e+00
m.xm7.msky130_fd_pr__pfet_g5v0d10v5#sbody = 2.100000e+00
m.xm8.msky130_fd_pr__pfet_g5v0d10v5#body = 2.100000e+00
m.xm8.msky130_fd_pr__pfet_g5v0d10v5#dbody = 2.100000e+00
m.xm8.msky130_fd_pr__pfet_g5v0d10v5#sbody = 2.100000e+00
m.xm9.msky130_fd_pr__nfet_g5v0d10v5#body = 1.570556e-11
m.xm9.msky130_fd_pr__nfet_g5v0d10v5#dbody = 3.268225e-11
m.xm9.msky130_fd_pr__nfet_g5v0d10v5#sbody = 1.443444e-11
m.xm10.msky130_fd_pr__nfet_g5v0d10v5#body = 1.564200e-11
m.xm10.msky130_fd_pr__nfet_g5v0d10v5#dbody = 3.252335e-11
m.xm10.msky130_fd_pr__nfet_g5v0d10v5#sbody = 1.440266e-11
m.xm11.msky130_fd_pr__pfet_g5v0d10v5#body = 2.100000e+00
m.xm11.msky130_fd_pr__pfet_g5v0d10v5#dbody = 2.100000e+00
m.xm11.msky130_fd_pr__pfet_g5v0d10v5#sbody = 2.100000e+00
m.xm12.msky130_fd_pr__pfet_g5v0d10v5#body = 2.100000e+00
m.xm12.msky130_fd_pr__pfet_g5v0d10v5#dbody = 2.100000e+00
m.xm12.msky130_fd_pr__pfet_g5v0d10v5#sbody = 2.100000e+00
m.xm13.msky130_fd_pr__nfet_g5v0d10v5#body = 3.290810e-12
m.xm13.msky130_fd_pr__nfet_g5v0d10v5#dbody = 8.227013e-12
m.xm13.msky130_fd_pr__nfet_g5v0d10v5#sbody = 1.645415e-12
m.xm14.msky130_fd_pr__pfet_g5v0d10v5#body = 2.100000e+00
m.xm14.msky130_fd_pr__pfet_g5v0d10v5#dbody = 2.100000e+00
m.xm14.msky130_fd_pr__pfet_g5v0d10v5#sbody = 2.100000e+00
m.xm15.msky130_fd_pr__nfet_g5v0d10v5#body = 1.189101e-17
m.xm15.msky130_fd_pr__nfet_g5v0d10v5#dbody = 2.972641e-17
m.xm15.msky130_fd_pr__nfet_g5v0d10v5#sbody = 5.946623e-18
m.xm16.msky130_fd_pr__nfet_g5v0d10v5#body = 4.195811e-11
m.xm16.msky130_fd_pr__nfet_g5v0d10v5#dbody = 7.347917e-11
m.xm16.msky130_fd_pr__nfet_g5v0d10v5#sbody = 5.239515e-11
m.xm17.msky130_fd_pr__pfet_g5v0d10v5#body = 2.100000e+00
m.xm17.msky130_fd_pr__pfet_g5v0d10v5#dbody = 2.100000e+00
m.xm17.msky130_fd_pr__pfet_g5v0d10v5#sbody = 2.100000e+00
m.xm18.msky130_fd_pr__nfet_g5v0d10v5#body = 7.824200e-12
m.xm18.msky130_fd_pr__nfet_g5v0d10v5#dbody = 1.956049e-11
m.xm18.msky130_fd_pr__nfet_g5v0d10v5#sbody = 3.912112e-12
m.xm19.msky130_fd_pr__nfet_g5v0d10v5#body = 1.544113e-11
m.xm19.msky130_fd_pr__nfet_g5v0d10v5#dbody = 3.050301e-11
m.xm19.msky130_fd_pr__nfet_g5v0d10v5#sbody = 1.582037e-11
m.xm20.msky130_fd_pr__nfet_g5v0d10v5#body = 1.162740e-11
m.xm20.msky130_fd_pr__nfet_g5v0d10v5#dbody = 2.906848e-11
m.xm20.msky130_fd_pr__nfet_g5v0d10v5#sbody = 5.813711e-12
m.xm22.msky130_fd_pr__nfet_g5v0d10v5#body = 4.049939e-12
m.xm22.msky130_fd_pr__nfet_g5v0d10v5#dbody = 1.012484e-11
m.xm22.msky130_fd_pr__nfet_g5v0d10v5#sbody = 2.024974e-12
m.xm24.msky130_fd_pr__pfet_g5v0d10v5#body = 2.100000e+00
m.xm24.msky130_fd_pr__pfet_g5v0d10v5#dbody = 2.100000e+00
m.xm24.msky130_fd_pr__pfet_g5v0d10v5#sbody = 2.100000e+00
m.xm26.msky130_fd_pr__pfet_g5v0d10v5#body = 2.100000e+00
m.xm26.msky130Note: Starting true gmin stepping
Trying gmin =   1.0000E-03 Note: One successful gmin step
Trying gmin =   1.0000E-04 Note: One successful gmin step
Trying gmin =   1.0000E-05 Note: One successful gmin step
Trying gmin =   1.0000E-06 Note: One successful gmin step
Trying gmin =   1.0000E-07 Warning: Further gmin increment
Trying gmin =   5.6234E-07 Note: One successful gmin step
Trying gmin =   2.3714E-07 Note: One successful gmin step
Trying gmin =   6.4938E-08 Warning: Further gmin increment
Trying gmin =   1.7154E-07 Note: One successful gmin step
Trying gmin =   1.0554E-07 Warning: Further gmin increment
Trying gmin =   1.5193E-07 Note: One successful gmin step
Trying gmin =   1.2663E-07 Note: One successful gmin step
Trying gmin =   9.6358E-08 Warning: Further gmin increment
Trying gmin =   1.1827E-07 Note: One successful gmin step
Trying gmin =   1.0675E-07 Warning: Further gmin increment
Trying gmin =   1.1528E-07 Note: One successful gmin step
Trying gmin =   1.1093E-07 Note: One successful gmin step
Trying gmin =   1.0472E-07 Warning: Further gmin increment
Trying gmin =   1.0935E-07 Warning: Further gmin increment
Trying gmin =   1.1054E-07 Note: One successful gmin step
Trying gmin =   1.0994E-07 Note: One successful gmin step
Trying gmin =   1.0905E-07 Warning: Further gmin increment
Trying gmin =   1.0972E-07 Warning: Further gmin increment
Trying gmin =   1.0988E-07 Note: One successful gmin step
Trying gmin =   1.0980E-07 Note: One successful gmin step
Trying gmin =   1.0968E-07 Warning: Further gmin increment
Trying gmin =   1.0977E-07 Note: One successful gmin step
Trying gmin =   1.0972E-07 Warning: Further gmin increment
Trying gmin =   1.0976E-07 Note: One successful gmin step
Trying gmin =   1.0974E-07 Note: One successful gmin step
Trying gmin =   1.0971E-07 Warning: Further gmin increment
Trying gmin =   1.0973E-07 Warning: Further gmin increment
Trying gmin =   1.0974E-07 Note: One successful gmin step
Trying gmin =   1.0974E-07 Note: One successful gmin step
Trying gmin =   1.0973E-07 Warning: Last gmin step failed
Warning: True gmin stepping failed
Note: Starting dynamic gmin stepping
Trying gmin =   1.0000E-03 Note: One successful gmin step
Trying gmin =   1.0000E-04 Note: One successful gmin step
Trying gmin =   1.0000E-05 Note: One successful gmin step
Trying gmin =   1.0000E-06 Note: One successful gmin step
Trying gmin =   3.1623E-07 Warning: Further gmin increment
Trying gmin =   7.4989E-07 Note: One successful gmin step
Trying gmin =   4.8697E-07 Note: One successful gmin step
Trying gmin =   2.5483E-07 Warning: Further gmin increment
Trying gmin =   4.1418E-07 Note: One successful gmin step
Trying gmin =   3.2488E-07 Warning: Further gmin increment
Trying gmin =   3.8978E-07 Note: One successful gmin step
Trying gmin =   3.5585E-07 Warning: Further gmin increment
Trying gmin =   3.8101E-07 Note: One successful gmin step
Trying gmin =   3.6821E-07 Note: One successful gmin step
Trying gmin =   3.4983E-07 Note: One successful gmin step
Trying gmin =   3.4098E-07 Note: One successful gmin step
Trying gmin =   3.2813E-07 Note: One successful gmin step
Trying gmin =   3.0975E-07 Note: One successful gmin step
Trying gmin =   2.8410E-07 Note: One successful gmin step
Trying gmin =   2.4955E-07 Note: One successful gmin step
Trying gmin =   2.0544E-07 Note: One successful gmin step
Trying gmin =   1.5346E-07 Note: One successful gmin step
Trying gmin =   9.9066E-08 Note: One successful gmin step
Trying gmin =   5.1385E-08 Note: One successful gmin step
Trying gmin =   1.9196E-08 Note: One successful gmin step
Trying gmin =   4.3829E-09 Note: One successful gmin step
Trying gmin =   4.7818E-10 Note: One successful gmin step
Trying gmin =   4.7818E-11 Note: One successful gmin step
Trying gmin =   4.7818E-12 Note: One successful gmin step
Trying gmin =   1.0000E-12 Note: One successful gmin step
Note: Dynamic gmin stepping completed
 Reference value :  1.00000e+00_fd_pr__pfet_g5v0d10v5#dbody = 2.100000e+00
m.xm26.msky130_fd_pr__pfet_g5v0d10v5#sbody = 2.100000e+00
mir = 9.084681e-01
net1 = 7.658074e-01
net2 = 9.507171e-07
net3 = 8.196659e-01
net4 = 3.239874e-01
net5 = 9.112934e-01
net6 = 9.271378e-01
net7 = 8.196382e-01
net8 = 9.880909e-01
net9 = 9.931756e-01
net10 = 2.632630e-01
net11 = 6.259342e-01
net12 = 6.259342e-01
net13 = 0.000000e+00
out = 6.259342e-01
pos = 1.190093e+00
q.xq2.qsky130_fd_pr__pnp_05v5_w0p68l0p68#collcx = 1.995022e-03
q.xq3.qsky130_fd_pr__pnp_05v5_w0p68l0p68#collcx = 2.505641e-04
q.xq4.qsky130_fd_pr__pnp_05v5_w0p68l0p68#collcx = 2.505641e-04
q.xq8.qsky130_fd_pr__pnp_05v5_w0p68l0p68#collcx = 2.505641e-04
q.xq10.qsky130_fd_pr__pnp_05v5_w0p68l0p68#collcx = 2.505641e-04
q.xq12.qsky130_fd_pr__pnp_05v5_w0p68l0p68#collcx = 2.505641e-04
q.xq14.qsky130_fd_pr__pnp_05v5_w0p68l0p68#collcx = 2.505641e-04
q.xq16.qsky130_fd_pr__pnp_05v5_w0p68l0p68#collcx = 2.505641e-04
q.xq18.qsky130_fd_pr__pnp_05v5_w0p68l0p68#collcx = 2.505641e-04
vb = 9.301899e-01
vdd = 2.100000e+00
vs#branch = -9.95980e-02
vt#branch = 0.000000e+00
xc1.a = 0.000000e+00
xc1.b1 = 0.000000e+00
xc3.a = 6.259342e-01
xc3.b1 = 6.259342e-01
xr1.xsky130_fd_pr__res_xhigh_po_0p69.ra = 8.224059e-01
xr2.xsky130_fd_pr__res_xhigh_po_0p69.ra = 8.224336e-01
xr3.xsky130_fd_pr__res_xhigh_po_0p69.ra = 1.971094e-03
xr4.xsky130_fd_pr__res_xhigh_po_0p69.ra = 7.666499e-01
xr5.xsky130_fd_pr__res_xhigh_po_0p69.ra = 1.971023e-03
xr6.xsky130_fd_pr__res_xhigh_po_0p69.ra = 2.948144e-03
xr7.xsky130_fd_pr__res_xhigh_po_0p69.ra = 6.259342e-01
xr8.xsky130_fd_pr__res_xhigh_po_0p69.ra = 1.194994e+00
xr9.xsky130_fd_pr__res_xhigh_po_0p69.ra = 5.138901e-03
Doing analysis at TEMP = 0.000000 and TNOM = 27.000000


No. of Data Rows : 91
Note: Starting true gmin stepping
Trying gmin =   1.0000E-03 Note: One successful gmin step
Trying gmin =   1.0000E-04 Note: One successful gmin step
Trying gmin =   1.0000E-05 Note: One successful gmin step
Trying gmin =   1.0000E-06 Note: One successful gmin step
Trying gmin =   1.0000E-07 Warning: Further gmin increment
Trying gmin =   5.6234E-07 Note: One successful gmin step
Trying gmin =   2.3714E-07 Note: One successful gmin step
Trying gmin =   6.4938E-08 Warning: Further gmin increment
Trying gmin =   1.7154E-07 Note: One successful gmin step
Trying gmin =   1.0554E-07 Warning: Further gmin increment
Trying gmin =   1.5193E-07 Note: One successful gmin step
Trying gmin =   1.2663E-07 Note: One successful gmin step
Trying gmin =   9.6358E-08 Warning: Further gmin increment
Trying gmin =   1.1827E-07 Note: One successful gmin step
Trying gmin =   1.0675E-07 Warning: Further gmin increment
Trying gmin =   1.1528E-07 Note: One successful gmin step
Trying gmin =   1.1093E-07 Note: One successful gmin step
Trying gmin =   1.0472E-07 Warning: Further gmin increment
Trying gmin =   1.0935E-07 Warning: Further gmin increment
Trying gmin =   1.1054E-07 Note: One successful gmin step
Trying gmin =   1.0994E-07 Note: One successful gmin step
Trying gmin =   1.0905E-07 Warning: Further gmin increment
Trying gmin =   1.0972E-07 Warning: Further gmin increment
Trying gmin =   1.0988E-07 Note: One successful gmin step
Trying gmin =   1.0980E-07 Note: One successful gmin step
Trying gmin =   1.0968E-07 Warning: Further gmin increment
Trying gmin =   1.0977E-07 Note: One successful gmin step
Trying gmin =   1.0972E-07 Warning: Further gmin increment
Trying gmin =   1.0976E-07 Note: One successful gmin step
Trying gmin =   1.0974E-07 Note: One successful gmin step
Trying gmin =   1.0971E-07 Warning: Further gmin increment
Trying gmin =   1.0973E-07 Warning: Further gmin increment
Trying gmin =   1.0974E-07 Note: One successful gmin step
Trying gmin =   1.0974E-07 Note: One successful gmin step
Trying gmin =   1.0973E-07 Warning: Last gmin step failed
Warning: True gmin stepping failed
Note: Starting dynamic gmin stepping
Trying gmin =   1.0000E-03 Note: One successful gmin step
Trying gmin =   1.0000E-04 Note: One successful gmin step
Trying gmin =   1.0000E-05 Note: One successful gmin step
Trying gmin =   1.0000E-06 Note: One successful gmin step
Trying gmin =   3.1623E-07 Warning: Further gmin increment
Trying gmin =   7.4989E-07 Note: One successful gmin step
Trying gmin =   4.8697E-07 Note: One successful gmin step
Trying gmin =   2.5483E-07 Warning: Further gmin increment
Trying gmin =   4.1418E-07 Note: One successful gmin step
Trying gmin =   3.2488E-07 Warning: Further gmin increment
Trying gmin =   3.8978E-07 Note: One successful gmin step
Trying gmin =   3.5585E-07 Warning: Further gmin increment
Trying gmin =   3.8101E-07 Note: One successful gmin step
Trying gmin =   3.6821E-07 Note: One successful gmin step
Trying gmin =   3.4983E-07 Note: One successful gmin step
Trying gmin =   3.4098E-07 Note: One successful gmin step
Trying gmin =   3.2813E-07 Note: One successful gmin step
Trying gmin =   3.0975E-07 Note: One successful gmin step
Trying gmin =   2.8410E-07 Note: One successful gmin step
Trying gmin =   2.4955E-07 Note: One successful gmin step
Trying gmin =   2.0544E-07 Note: One successful gmin step
Trying gmin =   1.5346E-07 Note: One successful gmin step
Trying gmin =   9.9066E-08 Note: One successful gmin step
Trying gmin =   5.1385E-08 Note: One successful gmin step
Trying gmin =   1.9196E-08 Note: One successful gmin step
Trying gmin =   4.3829E-09 Note: One successful gmin step
Trying gmin =   4.7818E-10 Note: One successful gmin step
Trying gmin =   4.7818E-11 Note: One successful gmin step
Trying gmin =   4.7818E-12 Note: One successful gmin step
Trying gmin =   1.0000E-12 Note: One successful gmin step
Note: Dynamic gmin stepping completed
 Reference value :  1.00000e+00Note: Starting true gmin stepping
Trying gmin =   1.0000E-03 Note: One successful gmin step
Trying gmin =   1.0000E-04 Note: One successful gmin step
Trying gmin =   1.0000E-05 Note: One successful gmin step
Trying gmin =   1.0000E-06 Note: One successful gmin step
Trying gmin =   1.0000E-07 Note: One successful gmin step
Trying gmin =   1.0000E-08 Warning: Further gmin increment
Trying gmin =   5.6234E-08 Note: One successful gmin step
Trying gmin =   2.3714E-08 Error: -1.77919e+177, 2 out of range for ^
Warning: Further gmin increment
Trying gmin =   4.5316E-08 Note: One successful gmin step
Trying gmin =   3.2781E-08 Warning: Further gmin increment
Trying gmin =   4.1792E-08 Note: One successful gmin step
Trying gmin =   3.7013E-08 Warning: Further gmin increment
Trying gmin =   4.0542E-08 Note: One successful gmin step
Trying gmin =   3.8738E-08 Warning: Further gmin increment
Trying gmin =   4.0084E-08 Warning: Further gmin increment
Trying gmin =   4.0427E-08 Note: One successful gmin step
Trying gmin =   4.0255E-08 Warning: Further gmin increment
Trying gmin =   4.0384E-08 Note: One successful gmin step
Trying gmin =   4.0320E-08 Note: One successful gmin step
Trying gmin =   4.0223E-08 Warning: Further gmin increment
Trying gmin =   4.0295E-08 Note: One successful gmin step
Trying gmin =   4.0259E-08 Warning: Further gmin increment
Trying gmin =   4.0286E-08 Warning: Further gmin increment
Trying gmin =   4.0293E-08 Note: One successful gmin step
Trying gmin =   4.0290E-08 Note: One successful gmin step
Trying gmin =   4.0285E-08 Warning: Further gmin increment
Trying gmin =   4.0288E-08 Note: One successful gmin step
Trying gmin =   4.0286E-08 Warning: Last gmin step failed
Warning: True gmin stepping failed
Note: Starting dynamic gmin stepping
Trying gmin =   1.0000E-03 Note: One successful gmin step
Trying gmin =   1.0000E-04 Note: One successful gmin step
Trying gmin =   1.0000E-05 Warning: Further gmin increment
Trying gmin =   5.6234E-05 Note: One successful gmin step
Trying gmin =   2.3714E-05 Note: One successful gmin step
Trying gmin =   6.4938E-06 Warning: Further gmin increment
Trying gmin =   1.7154E-05 Note: One successful gmin step
Trying gmin =   1.0554E-05 Note: One successful gmin step
Trying gmin =   5.0937E-06 Note: One successful gmin step
Trying gmin =   2.4582E-06 Note: One successful gmin step
Trying gmin =   1.1864E-06 Note: One successful gmin step
Trying gmin =   3.9775E-07 Note: One successful gmin step
Trying gmin =   7.7214E-08 Warning: Further gmin increment
Trying gmin =   2.6402E-07 Note: One successful gmin step
Trying gmin =   1.4278E-07 Warning: Further gmin increment
Trying gmin =   2.2641E-07 Note: One successful gmin step
Trying gmin =   1.7979E-07 Warning: Further gmin increment
Trying gmin =   2.1373E-07 Note: One successful gmin step
Trying gmin =   1.9603E-07 Note: One successful gmin step
Trying gmin =   1.7219E-07 Warning: Further gmin increment
Trying gmin =   1.8978E-07 Note: One successful gmin step
Trying gmin =   1.8077E-07 Warning: Further gmin increment
Trying gmin =   1.8748E-07 Note: One successful gmin step
Trying gmin =   1.8409E-07 Warning: Further gmin increment
Trying gmin =   1.8663E-07 Note: One successful gmin step
Trying gmin =   1.8536E-07 Note: One successful gmin step
Trying gmin =   1.8347E-07 Warning: Further gmin increment
Trying gmin =   1.8488E-07 Warning: Further gmin increment
Trying gmin =   1.8524E-07 Note: One successful gmin step
Trying gmin =   1.8506E-07 Warning: Further gmin increment
Trying gmin =   1.8519E-07 Note: One successful gmin step
Trying gmin =   1.8513E-07 Note: One successful gmin step
Trying gmin =   1.8503E-07 Warning: Further gmin increment
Trying gmin =   1.8510E-07 Note: One successful gmin step
Trying gmin =   1.8507E-07 Warning: Further gmin increment
Trying gmin =   1.8509E-07 Warning: Further gmin increment
Trying gmin =   1.8510E-07 Note: One successful gmin step
Trying gmin =   1.8510E-07 Note: One successful gmin step
Trying gmin =   1.8509E-07 Warning: Last gmin step failed
Warning: Dynamic gmin stepping failed
Note: Starting source stepping
Supplies reduced to   0.0000% Note: One successful source step
Supplies reduced to   0.1000% Note: One successful source step
Supplies reduced to   0.2000% Note: One successful source step
Supplies reduced to   0.3500% Note: One successful source step
Supplies reduced to   0.5750% Note: One successful source step
Supplies reduced to   0.9125% Note: One successful source step
Supplies reduced to   1.4188% Note: One successful source step
Supplies reduced to   2.1781% Note: One successful source step
Supplies reduced to   3.3172% Note: One successful source step
Supplies reduced to   5.0258% Note: One successful source step
Supplies reduced to   7.5887% Note: One successful source step
Supplies reduced to  11.4330% Note: One successful source step
Supplies reduced to  17.1995% Note: One successful source step
Supplies reduced to  25.8493% Supplies reduced to  17.1995% Note: One successful source step
Supplies reduced to  18.1995% Note: One successful source step
Supplies reduced to  19.6995% Note: One successful source step
Supplies reduced to  21.9495% Note: One successful source step
Supplies reduced to  25.3245% Note: One successful source step
Supplies reduced to  30.3870% Note: One successful source step
Supplies reduced to  32.9183% Note: One successful source step
Supplies reduced to  36.7151% Note: One successful source step
Supplies reduced to  42.4104% Supplies reduced to  36.7151% Note: One successful source step
Supplies reduced to  37.5694% Note: One successful source step
Supplies reduced to  38.8509% Note: One successful source step
Supplies reduced to  40.7730% Note: One successful source step
Supplies reduced to  43.6563% Supplies reduced to  40.7730% Note: One successful source step
Supplies reduced to  40.9172% Note: One successful source step
Supplies reduced to  41.1335% Note: One successful source step
Supplies reduced to  41.4578% Note: One successful source step
Supplies reduced to  41.9444% Note: One successful source step
Supplies reduced to  42.6742% Note: One successful source step
Supplies reduced to  43.7689% Note: One successful source step
Supplies reduced to  45.4110% Note: One successful source step
Supplies reduced to  47.8742% Note: One successful source step
Supplies reduced to  51.5689% Note: One successful source step
Supplies reduced to  57.1110% Note: One successful source step
Supplies reduced to  65.4241% Note: One successful source step
Supplies reduced to  77.8939% Note: One successful source step
Supplies reduced to  96.5984% Supplies reduced to  77.8939% Note: One successful source step
Supplies reduced to  78.8939% Note: One successful source step
Supplies reduced to  80.3939% Note: One successful source step
Supplies reduced to  82.6439% Note: One successful source step
Supplies reduced to  86.0189% Supplies reduced to  82.6439% Note: One successful source step
Supplies reduced to  83.1501% Note: One successful source step
Supplies reduced to  83.9095% Note: One successful source step
Supplies reduced to  85.0485% Supplies reduced to  83.9095% Note: One successful source step
Supplies reduced to  84.0803% Supplies reduced to  83.9095% Note: One successful source step
Supplies reduced to  83.9351% Note: One successful source step
Supplies reduced to  83.9736% Note: One successful source step
Supplies reduced to  84.0312% Supplies reduced to  83.9736% Note: One successful source step
Supplies reduced to  83.9822% Note: One successful source step
Supplies reduced to  83.9952% Supplies reduced to  83.9822% Note: One successful source step
Supplies reduced to  83.9842% Note: One successful source step
Supplies reduced to  83.9871% Supplies reduced to  83.9842% Note: One successful source step
Supplies reduced to  83.9846% Note: One successful source step
Supplies reduced to  83.9852% Supplies reduced to  83.9846% Note: One successful source step
Supplies reduced to  83.9847% Note: One successful source step
Supplies reduced to  83.9848% Note: One successful source step
Supplies reduced to  83.9851% Note: One successful source step
Supplies reduced to  83.9854% Supplies reduced to  83.9851% Note: One successful source step
Supplies reduced to  83.9851% Note: One successful source step
Supplies reduced to  83.9852% Warning: source stepping failed
doAnalyses: Too many iterations without convergence

dc simulation(s) aborted
Error(parse.c--checkvalid): vldo_sup_2_8: zero length vector.
Error: RHS "abs((vldo_sup_2_8-vldo_sup_2)/0.8)" invalid
Error(parse.c--checkvalid): line_reg: zero length vector.
Error(parse.c--checkvalid): vin: zero length vector.
Error: RHS "vin-1.764" invalid
Error(parse.c--checkvalid): dropout: zero length vector.
Error: no such vector dropout
Note: No ".plot", ".print", or ".fourier" lines; no simulations run
pm                  =  1.289238e+02
Doing analysis at TEMP = 0.000000 and TNOM = 27.000000


No. of Data Rows : 91
psrr100             =  -5.505102e+01
psrr100k            =  -2.409282e+01
Doing analysis at TEMP = 0.000000 and TNOM = 27.000000


No. of Data Rows : 86
temp_coeff = 1.319356e+02
Doing analysis at TEMP = 0.000000 and TNOM = 27.000000


Error: measure  vldo_sup_2  (AT) : out of interval
 meas dc vldo_sup_2 find ldo_out at=2 failed!


Error: measure  vldo_sup_2_8  (AT) : out of interval
 meas dc vldo_sup_2_8 find ldo_out at=2.8 failed!


Error: measure  vin  (WHEN) : out of interval
 meas dc vin when v(ldo_out)=1.764 failed!

