Note: Starting true gmin stepping
Trying gmin =   1.0000E-03 Note: One successful gmin step
Trying gmin =   1.0000E-04 Note: One successful gmin step
Trying gmin =   1.0000E-05 Note: One successful gmin step
Trying gmin =   1.0000E-06 Warning: Further gmin increment
Trying gmin =   5.6234E-06 Note: One successful gmin step
Trying gmin =   2.3714E-06 Warning: Further gmin increment
Trying gmin =   4.5316E-06 Note: One successful gmin step
Trying gmin =   3.2781E-06 Note: One successful gmin step
Trying gmin =   2.0169E-06 Warning: Further gmin increment
Trying gmin =   2.9033E-06 Note: One successful gmin step
Trying gmin =   2.4199E-06 Note: One successful gmin step
Trying gmin =   1.8414E-06 Note: One successful gmin step
Trying gmin =   1.2222E-06 Note: One successful gmin step
Trying gmin =   6.6098E-07 Note: One successful gmin step
Trying gmin =   2.6287E-07 Note: One successful gmin step
Trying gmin =   6.5927E-08 Warning: Further gmin increment
Trying gmin =   1.8602E-07 Note: One successful gmin step
Trying gmin =   1.1074E-07 Warning: Further gmin increment
Trying gmin =   1.6340E-07 Note: One successful gmin step
Trying gmin =   1.3452E-07 Note: One successful gmin step
Trying gmin =   1.0048E-07 Note: One successful gmin step
Trying gmin =   6.4867E-08 Note: One successful gmin step
Trying gmin =   3.3646E-08 Warning: Further gmin increment
Trying gmin =   5.5049E-08 Warning: Further gmin increment
Trying gmin =   6.2259E-08 Note: One successful gmin step
Trying gmin =   5.8543E-08 Note: One successful gmin step
Trying gmin =   5.3381E-08 Warning: Further gmin increment
Trying gmin =   5.7208E-08 Note: One successful gmin step
Trying gmin =   5.5261E-08 Note: One successful gmin step
Trying gmin =   5.4313E-08 Note: One successful gmin step
Trying gmin =   5.2921E-08 Note: One successful gmin step
Trying gmin =   5.0900E-08 Note: One successful gmin step
Trying gmin =   4.8012E-08 Note: One successful gmin step
Trying gmin =   4.3984E-08 Note: One successful gmin step
Trying gmin =   3.8566E-08 Note: One successful gmin step
Trying gmin =   3.1666E-08 Note: One successful gmin step
Trying gmin =   2.3559E-08 Note: One successful gmin step
Trying gmin =   1.5118E-08 Note: One successful gmin step
Trying gmin =   7.7719E-09 Note: One successful gmin step
Trying gmin =   2.8646E-09 Note: One successful gmin step
Trying gmin =   6.4101E-10 Note: One successful gmin step
Trying gmin =   6.7852E-11 Note: One successful gmin step
Trying gmin =   6.7852E-12 Note: One successful gmin step
Trying gmin =   1.0000E-12 Note: One successful gmin step
Note: True gmin stepping completed
 Reference value :  8.00000e+01Note: Starting true gmin stepping
Trying gmin =   1.0000E-03 Note: One successful gmin step
Trying gmin =   1.0000E-04 Note: One successful gmin step
Trying gmin =   1.0000E-05 Note: One successful gmin step
Trying gmin =   1.0000E-06 Note: One successful gmin step
Trying gmin =   1.0000E-07 Warning: Further gmin increment
Trying gmin =   5.6234E-07 Warning: Further gmin increment
Trying gmin =   8.6596E-07 Note: One successful gmin step
Trying gmin =   6.9783E-07 Note: One successful gmin step
Trying gmin =   5.0481E-07 Warning: Further gmin increment
Trying gmin =   6.4357E-07 Warning: Further gmin increment
Trying gmin =   6.8385E-07 Note: One successful gmin step
Trying gmin =   6.6340E-07 Note: One successful gmin step
Trying gmin =   6.3387E-07 Warning: Further gmin increment
Trying gmin =   6.5589E-07 Note: One successful gmin step
Trying gmin =   6.4479E-07 Warning: Further gmin increment
Trying gmin =   6.5310E-07 Warning: Further gmin increment
Trying gmin =   6.5519E-07 Note: One successful gmin step
Trying gmin =   6.5415E-07 Warning: Further gmin increment
Trying gmin =   6.5493E-07 Note: One successful gmin step
Trying gmin =   6.5454E-07 Warning: Further gmin increment
Trying gmin =   6.5483E-07 Warning: Further gmin increment
Trying gmin =   6.5491E-07 Note: One successful gmin step
Trying gmin =   6.5487E-07 Warning: Further gmin increment
Trying gmin =   6.5490E-07 Note: One successful gmin step
Trying gmin =   6.5488E-07 Warning: Last gmin step failed
Warning: True gmin stepping failed
Note: Starting dynamic gmin stepping
Trying gmin =   1.0000E-03 Note: One successful gmin step
Trying gmin =   1.0000E-04 Note: One successful gmin step
Trying gmin =   1.0000E-05 Note: One successful gmin step
Trying gmin =   1.0000E-06 Note: One successful gmin step
Trying gmin =   1.0000E-07 Note: One successful gmin step
Trying gmin =   1.0000E-08 Note: One successful gmin step
Trying gmin =   1.0000E-09 Note: One successful gmin step
Trying gmin =   1.0000E-10 Note: One successful gmin step
Trying gmin =   1.0000E-11 Note: One successful gmin step
Trying gmin =   1.0000E-12 Note: One successful gmin step
Trying gmin =   1.0000E-12 Note: One successful gmin step
Note: Dynamic gmin stepping completed
 Reference value :  3.00000e+00Note: Starting true gmin stepping
Trying gmin =   1.0000E-03 Note: One successful gmin step
Trying gmin =   1.0000E-04 Note: One successful gmin step
Trying gmin =   1.0000E-05 Note: One successful gmin step
Trying gmin =   1.0000E-06 Note: One successful gmin step
Trying gmin =   1.0000E-07 Note: One successful gmin step
Trying gmin =   1.0000E-08 Note: One successful gmin step
Trying gmin =   1.0000E-09 Note: One successful gmin step
Trying gmin =   1.0000E-10 Warning: Further gmin increment
Trying gmin =   5.6234E-10 Note: One successful gmin step
Trying gmin =   2.3714E-10 Note: One successful gmin step
Trying gmin =   6.4938E-11 Note: One successful gmin step
Trying gmin =   9.3057E-12 Note: One successful gmin step
Trying gmin =   1.0000E-12 Note: One successful gmin step
Note: True gmin stepping completed
Note: Starting true gmin stepping
Trying gmin =   1.0000E-03 Note: One successful gmin step
Trying gmin =   1.0000E-04 Note: One successful gmin step
Trying gmin =   1.0000E-05 Note: One successful gmin step
Trying gmin =   1.0000E-06 Note: One successful gmin step
Trying gmin =   1.0000E-07 Note: One successful gmin step
Trying gmin =   1.0000E-08 Note: One successful gmin step
Trying gmin =   1.0000E-09 Note: One successful gmin step
Trying gmin =   1.0000E-10 Warning: Further gmin increment
Trying gmin =   5.6234E-10 Note: One successful gmin step
Trying gmin =   2.3714E-10 Note: One successful gmin step
Trying gmin =   1.5399E-10 Note: One successful gmin step
Trying gmin =   8.0584E-11 Note: One successful gmin step
Trying gmin =   3.0505E-11 Note: One successful gmin step
Trying gmin =   7.1050E-12 Note: One successful gmin step
Trying gmin =   1.0000E-12 Note: One successful gmin step
Note: True gmin stepping completed
 Reference value :  1.12000e+00Note: Starting true gmin stepping
Trying gmin =   1.0000E-03 Note: One successful gmin step
Trying gmin =   1.0000E-04 Note: One successful gmin step
Trying gmin =   1.0000E-05 Note: One successful gmin step
Trying gmin =   1.0000E-06 Note: One successful gmin step
Trying gmin =   1.0000E-07 Note: One successful gmin step
Trying gmin =   1.0000E-08 Note: One successful gmin step
Trying gmin =   1.0000E-09 Note: One successful gmin step
Trying gmin =   1.0000E-10 Warning: Further gmin increment
Trying gmin =   5.6234E-10 Note: One successful gmin step
Trying gmin =   2.3714E-10 Note: One successful gmin step
Trying gmin =   6.4938E-11 Warning: Further gmin increment
Trying gmin =   1.7154E-10 Warning: Further gmin increment
Trying gmin =   2.1870E-10 Note: One successful gmin step
Trying gmin =   1.9369E-10 Note: One successful gmin step
Trying gmin =   1.6144E-10 Warning: Further gmin increment
Trying gmin =   1.8507E-10 Note: One successful gmin step
Trying gmin =   1.7285E-10 Note: One successful gmin step
Trying gmin =   1.5602E-10 Note: One successful gmin step
Trying gmin =   1.3379E-10 Note: One successful gmin step
Trying gmin =   1.0625E-10 Note: One successful gmin step
Trying gmin =   7.5189E-11 Note: One successful gmin step
Trying gmin =   4.4761E-11 Note: One successful gmin step
Trying gmin =   2.0560E-11 Note: One successful gmin step
Trying gmin =   6.4002E-12 Note: One successful gmin step
Trying gmin =   1.1116E-12 Note: One successful gmin step
Trying gmin =   1.0000E-12 Note: One successful gmin step
Note: True gmin stepping completed
Note: Starting true gmin stepping
Trying gmin =   1.0000E-03 Note: One successful gmin step
Trying gmin =   1.0000E-04 Note: One successful gmin step
Trying gmin =   1.0000E-05 Note: One successful gmin step
Trying gmin =   1.0000E-06 Note: One successful gmin step
Trying gmin =   1.0000E-07 Note: One successful gmin step
Trying gmin =   1.0000E-08 Note: One successful gmin step
Trying gmin =   1.0000E-09 Note: One successful gmin step
Trying gmin =   1.0000E-10 Warning: Further gmin increment
Trying gmin =   5.6234E-10 Note: One successful gmin step
Trying gmin =   2.3714E-10 Note: One successful gmin step
Trying gmin =   6.4938E-11 Warning: Further gmin increment
Trying gmin =   1.7154E-10 Note: One successful gmin step
Trying gmin =   1.0554E-10 Note: One successful gmin step
Trying gmin =   5.0937E-11 Note: One successful gmin step
Trying gmin =   1.7077E-11 Note: One successful gmin step
Trying gmin =   3.3152E-12 Note: One successful gmin step
Trying gmin =   1.0000E-12 Note: One successful gmin step
Note: True gmin stepping completed
 Reference value :  1.06000e+00
No compatibility mode selected!


Circuit: * ldo netlist 

Doing analysis at TEMP = 85.000000 and TNOM = 27.000000


No. of Data Rows : 81
temp_coeff = 4.081839e+01
Doing analysis at TEMP = 85.000000 and TNOM = 27.000000


No. of Data Rows : 151
vldo_sup_2          =  1.798227e+00
vldo_sup_3          =  1.801370e+00
line_reg = 3.143000e-03
Note: Starting true gmin stepping
Trying gmin =   1.0000E-03 Note: One successful gmin step
Trying gmin =   1.0000E-04 Note: One successful gmin step
Trying gmin =   1.0000E-05 Note: One successful gmin step
Trying gmin =   1.0000E-06 Note: One successful gmin step
Trying gmin =   3.1623E-07 Note: One successful gmin step
Trying gmin =   1.0000E-07 Warning: Further gmin increment
Trying gmin =   2.3714E-07 Note: One successful gmin step
Trying gmin =   1.5399E-07 Note: One successful gmin step
Trying gmin =   8.0584E-08 Note: One successful gmin step
Trying gmin =   4.2170E-08 Warning: Further gmin increment
Trying gmin =   6.8539E-08 Note: One successful gmin step
Trying gmin =   5.3761E-08 Warning: Further gmin increment
Trying gmin =   6.4502E-08 Note: One successful gmin step
Trying gmin =   5.8887E-08 Note: One successful gmin step
Trying gmin =   5.1368E-08 Warning: Further gmin increment
Trying gmin =   5.6910E-08 Note: One successful gmin step
Trying gmin =   5.5946E-08 Note: One successful gmin step
Trying gmin =   5.4532E-08 Note: One successful gmin step
Trying gmin =   5.2476E-08 Note: One successful gmin step
Trying gmin =   4.9538E-08 Note: One successful gmin step
Trying gmin =   4.5435E-08 Note: One successful gmin step
Trying gmin =   3.9910E-08 Note: One successful gmin step
Trying gmin =   3.2856E-08 Note: One successful gmin step
Trying gmin =   2.4542E-08 Note: One successful gmin step
Trying gmin =   1.5843E-08 Note: One successful gmin step
Trying gmin =   8.2178E-09 Note: One successful gmin step
Trying gmin =   3.0699E-09 Note: One successful gmin step
Trying gmin =   7.0094E-10 Note: One successful gmin step
Trying gmin =   7.6474E-11 Note: One successful gmin step
Trying gmin =   7.6474E-12 Note: One successful gmin step
Trying gmin =   1.0000E-12 Note: One successful gmin step
Note: True gmin stepping completed
 Reference value :  1.00000e+00Note: No ".plot", ".print", or ".fourier" lines; no simulations run
vin                 =  1.779512e+00
dropout = 1.551200e-02
Doing analysis at TEMP = 85.000000 and TNOM = 27.000000


No. of Data Rows : 91
psrr100             =  -4.193470e+01
psrr100k            =  -2.808377e+01
