Note: Starting true gmin stepping
Trying gmin =   1.0000E-03 Note: One successful gmin step
Trying gmin =   1.0000E-04 Note: One successful gmin step
Trying gmin =   1.0000E-05 Note: One successful gmin step
Trying gmin =   1.0000E-06 Note: One successful gmin step
Trying gmin =   1.0000E-07 Warning: Further gmin increment
Trying gmin =   5.6234E-07 Note: One successful gmin step
Trying gmin =   2.3714E-07 Note: One successful gmin step
Trying gmin =   6.4938E-08 Warning: Further gmin increment
Trying gmin =   1.7154E-07 Note: One successful gmin step
Trying gmin =   1.0554E-07 Warning: Further gmin increment
Trying gmin =   1.5193E-07 Warning: Further gmin increment
Trying gmin =   1.6641E-07 Note: One successful gmin step
Trying gmin =   1.5901E-07 Note: One successful gmin step
Trying gmin =   1.4851E-07 Warning: Further gmin increment
Trying gmin =   1.5631E-07 Note: One successful gmin step
Trying gmin =   1.5236E-07 Warning: Further gmin increment
Trying gmin =   1.5532E-07 Warning: Further gmin increment
Trying gmin =   1.5606E-07 Warning: Further gmin increment
Trying gmin =   1.5625E-07 Note: One successful gmin step
Trying gmin =   1.5616E-07 Warning: Further gmin increment
Trying gmin =   1.5623E-07 Warning: Further gmin increment
Trying gmin =   1.5625E-07 Warning: Last gmin step failed
Warning: True gmin stepping failed
Note: Starting dynamic gmin stepping
Trying gmin =   1.0000E-03 Note: One successful gmin step
Trying gmin =   1.0000E-04 Note: One successful gmin step
Trying gmin =   1.0000E-05 Note: One successful gmin step
Trying gmin =   1.0000E-06 Note: One successful gmin step
Trying gmin =   1.0000E-07 Warning: Further gmin increment
Trying gmin =   5.6234E-07 Warning: Further gmin increment
Trying gmin =   8.6596E-07 Note: One successful gmin step
Trying gmin =   6.9783E-07 Warning: Further gmin increment
Trying gmin =   8.2047E-07 Note: One successful gmin step
Trying gmin =   7.5667E-07 Note: One successful gmin step
Trying gmin =   6.7015E-07 Warning: Further gmin increment
Trying gmin =   7.3404E-07 Warning: Further gmin increment
Trying gmin =   7.5095E-07 Note: One successful gmin step
Trying gmin =   7.4245E-07 Warning: Further gmin increment
Trying gmin =   7.4881E-07 Note: One successful gmin step
Trying gmin =   7.4562E-07 Note: One successful gmin step
Trying gmin =   7.4087E-07 Warning: Further gmin increment
Trying gmin =   7.4443E-07 Note: One successful gmin step
Trying gmin =   7.4265E-07 Warning: Further gmin increment
Trying gmin =   7.4399E-07 Warning: Further gmin increment
Trying gmin =   7.4432E-07 Note: One successful gmin step
Trying gmin =   7.4415E-07 Note: One successful gmin step
Trying gmin =   7.4390E-07 Warning: Further gmin increment
Trying gmin =   7.4409E-07 Warning: Further gmin increment
Trying gmin =   7.4414E-07 Note: One successful gmin step
Trying gmin =   7.4411E-07 Note: One successful gmin step
Trying gmin =   7.4408E-07 Warning: Last gmin step failed
Warning: Dynamic gmin stepping failed
Note: Starting source stepping
Supplies reduced to   0.0000% Note: One successful source step
Supplies reduced to   0.1000% Note: One successful source step
Supplies reduced to   0.2000% Note: One successful source step
Supplies reduced to   0.3500% Note: One successful source step
Supplies reduced to   0.5750% Note: One successful source step
Supplies reduced to   0.9125% Note: One successful source step
Supplies reduced to   1.4188% Note: One successful source step
Supplies reduced to   2.1781% Note: One successful source step
Supplies reduced to   3.3172% Note: One successful source step
Supplies reduced to   5.0258% Note: One successful source step
Supplies reduced to   7.5887% Note: One successful source step
Supplies reduced to  11.4330% Note: One successful source step
Supplies reduced to  17.1995% Note: One successful source step
Supplies reduced to  25.8493% Note: One successful source step
Supplies reduced to  38.8239% Note: One successful source step
Supplies reduced to  45.3112% Supplies reduced to  38.8239% Note: One successful source step
Supplies reduced to  39.4726% Note: One successful source step
Supplies reduced to  40.1214% Note: One successful source step
Supplies reduced to  41.0945% Note: One successful source step
Supplies reduced to  42.5541% Note: One successful source step
Supplies reduced to  44.7436% Note: One successful source step
Supplies reduced to  48.0278% Supplies reduced to  44.7436% Note: One successful source step
Supplies reduced to  45.0720% Note: One successful source step
Supplies reduced to  45.2362% Note: One successful source step
Supplies reduced to  45.4825% Note: One successful source step
Supplies reduced to  45.8520% Note: One successful source step
Supplies reduced to  46.4062% Note: One successful source step
Supplies reduced to  47.2375% Note: One successful source step
Supplies reduced to  48.4845% Note: One successful source step
Supplies reduced to  50.3549% Note: One successful source step
Supplies reduced to  53.1606% Note: One successful source step
Supplies reduced to  57.3692% Note: One successful source step
Supplies reduced to  63.6820% Note: One successful source step
Supplies reduced to  73.1511% Supplies reduced to  63.6820% Note: One successful source step
Supplies reduced to  64.6820% Note: One successful source step
Supplies reduced to  66.1820% Note: One successful source step
Supplies reduced to  68.4320% Note: One successful source step
Supplies reduced to  71.8070% Supplies reduced to  68.4320% Note: One successful source step
Supplies reduced to  68.9382% Note: One successful source step
Supplies reduced to  69.6976% Note: One successful source step
Supplies reduced to  70.8366% Supplies reduced to  69.6976% Note: One successful source step
Supplies reduced to  69.8684% Note: One successful source step
Supplies reduced to  70.1247% Note: One successful source step
Supplies reduced to  70.5092% Note: One successful source step
Supplies reduced to  71.0858% Supplies reduced to  70.5092% Note: One successful source step
Supplies reduced to  70.5957% Note: One successful source step
Supplies reduced to  70.7254% Supplies reduced to  70.5957% Note: One successful source step
Supplies reduced to  70.6151% Note: One successful source step
Supplies reduced to  70.6443% Supplies reduced to  70.6151% Note: One successful source step
Supplies reduced to  70.6195% Supplies reduced to  70.6151% Note: One successful source step
Supplies reduced to  70.6158% Note: One successful source step
Supplies reduced to  70.6168% Note: One successful source step
Supplies reduced to  70.6182% Supplies reduced to  70.6168% Note: One successful source step
Supplies reduced to  70.6170% Note: One successful source step
Supplies reduced to  70.6173% Note: One successful source step
Supplies reduced to  70.6178% Supplies reduced to  70.6173% Note: One successful source step
Supplies reduced to  70.6174% Note: One successful source step
Supplies reduced to  70.6175% Note: One successful source step
Supplies reduced to  70.6177% Note: One successful source step
Supplies reduced to  70.6179% Supplies reduced to  70.6177% Note: One successful source step
Supplies reduced to  70.6177% Note: One successful source step
Supplies reduced to  70.6178% Note: One successful source step
Supplies reduced to  70.6179% Supplies reduced to  70.6178% Note: One successful source step
Supplies reduced to  70.6178% Note: One successful source step
Supplies reduced to  70.6178% Warning: source stepping failed
doAnalyses: Too many iterations without convergence

op simulation(s) aborted
Error(parse.c--checkvalid): bg_out: zero length vector.
Error(parse.c--checkvalid): ldo_out: zero length vector.
Note: Starting true gmin stepping
Trying gmin =   1.0000E-03 Note: One successful gmin step
Trying gmin =   1.0000E-04 Note: One successful gmin step
Trying gmin =   1.0000E-05 Note: One successful gmin step
Trying gmin =   1.0000E-06 Note: One successful gmin step
Trying gmin =   1.0000E-07 Warning: Further gmin increment
Trying gmin =   5.6234E-07 Note: One successful gmin step
Trying gmin =   2.3714E-07 Note: One successful gmin step
Trying gmin =   6.4938E-08 Warning: Further gmin increment
Trying gmin =   1.7154E-07 Note: One successful gmin step
Trying gmin =   1.0554E-07 Warning: Further gmin increment
Trying gmin =   1.5193E-07 Warning: Further gmin increment
Trying gmin =   1.6641E-07 Note: One successful gmin step
Trying gmin =   1.5901E-07 Note: One successful gmin step
Trying gmin =   1.4851E-07 Warning: Further gmin increment
Trying gmin =   1.5631E-07 Note: One successful gmin step
Trying gmin =   1.5236E-07 Warning: Further gmin increment
Trying gmin =   1.5532E-07 Warning: Further gmin increment
Trying gmin =   1.5606E-07 Warning: Further gmin increment
Trying gmin =   1.5625E-07 Note: One successful gmin step
Trying gmin =   1.5616E-07 Warning: Further gmin increment
Trying gmin =   1.5623E-07 Warning: Further gmin increment
Trying gmin =   1.5625E-07 Warning: Last gmin step failed
Warning: True gmin stepping failed
Note: Starting dynamic gmin stepping
Trying gmin =   1.0000E-03 Note: One successful gmin step
Trying gmin =   1.0000E-04 Note: One successful gmin step
Trying gmin =   1.0000E-05 Note: One successful gmin step
Trying gmin =   1.0000E-06 Note: One successful gmin step
Trying gmin =   1.0000E-07 Warning: Further gmin increment
Trying gmin =   5.6234E-07 Warning: Further gmin increment
Trying gmin =   8.6596E-07 Note: One successful gmin step
Trying gmin =   6.9783E-07 Warning: Further gmin increment
Trying gmin =   8.2047E-07 Note: One successful gmin step
Trying gmin =   7.5667E-07 Note: One successful gmin step
Trying gmin =   6.7015E-07 Warning: Further gmin increment
Trying gmin =   7.3404E-07 Warning: Further gmin increment
Trying gmin =   7.5095E-07 Note: One successful gmin step
Trying gmin =   7.4245E-07 Warning: Further gmin increment
Trying gmin =   7.4881E-07 Note: One successful gmin step
Trying gmin =   7.4562E-07 Note: One successful gmin step
Trying gmin =   7.4087E-07 Warning: Further gmin increment
Trying gmin =   7.4443E-07 Note: One successful gmin step
Trying gmin =   7.4265E-07 Warning: Further gmin increment
Trying gmin =   7.4399E-07 Warning: Further gmin increment
Trying gmin =   7.4432E-07 Note: One successful gmin step
Trying gmin =   7.4415E-07 Note: One successful gmin step
Trying gmin =   7.4390E-07 Warning: Further gmin increment
Trying gmin =   7.4409E-07 Warning: Further gmin increment
Trying gmin =   7.4414E-07 Note: One successful gmin step
Trying gmin =   7.4411E-07 Note: One successful gmin step
Trying gmin =   7.4408E-07 Warning: Last gmin step failed
Warning: Dynamic gmin stepping failed
Note: Starting source stepping
Supplies reduced to   0.0000% Note: One successful source step
Supplies reduced to   0.1000% Note: One successful source step
Supplies reduced to   0.2000% Note: One successful source step
Supplies reduced to   0.3500% Note: One successful source step
Supplies reduced to   0.5750% Note: One successful source step
Supplies reduced to   0.9125% Note: One successful source step
Supplies reduced to   1.4188% Note: One successful source step
Supplies reduced to   2.1781% Note: One successful source step
Supplies reduced to   3.3172% Note: One successful source step
Supplies reduced to   5.0258% Note: One successful source step
Supplies reduced to   7.5887% Note: One successful source step
Supplies reduced to  11.4330% Note: One successful source step
Supplies reduced to  17.1995% Note: One successful source step
Supplies reduced to  25.8493% Note: One successful source step
Supplies reduced to  38.8239% Note: One successful source step
Supplies reduced to  45.3112% Supplies reduced to  38.8239% Note: One successful source step
Supplies reduced to  39.7970% Note: One successful source step
Supplies reduced to  41.2566% Note: One successful source step
Supplies reduced to  43.4461% Note: One successful source step
Supplies reduced to  46.7303% Supplies reduced to  43.4461% Note: One successful source step
Supplies reduced to  43.9387% Note: One successful source step
Supplies reduced to  44.6777% Note: One successful source step
Supplies reduced to  45.4166% Supplies reduced to  44.6777% Note: One successful source step
Supplies reduced to  44.7516% Note: One successful source step
Supplies reduced to  44.8624% Supplies reduced to  44.7516% Note: One successful source step
Supplies reduced to  44.7627% Note: One successful source step
Supplies reduced to  44.7738% Note: One successful source step
Supplies reduced to  44.7848% Note: One successful source step
Supplies reduced to  44.8015% Note: One successful source step
Supplies reduced to  44.8264% Note: One successful source step
Supplies reduced to  44.8638% Note: One successful source step
Supplies reduced to  44.9199% Note: One successful source step
Supplies reduced to  45.0041% Note: One successful source step
Supplies reduced to  45.1304% Note: One successful source step
Supplies reduced to  45.3197% Note: One successful source step
Supplies reduced to  45.6038% Note: One successful source step
Supplies reduced to  46.0299% Note: One successful source step
Supplies reduced to  46.6691% Note: One successful source step
Supplies reduced to  47.6279% Note: One successful source step
Supplies reduced to  49.0660% Note: One successful source step
Supplies reduced to  51.2232% Note: One successful source step
Supplies reduced to  54.4590% Note: One successful source step
Supplies reduced to  59.3127% Note: One successful source step
Supplies reduced to  66.5932% Note: One successful source step
Supplies reduced to  77.5141% Supplies reduced to  66.5932% Note: One successful source step
Supplies reduced to  67.5932% Note: One successful source step
Supplies reduced to  69.0932% Note: One successful source step
Supplies reduced to  71.3432% Note: One successful source step
Supplies reduced to  74.7182% Supplies reduced to  71.3432% Note: One successful source step
Supplies reduced to  71.5120% Note: One successful source step
Supplies reduced to  71.7651% Note: One successful source step
Supplies reduced to  72.1448% Note: One successful source step
Supplies reduced to  72.7143% Note: One successful source step
Supplies reduced to  73.5686% Note: One successful source step
Supplies reduced to  74.4229% Note: One successful source step
Supplies reduced to  75.7044% Note: One successful source step
Supplies reduced to  77.6265% Note: One successful source step
Supplies reduced to  80.5098% Note: One successful source step
Supplies reduced to  84.8347% Note: One successful source step
Supplies reduced to  91.3220% Note: One successful source step
Supplies reduced to 100.0000% Note: One successful source step
Note: Source stepping completed
 Reference value :  1.00000e+00
No compatibility mode selected!


Circuit: * ldo netlist 

Doing analysis at TEMP = 0.000000 and TNOM = 27.000000


DC solution failed -

Last Node Voltages
------------------

Node                                   Last Voltage        Previous Iter
----                                   ------------        -------------
inn                                        0.850788             0.850609
mir                                         0.67324              0.67326
vdd                                         1.76544              1.76544
inp                                        0.849786             0.849605
bg_out                                      0.63055             0.630411
net3                                       0.622176             0.622045
net1                                       0.621106             0.620975
net2                                        1.63958              1.64026
net5                                       0.767213             0.767351
net4                                       0.018881            0.0188355 *
net6                                       0.958261             0.958246
xc1.a                                             0                    0
xc1.b1                                            0                    0
xr1.xsky130_fd_pr__res_xhigh_po_0p69.ra             0.624977             0.624845
net7                                       0.621236             0.621105
xr2.xsky130_fd_pr__res_xhigh_po_0p69.ra             0.625918             0.625786
xr3.xsky130_fd_pr__res_xhigh_po_0p69.ra           0.00383809           0.00383724
xr4.xsky130_fd_pr__res_xhigh_po_0p69.ra             0.621111             0.620981
xr5.xsky130_fd_pr__res_xhigh_po_0p69.ra             0.003832           0.00383115
xr6.xsky130_fd_pr__res_xhigh_po_0p69.ra           0.00389237           0.00389147
net9                                       0.996611             0.996722
net10                                   0.000337373          0.000336559
net8                                       0.732425              0.73244
pos                                        0.634338               0.6342
vb                                          1.00447              1.00446
out                                         0.80443             0.804451
ldo_out                                    0.953553             0.953346
net12                                       0.80443             0.804451
xc3.a                                       0.80443             0.804451
xc3.b1                                      0.80443             0.804451
net11                                       0.80443             0.804451
xr7.xsky130_fd_pr__res_xhigh_po_0p69.ra              0.80443             0.804451
xr8.xsky130_fd_pr__res_xhigh_po_0p69.ra             0.641025             0.640886
xr9.xsky130_fd_pr__res_xhigh_po_0p69.ra           0.00683654           0.00683498
net13                                             0                    0
l1#branch                                         0                    0
vs#branch                               -0.00534786          -0.00534669
vt#branch                                         0                    0

Doing analysis at TEMP = 0.000000 and TNOM = 27.000000


No. of Data Rows : 91
Note: Starting true gmin stepping
Trying gmin =   1.0000E-03 Note: One successful gmin step
Trying gmin =   1.0000E-04 Note: One successful gmin step
Trying gmin =   1.0000E-05 Note: One successful gmin step
Trying gmin =   1.0000E-06 Note: One successful gmin step
Trying gmin =   1.0000E-07 Warning: Further gmin increment
Trying gmin =   5.6234E-07 Note: One successful gmin step
Trying gmin =   2.3714E-07 Note: One successful gmin step
Trying gmin =   6.4938E-08 Warning: Further gmin increment
Trying gmin =   1.7154E-07 Note: One successful gmin step
Trying gmin =   1.0554E-07 Warning: Further gmin increment
Trying gmin =   1.5193E-07 Warning: Further gmin increment
Trying gmin =   1.6641E-07 Note: One successful gmin step
Trying gmin =   1.5901E-07 Note: One successful gmin step
Trying gmin =   1.4851E-07 Warning: Further gmin increment
Trying gmin =   1.5631E-07 Note: One successful gmin step
Trying gmin =   1.5236E-07 Warning: Further gmin increment
Trying gmin =   1.5532E-07 Warning: Further gmin increment
Trying gmin =   1.5606E-07 Warning: Further gmin increment
Trying gmin =   1.5625E-07 Note: One successful gmin step
Trying gmin =   1.5616E-07 Warning: Further gmin increment
Trying gmin =   1.5623E-07 Warning: Further gmin increment
Trying gmin =   1.5625E-07 Warning: Last gmin step failed
Warning: True gmin stepping failed
Note: Starting dynamic gmin stepping
Trying gmin =   1.0000E-03 Note: One successful gmin step
Trying gmin =   1.0000E-04 Note: One successful gmin step
Trying gmin =   1.0000E-05 Note: One successful gmin step
Trying gmin =   1.0000E-06 Note: One successful gmin step
Trying gmin =   1.0000E-07 Warning: Further gmin increment
Trying gmin =   5.6234E-07 Warning: Further gmin increment
Trying gmin =   8.6596E-07 Note: One successful gmin step
Trying gmin =   6.9783E-07 Warning: Further gmin increment
Trying gmin =   8.2047E-07 Note: One successful gmin step
Trying gmin =   7.5667E-07 Note: One successful gmin step
Trying gmin =   6.7015E-07 Warning: Further gmin increment
Trying gmin =   7.3404E-07 Warning: Further gmin increment
Trying gmin =   7.5095E-07 Note: One successful gmin step
Trying gmin =   7.4245E-07 Warning: Further gmin increment
Trying gmin =   7.4881E-07 Note: One successful gmin step
Trying gmin =   7.4562E-07 Note: One successful gmin step
Trying gmin =   7.4087E-07 Warning: Further gmin increment
Trying gmin =   7.4443E-07 Note: One successful gmin step
Trying gmin =   7.4265E-07 Warning: Further gmin increment
Trying gmin =   7.4399E-07 Warning: Further gmin increment
Trying gmin =   7.4432E-07 Note: One successful gmin step
Trying gmin =   7.4415E-07 Note: One successful gmin step
Trying gmin =   7.4390E-07 Warning: Further gmin increment
Trying gmin =   7.4409E-07 Warning: Further gmin increment
Trying gmin =   7.4414E-07 Note: One successful gmin step
Trying gmin =   7.4411E-07 Note: One successful gmin step
Trying gmin =   7.4408E-07 Warning: Last gmin step failed
Warning: Dynamic gmin stepping failed
Note: Starting source stepping
Supplies reduced to   0.0000% Note: One successful source step
Supplies reduced to   0.1000% Note: One successful source step
Supplies reduced to   0.2000% Note: One successful source step
Supplies reduced to   0.3500% Note: One successful source step
Supplies reduced to   0.5750% Note: One successful source step
Supplies reduced to   0.9125% Note: One successful source step
Supplies reduced to   1.4188% Note: One successful source step
Supplies reduced to   2.1781% Note: One successful source step
Supplies reduced to   3.3172% Note: One successful source step
Supplies reduced to   5.0258% Note: One successful source step
Supplies reduced to   7.5887% Note: One successful source step
Supplies reduced to  11.4330% Note: One successful source step
Supplies reduced to  17.1995% Note: One successful source step
Supplies reduced to  25.8493% Note: One successful source step
Supplies reduced to  38.8239% Note: One successful source step
Supplies reduced to  45.3112% Supplies reduced to  38.8239% Note: One successful source step
Supplies reduced to  39.7970% Note: One successful source step
Supplies reduced to  41.2566% Note: One successful source step
Supplies reduced to  43.4461% Note: One successful source step
Supplies reduced to  46.7303% Supplies reduced to  43.4461% Note: One successful source step
Supplies reduced to  43.9387% Note: One successful source step
Supplies reduced to  44.6777% Note: One successful source step
Supplies reduced to  45.4166% Supplies reduced to  44.6777% Note: One successful source step
Supplies reduced to  44.7516% Note: One successful source step
Supplies reduced to  44.8624% Supplies reduced to  44.7516% Note: One successful source step
Supplies reduced to  44.7627% Note: One successful source step
Supplies reduced to  44.7738% Note: One successful source step
Supplies reduced to  44.7848% Note: One successful source step
Supplies reduced to  44.8015% Note: One successful source step
Supplies reduced to  44.8264% Note: One successful source step
Supplies reduced to  44.8638% Note: One successful source step
Supplies reduced to  44.9199% Note: One successful source step
Supplies reduced to  45.0041% Note: One successful source step
Supplies reduced to  45.1304% Note: One successful source step
Supplies reduced to  45.3197% Note: One successful source step
Supplies reduced to  45.6038% Note: One successful source step
Supplies reduced to  46.0299% Note: One successful source step
Supplies reduced to  46.6691% Note: One successful source step
Supplies reduced to  47.6279% Note: One successful source step
Supplies reduced to  49.0660% Note: One successful source step
Supplies reduced to  51.2232% Note: One successful source step
Supplies reduced to  54.4590% Note: One successful source step
Supplies reduced to  59.3127% Note: One successful source step
Supplies reduced to  66.5932% Note: One successful source step
Supplies reduced to  77.5141% Supplies reduced to  66.5932% Note: One successful source step
Supplies reduced to  67.5932% Note: One successful source step
Supplies reduced to  69.0932% Note: One successful source step
Supplies reduced to  71.3432% Note: One successful source step
Supplies reduced to  74.7182% Supplies reduced to  71.3432% Note: One successful source step
Supplies reduced to  71.5120% Note: One successful source step
Supplies reduced to  71.7651% Note: One successful source step
Supplies reduced to  72.1448% Note: One successful source step
Supplies reduced to  72.7143% Note: One successful source step
Supplies reduced to  73.5686% Note: One successful source step
Supplies reduced to  74.4229% Note: One successful source step
Supplies reduced to  75.7044% Note: One successful source step
Supplies reduced to  77.6265% Note: One successful source step
Supplies reduced to  80.5098% Note: One successful source step
Supplies reduced to  84.8347% Note: One successful source step
Supplies reduced to  91.3220% Note: One successful source step
Supplies reduced to 100.0000% Note: One successful source step
Note: Source stepping completed
 Reference value :  1.00000e+00Note: Starting true gmin stepping
Trying gmin =   1.0000E-03 Note: One successful gmin step
Trying gmin =   1.0000E-04 Note: One successful gmin step
Trying gmin =   1.0000E-05 Note: One successful gmin step
Trying gmin =   1.0000E-06 Note: One successful gmin step
Trying gmin =   1.0000E-07 Warning: Further gmin increment
Trying gmin =   5.6234E-07 Note: One successful gmin step
Trying gmin =   2.3714E-07 Note: One successful gmin step
Trying gmin =   6.4938E-08 Warning: Further gmin increment
Trying gmin =   1.7154E-07 Warning: Further gmin increment
Trying gmin =   2.1870E-07 Note: One successful gmin step
Trying gmin =   1.9369E-07 Warning: Further gmin increment
Trying gmin =   2.1216E-07 Note: One successful gmin step
Trying gmin =   2.0271E-07 Note: One successful gmin step
Trying gmin =   1.8933E-07 Warning: Further gmin increment
Trying gmin =   1.9928E-07 Warning: Further gmin increment
Trying gmin =   2.0185E-07 Note: One successful gmin step
Trying gmin =   2.0056E-07 Warning: Further gmin increment
Trying gmin =   2.0153E-07 Note: One successful gmin step
Trying gmin =   2.0104E-07 Note: One successful gmin step
Trying gmin =   2.0032E-07 Warning: Further gmin increment
Trying gmin =   2.0086E-07 Warning: Further gmin increment
Trying gmin =   2.0100E-07 Note: One successful gmin step
Trying gmin =   2.0093E-07 Note: One successful gmin step
Trying gmin =   2.0083E-07 Warning: Further gmin increment
Trying gmin =   2.0091E-07 Warning: Further gmin increment
Trying gmin =   2.0093E-07 Warning: Last gmin step failed
Warning: True gmin stepping failed
Note: Starting dynamic gmin stepping
Trying gmin =   1.0000E-03 Note: One successful gmin step
Trying gmin =   1.0000E-04 Note: One successful gmin step
Trying gmin =   1.0000E-05 Note: One successful gmin step
Trying gmin =   1.0000E-06 Warning: Further gmin increment
Trying gmin =   5.6234E-06 Note: One successful gmin step
Trying gmin =   2.3714E-06 Note: One successful gmin step
Trying gmin =   1.0000E-06 Warning: Further gmin increment
Trying gmin =   1.9110E-06 Note: One successful gmin step
Trying gmin =   1.3824E-06 Warning: Further gmin increment
Trying gmin =   1.7624E-06 Note: One successful gmin step
Trying gmin =   1.6253E-06 Note: One successful gmin step
Trying gmin =   1.4395E-06 Note: One successful gmin step
Trying gmin =   1.1998E-06 Note: One successful gmin step
Trying gmin =   9.1295E-07 Note: One successful gmin step
Trying gmin =   6.0600E-07 Note: One successful gmin step
Trying gmin =   3.2772E-07 Note: One successful gmin step
Trying gmin =   1.3033E-07 Note: One successful gmin step
Trying gmin =   3.2687E-08 Note: One successful gmin step
Trying gmin =   4.1054E-09 Note: One successful gmin step
Trying gmin =   4.1054E-10 Note: One successful gmin step
Trying gmin =   4.1054E-11 Note: One successful gmin step
Trying gmin =   4.1054E-12 Note: One successful gmin step
Trying gmin =   1.0000E-12 Note: One successful gmin step
Note: Dynamic gmin stepping completed
 Reference value :  8.50000e+01Note: Starting true gmin stepping
Trying gmin =   1.0000E-03 Note: One successful gmin step
Trying gmin =   1.0000E-04 Note: One successful gmin step
Trying gmin =   1.0000E-05 Note: One successful gmin step
Trying gmin =   1.0000E-06 Warning: Further gmin increment
Trying gmin =   5.6234E-06 Note: One successful gmin step
Trying gmin =   2.3714E-06 Warning: Further gmin increment
Trying gmin =   4.5316E-06 Note: One successful gmin step
Trying gmin =   3.2781E-06 Note: One successful gmin step
Trying gmin =   2.0169E-06 Warning: Further gmin increment
Trying gmin =   2.9033E-06 Note: One successful gmin step
Trying gmin =   2.4199E-06 Warning: Further gmin increment
Trying gmin =   2.7741E-06 Note: One successful gmin step
Trying gmin =   2.5909E-06 Note: One successful gmin step
Trying gmin =   2.3386E-06 Warning: Further gmin increment
Trying gmin =   2.5254E-06 Note: One successful gmin step
Trying gmin =   2.4302E-06 Note: One successful gmin step
Trying gmin =   2.2941E-06 Note: One successful gmin step
Trying gmin =   2.1041E-06 Note: One successful gmin step
Trying gmin =   1.8482E-06 Note: One successful gmin step
Trying gmin =   1.5216E-06 Note: One successful gmin step
Trying gmin =   1.1365E-06 Note: One successful gmin step
Trying gmin =   7.3371E-07 Note: One successful gmin step
Trying gmin =   3.8057E-07 Warning: Further gmin increment
Trying gmin =   6.2266E-07 Note: One successful gmin step
Trying gmin =   4.8679E-07 Note: One successful gmin step
Trying gmin =   3.3650E-07 Note: One successful gmin step
Trying gmin =   1.9339E-07 Note: One successful gmin step
Trying gmin =   8.4261E-08 Warning: Further gmin increment
Trying gmin =   1.5712E-07 Note: One successful gmin step
Trying gmin =   1.1506E-07 Note: One successful gmin step
Trying gmin =   7.2107E-08 Warning: Further gmin increment
Trying gmin =   1.0238E-07 Note: One successful gmin step
Trying gmin =   9.6566E-08 Note: One successful gmin step
Trying gmin =   8.8465E-08 Note: One successful gmin step
Trying gmin =   7.7569E-08 Note: One successful gmin step
Trying gmin =   6.3689E-08 Note: One successful gmin step
Trying gmin =   4.7384E-08 Note: One successful gmin step
Trying gmin =   3.0407E-08 Note: One successful gmin step
Trying gmin =   1.5632E-08 Note: One successful gmin step
Trying gmin =   5.7615E-09 Note: One successful gmin step
Trying gmin =   1.2893E-09 Note: One successful gmin step
Trying gmin =   1.3647E-10 Note: One successful gmin step
Trying gmin =   1.3647E-11 Note: One successful gmin step
Trying gmin =   1.3647E-12 Note: One successful gmin step
Trying gmin =   1.0000E-12 Note: One successful gmin step
Note: True gmin stepping completed
 Reference value :  2.80000e+00Note: Starting true gmin stepping
Trying gmin =   1.0000E-03 Note: One successful gmin step
Trying gmin =   1.0000E-04 Note: One successful gmin step
Trying gmin =   1.0000E-05 Note: One successful gmin step
Trying gmin =   1.0000E-06 Note: One successful gmin step
Trying gmin =   1.0000E-07 Note: One successful gmin step
Trying gmin =   1.0000E-08 Note: One successful gmin step
Trying gmin =   3.1623E-09 Note: One successful gmin step
Trying gmin =   5.6234E-10 Note: One successful gmin step
Trying gmin =   5.6234E-11 Note: One successful gmin step
Trying gmin =   1.7783E-11 Note: One successful gmin step
Trying gmin =   3.1623E-12 Warning: Further gmin increment
Trying gmin =   1.1548E-11 Note: One successful gmin step
Trying gmin =   6.0430E-12 Note: One successful gmin step
Trying gmin =   2.2876E-12 Note: One successful gmin step
Trying gmin =   1.0000E-12 Note: One successful gmin step
Note: True gmin stepping completed
Note: Starting true gmin stepping
Trying gmin =   1.0000E-03 Note: One successful gmin step
Trying gmin =   1.0000E-04 Note: One successful gmin step
Trying gmin =   1.0000E-05 Note: One successful gmin step
Trying gmin =   1.0000E-06 Note: One successful gmin step
Trying gmin =   1.0000E-07 Note: One successful gmin step
Trying gmin =   1.0000E-08 Note: One successful gmin step
Trying gmin =   3.1623E-09 Note: One successful gmin step
Trying gmin =   5.6234E-10 Note: One successful gmin step
Trying gmin =   5.6234E-11 Note: One successful gmin step
Trying gmin =   5.6234E-12 Warning: Further gmin increment
Trying gmin =   3.1623E-11 Note: One successful gmin step
Trying gmin =   1.3335E-11 Note: One successful gmin step
Trying gmin =   3.6517E-12 Note: One successful gmin step
Trying gmin =   1.0000E-12 Warning: Further gmin increment
Trying gmin =   2.6416E-12 Note: One successful gmin step
Trying gmin =   1.6253E-12 Note: One successful gmin step
Trying gmin =   1.0000E-12 Note: One successful gmin step
Note: True gmin stepping completed
 Reference value :  1.20000e+00pm                  =  -1.197185e+02
Doing analysis at TEMP = 0.000000 and TNOM = 27.000000


No. of Data Rows : 91
psrr100             =  -6.055373e+01
psrr100k            =  -2.792619e+01
Doing analysis at TEMP = 0.000000 and TNOM = 27.000000


No. of Data Rows : 86
temp_coeff = 1.042116e+02
Doing analysis at TEMP = 0.000000 and TNOM = 27.000000


No. of Data Rows : 141
vldo_sup_2          =  1.793000e+00
vldo_sup_2_8        =  1.791992e+00
line_reg = 1.260000e-03
Note: No ".plot", ".print", or ".fourier" lines; no simulations run
vin                 =  1.777248e+00
dropout = 1.324800e-02
