Error: -1.5464e+164, 2 out of range for ^
Note: Starting true gmin stepping
Trying gmin =   1.0000E-03 Note: One successful gmin step
Trying gmin =   1.0000E-04 Note: One successful gmin step
Trying gmin =   1.0000E-05 Note: One successful gmin step
Trying gmin =   1.0000E-06 Note: One successful gmin step
Trying gmin =   1.0000E-07 Note: One successful gmin step
Trying gmin =   3.1623E-08 Warning: Further gmin increment
Trying gmin =   7.4989E-08 Note: One successful gmin step
Trying gmin =   5.6234E-08 Warning: Further gmin increment
Trying gmin =   6.9783E-08 Note: One successful gmin step
Trying gmin =   6.4938E-08 Note: One successful gmin step
Trying gmin =   5.8294E-08 Warning: Further gmin increment
Trying gmin =   6.3209E-08 Note: One successful gmin step
Trying gmin =   6.0702E-08 Note: One successful gmin step
Trying gmin =   5.7126E-08 Warning: Further gmin increment
Trying gmin =   5.9788E-08 Note: One successful gmin step
Trying gmin =   5.8442E-08 Warning: Further gmin increment
Trying gmin =   5.9448E-08 Note: One successful gmin step
Trying gmin =   5.8943E-08 Note: One successful gmin step
Trying gmin =   5.8193E-08 Warning: Further gmin increment
Trying gmin =   5.8754E-08 Note: One successful gmin step
Trying gmin =   5.8473E-08 Note: One successful gmin step
Trying gmin =   5.8053E-08 Warning: Further gmin increment
Trying gmin =   5.8368E-08 Warning: Further gmin increment
Trying gmin =   5.8447E-08 Warning: Further gmin increment
Trying gmin =   5.8466E-08 Note: One successful gmin step
Trying gmin =   5.8457E-08 Warning: Further gmin increment
Trying gmin =   5.8464E-08 Note: One successful gmin step
Trying gmin =   5.8460E-08 Warning: Further gmin increment
Trying gmin =   5.8463E-08 Note: One successful gmin step
Trying gmin =   5.8462E-08 Warning: Last gmin step failed
Warning: True gmin stepping failed
Note: Starting dynamic gmin stepping
Trying gmin =   1.0000E-03 Note: One successful gmin step
Trying gmin =   1.0000E-04 Note: One successful gmin step
Trying gmin =   1.0000E-05 Note: One successful gmin step
Trying gmin =   1.0000E-06 Warning: Further gmin increment
Trying gmin =   5.6234E-06 Note: One successful gmin step
Trying gmin =   3.1623E-06 Note: One successful gmin step
Trying gmin =   1.3335E-06 Note: One successful gmin step
Trying gmin =   5.6234E-07 Note: One successful gmin step
Trying gmin =   1.5399E-07 Warning: Further gmin increment
Trying gmin =   4.0679E-07 Note: One successful gmin step
Trying gmin =   2.5029E-07 Warning: Further gmin increment
Trying gmin =   3.6028E-07 Note: One successful gmin step
Trying gmin =   3.0029E-07 Note: One successful gmin step
Trying gmin =   2.2850E-07 Warning: Further gmin increment
Trying gmin =   2.8046E-07 Note: One successful gmin step
Trying gmin =   2.5315E-07 Warning: Further gmin increment
Trying gmin =   2.7337E-07 Warning: Further gmin increment
Trying gmin =   2.7867E-07 Note: One successful gmin step
Trying gmin =   2.7601E-07 Warning: Further gmin increment
Trying gmin =   2.7800E-07 Note: One successful gmin step
Trying gmin =   2.7701E-07 Warning: Further gmin increment
Trying gmin =   2.7775E-07 Warning: Further gmin increment
Trying gmin =   2.7794E-07 Note: One successful gmin step
Trying gmin =   2.7785E-07 Warning: Further gmin increment
Trying gmin =   2.7792E-07 Note: One successful gmin step
Trying gmin =   2.7788E-07 Note: One successful gmin step
Trying gmin =   2.7783E-07 Warning: Further gmin increment
Trying gmin =   2.7787E-07 Warning: Last gmin step failed
Warning: Dynamic gmin stepping failed
Note: Starting source stepping
Supplies reduced to   0.0000% Note: One successful source step
Supplies reduced to   0.1000% Note: One successful source step
Supplies reduced to   0.2000% Note: One successful source step
Supplies reduced to   0.3500% Note: One successful source step
Supplies reduced to   0.5750% Note: One successful source step
Supplies reduced to   0.9125% Note: One successful source step
Supplies reduced to   1.4188% Note: One successful source step
Supplies reduced to   2.1781% Note: One successful source step
Supplies reduced to   3.3172% Note: One successful source step
Supplies reduced to   5.0258% Note: One successful source step
Supplies reduced to   7.5887% Note: One successful source step
Supplies reduced to  11.4330% Note: One successful source step
Supplies reduced to  17.1995% Note: One successful source step
Supplies reduced to  25.8493% Note: One successful source step
Supplies reduced to  38.8239% Note: One successful source step
Supplies reduced to  58.2859% Note: One successful source step
Supplies reduced to  68.0168% Note: One successful source step
Supplies reduced to  72.8823% Note: One successful source step
Supplies reduced to  77.7478% Note: One successful source step
Supplies reduced to  85.0460% Note: One successful source step
Supplies reduced to  95.9934% Supplies reduced to  85.0460% Note: One successful source step
Supplies reduced to  86.0460% Note: One successful source step
Supplies reduced to  87.5460% Supplies reduced to  86.0460% Note: One successful source step
Supplies reduced to  86.2710% Supplies reduced to  86.0460% Note: One successful source step
Supplies reduced to  86.0798% Note: One successful source step
Supplies reduced to  86.1304% Note: One successful source step
Supplies reduced to  86.2063% Supplies reduced to  86.1304% Note: One successful source step
Supplies reduced to  86.1418% Note: One successful source step
Supplies reduced to  86.1589% Note: One successful source step
Supplies reduced to  86.1845% Note: One successful source step
Supplies reduced to  86.2230% Note: One successful source step
Supplies reduced to  86.2806% Note: One successful source step
Supplies reduced to  86.3671% Note: One successful source step
Supplies reduced to  86.4969% Note: One successful source step
Supplies reduced to  86.6915% Note: One successful source step
Supplies reduced to  86.9834% Note: One successful source step
Supplies reduced to  87.4213% Note: One successful source step
Supplies reduced to  88.0782% Note: One successful source step
Supplies reduced to  89.0634% Note: One successful source step
Supplies reduced to  90.5413% Note: One successful source step
Supplies reduced to  92.7581% Note: One successful source step
Supplies reduced to  96.0834% Note: One successful source step
Supplies reduced to 100.0000% Note: One successful source step
Note: Source stepping completed
 Reference value :  0.00000e+00
No compatibility mode selected!


Circuit: * ldo netlist 

Doing analysis at TEMP = 0.000000 and TNOM = 27.000000


No. of Data Rows : 1
bg_out = 1.099423e+00
inn = 1.181040e+00
inp = 1.180963e+00
l1#branch = 2.710505e-20
ldo_out = 1.807761e+00
m.xm1.msky130_fd_pr__nfet_g5v0d10v5#body = 1.391911e-11
m.xm1.msky130_fd_pr__nfet_g5v0d10v5#dbody = 3.020522e-11
m.xm1.msky130_fd_pr__nfet_g5v0d10v5#sbody = 1.155209e-11
m.xm2.msky130_fd_pr__pfet_g5v0d10v5#body = 2.100000e+00
m.xm2.msky130_fd_pr__pfet_g5v0d10v5#dbody = 2.100000e+00
m.xm2.msky130_fd_pr__pfet_g5v0d10v5#sbody = 2.100000e+00
m.xm3.msky130_fd_pr__pfet_g5v0d10v5#body = 2.100000e+00
m.xm3.msky130_fd_pr__pfet_g5v0d10v5#dbody = 2.100000e+00
m.xm3.msky130_fd_pr__pfet_g5v0d10v5#sbody = 2.100000e+00
m.xm4.msky130_fd_pr__pfet_g5v0d10v5#body = 2.100000e+00
m.xm4.msky130_fd_pr__pfet_g5v0d10v5#dbody = 2.100000e+00
m.xm4.msky130_fd_pr__pfet_g5v0d10v5#sbody = 2.100000e+00
m.xm5.msky130_fd_pr__pfet_g5v0d10v5#body = 2.100000e+00
m.xm5.msky130_fd_pr__pfet_g5v0d10v5#dbody = 2.100000e+00
m.xm5.msky130_fd_pr__pfet_g5v0d10v5#sbody = 2.100000e+00
m.xm6.msky130_fd_pr__nfet_g5v0d10v5#body = 1.272653e-11
m.xm6.msky130_fd_pr__nfet_g5v0d10v5#dbody = 3.181632e-11
m.xm6.msky130_fd_pr__nfet_g5v0d10v5#sbody = 6.363271e-12
m.xm7.msky130_fd_pr__pfet_g5v0d10v5#body = 2.100000e+00
m.xm7.msky130_fd_pr__pfet_g5v0d10v5#dbody = 2.100000e+00
m.xm7.msky130_fd_pr__pfet_g5v0d10v5#sbody = 2.100000e+00
m.xm8.msky130_fd_pr__pfet_g5v0d10v5#body = 2.100000e+00
m.xm8.msky130_fd_pr__pfet_g5v0d10v5#dbody = 2.100000e+00
m.xm8.msky130_fd_pr__pfet_g5v0d10v5#sbody = 2.100000e+00
m.xm9.msky130_fd_pr__nfet_g5v0d10v5#body = 1.439575e-11
m.xm9.msky130_fd_pr__nfet_g5v0d10v5#dbody = 3.306568e-11
m.xm9.msky130_fd_pr__nfet_g5v0d10v5#sbody = 1.012158e-11
m.xm10.msky130_fd_pr__nfet_g5v0d10v5#body = 1.398824e-11
m.xm10.msky130_fd_pr__nfet_g5v0d10v5#dbody = 3.204688e-11
m.xm10.msky130_fd_pr__nfet_g5v0d10v5#sbody = 9.917824e-12
m.xm11.msky130_fd_pr__pfet_g5v0d10v5#body = 2.100000e+00
m.xm11.msky130_fd_pr__pfet_g5v0d10v5#dbody = 2.100000e+00
m.xm11.msky130_fd_pr__pfet_g5v0d10v5#sbody = 2.100000e+00
m.xm12.msky130_fd_pr__pfet_g5v0d10v5#body = 2.100000e+00
m.xm12.msky130_fd_pr__pfet_g5v0d10v5#dbody = 2.100000e+00
m.xm12.msky130_fd_pr__pfet_g5v0d10v5#sbody = 2.100000e+00
m.xm13.msky130_fd_pr__nfet_g5v0d10v5#body = 1.461834e-12
m.xm13.msky130_fd_pr__nfet_g5v0d10v5#dbody = 3.654576e-12
m.xm13.msky130_fd_pr__nfet_g5v0d10v5#sbody = 7.309256e-13
m.xm14.msky130_fd_pr__pfet_g5v0d10v5#body = 2.100000e+00
m.xm14.msky130_fd_pr__pfet_g5v0d10v5#dbody = 2.100000e+00
m.xm14.msky130_fd_pr__pfet_g5v0d10v5#sbody = 2.100000e+00
m.xm15.msky130_fd_pr__nfet_g5v0d10v5#body = 2.666296e-16
m.xm15.msky130_fd_pr__nfet_g5v0d10v5#dbody = 6.665680e-16
m.xm15.msky130_fd_pr__nfet_g5v0d10v5#sbody = 1.333209e-16
m.xm16.msky130_fd_pr__nfet_g5v0d10v5#body = 4.101312e-11
m.xm16.msky130_fd_pr__nfet_g5v0d10v5#dbody = 7.300668e-11
m.xm16.msky130_fd_pr__nfet_g5v0d10v5#sbody = 5.003267e-11
m.xm17.msky130_fd_pr__pfet_g5v0d10v5#body = 2.100000e+00
m.xm17.msky130_fd_pr__pfet_g5v0d10v5#dbody = 2.100000e+00
m.xm17.msky130_fd_pr__pfet_g5v0d10v5#sbody = 2.100000e+00
m.xm18.msky130_fd_pr__nfet_g5v0d10v5#body = 1.690686e-11
m.xm18.msky130_fd_pr__nfet_g5v0d10v5#dbody = 4.226644e-11
m.xm18.msky130_fd_pr__nfet_g5v0d10v5#sbody = 8.453444e-12
m.xm19.msky130_fd_pr__nfet_g5v0d10v5#body = 1.403625e-11
m.xm19.msky130_fd_pr__nfet_g5v0d10v5#dbody = 3.049808e-11
m.xm19.msky130_fd_pr__nfet_g5v0d10v5#sbody = 1.161067e-11
m.xm20.msky130_fd_pr__nfet_g5v0d10v5#body = 1.336060e-11
m.xm20.msky130_fd_pr__nfet_g5v0d10v5#dbody = 3.340148e-11
m.xm20.msky130_fd_pr__nfet_g5v0d10v5#sbody = 6.680312e-12
m.xm22.msky130_fd_pr__nfet_g5v0d10v5#body = 2.296307e-12
m.xm22.msky130_fd_pr__nfet_g5v0d10v5#dbody = 5.740762e-12
m.xm22.msky130_fd_pr__nfet_g5v0d10v5#sbody = 1.148158e-12
m.xm24.msky130_fd_pr__pfet_g5v0d10v5#body = 2.100000e+00
m.xm24.msky130_fd_pr__pfet_g5v0d10v5#dbody = 2.100000e+00
m.xm24.msky130_fd_pr__pfet_g5v0d10v5#sbody = 2.100000e+00
m.xm26.msky130_fd_pr__pfet_g5v0d10v5#body = 2.100000e+00
m.xm26.msky130Note: Starting true gmin stepping
Trying gmin =   1.0000E-03 Note: One successful gmin step
Trying gmin =   1.0000E-04 Note: One successful gmin step
Trying gmin =   1.0000E-05 Note: One successful gmin step
Trying gmin =   1.0000E-06 Note: One successful gmin step
Trying gmin =   1.0000E-07 Note: One successful gmin step
Trying gmin =   3.1623E-08 Warning: Further gmin increment
Trying gmin =   7.4989E-08 Note: One successful gmin step
Trying gmin =   5.6234E-08 Note: One successful gmin step
Trying gmin =   4.2170E-08 Note: One successful gmin step
Trying gmin =   2.7384E-08 Note: One successful gmin step
Trying gmin =   1.4330E-08 Note: One successful gmin step
Trying gmin =   5.4247E-09 Note: One successful gmin step
Trying gmin =   1.2635E-09 Note: One successful gmin step
Trying gmin =   1.4202E-10 Note: One successful gmin step
Trying gmin =   1.4202E-11 Note: One successful gmin step
Trying gmin =   1.4202E-12 Note: One successful gmin step
Trying gmin =   1.0000E-12 Note: One successful gmin step
Note: True gmin stepping completed
_fd_pr__pfet_g5v0d10v5#dbody = 2.100000e+00
m.xm26.msky130_fd_pr__pfet_g5v0d10v5#sbody = 2.100000e+00
mir = 9.298221e-01
net1 = 7.710352e-01
net2 = 2.131769e-05
net3 = 8.247856e-01
net4 = 1.836968e-01
net5 = 9.391937e-01
net6 = 1.018115e+00
net7 = 8.247067e-01
net8 = 1.002107e+00
net9 = 1.034709e+00
net10 = 1.169449e-01
net11 = 1.352519e+00
net12 = 1.352519e+00
net13 = 0.000000e+00
out = 1.352519e+00
pos = 1.099735e+00
q.xq2.qsky130_fd_pr__pnp_05v5_w0p68l0p68#collcx = 1.931782e-03
q.xq3.qsky130_fd_pr__pnp_05v5_w0p68l0p68#collcx = 2.432577e-04
q.xq4.qsky130_fd_pr__pnp_05v5_w0p68l0p68#collcx = 2.432577e-04
q.xq8.qsky130_fd_pr__pnp_05v5_w0p68l0p68#collcx = 2.432577e-04
q.xq10.qsky130_fd_pr__pnp_05v5_w0p68l0p68#collcx = 2.432577e-04
q.xq12.qsky130_fd_pr__pnp_05v5_w0p68l0p68#collcx = 2.432577e-04
q.xq14.qsky130_fd_pr__pnp_05v5_w0p68l0p68#collcx = 2.432577e-04
q.xq16.qsky130_fd_pr__pnp_05v5_w0p68l0p68#collcx = 2.432577e-04
q.xq18.qsky130_fd_pr__pnp_05v5_w0p68l0p68#collcx = 2.432577e-04
vb = 1.068846e+00
vdd = 2.100000e+00
vs#branch = -1.75112e-04
vt#branch = 0.000000e+00
xc1.a = 0.000000e+00
xc1.b1 = 0.000000e+00
xc3.a = 1.352519e+00
xc3.b1 = 1.352519e+00
xr1.xsky130_fd_pr__res_xhigh_po_0p69.ra = 8.275646e-01
xr2.xsky130_fd_pr__res_xhigh_po_0p69.ra = 8.276435e-01
xr3.xsky130_fd_pr__res_xhigh_po_0p69.ra = 2.082910e-03
xr4.xsky130_fd_pr__res_xhigh_po_0p69.ra = 7.718752e-01
xr5.xsky130_fd_pr__res_xhigh_po_0p69.ra = 2.082697e-03
xr6.xsky130_fd_pr__res_xhigh_po_0p69.ra = 3.040874e-03
xr7.xsky130_fd_pr__res_xhigh_po_0p69.ra = 1.352519e+00
xr8.xsky130_fd_pr__res_xhigh_po_0p69.ra = 1.104354e+00
xr9.xsky130_fd_pr__res_xhigh_po_0p69.ra = 4.768550e-03
Doing analysis at TEMP = 0.000000 and TNOM = 27.000000


No. of Data Rows : 91
Note: Starting true gmin stepping
Trying gmin =   1.0000E-03 Note: One successful gmin step
Trying gmin =   1.0000E-04 Note: One successful gmin step
Trying gmin =   1.0000E-05 Note: One successful gmin step
Trying gmin =   1.0000E-06 Note: One successful gmin step
Trying gmin =   1.0000E-07 Note: One successful gmin step
Trying gmin =   3.1623E-08 Warning: Further gmin increment
Trying gmin =   7.4989E-08 Note: One successful gmin step
Trying gmin =   5.6234E-08 Note: One successful gmin step
Trying gmin =   4.2170E-08 Note: One successful gmin step
Trying gmin =   2.7384E-08 Note: One successful gmin step
Trying gmin =   1.4330E-08 Note: One successful gmin step
Trying gmin =   5.4247E-09 Note: One successful gmin step
Trying gmin =   1.2635E-09 Note: One successful gmin step
Trying gmin =   1.4202E-10 Note: One successful gmin step
Trying gmin =   1.4202E-11 Note: One successful gmin step
Trying gmin =   1.4202E-12 Note: One successful gmin step
Trying gmin =   1.0000E-12 Note: One successful gmin step
Note: True gmin stepping completed
 Reference value :  1.00000e+00Note: Starting true gmin stepping
Trying gmin =   1.0000E-03 Note: One successful gmin step
Trying gmin =   1.0000E-04 Note: One successful gmin step
Trying gmin =   1.0000E-05 Note: One successful gmin step
Trying gmin =   1.0000E-06 Note: One successful gmin step
Trying gmin =   1.0000E-07 Note: One successful gmin step
Trying gmin =   3.1623E-08 Warning: Further gmin increment
Trying gmin =   7.4989E-08 Note: One successful gmin step
Trying gmin =   4.8697E-08 Warning: Further gmin increment
Trying gmin =   6.7317E-08 Warning: Further gmin increment
Trying gmin =   7.2993E-08 Warning: Further gmin increment
Trying gmin =   7.4485E-08 Note: One successful gmin step
Trying gmin =   7.4234E-08 Note: One successful gmin step
Trying gmin =   7.3860E-08 Note: One successful gmin step
Trying gmin =   7.3301E-08 Note: One successful gmin step
Trying gmin =   7.2472E-08 Note: One successful gmin step
Trying gmin =   7.1245E-08 Note: One successful gmin step
Trying gmin =   6.9443E-08 Note: One successful gmin step
Trying gmin =   6.6826E-08 Note: One successful gmin step
Trying gmin =   6.3083E-08 Note: One successful gmin step
Trying gmin =   5.7859E-08 Note: One successful gmin step
Trying gmin =   5.0823E-08 Note: One successful gmin step
Trying gmin =   4.1840E-08 Note: One successful gmin step
Trying gmin =   3.1252E-08 Note: One successful gmin step
Trying gmin =   2.0176E-08 Note: One successful gmin step
Trying gmin =   1.0465E-08 Note: One successful gmin step
Trying gmin =   3.9094E-09 Note: One successful gmin step
Trying gmin =   8.9261E-10 Note: One successful gmin step
Trying gmin =   9.7385E-11 Note: One successful gmin step
Trying gmin =   9.7385E-12 Note: One successful gmin step
Trying gmin =   1.0000E-12 Note: One successful gmin step
Note: True gmin stepping completed
 Reference value :  2.80000e+00Note: Starting true gmin stepping
Trying gmin =   1.0000E-03 Note: One successful gmin step
Trying gmin =   1.0000E-04 Note: One successful gmin step
Trying gmin =   1.0000E-05 Note: One successful gmin step
Trying gmin =   1.0000E-06 Note: One successful gmin step
Trying gmin =   1.0000E-07 Note: One successful gmin step
Trying gmin =   1.0000E-08 Warning: Further gmin increment
Trying gmin =   5.6234E-08 Note: One successful gmin step
Trying gmin =   2.3714E-08 Note: One successful gmin step
Trying gmin =   6.4938E-09 Note: One successful gmin step
Trying gmin =   9.3057E-10 Note: One successful gmin step
Trying gmin =   9.3057E-11 Note: One successful gmin step
Trying gmin =   9.3057E-12 Note: One successful gmin step
Trying gmin =   1.0000E-12 Warning: Further gmin increment
Trying gmin =   5.3280E-12 Note: One successful gmin step
Trying gmin =   2.3082E-12 Note: One successful gmin step
Trying gmin =   1.0000E-12 Note: One successful gmin step
Note: True gmin stepping completed
 Reference value :  1.20000e+00Note: Starting true gmin stepping
Trying gmin =   1.0000E-03 Note: One successful gmin step
Trying gmin =   1.0000E-04 Note: One successful gmin step
Trying gmin =   1.0000E-05 Note: One successful gmin step
Trying gmin =   1.0000E-06 Note: One successful gmin step
Trying gmin =   1.0000E-07 Note: One successful gmin step
Trying gmin =   1.0000E-08 Note: One successful gmin step
Trying gmin =   3.1623E-09 Note: One successful gmin step
Trying gmin =   5.6234E-10 Note: One successful gmin step
Trying gmin =   5.6234E-11 Note: One successful gmin step
Trying gmin =   5.6234E-12 Note: One successful gmin step
Trying gmin =   1.0000E-12 Note: One successful gmin step
Note: True gmin stepping completed
 Reference value :  3.20000e-01pm                  =  6.831706e+01
Doing analysis at TEMP = 0.000000 and TNOM = 27.000000


No. of Data Rows : 91
psrr100             =  -5.412324e+01
psrr100k            =  -2.828569e+01
Doing analysis at TEMP = 0.000000 and TNOM = 27.000000


No. of Data Rows : 86
temp_coeff = 5.009850e+01
Doing analysis at TEMP = 0.000000 and TNOM = 27.000000


No. of Data Rows : 141
vldo_sup_2          =  1.807978e+00
vldo_sup_2_8        =  1.806952e+00
line_reg = 1.282500e-03
Note: No ".plot", ".print", or ".fourier" lines; no simulations run
vin                 =  1.764094e+00
dropout = 9.400000e-05
