 Reference value :  8.00000e+01Note: Starting true gmin stepping
Trying gmin =   1.0000E-03 Note: One successful gmin step
Trying gmin =   1.0000E-04 Note: One successful gmin step
Trying gmin =   1.0000E-05 Note: One successful gmin step
Trying gmin =   1.0000E-06 Note: One successful gmin step
Trying gmin =   1.0000E-07 Warning: Further gmin increment
Trying gmin =   5.6234E-07 Note: One successful gmin step
Trying gmin =   2.3714E-07 Note: One successful gmin step
Trying gmin =   6.4938E-08 Warning: Further gmin increment
Trying gmin =   1.7154E-07 Note: One successful gmin step
Trying gmin =   1.0554E-07 Warning: Further gmin increment
Trying gmin =   1.5193E-07 Note: One successful gmin step
Trying gmin =   1.2663E-07 Note: One successful gmin step
Trying gmin =   9.6358E-08 Warning: Further gmin increment
Trying gmin =   1.1827E-07 Note: One successful gmin step
Trying gmin =   1.0675E-07 Note: One successful gmin step
Trying gmin =   9.1546E-08 Warning: Further gmin increment
Trying gmin =   1.0273E-07 Warning: Further gmin increment
Trying gmin =   1.0573E-07 Warning: Further gmin increment
Trying gmin =   1.0650E-07 Note: One successful gmin step
Trying gmin =   1.0611E-07 Note: One successful gmin step
Trying gmin =   1.0554E-07 Warning: Further gmin increment
Trying gmin =   1.0597E-07 Note: One successful gmin step
Trying gmin =   1.0576E-07 Warning: Further gmin increment
Trying gmin =   1.0592E-07 Note: One successful gmin step
Trying gmin =   1.0584E-07 Note: One successful gmin step
Trying gmin =   1.0572E-07 Warning: Further gmin increment
Trying gmin =   1.0581E-07 Note: One successful gmin step
Trying gmin =   1.0576E-07 Warning: Further gmin increment
Trying gmin =   1.0580E-07 Warning: Further gmin increment
Trying gmin =   1.0580E-07 Note: One successful gmin step
Trying gmin =   1.0580E-07 Note: One successful gmin step
Trying gmin =   1.0579E-07 Warning: Further gmin increment
Trying gmin =   1.0580E-07 Note: One successful gmin step
Trying gmin =   1.0580E-07 Warning: Last gmin step failed
Warning: True gmin stepping failed
Note: Starting dynamic gmin stepping
Trying gmin =   1.0000E-03 Note: One successful gmin step
Trying gmin =   1.0000E-04 Note: One successful gmin step
Trying gmin =   1.0000E-05 Warning: Further gmin increment
Trying gmin =   5.6234E-05 Note: One successful gmin step
Trying gmin =   2.3714E-05 Warning: Further gmin increment
Trying gmin =   4.5316E-05 Note: One successful gmin step
Trying gmin =   3.2781E-05 Note: One successful gmin step
Trying gmin =   2.0169E-05 Note: One successful gmin step
Trying gmin =   9.7338E-06 Warning: Further gmin increment
Trying gmin =   1.6811E-05 Note: One successful gmin step
Trying gmin =   1.2792E-05 Note: One successful gmin step
Trying gmin =   8.4909E-06 Note: One successful gmin step
Trying gmin =   4.5918E-06 Note: One successful gmin step
Trying gmin =   2.4832E-06 Note: One successful gmin step
Trying gmin =   9.8757E-07 Warning: Further gmin increment
Trying gmin =   1.9720E-06 Note: One successful gmin step
Trying gmin =   1.3955E-06 Warning: Further gmin increment
Trying gmin =   1.8087E-06 Note: One successful gmin step
Trying gmin =   1.5887E-06 Warning: Further gmin increment
Trying gmin =   1.7510E-06 Note: One successful gmin step
Trying gmin =   1.6679E-06 Note: One successful gmin step
Trying gmin =   1.5506E-06 Warning: Further gmin increment
Trying gmin =   1.6378E-06 Note: One successful gmin step
Trying gmin =   1.5936E-06 Warning: Further gmin increment
Trying gmin =   1.6266E-06 Note: One successful gmin step
Trying gmin =   1.6100E-06 Note: One successful gmin step
Trying gmin =   1.5854E-06 Warning: Further gmin increment
Trying gmin =   1.6038E-06 Note: One successful gmin step
Trying gmin =   1.5946E-06 Note: One successful gmin step
Trying gmin =   1.5808E-06 Warning: Further gmin increment
Trying gmin =   1.5911E-06 Note: One successful gmin step
Trying gmin =   1.5860E-06 Note: One successful gmin step
Trying gmin =   1.5783E-06 Note: One successful gmin step
Trying gmin =   1.5668E-06 Note: One successful gmin step
Trying gmin =   1.5497E-06 Note: One successful gmin step
Trying gmin =   1.5245E-06 Note: One successful gmin step
Trying gmin =   1.4874E-06 Note: One successful gmin step
Trying gmin =   1.4334E-06 Note: One successful gmin step
Trying gmin =   1.3561E-06 Note: One successful gmin step
Trying gmin =   1.2478E-06 Note: One successful gmin step
Trying gmin =   1.1015E-06 Note: One successful gmin step
Trying gmin =   9.1349E-07 Note: One successful gmin step
Trying gmin =   6.8991E-07 Note: One successful gmin step
Trying gmin =   4.5282E-07 Note: One successful gmin step
Trying gmin =   2.4078E-07 Note: One successful gmin step
Trying gmin =   9.3362E-08 Note: One successful gmin step
Trying gmin =   2.2542E-08 Note: One successful gmin step
Trying gmin =   2.6744E-09 Note: One successful gmin step
Trying gmin =   2.6744E-10 Note: One successful gmin step
Trying gmin =   2.6744E-11 Note: One successful gmin step
Trying gmin =   2.6744E-12 Note: One successful gmin step
Trying gmin =   1.0000E-12 Note: One successful gmin step
Note: Dynamic gmin stepping completed
 Reference value :  3.00000e+00Note: Starting true gmin stepping
Trying gmin =   1.0000E-03 Note: One successful gmin step
Trying gmin =   1.0000E-04 Note: One successful gmin step
Trying gmin =   1.0000E-05 Note: One successful gmin step
Trying gmin =   1.0000E-06 Note: One successful gmin step
Trying gmin =   1.0000E-07 Note: One successful gmin step
Trying gmin =   1.0000E-08 Warning: Further gmin increment
Trying gmin =   5.6234E-08 Note: One successful gmin step
Trying gmin =   2.3714E-08 Note: One successful gmin step
Trying gmin =   6.4938E-09 Note: One successful gmin step
Trying gmin =   9.3057E-10 Warning: Further gmin increment
Trying gmin =   3.9954E-09 Warning: Further gmin increment
Trying gmin =   5.7513E-09 Note: One successful gmin step
Trying gmin =   4.7936E-09 Note: One successful gmin step
Trying gmin =   3.6476E-09 Warning: Further gmin increment
Trying gmin =   4.4771E-09 Note: One successful gmin step
Trying gmin =   4.0412E-09 Note: One successful gmin step
Trying gmin =   3.4655E-09 Warning: Further gmin increment
Trying gmin =   3.8888E-09 Note: One successful gmin step
Trying gmin =   3.6711E-09 Warning: Further gmin increment
Trying gmin =   3.8332E-09 Note: One successful gmin step
Trying gmin =   3.7513E-09 Note: One successful gmin step
Trying gmin =   3.6316E-09 Warning: Further gmin increment
Trying gmin =   3.7210E-09 Note: One successful gmin step
Trying gmin =   3.6760E-09 Note: One successful gmin step
Trying gmin =   3.6316E-09 Note: One successful gmin step
Trying gmin =   3.5660E-09 Note: One successful gmin step
Trying gmin =   3.4698E-09 Note: One successful gmin step
Trying gmin =   3.3303E-09 Note: One successful gmin step
Trying gmin =   3.1315E-09 Note: One successful gmin step
Trying gmin =   2.8554E-09 Note: One successful gmin step
Trying gmin =   2.4862E-09 Note: One successful gmin step
Trying gmin =   2.0199E-09 Note: One successful gmin step
Trying gmin =   1.4792E-09 Note: One successful gmin step
Trying gmin =   9.2697E-10 Note: One successful gmin step
Trying gmin =   4.5986E-10 Note: One successful gmin step
Trying gmin =   1.6068E-10 Note: One successful gmin step
Trying gmin =   3.3189E-11 Note: One successful gmin step
Trying gmin =   3.3189E-12 Note: One successful gmin step
Trying gmin =   1.0000E-12 Note: One successful gmin step
Note: True gmin stepping completed
 Reference value :  1.36000e+00Note: Starting true gmin stepping
Trying gmin =   1.0000E-03 Note: One successful gmin step
Trying gmin =   1.0000E-04 Note: One successful gmin step
Trying gmin =   1.0000E-05 Note: One successful gmin step
Trying gmin =   1.0000E-06 Note: One successful gmin step
Trying gmin =   1.0000E-07 Note: One successful gmin step
Trying gmin =   1.0000E-08 Note: One successful gmin step
Trying gmin =   3.1623E-09 Warning: Further gmin increment
Trying gmin =   7.4989E-09 Note: One successful gmin step
Trying gmin =   4.8697E-09 Note: One successful gmin step
Trying gmin =   2.5483E-09 Note: One successful gmin step
Trying gmin =   9.6466E-10 Note: One successful gmin step
Trying gmin =   2.2468E-10 Note: One successful gmin step
Trying gmin =   2.5255E-11 Note: One successful gmin step
Trying gmin =   2.5255E-12 Note: One successful gmin step
Trying gmin =   1.0000E-12 Note: One successful gmin step
Note: True gmin stepping completed

No compatibility mode selected!


Circuit: * ldo netlist 

Doing analysis at TEMP = 0.000000 and TNOM = 27.000000


No. of Data Rows : 81
temp_coeff = 5.844249e+01
Doing analysis at TEMP = 0.000000 and TNOM = 27.000000


No. of Data Rows : 151
vldo_sup_2          =  1.793634e+00
vldo_sup_3          =  1.791939e+00
line_reg = -1.69500e-03
Note: Starting true gmin stepping
Trying gmin =   1.0000E-03 Note: One successful gmin step
Trying gmin =   1.0000E-04 Note: One successful gmin step
Trying gmin =   1.0000E-05 Note: One successful gmin step
Trying gmin =   3.1623E-06 Note: One successful gmin step
Trying gmin =   5.6234E-07 Note: One successful gmin step
Trying gmin =   5.6234E-08 Warning: Further gmin increment
Trying gmin =   3.1623E-07 Note: One successful gmin step
Trying gmin =   1.3335E-07 Note: One successful gmin step
Trying gmin =   3.6517E-08 Warning: Further gmin increment
Trying gmin =   9.6466E-08 Note: One successful gmin step
Trying gmin =   5.9352E-08 Note: One successful gmin step
Trying gmin =   4.6555E-08 Note: One successful gmin step
Trying gmin =   3.2342E-08 Note: One successful gmin step
Trying gmin =   1.8727E-08 Note: One successful gmin step
Trying gmin =   8.2509E-09 Warning: Further gmin increment
Trying gmin =   1.5257E-08 Warning: Further gmin increment
Trying gmin =   1.7792E-08 Note: One successful gmin step
Trying gmin =   1.6476E-08 Note: One successful gmin step
Trying gmin =   1.4682E-08 Warning: Further gmin increment
Trying gmin =   1.6008E-08 Warning: Further gmin increment
Trying gmin =   1.6357E-08 Warning: Further gmin increment
Trying gmin =   1.6446E-08 Warning: Further gmin increment
Trying gmin =   1.6468E-08 Note: One successful gmin step
Trying gmin =   1.6457E-08 Note: One successful gmin step
Trying gmin =   1.6440E-08 Warning: Further gmin increment
Trying gmin =   1.6453E-08 Warning: Further gmin increment
Trying gmin =   1.6456E-08 Warning: Further gmin increment
Trying gmin =   1.6457E-08 Note: One successful gmin step
Trying gmin =   1.6456E-08 Warning: Last gmin step failed
Warning: True gmin stepping failed
Note: Starting dynamic gmin stepping
Trying gmin =   1.0000E-03 Note: One successful gmin step
Trying gmin =   1.0000E-04 Note: One successful gmin step
Trying gmin =   1.0000E-05 Note: One successful gmin step
Trying gmin =   3.1623E-06 Note: One successful gmin step
Trying gmin =   5.6234E-07 Note: One successful gmin step
Trying gmin =   5.6234E-08 Warning: Further gmin increment
Trying gmin =   3.1623E-07 Warning: Further gmin increment
Trying gmin =   4.8697E-07 Note: One successful gmin step
Trying gmin =   4.5316E-07 Note: One successful gmin step
Trying gmin =   4.0679E-07 Note: One successful gmin step
Trying gmin =   3.4599E-07 Note: One successful gmin step
Trying gmin =   2.7139E-07 Note: One successful gmin step
Trying gmin =   1.8853E-07 Note: One successful gmin step
Trying gmin =   1.0917E-07 Note: One successful gmin step
Trying gmin =   4.8098E-08 Note: One successful gmin step
Trying gmin =   1.4067E-08 Note: One successful gmin step
Trying gmin =   2.2248E-09 Note: One successful gmin step
Trying gmin =   2.2248E-10 Note: One successful gmin step
Trying gmin =   2.2248E-11 Note: One successful gmin step
Trying gmin =   2.2248E-12 Note: One successful gmin step
Trying gmin =   1.0000E-12 Note: One successful gmin step
Note: Dynamic gmin stepping completed
 Reference value :  1.00000e+00Note: No ".plot", ".print", or ".fourier" lines; no simulations run
vin                 =  1.764164e+00
dropout = 1.640000e-04
Doing analysis at TEMP = 0.000000 and TNOM = 27.000000


No. of Data Rows : 91
psrr100             =  -5.495984e+01
psrr100k            =  -3.263594e+01
