 Reference value :  8.00000e+01Note: Starting true gmin stepping
Trying gmin =   1.0000E-03 Note: One successful gmin step
Trying gmin =   1.0000E-04 Note: One successful gmin step
Trying gmin =   1.0000E-05 Note: One successful gmin step
Trying gmin =   1.0000E-06 Note: One successful gmin step
Trying gmin =   1.0000E-07 Warning: Further gmin increment
Trying gmin =   5.6234E-07 Note: One successful gmin step
Trying gmin =   2.3714E-07 Note: One successful gmin step
Trying gmin =   6.4938E-08 Warning: Further gmin increment
Trying gmin =   1.7154E-07 Note: One successful gmin step
Trying gmin =   1.0554E-07 Warning: Further gmin increment
Trying gmin =   1.5193E-07 Warning: Further gmin increment
Trying gmin =   1.6641E-07 Note: One successful gmin step
Trying gmin =   1.5901E-07 Warning: Further gmin increment
Trying gmin =   1.6453E-07 Warning: Further gmin increment
Trying gmin =   1.6594E-07 Note: One successful gmin step
Trying gmin =   1.6523E-07 Note: One successful gmin step
Trying gmin =   1.6418E-07 Warning: Further gmin increment
Trying gmin =   1.6497E-07 Note: One successful gmin step
Trying gmin =   1.6457E-07 Warning: Further gmin increment
Trying gmin =   1.6487E-07 Note: One successful gmin step
Trying gmin =   1.6472E-07 Warning: Further gmin increment
Trying gmin =   1.6483E-07 Note: One successful gmin step
Trying gmin =   1.6478E-07 Note: One successful gmin step
Trying gmin =   1.6470E-07 Warning: Further gmin increment
Trying gmin =   1.6476E-07 Warning: Further gmin increment
Trying gmin =   1.6477E-07 Warning: Last gmin step failed
Warning: True gmin stepping failed
Note: Starting dynamic gmin stepping
Trying gmin =   1.0000E-03 Note: One successful gmin step
Trying gmin =   1.0000E-04 Note: One successful gmin step
Trying gmin =   1.0000E-05 Note: One successful gmin step
Trying gmin =   1.0000E-06 Warning: Further gmin increment
Trying gmin =   5.6234E-06 Note: One successful gmin step
Trying gmin =   2.3714E-06 Warning: Further gmin increment
Trying gmin =   4.5316E-06 Note: One successful gmin step
Trying gmin =   4.0679E-06 Note: One successful gmin step
Trying gmin =   3.4599E-06 Note: One successful gmin step
Trying gmin =   2.7139E-06 Note: One successful gmin step
Trying gmin =   1.8853E-06 Warning: Further gmin increment
Trying gmin =   2.4777E-06 Warning: Further gmin increment
Trying gmin =   2.6528E-06 Warning: Further gmin increment
Trying gmin =   2.6985E-06 Note: One successful gmin step
Trying gmin =   2.6756E-06 Warning: Further gmin increment
Trying gmin =   2.6927E-06 Note: One successful gmin step
Trying gmin =   2.6841E-06 Note: One successful gmin step
Trying gmin =   2.6713E-06 Warning: Further gmin increment
Trying gmin =   2.6809E-06 Warning: Further gmin increment
Trying gmin =   2.6833E-06 Note: One successful gmin step
Trying gmin =   2.6821E-06 Note: One successful gmin step
Trying gmin =   2.6803E-06 Warning: Further gmin increment
Trying gmin =   2.6817E-06 Note: One successful gmin step
Trying gmin =   2.6810E-06 Warning: Further gmin increment
Trying gmin =   2.6815E-06 Note: One successful gmin step
Trying gmin =   2.6812E-06 Warning: Further gmin increment
Trying gmin =   2.6814E-06 Note: One successful gmin step
Trying gmin =   2.6813E-06 Warning: Last gmin step failed
Warning: Dynamic gmin stepping failed
Note: Starting source stepping
Supplies reduced to   0.0000% Note: One successful source step
Supplies reduced to   0.1000% Note: One successful source step
Supplies reduced to   0.2000% Note: One successful source step
Supplies reduced to   0.3500% Note: One successful source step
Supplies reduced to   0.5750% Note: One successful source step
Supplies reduced to   0.9125% Note: One successful source step
Supplies reduced to   1.4188% Note: One successful source step
Supplies reduced to   2.1781% Note: One successful source step
Supplies reduced to   3.3172% Note: One successful source step
Supplies reduced to   5.0258% Note: One successful source step
Supplies reduced to   7.5887% Note: One successful source step
Supplies reduced to  11.4330% Note: One successful source step
Supplies reduced to  17.1995% Note: One successful source step
Supplies reduced to  25.8493% Note: One successful source step
Supplies reduced to  38.8239% Supplies reduced to  25.8493% Note: One successful source step
Supplies reduced to  26.8493% Note: One successful source step
Supplies reduced to  28.3493% Note: One successful source step
Supplies reduced to  30.5993% Note: One successful source step
Supplies reduced to  33.9743% Supplies reduced to  30.5993% Note: One successful source step
Supplies reduced to  30.9368% Note: One successful source step
Supplies reduced to  31.4430% Note: One successful source step
Supplies reduced to  32.2024% Note: One successful source step
Supplies reduced to  33.3415% Note: One successful source step
Supplies reduced to  35.0500% Note: One successful source step
Supplies reduced to  37.6129% Note: One successful source step
Supplies reduced to  41.4573% Note: One successful source step
Supplies reduced to  47.2238% Note: One successful source step
Supplies reduced to  55.8735% Note: One successful source step
Supplies reduced to  68.8482% Supplies reduced to  55.8735% Note: One successful source step
Supplies reduced to  56.8735% Note: One successful source step
Supplies reduced to  58.3735% Note: One successful source step
Supplies reduced to  60.6235% Note: One successful source step
Supplies reduced to  63.9985% Note: One successful source step
Supplies reduced to  69.0610% Supplies reduced to  63.9985% Note: One successful source step
Supplies reduced to  64.7579% Note: One successful source step
Supplies reduced to  65.8970% Note: One successful source step
Supplies reduced to  67.6056% Supplies reduced to  65.8970% Note: One successful source step
Supplies reduced to  66.1533% Note: One successful source step
Supplies reduced to  66.5377% Note: One successful source step
Supplies reduced to  67.1143% Supplies reduced to  66.5377% Note: One successful source step
Supplies reduced to  66.6242% Note: One successful source step
Supplies reduced to  66.7539% Note: One successful source step
Supplies reduced to  66.9486% Supplies reduced to  66.7539% Note: One successful source step
Supplies reduced to  66.7831% Note: One successful source step
Supplies reduced to  66.8269% Note: One successful source step
Supplies reduced to  66.8926% Supplies reduced to  66.8269% Note: One successful source step
Supplies reduced to  66.8368% Note: One successful source step
Supplies reduced to  66.8516% Supplies reduced to  66.8368% Note: One successful source step
Supplies reduced to  66.8390% Note: One successful source step
Supplies reduced to  66.8423% Note: One successful source step
Supplies reduced to  66.8473% Supplies reduced to  66.8423% Note: One successful source step
Supplies reduced to  66.8431% Supplies reduced to  66.8423% Note: One successful source step
Supplies reduced to  66.8424% Note: One successful source step
Supplies reduced to  66.8426% Note: One successful source step
Supplies reduced to  66.8428% Supplies reduced to  66.8426% Note: One successful source step
Supplies reduced to  66.8426% Note: One successful source step
Supplies reduced to  66.8427% Note: One successful source step
Supplies reduced to  66.8428% Note: One successful source step
Supplies reduced to  66.8429% Supplies reduced to  66.8428% Note: One successful source step
Supplies reduced to  66.8428% Warning: source stepping failed
doAnalyses: Too many iterations without convergence

dc simulation(s) aborted
Error(parse.c--checkvalid): vldo_sup_3: zero length vector.
Error: RHS "vldo_sup_3-vldo_sup_2" invalid
Error(parse.c--checkvalid): line_reg: zero length vector.
Error(parse.c--checkvalid): vin: zero length vector.
Error: RHS "vin-1.764" invalid
Error(parse.c--checkvalid): dropout: zero length vector.
Error: no such vector dropout
Note: Starting true gmin stepping
Trying gmin =   1.0000E-03 Note: One successful gmin step
Trying gmin =   1.0000E-04 Note: One successful gmin step
Trying gmin =   1.0000E-05 Note: One successful gmin step
Trying gmin =   1.0000E-06 Note: One successful gmin step
Trying gmin =   1.0000E-07 Warning: Further gmin increment
Trying gmin =   5.6234E-07 Note: One successful gmin step
Trying gmin =   2.3714E-07 Note: One successful gmin step
Trying gmin =   6.4938E-08 Warning: Further gmin increment
Trying gmin =   1.7154E-07 Note: One successful gmin step
Trying gmin =   1.0554E-07 Warning: Further gmin increment
Trying gmin =   1.5193E-07 Warning: Further gmin increment
Trying gmin =   1.6641E-07 Note: One successful gmin step
Trying gmin =   1.5901E-07 Warning: Further gmin increment
Trying gmin =   1.6453E-07 Warning: Further gmin increment
Trying gmin =   1.6594E-07 Note: One successful gmin step
Trying gmin =   1.6523E-07 Note: One successful gmin step
Trying gmin =   1.6418E-07 Warning: Further gmin increment
Trying gmin =   1.6497E-07 Note: One successful gmin step
Trying gmin =   1.6457E-07 Warning: Further gmin increment
Trying gmin =   1.6487E-07 Note: One successful gmin step
Trying gmin =   1.6472E-07 Warning: Further gmin increment
Trying gmin =   1.6483E-07 Note: One successful gmin step
Trying gmin =   1.6478E-07 Note: One successful gmin step
Trying gmin =   1.6470E-07 Warning: Further gmin increment
Trying gmin =   1.6476E-07 Warning: Further gmin increment
Trying gmin =   1.6477E-07 Warning: Last gmin step failed
Warning: True gmin stepping failed
Note: Starting dynamic gmin stepping
Trying gmin =   1.0000E-03 Note: One successful gmin step
Trying gmin =   1.0000E-04 Note: One successful gmin step
Trying gmin =   1.0000E-05 Note: One successful gmin step
Trying gmin =   1.0000E-06 Warning: Further gmin increment
Trying gmin =   5.6234E-06 Note: One successful gmin step
Trying gmin =   2.3714E-06 Warning: Further gmin increment
Trying gmin =   4.5316E-06 Note: One successful gmin step
Trying gmin =   4.0679E-06 Note: One successful gmin step
Trying gmin =   3.4599E-06 Note: One successful gmin step
Trying gmin =   2.7139E-06 Note: One successful gmin step
Trying gmin =   1.8853E-06 Warning: Further gmin increment
Trying gmin =   2.4777E-06 Warning: Further gmin increment
Trying gmin =   2.6528E-06 Warning: Further gmin increment
Trying gmin =   2.6985E-06 Note: One successful gmin step
Trying gmin =   2.6756E-06 Warning: Further gmin increment
Trying gmin =   2.6927E-06 Note: One successful gmin step
Trying gmin =   2.6841E-06 Note: One successful gmin step
Trying gmin =   2.6713E-06 Warning: Further gmin increment
Trying gmin =   2.6809E-06 Warning: Further gmin increment
Trying gmin =   2.6833E-06 Note: One successful gmin step
Trying gmin =   2.6821E-06 Note: One successful gmin step
Trying gmin =   2.6803E-06 Warning: Further gmin increment
Trying gmin =   2.6817E-06 Note: One successful gmin step
Trying gmin =   2.6810E-06 Warning: Further gmin increment
Trying gmin =   2.6815E-06 Note: One successful gmin step
Trying gmin =   2.6812E-06 Warning: Further gmin increment
Trying gmin =   2.6814E-06 Note: One successful gmin step
Trying gmin =   2.6813E-06 Warning: Last gmin step failed
Warning: Dynamic gmin stepping failed
Note: Starting source stepping
Supplies reduced to   0.0000% Note: One successful source step
Supplies reduced to   0.1000% Note: One successful source step
Supplies reduced to   0.2000% Note: One successful source step
Supplies reduced to   0.3500% Note: One successful source step
Supplies reduced to   0.5750% Note: One successful source step
Supplies reduced to   0.9125% Note: One successful source step
Supplies reduced to   1.4188% Note: One successful source step
Supplies reduced to   2.1781% Note: One successful source step
Supplies reduced to   3.3172% Note: One successful source step
Supplies reduced to   5.0258% Note: One successful source step
Supplies reduced to   7.5887% Note: One successful source step
Supplies reduced to  11.4330% Note: One successful source step
Supplies reduced to  17.1995% Note: One successful source step
Supplies reduced to  25.8493% Note: One successful source step
Supplies reduced to  38.8239% Supplies reduced to  25.8493% Note: One successful source step
Supplies reduced to  26.8493% Note: One successful source step
Supplies reduced to  28.3493% Note: One successful source step
Supplies reduced to  30.5993% Note: One successful source step
Supplies reduced to  33.9743% Note: One successful source step
Supplies reduced to  37.3493% Note: One successful source step
Supplies reduced to  40.7243% Note: One successful source step
Supplies reduced to  45.7868% Note: One successful source step
Supplies reduced to  53.3805% Note: One successful source step
Supplies reduced to  60.9743% Note: One successful source step
Supplies reduced to  72.3649% Supplies reduced to  60.9743% Note: One successful source step
Supplies reduced to  61.9743% Note: One successful source step
Supplies reduced to  63.4743% Note: One successful source step
Supplies reduced to  65.7243% Note: One successful source step
Supplies reduced to  69.0993% Supplies reduced to  65.7243% Note: One successful source step
Supplies reduced to  66.2305% Note: One successful source step
Supplies reduced to  66.9899% Supplies reduced to  66.2305% Note: One successful source step
Supplies reduced to  66.3444% Note: One successful source step
Supplies reduced to  66.5153% Note: One successful source step
Supplies reduced to  66.7716% Note: One successful source step
Supplies reduced to  67.1560% Supplies reduced to  66.7716% Note: One successful source step
Supplies reduced to  66.8292% Note: One successful source step
Supplies reduced to  66.9157% Supplies reduced to  66.8292% Note: One successful source step
Supplies reduced to  66.8422% Note: One successful source step
Supplies reduced to  66.8617% Supplies reduced to  66.8422% Note: One successful source step
Supplies reduced to  66.8451% Supplies reduced to  66.8422% Note: One successful source step
Supplies reduced to  66.8426% Note: One successful source step
Supplies reduced to  66.8433% Supplies reduced to  66.8426% Note: One successful source step
Supplies reduced to  66.8427% Note: One successful source step
Supplies reduced to  66.8429% Supplies reduced to  66.8427% Note: One successful source step
Supplies reduced to  66.8428% Note: One successful source step
Supplies reduced to  66.8428% Warning: source stepping failed
doAnalyses: Too many iterations without convergence

ac simulation(s) aborted
Error: no such vector PSRR100
Note: No ".plot", ".print", or ".fourier" lines; no simulations run

No compatibility mode selected!


Circuit: * ldo netlist 

Doing analysis at TEMP = 0.000000 and TNOM = 27.000000


No. of Data Rows : 81
temp_coeff = 2.654213e+01
Doing analysis at TEMP = 0.000000 and TNOM = 27.000000


Error: measure  vldo_sup_2  (AT) : out of interval
 meas dc vldo_sup_2 find ldo_out at=2 failed!


Error: measure  vldo_sup_3  (AT) : out of interval
 meas dc vldo_sup_3 find ldo_out at=3 failed!


Error: measure  vin  (WHEN) : out of interval
 meas dc vin when v(ldo_out)=1.764 failed!

Doing analysis at TEMP = 0.000000 and TNOM = 27.000000


AC operating point failed -

Last Node Voltages
------------------

Node                                   Last Voltage        Previous Iter
----                                   ------------        -------------
inn                                        0.834886             0.828643 *
mir                                        0.768198             0.769198 *
vdd                                         2.00528              2.00528
inp                                        0.834032             0.827751 *
bg_out                                     0.601683             0.597004 *
net3                                       0.626116              0.62144 *
net1                                       0.625119             0.620475 *
net2                                        1.36995              1.55935 *
net5                                       0.886582             0.892494 *
net4                                      0.0209708            0.0192845 *
net6                                       0.915013             0.914481
xc1.a                                             0                    0
xc1.b1                                            0                    0
xr7.xsky130_fd_pr__res_xhigh_po_0p35.ra           0.00418089           0.00414683 *
xr6.xsky130_fd_pr__res_xhigh_po_0p35.ra           0.00415385           0.00412128 *
net7                                       0.625269             0.620599 *
xr4.xsky130_fd_pr__res_xhigh_po_0p35.ra           0.00415977           0.00412714 *
xr2.xsky130_fd_pr__res_xhigh_po_0p35.ra             0.625125              0.62048 *
xr1.xsky130_fd_pr__res_xhigh_po_0p35.ra             0.629321              0.62462 *
xr3.xsky130_fd_pr__res_xhigh_po_0p35.ra             0.630169             0.625462 *
net9                                        1.12191              1.12565 *
net10                                   0.000589808          0.000543787 *
net8                                        0.87642             0.876982
pos                                        0.604934             0.600302 *
vb                                         0.935349             0.934794
out                                        0.938159             0.938863
ldo_out                                    0.977213              0.96973 *
net11                                      0.938159             0.938863
xr10.xsky130_fd_pr__res_xhigh_po_0p35.ra             0.611568             0.606884 *
xr11.xsky130_fd_pr__res_xhigh_po_0p35.ra           0.00674538           0.00669127 *
vs#branch                               -0.00548613          -0.00544384 *


Error: measure  psrr100  (AT) : out of interval
 meas ac psrr100 find vdb(ldo_out) at=100 failed!


Error: measure  psrr100k  (AT) : out of interval
 meas ac psrr100k find vdb(ldo_out) at=100k failed!

