Note: Starting true gmin stepping
Trying gmin =   1.0000E-03 Note: One successful gmin step
Trying gmin =   1.0000E-04 Note: One successful gmin step
Trying gmin =   1.0000E-05 Note: One successful gmin step
Trying gmin =   1.0000E-06 Warning: Further gmin increment
Trying gmin =   5.6234E-06 Note: One successful gmin step
Trying gmin =   2.3714E-06 Warning: Further gmin increment
Trying gmin =   4.5316E-06 Note: One successful gmin step
Trying gmin =   3.2781E-06 Note: One successful gmin step
Trying gmin =   2.0169E-06 Warning: Further gmin increment
Trying gmin =   2.9033E-06 Note: One successful gmin step
Trying gmin =   2.4199E-06 Note: One successful gmin step
Trying gmin =   1.8414E-06 Note: One successful gmin step
Trying gmin =   1.2222E-06 Note: One successful gmin step
Trying gmin =   6.6098E-07 Note: One successful gmin step
Trying gmin =   2.6287E-07 Note: One successful gmin step
Trying gmin =   6.5927E-08 Warning: Further gmin increment
Trying gmin =   1.8602E-07 Note: One successful gmin step
Trying gmin =   1.1074E-07 Warning: Further gmin increment
Trying gmin =   1.6340E-07 Note: One successful gmin step
Trying gmin =   1.3452E-07 Note: One successful gmin step
Trying gmin =   1.0048E-07 Note: One successful gmin step
Trying gmin =   6.4867E-08 Note: One successful gmin step
Trying gmin =   3.3646E-08 Warning: Further gmin increment
Trying gmin =   5.5049E-08 Warning: Further gmin increment
Trying gmin =   6.2259E-08 Note: One successful gmin step
Trying gmin =   5.8543E-08 Note: One successful gmin step
Trying gmin =   5.3381E-08 Warning: Further gmin increment
Trying gmin =   5.7208E-08 Note: One successful gmin step
Trying gmin =   5.5261E-08 Note: One successful gmin step
Trying gmin =   5.4313E-08 Note: One successful gmin step
Trying gmin =   5.2921E-08 Note: One successful gmin step
Trying gmin =   5.0900E-08 Note: One successful gmin step
Trying gmin =   4.8012E-08 Note: One successful gmin step
Trying gmin =   4.3984E-08 Note: One successful gmin step
Trying gmin =   3.8566E-08 Note: One successful gmin step
Trying gmin =   3.1666E-08 Note: One successful gmin step
Trying gmin =   2.3559E-08 Note: One successful gmin step
Trying gmin =   1.5118E-08 Note: One successful gmin step
Trying gmin =   7.7719E-09 Note: One successful gmin step
Trying gmin =   2.8646E-09 Note: One successful gmin step
Trying gmin =   6.4101E-10 Note: One successful gmin step
Trying gmin =   6.7852E-11 Note: One successful gmin step
Trying gmin =   6.7852E-12 Note: One successful gmin step
Trying gmin =   1.0000E-12 Note: One successful gmin step
Note: True gmin stepping completed
 Reference value :  8.00000e+01Note: Starting true gmin stepping
Trying gmin =   1.0000E-03 Note: One successful gmin step
Trying gmin =   1.0000E-04 Note: One successful gmin step
Trying gmin =   1.0000E-05 Note: One successful gmin step
Trying gmin =   1.0000E-06 Note: One successful gmin step
Trying gmin =   1.0000E-07 Warning: Further gmin increment
Trying gmin =   5.6234E-07 Note: One successful gmin step
Trying gmin =   2.3714E-07 Warning: Further gmin increment
Trying gmin =   4.5316E-07 Note: One successful gmin step
Trying gmin =   3.2781E-07 Warning: Further gmin increment
Trying gmin =   4.1792E-07 Warning: Further gmin increment
Trying gmin =   4.4408E-07 Warning: Further gmin increment
Trying gmin =   4.5087E-07 Note: One successful gmin step
Trying gmin =   4.4746E-07 Warning: Further gmin increment
Trying gmin =   4.5002E-07 Warning: Further gmin increment
Trying gmin =   4.5066E-07 Note: One successful gmin step
Trying gmin =   4.5034E-07 Note: One successful gmin step
Trying gmin =   4.4986E-07 Note: One successful gmin step
Trying gmin =   4.4938E-07 Note: One successful gmin step
Trying gmin =   4.4866E-07 Note: One successful gmin step
Trying gmin =   4.4758E-07 Note: One successful gmin step
Trying gmin =   4.4597E-07 Note: One successful gmin step
Trying gmin =   4.4357E-07 Note: One successful gmin step
Trying gmin =   4.3999E-07 Note: One successful gmin step
Trying gmin =   4.3467E-07 Note: One successful gmin step
Trying gmin =   4.2682E-07 Note: One successful gmin step
Trying gmin =   4.1530E-07 Note: One successful gmin step
Trying gmin =   3.9861E-07 Note: One successful gmin step
Trying gmin =   3.7482E-07 Note: One successful gmin step
Trying gmin =   3.4177E-07 Note: One successful gmin step
Trying gmin =   2.9757E-07 Note: One successful gmin step
Trying gmin =   2.4176E-07 Note: One successful gmin step
Trying gmin =   1.7705E-07 Warning: Further gmin increment
Trying gmin =   2.2365E-07 Note: One successful gmin step
Trying gmin =   1.9899E-07 Warning: Further gmin increment
Trying gmin =   2.1721E-07 Note: One successful gmin step
Trying gmin =   2.0790E-07 Note: One successful gmin step
Trying gmin =   1.9468E-07 Warning: Further gmin increment
Trying gmin =   2.0451E-07 Warning: Further gmin increment
Trying gmin =   2.0705E-07 Warning: Further gmin increment
Trying gmin =   2.0769E-07 Note: One successful gmin step
Trying gmin =   2.0737E-07 Note: One successful gmin step
Trying gmin =   2.0689E-07 Warning: Further gmin increment
Trying gmin =   2.0725E-07 Note: One successful gmin step
Trying gmin =   2.0707E-07 Warning: Further gmin increment
Trying gmin =   2.0720E-07 Note: One successful gmin step
Trying gmin =   2.0713E-07 Note: One successful gmin step
Trying gmin =   2.0703E-07 Warning: Further gmin increment
Trying gmin =   2.0711E-07 Warning: Further gmin increment
Trying gmin =   2.0713E-07 Note: One successful gmin step
Trying gmin =   2.0712E-07 Note: One successful gmin step
Trying gmin =   2.0710E-07 Warning: Further gmin increment
Trying gmin =   2.0711E-07 Note: One successful gmin step
Trying gmin =   2.0711E-07 Warning: Last gmin step failed
Note: True gmin stepping completed
 Reference value :  3.00000e+00Note: Starting true gmin stepping
Trying gmin =   1.0000E-03 Note: One successful gmin step
Trying gmin =   1.0000E-04 Note: One successful gmin step
Trying gmin =   1.0000E-05 Note: One successful gmin step
Trying gmin =   1.0000E-06 Note: One successful gmin step
Trying gmin =   1.0000E-07 Note: One successful gmin step
Trying gmin =   1.0000E-08 Note: One successful gmin step
Trying gmin =   3.1623E-09 Note: One successful gmin step
Trying gmin =   5.6234E-10 Note: One successful gmin step
Trying gmin =   5.6234E-11 Note: One successful gmin step
Trying gmin =   5.6234E-12 Note: One successful gmin step
Trying gmin =   1.0000E-12 Note: One successful gmin step
Note: True gmin stepping completed
Note: Starting true gmin stepping
Trying gmin =   1.0000E-03 Note: One successful gmin step
Trying gmin =   1.0000E-04 Note: One successful gmin step
Trying gmin =   1.0000E-05 Note: One successful gmin step
Trying gmin =   1.0000E-06 Note: One successful gmin step
Trying gmin =   1.0000E-07 Note: One successful gmin step
Trying gmin =   1.0000E-08 Note: One successful gmin step
Trying gmin =   3.1623E-09 Note: One successful gmin step
Trying gmin =   5.6234E-10 Note: One successful gmin step
Trying gmin =   5.6234E-11 Warning: Further gmin increment
Trying gmin =   3.1623E-10 Note: One successful gmin step
Trying gmin =   1.3335E-10 Note: One successful gmin step
Trying gmin =   3.6517E-11 Warning: Further gmin increment
Trying gmin =   9.6466E-11 Note: One successful gmin step
Trying gmin =   5.9352E-11 Note: One successful gmin step
Trying gmin =   2.8644E-11 Note: One successful gmin step
Trying gmin =   9.6033E-12 Warning: Further gmin increment
Trying gmin =   2.1796E-11 Note: One successful gmin step
Trying gmin =   1.4468E-11 Warning: Further gmin increment
Trying gmin =   1.9674E-11 Warning: Further gmin increment
Trying gmin =   2.1245E-11 Warning: Further gmin increment
Trying gmin =   2.1657E-11 Note: One successful gmin step
Trying gmin =   2.1450E-11 Warning: Further gmin increment
Trying gmin =   2.1605E-11 Note: One successful gmin step
Trying gmin =   2.1527E-11 Note: One successful gmin step
Trying gmin =   2.1411E-11 Note: One successful gmin step
Trying gmin =   2.1239E-11 Warning: Further gmin increment
Trying gmin =   2.1368E-11 Note: One successful gmin step
Trying gmin =   2.1303E-11 Warning: Further gmin increment
Trying gmin =   2.1352E-11 Note: One successful gmin step
Trying gmin =   2.1336E-11 Note: One successful gmin step
Trying gmin =   2.1319E-11 Note: One successful gmin step
Trying gmin =   2.1295E-11 Note: One successful gmin step
Trying gmin =   2.1283E-11 Note: One successful gmin step
Trying gmin =   2.1265E-11 Note: One successful gmin step
Trying gmin =   2.1238E-11 Note: One successful gmin step
Trying gmin =   2.1197E-11 Note: One successful gmin step
Trying gmin =   2.1136E-11 Note: One successful gmin step
Trying gmin =   2.1044E-11 Note: One successful gmin step
Trying gmin =   2.0908E-11 Note: One successful gmin step
Trying gmin =   2.0706E-11 Note: One successful gmin step
Trying gmin =   2.0406E-11 Note: One successful gmin step
Trying gmin =   1.9963E-11 Note: One successful gmin step
Trying gmin =   1.9318E-11 Note: One successful gmin step
Trying gmin =   1.8389E-11 Note: One successful gmin step
Trying gmin =   1.7078E-11 Note: One successful gmin step
Trying gmin =   1.5286E-11 Note: One successful gmin step
Trying gmin =   1.2943E-11 Note: One successful gmin step
Trying gmin =   1.0085E-11 Note: One successful gmin step
Trying gmin =   6.9363E-12 Note: One successful gmin step
Trying gmin =   3.9564E-12 Note: One successful gmin step
Trying gmin =   1.7044E-12 Note: One successful gmin step
Trying gmin =   1.0000E-12 Note: One successful gmin step
Note: True gmin stepping completed
 Reference value :  1.22000e+00Note: Starting true gmin stepping
Trying gmin =   1.0000E-03 Note: One successful gmin step
Trying gmin =   1.0000E-04 Note: One successful gmin step
Trying gmin =   1.0000E-05 Note: One successful gmin step
Trying gmin =   1.0000E-06 Note: One successful gmin step
Trying gmin =   1.0000E-07 Note: One successful gmin step
Trying gmin =   1.0000E-08 Note: One successful gmin step
Trying gmin =   3.1623E-09 Note: One successful gmin step
Trying gmin =   5.6234E-10 Note: One successful gmin step
Trying gmin =   5.6234E-11 Warning: Further gmin increment
Trying gmin =   3.1623E-10 Note: One successful gmin step
Trying gmin =   1.3335E-10 Note: One successful gmin step
Trying gmin =   3.6517E-11 Warning: Further gmin increment
Trying gmin =   9.6466E-11 Note: One successful gmin step
Trying gmin =   5.9352E-11 Note: One successful gmin step
Trying gmin =   2.8644E-11 Note: One successful gmin step
Trying gmin =   9.6033E-12 Note: One successful gmin step
Trying gmin =   1.8643E-12 Note: One successful gmin step
Trying gmin =   1.0000E-12 Note: One successful gmin step
Note: True gmin stepping completed
 Reference value :  7.00000e-01
No compatibility mode selected!


Circuit: * ldo netlist 

Doing analysis at TEMP = 27.000000 and TNOM = 27.000000


No. of Data Rows : 81
temp_coeff = 4.081839e+01
Doing analysis at TEMP = 27.000000 and TNOM = 27.000000


No. of Data Rows : 151
vldo_sup_2          =  1.798234e+00
vldo_sup_3          =  1.797897e+00
line_reg = -3.37000e-04
Note: Starting true gmin stepping
Trying gmin =   1.0000E-03 Note: One successful gmin step
Trying gmin =   1.0000E-04 Note: One successful gmin step
Trying gmin =   1.0000E-05 Note: One successful gmin step
Trying gmin =   1.0000E-06 Note: One successful gmin step
Trying gmin =   1.0000E-07 Warning: Further gmin increment
Trying gmin =   5.6234E-07 Note: One successful gmin step
Trying gmin =   2.3714E-07 Note: One successful gmin step
Trying gmin =   6.4938E-08 Note: One successful gmin step
Trying gmin =   3.3982E-08 Warning: Further gmin increment
Trying gmin =   5.5232E-08 Note: One successful gmin step
Trying gmin =   4.3323E-08 Note: One successful gmin step
Trying gmin =   3.0096E-08 Note: One successful gmin step
Trying gmin =   2.0908E-08 Note: One successful gmin step
Trying gmin =   1.2106E-08 Note: One successful gmin step
Trying gmin =   5.3340E-09 Note: One successful gmin step
Trying gmin =   1.5600E-09 Note: One successful gmin step
Trying gmin =   2.4672E-10 Note: One successful gmin step
Trying gmin =   2.4672E-11 Note: One successful gmin step
Trying gmin =   2.4672E-12 Note: One successful gmin step
Trying gmin =   1.0000E-12 Note: One successful gmin step
Note: True gmin stepping completed
Note: No ".plot", ".print", or ".fourier" lines; no simulations run
vin                 =  1.778021e+00
dropout = 1.402100e-02
Doing analysis at TEMP = 27.000000 and TNOM = 27.000000


No. of Data Rows : 91
psrr100             =  -7.062814e+01
psrr100k            =  -2.991231e+01
