 Reference value :  8.50000e+01Note: Starting true gmin stepping
Trying gmin =   1.0000E-03 Note: One successful gmin step
Trying gmin =   1.0000E-04 Note: One successful gmin step
Trying gmin =   1.0000E-05 Note: One successful gmin step
Trying gmin =   1.0000E-06 Note: One successful gmin step
Trying gmin =   1.0000E-07 Note: One successful gmin step
Trying gmin =   1.0000E-08 Warning: Further gmin increment
Trying gmin =   5.6234E-08 Warning: Further gmin increment
Trying gmin =   8.6596E-08 Note: One successful gmin step
Trying gmin =   6.9783E-08 Note: One successful gmin step
Trying gmin =   5.0481E-08 Warning: Further gmin increment
Trying gmin =   6.4357E-08 Note: One successful gmin step
Trying gmin =   5.6998E-08 Warning: Further gmin increment
Trying gmin =   6.2432E-08 Warning: Further gmin increment
Trying gmin =   6.3870E-08 Note: One successful gmin step
Trying gmin =   6.3147E-08 Warning: Further gmin increment
Trying gmin =   6.3689E-08 Warning: Further gmin increment
Trying gmin =   6.3825E-08 Note: One successful gmin step
Trying gmin =   6.3757E-08 Warning: Further gmin increment
Trying gmin =   6.3808E-08 Note: One successful gmin step
Trying gmin =   6.3782E-08 Warning: Further gmin increment
Trying gmin =   6.3801E-08 Note: One successful gmin step
Trying gmin =   6.3792E-08 Note: One successful gmin step
Trying gmin =   6.3777E-08 Warning: Further gmin increment
Trying gmin =   6.3788E-08 Warning: Further gmin increment
Trying gmin =   6.3791E-08 Warning: Last gmin step failed
Warning: True gmin stepping failed
Note: Starting dynamic gmin stepping
Trying gmin =   1.0000E-03 Note: One successful gmin step
Trying gmin =   1.0000E-04 Note: One successful gmin step
Trying gmin =   1.0000E-05 Note: One successful gmin step
Trying gmin =   1.0000E-06 Warning: Further gmin increment
Trying gmin =   5.6234E-06 Note: One successful gmin step
Trying gmin =   3.1623E-06 Note: One successful gmin step
Trying gmin =   1.3335E-06 Note: One successful gmin step
Trying gmin =   3.6517E-07 Warning: Further gmin increment
Trying gmin =   9.6466E-07 Warning: Further gmin increment
Trying gmin =   1.2298E-06 Note: One successful gmin step
Trying gmin =   1.0892E-06 Note: One successful gmin step
Trying gmin =   9.0784E-07 Note: One successful gmin step
Trying gmin =   6.9080E-07 Note: One successful gmin step
Trying gmin =   4.5854E-07 Note: One successful gmin step
Trying gmin =   2.4798E-07 Note: One successful gmin step
Trying gmin =   9.8618E-08 Note: One successful gmin step
Trying gmin =   2.4733E-08 Note: One successful gmin step
Trying gmin =   3.1064E-09 Note: One successful gmin step
Trying gmin =   3.1064E-10 Note: One successful gmin step
Trying gmin =   3.1064E-11 Note: One successful gmin step
Trying gmin =   3.1064E-12 Note: One successful gmin step
Trying gmin =   1.0000E-12 Note: One successful gmin step
Note: Dynamic gmin stepping completed
 Reference value :  2.80000e+00Note: Starting true gmin stepping
Trying gmin =   1.0000E-03 Note: One successful gmin step
Trying gmin =   1.0000E-04 Note: One successful gmin step
Trying gmin =   1.0000E-05 Note: One successful gmin step
Trying gmin =   1.0000E-06 Note: One successful gmin step
Trying gmin =   1.0000E-07 Note: One successful gmin step
Trying gmin =   1.0000E-08 Note: One successful gmin step
Trying gmin =   1.0000E-09 Warning: Further gmin increment
Trying gmin =   5.6234E-09 Note: One successful gmin step
Trying gmin =   2.3714E-09 Note: One successful gmin step
Trying gmin =   1.0000E-09 Warning: Further gmin increment
Trying gmin =   1.9110E-09 Note: One successful gmin step
Trying gmin =   1.3824E-09 Note: One successful gmin step
Trying gmin =   8.5053E-10 Note: One successful gmin step
Trying gmin =   4.1047E-10 Note: One successful gmin step
Trying gmin =   1.3762E-10 Note: One successful gmin step
Trying gmin =   2.6715E-11 Note: One successful gmin step
Trying gmin =   2.6715E-12 Note: One successful gmin step
Trying gmin =   1.0000E-12 Note: One successful gmin step
Note: True gmin stepping completed
Note: Starting true gmin stepping
Trying gmin =   1.0000E-03 Note: One successful gmin step
Trying gmin =   1.0000E-04 Note: One successful gmin step
Trying gmin =   1.0000E-05 Note: One successful gmin step
Trying gmin =   1.0000E-06 Note: One successful gmin step
Trying gmin =   1.0000E-07 Note: One successful gmin step
Trying gmin =   1.0000E-08 Note: One successful gmin step
Trying gmin =   3.1623E-09 Note: One successful gmin step
Trying gmin =   5.6234E-10 Warning: Further gmin increment
Trying gmin =   2.0535E-09 Note: One successful gmin step
Trying gmin =   1.3335E-09 Note: One successful gmin step
Trying gmin =   6.9783E-10 Note: One successful gmin step
Trying gmin =   3.6517E-10 Note: One successful gmin step
Trying gmin =   1.3824E-10 Note: One successful gmin step
Trying gmin =   3.2197E-11 Note: One successful gmin step
Trying gmin =   3.6190E-12 Note: One successful gmin step
Trying gmin =   1.0000E-12 Note: One successful gmin step
Note: True gmin stepping completed
 Reference value :  1.24000e+00
No compatibility mode selected!


Circuit: * ldo netlist 

Doing analysis at TEMP = 0.000000 and TNOM = 27.000000


No. of Data Rows : 86
temp_coeff = 4.906333e+01
Doing analysis at TEMP = 0.000000 and TNOM = 27.000000


No. of Data Rows : 141
vldo_sup_2          =  1.796247e+00
vldo_sup_2_8        =  1.795342e+00
line_reg = 1.131250e-03
Note: Starting true gmin stepping
Trying gmin =   1.0000E-03 Note: One successful gmin step
Trying gmin =   1.0000E-04 Note: One successful gmin step
Trying gmin =   1.0000E-05 Note: One successful gmin step
Trying gmin =   1.0000E-06 Note: One successful gmin step
Trying gmin =   1.0000E-07 Warning: Further gmin increment
Trying gmin =   5.6234E-07 Note: One successful gmin step
Trying gmin =   2.3714E-07 Note: One successful gmin step
Trying gmin =   6.4938E-08 Warning: Further gmin increment
Trying gmin =   1.7154E-07 Note: One successful gmin step
Trying gmin =   1.0554E-07 Warning: Further gmin increment
Trying gmin =   1.5193E-07 Note: One successful gmin step
Trying gmin =   1.2663E-07 Note: One successful gmin step
Trying gmin =   9.6358E-08 Warning: Further gmin increment
Trying gmin =   1.1827E-07 Warning: Further gmin increment
Trying gmin =   1.2449E-07 Note: One successful gmin step
Trying gmin =   1.2134E-07 Note: One successful gmin step
Trying gmin =   1.1677E-07 Warning: Further gmin increment
Trying gmin =   1.2018E-07 Note: One successful gmin step
Trying gmin =   1.1846E-07 Warning: Further gmin increment
Trying gmin =   1.1975E-07 Note: One successful gmin step
Trying gmin =   1.1910E-07 Note: One successful gmin step
Trying gmin =   1.1814E-07 Warning: Further gmin increment
Trying gmin =   1.1886E-07 Warning: Further gmin increment
Trying gmin =   1.1904E-07 Note: One successful gmin step
Trying gmin =   1.1895E-07 Note: One successful gmin step
Trying gmin =   1.1882E-07 Warning: Further gmin increment
Trying gmin =   1.1892E-07 Note: One successful gmin step
Trying gmin =   1.1887E-07 Warning: Further gmin increment
Trying gmin =   1.1890E-07 Note: One successful gmin step
Trying gmin =   1.1889E-07 Note: One successful gmin step
Trying gmin =   1.1886E-07 Warning: Further gmin increment
Trying gmin =   1.1888E-07 Warning: Further gmin increment
Trying gmin =   1.1888E-07 Note: One successful gmin step
Trying gmin =   1.1888E-07 Warning: Last gmin step failed
Warning: True gmin stepping failed
Note: Starting dynamic gmin stepping
Trying gmin =   1.0000E-03 Note: One successful gmin step
Trying gmin =   1.0000E-04 Note: One successful gmin step
Trying gmin =   1.0000E-05 Note: One successful gmin step
Trying gmin =   1.0000E-06 Note: One successful gmin step
Trying gmin =   3.1623E-07 Warning: Further gmin increment
Trying gmin =   7.4989E-07 Note: One successful gmin step
Trying gmin =   4.8697E-07 Warning: Further gmin increment
Trying gmin =   6.7317E-07 Note: One successful gmin step
Trying gmin =   5.7255E-07 Note: One successful gmin step
Trying gmin =   4.4910E-07 Warning: Further gmin increment
Trying gmin =   5.3882E-07 Warning: Further gmin increment
Trying gmin =   5.6392E-07 Warning: Further gmin increment
Trying gmin =   5.7038E-07 Note: One successful gmin step
Trying gmin =   5.6714E-07 Warning: Further gmin increment
Trying gmin =   5.6957E-07 Warning: Further gmin increment
Trying gmin =   5.7018E-07 Note: One successful gmin step
Trying gmin =   5.6987E-07 Note: One successful gmin step
Trying gmin =   5.6942E-07 Warning: Further gmin increment
Trying gmin =   5.6976E-07 Note: One successful gmin step
Trying gmin =   5.6959E-07 Warning: Further gmin increment
Trying gmin =   5.6972E-07 Warning: Further gmin increment
Trying gmin =   5.6975E-07 Note: One successful gmin step
Trying gmin =   5.6973E-07 Warning: Last gmin step failed
Warning: Dynamic gmin stepping failed
Note: Starting source stepping
Supplies reduced to   0.0000% Note: One successful source step
Supplies reduced to   0.1000% Note: One successful source step
Supplies reduced to   0.2000% Note: One successful source step
Supplies reduced to   0.3500% Note: One successful source step
Supplies reduced to   0.5750% Note: One successful source step
Supplies reduced to   0.9125% Note: One successful source step
Supplies reduced to   1.4188% Note: One successful source step
Supplies reduced to   2.1781% Note: One successful source step
Supplies reduced to   3.3172% Note: One successful source step
Supplies reduced to   5.0258% Note: One successful source step
Supplies reduced to   7.5887% Note: One successful source step
Supplies reduced to  11.4330% Note: One successful source step
Supplies reduced to  17.1995% Note: One successful source step
Supplies reduced to  25.8493% Note: One successful source step
Supplies reduced to  38.8239% Note: One successful source step
Supplies reduced to  58.2859% Note: One successful source step
Supplies reduced to  68.0168% Supplies reduced to  58.2859% Note: One successful source step
Supplies reduced to  58.7724% Note: One successful source step
Supplies reduced to  59.5022% Note: One successful source step
Supplies reduced to  60.5970% Note: One successful source step
Supplies reduced to  62.2391% Note: One successful source step
Supplies reduced to  64.7022% Note: One successful source step
Supplies reduced to  68.3969% Note: One successful source step
Supplies reduced to  73.9390% Note: One successful source step
Supplies reduced to  82.2522% Note: One successful source step
Supplies reduced to  94.7219% Supplies reduced to  82.2522% Note: One successful source step
Supplies reduced to  83.2522% Note: One successful source step
Supplies reduced to  84.7522% Note: One successful source step
Supplies reduced to  87.0022% Note: One successful source step
Supplies reduced to  90.3772% Note: One successful source step
Supplies reduced to  95.4397% Note: One successful source step
Supplies reduced to 100.0000% Note: One successful source step
Note: Source stepping completed
 Reference value :  1.00000e+00vin                 =  1.898431e+00
dropout = 1.344310e-01
Doing analysis at TEMP = 0.000000 and TNOM = 27.000000


No. of Data Rows : 91
Error: no such vector PM
Note: Starting true gmin stepping
Trying gmin =   1.0000E-03 Note: One successful gmin step
Trying gmin =   1.0000E-04 Note: One successful gmin step
Trying gmin =   1.0000E-05 Note: One successful gmin step
Trying gmin =   1.0000E-06 Note: One successful gmin step
Trying gmin =   1.0000E-07 Warning: Further gmin increment
Trying gmin =   5.6234E-07 Note: One successful gmin step
Trying gmin =   2.3714E-07 Note: One successful gmin step
Trying gmin =   6.4938E-08 Warning: Further gmin increment
Trying gmin =   1.7154E-07 Note: One successful gmin step
Trying gmin =   1.0554E-07 Warning: Further gmin increment
Trying gmin =   1.5193E-07 Note: One successful gmin step
Trying gmin =   1.2663E-07 Note: One successful gmin step
Trying gmin =   9.6358E-08 Warning: Further gmin increment
Trying gmin =   1.1827E-07 Warning: Further gmin increment
Trying gmin =   1.2449E-07 Note: One successful gmin step
Trying gmin =   1.2134E-07 Note: One successful gmin step
Trying gmin =   1.1677E-07 Warning: Further gmin increment
Trying gmin =   1.2018E-07 Note: One successful gmin step
Trying gmin =   1.1846E-07 Warning: Further gmin increment
Trying gmin =   1.1975E-07 Note: One successful gmin step
Trying gmin =   1.1910E-07 Note: One successful gmin step
Trying gmin =   1.1814E-07 Warning: Further gmin increment
Trying gmin =   1.1886E-07 Warning: Further gmin increment
Trying gmin =   1.1904E-07 Note: One successful gmin step
Trying gmin =   1.1895E-07 Note: One successful gmin step
Trying gmin =   1.1882E-07 Warning: Further gmin increment
Trying gmin =   1.1892E-07 Note: One successful gmin step
Trying gmin =   1.1887E-07 Warning: Further gmin increment
Trying gmin =   1.1890E-07 Note: One successful gmin step
Trying gmin =   1.1889E-07 Note: One successful gmin step
Trying gmin =   1.1886E-07 Warning: Further gmin increment
Trying gmin =   1.1888E-07 Warning: Further gmin increment
Trying gmin =   1.1888E-07 Note: One successful gmin step
Trying gmin =   1.1888E-07 Warning: Last gmin step failed
Warning: True gmin stepping failed
Note: Starting dynamic gmin stepping
Trying gmin =   1.0000E-03 Note: One successful gmin step
Trying gmin =   1.0000E-04 Note: One successful gmin step
Trying gmin =   1.0000E-05 Note: One successful gmin step
Trying gmin =   1.0000E-06 Note: One successful gmin step
Trying gmin =   3.1623E-07 Warning: Further gmin increment
Trying gmin =   7.4989E-07 Note: One successful gmin step
Trying gmin =   4.8697E-07 Warning: Further gmin increment
Trying gmin =   6.7317E-07 Note: One successful gmin step
Trying gmin =   5.7255E-07 Note: One successful gmin step
Trying gmin =   4.4910E-07 Warning: Further gmin increment
Trying gmin =   5.3882E-07 Warning: Further gmin increment
Trying gmin =   5.6392E-07 Warning: Further gmin increment
Trying gmin =   5.7038E-07 Note: One successful gmin step
Trying gmin =   5.6714E-07 Warning: Further gmin increment
Trying gmin =   5.6957E-07 Warning: Further gmin increment
Trying gmin =   5.7018E-07 Note: One successful gmin step
Trying gmin =   5.6987E-07 Note: One successful gmin step
Trying gmin =   5.6942E-07 Warning: Further gmin increment
Trying gmin =   5.6976E-07 Note: One successful gmin step
Trying gmin =   5.6959E-07 Warning: Further gmin increment
Trying gmin =   5.6972E-07 Warning: Further gmin increment
Trying gmin =   5.6975E-07 Note: One successful gmin step
Trying gmin =   5.6973E-07 Warning: Last gmin step failed
Warning: Dynamic gmin stepping failed
Note: Starting source stepping
Supplies reduced to   0.0000% Note: One successful source step
Supplies reduced to   0.1000% Note: One successful source step
Supplies reduced to   0.2000% Note: One successful source step
Supplies reduced to   0.3500% Note: One successful source step
Supplies reduced to   0.5750% Note: One successful source step
Supplies reduced to   0.9125% Note: One successful source step
Supplies reduced to   1.4188% Note: One successful source step
Supplies reduced to   2.1781% Note: One successful source step
Supplies reduced to   3.3172% Note: One successful source step
Supplies reduced to   5.0258% Note: One successful source step
Supplies reduced to   7.5887% Note: One successful source step
Supplies reduced to  11.4330% Note: One successful source step
Supplies reduced to  17.1995% Note: One successful source step
Supplies reduced to  25.8493% Note: One successful source step
Supplies reduced to  38.8239% Note: One successful source step
Supplies reduced to  58.2859% Note: One successful source step
Supplies reduced to  68.0168% Supplies reduced to  58.2859% Note: One successful source step
Supplies reduced to  58.7724% Note: One successful source step
Supplies reduced to  59.5022% Note: One successful source step
Supplies reduced to  60.5970% Note: One successful source step
Supplies reduced to  62.2391% Note: One successful source step
Supplies reduced to  64.7022% Note: One successful source step
Supplies reduced to  68.3969% Note: One successful source step
Supplies reduced to  73.9390% Note: One successful source step
Supplies reduced to  82.2522% Note: One successful source step
Supplies reduced to  94.7219% Supplies reduced to  82.2522% Note: One successful source step
Supplies reduced to  83.2522% Note: One successful source step
Supplies reduced to  84.7522% Note: One successful source step
Supplies reduced to  87.0022% Note: One successful source step
Supplies reduced to  90.3772% Note: One successful source step
Supplies reduced to  95.4397% Note: One successful source step
Supplies reduced to 100.0000% Note: One successful source step
Note: Source stepping completed
 Reference value :  1.00000e+00Note: No ".plot", ".print", or ".fourier" lines; no simulations run

Error: measure  pm  (AT) : out of interval
 meas ac pm find p when vdb(ldo_out)=0 failed!

Doing analysis at TEMP = 0.000000 and TNOM = 27.000000


No. of Data Rows : 91
psrr100             =  -5.767177e+01
psrr100k            =  -2.717323e+01
